36.0 APEX_CODE,FINEST;APEX_PROFILING,INFO;CALLOUT,INFO;DB,INFO;SYSTEM,DEBUG;VALIDATION,INFO;VISUALFORCE,INFO;WORKFLOW,INFO
03:39:04.0 (526523)|EXECUTION_STARTED
03:39:04.0 (560061)|CODE_UNIT_STARTED|[EXTERNAL]|aura
03:39:04.0 (1074895)|HEAP_ALLOCATE|[72]|Bytes:3
03:39:04.0 (1117128)|HEAP_ALLOCATE|[77]|Bytes:152
03:39:04.0 (1140336)|HEAP_ALLOCATE|[342]|Bytes:408
03:39:04.0 (1159209)|HEAP_ALLOCATE|[355]|Bytes:408
03:39:04.0 (1175010)|HEAP_ALLOCATE|[467]|Bytes:48
03:39:04.0 (1202478)|HEAP_ALLOCATE|[139]|Bytes:6
03:39:04.0 (1235570)|HEAP_ALLOCATE|[EXTERNAL]|Bytes:6
03:39:04.0 (1263669)|HEAP_ALLOCATE|[EXTERNAL]|Bytes:6
03:39:04.0 (2649252)|CODE_UNIT_STARTED|[EXTERNAL]|01p280000085nGQ|PatientWrapperController.getPatientsById
03:39:04.0 (3348521)|HEAP_ALLOCATE|[EXTERNAL]|Bytes:7
03:39:04.0 (3355367)|HEAP_ALLOCATE|[EXTERNAL]|Bytes:14
03:39:04.0 (3373312)|METHOD_ENTRY|[1]|01p280000085nGQ|PatientWrapperController.PatientWrapperController()
03:39:04.0 (3377360)|STATEMENT_EXECUTE|[1]
03:39:04.0 (3381721)|STATEMENT_EXECUTE|[1]
03:39:04.0 (3390390)|METHOD_EXIT|[1]|PatientWrapperController
03:39:04.0 (3394807)|HEAP_ALLOCATE|[EXTERNAL]|Bytes:6
03:39:04.0 (3409009)|SYSTEM_MODE_ENTER|false
03:39:04.0 (3423115)|VARIABLE_SCOPE_BEGIN|[36]|patientId|String|false|false
03:39:04.0 (3458641)|VARIABLE_ASSIGNMENT|[36]|patientId|"4LR2VZ"
03:39:04.0 (3471351)|STATEMENT_EXECUTE|[36]
03:39:04.0 (3473136)|STATEMENT_EXECUTE|[38]
03:39:04.0 (3477202)|HEAP_ALLOCATE|[38]|Bytes:185
03:39:04.0 (3487934)|VARIABLE_SCOPE_BEGIN|[38]|query|String|false|false
03:39:04.0 (3497809)|VARIABLE_ASSIGNMENT|[38]|query|"SELECT Patient_Id__c (165 more) ..."
03:39:04.0 (3500029)|STATEMENT_EXECUTE|[39]
03:39:04.0 (3535917)|HEAP_ALLOCATE|[50]|Bytes:5
03:39:04.0 (3561754)|HEAP_ALLOCATE|[56]|Bytes:5
03:39:04.0 (3570937)|HEAP_ALLOCATE|[64]|Bytes:7
03:39:04.0 (4766193)|SOQL_EXECUTE_BEGIN|[39]|Aggregations:0|SELECT Patient_Id__c, Full_Name__c, Gender__c, Steps_Completed__c, Goal__c, Height__c, Heart_Rate__c, Weight__c FROM Patient__c where Patient_Id__c = :patientId ORDER BY createdDate ASC
03:39:04.0 (9706244)|SOQL_EXECUTE_END|[39]|Rows:1
03:39:04.0 (9727135)|HEAP_ALLOCATE|[39]|Bytes:8
03:39:04.0 (9744868)|HEAP_ALLOCATE|[39]|Bytes:352
03:39:04.0 (9825349)|HEAP_ALLOCATE|[39]|Bytes:8
03:39:04.0 (9853009)|VARIABLE_SCOPE_BEGIN|[39]|patientList|List<Patient__c>|true|false
03:39:04.0 (9898303)|VARIABLE_ASSIGNMENT|[39]|patientList|{"s":1,"v":[{"s":2,"v":{"Patient_Id__c":"4LR2VZ","Full_Name__c":"Purushottam","Gender__c":"Male","Steps_Completed__c":1000,"Goal__c":5000,"Height__c":5.00,"Heart_Rate__c":65,"Weight__c":50.00,"Id":"a012800000SBjJTAA1"}}]}|0x757fcf87
03:39:04.0 (9903596)|STATEMENT_EXECUTE|[40]
03:39:04.0 (9908877)|VARIABLE_SCOPE_BEGIN|[40]|wrapperObj|PatientWrapper|true|false
03:39:04.0 (9914516)|VARIABLE_ASSIGNMENT|[40]|wrapperObj|null|
03:39:04.0 (9916410)|STATEMENT_EXECUTE|[41]
03:39:04.0 (9920984)|HEAP_ALLOCATE|[41]|Bytes:15
03:39:04.0 (10044031)|HEAP_ALLOCATE|[41]|Bytes:190
03:39:04.0 (10068599)|HEAP_ALLOCATE|[41]|Bytes:205
03:39:04.0 (10094959)|USER_DEBUG|[41]|DEBUG|patientList => (Patient__c:{Patient_Id__c=4LR2VZ, Full_Name__c=Purushottam, Gender__c=Male, Steps_Completed__c=1000, Goal__c=5000, Height__c=5.00, Heart_Rate__c=65, Weight__c=50.00, Id=a012800000SBjJTAA1})
03:39:04.0 (10343202)|HEAP_ALLOCATE|[42]|Bytes:5
03:39:04.0 (10383581)|HEAP_ALLOCATE|[42]|Bytes:40
03:39:04.0 (10393642)|VARIABLE_SCOPE_BEGIN|[42]|patient|Patient__c|true|false
03:39:04.0 (10415193)|VARIABLE_ASSIGNMENT|[42]|patient|{"s":1,"v":{"Patient_Id__c":"4LR2VZ","Full_Name__c":"Purushottam","Gender__c":"Male","Steps_Completed__c":1000,"Goal__c":5000,"Height__c":5.00,"Heart_Rate__c":65,"Weight__c":50.00,"Id":"a012800000SBjJTAA1"}}|0x2a4f174d
03:39:04.0 (10419723)|STATEMENT_EXECUTE|[42]
03:39:04.0 (10421427)|STATEMENT_EXECUTE|[43]
03:39:04.0 (10461278)|METHOD_ENTRY|[1]|01p280000085nGG|PatientWrapper.PatientWrapper()
03:39:04.0 (10464884)|STATEMENT_EXECUTE|[1]
03:39:04.0 (10469726)|STATEMENT_EXECUTE|[1]
03:39:04.0 (10479647)|METHOD_EXIT|[1]|PatientWrapper
03:39:04.0 (10503218)|HEAP_ALLOCATE|[43]|Bytes:36
03:39:04.0 (10516867)|CONSTRUCTOR_ENTRY|[43]|01p280000085nGG|<init>()
03:39:04.0 (10558728)|VARIABLE_SCOPE_BEGIN|[1]|this|PatientWrapper|true|false
03:39:04.0 (10645555)|VARIABLE_ASSIGNMENT|[1]|this|{}|0x276c25c1
03:39:04.0 (10657230)|HEAP_ALLOCATE|[EXTERNAL]|Bytes:6
03:39:04.0 (10682862)|STATEMENT_EXECUTE|[1]
03:39:04.0 (10684803)|STATEMENT_EXECUTE|[3]
03:39:04.0 (10686080)|STATEMENT_EXECUTE|[6]
03:39:04.0 (10687130)|STATEMENT_EXECUTE|[9]
03:39:04.0 (10688091)|STATEMENT_EXECUTE|[12]
03:39:04.0 (10689179)|STATEMENT_EXECUTE|[15]
03:39:04.0 (10690157)|STATEMENT_EXECUTE|[18]
03:39:04.0 (10691203)|STATEMENT_EXECUTE|[21]
03:39:04.0 (10692163)|STATEMENT_EXECUTE|[24]
03:39:04.0 (10696461)|CONSTRUCTOR_EXIT|[43]|01p280000085nGG|<init>()
03:39:04.0 (10712552)|VARIABLE_ASSIGNMENT|[43]|wrapperObj|{}|0x276c25c1
03:39:04.0 (10715191)|STATEMENT_EXECUTE|[45]
03:39:04.0 (10747170)|HEAP_ALLOCATE|[45]|Bytes:18
03:39:04.0 (10764363)|VARIABLE_ASSIGNMENT|[45]|this.id|"a012800000SBjJTAA1"|0x276c25c1
03:39:04.0 (10767213)|STATEMENT_EXECUTE|[46]
03:39:04.0 (10791554)|VARIABLE_ASSIGNMENT|[46]|this.name|"Purushottam"|0x276c25c1
03:39:04.0 (10794623)|STATEMENT_EXECUTE|[47]
03:39:04.0 (10839452)|HEAP_ALLOCATE|[47]|Bytes:12
03:39:04.0 (10852235)|VARIABLE_ASSIGNMENT|[47]|this.steps|1000.0|0x276c25c1
03:39:04.0 (10854856)|STATEMENT_EXECUTE|[48]
03:39:04.0 (10883923)|HEAP_ALLOCATE|[48]|Bytes:12
03:39:04.0 (10894276)|VARIABLE_ASSIGNMENT|[48]|this.goal|5000.0|0x276c25c1
03:39:04.0 (10896531)|STATEMENT_EXECUTE|[49]
03:39:04.0 (10914162)|HEAP_ALLOCATE|[49]|Bytes:12
03:39:04.0 (10922535)|VARIABLE_ASSIGNMENT|[49]|this.heartRate|65.0|0x276c25c1
03:39:04.0 (10924945)|STATEMENT_EXECUTE|[50]
03:39:04.0 (10942092)|HEAP_ALLOCATE|[50]|Bytes:12
03:39:04.0 (10950711)|VARIABLE_ASSIGNMENT|[50]|this.height|5.0|0x276c25c1
03:39:04.0 (10953039)|STATEMENT_EXECUTE|[51]
03:39:04.0 (10968845)|HEAP_ALLOCATE|[51]|Bytes:12
03:39:04.0 (10977742)|VARIABLE_ASSIGNMENT|[51]|this.weight|50.0|0x276c25c1
03:39:04.0 (10979861)|STATEMENT_EXECUTE|[52]
03:39:04.0 (11000096)|VARIABLE_ASSIGNMENT|[52]|this.patient_Id|"4LR2VZ"|0x276c25c1
03:39:04.0 (11015645)|HEAP_ALLOCATE|[42]|Bytes:5
03:39:04.0 (11027466)|VARIABLE_ASSIGNMENT|[42]|patient|null|
03:39:04.0 (11030984)|STATEMENT_EXECUTE|[56]
03:39:04.0 (11034569)|HEAP_ALLOCATE|[56]|Bytes:14
03:39:04.0 (11095447)|HEAP_ALLOCATE|[56]|Bytes:143
03:39:04.0 (11110867)|HEAP_ALLOCATE|[56]|Bytes:157
03:39:04.0 (11121330)|USER_DEBUG|[56]|DEBUG|wrapperObj => PatientWrapper:[goal=5000.0, heartRate=65.0, height=5.0, id=a012800000SBjJTAA1, name=Purushottam, patient_Id=4LR2VZ, steps=1000.0, weight=50.0]
03:39:04.0 (11126894)|STATEMENT_EXECUTE|[57]
03:39:04.0 (11139418)|SYSTEM_MODE_EXIT|false
03:39:04.11 (11188757)|CUMULATIVE_LIMIT_USAGE
03:39:04.11 (11188757)|LIMIT_USAGE_FOR_NS|(default)|
  Number of SOQL queries: 1 out of 100
  Number of query rows: 1 out of 50000
  Number of SOSL queries: 0 out of 20
  Number of DML statements: 0 out of 150
  Number of DML rows: 0 out of 10000
  Maximum CPU time: 0 out of 10000
  Maximum heap size: 0 out of 6000000
  Number of callouts: 0 out of 100
  Number of Email Invocations: 0 out of 10
  Number of future calls: 0 out of 50
  Number of queueable jobs added to the queue: 0 out of 50
  Number of Mobile Apex push calls: 0 out of 10

03:39:04.11 (11188757)|CUMULATIVE_LIMIT_USAGE_END

03:39:04.0 (11238813)|CODE_UNIT_FINISHED|PatientWrapperController.getPatientsById
03:39:04.0 (12996691)|CODE_UNIT_STARTED|[EXTERNAL]|Aura
03:39:04.0 (13092413)|CODE_UNIT_FINISHED|Aura
03:39:04.0 (13363169)|HEAP_ALLOCATE|[EXTERNAL]|Bytes:6
03:39:04.0 (13389463)|HEAP_ALLOCATE|[EXTERNAL]|Bytes:6
03:39:04.0 (14660286)|CODE_UNIT_STARTED|[EXTERNAL]|01p280000085nGQ|PatientWrapperController.getPatientsById
03:39:04.0 (14709486)|HEAP_ALLOCATE|[EXTERNAL]|Bytes:6
03:39:04.0 (14728708)|SYSTEM_MODE_ENTER|false
03:39:04.0 (14737006)|VARIABLE_SCOPE_BEGIN|[36]|patientId|String|false|false
03:39:04.0 (14747455)|VARIABLE_ASSIGNMENT|[36]|patientId|"4LR2VZ"
03:39:04.0 (14756527)|STATEMENT_EXECUTE|[36]
03:39:04.0 (14759341)|STATEMENT_EXECUTE|[38]
03:39:04.0 (14765979)|VARIABLE_SCOPE_BEGIN|[38]|query|String|false|false
03:39:04.0 (14778244)|VARIABLE_ASSIGNMENT|[38]|query|"SELECT Patient_Id__c (165 more) ..."
03:39:04.0 (14781716)|STATEMENT_EXECUTE|[39]
03:39:04.0 (15230226)|SOQL_EXECUTE_BEGIN|[39]|Aggregations:0|SELECT Patient_Id__c, Full_Name__c, Gender__c, Steps_Completed__c, Goal__c, Height__c, Heart_Rate__c, Weight__c FROM Patient__c where Patient_Id__c = :patientId ORDER BY createdDate ASC
03:39:04.0 (18413699)|SOQL_EXECUTE_END|[39]|Rows:1
03:39:04.0 (18435006)|HEAP_ALLOCATE|[39]|Bytes:8
03:39:04.0 (18458986)|HEAP_ALLOCATE|[39]|Bytes:352
03:39:04.0 (18494105)|HEAP_ALLOCATE|[39]|Bytes:8
03:39:04.0 (18524268)|VARIABLE_SCOPE_BEGIN|[39]|patientList|List<Patient__c>|true|false
03:39:04.0 (18575443)|VARIABLE_ASSIGNMENT|[39]|patientList|{"s":1,"v":[{"s":2,"v":{"Patient_Id__c":"4LR2VZ","Full_Name__c":"Purushottam","Gender__c":"Male","Steps_Completed__c":1000,"Goal__c":5000,"Height__c":5.00,"Heart_Rate__c":65,"Weight__c":50.00,"Id":"a012800000SBjJTAA1"}}]}|0x71eba58c
03:39:04.0 (18581092)|STATEMENT_EXECUTE|[40]
03:39:04.0 (18587424)|VARIABLE_SCOPE_BEGIN|[40]|wrapperObj|PatientWrapper|true|false
03:39:04.0 (18593300)|VARIABLE_ASSIGNMENT|[40]|wrapperObj|null|
03:39:04.0 (18595473)|STATEMENT_EXECUTE|[41]
03:39:04.0 (18831130)|HEAP_ALLOCATE|[41]|Bytes:190
03:39:04.0 (18858559)|HEAP_ALLOCATE|[41]|Bytes:205
03:39:04.0 (18876752)|USER_DEBUG|[41]|DEBUG|patientList => (Patient__c:{Patient_Id__c=4LR2VZ, Full_Name__c=Purushottam, Gender__c=Male, Steps_Completed__c=1000, Goal__c=5000, Height__c=5.00, Heart_Rate__c=65, Weight__c=50.00, Id=a012800000SBjJTAA1})
03:39:04.0 (18928961)|HEAP_ALLOCATE|[42]|Bytes:5
03:39:04.0 (18974853)|HEAP_ALLOCATE|[42]|Bytes:40
03:39:04.0 (18992405)|VARIABLE_SCOPE_BEGIN|[42]|patient|Patient__c|true|false
03:39:04.0 (19012813)|VARIABLE_ASSIGNMENT|[42]|patient|{"s":1,"v":{"Patient_Id__c":"4LR2VZ","Full_Name__c":"Purushottam","Gender__c":"Male","Steps_Completed__c":1000,"Goal__c":5000,"Height__c":5.00,"Heart_Rate__c":65,"Weight__c":50.00,"Id":"a012800000SBjJTAA1"}}|0x5cbcadf6
03:39:04.0 (19017642)|STATEMENT_EXECUTE|[42]
03:39:04.0 (19019214)|STATEMENT_EXECUTE|[43]
03:39:04.0 (19028336)|HEAP_ALLOCATE|[43]|Bytes:36
03:39:04.0 (19038750)|CONSTRUCTOR_ENTRY|[43]|01p280000085nGG|<init>()
03:39:04.0 (19045616)|VARIABLE_SCOPE_BEGIN|[1]|this|PatientWrapper|true|false
03:39:04.0 (19079625)|VARIABLE_ASSIGNMENT|[1]|this|{}|0x266be6ed
03:39:04.0 (19098659)|STATEMENT_EXECUTE|[1]
03:39:04.0 (19100456)|STATEMENT_EXECUTE|[3]
03:39:04.0 (19101767)|STATEMENT_EXECUTE|[6]
03:39:04.0 (19102871)|STATEMENT_EXECUTE|[9]
03:39:04.0 (19104017)|STATEMENT_EXECUTE|[12]
03:39:04.0 (19105141)|STATEMENT_EXECUTE|[15]
03:39:04.0 (19106185)|STATEMENT_EXECUTE|[18]
03:39:04.0 (19107270)|STATEMENT_EXECUTE|[21]
03:39:04.0 (19108547)|STATEMENT_EXECUTE|[24]
03:39:04.0 (19112243)|CONSTRUCTOR_EXIT|[43]|01p280000085nGG|<init>()
03:39:04.0 (19125642)|VARIABLE_ASSIGNMENT|[43]|wrapperObj|{}|0x266be6ed
03:39:04.0 (19128109)|STATEMENT_EXECUTE|[45]
03:39:04.0 (19143058)|HEAP_ALLOCATE|[45]|Bytes:18
03:39:04.0 (19171980)|VARIABLE_ASSIGNMENT|[45]|this.id|"a012800000SBjJTAA1"|0x266be6ed
03:39:04.0 (19175079)|STATEMENT_EXECUTE|[46]
03:39:04.0 (19185879)|VARIABLE_ASSIGNMENT|[46]|this.name|"Purushottam"|0x266be6ed
03:39:04.0 (19188063)|STATEMENT_EXECUTE|[47]
03:39:04.0 (19204602)|HEAP_ALLOCATE|[47]|Bytes:12
03:39:04.0 (19213246)|VARIABLE_ASSIGNMENT|[47]|this.steps|1000.0|0x266be6ed
03:39:04.0 (19215309)|STATEMENT_EXECUTE|[48]
03:39:04.0 (19222432)|HEAP_ALLOCATE|[48]|Bytes:12
03:39:04.0 (19228364)|VARIABLE_ASSIGNMENT|[48]|this.goal|5000.0|0x266be6ed
03:39:04.0 (19230195)|STATEMENT_EXECUTE|[49]
03:39:04.0 (19236039)|HEAP_ALLOCATE|[49]|Bytes:12
03:39:04.0 (19242079)|VARIABLE_ASSIGNMENT|[49]|this.heartRate|65.0|0x266be6ed
03:39:04.0 (19243996)|STATEMENT_EXECUTE|[50]
03:39:04.0 (19250358)|HEAP_ALLOCATE|[50]|Bytes:12
03:39:04.0 (19256529)|VARIABLE_ASSIGNMENT|[50]|this.height|5.0|0x266be6ed
03:39:04.0 (19258308)|STATEMENT_EXECUTE|[51]
03:39:04.0 (19264284)|HEAP_ALLOCATE|[51]|Bytes:12
03:39:04.0 (19270165)|VARIABLE_ASSIGNMENT|[51]|this.weight|50.0|0x266be6ed
03:39:04.0 (19271942)|STATEMENT_EXECUTE|[52]
03:39:04.0 (19280223)|VARIABLE_ASSIGNMENT|[52]|this.patient_Id|"4LR2VZ"|0x266be6ed
03:39:04.0 (19292703)|HEAP_ALLOCATE|[42]|Bytes:5
03:39:04.0 (19320891)|VARIABLE_ASSIGNMENT|[42]|patient|null|
03:39:04.0 (19327592)|STATEMENT_EXECUTE|[56]
03:39:04.0 (19382215)|HEAP_ALLOCATE|[56]|Bytes:143
03:39:04.0 (19397469)|HEAP_ALLOCATE|[56]|Bytes:157
03:39:04.0 (19406054)|USER_DEBUG|[56]|DEBUG|wrapperObj => PatientWrapper:[goal=5000.0, heartRate=65.0, height=5.0, id=a012800000SBjJTAA1, name=Purushottam, patient_Id=4LR2VZ, steps=1000.0, weight=50.0]
03:39:04.0 (19411517)|STATEMENT_EXECUTE|[57]
03:39:04.0 (19426747)|SYSTEM_MODE_EXIT|false
03:39:04.19 (19466843)|CUMULATIVE_LIMIT_USAGE
03:39:04.19 (19466843)|LIMIT_USAGE_FOR_NS|(default)|
  Number of SOQL queries: 2 out of 100
  Number of query rows: 2 out of 50000
  Number of SOSL queries: 0 out of 20
  Number of DML statements: 0 out of 150
  Number of DML rows: 0 out of 10000
  Maximum CPU time: 0 out of 10000
  Maximum heap size: 0 out of 6000000
  Number of callouts: 0 out of 100
  Number of Email Invocations: 0 out of 10
  Number of future calls: 0 out of 50
  Number of queueable jobs added to the queue: 0 out of 50
  Number of Mobile Apex push calls: 0 out of 10

03:39:04.19 (19466843)|CUMULATIVE_LIMIT_USAGE_END

03:39:04.0 (19512831)|CODE_UNIT_FINISHED|PatientWrapperController.getPatientsById
03:39:04.0 (21590603)|CODE_UNIT_STARTED|[EXTERNAL]|Aura
03:39:04.0 (21678869)|CODE_UNIT_FINISHED|Aura
03:39:04.0 (68799494)|HEAP_ALLOCATE|[EXTERNAL]|Bytes:6
03:39:04.0 (68842869)|HEAP_ALLOCATE|[EXTERNAL]|Bytes:6
03:39:04.0 (70230428)|CODE_UNIT_STARTED|[EXTERNAL]|01p280000085nGQ|PatientWrapperController.getPatientsById
03:39:04.0 (70273418)|HEAP_ALLOCATE|[EXTERNAL]|Bytes:6
03:39:04.0 (70286989)|SYSTEM_MODE_ENTER|false
03:39:04.0 (70295899)|VARIABLE_SCOPE_BEGIN|[36]|patientId|String|false|false
03:39:04.0 (70312011)|VARIABLE_ASSIGNMENT|[36]|patientId|"4LR2VZ"
03:39:04.0 (70321123)|STATEMENT_EXECUTE|[36]
03:39:04.0 (70323298)|STATEMENT_EXECUTE|[38]
03:39:04.0 (70328700)|VARIABLE_SCOPE_BEGIN|[38]|query|String|false|false
03:39:04.0 (70338011)|VARIABLE_ASSIGNMENT|[38]|query|"SELECT Patient_Id__c (165 more) ..."
03:39:04.0 (70340204)|STATEMENT_EXECUTE|[39]
03:39:04.0 (70653001)|SOQL_EXECUTE_BEGIN|[39]|Aggregations:0|SELECT Patient_Id__c, Full_Name__c, Gender__c, Steps_Completed__c, Goal__c, Height__c, Heart_Rate__c, Weight__c FROM Patient__c where Patient_Id__c = :patientId ORDER BY createdDate ASC
03:39:04.0 (74562420)|SOQL_EXECUTE_END|[39]|Rows:1
03:39:04.0 (74585453)|HEAP_ALLOCATE|[39]|Bytes:8
03:39:04.0 (74607387)|HEAP_ALLOCATE|[39]|Bytes:352
03:39:04.0 (74634994)|HEAP_ALLOCATE|[39]|Bytes:8
03:39:04.0 (74664068)|VARIABLE_SCOPE_BEGIN|[39]|patientList|List<Patient__c>|true|false
03:39:04.0 (74721199)|VARIABLE_ASSIGNMENT|[39]|patientList|{"s":1,"v":[{"s":2,"v":{"Patient_Id__c":"4LR2VZ","Full_Name__c":"Purushottam","Gender__c":"Male","Steps_Completed__c":1000,"Goal__c":5000,"Height__c":5.00,"Heart_Rate__c":65,"Weight__c":50.00,"Id":"a012800000SBjJTAA1"}}]}|0x79752f97
03:39:04.0 (74729181)|STATEMENT_EXECUTE|[40]
03:39:04.0 (74737004)|VARIABLE_SCOPE_BEGIN|[40]|wrapperObj|PatientWrapper|true|false
03:39:04.0 (74747594)|VARIABLE_ASSIGNMENT|[40]|wrapperObj|null|
03:39:04.0 (74751200)|STATEMENT_EXECUTE|[41]
03:39:04.0 (74872552)|HEAP_ALLOCATE|[41]|Bytes:190
03:39:04.0 (74913890)|HEAP_ALLOCATE|[41]|Bytes:205
03:39:04.0 (74935943)|USER_DEBUG|[41]|DEBUG|patientList => (Patient__c:{Patient_Id__c=4LR2VZ, Full_Name__c=Purushottam, Gender__c=Male, Steps_Completed__c=1000, Goal__c=5000, Height__c=5.00, Heart_Rate__c=65, Weight__c=50.00, Id=a012800000SBjJTAA1})
03:39:04.0 (74977852)|HEAP_ALLOCATE|[42]|Bytes:5
03:39:04.0 (75015588)|HEAP_ALLOCATE|[42]|Bytes:40
03:39:04.0 (75032058)|VARIABLE_SCOPE_BEGIN|[42]|patient|Patient__c|true|false
03:39:04.0 (75059271)|VARIABLE_ASSIGNMENT|[42]|patient|{"s":1,"v":{"Patient_Id__c":"4LR2VZ","Full_Name__c":"Purushottam","Gender__c":"Male","Steps_Completed__c":1000,"Goal__c":5000,"Height__c":5.00,"Heart_Rate__c":65,"Weight__c":50.00,"Id":"a012800000SBjJTAA1"}}|0x7169cecc
03:39:04.0 (75065911)|STATEMENT_EXECUTE|[42]
03:39:04.0 (75068437)|STATEMENT_EXECUTE|[43]
03:39:04.0 (75076038)|HEAP_ALLOCATE|[43]|Bytes:36
03:39:04.0 (75088219)|CONSTRUCTOR_ENTRY|[43]|01p280000085nGG|<init>()
03:39:04.0 (75096526)|VARIABLE_SCOPE_BEGIN|[1]|this|PatientWrapper|true|false
03:39:04.0 (75133044)|VARIABLE_ASSIGNMENT|[1]|this|{}|0x64656c
03:39:04.0 (75154421)|STATEMENT_EXECUTE|[1]
03:39:04.0 (75172660)|STATEMENT_EXECUTE|[3]
03:39:04.0 (75175390)|STATEMENT_EXECUTE|[6]
03:39:04.0 (75177351)|STATEMENT_EXECUTE|[9]
03:39:04.0 (75179150)|STATEMENT_EXECUTE|[12]
03:39:04.0 (75181015)|STATEMENT_EXECUTE|[15]
03:39:04.0 (75182654)|STATEMENT_EXECUTE|[18]
03:39:04.0 (75184250)|STATEMENT_EXECUTE|[21]
03:39:04.0 (75186300)|STATEMENT_EXECUTE|[24]
03:39:04.0 (75194516)|CONSTRUCTOR_EXIT|[43]|01p280000085nGG|<init>()
03:39:04.0 (75219456)|VARIABLE_ASSIGNMENT|[43]|wrapperObj|{}|0x64656c
03:39:04.0 (75223143)|STATEMENT_EXECUTE|[45]
03:39:04.0 (75237738)|HEAP_ALLOCATE|[45]|Bytes:18
03:39:04.0 (75250970)|VARIABLE_ASSIGNMENT|[45]|this.id|"a012800000SBjJTAA1"|0x64656c
03:39:04.0 (75253554)|STATEMENT_EXECUTE|[46]
03:39:04.0 (75262929)|VARIABLE_ASSIGNMENT|[46]|this.name|"Purushottam"|0x64656c
03:39:04.0 (75265090)|STATEMENT_EXECUTE|[47]
03:39:04.0 (75280104)|HEAP_ALLOCATE|[47]|Bytes:12
03:39:04.0 (75288611)|VARIABLE_ASSIGNMENT|[47]|this.steps|1000.0|0x64656c
03:39:04.0 (75290566)|STATEMENT_EXECUTE|[48]
03:39:04.0 (75296878)|HEAP_ALLOCATE|[48]|Bytes:12
03:39:04.0 (75306726)|VARIABLE_ASSIGNMENT|[48]|this.goal|5000.0|0x64656c
03:39:04.0 (75308852)|STATEMENT_EXECUTE|[49]
03:39:04.0 (75319812)|HEAP_ALLOCATE|[49]|Bytes:12
03:39:04.0 (75326420)|VARIABLE_ASSIGNMENT|[49]|this.heartRate|65.0|0x64656c
03:39:04.0 (75328451)|STATEMENT_EXECUTE|[50]
03:39:04.0 (75335378)|HEAP_ALLOCATE|[50]|Bytes:12
03:39:04.0 (75341341)|VARIABLE_ASSIGNMENT|[50]|this.height|5.0|0x64656c
03:39:04.0 (75343212)|STATEMENT_EXECUTE|[51]
03:39:04.0 (75349197)|HEAP_ALLOCATE|[51]|Bytes:12
03:39:04.0 (75355050)|VARIABLE_ASSIGNMENT|[51]|this.weight|50.0|0x64656c
03:39:04.0 (75356844)|STATEMENT_EXECUTE|[52]
03:39:04.0 (75365094)|VARIABLE_ASSIGNMENT|[52]|this.patient_Id|"4LR2VZ"|0x64656c
03:39:04.0 (75377841)|HEAP_ALLOCATE|[42]|Bytes:5
03:39:04.0 (75389538)|VARIABLE_ASSIGNMENT|[42]|patient|null|
03:39:04.0 (75392645)|STATEMENT_EXECUTE|[56]
03:39:04.0 (75435255)|HEAP_ALLOCATE|[56]|Bytes:143
03:39:04.0 (75447845)|HEAP_ALLOCATE|[56]|Bytes:157
03:39:04.0 (75456452)|USER_DEBUG|[56]|DEBUG|wrapperObj => PatientWrapper:[goal=5000.0, heartRate=65.0, height=5.0, id=a012800000SBjJTAA1, name=Purushottam, patient_Id=4LR2VZ, steps=1000.0, weight=50.0]
03:39:04.0 (75462095)|STATEMENT_EXECUTE|[57]
03:39:04.0 (75475012)|SYSTEM_MODE_EXIT|false
03:39:04.75 (75539886)|CUMULATIVE_LIMIT_USAGE
03:39:04.75 (75539886)|LIMIT_USAGE_FOR_NS|(default)|
  Number of SOQL queries: 3 out of 100
  Number of query rows: 3 out of 50000
  Number of SOSL queries: 0 out of 20
  Number of DML statements: 0 out of 150
  Number of DML rows: 0 out of 10000
  Maximum CPU time: 0 out of 10000
  Maximum heap size: 0 out of 6000000
  Number of callouts: 0 out of 100
  Number of Email Invocations: 0 out of 10
  Number of future calls: 0 out of 50
  Number of queueable jobs added to the queue: 0 out of 50
  Number of Mobile Apex push calls: 0 out of 10

03:39:04.75 (75539886)|CUMULATIVE_LIMIT_USAGE_END

03:39:04.0 (75593830)|CODE_UNIT_FINISHED|PatientWrapperController.getPatientsById
03:39:04.0 (77826940)|CODE_UNIT_STARTED|[EXTERNAL]|Aura
03:39:04.0 (77906212)|CODE_UNIT_FINISHED|Aura
