36.0 APEX_CODE,FINEST;APEX_PROFILING,INFO;CALLOUT,INFO;DB,INFO;SYSTEM,DEBUG;VALIDATION,INFO;VISUALFORCE,INFO;WORKFLOW,INFO
04:53:56.0 (64995)|EXECUTION_STARTED
04:53:56.0 (98494)|CODE_UNIT_STARTED|[EXTERNAL]|aura
04:53:56.0 (667349)|HEAP_ALLOCATE|[72]|Bytes:3
04:53:56.0 (710209)|HEAP_ALLOCATE|[77]|Bytes:152
04:53:56.0 (725279)|HEAP_ALLOCATE|[342]|Bytes:408
04:53:56.0 (740986)|HEAP_ALLOCATE|[355]|Bytes:408
04:53:56.0 (755292)|HEAP_ALLOCATE|[467]|Bytes:48
04:53:56.0 (782228)|HEAP_ALLOCATE|[139]|Bytes:6
04:53:56.0 (804254)|HEAP_ALLOCATE|[EXTERNAL]|Bytes:6
04:53:56.0 (820507)|HEAP_ALLOCATE|[EXTERNAL]|Bytes:6
04:53:56.0 (2168521)|CODE_UNIT_STARTED|[EXTERNAL]|01p280000085nGQ|PatientWrapperController.getPatientsById
04:53:56.0 (2322882)|HEAP_ALLOCATE|[EXTERNAL]|Bytes:7
04:53:56.0 (2328336)|HEAP_ALLOCATE|[EXTERNAL]|Bytes:14
04:53:56.0 (2344556)|METHOD_ENTRY|[1]|01p280000085nGQ|PatientWrapperController.PatientWrapperController()
04:53:56.0 (2349314)|STATEMENT_EXECUTE|[1]
04:53:56.0 (2355807)|STATEMENT_EXECUTE|[1]
04:53:56.0 (2362874)|METHOD_EXIT|[1]|PatientWrapperController
04:53:56.0 (2367229)|HEAP_ALLOCATE|[EXTERNAL]|Bytes:6
04:53:56.0 (2379293)|SYSTEM_MODE_ENTER|false
04:53:56.0 (2388576)|VARIABLE_SCOPE_BEGIN|[36]|patientId|String|false|false
04:53:56.0 (2431791)|VARIABLE_ASSIGNMENT|[36]|patientId|"P00002"
04:53:56.0 (2444980)|STATEMENT_EXECUTE|[36]
04:53:56.0 (2446707)|STATEMENT_EXECUTE|[38]
04:53:56.0 (2450815)|HEAP_ALLOCATE|[38]|Bytes:185
04:53:56.0 (2456620)|VARIABLE_SCOPE_BEGIN|[38]|query|String|false|false
04:53:56.0 (2467737)|VARIABLE_ASSIGNMENT|[38]|query|"SELECT Patient_Id__c (165 more) ..."
04:53:56.0 (2469849)|STATEMENT_EXECUTE|[39]
04:53:56.0 (2503791)|HEAP_ALLOCATE|[50]|Bytes:5
04:53:56.0 (2528913)|HEAP_ALLOCATE|[56]|Bytes:5
04:53:56.0 (2537714)|HEAP_ALLOCATE|[64]|Bytes:7
04:53:56.0 (3089269)|SOQL_EXECUTE_BEGIN|[39]|Aggregations:0|SELECT Patient_Id__c, Full_Name__c, Gender__c, Steps_Completed__c, Goal__c, Height__c, Heart_Rate__c, Weight__c FROM Patient__c where Patient_Id__c = :patientId ORDER BY createdDate ASC
04:53:56.0 (6724177)|SOQL_EXECUTE_END|[39]|Rows:1
04:53:56.0 (6747966)|HEAP_ALLOCATE|[39]|Bytes:8
04:53:56.0 (6776664)|HEAP_ALLOCATE|[39]|Bytes:350
04:53:56.0 (6926511)|HEAP_ALLOCATE|[39]|Bytes:8
04:53:56.0 (6952891)|VARIABLE_SCOPE_BEGIN|[39]|patientList|List<Patient__c>|true|false
04:53:56.0 (7000083)|VARIABLE_ASSIGNMENT|[39]|patientList|{"s":1,"v":[{"s":2,"v":{"Patient_Id__c":"P00002","Full_Name__c":"Pallavi","Gender__c":"Female","Steps_Completed__c":6000,"Goal__c":6000,"Height__c":4.00,"Heart_Rate__c":72,"Weight__c":68.00,"Id":"a012800000SBjJnAAL"}}]}|0x755371dc
04:53:56.0 (7006468)|STATEMENT_EXECUTE|[40]
04:53:56.0 (7014875)|VARIABLE_SCOPE_BEGIN|[40]|wrapperObj|PatientWrapper|true|false
04:53:56.0 (7020738)|VARIABLE_ASSIGNMENT|[40]|wrapperObj|null|
04:53:56.0 (7022643)|STATEMENT_EXECUTE|[41]
04:53:56.0 (7027986)|HEAP_ALLOCATE|[41]|Bytes:15
04:53:56.0 (7147419)|HEAP_ALLOCATE|[41]|Bytes:188
04:53:56.0 (7169916)|HEAP_ALLOCATE|[41]|Bytes:203
04:53:56.0 (7193770)|USER_DEBUG|[41]|DEBUG|patientList => (Patient__c:{Patient_Id__c=P00002, Full_Name__c=Pallavi, Gender__c=Female, Steps_Completed__c=6000, Goal__c=6000, Height__c=4.00, Heart_Rate__c=72, Weight__c=68.00, Id=a012800000SBjJnAAL})
04:53:56.0 (7402532)|HEAP_ALLOCATE|[42]|Bytes:5
04:53:56.0 (7440910)|HEAP_ALLOCATE|[42]|Bytes:40
04:53:56.0 (7450541)|VARIABLE_SCOPE_BEGIN|[42]|patient|Patient__c|true|false
04:53:56.0 (7469594)|VARIABLE_ASSIGNMENT|[42]|patient|{"s":1,"v":{"Patient_Id__c":"P00002","Full_Name__c":"Pallavi","Gender__c":"Female","Steps_Completed__c":6000,"Goal__c":6000,"Height__c":4.00,"Heart_Rate__c":72,"Weight__c":68.00,"Id":"a012800000SBjJnAAL"}}|0x76866032
04:53:56.0 (7478534)|STATEMENT_EXECUTE|[42]
04:53:56.0 (7480212)|STATEMENT_EXECUTE|[43]
04:53:56.0 (7498564)|METHOD_ENTRY|[1]|01p280000085nGG|PatientWrapper.PatientWrapper()
04:53:56.0 (7502099)|STATEMENT_EXECUTE|[1]
04:53:56.0 (7505315)|STATEMENT_EXECUTE|[1]
04:53:56.0 (7512964)|METHOD_EXIT|[1]|PatientWrapper
04:53:56.0 (7520810)|HEAP_ALLOCATE|[43]|Bytes:36
04:53:56.0 (7532652)|CONSTRUCTOR_ENTRY|[43]|01p280000085nGG|<init>()
04:53:56.0 (7556474)|VARIABLE_SCOPE_BEGIN|[1]|this|PatientWrapper|true|false
04:53:56.0 (7593298)|VARIABLE_ASSIGNMENT|[1]|this|{}|0x4df74fa3
04:53:56.0 (7603303)|HEAP_ALLOCATE|[EXTERNAL]|Bytes:6
04:53:56.0 (7629040)|STATEMENT_EXECUTE|[1]
04:53:56.0 (7630988)|STATEMENT_EXECUTE|[3]
04:53:56.0 (7632635)|STATEMENT_EXECUTE|[6]
04:53:56.0 (7633770)|STATEMENT_EXECUTE|[9]
04:53:56.0 (7634915)|STATEMENT_EXECUTE|[12]
04:53:56.0 (7636179)|STATEMENT_EXECUTE|[15]
04:53:56.0 (7637338)|STATEMENT_EXECUTE|[18]
04:53:56.0 (7638497)|STATEMENT_EXECUTE|[21]
04:53:56.0 (7639678)|STATEMENT_EXECUTE|[24]
04:53:56.0 (7644155)|CONSTRUCTOR_EXIT|[43]|01p280000085nGG|<init>()
04:53:56.0 (7660069)|VARIABLE_ASSIGNMENT|[43]|wrapperObj|{}|0x4df74fa3
04:53:56.0 (7662634)|STATEMENT_EXECUTE|[45]
04:53:56.0 (7693906)|HEAP_ALLOCATE|[45]|Bytes:18
04:53:56.0 (7709667)|VARIABLE_ASSIGNMENT|[45]|this.id|"a012800000SBjJnAAL"|0x4df74fa3
04:53:56.0 (7712471)|STATEMENT_EXECUTE|[46]
04:53:56.0 (7735867)|VARIABLE_ASSIGNMENT|[46]|this.name|"Pallavi"|0x4df74fa3
04:53:56.0 (7738789)|STATEMENT_EXECUTE|[47]
04:53:56.0 (7782141)|HEAP_ALLOCATE|[47]|Bytes:12
04:53:56.0 (7794668)|VARIABLE_ASSIGNMENT|[47]|this.steps|6000.0|0x4df74fa3
04:53:56.0 (7797005)|STATEMENT_EXECUTE|[48]
04:53:56.0 (7833779)|HEAP_ALLOCATE|[48]|Bytes:12
04:53:56.0 (7844558)|VARIABLE_ASSIGNMENT|[48]|this.goal|6000.0|0x4df74fa3
04:53:56.0 (7846954)|STATEMENT_EXECUTE|[49]
04:53:56.0 (7865697)|HEAP_ALLOCATE|[49]|Bytes:12
04:53:56.0 (7874559)|VARIABLE_ASSIGNMENT|[49]|this.heartRate|72.0|0x4df74fa3
04:53:56.0 (7876709)|STATEMENT_EXECUTE|[50]
04:53:56.0 (7893465)|HEAP_ALLOCATE|[50]|Bytes:12
04:53:56.0 (7901981)|VARIABLE_ASSIGNMENT|[50]|this.height|4.0|0x4df74fa3
04:53:56.0 (7904260)|STATEMENT_EXECUTE|[51]
04:53:56.0 (7919457)|HEAP_ALLOCATE|[51]|Bytes:12
04:53:56.0 (7928186)|VARIABLE_ASSIGNMENT|[51]|this.weight|68.0|0x4df74fa3
04:53:56.0 (7930226)|STATEMENT_EXECUTE|[52]
04:53:56.0 (7949277)|VARIABLE_ASSIGNMENT|[52]|this.patient_Id|"P00002"|0x4df74fa3
04:53:56.0 (7962305)|HEAP_ALLOCATE|[42]|Bytes:5
04:53:56.0 (7974466)|VARIABLE_ASSIGNMENT|[42]|patient|null|
04:53:56.0 (7977683)|STATEMENT_EXECUTE|[56]
04:53:56.0 (7980864)|HEAP_ALLOCATE|[56]|Bytes:14
04:53:56.0 (8042236)|HEAP_ALLOCATE|[56]|Bytes:139
04:53:56.0 (8071844)|HEAP_ALLOCATE|[56]|Bytes:153
04:53:56.0 (8082885)|USER_DEBUG|[56]|DEBUG|wrapperObj => PatientWrapper:[goal=6000.0, heartRate=72.0, height=4.0, id=a012800000SBjJnAAL, name=Pallavi, patient_Id=P00002, steps=6000.0, weight=68.0]
04:53:56.0 (8088761)|STATEMENT_EXECUTE|[57]
04:53:56.0 (8102454)|SYSTEM_MODE_EXIT|false
04:53:56.8 (8150230)|CUMULATIVE_LIMIT_USAGE
04:53:56.8 (8150230)|LIMIT_USAGE_FOR_NS|(default)|
  Number of SOQL queries: 1 out of 100
  Number of query rows: 1 out of 50000
  Number of SOSL queries: 0 out of 20
  Number of DML statements: 0 out of 150
  Number of DML rows: 0 out of 10000
  Maximum CPU time: 0 out of 10000
  Maximum heap size: 0 out of 6000000
  Number of callouts: 0 out of 100
  Number of Email Invocations: 0 out of 10
  Number of future calls: 0 out of 50
  Number of queueable jobs added to the queue: 0 out of 50
  Number of Mobile Apex push calls: 0 out of 10

04:53:56.8 (8150230)|CUMULATIVE_LIMIT_USAGE_END

04:53:56.0 (8192362)|CODE_UNIT_FINISHED|PatientWrapperController.getPatientsById
04:53:56.0 (10236620)|CODE_UNIT_STARTED|[EXTERNAL]|Aura
04:53:56.0 (10293531)|CODE_UNIT_FINISHED|Aura
