36.0 APEX_CODE,FINEST;APEX_PROFILING,INFO;CALLOUT,INFO;DB,INFO;SYSTEM,DEBUG;VALIDATION,INFO;VISUALFORCE,INFO;WORKFLOW,INFO
04:08:00.0 (523954)|EXECUTION_STARTED
04:08:00.0 (550469)|CODE_UNIT_STARTED|[EXTERNAL]|01p28000007YwEc|LightningLoginFormController.getIsUsernamePasswordEnabled
04:08:00.0 (1332552)|HEAP_ALLOCATE|[72]|Bytes:3
04:08:00.0 (1374557)|HEAP_ALLOCATE|[77]|Bytes:152
04:08:00.0 (1397276)|HEAP_ALLOCATE|[342]|Bytes:408
04:08:00.0 (1426093)|HEAP_ALLOCATE|[355]|Bytes:408
04:08:00.0 (1455049)|HEAP_ALLOCATE|[467]|Bytes:48
04:08:00.0 (1495662)|HEAP_ALLOCATE|[139]|Bytes:6
04:08:00.0 (1528249)|HEAP_ALLOCATE|[EXTERNAL]|Bytes:18
04:08:00.0 (1550846)|METHOD_ENTRY|[1]|01p28000007YwEc|LightningLoginFormController.LightningLoginFormController()
04:08:00.0 (1557814)|STATEMENT_EXECUTE|[1]
04:08:00.0 (1564724)|STATEMENT_EXECUTE|[1]
04:08:00.0 (1572327)|METHOD_EXIT|[1]|LightningLoginFormController
04:08:00.0 (1583358)|SYSTEM_MODE_ENTER|false
04:08:00.0 (1595162)|STATEMENT_EXECUTE|[20]
04:08:00.0 (1596861)|STATEMENT_EXECUTE|[21]
04:08:00.0 (1610322)|METHOD_ENTRY|[21]|01p28000007YwEc|LightningLoginFormController.getAuthConfig()
04:08:00.0 (1660524)|VARIABLE_SCOPE_BEGIN|[22]|AuthConfiguration.delegate|java:common.i18n.LabelWorkbenchMethods|true|true
04:08:00.0 (1680346)|STATEMENT_EXECUTE|[46]
04:08:00.0 (1682213)|STATEMENT_EXECUTE|[47]
04:08:00.0 (1712171)|HEAP_ALLOCATE|[47]|Bytes:24
04:08:00.0 (1740414)|SYSTEM_METHOD_ENTRY|[1]|Network.Network()
04:08:00.0 (1743151)|STATEMENT_EXECUTE|[1]
04:08:00.0 (1752214)|SYSTEM_METHOD_EXIT|[1]|Network
04:08:00.0 (1762289)|METHOD_ENTRY|[47]||System.Network.getNetworkId()
04:08:00.0 (1859857)|METHOD_EXIT|[47]||System.Network.getNetworkId()
04:08:00.0 (1886767)|HEAP_ALLOCATE|[47]|Bytes:4
04:08:00.0 (1897619)|VARIABLE_SCOPE_BEGIN|[47]|networkId|Id|false|false
04:08:00.0 (2065497)|VARIABLE_ASSIGNMENT|[47]|networkId|"0DB28000000ZeTiGAK"
04:08:00.0 (2071802)|STATEMENT_EXECUTE|[48]
04:08:00.0 (2078979)|HEAP_ALLOCATE|[48]|Bytes:75
04:08:00.0 (2097559)|SYSTEM_METHOD_ENTRY|[1]|AuthConfiguration.AuthConfiguration()
04:08:00.0 (2100322)|STATEMENT_EXECUTE|[1]
04:08:00.0 (20933608)|SYSTEM_METHOD_EXIT|[1]|AuthConfiguration
04:08:00.0 (20956263)|HEAP_ALLOCATE|[48]|Bytes:68
04:08:00.0 (20993904)|CONSTRUCTOR_ENTRY|[48]||<init>(Id,String)
04:08:00.0 (34913340)|VARIABLE_SCOPE_BEGIN|[48]|authConfig|Auth.AuthConfiguration|true|false
04:08:00.0 (34988402)|VARIABLE_ASSIGNMENT|[48]|authConfig|{"backgroundColor":"#B1BAC1","baseUrl":"https://eternusrnd-d (23 more) ...","communityUrl":"https://eternusrnd-d (24 more) ...","isCommunity":true,"logoUrl":"https://eternusrnd-d (39 more) ...","networkId":"0DB28000000ZeTiGAK","startUrl":"","urlPathPrefix":""}|0x588db36a
04:08:00.0 (34996312)|STATEMENT_EXECUTE|[49]
04:08:00.0 (35005659)|METHOD_EXIT|[21]|01p28000007YwEc|LightningLoginFormController.getAuthConfig()
04:08:00.0 (35012406)|VARIABLE_SCOPE_BEGIN|[21]|authConfig|Auth.AuthConfiguration|true|false
04:08:00.0 (35039059)|VARIABLE_ASSIGNMENT|[21]|authConfig|{"backgroundColor":"#B1BAC1","baseUrl":"https://eternusrnd-d (23 more) ...","communityUrl":"https://eternusrnd-d (24 more) ...","isCommunity":true,"logoUrl":"https://eternusrnd-d (39 more) ...","networkId":"0DB28000000ZeTiGAK","startUrl":"","urlPathPrefix":""}|0x588db36a
04:08:00.0 (35043178)|STATEMENT_EXECUTE|[22]
04:08:00.0 (35056735)|METHOD_ENTRY|[22]||Auth.AuthConfiguration.getUsernamePasswordEnabled()
04:08:00.0 (39728096)|METHOD_EXIT|[22]||Auth.AuthConfiguration.getUsernamePasswordEnabled()
04:08:00.0 (39751376)|SYSTEM_MODE_EXIT|false
04:08:00.39 (39807059)|CUMULATIVE_LIMIT_USAGE
04:08:00.39 (39807059)|LIMIT_USAGE_FOR_NS|(default)|
  Number of SOQL queries: 0 out of 100
  Number of query rows: 0 out of 50000
  Number of SOSL queries: 0 out of 20
  Number of DML statements: 0 out of 150
  Number of DML rows: 0 out of 10000
  Maximum CPU time: 0 out of 10000
  Maximum heap size: 0 out of 6000000
  Number of callouts: 0 out of 100
  Number of Email Invocations: 0 out of 10
  Number of future calls: 0 out of 50
  Number of queueable jobs added to the queue: 0 out of 50
  Number of Mobile Apex push calls: 0 out of 10

04:08:00.39 (39807059)|CUMULATIVE_LIMIT_USAGE_END

04:08:00.0 (39871012)|CODE_UNIT_FINISHED|LightningLoginFormController.getIsUsernamePasswordEnabled
04:08:00.0 (43488832)|EXECUTION_FINISHED
04:08:00.46 (46595358)|EXECUTION_STARTED
04:08:00.46 (46607660)|CODE_UNIT_STARTED|[EXTERNAL]|01p28000007YwEc|LightningLoginFormController.getIsSelfRegistrationEnabled
04:08:00.46 (46799499)|SYSTEM_MODE_ENTER|false
04:08:00.46 (46817395)|STATEMENT_EXECUTE|[26]
04:08:00.46 (46820478)|STATEMENT_EXECUTE|[27]
04:08:00.46 (46832991)|METHOD_ENTRY|[27]|01p28000007YwEc|LightningLoginFormController.getAuthConfig()
04:08:00.46 (46852186)|STATEMENT_EXECUTE|[46]
04:08:00.46 (46853911)|STATEMENT_EXECUTE|[47]
04:08:00.46 (46860570)|METHOD_ENTRY|[47]||System.Network.getNetworkId()
04:08:00.46 (46891365)|METHOD_EXIT|[47]||System.Network.getNetworkId()
04:08:00.46 (46902716)|HEAP_ALLOCATE|[47]|Bytes:4
04:08:00.46 (46913199)|VARIABLE_SCOPE_BEGIN|[47]|networkId|Id|false|false
04:08:00.46 (47053169)|VARIABLE_ASSIGNMENT|[47]|networkId|"0DB28000000ZeTiGAK"
04:08:00.46 (47059278)|STATEMENT_EXECUTE|[48]
04:08:00.46 (47069402)|HEAP_ALLOCATE|[48]|Bytes:68
04:08:00.46 (47090850)|CONSTRUCTOR_ENTRY|[48]||<init>(Id,String)
04:08:00.46 (60854731)|VARIABLE_SCOPE_BEGIN|[48]|authConfig|Auth.AuthConfiguration|true|false
04:08:00.46 (60920374)|VARIABLE_ASSIGNMENT|[48]|authConfig|{"backgroundColor":"#B1BAC1","baseUrl":"https://eternusrnd-d (23 more) ...","communityUrl":"https://eternusrnd-d (24 more) ...","isCommunity":true,"logoUrl":"https://eternusrnd-d (39 more) ...","networkId":"0DB28000000ZeTiGAK","startUrl":"","urlPathPrefix":""}|0x56fdf9b9
04:08:00.46 (60927938)|STATEMENT_EXECUTE|[49]
04:08:00.46 (60937728)|METHOD_EXIT|[27]|01p28000007YwEc|LightningLoginFormController.getAuthConfig()
04:08:00.46 (60943321)|VARIABLE_SCOPE_BEGIN|[27]|authConfig|Auth.AuthConfiguration|true|false
04:08:00.46 (60968414)|VARIABLE_ASSIGNMENT|[27]|authConfig|{"backgroundColor":"#B1BAC1","baseUrl":"https://eternusrnd-d (23 more) ...","communityUrl":"https://eternusrnd-d (24 more) ...","isCommunity":true,"logoUrl":"https://eternusrnd-d (39 more) ...","networkId":"0DB28000000ZeTiGAK","startUrl":"","urlPathPrefix":""}|0x56fdf9b9
04:08:00.46 (60972338)|STATEMENT_EXECUTE|[28]
04:08:00.46 (60990291)|METHOD_ENTRY|[28]||Auth.AuthConfiguration.getSelfRegistrationEnabled()
04:08:00.46 (61071044)|METHOD_EXIT|[28]||Auth.AuthConfiguration.getSelfRegistrationEnabled()
04:08:00.46 (61079180)|HEAP_ALLOCATE|[28]|Bytes:5
04:08:00.46 (61091789)|SYSTEM_MODE_EXIT|false
04:08:00.61 (61140451)|CUMULATIVE_LIMIT_USAGE
04:08:00.61 (61140451)|LIMIT_USAGE_FOR_NS|(default)|
  Number of SOQL queries: 0 out of 100
  Number of query rows: 0 out of 50000
  Number of SOSL queries: 0 out of 20
  Number of DML statements: 0 out of 150
  Number of DML rows: 0 out of 10000
  Maximum CPU time: 0 out of 10000
  Maximum heap size: 0 out of 6000000
  Number of callouts: 0 out of 100
  Number of Email Invocations: 0 out of 10
  Number of future calls: 0 out of 50
  Number of queueable jobs added to the queue: 0 out of 50
  Number of Mobile Apex push calls: 0 out of 10

04:08:00.61 (61140451)|CUMULATIVE_LIMIT_USAGE_END

04:08:00.46 (61194233)|CODE_UNIT_FINISHED|LightningLoginFormController.getIsSelfRegistrationEnabled
04:08:00.46 (64001137)|EXECUTION_FINISHED
04:08:00.65 (65380972)|EXECUTION_STARTED
04:08:00.65 (65391075)|CODE_UNIT_STARTED|[EXTERNAL]|01p28000007YwEc|LightningLoginFormController.getForgotPasswordUrl
04:08:00.65 (65457659)|SYSTEM_MODE_ENTER|false
04:08:00.65 (65472340)|STATEMENT_EXECUTE|[41]
04:08:00.65 (65475881)|STATEMENT_EXECUTE|[42]
04:08:00.65 (65489005)|METHOD_ENTRY|[42]|01p28000007YwEc|LightningLoginFormController.getAuthConfig()
04:08:00.65 (65511866)|STATEMENT_EXECUTE|[46]
04:08:00.65 (65514876)|STATEMENT_EXECUTE|[47]
04:08:00.65 (65525295)|METHOD_ENTRY|[47]||System.Network.getNetworkId()
04:08:00.65 (65559069)|METHOD_EXIT|[47]||System.Network.getNetworkId()
04:08:00.65 (65574089)|HEAP_ALLOCATE|[47]|Bytes:4
04:08:00.65 (65585084)|VARIABLE_SCOPE_BEGIN|[47]|networkId|Id|false|false
04:08:00.65 (65723845)|VARIABLE_ASSIGNMENT|[47]|networkId|"0DB28000000ZeTiGAK"
04:08:00.65 (65730400)|STATEMENT_EXECUTE|[48]
04:08:00.65 (65740451)|HEAP_ALLOCATE|[48]|Bytes:68
04:08:00.65 (65763238)|CONSTRUCTOR_ENTRY|[48]||<init>(Id,String)
04:08:00.65 (77469263)|VARIABLE_SCOPE_BEGIN|[48]|authConfig|Auth.AuthConfiguration|true|false
04:08:00.65 (77525067)|VARIABLE_ASSIGNMENT|[48]|authConfig|{"backgroundColor":"#B1BAC1","baseUrl":"https://eternusrnd-d (23 more) ...","communityUrl":"https://eternusrnd-d (24 more) ...","isCommunity":true,"logoUrl":"https://eternusrnd-d (39 more) ...","networkId":"0DB28000000ZeTiGAK","startUrl":"","urlPathPrefix":""}|0x7c0fab91
04:08:00.65 (77532436)|STATEMENT_EXECUTE|[49]
04:08:00.65 (77542167)|METHOD_EXIT|[42]|01p28000007YwEc|LightningLoginFormController.getAuthConfig()
04:08:00.65 (77547919)|VARIABLE_SCOPE_BEGIN|[42]|authConfig|Auth.AuthConfiguration|true|false
04:08:00.65 (77572437)|VARIABLE_ASSIGNMENT|[42]|authConfig|{"backgroundColor":"#B1BAC1","baseUrl":"https://eternusrnd-d (23 more) ...","communityUrl":"https://eternusrnd-d (24 more) ...","isCommunity":true,"logoUrl":"https://eternusrnd-d (39 more) ...","networkId":"0DB28000000ZeTiGAK","startUrl":"","urlPathPrefix":""}|0x7c0fab91
04:08:00.65 (77576572)|STATEMENT_EXECUTE|[43]
04:08:00.65 (77591988)|METHOD_ENTRY|[43]||Auth.AuthConfiguration.getForgotPasswordUrl()
04:08:00.65 (79545936)|METHOD_EXIT|[43]||Auth.AuthConfiguration.getForgotPasswordUrl()
04:08:00.65 (79559179)|SYSTEM_MODE_EXIT|false
04:08:00.79 (79596275)|CUMULATIVE_LIMIT_USAGE
04:08:00.79 (79596275)|LIMIT_USAGE_FOR_NS|(default)|
  Number of SOQL queries: 0 out of 100
  Number of query rows: 0 out of 50000
  Number of SOSL queries: 0 out of 20
  Number of DML statements: 0 out of 150
  Number of DML rows: 0 out of 10000
  Maximum CPU time: 0 out of 10000
  Maximum heap size: 0 out of 6000000
  Number of callouts: 0 out of 100
  Number of Email Invocations: 0 out of 10
  Number of future calls: 0 out of 50
  Number of queueable jobs added to the queue: 0 out of 50
  Number of Mobile Apex push calls: 0 out of 10

04:08:00.79 (79596275)|CUMULATIVE_LIMIT_USAGE_END

04:08:00.65 (79636405)|CODE_UNIT_FINISHED|LightningLoginFormController.getForgotPasswordUrl
04:08:00.65 (83735489)|EXECUTION_FINISHED
04:08:00.85 (85753637)|EXECUTION_STARTED
04:08:00.85 (85766747)|CODE_UNIT_STARTED|[EXTERNAL]|01p28000007YwEc|LightningLoginFormController.getSelfRegistrationUrl
04:08:00.85 (85829317)|SYSTEM_MODE_ENTER|false
04:08:00.85 (85849007)|STATEMENT_EXECUTE|[32]
04:08:00.85 (85853617)|STATEMENT_EXECUTE|[33]
04:08:00.85 (85867639)|METHOD_ENTRY|[33]|01p28000007YwEc|LightningLoginFormController.getAuthConfig()
04:08:00.85 (85892318)|STATEMENT_EXECUTE|[46]
04:08:00.85 (85895529)|STATEMENT_EXECUTE|[47]
04:08:00.85 (85920302)|METHOD_ENTRY|[47]||System.Network.getNetworkId()
04:08:00.85 (85956141)|METHOD_EXIT|[47]||System.Network.getNetworkId()
04:08:00.85 (85969313)|HEAP_ALLOCATE|[47]|Bytes:4
04:08:00.85 (85981432)|VARIABLE_SCOPE_BEGIN|[47]|networkId|Id|false|false
04:08:00.85 (86119364)|VARIABLE_ASSIGNMENT|[47]|networkId|"0DB28000000ZeTiGAK"
04:08:00.85 (86126869)|STATEMENT_EXECUTE|[48]
04:08:00.85 (86135716)|HEAP_ALLOCATE|[48]|Bytes:68
04:08:00.85 (86158087)|CONSTRUCTOR_ENTRY|[48]||<init>(Id,String)
04:08:00.85 (97920612)|VARIABLE_SCOPE_BEGIN|[48]|authConfig|Auth.AuthConfiguration|true|false
04:08:00.85 (97980303)|VARIABLE_ASSIGNMENT|[48]|authConfig|{"backgroundColor":"#B1BAC1","baseUrl":"https://eternusrnd-d (23 more) ...","communityUrl":"https://eternusrnd-d (24 more) ...","isCommunity":true,"logoUrl":"https://eternusrnd-d (39 more) ...","networkId":"0DB28000000ZeTiGAK","startUrl":"","urlPathPrefix":""}|0x14850d26
04:08:00.85 (97987903)|STATEMENT_EXECUTE|[49]
04:08:00.85 (97997176)|METHOD_EXIT|[33]|01p28000007YwEc|LightningLoginFormController.getAuthConfig()
04:08:00.85 (98002666)|VARIABLE_SCOPE_BEGIN|[33]|authConfig|Auth.AuthConfiguration|true|false
04:08:00.85 (98028462)|VARIABLE_ASSIGNMENT|[33]|authConfig|{"backgroundColor":"#B1BAC1","baseUrl":"https://eternusrnd-d (23 more) ...","communityUrl":"https://eternusrnd-d (24 more) ...","isCommunity":true,"logoUrl":"https://eternusrnd-d (39 more) ...","networkId":"0DB28000000ZeTiGAK","startUrl":"","urlPathPrefix":""}|0x14850d26
04:08:00.85 (98045124)|METHOD_ENTRY|[34]||Auth.AuthConfiguration.getSelfRegistrationEnabled()
04:08:00.85 (98102378)|METHOD_EXIT|[34]||Auth.AuthConfiguration.getSelfRegistrationEnabled()
04:08:00.85 (98107230)|STATEMENT_EXECUTE|[34]
04:08:00.85 (98108891)|STATEMENT_EXECUTE|[37]
04:08:00.85 (98117516)|SYSTEM_MODE_EXIT|false
04:08:00.98 (98155814)|CUMULATIVE_LIMIT_USAGE
04:08:00.98 (98155814)|LIMIT_USAGE_FOR_NS|(default)|
  Number of SOQL queries: 0 out of 100
  Number of query rows: 0 out of 50000
  Number of SOSL queries: 0 out of 20
  Number of DML statements: 0 out of 150
  Number of DML rows: 0 out of 10000
  Maximum CPU time: 0 out of 10000
  Maximum heap size: 0 out of 6000000
  Number of callouts: 0 out of 100
  Number of Email Invocations: 0 out of 10
  Number of future calls: 0 out of 50
  Number of queueable jobs added to the queue: 0 out of 50
  Number of Mobile Apex push calls: 0 out of 10

04:08:00.98 (98155814)|CUMULATIVE_LIMIT_USAGE_END

04:08:00.85 (98196830)|CODE_UNIT_FINISHED|LightningLoginFormController.getSelfRegistrationUrl
04:08:00.85 (102313664)|EXECUTION_FINISHED
