36.0 APEX_CODE,FINEST;APEX_PROFILING,INFO;CALLOUT,INFO;DB,INFO;SYSTEM,DEBUG;VALIDATION,INFO;VISUALFORCE,INFO;WORKFLOW,INFO
04:33:59.0 (653232)|EXECUTION_STARTED
04:33:59.0 (689251)|CODE_UNIT_STARTED|[EXTERNAL]|01p280000085nGQ|PatientWrapperController.sysncFitBitData
04:33:59.0 (1804830)|HEAP_ALLOCATE|[72]|Bytes:3
04:33:59.0 (1849220)|HEAP_ALLOCATE|[77]|Bytes:152
04:33:59.0 (1872621)|HEAP_ALLOCATE|[342]|Bytes:408
04:33:59.0 (1899779)|HEAP_ALLOCATE|[355]|Bytes:408
04:33:59.0 (1929406)|HEAP_ALLOCATE|[467]|Bytes:48
04:33:59.0 (1966460)|HEAP_ALLOCATE|[139]|Bytes:6
04:33:59.0 (1990978)|HEAP_ALLOCATE|[EXTERNAL]|Bytes:7
04:33:59.0 (1996586)|HEAP_ALLOCATE|[EXTERNAL]|Bytes:14
04:33:59.0 (2014401)|METHOD_ENTRY|[1]|01p280000085nGQ|PatientWrapperController.PatientWrapperController()
04:33:59.0 (2020732)|STATEMENT_EXECUTE|[1]
04:33:59.0 (2027678)|STATEMENT_EXECUTE|[1]
04:33:59.0 (2036343)|METHOD_EXIT|[1]|PatientWrapperController
04:33:59.0 (2054477)|SYSTEM_MODE_ENTER|false
04:33:59.0 (2070527)|STATEMENT_EXECUTE|[72]
04:33:59.0 (2073242)|STATEMENT_EXECUTE|[74]
04:33:59.0 (2078456)|HEAP_ALLOCATE|[74]|Bytes:157
04:33:59.0 (2087670)|VARIABLE_SCOPE_BEGIN|[74]|query|String|false|false
04:33:59.0 (2130299)|VARIABLE_ASSIGNMENT|[74]|query|"SELECT Patient_Id__c (137 more) ..."
04:33:59.0 (2135204)|STATEMENT_EXECUTE|[76]
04:33:59.0 (2190000)|HEAP_ALLOCATE|[50]|Bytes:5
04:33:59.0 (2223849)|HEAP_ALLOCATE|[56]|Bytes:5
04:33:59.0 (2240534)|HEAP_ALLOCATE|[64]|Bytes:7
04:33:59.0 (3969545)|SOQL_EXECUTE_BEGIN|[76]|Aggregations:0|SELECT Patient_Id__c, Full_Name__c, Gender__c, Steps_Completed__c, Goal__c, Height__c FROM Patient__c where Patient_Id__c = '4LR2VZ' ORDER BY createdDate ASC
04:33:59.0 (9424886)|SOQL_EXECUTE_END|[76]|Rows:1
04:33:59.0 (9441035)|HEAP_ALLOCATE|[76]|Bytes:8
04:33:59.0 (9458869)|HEAP_ALLOCATE|[76]|Bytes:250
04:33:59.0 (9518720)|HEAP_ALLOCATE|[76]|Bytes:8
04:33:59.0 (9540210)|VARIABLE_SCOPE_BEGIN|[76]|patientList|List<Patient__c>|true|false
04:33:59.0 (9582081)|VARIABLE_ASSIGNMENT|[76]|patientList|{"s":1,"v":[{"s":2,"v":{"Patient_Id__c":"4LR2VZ","Full_Name__c":"Purushottam","Gender__c":"Male","Steps_Completed__c":1000,"Goal__c":5000,"Height__c":5.00,"Id":"a012800000SBjJTAA1"}}]}|0x6cced42
04:33:59.0 (9587424)|STATEMENT_EXECUTE|[77]
04:33:59.0 (9635144)|HEAP_ALLOCATE|[77]|Bytes:4
04:33:59.0 (9680104)|HEAP_ALLOCATE|[77]|Bytes:10
04:33:59.0 (9691983)|VARIABLE_SCOPE_BEGIN|[77]|todaysDate|String|false|false
04:33:59.0 (9699899)|VARIABLE_ASSIGNMENT|[77]|todaysDate|"2016-05-23"
04:33:59.0 (9702632)|STATEMENT_EXECUTE|[78]
04:33:59.0 (9706283)|HEAP_ALLOCATE|[78]|Bytes:9
04:33:59.0 (9753347)|HEAP_ALLOCATE|[78]|Bytes:10
04:33:59.0 (9768598)|VARIABLE_ASSIGNMENT|[78]|todaysDate|"2016-05-23"
04:33:59.0 (9771357)|STATEMENT_EXECUTE|[79]
04:33:59.0 (9777847)|HEAP_ALLOCATE|[79]|Bytes:4
04:33:59.0 (9837502)|VARIABLE_SCOPE_BEGIN|[79]|patientListToUpdate|List<Patient__c>|true|false
04:33:59.0 (9845079)|HEAP_ALLOCATE|[EXTERNAL]|Bytes:4
04:33:59.0 (9854634)|VARIABLE_ASSIGNMENT|[79]|patientListToUpdate|{"s":1,"v":[]}|0x76444a3
04:33:59.0 (9991274)|HEAP_ALLOCATE|[80]|Bytes:5
04:33:59.0 (10031577)|HEAP_ALLOCATE|[80]|Bytes:32
04:33:59.0 (10042769)|VARIABLE_SCOPE_BEGIN|[80]|patient|Patient__c|true|false
04:33:59.0 (10060937)|VARIABLE_ASSIGNMENT|[80]|patient|{"s":1,"v":{"Patient_Id__c":"4LR2VZ","Full_Name__c":"Purushottam","Gender__c":"Male","Steps_Completed__c":1000,"Goal__c":5000,"Height__c":5.00,"Id":"a012800000SBjJTAA1"}}|0x4a846de5
04:33:59.0 (10064915)|STATEMENT_EXECUTE|[80]
04:33:59.0 (10066397)|STATEMENT_EXECUTE|[81]
04:33:59.0 (10071792)|VARIABLE_SCOPE_BEGIN|[81]|stepsCompleted|Integer|false|false
04:33:59.0 (10075877)|HEAP_ALLOCATE|[81]|Bytes:4
04:33:59.0 (10080473)|VARIABLE_ASSIGNMENT|[81]|stepsCompleted|0
04:33:59.0 (10082398)|STATEMENT_EXECUTE|[82]
04:33:59.0 (12579916)|VARIABLE_SCOPE_BEGIN|[6]|FitForceUtility.ACTIVITY_API|String|false|true
04:33:59.0 (12588470)|VARIABLE_SCOPE_BEGIN|[3]|FitForceUtility.GET|String|false|true
04:33:59.0 (12592396)|VARIABLE_SCOPE_BEGIN|[4]|FitForceUtility.POST|String|false|true
04:33:59.0 (12595935)|VARIABLE_SCOPE_BEGIN|[5]|FitForceUtility.PROFILE_API|String|false|true
04:33:59.0 (12605283)|HEAP_ALLOCATE|[82]|Bytes:2
04:33:59.0 (12611496)|HEAP_ALLOCATE|[82]|Bytes:2
04:33:59.0 (12633298)|METHOD_ENTRY|[1]|01p280000085crs|FitForceUtility.FitForceUtility()
04:33:59.0 (12637364)|STATEMENT_EXECUTE|[1]
04:33:59.0 (12641563)|STATEMENT_EXECUTE|[1]
04:33:59.0 (12649881)|HEAP_ALLOCATE|[3]|Bytes:5
04:33:59.0 (12653356)|STATEMENT_EXECUTE|[3]
04:33:59.0 (12655849)|HEAP_ALLOCATE|[3]|Bytes:3
04:33:59.0 (12668366)|VARIABLE_ASSIGNMENT|[3]|FitForceUtility.GET|"GET"
04:33:59.0 (12670811)|STATEMENT_EXECUTE|[4]
04:33:59.0 (12672923)|HEAP_ALLOCATE|[4]|Bytes:4
04:33:59.0 (12685193)|VARIABLE_ASSIGNMENT|[4]|FitForceUtility.POST|"POST"
04:33:59.0 (12687630)|STATEMENT_EXECUTE|[5]
04:33:59.0 (12692751)|VARIABLE_ASSIGNMENT|[5]|FitForceUtility.PROFILE_API|""
04:33:59.0 (12694859)|STATEMENT_EXECUTE|[6]
04:33:59.0 (12699416)|VARIABLE_ASSIGNMENT|[6]|FitForceUtility.ACTIVITY_API|""
04:33:59.0 (12701370)|STATEMENT_EXECUTE|[7]
04:33:59.0 (12702487)|STATEMENT_EXECUTE|[8]
04:33:59.0 (12705091)|HEAP_ALLOCATE|[8]|Bytes:17
04:33:59.0 (12709238)|VARIABLE_SCOPE_BEGIN|[8]|BASE_URL|String|false|false
04:33:59.0 (12715052)|VARIABLE_ASSIGNMENT|[8]|BASE_URL|"callout:FitForce/"
04:33:59.0 (12716981)|STATEMENT_EXECUTE|[9]
04:33:59.0 (12719272)|HEAP_ALLOCATE|[9]|Bytes:21
04:33:59.0 (12729938)|HEAP_ALLOCATE|[9]|Bytes:38
04:33:59.0 (12740202)|VARIABLE_ASSIGNMENT|[9]|FitForceUtility.PROFILE_API|"callout:FitForce/1/u (18 more) ..."
04:33:59.0 (12742795)|STATEMENT_EXECUTE|[10]
04:33:59.0 (12745349)|HEAP_ALLOCATE|[10]|Bytes:35
04:33:59.0 (12750164)|HEAP_ALLOCATE|[10]|Bytes:52
04:33:59.0 (12757606)|VARIABLE_ASSIGNMENT|[10]|FitForceUtility.ACTIVITY_API|"callout:FitForce/1/u (32 more) ..."
04:33:59.0 (12769649)|METHOD_EXIT|[1]|FitForceUtility
04:33:59.0 (12776780)|HEAP_ALLOCATE|[82]|Bytes:5
04:33:59.0 (12815799)|HEAP_ALLOCATE|[82]|Bytes:57
04:33:59.0 (12828840)|VARIABLE_SCOPE_BEGIN|[82]|url|String|false|false
04:33:59.0 (12837051)|VARIABLE_ASSIGNMENT|[82]|url|"callout:FitForce/1/u (37 more) ..."
04:33:59.0 (12839730)|STATEMENT_EXECUTE|[83]
04:33:59.0 (12868166)|METHOD_ENTRY|[83]|01p280000085crs|FitForceUtility.doHTTPCallout(String, String)
04:33:59.0 (12887138)|VARIABLE_SCOPE_BEGIN|[13]|methodType|String|false|false
04:33:59.0 (12893200)|VARIABLE_ASSIGNMENT|[13]|methodType|"GET"
04:33:59.0 (12895838)|VARIABLE_SCOPE_BEGIN|[13]|url|String|false|false
04:33:59.0 (12899913)|VARIABLE_ASSIGNMENT|[13]|url|"callout:FitForce/1/u (37 more) ..."
04:33:59.0 (12907582)|HEAP_ALLOCATE|[14]|Bytes:5
04:33:59.0 (12910812)|STATEMENT_EXECUTE|[13]
04:33:59.0 (12912022)|STATEMENT_EXECUTE|[14]
04:33:59.0 (12915054)|VARIABLE_SCOPE_BEGIN|[14]|response|String|false|false
04:33:59.0 (12919063)|VARIABLE_ASSIGNMENT|[14]|response|""
04:33:59.0 (12974063)|STATEMENT_EXECUTE|[15]
04:33:59.0 (12976708)|STATEMENT_EXECUTE|[18]
04:33:59.0 (13004652)|VARIABLE_SCOPE_BEGIN|[18]|httpRequest|System.HttpRequest|true|false
04:33:59.0 (13116441)|VARIABLE_ASSIGNMENT|[18]|httpRequest|"System.HttpRequest[Endpoint=null, Method=null]"|0x5fe91493
04:33:59.0 (13121568)|STATEMENT_EXECUTE|[19]
04:33:59.0 (13139469)|VARIABLE_SCOPE_BEGIN|[19]|http|System.Http|true|false
04:33:59.0 (13193729)|VARIABLE_ASSIGNMENT|[19]|http|"System.Http[]"|0x1bb26973
04:33:59.0 (13197898)|STATEMENT_EXECUTE|[20]
04:33:59.0 (13252387)|STATEMENT_EXECUTE|[21]
04:33:59.0 (13277657)|STATEMENT_EXECUTE|[22]
04:33:59.0 (13341037)|CALLOUT_REQUEST|[22]|System.HttpRequest[Endpoint=callout:FitForce/1/user/-/activities/date/2016-05-23.json, Method=GET]
04:33:59.0 (733270555)|HEAP_ALLOCATE|[EXTERNAL]|Bytes:971
04:33:59.0 (733333734)|CALLOUT_RESPONSE|[22]|System.HttpResponse[Status=OK, StatusCode=200]
04:33:59.0 (733351811)|HEAP_ALLOCATE|[22]|Bytes:614
04:33:59.0 (733376889)|VARIABLE_SCOPE_BEGIN|[22]|httpResponse|System.HttpResponse|true|false
04:33:59.0 (733463884)|VARIABLE_ASSIGNMENT|[22]|httpResponse|"System.HttpResponse[Status=OK, StatusCode=200]"|0x306893d7
04:33:59.0 (733470012)|STATEMENT_EXECUTE|[23]
04:33:59.0 (733572523)|HEAP_ALLOCATE|[23]|Bytes:608
04:33:59.0 (733592102)|VARIABLE_ASSIGNMENT|[23]|response|"{\"activities\":[],\"go (588 more) ..."
04:33:59.0 (733595764)|STATEMENT_EXECUTE|[24]
04:33:59.0 (733599973)|HEAP_ALLOCATE|[24]|Bytes:17
04:33:59.0 (733614758)|HEAP_ALLOCATE|[24]|Bytes:625
04:33:59.0 (733675451)|USER_DEBUG|[24]|DEBUG|Server Response :{"activities":[],"goals":{"activeMinutes":30,"caloriesOut":2655,"distance":8.05,"steps":10000},"summary":{"activeScore":-1,"activityCalories":0,"caloriesBMR":1076,"caloriesOut":1076,"distances":[{"activity":"total","distance":0},{"activity":"tracker","distance":0},{"activity":"loggedActivities","distance":0},{"activity":"veryActive","distance":0},{"activity":"moderatelyActive","distance":0},{"activity":"lightlyActive","distance":0},{"activity":"sedentaryActive","distance":0}],"fairlyActiveMinutes":0,"lightlyActiveMinutes":0,"marginalCalories":0,"sedentaryMinutes":1023,"steps":0,"veryActiveMinutes":0}}
04:33:59.0 (733692202)|STATEMENT_EXECUTE|[25]
04:33:59.0 (733711733)|METHOD_EXIT|[83]|01p280000085crs|FitForceUtility.doHTTPCallout(String, String)
04:33:59.0 (733721170)|VARIABLE_SCOPE_BEGIN|[83]|activityJson|String|false|false
04:33:59.0 (733736684)|VARIABLE_ASSIGNMENT|[83]|activityJson|"{\"activities\":[],\"go (588 more) ..."
04:33:59.0 (733740413)|STATEMENT_EXECUTE|[84]
04:33:59.0 (733745831)|HEAP_ALLOCATE|[84]|Bytes:15
04:33:59.0 (733815425)|HEAP_ALLOCATE|[84]|Bytes:24
04:33:59.0 (733835809)|SYSTEM_METHOD_ENTRY|[1]|Type.Type()
04:33:59.0 (733839145)|STATEMENT_EXECUTE|[1]
04:33:59.0 (733851625)|SYSTEM_METHOD_EXIT|[1]|Type
04:33:59.0 (733878501)|METHOD_ENTRY|[84]||System.Type.forName(String)
04:33:59.0 (741900753)|METHOD_EXIT|[84]||System.Type.forName(String)
04:33:59.0 (741953286)|HEAP_ALLOCATE|[84]|Bytes:18
04:33:59.0 (741973397)|SYSTEM_METHOD_ENTRY|[1]|JSON.JSON()
04:33:59.0 (741978440)|STATEMENT_EXECUTE|[1]
04:33:59.0 (741994020)|SYSTEM_METHOD_EXIT|[1]|JSON
04:33:59.0 (742011798)|METHOD_ENTRY|[84]||System.JSON.deserialize(String, System.Type)
04:33:59.0 (742234952)|STATEMENT_EXECUTE|[1]
04:33:59.0 (742237767)|STATEMENT_EXECUTE|[4]
04:33:59.0 (742239043)|STATEMENT_EXECUTE|[21]
04:33:59.0 (742240254)|STATEMENT_EXECUTE|[34]
04:33:59.0 (743794003)|METHOD_EXIT|[84]||System.JSON.deserialize(String, System.Type)
04:33:59.0 (743809869)|VARIABLE_SCOPE_BEGIN|[84]|activityWrapper|ActivityWrapper|true|false
04:33:59.0 (743868843)|VARIABLE_ASSIGNMENT|[84]|activityWrapper|{"activities":"0x1f7b6d8b","summary":"0x67527624"}|0x43d5872b
04:33:59.0 (743873819)|STATEMENT_EXECUTE|[85]
04:33:59.0 (743878710)|HEAP_ALLOCATE|[85]|Bytes:17
04:33:59.0 (744056787)|HEAP_ALLOCATE|[85]|Bytes:594
04:33:59.0 (744078221)|HEAP_ALLOCATE|[85]|Bytes:611
04:33:59.0 (744091029)|USER_DEBUG|[85]|DEBUG|activityWrapper :ActivityWrapper:[activities=(), summary=Summary:[activeScore=-1, activityCalories=0, caloriesBMR=1076, caloriesOut=1076, distances=(Distances:[activity=total, distance=0.0], Distances:[activity=tracker, distance=0.0], Distances:[activity=loggedActivities, distance=0.0], Distances:[activity=veryActive, distance=0.0], Distances:[activity=moderatelyActive, distance=0.0], Distances:[activity=lightlyActive, distance=0.0], Distances:[activity=sedentaryActive, distance=0.0]), fairlyActiveMinutes=0, lightlyActiveMinutes=0, marginalCalories=0, sedentaryMinutes=1023, steps=0, veryActiveMinutes=0]]
04:33:59.0 (744216918)|HEAP_ALLOCATE|[86]|Bytes:5
04:33:59.0 (744235244)|VARIABLE_ASSIGNMENT|[86]|act|null|
04:33:59.0 (744239715)|STATEMENT_EXECUTE|[86]
04:33:59.0 (744250556)|HEAP_ALLOCATE|[80]|Bytes:5
04:33:59.0 (744261641)|VARIABLE_ASSIGNMENT|[80]|patient|null|
04:33:59.0 (744264556)|STATEMENT_EXECUTE|[94]
04:33:59.0 (744351965)|HEAP_ALLOCATE|[EXTERNAL]|Bytes:4
04:33:59.0 (744361993)|STATEMENT_EXECUTE|[95]
04:33:59.0 (744366835)|HEAP_ALLOCATE|[95]|Bytes:14
04:33:59.0 (744405847)|HEAP_ALLOCATE|[95]|Bytes:2
04:33:59.0 (744420045)|HEAP_ALLOCATE|[95]|Bytes:16
04:33:59.0 (744429891)|USER_DEBUG|[95]|DEBUG|Updated List :()
04:33:59.0 (744434641)|STATEMENT_EXECUTE|[98]
04:33:59.0 (744441101)|HEAP_ALLOCATE|[98]|Bytes:4
04:33:59.0 (744479659)|VARIABLE_SCOPE_BEGIN|[98]|wcList|List<PatientWrapper>|true|false
04:33:59.0 (744490858)|HEAP_ALLOCATE|[EXTERNAL]|Bytes:4
04:33:59.0 (744504471)|VARIABLE_ASSIGNMENT|[98]|wcList|{"s":1,"v":[]}|0x52f97fb7
04:33:59.0 (744532725)|STATEMENT_EXECUTE|[99]
04:33:59.0 (744534862)|STATEMENT_EXECUTE|[114]
04:33:59.0 (744543054)|SYSTEM_MODE_EXIT|false
04:33:59.746 (746516658)|CUMULATIVE_LIMIT_USAGE
04:33:59.746 (746516658)|LIMIT_USAGE_FOR_NS|(default)|
  Number of SOQL queries: 1 out of 100
  Number of query rows: 1 out of 50000
  Number of SOSL queries: 0 out of 20
  Number of DML statements: 0 out of 150
  Number of DML rows: 0 out of 10000
  Maximum CPU time: 0 out of 10000
  Maximum heap size: 0 out of 6000000
  Number of callouts: 1 out of 100
  Number of Email Invocations: 0 out of 10
  Number of future calls: 0 out of 50
  Number of queueable jobs added to the queue: 0 out of 50
  Number of Mobile Apex push calls: 0 out of 10

04:33:59.746 (746516658)|CUMULATIVE_LIMIT_USAGE_END

04:33:59.0 (746570908)|CODE_UNIT_FINISHED|PatientWrapperController.sysncFitBitData
04:33:59.0 (747820068)|EXECUTION_FINISHED
