36.0 APEX_CODE,FINEST;APEX_PROFILING,INFO;CALLOUT,INFO;DB,INFO;SYSTEM,DEBUG;VALIDATION,INFO;VISUALFORCE,INFO;WORKFLOW,INFO
04:34:17.0 (70861)|EXECUTION_STARTED
04:34:17.0 (108993)|CODE_UNIT_STARTED|[EXTERNAL]|aura
04:34:17.0 (681636)|HEAP_ALLOCATE|[72]|Bytes:3
04:34:17.0 (736101)|HEAP_ALLOCATE|[77]|Bytes:152
04:34:17.0 (751269)|HEAP_ALLOCATE|[342]|Bytes:408
04:34:17.0 (768226)|HEAP_ALLOCATE|[355]|Bytes:408
04:34:17.0 (784674)|HEAP_ALLOCATE|[467]|Bytes:48
04:34:17.0 (841264)|HEAP_ALLOCATE|[139]|Bytes:6
04:34:17.0 (863564)|HEAP_ALLOCATE|[EXTERNAL]|Bytes:6
04:34:17.0 (892213)|HEAP_ALLOCATE|[EXTERNAL]|Bytes:6
04:34:17.0 (2213105)|CODE_UNIT_STARTED|[EXTERNAL]|01p280000085nGQ|PatientWrapperController.getPatientsById
04:34:17.0 (2376273)|HEAP_ALLOCATE|[EXTERNAL]|Bytes:7
04:34:17.0 (2382607)|HEAP_ALLOCATE|[EXTERNAL]|Bytes:14
04:34:17.0 (2419432)|METHOD_ENTRY|[1]|01p280000085nGQ|PatientWrapperController.PatientWrapperController()
04:34:17.0 (2423951)|STATEMENT_EXECUTE|[1]
04:34:17.0 (2430648)|STATEMENT_EXECUTE|[1]
04:34:17.0 (2449921)|METHOD_EXIT|[1]|PatientWrapperController
04:34:17.0 (2455397)|HEAP_ALLOCATE|[EXTERNAL]|Bytes:6
04:34:17.0 (2464353)|SYSTEM_MODE_ENTER|false
04:34:17.0 (2566725)|VARIABLE_SCOPE_BEGIN|[36]|patientId|String|false|false
04:34:17.0 (2695375)|VARIABLE_ASSIGNMENT|[36]|patientId|"4LR2VZ"
04:34:17.0 (2711641)|STATEMENT_EXECUTE|[36]
04:34:17.0 (2714880)|STATEMENT_EXECUTE|[38]
04:34:17.0 (2733679)|HEAP_ALLOCATE|[38]|Bytes:185
04:34:17.0 (2744285)|VARIABLE_SCOPE_BEGIN|[38]|query|String|false|false
04:34:17.0 (2761122)|VARIABLE_ASSIGNMENT|[38]|query|"SELECT Patient_Id__c (165 more) ..."
04:34:17.0 (2765807)|STATEMENT_EXECUTE|[39]
04:34:17.0 (2812748)|HEAP_ALLOCATE|[50]|Bytes:5
04:34:17.0 (2845379)|HEAP_ALLOCATE|[56]|Bytes:5
04:34:17.0 (2862789)|HEAP_ALLOCATE|[64]|Bytes:7
04:34:17.0 (3624886)|SOQL_EXECUTE_BEGIN|[39]|Aggregations:0|SELECT Patient_Id__c, Full_Name__c, Gender__c, Steps_Completed__c, Goal__c, Height__c, Heart_Rate__c, Weight__c FROM Patient__c where Patient_Id__c = :patientId ORDER BY createdDate ASC
04:34:17.0 (7531719)|SOQL_EXECUTE_END|[39]|Rows:1
04:34:17.0 (7548887)|HEAP_ALLOCATE|[39]|Bytes:8
04:34:17.0 (7566954)|HEAP_ALLOCATE|[39]|Bytes:352
04:34:17.0 (7666918)|HEAP_ALLOCATE|[39]|Bytes:8
04:34:17.0 (7721769)|VARIABLE_SCOPE_BEGIN|[39]|patientList|List<Patient__c>|true|false
04:34:17.0 (7765133)|VARIABLE_ASSIGNMENT|[39]|patientList|{"s":1,"v":[{"s":2,"v":{"Patient_Id__c":"4LR2VZ","Full_Name__c":"Purushottam","Gender__c":"Male","Steps_Completed__c":1000,"Goal__c":5000,"Height__c":5.00,"Heart_Rate__c":65,"Weight__c":50.00,"Id":"a012800000SBjJTAA1"}}]}|0x41277861
04:34:17.0 (7770323)|STATEMENT_EXECUTE|[40]
04:34:17.0 (7777935)|VARIABLE_SCOPE_BEGIN|[40]|wrapperObj|PatientWrapper|true|false
04:34:17.0 (7783967)|VARIABLE_ASSIGNMENT|[40]|wrapperObj|null|
04:34:17.0 (7785739)|STATEMENT_EXECUTE|[41]
04:34:17.0 (7789915)|HEAP_ALLOCATE|[41]|Bytes:15
04:34:17.0 (7903797)|HEAP_ALLOCATE|[41]|Bytes:190
04:34:17.0 (7925755)|HEAP_ALLOCATE|[41]|Bytes:205
04:34:17.0 (7946330)|USER_DEBUG|[41]|DEBUG|patientList => (Patient__c:{Patient_Id__c=4LR2VZ, Full_Name__c=Purushottam, Gender__c=Male, Steps_Completed__c=1000, Goal__c=5000, Height__c=5.00, Heart_Rate__c=65, Weight__c=50.00, Id=a012800000SBjJTAA1})
04:34:17.0 (8168810)|HEAP_ALLOCATE|[42]|Bytes:5
04:34:17.0 (8233528)|HEAP_ALLOCATE|[42]|Bytes:40
04:34:17.0 (8246503)|VARIABLE_SCOPE_BEGIN|[42]|patient|Patient__c|true|false
04:34:17.0 (8267025)|VARIABLE_ASSIGNMENT|[42]|patient|{"s":1,"v":{"Patient_Id__c":"4LR2VZ","Full_Name__c":"Purushottam","Gender__c":"Male","Steps_Completed__c":1000,"Goal__c":5000,"Height__c":5.00,"Heart_Rate__c":65,"Weight__c":50.00,"Id":"a012800000SBjJTAA1"}}|0x4696c8d4
04:34:17.0 (8271368)|STATEMENT_EXECUTE|[42]
04:34:17.0 (8273021)|STATEMENT_EXECUTE|[43]
04:34:17.0 (8288392)|METHOD_ENTRY|[1]|01p280000085nGG|PatientWrapper.PatientWrapper()
04:34:17.0 (8291949)|STATEMENT_EXECUTE|[1]
04:34:17.0 (8295097)|STATEMENT_EXECUTE|[1]
04:34:17.0 (8301569)|METHOD_EXIT|[1]|PatientWrapper
04:34:17.0 (8307939)|HEAP_ALLOCATE|[43]|Bytes:36
04:34:17.0 (8338859)|CONSTRUCTOR_ENTRY|[43]|01p280000085nGG|<init>()
04:34:17.0 (8368124)|VARIABLE_SCOPE_BEGIN|[1]|this|PatientWrapper|true|false
04:34:17.0 (8401273)|VARIABLE_ASSIGNMENT|[1]|this|{}|0x64ce5277
04:34:17.0 (8411424)|HEAP_ALLOCATE|[EXTERNAL]|Bytes:6
04:34:17.0 (8439766)|STATEMENT_EXECUTE|[1]
04:34:17.0 (8442099)|STATEMENT_EXECUTE|[3]
04:34:17.0 (8443253)|STATEMENT_EXECUTE|[6]
04:34:17.0 (8444320)|STATEMENT_EXECUTE|[9]
04:34:17.0 (8445348)|STATEMENT_EXECUTE|[12]
04:34:17.0 (8446594)|STATEMENT_EXECUTE|[15]
04:34:17.0 (8447624)|STATEMENT_EXECUTE|[18]
04:34:17.0 (8448700)|STATEMENT_EXECUTE|[21]
04:34:17.0 (8449980)|STATEMENT_EXECUTE|[24]
04:34:17.0 (8473716)|CONSTRUCTOR_EXIT|[43]|01p280000085nGG|<init>()
04:34:17.0 (8497946)|VARIABLE_ASSIGNMENT|[43]|wrapperObj|{}|0x64ce5277
04:34:17.0 (8501320)|STATEMENT_EXECUTE|[45]
04:34:17.0 (8535598)|HEAP_ALLOCATE|[45]|Bytes:18
04:34:17.0 (8562570)|VARIABLE_ASSIGNMENT|[45]|this.id|"a012800000SBjJTAA1"|0x64ce5277
04:34:17.0 (8566439)|STATEMENT_EXECUTE|[46]
04:34:17.0 (8591353)|VARIABLE_ASSIGNMENT|[46]|this.name|"Purushottam"|0x64ce5277
04:34:17.0 (8594371)|STATEMENT_EXECUTE|[47]
04:34:17.0 (8634501)|HEAP_ALLOCATE|[47]|Bytes:12
04:34:17.0 (8648173)|VARIABLE_ASSIGNMENT|[47]|this.steps|1000.0|0x64ce5277
04:34:17.0 (8650704)|STATEMENT_EXECUTE|[48]
04:34:17.0 (8671234)|HEAP_ALLOCATE|[48]|Bytes:12
04:34:17.0 (8679815)|VARIABLE_ASSIGNMENT|[48]|this.goal|5000.0|0x64ce5277
04:34:17.0 (8681962)|STATEMENT_EXECUTE|[49]
04:34:17.0 (8697524)|HEAP_ALLOCATE|[49]|Bytes:12
04:34:17.0 (8709168)|VARIABLE_ASSIGNMENT|[49]|this.heartRate|65.0|0x64ce5277
04:34:17.0 (8711673)|STATEMENT_EXECUTE|[50]
04:34:17.0 (8729124)|HEAP_ALLOCATE|[50]|Bytes:12
04:34:17.0 (8737632)|VARIABLE_ASSIGNMENT|[50]|this.height|5.0|0x64ce5277
04:34:17.0 (8739725)|STATEMENT_EXECUTE|[51]
04:34:17.0 (8755268)|HEAP_ALLOCATE|[51]|Bytes:12
04:34:17.0 (8763671)|VARIABLE_ASSIGNMENT|[51]|this.weight|50.0|0x64ce5277
04:34:17.0 (8765910)|STATEMENT_EXECUTE|[52]
04:34:17.0 (8784228)|VARIABLE_ASSIGNMENT|[52]|this.patient_Id|"4LR2VZ"|0x64ce5277
04:34:17.0 (8798324)|HEAP_ALLOCATE|[42]|Bytes:5
04:34:17.0 (8811076)|VARIABLE_ASSIGNMENT|[42]|patient|null|
04:34:17.0 (8814377)|STATEMENT_EXECUTE|[56]
04:34:17.0 (8817321)|HEAP_ALLOCATE|[56]|Bytes:14
04:34:17.0 (8879064)|HEAP_ALLOCATE|[56]|Bytes:143
04:34:17.0 (8894660)|HEAP_ALLOCATE|[56]|Bytes:157
04:34:17.0 (8905365)|USER_DEBUG|[56]|DEBUG|wrapperObj => PatientWrapper:[goal=5000.0, heartRate=65.0, height=5.0, id=a012800000SBjJTAA1, name=Purushottam, patient_Id=4LR2VZ, steps=1000.0, weight=50.0]
04:34:17.0 (8911321)|STATEMENT_EXECUTE|[57]
04:34:17.0 (8919164)|SYSTEM_MODE_EXIT|false
04:34:17.8 (8962956)|CUMULATIVE_LIMIT_USAGE
04:34:17.8 (8962956)|LIMIT_USAGE_FOR_NS|(default)|
  Number of SOQL queries: 1 out of 100
  Number of query rows: 1 out of 50000
  Number of SOSL queries: 0 out of 20
  Number of DML statements: 0 out of 150
  Number of DML rows: 0 out of 10000
  Maximum CPU time: 0 out of 10000
  Maximum heap size: 0 out of 6000000
  Number of callouts: 0 out of 100
  Number of Email Invocations: 0 out of 10
  Number of future calls: 0 out of 50
  Number of queueable jobs added to the queue: 0 out of 50
  Number of Mobile Apex push calls: 0 out of 10

04:34:17.8 (8962956)|CUMULATIVE_LIMIT_USAGE_END

04:34:17.0 (9010549)|CODE_UNIT_FINISHED|PatientWrapperController.getPatientsById
04:34:17.0 (10762257)|CODE_UNIT_STARTED|[EXTERNAL]|Aura
04:34:17.0 (10814583)|CODE_UNIT_FINISHED|Aura
