36.0 APEX_CODE,FINEST;APEX_PROFILING,INFO;CALLOUT,INFO;DB,INFO;SYSTEM,DEBUG;VALIDATION,INFO;VISUALFORCE,INFO;WORKFLOW,INFO
03:07:32.0 (57712)|EXECUTION_STARTED
03:07:32.0 (90563)|CODE_UNIT_STARTED|[EXTERNAL]|aura
03:07:32.0 (644209)|HEAP_ALLOCATE|[72]|Bytes:3
03:07:32.0 (692196)|HEAP_ALLOCATE|[77]|Bytes:152
03:07:32.0 (708166)|HEAP_ALLOCATE|[342]|Bytes:408
03:07:32.0 (723265)|HEAP_ALLOCATE|[355]|Bytes:408
03:07:32.0 (737605)|HEAP_ALLOCATE|[467]|Bytes:48
03:07:32.0 (763226)|HEAP_ALLOCATE|[139]|Bytes:6
03:07:32.0 (784039)|HEAP_ALLOCATE|[EXTERNAL]|Bytes:6
03:07:32.0 (799625)|HEAP_ALLOCATE|[EXTERNAL]|Bytes:6
03:07:32.0 (2232379)|CODE_UNIT_STARTED|[EXTERNAL]|01p280000085nGQ|PatientWrapperController.getPatientsById
03:07:32.0 (2322679)|HEAP_ALLOCATE|[EXTERNAL]|Bytes:7
03:07:32.0 (2328278)|HEAP_ALLOCATE|[EXTERNAL]|Bytes:14
03:07:32.0 (2344052)|METHOD_ENTRY|[1]|01p280000085nGQ|PatientWrapperController.PatientWrapperController()
03:07:32.0 (2348249)|STATEMENT_EXECUTE|[1]
03:07:32.0 (2354961)|STATEMENT_EXECUTE|[1]
03:07:32.0 (2361425)|METHOD_EXIT|[1]|PatientWrapperController
03:07:32.0 (2365571)|HEAP_ALLOCATE|[EXTERNAL]|Bytes:6
03:07:32.0 (2378352)|SYSTEM_MODE_ENTER|false
03:07:32.0 (2390667)|VARIABLE_SCOPE_BEGIN|[36]|patientId|String|false|false
03:07:32.0 (2415382)|VARIABLE_ASSIGNMENT|[36]|patientId|"P00003"
03:07:32.0 (2426566)|STATEMENT_EXECUTE|[36]
03:07:32.0 (2428315)|STATEMENT_EXECUTE|[38]
03:07:32.0 (2432723)|HEAP_ALLOCATE|[38]|Bytes:185
03:07:32.0 (2438123)|VARIABLE_SCOPE_BEGIN|[38]|query|String|false|false
03:07:32.0 (2449179)|VARIABLE_ASSIGNMENT|[38]|query|"SELECT Patient_Id__c (165 more) ..."
03:07:32.0 (2451205)|STATEMENT_EXECUTE|[39]
03:07:32.0 (2485951)|HEAP_ALLOCATE|[50]|Bytes:5
03:07:32.0 (2510717)|HEAP_ALLOCATE|[56]|Bytes:5
03:07:32.0 (2519016)|HEAP_ALLOCATE|[64]|Bytes:7
03:07:32.0 (4023811)|SOQL_EXECUTE_BEGIN|[39]|Aggregations:0|SELECT Patient_Id__c, Full_Name__c, Gender__c, Steps_Completed__c, Goal__c, Height__c, Heart_Rate__c, Weight__c FROM Patient__c where Patient_Id__c = :patientId ORDER BY createdDate ASC
03:07:32.0 (7671548)|SOQL_EXECUTE_END|[39]|Rows:1
03:07:32.0 (7685504)|HEAP_ALLOCATE|[39]|Bytes:8
03:07:32.0 (7704775)|HEAP_ALLOCATE|[39]|Bytes:353
03:07:32.0 (7786363)|HEAP_ALLOCATE|[39]|Bytes:8
03:07:32.0 (7803880)|VARIABLE_SCOPE_BEGIN|[39]|patientList|List<Patient__c>|true|false
03:07:32.0 (7843916)|VARIABLE_ASSIGNMENT|[39]|patientList|{"s":1,"v":[{"s":2,"v":{"Patient_Id__c":"P00003","Full_Name__c":"Bhagyashri","Gender__c":"Female","Steps_Completed__c":1000,"Goal__c":5000,"Height__c":5.30,"Heart_Rate__c":68,"Weight__c":52.00,"Id":"a012800000SBlH6AAL"}}]}|0x13291a21
03:07:32.0 (7848372)|STATEMENT_EXECUTE|[40]
03:07:32.0 (7852893)|VARIABLE_SCOPE_BEGIN|[40]|wrapperObj|PatientWrapper|true|false
03:07:32.0 (7857983)|VARIABLE_ASSIGNMENT|[40]|wrapperObj|null|
03:07:32.0 (7859736)|STATEMENT_EXECUTE|[41]
03:07:32.0 (7863880)|HEAP_ALLOCATE|[41]|Bytes:15
03:07:32.0 (7954595)|HEAP_ALLOCATE|[41]|Bytes:191
03:07:32.0 (7980681)|HEAP_ALLOCATE|[41]|Bytes:206
03:07:32.0 (8002437)|USER_DEBUG|[41]|DEBUG|patientList => (Patient__c:{Patient_Id__c=P00003, Full_Name__c=Bhagyashri, Gender__c=Female, Steps_Completed__c=1000, Goal__c=5000, Height__c=5.30, Heart_Rate__c=68, Weight__c=52.00, Id=a012800000SBlH6AAL})
03:07:32.0 (8227575)|HEAP_ALLOCATE|[42]|Bytes:5
03:07:32.0 (8271143)|HEAP_ALLOCATE|[42]|Bytes:40
03:07:32.0 (8283129)|VARIABLE_SCOPE_BEGIN|[42]|patient|Patient__c|true|false
03:07:32.0 (8302318)|VARIABLE_ASSIGNMENT|[42]|patient|{"s":1,"v":{"Patient_Id__c":"P00003","Full_Name__c":"Bhagyashri","Gender__c":"Female","Steps_Completed__c":1000,"Goal__c":5000,"Height__c":5.30,"Heart_Rate__c":68,"Weight__c":52.00,"Id":"a012800000SBlH6AAL"}}|0x2c7646be
03:07:32.0 (8306692)|STATEMENT_EXECUTE|[42]
03:07:32.0 (8308216)|STATEMENT_EXECUTE|[43]
03:07:32.0 (8329887)|METHOD_ENTRY|[1]|01p280000085nGG|PatientWrapper.PatientWrapper()
03:07:32.0 (8333103)|STATEMENT_EXECUTE|[1]
03:07:32.0 (8337578)|STATEMENT_EXECUTE|[1]
03:07:32.0 (8343889)|METHOD_EXIT|[1]|PatientWrapper
03:07:32.0 (8365746)|HEAP_ALLOCATE|[43]|Bytes:36
03:07:32.0 (8377875)|CONSTRUCTOR_ENTRY|[43]|01p280000085nGG|<init>()
03:07:32.0 (8409891)|VARIABLE_SCOPE_BEGIN|[1]|this|PatientWrapper|true|false
03:07:32.0 (8494758)|VARIABLE_ASSIGNMENT|[1]|this|{}|0x2e686dbb
03:07:32.0 (8506094)|HEAP_ALLOCATE|[EXTERNAL]|Bytes:6
03:07:32.0 (8530081)|STATEMENT_EXECUTE|[1]
03:07:32.0 (8531962)|STATEMENT_EXECUTE|[3]
03:07:32.0 (8533512)|STATEMENT_EXECUTE|[6]
03:07:32.0 (8534623)|STATEMENT_EXECUTE|[9]
03:07:32.0 (8535750)|STATEMENT_EXECUTE|[12]
03:07:32.0 (8536942)|STATEMENT_EXECUTE|[15]
03:07:32.0 (8538067)|STATEMENT_EXECUTE|[18]
03:07:32.0 (8539188)|STATEMENT_EXECUTE|[21]
03:07:32.0 (8540313)|STATEMENT_EXECUTE|[24]
03:07:32.0 (8544960)|CONSTRUCTOR_EXIT|[43]|01p280000085nGG|<init>()
03:07:32.0 (8560738)|VARIABLE_ASSIGNMENT|[43]|wrapperObj|{}|0x2e686dbb
03:07:32.0 (8563423)|STATEMENT_EXECUTE|[45]
03:07:32.0 (8597536)|HEAP_ALLOCATE|[45]|Bytes:18
03:07:32.0 (8613209)|VARIABLE_ASSIGNMENT|[45]|this.id|"a012800000SBlH6AAL"|0x2e686dbb
03:07:32.0 (8616436)|STATEMENT_EXECUTE|[46]
03:07:32.0 (8639239)|VARIABLE_ASSIGNMENT|[46]|this.name|"Bhagyashri"|0x2e686dbb
03:07:32.0 (8642209)|STATEMENT_EXECUTE|[47]
03:07:32.0 (8682757)|HEAP_ALLOCATE|[47]|Bytes:12
03:07:32.0 (8695539)|VARIABLE_ASSIGNMENT|[47]|this.steps|1000.0|0x2e686dbb
03:07:32.0 (8697997)|STATEMENT_EXECUTE|[48]
03:07:32.0 (8717809)|HEAP_ALLOCATE|[48]|Bytes:12
03:07:32.0 (8727281)|VARIABLE_ASSIGNMENT|[48]|this.goal|5000.0|0x2e686dbb
03:07:32.0 (8730607)|STATEMENT_EXECUTE|[49]
03:07:32.0 (8758463)|HEAP_ALLOCATE|[49]|Bytes:12
03:07:32.0 (8775325)|VARIABLE_ASSIGNMENT|[49]|this.heartRate|68.0|0x2e686dbb
03:07:32.0 (8779672)|STATEMENT_EXECUTE|[50]
03:07:32.0 (8803570)|HEAP_ALLOCATE|[50]|Bytes:12
03:07:32.0 (8817156)|VARIABLE_ASSIGNMENT|[50]|this.height|5.3|0x2e686dbb
03:07:32.0 (8819894)|STATEMENT_EXECUTE|[51]
03:07:32.0 (8837996)|HEAP_ALLOCATE|[51]|Bytes:12
03:07:32.0 (8847990)|VARIABLE_ASSIGNMENT|[51]|this.weight|52.0|0x2e686dbb
03:07:32.0 (8850053)|STATEMENT_EXECUTE|[52]
03:07:32.0 (8870246)|VARIABLE_ASSIGNMENT|[52]|this.patient_Id|"P00003"|0x2e686dbb
03:07:32.0 (8884165)|HEAP_ALLOCATE|[42]|Bytes:5
03:07:32.0 (8896748)|VARIABLE_ASSIGNMENT|[42]|patient|null|
03:07:32.0 (8900093)|STATEMENT_EXECUTE|[56]
03:07:32.0 (8903535)|HEAP_ALLOCATE|[56]|Bytes:14
03:07:32.0 (8961353)|HEAP_ALLOCATE|[56]|Bytes:142
03:07:32.0 (8979574)|HEAP_ALLOCATE|[56]|Bytes:156
03:07:32.0 (8990435)|USER_DEBUG|[56]|DEBUG|wrapperObj => PatientWrapper:[goal=5000.0, heartRate=68.0, height=5.3, id=a012800000SBlH6AAL, name=Bhagyashri, patient_Id=P00003, steps=1000.0, weight=52.0]
03:07:32.0 (8996127)|STATEMENT_EXECUTE|[57]
03:07:32.0 (9007654)|SYSTEM_MODE_EXIT|false
03:07:32.9 (9049093)|CUMULATIVE_LIMIT_USAGE
03:07:32.9 (9049093)|LIMIT_USAGE_FOR_NS|(default)|
  Number of SOQL queries: 1 out of 100
  Number of query rows: 1 out of 50000
  Number of SOSL queries: 0 out of 20
  Number of DML statements: 0 out of 150
  Number of DML rows: 0 out of 10000
  Maximum CPU time: 0 out of 10000
  Maximum heap size: 0 out of 6000000
  Number of callouts: 0 out of 100
  Number of Email Invocations: 0 out of 10
  Number of future calls: 0 out of 50
  Number of queueable jobs added to the queue: 0 out of 50
  Number of Mobile Apex push calls: 0 out of 10

03:07:32.9 (9049093)|CUMULATIVE_LIMIT_USAGE_END

03:07:32.0 (9085935)|CODE_UNIT_FINISHED|PatientWrapperController.getPatientsById
03:07:32.0 (11181097)|CODE_UNIT_STARTED|[EXTERNAL]|Aura
03:07:32.0 (11227208)|CODE_UNIT_FINISHED|Aura
