36.0 APEX_CODE,FINEST;APEX_PROFILING,INFO;CALLOUT,INFO;DB,INFO;SYSTEM,DEBUG;VALIDATION,INFO;VISUALFORCE,INFO;WORKFLOW,INFO
04:28:46.0 (73362)|EXECUTION_STARTED
04:28:46.0 (108169)|CODE_UNIT_STARTED|[EXTERNAL]|aura
04:28:46.0 (776211)|HEAP_ALLOCATE|[72]|Bytes:3
04:28:46.0 (820734)|HEAP_ALLOCATE|[77]|Bytes:152
04:28:46.0 (839295)|HEAP_ALLOCATE|[342]|Bytes:408
04:28:46.0 (859872)|HEAP_ALLOCATE|[355]|Bytes:408
04:28:46.0 (879030)|HEAP_ALLOCATE|[467]|Bytes:48
04:28:46.0 (909448)|HEAP_ALLOCATE|[139]|Bytes:6
04:28:46.0 (935049)|HEAP_ALLOCATE|[EXTERNAL]|Bytes:6
04:28:46.0 (956510)|HEAP_ALLOCATE|[EXTERNAL]|Bytes:6
04:28:46.0 (2460686)|CODE_UNIT_STARTED|[EXTERNAL]|01p280000085nGQ|PatientWrapperController.getPatientsById
04:28:46.0 (2594724)|HEAP_ALLOCATE|[EXTERNAL]|Bytes:7
04:28:46.0 (2600311)|HEAP_ALLOCATE|[EXTERNAL]|Bytes:14
04:28:46.0 (2616065)|METHOD_ENTRY|[1]|01p280000085nGQ|PatientWrapperController.PatientWrapperController()
04:28:46.0 (2620333)|STATEMENT_EXECUTE|[1]
04:28:46.0 (2627644)|STATEMENT_EXECUTE|[1]
04:28:46.0 (2634367)|METHOD_EXIT|[1]|PatientWrapperController
04:28:46.0 (2638682)|HEAP_ALLOCATE|[EXTERNAL]|Bytes:6
04:28:46.0 (2648955)|SYSTEM_MODE_ENTER|false
04:28:46.0 (2657966)|VARIABLE_SCOPE_BEGIN|[36]|patientId|String|false|false
04:28:46.0 (2684769)|VARIABLE_ASSIGNMENT|[36]|patientId|"P00002"
04:28:46.0 (2697915)|STATEMENT_EXECUTE|[36]
04:28:46.0 (2699613)|STATEMENT_EXECUTE|[38]
04:28:46.0 (2703432)|HEAP_ALLOCATE|[38]|Bytes:185
04:28:46.0 (2709535)|VARIABLE_SCOPE_BEGIN|[38]|query|String|false|false
04:28:46.0 (2719447)|VARIABLE_ASSIGNMENT|[38]|query|"SELECT Patient_Id__c (165 more) ..."
04:28:46.0 (2721710)|STATEMENT_EXECUTE|[39]
04:28:46.0 (2759623)|HEAP_ALLOCATE|[50]|Bytes:5
04:28:46.0 (2783610)|HEAP_ALLOCATE|[56]|Bytes:5
04:28:46.0 (2791757)|HEAP_ALLOCATE|[64]|Bytes:7
04:28:46.0 (3370632)|SOQL_EXECUTE_BEGIN|[39]|Aggregations:0|SELECT Patient_Id__c, Full_Name__c, Gender__c, Steps_Completed__c, Goal__c, Height__c, Heart_Rate__c, Weight__c FROM Patient__c where Patient_Id__c = :patientId ORDER BY createdDate ASC
04:28:46.0 (6781275)|SOQL_EXECUTE_END|[39]|Rows:1
04:28:46.0 (6795431)|HEAP_ALLOCATE|[39]|Bytes:8
04:28:46.0 (6814186)|HEAP_ALLOCATE|[39]|Bytes:350
04:28:46.0 (6904368)|HEAP_ALLOCATE|[39]|Bytes:8
04:28:46.0 (6925416)|VARIABLE_SCOPE_BEGIN|[39]|patientList|List<Patient__c>|true|false
04:28:46.0 (6963058)|VARIABLE_ASSIGNMENT|[39]|patientList|{"s":1,"v":[{"s":2,"v":{"Patient_Id__c":"P00002","Full_Name__c":"Pallavi","Gender__c":"Female","Steps_Completed__c":6000,"Goal__c":6000,"Height__c":4.00,"Heart_Rate__c":72,"Weight__c":68.00,"Id":"a012800000SBjJnAAL"}}]}|0x2df0d7a8
04:28:46.0 (6967733)|STATEMENT_EXECUTE|[40]
04:28:46.0 (6975395)|VARIABLE_SCOPE_BEGIN|[40]|wrapperObj|PatientWrapper|true|false
04:28:46.0 (6981127)|VARIABLE_ASSIGNMENT|[40]|wrapperObj|null|
04:28:46.0 (6983329)|STATEMENT_EXECUTE|[41]
04:28:46.0 (6987487)|HEAP_ALLOCATE|[41]|Bytes:15
04:28:46.0 (7086758)|HEAP_ALLOCATE|[41]|Bytes:188
04:28:46.0 (7109824)|HEAP_ALLOCATE|[41]|Bytes:203
04:28:46.0 (7131263)|USER_DEBUG|[41]|DEBUG|patientList => (Patient__c:{Patient_Id__c=P00002, Full_Name__c=Pallavi, Gender__c=Female, Steps_Completed__c=6000, Goal__c=6000, Height__c=4.00, Heart_Rate__c=72, Weight__c=68.00, Id=a012800000SBjJnAAL})
04:28:46.0 (7328537)|HEAP_ALLOCATE|[42]|Bytes:5
04:28:46.0 (7370255)|HEAP_ALLOCATE|[42]|Bytes:40
04:28:46.0 (7381351)|VARIABLE_SCOPE_BEGIN|[42]|patient|Patient__c|true|false
04:28:46.0 (7400863)|VARIABLE_ASSIGNMENT|[42]|patient|{"s":1,"v":{"Patient_Id__c":"P00002","Full_Name__c":"Pallavi","Gender__c":"Female","Steps_Completed__c":6000,"Goal__c":6000,"Height__c":4.00,"Heart_Rate__c":72,"Weight__c":68.00,"Id":"a012800000SBjJnAAL"}}|0x39a67fc4
04:28:46.0 (7405305)|STATEMENT_EXECUTE|[42]
04:28:46.0 (7406940)|STATEMENT_EXECUTE|[43]
04:28:46.0 (7420883)|METHOD_ENTRY|[1]|01p280000085nGG|PatientWrapper.PatientWrapper()
04:28:46.0 (7423852)|STATEMENT_EXECUTE|[1]
04:28:46.0 (7427533)|STATEMENT_EXECUTE|[1]
04:28:46.0 (7433365)|METHOD_EXIT|[1]|PatientWrapper
04:28:46.0 (7440631)|HEAP_ALLOCATE|[43]|Bytes:36
04:28:46.0 (7451654)|CONSTRUCTOR_ENTRY|[43]|01p280000085nGG|<init>()
04:28:46.0 (7472965)|VARIABLE_SCOPE_BEGIN|[1]|this|PatientWrapper|true|false
04:28:46.0 (7504388)|VARIABLE_ASSIGNMENT|[1]|this|{}|0x49eeb327
04:28:46.0 (7515716)|HEAP_ALLOCATE|[EXTERNAL]|Bytes:6
04:28:46.0 (7539413)|STATEMENT_EXECUTE|[1]
04:28:46.0 (7541624)|STATEMENT_EXECUTE|[3]
04:28:46.0 (7542653)|STATEMENT_EXECUTE|[6]
04:28:46.0 (7543808)|STATEMENT_EXECUTE|[9]
04:28:46.0 (7544777)|STATEMENT_EXECUTE|[12]
04:28:46.0 (7545895)|STATEMENT_EXECUTE|[15]
04:28:46.0 (7546989)|STATEMENT_EXECUTE|[18]
04:28:46.0 (7548039)|STATEMENT_EXECUTE|[21]
04:28:46.0 (7549016)|STATEMENT_EXECUTE|[24]
04:28:46.0 (7553368)|CONSTRUCTOR_EXIT|[43]|01p280000085nGG|<init>()
04:28:46.0 (7569855)|VARIABLE_ASSIGNMENT|[43]|wrapperObj|{}|0x49eeb327
04:28:46.0 (7573100)|STATEMENT_EXECUTE|[45]
04:28:46.0 (7608816)|HEAP_ALLOCATE|[45]|Bytes:18
04:28:46.0 (7623612)|VARIABLE_ASSIGNMENT|[45]|this.id|"a012800000SBjJnAAL"|0x49eeb327
04:28:46.0 (7626554)|STATEMENT_EXECUTE|[46]
04:28:46.0 (7649081)|VARIABLE_ASSIGNMENT|[46]|this.name|"Pallavi"|0x49eeb327
04:28:46.0 (7652222)|STATEMENT_EXECUTE|[47]
04:28:46.0 (7701174)|HEAP_ALLOCATE|[47]|Bytes:12
04:28:46.0 (7713918)|VARIABLE_ASSIGNMENT|[47]|this.steps|6000.0|0x49eeb327
04:28:46.0 (7716753)|STATEMENT_EXECUTE|[48]
04:28:46.0 (7738136)|HEAP_ALLOCATE|[48]|Bytes:12
04:28:46.0 (7747137)|VARIABLE_ASSIGNMENT|[48]|this.goal|6000.0|0x49eeb327
04:28:46.0 (7749444)|STATEMENT_EXECUTE|[49]
04:28:46.0 (7765984)|HEAP_ALLOCATE|[49]|Bytes:12
04:28:46.0 (7774223)|VARIABLE_ASSIGNMENT|[49]|this.heartRate|72.0|0x49eeb327
04:28:46.0 (7776544)|STATEMENT_EXECUTE|[50]
04:28:46.0 (7792976)|HEAP_ALLOCATE|[50]|Bytes:12
04:28:46.0 (7801024)|VARIABLE_ASSIGNMENT|[50]|this.height|4.0|0x49eeb327
04:28:46.0 (7803557)|STATEMENT_EXECUTE|[51]
04:28:46.0 (7819286)|HEAP_ALLOCATE|[51]|Bytes:12
04:28:46.0 (7827684)|VARIABLE_ASSIGNMENT|[51]|this.weight|68.0|0x49eeb327
04:28:46.0 (7829817)|STATEMENT_EXECUTE|[52]
04:28:46.0 (7849405)|VARIABLE_ASSIGNMENT|[52]|this.patient_Id|"P00002"|0x49eeb327
04:28:46.0 (7862629)|HEAP_ALLOCATE|[42]|Bytes:5
04:28:46.0 (7874993)|VARIABLE_ASSIGNMENT|[42]|patient|null|
04:28:46.0 (7878563)|STATEMENT_EXECUTE|[56]
04:28:46.0 (7881598)|HEAP_ALLOCATE|[56]|Bytes:14
04:28:46.0 (7941798)|HEAP_ALLOCATE|[56]|Bytes:139
04:28:46.0 (7957209)|HEAP_ALLOCATE|[56]|Bytes:153
04:28:46.0 (7967276)|USER_DEBUG|[56]|DEBUG|wrapperObj => PatientWrapper:[goal=6000.0, heartRate=72.0, height=4.0, id=a012800000SBjJnAAL, name=Pallavi, patient_Id=P00002, steps=6000.0, weight=68.0]
04:28:46.0 (7973047)|STATEMENT_EXECUTE|[57]
04:28:46.0 (7980127)|SYSTEM_MODE_EXIT|false
04:28:46.8 (8024792)|CUMULATIVE_LIMIT_USAGE
04:28:46.8 (8024792)|LIMIT_USAGE_FOR_NS|(default)|
  Number of SOQL queries: 1 out of 100
  Number of query rows: 1 out of 50000
  Number of SOSL queries: 0 out of 20
  Number of DML statements: 0 out of 150
  Number of DML rows: 0 out of 10000
  Maximum CPU time: 0 out of 10000
  Maximum heap size: 0 out of 6000000
  Number of callouts: 0 out of 100
  Number of Email Invocations: 0 out of 10
  Number of future calls: 0 out of 50
  Number of queueable jobs added to the queue: 0 out of 50
  Number of Mobile Apex push calls: 0 out of 10

04:28:46.8 (8024792)|CUMULATIVE_LIMIT_USAGE_END

04:28:46.0 (8065511)|CODE_UNIT_FINISHED|PatientWrapperController.getPatientsById
04:28:46.0 (9930857)|CODE_UNIT_STARTED|[EXTERNAL]|Aura
04:28:46.0 (9978763)|CODE_UNIT_FINISHED|Aura
