36.0 APEX_CODE,FINEST;APEX_PROFILING,INFO;CALLOUT,INFO;DB,INFO;SYSTEM,DEBUG;VALIDATION,INFO;VISUALFORCE,INFO;WORKFLOW,INFO
04:45:48.0 (415961)|EXECUTION_STARTED
04:45:48.0 (447224)|CODE_UNIT_STARTED|[EXTERNAL]|aura
04:45:48.0 (978522)|HEAP_ALLOCATE|[72]|Bytes:3
04:45:48.0 (1015043)|HEAP_ALLOCATE|[77]|Bytes:152
04:45:48.0 (1032580)|HEAP_ALLOCATE|[342]|Bytes:408
04:45:48.0 (1049400)|HEAP_ALLOCATE|[355]|Bytes:408
04:45:48.0 (1065083)|HEAP_ALLOCATE|[467]|Bytes:48
04:45:48.0 (1090282)|HEAP_ALLOCATE|[139]|Bytes:6
04:45:48.0 (1116130)|HEAP_ALLOCATE|[EXTERNAL]|Bytes:6
04:45:48.0 (1134184)|HEAP_ALLOCATE|[EXTERNAL]|Bytes:6
04:45:48.0 (2472375)|CODE_UNIT_STARTED|[EXTERNAL]|01p280000085nGQ|PatientWrapperController.getPatientsById
04:45:48.0 (2597493)|HEAP_ALLOCATE|[EXTERNAL]|Bytes:7
04:45:48.0 (2603368)|HEAP_ALLOCATE|[EXTERNAL]|Bytes:14
04:45:48.0 (2618205)|METHOD_ENTRY|[1]|01p280000085nGQ|PatientWrapperController.PatientWrapperController()
04:45:48.0 (2623172)|STATEMENT_EXECUTE|[1]
04:45:48.0 (2628753)|STATEMENT_EXECUTE|[1]
04:45:48.0 (2634857)|METHOD_EXIT|[1]|PatientWrapperController
04:45:48.0 (2638998)|HEAP_ALLOCATE|[EXTERNAL]|Bytes:6
04:45:48.0 (2653318)|SYSTEM_MODE_ENTER|false
04:45:48.0 (2666308)|VARIABLE_SCOPE_BEGIN|[36]|patientId|String|false|false
04:45:48.0 (2699320)|VARIABLE_ASSIGNMENT|[36]|patientId|"P00002"
04:45:48.0 (2711800)|STATEMENT_EXECUTE|[36]
04:45:48.0 (2713804)|STATEMENT_EXECUTE|[38]
04:45:48.0 (2717643)|HEAP_ALLOCATE|[38]|Bytes:185
04:45:48.0 (2723822)|VARIABLE_SCOPE_BEGIN|[38]|query|String|false|false
04:45:48.0 (2733179)|VARIABLE_ASSIGNMENT|[38]|query|"SELECT Patient_Id__c (165 more) ..."
04:45:48.0 (2735234)|STATEMENT_EXECUTE|[39]
04:45:48.0 (2772614)|HEAP_ALLOCATE|[50]|Bytes:5
04:45:48.0 (2796459)|HEAP_ALLOCATE|[56]|Bytes:5
04:45:48.0 (2805236)|HEAP_ALLOCATE|[64]|Bytes:7
04:45:48.0 (4312805)|SOQL_EXECUTE_BEGIN|[39]|Aggregations:0|SELECT Patient_Id__c, Full_Name__c, Gender__c, Steps_Completed__c, Goal__c, Height__c, Heart_Rate__c, Weight__c FROM Patient__c where Patient_Id__c = :patientId ORDER BY createdDate ASC
04:45:48.0 (8654805)|SOQL_EXECUTE_END|[39]|Rows:1
04:45:48.0 (8676223)|HEAP_ALLOCATE|[39]|Bytes:8
04:45:48.0 (8696943)|HEAP_ALLOCATE|[39]|Bytes:350
04:45:48.0 (8827023)|HEAP_ALLOCATE|[39]|Bytes:8
04:45:48.0 (8855603)|VARIABLE_SCOPE_BEGIN|[39]|patientList|List<Patient__c>|true|false
04:45:48.0 (8906059)|VARIABLE_ASSIGNMENT|[39]|patientList|{"s":1,"v":[{"s":2,"v":{"Patient_Id__c":"P00002","Full_Name__c":"Pallavi","Gender__c":"Female","Steps_Completed__c":6000,"Goal__c":6000,"Height__c":4.00,"Heart_Rate__c":72,"Weight__c":68.00,"Id":"a012800000SBjJnAAL"}}]}|0x7e1bd253
04:45:48.0 (8911505)|STATEMENT_EXECUTE|[40]
04:45:48.0 (8916769)|VARIABLE_SCOPE_BEGIN|[40]|wrapperObj|PatientWrapper|true|false
04:45:48.0 (8922946)|VARIABLE_ASSIGNMENT|[40]|wrapperObj|null|
04:45:48.0 (8924919)|STATEMENT_EXECUTE|[41]
04:45:48.0 (8929649)|HEAP_ALLOCATE|[41]|Bytes:15
04:45:48.0 (9050788)|HEAP_ALLOCATE|[41]|Bytes:188
04:45:48.0 (9075966)|HEAP_ALLOCATE|[41]|Bytes:203
04:45:48.0 (9099978)|USER_DEBUG|[41]|DEBUG|patientList => (Patient__c:{Patient_Id__c=P00002, Full_Name__c=Pallavi, Gender__c=Female, Steps_Completed__c=6000, Goal__c=6000, Height__c=4.00, Heart_Rate__c=72, Weight__c=68.00, Id=a012800000SBjJnAAL})
04:45:48.0 (9305176)|HEAP_ALLOCATE|[42]|Bytes:5
04:45:48.0 (9349527)|HEAP_ALLOCATE|[42]|Bytes:40
04:45:48.0 (9360457)|VARIABLE_SCOPE_BEGIN|[42]|patient|Patient__c|true|false
04:45:48.0 (9380566)|VARIABLE_ASSIGNMENT|[42]|patient|{"s":1,"v":{"Patient_Id__c":"P00002","Full_Name__c":"Pallavi","Gender__c":"Female","Steps_Completed__c":6000,"Goal__c":6000,"Height__c":4.00,"Heart_Rate__c":72,"Weight__c":68.00,"Id":"a012800000SBjJnAAL"}}|0x3ffa1300
04:45:48.0 (9385018)|STATEMENT_EXECUTE|[42]
04:45:48.0 (9386429)|STATEMENT_EXECUTE|[43]
04:45:48.0 (9403901)|METHOD_ENTRY|[1]|01p280000085nGG|PatientWrapper.PatientWrapper()
04:45:48.0 (9407582)|STATEMENT_EXECUTE|[1]
04:45:48.0 (9412476)|STATEMENT_EXECUTE|[1]
04:45:48.0 (9420230)|METHOD_EXIT|[1]|PatientWrapper
04:45:48.0 (9429512)|HEAP_ALLOCATE|[43]|Bytes:36
04:45:48.0 (9441933)|CONSTRUCTOR_ENTRY|[43]|01p280000085nGG|<init>()
04:45:48.0 (9472059)|VARIABLE_SCOPE_BEGIN|[1]|this|PatientWrapper|true|false
04:45:48.0 (9507519)|VARIABLE_ASSIGNMENT|[1]|this|{}|0x1418deca
04:45:48.0 (9531554)|HEAP_ALLOCATE|[EXTERNAL]|Bytes:6
04:45:48.0 (9569908)|STATEMENT_EXECUTE|[1]
04:45:48.0 (9573340)|STATEMENT_EXECUTE|[3]
04:45:48.0 (9575579)|STATEMENT_EXECUTE|[6]
04:45:48.0 (9577820)|STATEMENT_EXECUTE|[9]
04:45:48.0 (9579667)|STATEMENT_EXECUTE|[12]
04:45:48.0 (9581833)|STATEMENT_EXECUTE|[15]
04:45:48.0 (9583853)|STATEMENT_EXECUTE|[18]
04:45:48.0 (9585780)|STATEMENT_EXECUTE|[21]
04:45:48.0 (9587435)|STATEMENT_EXECUTE|[24]
04:45:48.0 (9593078)|CONSTRUCTOR_EXIT|[43]|01p280000085nGG|<init>()
04:45:48.0 (9619682)|VARIABLE_ASSIGNMENT|[43]|wrapperObj|{}|0x1418deca
04:45:48.0 (9625148)|STATEMENT_EXECUTE|[45]
04:45:48.0 (9673224)|HEAP_ALLOCATE|[45]|Bytes:18
04:45:48.0 (9699859)|VARIABLE_ASSIGNMENT|[45]|this.id|"a012800000SBjJnAAL"|0x1418deca
04:45:48.0 (9704608)|STATEMENT_EXECUTE|[46]
04:45:48.0 (9742744)|VARIABLE_ASSIGNMENT|[46]|this.name|"Pallavi"|0x1418deca
04:45:48.0 (9747722)|STATEMENT_EXECUTE|[47]
04:45:48.0 (9805272)|HEAP_ALLOCATE|[47]|Bytes:12
04:45:48.0 (9821738)|VARIABLE_ASSIGNMENT|[47]|this.steps|6000.0|0x1418deca
04:45:48.0 (9824468)|STATEMENT_EXECUTE|[48]
04:45:48.0 (9845750)|HEAP_ALLOCATE|[48]|Bytes:12
04:45:48.0 (9855780)|VARIABLE_ASSIGNMENT|[48]|this.goal|6000.0|0x1418deca
04:45:48.0 (9858326)|STATEMENT_EXECUTE|[49]
04:45:48.0 (9875474)|HEAP_ALLOCATE|[49]|Bytes:12
04:45:48.0 (9884828)|VARIABLE_ASSIGNMENT|[49]|this.heartRate|72.0|0x1418deca
04:45:48.0 (9887196)|STATEMENT_EXECUTE|[50]
04:45:48.0 (9904528)|HEAP_ALLOCATE|[50]|Bytes:12
04:45:48.0 (9913767)|VARIABLE_ASSIGNMENT|[50]|this.height|4.0|0x1418deca
04:45:48.0 (9916271)|STATEMENT_EXECUTE|[51]
04:45:48.0 (9932321)|HEAP_ALLOCATE|[51]|Bytes:12
04:45:48.0 (9941610)|VARIABLE_ASSIGNMENT|[51]|this.weight|68.0|0x1418deca
04:45:48.0 (9943942)|STATEMENT_EXECUTE|[52]
04:45:48.0 (9964641)|VARIABLE_ASSIGNMENT|[52]|this.patient_Id|"P00002"|0x1418deca
04:45:48.0 (9979560)|HEAP_ALLOCATE|[42]|Bytes:5
04:45:48.0 (9993074)|VARIABLE_ASSIGNMENT|[42]|patient|null|
04:45:48.0 (9996813)|STATEMENT_EXECUTE|[56]
04:45:48.0 (10000627)|HEAP_ALLOCATE|[56]|Bytes:14
04:45:48.0 (10065054)|HEAP_ALLOCATE|[56]|Bytes:139
04:45:48.0 (10081156)|HEAP_ALLOCATE|[56]|Bytes:153
04:45:48.0 (10092370)|USER_DEBUG|[56]|DEBUG|wrapperObj => PatientWrapper:[goal=6000.0, heartRate=72.0, height=4.0, id=a012800000SBjJnAAL, name=Pallavi, patient_Id=P00002, steps=6000.0, weight=68.0]
04:45:48.0 (10098690)|STATEMENT_EXECUTE|[57]
04:45:48.0 (10112564)|SYSTEM_MODE_EXIT|false
04:45:48.10 (10159133)|CUMULATIVE_LIMIT_USAGE
04:45:48.10 (10159133)|LIMIT_USAGE_FOR_NS|(default)|
  Number of SOQL queries: 1 out of 100
  Number of query rows: 1 out of 50000
  Number of SOSL queries: 0 out of 20
  Number of DML statements: 0 out of 150
  Number of DML rows: 0 out of 10000
  Maximum CPU time: 0 out of 10000
  Maximum heap size: 0 out of 6000000
  Number of callouts: 0 out of 100
  Number of Email Invocations: 0 out of 10
  Number of future calls: 0 out of 50
  Number of queueable jobs added to the queue: 0 out of 50
  Number of Mobile Apex push calls: 0 out of 10

04:45:48.10 (10159133)|CUMULATIVE_LIMIT_USAGE_END

04:45:48.0 (10202831)|CODE_UNIT_FINISHED|PatientWrapperController.getPatientsById
04:45:48.0 (12122512)|CODE_UNIT_STARTED|[EXTERNAL]|Aura
04:45:48.0 (12174872)|CODE_UNIT_FINISHED|Aura
