36.0 APEX_CODE,FINEST;APEX_PROFILING,INFO;CALLOUT,INFO;DB,INFO;SYSTEM,DEBUG;VALIDATION,INFO;VISUALFORCE,INFO;WORKFLOW,INFO
05:47:46.0 (529139)|EXECUTION_STARTED
05:47:46.0 (568153)|CODE_UNIT_STARTED|[EXTERNAL]|aura
05:47:46.0 (1172017)|HEAP_ALLOCATE|[72]|Bytes:3
05:47:46.0 (1235487)|HEAP_ALLOCATE|[77]|Bytes:152
05:47:46.0 (1260196)|HEAP_ALLOCATE|[342]|Bytes:408
05:47:46.0 (1287721)|HEAP_ALLOCATE|[355]|Bytes:408
05:47:46.0 (1311774)|HEAP_ALLOCATE|[467]|Bytes:48
05:47:46.0 (1353122)|HEAP_ALLOCATE|[139]|Bytes:6
05:47:46.0 (1394412)|HEAP_ALLOCATE|[EXTERNAL]|Bytes:6
05:47:46.0 (1419248)|HEAP_ALLOCATE|[EXTERNAL]|Bytes:6
05:47:46.0 (2753423)|CODE_UNIT_STARTED|[EXTERNAL]|01p280000085nGQ|PatientWrapperController.getPatientsById
05:47:46.0 (3390844)|HEAP_ALLOCATE|[EXTERNAL]|Bytes:7
05:47:46.0 (3398000)|HEAP_ALLOCATE|[EXTERNAL]|Bytes:14
05:47:46.0 (3412681)|METHOD_ENTRY|[1]|01p280000085nGQ|PatientWrapperController.PatientWrapperController()
05:47:46.0 (3417102)|STATEMENT_EXECUTE|[1]
05:47:46.0 (3423346)|STATEMENT_EXECUTE|[1]
05:47:46.0 (3428859)|METHOD_EXIT|[1]|PatientWrapperController
05:47:46.0 (3432792)|HEAP_ALLOCATE|[EXTERNAL]|Bytes:6
05:47:46.0 (3443378)|SYSTEM_MODE_ENTER|false
05:47:46.0 (3456595)|VARIABLE_SCOPE_BEGIN|[36]|patientId|String|false|false
05:47:46.0 (3488005)|VARIABLE_ASSIGNMENT|[36]|patientId|"P00002"
05:47:46.0 (3501047)|STATEMENT_EXECUTE|[36]
05:47:46.0 (3502724)|STATEMENT_EXECUTE|[38]
05:47:46.0 (3506263)|HEAP_ALLOCATE|[38]|Bytes:185
05:47:46.0 (3511473)|VARIABLE_SCOPE_BEGIN|[38]|query|String|false|false
05:47:46.0 (3520867)|VARIABLE_ASSIGNMENT|[38]|query|"SELECT Patient_Id__c (165 more) ..."
05:47:46.0 (3522877)|STATEMENT_EXECUTE|[39]
05:47:46.0 (3560899)|HEAP_ALLOCATE|[50]|Bytes:5
05:47:46.0 (3584629)|HEAP_ALLOCATE|[56]|Bytes:5
05:47:46.0 (3592882)|HEAP_ALLOCATE|[64]|Bytes:7
05:47:46.0 (5196557)|SOQL_EXECUTE_BEGIN|[39]|Aggregations:0|SELECT Patient_Id__c, Full_Name__c, Gender__c, Steps_Completed__c, Goal__c, Height__c, Heart_Rate__c, Weight__c FROM Patient__c where Patient_Id__c = :patientId ORDER BY createdDate ASC
05:47:46.0 (9615573)|SOQL_EXECUTE_END|[39]|Rows:1
05:47:46.0 (9638074)|HEAP_ALLOCATE|[39]|Bytes:8
05:47:46.0 (9660296)|HEAP_ALLOCATE|[39]|Bytes:350
05:47:46.0 (9731865)|HEAP_ALLOCATE|[39]|Bytes:8
05:47:46.0 (9762322)|VARIABLE_SCOPE_BEGIN|[39]|patientList|List<Patient__c>|true|false
05:47:46.0 (9811438)|VARIABLE_ASSIGNMENT|[39]|patientList|{"s":1,"v":[{"s":2,"v":{"Patient_Id__c":"P00002","Full_Name__c":"Pallavi","Gender__c":"Female","Steps_Completed__c":6000,"Goal__c":6000,"Height__c":4.00,"Heart_Rate__c":72,"Weight__c":68.00,"Id":"a012800000SBjJnAAL"}}]}|0x5f91c048
05:47:46.0 (9817969)|STATEMENT_EXECUTE|[40]
05:47:46.0 (9822893)|VARIABLE_SCOPE_BEGIN|[40]|wrapperObj|PatientWrapper|true|false
05:47:46.0 (9829402)|VARIABLE_ASSIGNMENT|[40]|wrapperObj|null|
05:47:46.0 (9831597)|STATEMENT_EXECUTE|[41]
05:47:46.0 (9837106)|HEAP_ALLOCATE|[41]|Bytes:15
05:47:46.0 (9969741)|HEAP_ALLOCATE|[41]|Bytes:188
05:47:46.0 (9993415)|HEAP_ALLOCATE|[41]|Bytes:203
05:47:46.0 (10021218)|USER_DEBUG|[41]|DEBUG|patientList => (Patient__c:{Patient_Id__c=P00002, Full_Name__c=Pallavi, Gender__c=Female, Steps_Completed__c=6000, Goal__c=6000, Height__c=4.00, Heart_Rate__c=72, Weight__c=68.00, Id=a012800000SBjJnAAL})
05:47:46.0 (10213669)|HEAP_ALLOCATE|[42]|Bytes:5
05:47:46.0 (10255415)|HEAP_ALLOCATE|[42]|Bytes:40
05:47:46.0 (10265440)|VARIABLE_SCOPE_BEGIN|[42]|patient|Patient__c|true|false
05:47:46.0 (10284950)|VARIABLE_ASSIGNMENT|[42]|patient|{"s":1,"v":{"Patient_Id__c":"P00002","Full_Name__c":"Pallavi","Gender__c":"Female","Steps_Completed__c":6000,"Goal__c":6000,"Height__c":4.00,"Heart_Rate__c":72,"Weight__c":68.00,"Id":"a012800000SBjJnAAL"}}|0x76d50326
05:47:46.0 (10289421)|STATEMENT_EXECUTE|[42]
05:47:46.0 (10290821)|STATEMENT_EXECUTE|[43]
05:47:46.0 (10327009)|METHOD_ENTRY|[1]|01p280000085nGG|PatientWrapper.PatientWrapper()
05:47:46.0 (10332899)|STATEMENT_EXECUTE|[1]
05:47:46.0 (10340614)|STATEMENT_EXECUTE|[1]
05:47:46.0 (10351973)|METHOD_EXIT|[1]|PatientWrapper
05:47:46.0 (10382290)|HEAP_ALLOCATE|[43]|Bytes:36
05:47:46.0 (10400261)|CONSTRUCTOR_ENTRY|[43]|01p280000085nGG|<init>()
05:47:46.0 (10456464)|VARIABLE_SCOPE_BEGIN|[1]|this|PatientWrapper|true|false
05:47:46.0 (10561995)|VARIABLE_ASSIGNMENT|[1]|this|{}|0x6ccbea5e
05:47:46.0 (10574497)|HEAP_ALLOCATE|[EXTERNAL]|Bytes:6
05:47:46.0 (10601515)|STATEMENT_EXECUTE|[1]
05:47:46.0 (10603726)|STATEMENT_EXECUTE|[3]
05:47:46.0 (10605049)|STATEMENT_EXECUTE|[6]
05:47:46.0 (10606204)|STATEMENT_EXECUTE|[9]
05:47:46.0 (10607265)|STATEMENT_EXECUTE|[12]
05:47:46.0 (10608419)|STATEMENT_EXECUTE|[15]
05:47:46.0 (10609463)|STATEMENT_EXECUTE|[18]
05:47:46.0 (10610545)|STATEMENT_EXECUTE|[21]
05:47:46.0 (10611642)|STATEMENT_EXECUTE|[24]
05:47:46.0 (10616522)|CONSTRUCTOR_EXIT|[43]|01p280000085nGG|<init>()
05:47:46.0 (10634197)|VARIABLE_ASSIGNMENT|[43]|wrapperObj|{}|0x6ccbea5e
05:47:46.0 (10637167)|STATEMENT_EXECUTE|[45]
05:47:46.0 (10673310)|HEAP_ALLOCATE|[45]|Bytes:18
05:47:46.0 (10690953)|VARIABLE_ASSIGNMENT|[45]|this.id|"a012800000SBjJnAAL"|0x6ccbea5e
05:47:46.0 (10693838)|STATEMENT_EXECUTE|[46]
05:47:46.0 (10717386)|VARIABLE_ASSIGNMENT|[46]|this.name|"Pallavi"|0x6ccbea5e
05:47:46.0 (10720763)|STATEMENT_EXECUTE|[47]
05:47:46.0 (10764226)|HEAP_ALLOCATE|[47]|Bytes:12
05:47:46.0 (10778582)|VARIABLE_ASSIGNMENT|[47]|this.steps|6000.0|0x6ccbea5e
05:47:46.0 (10781123)|STATEMENT_EXECUTE|[48]
05:47:46.0 (10801079)|HEAP_ALLOCATE|[48]|Bytes:12
05:47:46.0 (10810885)|VARIABLE_ASSIGNMENT|[48]|this.goal|6000.0|0x6ccbea5e
05:47:46.0 (10813126)|STATEMENT_EXECUTE|[49]
05:47:46.0 (10829296)|HEAP_ALLOCATE|[49]|Bytes:12
05:47:46.0 (10838665)|VARIABLE_ASSIGNMENT|[49]|this.heartRate|72.0|0x6ccbea5e
05:47:46.0 (10841085)|STATEMENT_EXECUTE|[50]
05:47:46.0 (10860544)|HEAP_ALLOCATE|[50]|Bytes:12
05:47:46.0 (10871015)|VARIABLE_ASSIGNMENT|[50]|this.height|4.0|0x6ccbea5e
05:47:46.0 (10873277)|STATEMENT_EXECUTE|[51]
05:47:46.0 (10890962)|HEAP_ALLOCATE|[51]|Bytes:12
05:47:46.0 (10900351)|VARIABLE_ASSIGNMENT|[51]|this.weight|68.0|0x6ccbea5e
05:47:46.0 (10902664)|STATEMENT_EXECUTE|[52]
05:47:46.0 (10923093)|VARIABLE_ASSIGNMENT|[52]|this.patient_Id|"P00002"|0x6ccbea5e
05:47:46.0 (10938005)|HEAP_ALLOCATE|[42]|Bytes:5
05:47:46.0 (10953539)|VARIABLE_ASSIGNMENT|[42]|patient|null|
05:47:46.0 (10959037)|STATEMENT_EXECUTE|[56]
05:47:46.0 (10964324)|HEAP_ALLOCATE|[56]|Bytes:14
05:47:46.0 (11042293)|HEAP_ALLOCATE|[56]|Bytes:139
05:47:46.0 (11059975)|HEAP_ALLOCATE|[56]|Bytes:153
05:47:46.0 (11070324)|USER_DEBUG|[56]|DEBUG|wrapperObj => PatientWrapper:[goal=6000.0, heartRate=72.0, height=4.0, id=a012800000SBjJnAAL, name=Pallavi, patient_Id=P00002, steps=6000.0, weight=68.0]
05:47:46.0 (11076274)|STATEMENT_EXECUTE|[57]
05:47:46.0 (11087846)|SYSTEM_MODE_EXIT|false
05:47:46.11 (11137875)|CUMULATIVE_LIMIT_USAGE
05:47:46.11 (11137875)|LIMIT_USAGE_FOR_NS|(default)|
  Number of SOQL queries: 1 out of 100
  Number of query rows: 1 out of 50000
  Number of SOSL queries: 0 out of 20
  Number of DML statements: 0 out of 150
  Number of DML rows: 0 out of 10000
  Maximum CPU time: 0 out of 10000
  Maximum heap size: 0 out of 6000000
  Number of callouts: 0 out of 100
  Number of Email Invocations: 0 out of 10
  Number of future calls: 0 out of 50
  Number of queueable jobs added to the queue: 0 out of 50
  Number of Mobile Apex push calls: 0 out of 10

05:47:46.11 (11137875)|CUMULATIVE_LIMIT_USAGE_END

05:47:46.0 (11180171)|CODE_UNIT_FINISHED|PatientWrapperController.getPatientsById
05:47:46.0 (12873265)|CODE_UNIT_STARTED|[EXTERNAL]|Aura
05:47:46.0 (12922653)|CODE_UNIT_FINISHED|Aura
