36.0 APEX_CODE,FINEST;APEX_PROFILING,INFO;CALLOUT,INFO;DB,INFO;SYSTEM,DEBUG;VALIDATION,INFO;VISUALFORCE,INFO;WORKFLOW,INFO
03:59:37.0 (66057)|EXECUTION_STARTED
03:59:37.0 (96062)|CODE_UNIT_STARTED|[EXTERNAL]|aura
03:59:37.0 (636744)|HEAP_ALLOCATE|[72]|Bytes:3
03:59:37.0 (682015)|HEAP_ALLOCATE|[77]|Bytes:152
03:59:37.0 (696411)|HEAP_ALLOCATE|[342]|Bytes:408
03:59:37.0 (713218)|HEAP_ALLOCATE|[355]|Bytes:408
03:59:37.0 (728738)|HEAP_ALLOCATE|[467]|Bytes:48
03:59:37.0 (756355)|HEAP_ALLOCATE|[139]|Bytes:6
03:59:37.0 (777306)|HEAP_ALLOCATE|[EXTERNAL]|Bytes:6
03:59:37.0 (794940)|HEAP_ALLOCATE|[EXTERNAL]|Bytes:6
03:59:37.0 (2124008)|CODE_UNIT_STARTED|[EXTERNAL]|01p280000085nGQ|PatientWrapperController.getPatientsById
03:59:37.0 (2240551)|HEAP_ALLOCATE|[EXTERNAL]|Bytes:7
03:59:37.0 (2246808)|HEAP_ALLOCATE|[EXTERNAL]|Bytes:14
03:59:37.0 (2261410)|METHOD_ENTRY|[1]|01p280000085nGQ|PatientWrapperController.PatientWrapperController()
03:59:37.0 (2265997)|STATEMENT_EXECUTE|[1]
03:59:37.0 (2272228)|STATEMENT_EXECUTE|[1]
03:59:37.0 (2279024)|METHOD_EXIT|[1]|PatientWrapperController
03:59:37.0 (2283075)|HEAP_ALLOCATE|[EXTERNAL]|Bytes:6
03:59:37.0 (2296238)|SYSTEM_MODE_ENTER|false
03:59:37.0 (2306216)|VARIABLE_SCOPE_BEGIN|[36]|patientId|String|false|false
03:59:37.0 (2334567)|VARIABLE_ASSIGNMENT|[36]|patientId|"4LR2VZ"
03:59:37.0 (2346429)|STATEMENT_EXECUTE|[36]
03:59:37.0 (2348138)|STATEMENT_EXECUTE|[38]
03:59:37.0 (2351568)|HEAP_ALLOCATE|[38]|Bytes:185
03:59:37.0 (2358082)|VARIABLE_SCOPE_BEGIN|[38]|query|String|false|false
03:59:37.0 (2368090)|VARIABLE_ASSIGNMENT|[38]|query|"SELECT Patient_Id__c (165 more) ..."
03:59:37.0 (2370055)|STATEMENT_EXECUTE|[39]
03:59:37.0 (2407563)|HEAP_ALLOCATE|[50]|Bytes:5
03:59:37.0 (2433045)|HEAP_ALLOCATE|[56]|Bytes:5
03:59:37.0 (2441910)|HEAP_ALLOCATE|[64]|Bytes:7
03:59:37.0 (3020294)|SOQL_EXECUTE_BEGIN|[39]|Aggregations:0|SELECT Patient_Id__c, Full_Name__c, Gender__c, Steps_Completed__c, Goal__c, Height__c, Heart_Rate__c, Weight__c FROM Patient__c where Patient_Id__c = :patientId ORDER BY createdDate ASC
03:59:37.0 (6360527)|SOQL_EXECUTE_END|[39]|Rows:1
03:59:37.0 (6375786)|HEAP_ALLOCATE|[39]|Bytes:8
03:59:37.0 (6394349)|HEAP_ALLOCATE|[39]|Bytes:352
03:59:37.0 (6491796)|HEAP_ALLOCATE|[39]|Bytes:8
03:59:37.0 (6510759)|VARIABLE_SCOPE_BEGIN|[39]|patientList|List<Patient__c>|true|false
03:59:37.0 (6548285)|VARIABLE_ASSIGNMENT|[39]|patientList|{"s":1,"v":[{"s":2,"v":{"Patient_Id__c":"4LR2VZ","Full_Name__c":"Purushottam","Gender__c":"Male","Steps_Completed__c":1000,"Goal__c":5000,"Height__c":5.00,"Heart_Rate__c":65,"Weight__c":50.00,"Id":"a012800000SBjJTAA1"}}]}|0x666009b8
03:59:37.0 (6552754)|STATEMENT_EXECUTE|[40]
03:59:37.0 (6560424)|VARIABLE_SCOPE_BEGIN|[40]|wrapperObj|PatientWrapper|true|false
03:59:37.0 (6566555)|VARIABLE_ASSIGNMENT|[40]|wrapperObj|null|
03:59:37.0 (6568542)|STATEMENT_EXECUTE|[41]
03:59:37.0 (6572884)|HEAP_ALLOCATE|[41]|Bytes:15
03:59:37.0 (6671436)|HEAP_ALLOCATE|[41]|Bytes:190
03:59:37.0 (6692840)|HEAP_ALLOCATE|[41]|Bytes:205
03:59:37.0 (6714159)|USER_DEBUG|[41]|DEBUG|patientList => (Patient__c:{Patient_Id__c=4LR2VZ, Full_Name__c=Purushottam, Gender__c=Male, Steps_Completed__c=1000, Goal__c=5000, Height__c=5.00, Heart_Rate__c=65, Weight__c=50.00, Id=a012800000SBjJTAA1})
03:59:37.0 (6918281)|HEAP_ALLOCATE|[42]|Bytes:5
03:59:37.0 (6962014)|HEAP_ALLOCATE|[42]|Bytes:40
03:59:37.0 (6974167)|VARIABLE_SCOPE_BEGIN|[42]|patient|Patient__c|true|false
03:59:37.0 (6994178)|VARIABLE_ASSIGNMENT|[42]|patient|{"s":1,"v":{"Patient_Id__c":"4LR2VZ","Full_Name__c":"Purushottam","Gender__c":"Male","Steps_Completed__c":1000,"Goal__c":5000,"Height__c":5.00,"Heart_Rate__c":65,"Weight__c":50.00,"Id":"a012800000SBjJTAA1"}}|0x4cd62891
03:59:37.0 (6998299)|STATEMENT_EXECUTE|[42]
03:59:37.0 (6999804)|STATEMENT_EXECUTE|[43]
03:59:37.0 (7017359)|METHOD_ENTRY|[1]|01p280000085nGG|PatientWrapper.PatientWrapper()
03:59:37.0 (7021056)|STATEMENT_EXECUTE|[1]
03:59:37.0 (7024681)|STATEMENT_EXECUTE|[1]
03:59:37.0 (7030435)|METHOD_EXIT|[1]|PatientWrapper
03:59:37.0 (7037158)|HEAP_ALLOCATE|[43]|Bytes:36
03:59:37.0 (7047299)|CONSTRUCTOR_ENTRY|[43]|01p280000085nGG|<init>()
03:59:37.0 (7071302)|VARIABLE_SCOPE_BEGIN|[1]|this|PatientWrapper|true|false
03:59:37.0 (7103937)|VARIABLE_ASSIGNMENT|[1]|this|{}|0x35ae6850
03:59:37.0 (7113061)|HEAP_ALLOCATE|[EXTERNAL]|Bytes:6
03:59:37.0 (7136707)|STATEMENT_EXECUTE|[1]
03:59:37.0 (7138606)|STATEMENT_EXECUTE|[3]
03:59:37.0 (7139846)|STATEMENT_EXECUTE|[6]
03:59:37.0 (7140860)|STATEMENT_EXECUTE|[9]
03:59:37.0 (7141850)|STATEMENT_EXECUTE|[12]
03:59:37.0 (7142941)|STATEMENT_EXECUTE|[15]
03:59:37.0 (7144065)|STATEMENT_EXECUTE|[18]
03:59:37.0 (7145056)|STATEMENT_EXECUTE|[21]
03:59:37.0 (7146063)|STATEMENT_EXECUTE|[24]
03:59:37.0 (7150029)|CONSTRUCTOR_EXIT|[43]|01p280000085nGG|<init>()
03:59:37.0 (7166568)|VARIABLE_ASSIGNMENT|[43]|wrapperObj|{}|0x35ae6850
03:59:37.0 (7169298)|STATEMENT_EXECUTE|[45]
03:59:37.0 (7205967)|HEAP_ALLOCATE|[45]|Bytes:18
03:59:37.0 (7221086)|VARIABLE_ASSIGNMENT|[45]|this.id|"a012800000SBjJTAA1"|0x35ae6850
03:59:37.0 (7223762)|STATEMENT_EXECUTE|[46]
03:59:37.0 (7248381)|VARIABLE_ASSIGNMENT|[46]|this.name|"Purushottam"|0x35ae6850
03:59:37.0 (7251582)|STATEMENT_EXECUTE|[47]
03:59:37.0 (7288827)|HEAP_ALLOCATE|[47]|Bytes:12
03:59:37.0 (7301308)|VARIABLE_ASSIGNMENT|[47]|this.steps|1000.0|0x35ae6850
03:59:37.0 (7303771)|STATEMENT_EXECUTE|[48]
03:59:37.0 (7324715)|HEAP_ALLOCATE|[48]|Bytes:12
03:59:37.0 (7334315)|VARIABLE_ASSIGNMENT|[48]|this.goal|5000.0|0x35ae6850
03:59:37.0 (7336576)|STATEMENT_EXECUTE|[49]
03:59:37.0 (7353882)|HEAP_ALLOCATE|[49]|Bytes:12
03:59:37.0 (7362788)|VARIABLE_ASSIGNMENT|[49]|this.heartRate|65.0|0x35ae6850
03:59:37.0 (7365014)|STATEMENT_EXECUTE|[50]
03:59:37.0 (7382650)|HEAP_ALLOCATE|[50]|Bytes:12
03:59:37.0 (7391514)|VARIABLE_ASSIGNMENT|[50]|this.height|5.0|0x35ae6850
03:59:37.0 (7393688)|STATEMENT_EXECUTE|[51]
03:59:37.0 (7410427)|HEAP_ALLOCATE|[51]|Bytes:12
03:59:37.0 (7419496)|VARIABLE_ASSIGNMENT|[51]|this.weight|50.0|0x35ae6850
03:59:37.0 (7421633)|STATEMENT_EXECUTE|[52]
03:59:37.0 (7442273)|VARIABLE_ASSIGNMENT|[52]|this.patient_Id|"4LR2VZ"|0x35ae6850
03:59:37.0 (7456248)|HEAP_ALLOCATE|[42]|Bytes:5
03:59:37.0 (7469172)|VARIABLE_ASSIGNMENT|[42]|patient|null|
03:59:37.0 (7472433)|STATEMENT_EXECUTE|[56]
03:59:37.0 (7475374)|HEAP_ALLOCATE|[56]|Bytes:14
03:59:37.0 (7533849)|HEAP_ALLOCATE|[56]|Bytes:143
03:59:37.0 (7549596)|HEAP_ALLOCATE|[56]|Bytes:157
03:59:37.0 (7559494)|USER_DEBUG|[56]|DEBUG|wrapperObj => PatientWrapper:[goal=5000.0, heartRate=65.0, height=5.0, id=a012800000SBjJTAA1, name=Purushottam, patient_Id=4LR2VZ, steps=1000.0, weight=50.0]
03:59:37.0 (7565295)|STATEMENT_EXECUTE|[57]
03:59:37.0 (7576950)|SYSTEM_MODE_EXIT|false
03:59:37.7 (7617777)|CUMULATIVE_LIMIT_USAGE
03:59:37.7 (7617777)|LIMIT_USAGE_FOR_NS|(default)|
  Number of SOQL queries: 1 out of 100
  Number of query rows: 1 out of 50000
  Number of SOSL queries: 0 out of 20
  Number of DML statements: 0 out of 150
  Number of DML rows: 0 out of 10000
  Maximum CPU time: 0 out of 10000
  Maximum heap size: 0 out of 6000000
  Number of callouts: 0 out of 100
  Number of Email Invocations: 0 out of 10
  Number of future calls: 0 out of 50
  Number of queueable jobs added to the queue: 0 out of 50
  Number of Mobile Apex push calls: 0 out of 10

03:59:37.7 (7617777)|CUMULATIVE_LIMIT_USAGE_END

03:59:37.0 (7663937)|CODE_UNIT_FINISHED|PatientWrapperController.getPatientsById
03:59:37.0 (9405062)|CODE_UNIT_STARTED|[EXTERNAL]|Aura
03:59:37.0 (9453174)|CODE_UNIT_FINISHED|Aura
03:59:37.0 (83727986)|HEAP_ALLOCATE|[EXTERNAL]|Bytes:6
03:59:37.0 (83755988)|HEAP_ALLOCATE|[EXTERNAL]|Bytes:6
03:59:37.0 (85209999)|CODE_UNIT_STARTED|[EXTERNAL]|01p280000085nGQ|PatientWrapperController.getPatientsById
03:59:37.0 (85254239)|HEAP_ALLOCATE|[EXTERNAL]|Bytes:6
03:59:37.0 (85267841)|SYSTEM_MODE_ENTER|false
03:59:37.0 (85280034)|VARIABLE_SCOPE_BEGIN|[36]|patientId|String|false|false
03:59:37.0 (85298549)|VARIABLE_ASSIGNMENT|[36]|patientId|"4LR2VZ"
03:59:37.0 (85308877)|STATEMENT_EXECUTE|[36]
03:59:37.0 (85311200)|STATEMENT_EXECUTE|[38]
03:59:37.0 (85316998)|VARIABLE_SCOPE_BEGIN|[38]|query|String|false|false
03:59:37.0 (85326637)|VARIABLE_ASSIGNMENT|[38]|query|"SELECT Patient_Id__c (165 more) ..."
03:59:37.0 (85328661)|STATEMENT_EXECUTE|[39]
03:59:37.0 (85638223)|SOQL_EXECUTE_BEGIN|[39]|Aggregations:0|SELECT Patient_Id__c, Full_Name__c, Gender__c, Steps_Completed__c, Goal__c, Height__c, Heart_Rate__c, Weight__c FROM Patient__c where Patient_Id__c = :patientId ORDER BY createdDate ASC
03:59:37.0 (89507293)|SOQL_EXECUTE_END|[39]|Rows:1
03:59:37.0 (89518383)|HEAP_ALLOCATE|[39]|Bytes:8
03:59:37.0 (89532820)|HEAP_ALLOCATE|[39]|Bytes:352
03:59:37.0 (89550220)|HEAP_ALLOCATE|[39]|Bytes:8
03:59:37.0 (89567564)|VARIABLE_SCOPE_BEGIN|[39]|patientList|List<Patient__c>|true|false
03:59:37.0 (89606297)|VARIABLE_ASSIGNMENT|[39]|patientList|{"s":1,"v":[{"s":2,"v":{"Patient_Id__c":"4LR2VZ","Full_Name__c":"Purushottam","Gender__c":"Male","Steps_Completed__c":1000,"Goal__c":5000,"Height__c":5.00,"Heart_Rate__c":65,"Weight__c":50.00,"Id":"a012800000SBjJTAA1"}}]}|0xc0816d8
03:59:37.0 (89610702)|STATEMENT_EXECUTE|[40]
03:59:37.0 (89615057)|VARIABLE_SCOPE_BEGIN|[40]|wrapperObj|PatientWrapper|true|false
03:59:37.0 (89620895)|VARIABLE_ASSIGNMENT|[40]|wrapperObj|null|
03:59:37.0 (89622671)|STATEMENT_EXECUTE|[41]
03:59:37.0 (89695591)|HEAP_ALLOCATE|[41]|Bytes:190
03:59:37.0 (89713158)|HEAP_ALLOCATE|[41]|Bytes:205
03:59:37.0 (89725864)|USER_DEBUG|[41]|DEBUG|patientList => (Patient__c:{Patient_Id__c=4LR2VZ, Full_Name__c=Purushottam, Gender__c=Male, Steps_Completed__c=1000, Goal__c=5000, Height__c=5.00, Heart_Rate__c=65, Weight__c=50.00, Id=a012800000SBjJTAA1})
03:59:37.0 (89753415)|HEAP_ALLOCATE|[42]|Bytes:5
03:59:37.0 (89779128)|HEAP_ALLOCATE|[42]|Bytes:40
03:59:37.0 (89789937)|VARIABLE_SCOPE_BEGIN|[42]|patient|Patient__c|true|false
03:59:37.0 (89809033)|VARIABLE_ASSIGNMENT|[42]|patient|{"s":1,"v":{"Patient_Id__c":"4LR2VZ","Full_Name__c":"Purushottam","Gender__c":"Male","Steps_Completed__c":1000,"Goal__c":5000,"Height__c":5.00,"Heart_Rate__c":65,"Weight__c":50.00,"Id":"a012800000SBjJTAA1"}}|0x2f6f2fd7
03:59:37.0 (89813602)|STATEMENT_EXECUTE|[42]
03:59:37.0 (89814985)|STATEMENT_EXECUTE|[43]
03:59:37.0 (89821218)|HEAP_ALLOCATE|[43]|Bytes:36
03:59:37.0 (89830151)|CONSTRUCTOR_ENTRY|[43]|01p280000085nGG|<init>()
03:59:37.0 (89838196)|VARIABLE_SCOPE_BEGIN|[1]|this|PatientWrapper|true|false
03:59:37.0 (89868953)|VARIABLE_ASSIGNMENT|[1]|this|{}|0x79eab3d1
03:59:37.0 (89887264)|STATEMENT_EXECUTE|[1]
03:59:37.0 (89888983)|STATEMENT_EXECUTE|[3]
03:59:37.0 (89890115)|STATEMENT_EXECUTE|[6]
03:59:37.0 (89891141)|STATEMENT_EXECUTE|[9]
03:59:37.0 (89892174)|STATEMENT_EXECUTE|[12]
03:59:37.0 (89893235)|STATEMENT_EXECUTE|[15]
03:59:37.0 (89894355)|STATEMENT_EXECUTE|[18]
03:59:37.0 (89895444)|STATEMENT_EXECUTE|[21]
03:59:37.0 (89896624)|STATEMENT_EXECUTE|[24]
03:59:37.0 (89900078)|CONSTRUCTOR_EXIT|[43]|01p280000085nGG|<init>()
03:59:37.0 (89913906)|VARIABLE_ASSIGNMENT|[43]|wrapperObj|{}|0x79eab3d1
03:59:37.0 (89916725)|STATEMENT_EXECUTE|[45]
03:59:37.0 (89932120)|HEAP_ALLOCATE|[45]|Bytes:18
03:59:37.0 (89946233)|VARIABLE_ASSIGNMENT|[45]|this.id|"a012800000SBjJTAA1"|0x79eab3d1
03:59:37.0 (89948795)|STATEMENT_EXECUTE|[46]
03:59:37.0 (89958765)|VARIABLE_ASSIGNMENT|[46]|this.name|"Purushottam"|0x79eab3d1
03:59:37.0 (89960780)|STATEMENT_EXECUTE|[47]
03:59:37.0 (89975668)|HEAP_ALLOCATE|[47]|Bytes:12
03:59:37.0 (89985345)|VARIABLE_ASSIGNMENT|[47]|this.steps|1000.0|0x79eab3d1
03:59:37.0 (89987495)|STATEMENT_EXECUTE|[48]
03:59:37.0 (89994136)|HEAP_ALLOCATE|[48]|Bytes:12
03:59:37.0 (90005249)|VARIABLE_ASSIGNMENT|[48]|this.goal|5000.0|0x79eab3d1
03:59:37.0 (90008514)|STATEMENT_EXECUTE|[49]
03:59:37.0 (90015684)|HEAP_ALLOCATE|[49]|Bytes:12
03:59:37.0 (90022957)|VARIABLE_ASSIGNMENT|[49]|this.heartRate|65.0|0x79eab3d1
03:59:37.0 (90025074)|STATEMENT_EXECUTE|[50]
03:59:37.0 (90032236)|HEAP_ALLOCATE|[50]|Bytes:12
03:59:37.0 (90038981)|VARIABLE_ASSIGNMENT|[50]|this.height|5.0|0x79eab3d1
03:59:37.0 (90041226)|STATEMENT_EXECUTE|[51]
03:59:37.0 (90047606)|HEAP_ALLOCATE|[51]|Bytes:12
03:59:37.0 (90054606)|VARIABLE_ASSIGNMENT|[51]|this.weight|50.0|0x79eab3d1
03:59:37.0 (90056476)|STATEMENT_EXECUTE|[52]
03:59:37.0 (90065286)|VARIABLE_ASSIGNMENT|[52]|this.patient_Id|"4LR2VZ"|0x79eab3d1
03:59:37.0 (90077432)|HEAP_ALLOCATE|[42]|Bytes:5
03:59:37.0 (90089227)|VARIABLE_ASSIGNMENT|[42]|patient|null|
03:59:37.0 (90092171)|STATEMENT_EXECUTE|[56]
03:59:37.0 (90132478)|HEAP_ALLOCATE|[56]|Bytes:143
03:59:37.0 (90145785)|HEAP_ALLOCATE|[56]|Bytes:157
03:59:37.0 (90154249)|USER_DEBUG|[56]|DEBUG|wrapperObj => PatientWrapper:[goal=5000.0, heartRate=65.0, height=5.0, id=a012800000SBjJTAA1, name=Purushottam, patient_Id=4LR2VZ, steps=1000.0, weight=50.0]
03:59:37.0 (90159654)|STATEMENT_EXECUTE|[57]
03:59:37.0 (90172208)|SYSTEM_MODE_EXIT|false
03:59:37.90 (90219054)|CUMULATIVE_LIMIT_USAGE
03:59:37.90 (90219054)|LIMIT_USAGE_FOR_NS|(default)|
  Number of SOQL queries: 2 out of 100
  Number of query rows: 2 out of 50000
  Number of SOSL queries: 0 out of 20
  Number of DML statements: 0 out of 150
  Number of DML rows: 0 out of 10000
  Maximum CPU time: 0 out of 10000
  Maximum heap size: 0 out of 6000000
  Number of callouts: 0 out of 100
  Number of Email Invocations: 0 out of 10
  Number of future calls: 0 out of 50
  Number of queueable jobs added to the queue: 0 out of 50
  Number of Mobile Apex push calls: 0 out of 10

03:59:37.90 (90219054)|CUMULATIVE_LIMIT_USAGE_END

03:59:37.0 (90266530)|CODE_UNIT_FINISHED|PatientWrapperController.getPatientsById
03:59:37.0 (92077665)|CODE_UNIT_STARTED|[EXTERNAL]|Aura
03:59:37.0 (92126302)|CODE_UNIT_FINISHED|Aura
