36.0 APEX_CODE,FINEST;APEX_PROFILING,INFO;CALLOUT,INFO;DB,INFO;SYSTEM,DEBUG;VALIDATION,INFO;VISUALFORCE,INFO;WORKFLOW,INFO
02:33:46.0 (652593)|EXECUTION_STARTED
02:33:46.0 (683491)|CODE_UNIT_STARTED|[EXTERNAL]|aura
02:33:46.0 (1278702)|HEAP_ALLOCATE|[72]|Bytes:3
02:33:46.0 (1335023)|HEAP_ALLOCATE|[77]|Bytes:152
02:33:46.0 (1363504)|HEAP_ALLOCATE|[342]|Bytes:408
02:33:46.0 (1385416)|HEAP_ALLOCATE|[355]|Bytes:408
02:33:46.0 (1403851)|HEAP_ALLOCATE|[467]|Bytes:48
02:33:46.0 (1440398)|HEAP_ALLOCATE|[139]|Bytes:6
02:33:46.0 (1469967)|HEAP_ALLOCATE|[EXTERNAL]|Bytes:6
02:33:46.0 (1489380)|HEAP_ALLOCATE|[EXTERNAL]|Bytes:6
02:33:46.0 (3172334)|CODE_UNIT_STARTED|[EXTERNAL]|01p280000085nGQ|PatientWrapperController.getPatientsById
02:33:46.0 (3304691)|HEAP_ALLOCATE|[EXTERNAL]|Bytes:7
02:33:46.0 (3312921)|HEAP_ALLOCATE|[EXTERNAL]|Bytes:14
02:33:46.0 (3334299)|METHOD_ENTRY|[1]|01p280000085nGQ|PatientWrapperController.PatientWrapperController()
02:33:46.0 (3339139)|STATEMENT_EXECUTE|[1]
02:33:46.0 (3347882)|STATEMENT_EXECUTE|[1]
02:33:46.0 (3355700)|METHOD_EXIT|[1]|PatientWrapperController
02:33:46.0 (3361264)|HEAP_ALLOCATE|[EXTERNAL]|Bytes:6
02:33:46.0 (3371319)|SYSTEM_MODE_ENTER|false
02:33:46.0 (3387705)|VARIABLE_SCOPE_BEGIN|[36]|patientId|String|false|false
02:33:46.0 (3424054)|VARIABLE_ASSIGNMENT|[36]|patientId|"P00003"
02:33:46.0 (3436339)|STATEMENT_EXECUTE|[36]
02:33:46.0 (3438046)|STATEMENT_EXECUTE|[38]
02:33:46.0 (3442896)|HEAP_ALLOCATE|[38]|Bytes:185
02:33:46.0 (3449106)|VARIABLE_SCOPE_BEGIN|[38]|query|String|false|false
02:33:46.0 (3459969)|VARIABLE_ASSIGNMENT|[38]|query|"SELECT Patient_Id__c (165 more) ..."
02:33:46.0 (3462131)|STATEMENT_EXECUTE|[39]
02:33:46.0 (3503096)|HEAP_ALLOCATE|[50]|Bytes:5
02:33:46.0 (3532009)|HEAP_ALLOCATE|[56]|Bytes:5
02:33:46.0 (3541074)|HEAP_ALLOCATE|[64]|Bytes:7
02:33:46.0 (5140978)|SOQL_EXECUTE_BEGIN|[39]|Aggregations:0|SELECT Patient_Id__c, Full_Name__c, Gender__c, Steps_Completed__c, Goal__c, Height__c, Heart_Rate__c, Weight__c FROM Patient__c where Patient_Id__c = :patientId ORDER BY createdDate ASC
02:33:46.0 (10924624)|SOQL_EXECUTE_END|[39]|Rows:1
02:33:46.0 (10948722)|HEAP_ALLOCATE|[39]|Bytes:8
02:33:46.0 (10968409)|HEAP_ALLOCATE|[39]|Bytes:353
02:33:46.0 (11052692)|HEAP_ALLOCATE|[39]|Bytes:8
02:33:46.0 (11087277)|VARIABLE_SCOPE_BEGIN|[39]|patientList|List<Patient__c>|true|false
02:33:46.0 (11133735)|VARIABLE_ASSIGNMENT|[39]|patientList|{"s":1,"v":[{"s":2,"v":{"Patient_Id__c":"P00003","Full_Name__c":"Bhagyashri","Gender__c":"Female","Steps_Completed__c":1000,"Goal__c":5000,"Height__c":5.30,"Heart_Rate__c":68,"Weight__c":52.00,"Id":"a012800000SBlH6AAL"}}]}|0x7e9009de
02:33:46.0 (11140897)|STATEMENT_EXECUTE|[40]
02:33:46.0 (11146594)|VARIABLE_SCOPE_BEGIN|[40]|wrapperObj|PatientWrapper|true|false
02:33:46.0 (11152167)|VARIABLE_ASSIGNMENT|[40]|wrapperObj|null|
02:33:46.0 (11154608)|STATEMENT_EXECUTE|[41]
02:33:46.0 (11159522)|HEAP_ALLOCATE|[41]|Bytes:15
02:33:46.0 (11290396)|HEAP_ALLOCATE|[41]|Bytes:191
02:33:46.0 (11319216)|HEAP_ALLOCATE|[41]|Bytes:206
02:33:46.0 (11346161)|USER_DEBUG|[41]|DEBUG|patientList => (Patient__c:{Patient_Id__c=P00003, Full_Name__c=Bhagyashri, Gender__c=Female, Steps_Completed__c=1000, Goal__c=5000, Height__c=5.30, Heart_Rate__c=68, Weight__c=52.00, Id=a012800000SBlH6AAL})
02:33:46.0 (11563090)|HEAP_ALLOCATE|[42]|Bytes:5
02:33:46.0 (11623144)|HEAP_ALLOCATE|[42]|Bytes:40
02:33:46.0 (11640533)|VARIABLE_SCOPE_BEGIN|[42]|patient|Patient__c|true|false
02:33:46.0 (11669172)|VARIABLE_ASSIGNMENT|[42]|patient|{"s":1,"v":{"Patient_Id__c":"P00003","Full_Name__c":"Bhagyashri","Gender__c":"Female","Steps_Completed__c":1000,"Goal__c":5000,"Height__c":5.30,"Heart_Rate__c":68,"Weight__c":52.00,"Id":"a012800000SBlH6AAL"}}|0x6ef9b409
02:33:46.0 (11676702)|STATEMENT_EXECUTE|[42]
02:33:46.0 (11678985)|STATEMENT_EXECUTE|[43]
02:33:46.0 (11728494)|METHOD_ENTRY|[1]|01p280000085nGG|PatientWrapper.PatientWrapper()
02:33:46.0 (11734452)|STATEMENT_EXECUTE|[1]
02:33:46.0 (11742813)|STATEMENT_EXECUTE|[1]
02:33:46.0 (11757175)|METHOD_EXIT|[1]|PatientWrapper
02:33:46.0 (11789064)|HEAP_ALLOCATE|[43]|Bytes:36
02:33:46.0 (11804778)|CONSTRUCTOR_ENTRY|[43]|01p280000085nGG|<init>()
02:33:46.0 (11844708)|VARIABLE_SCOPE_BEGIN|[1]|this|PatientWrapper|true|false
02:33:46.0 (11934262)|VARIABLE_ASSIGNMENT|[1]|this|{}|0x4e963c9
02:33:46.0 (11945884)|HEAP_ALLOCATE|[EXTERNAL]|Bytes:6
02:33:46.0 (11976961)|STATEMENT_EXECUTE|[1]
02:33:46.0 (11979077)|STATEMENT_EXECUTE|[3]
02:33:46.0 (11980504)|STATEMENT_EXECUTE|[6]
02:33:46.0 (11981594)|STATEMENT_EXECUTE|[9]
02:33:46.0 (11982725)|STATEMENT_EXECUTE|[12]
02:33:46.0 (11984028)|STATEMENT_EXECUTE|[15]
02:33:46.0 (11985159)|STATEMENT_EXECUTE|[18]
02:33:46.0 (11986289)|STATEMENT_EXECUTE|[21]
02:33:46.0 (11987379)|STATEMENT_EXECUTE|[24]
02:33:46.0 (11992444)|CONSTRUCTOR_EXIT|[43]|01p280000085nGG|<init>()
02:33:46.0 (12008909)|VARIABLE_ASSIGNMENT|[43]|wrapperObj|{}|0x4e963c9
02:33:46.0 (12012755)|STATEMENT_EXECUTE|[45]
02:33:46.0 (12045690)|HEAP_ALLOCATE|[45]|Bytes:18
02:33:46.0 (12062532)|VARIABLE_ASSIGNMENT|[45]|this.id|"a012800000SBlH6AAL"|0x4e963c9
02:33:46.0 (12065641)|STATEMENT_EXECUTE|[46]
02:33:46.0 (12090038)|VARIABLE_ASSIGNMENT|[46]|this.name|"Bhagyashri"|0x4e963c9
02:33:46.0 (12093107)|STATEMENT_EXECUTE|[47]
02:33:46.0 (12137270)|HEAP_ALLOCATE|[47]|Bytes:12
02:33:46.0 (12151505)|VARIABLE_ASSIGNMENT|[47]|this.steps|1000.0|0x4e963c9
02:33:46.0 (12154086)|STATEMENT_EXECUTE|[48]
02:33:46.0 (12175359)|HEAP_ALLOCATE|[48]|Bytes:12
02:33:46.0 (12184367)|VARIABLE_ASSIGNMENT|[48]|this.goal|5000.0|0x4e963c9
02:33:46.0 (12186628)|STATEMENT_EXECUTE|[49]
02:33:46.0 (12202974)|HEAP_ALLOCATE|[49]|Bytes:12
02:33:46.0 (12211930)|VARIABLE_ASSIGNMENT|[49]|this.heartRate|68.0|0x4e963c9
02:33:46.0 (12214324)|STATEMENT_EXECUTE|[50]
02:33:46.0 (12231272)|HEAP_ALLOCATE|[50]|Bytes:12
02:33:46.0 (12240347)|VARIABLE_ASSIGNMENT|[50]|this.height|5.3|0x4e963c9
02:33:46.0 (12242548)|STATEMENT_EXECUTE|[51]
02:33:46.0 (12258911)|HEAP_ALLOCATE|[51]|Bytes:12
02:33:46.0 (12267679)|VARIABLE_ASSIGNMENT|[51]|this.weight|52.0|0x4e963c9
02:33:46.0 (12269759)|STATEMENT_EXECUTE|[52]
02:33:46.0 (12289273)|VARIABLE_ASSIGNMENT|[52]|this.patient_Id|"P00003"|0x4e963c9
02:33:46.0 (12308169)|HEAP_ALLOCATE|[42]|Bytes:5
02:33:46.0 (12322337)|VARIABLE_ASSIGNMENT|[42]|patient|null|
02:33:46.0 (12325897)|STATEMENT_EXECUTE|[56]
02:33:46.0 (12344269)|HEAP_ALLOCATE|[56]|Bytes:14
02:33:46.0 (12436904)|HEAP_ALLOCATE|[56]|Bytes:142
02:33:46.0 (12462986)|HEAP_ALLOCATE|[56]|Bytes:156
02:33:46.0 (12480433)|USER_DEBUG|[56]|DEBUG|wrapperObj => PatientWrapper:[goal=5000.0, heartRate=68.0, height=5.3, id=a012800000SBlH6AAL, name=Bhagyashri, patient_Id=P00003, steps=1000.0, weight=52.0]
02:33:46.0 (12489610)|STATEMENT_EXECUTE|[57]
02:33:46.0 (12497649)|SYSTEM_MODE_EXIT|false
02:33:46.12 (12542542)|CUMULATIVE_LIMIT_USAGE
02:33:46.12 (12542542)|LIMIT_USAGE_FOR_NS|(default)|
  Number of SOQL queries: 1 out of 100
  Number of query rows: 1 out of 50000
  Number of SOSL queries: 0 out of 20
  Number of DML statements: 0 out of 150
  Number of DML rows: 0 out of 10000
  Maximum CPU time: 0 out of 10000
  Maximum heap size: 0 out of 6000000
  Number of callouts: 0 out of 100
  Number of Email Invocations: 0 out of 10
  Number of future calls: 0 out of 50
  Number of queueable jobs added to the queue: 0 out of 50
  Number of Mobile Apex push calls: 0 out of 10

02:33:46.12 (12542542)|CUMULATIVE_LIMIT_USAGE_END

02:33:46.0 (12592211)|CODE_UNIT_FINISHED|PatientWrapperController.getPatientsById
02:33:46.0 (14442034)|CODE_UNIT_STARTED|[EXTERNAL]|Aura
02:33:46.0 (14506211)|CODE_UNIT_FINISHED|Aura
02:33:46.0 (14722187)|HEAP_ALLOCATE|[EXTERNAL]|Bytes:6
02:33:46.0 (14742849)|HEAP_ALLOCATE|[EXTERNAL]|Bytes:6
02:33:46.0 (15909682)|CODE_UNIT_STARTED|[EXTERNAL]|01p280000085nGQ|PatientWrapperController.getPatientsById
02:33:46.0 (15955899)|HEAP_ALLOCATE|[EXTERNAL]|Bytes:6
02:33:46.0 (15968922)|SYSTEM_MODE_ENTER|false
02:33:46.0 (15979601)|VARIABLE_SCOPE_BEGIN|[36]|patientId|String|false|false
02:33:46.0 (15992250)|VARIABLE_ASSIGNMENT|[36]|patientId|"P00003"
02:33:46.0 (16003923)|STATEMENT_EXECUTE|[36]
02:33:46.0 (16007954)|STATEMENT_EXECUTE|[38]
02:33:46.0 (16016401)|VARIABLE_SCOPE_BEGIN|[38]|query|String|false|false
02:33:46.0 (16029442)|VARIABLE_ASSIGNMENT|[38]|query|"SELECT Patient_Id__c (165 more) ..."
02:33:46.0 (16033071)|STATEMENT_EXECUTE|[39]
02:33:46.0 (16517341)|SOQL_EXECUTE_BEGIN|[39]|Aggregations:0|SELECT Patient_Id__c, Full_Name__c, Gender__c, Steps_Completed__c, Goal__c, Height__c, Heart_Rate__c, Weight__c FROM Patient__c where Patient_Id__c = :patientId ORDER BY createdDate ASC
02:33:46.0 (19816331)|SOQL_EXECUTE_END|[39]|Rows:1
02:33:46.0 (19836785)|HEAP_ALLOCATE|[39]|Bytes:8
02:33:46.0 (19858864)|HEAP_ALLOCATE|[39]|Bytes:353
02:33:46.0 (19888424)|HEAP_ALLOCATE|[39]|Bytes:8
02:33:46.0 (19915304)|VARIABLE_SCOPE_BEGIN|[39]|patientList|List<Patient__c>|true|false
02:33:46.0 (19961408)|VARIABLE_ASSIGNMENT|[39]|patientList|{"s":1,"v":[{"s":2,"v":{"Patient_Id__c":"P00003","Full_Name__c":"Bhagyashri","Gender__c":"Female","Steps_Completed__c":1000,"Goal__c":5000,"Height__c":5.30,"Heart_Rate__c":68,"Weight__c":52.00,"Id":"a012800000SBlH6AAL"}}]}|0x446d73f3
02:33:46.0 (19967294)|STATEMENT_EXECUTE|[40]
02:33:46.0 (19973322)|VARIABLE_SCOPE_BEGIN|[40]|wrapperObj|PatientWrapper|true|false
02:33:46.0 (19978933)|VARIABLE_ASSIGNMENT|[40]|wrapperObj|null|
02:33:46.0 (19980805)|STATEMENT_EXECUTE|[41]
02:33:46.0 (20067419)|HEAP_ALLOCATE|[41]|Bytes:191
02:33:46.0 (20087731)|HEAP_ALLOCATE|[41]|Bytes:206
02:33:46.0 (20101975)|USER_DEBUG|[41]|DEBUG|patientList => (Patient__c:{Patient_Id__c=P00003, Full_Name__c=Bhagyashri, Gender__c=Female, Steps_Completed__c=1000, Goal__c=5000, Height__c=5.30, Heart_Rate__c=68, Weight__c=52.00, Id=a012800000SBlH6AAL})
02:33:46.0 (20137423)|HEAP_ALLOCATE|[42]|Bytes:5
02:33:46.0 (20192032)|HEAP_ALLOCATE|[42]|Bytes:40
02:33:46.0 (20212177)|VARIABLE_SCOPE_BEGIN|[42]|patient|Patient__c|true|false
02:33:46.0 (20239411)|VARIABLE_ASSIGNMENT|[42]|patient|{"s":1,"v":{"Patient_Id__c":"P00003","Full_Name__c":"Bhagyashri","Gender__c":"Female","Steps_Completed__c":1000,"Goal__c":5000,"Height__c":5.30,"Heart_Rate__c":68,"Weight__c":52.00,"Id":"a012800000SBlH6AAL"}}|0xb61b9a7
02:33:46.0 (20246507)|STATEMENT_EXECUTE|[42]
02:33:46.0 (20249030)|STATEMENT_EXECUTE|[43]
02:33:46.0 (20259187)|HEAP_ALLOCATE|[43]|Bytes:36
02:33:46.0 (20273387)|CONSTRUCTOR_ENTRY|[43]|01p280000085nGG|<init>()
02:33:46.0 (20287257)|VARIABLE_SCOPE_BEGIN|[1]|this|PatientWrapper|true|false
02:33:46.0 (20324601)|VARIABLE_ASSIGNMENT|[1]|this|{}|0x7aff3a19
02:33:46.0 (20344554)|STATEMENT_EXECUTE|[1]
02:33:46.0 (20346420)|STATEMENT_EXECUTE|[3]
02:33:46.0 (20347900)|STATEMENT_EXECUTE|[6]
02:33:46.0 (20348994)|STATEMENT_EXECUTE|[9]
02:33:46.0 (20350094)|STATEMENT_EXECUTE|[12]
02:33:46.0 (20351341)|STATEMENT_EXECUTE|[15]
02:33:46.0 (20352449)|STATEMENT_EXECUTE|[18]
02:33:46.0 (20353626)|STATEMENT_EXECUTE|[21]
02:33:46.0 (20354945)|STATEMENT_EXECUTE|[24]
02:33:46.0 (20359931)|CONSTRUCTOR_EXIT|[43]|01p280000085nGG|<init>()
02:33:46.0 (20373989)|VARIABLE_ASSIGNMENT|[43]|wrapperObj|{}|0x7aff3a19
02:33:46.0 (20376891)|STATEMENT_EXECUTE|[45]
02:33:46.0 (20392703)|HEAP_ALLOCATE|[45]|Bytes:18
02:33:46.0 (20406973)|VARIABLE_ASSIGNMENT|[45]|this.id|"a012800000SBlH6AAL"|0x7aff3a19
02:33:46.0 (20409740)|STATEMENT_EXECUTE|[46]
02:33:46.0 (20419829)|VARIABLE_ASSIGNMENT|[46]|this.name|"Bhagyashri"|0x7aff3a19
02:33:46.0 (20421839)|STATEMENT_EXECUTE|[47]
02:33:46.0 (20437830)|HEAP_ALLOCATE|[47]|Bytes:12
02:33:46.0 (20447423)|VARIABLE_ASSIGNMENT|[47]|this.steps|1000.0|0x7aff3a19
02:33:46.0 (20449632)|STATEMENT_EXECUTE|[48]
02:33:46.0 (20456974)|HEAP_ALLOCATE|[48]|Bytes:12
02:33:46.0 (20463555)|VARIABLE_ASSIGNMENT|[48]|this.goal|5000.0|0x7aff3a19
02:33:46.0 (20466236)|STATEMENT_EXECUTE|[49]
02:33:46.0 (20475184)|HEAP_ALLOCATE|[49]|Bytes:12
02:33:46.0 (20482478)|VARIABLE_ASSIGNMENT|[49]|this.heartRate|68.0|0x7aff3a19
02:33:46.0 (20484629)|STATEMENT_EXECUTE|[50]
02:33:46.0 (20491917)|HEAP_ALLOCATE|[50]|Bytes:12
02:33:46.0 (20499178)|VARIABLE_ASSIGNMENT|[50]|this.height|5.3|0x7aff3a19
02:33:46.0 (20501144)|STATEMENT_EXECUTE|[51]
02:33:46.0 (20507614)|HEAP_ALLOCATE|[51]|Bytes:12
02:33:46.0 (20513883)|VARIABLE_ASSIGNMENT|[51]|this.weight|52.0|0x7aff3a19
02:33:46.0 (20515789)|STATEMENT_EXECUTE|[52]
02:33:46.0 (20524298)|VARIABLE_ASSIGNMENT|[52]|this.patient_Id|"P00003"|0x7aff3a19
02:33:46.0 (20537670)|HEAP_ALLOCATE|[42]|Bytes:5
02:33:46.0 (20550296)|VARIABLE_ASSIGNMENT|[42]|patient|null|
02:33:46.0 (20553805)|STATEMENT_EXECUTE|[56]
02:33:46.0 (20596818)|HEAP_ALLOCATE|[56]|Bytes:142
02:33:46.0 (20611024)|HEAP_ALLOCATE|[56]|Bytes:156
02:33:46.0 (20620328)|USER_DEBUG|[56]|DEBUG|wrapperObj => PatientWrapper:[goal=5000.0, heartRate=68.0, height=5.3, id=a012800000SBlH6AAL, name=Bhagyashri, patient_Id=P00003, steps=1000.0, weight=52.0]
02:33:46.0 (20626596)|STATEMENT_EXECUTE|[57]
02:33:46.0 (20635728)|SYSTEM_MODE_EXIT|false
02:33:46.20 (20682728)|CUMULATIVE_LIMIT_USAGE
02:33:46.20 (20682728)|LIMIT_USAGE_FOR_NS|(default)|
  Number of SOQL queries: 2 out of 100
  Number of query rows: 2 out of 50000
  Number of SOSL queries: 0 out of 20
  Number of DML statements: 0 out of 150
  Number of DML rows: 0 out of 10000
  Maximum CPU time: 0 out of 10000
  Maximum heap size: 0 out of 6000000
  Number of callouts: 0 out of 100
  Number of Email Invocations: 0 out of 10
  Number of future calls: 0 out of 50
  Number of queueable jobs added to the queue: 0 out of 50
  Number of Mobile Apex push calls: 0 out of 10

02:33:46.20 (20682728)|CUMULATIVE_LIMIT_USAGE_END

02:33:46.0 (20732606)|CODE_UNIT_FINISHED|PatientWrapperController.getPatientsById
02:33:46.0 (22694731)|CODE_UNIT_STARTED|[EXTERNAL]|Aura
02:33:46.0 (22772795)|CODE_UNIT_FINISHED|Aura
