36.0 APEX_CODE,FINEST;APEX_PROFILING,INFO;CALLOUT,INFO;DB,INFO;SYSTEM,DEBUG;VALIDATION,INFO;VISUALFORCE,INFO;WORKFLOW,INFO
04:43:17.0 (418226)|EXECUTION_STARTED
04:43:17.0 (448129)|CODE_UNIT_STARTED|[EXTERNAL]|aura
04:43:17.0 (911929)|HEAP_ALLOCATE|[72]|Bytes:3
04:43:17.0 (951941)|HEAP_ALLOCATE|[77]|Bytes:152
04:43:17.0 (966093)|HEAP_ALLOCATE|[342]|Bytes:408
04:43:17.0 (980467)|HEAP_ALLOCATE|[355]|Bytes:408
04:43:17.0 (994707)|HEAP_ALLOCATE|[467]|Bytes:48
04:43:17.0 (1018871)|HEAP_ALLOCATE|[139]|Bytes:6
04:43:17.0 (1038364)|HEAP_ALLOCATE|[EXTERNAL]|Bytes:6
04:43:17.0 (1053831)|HEAP_ALLOCATE|[EXTERNAL]|Bytes:6
04:43:17.0 (2348808)|CODE_UNIT_STARTED|[EXTERNAL]|01p280000085nGQ|PatientWrapperController.getPatientsById
04:43:17.0 (2468392)|HEAP_ALLOCATE|[EXTERNAL]|Bytes:7
04:43:17.0 (2473699)|HEAP_ALLOCATE|[EXTERNAL]|Bytes:14
04:43:17.0 (2488167)|METHOD_ENTRY|[1]|01p280000085nGQ|PatientWrapperController.PatientWrapperController()
04:43:17.0 (2491845)|STATEMENT_EXECUTE|[1]
04:43:17.0 (2497334)|STATEMENT_EXECUTE|[1]
04:43:17.0 (2503367)|METHOD_EXIT|[1]|PatientWrapperController
04:43:17.0 (2507141)|HEAP_ALLOCATE|[EXTERNAL]|Bytes:6
04:43:17.0 (2517262)|SYSTEM_MODE_ENTER|false
04:43:17.0 (2524090)|VARIABLE_SCOPE_BEGIN|[36]|patientId|String|false|false
04:43:17.0 (2547428)|VARIABLE_ASSIGNMENT|[36]|patientId|"P00002"
04:43:17.0 (2575587)|STATEMENT_EXECUTE|[36]
04:43:17.0 (2578797)|STATEMENT_EXECUTE|[38]
04:43:17.0 (2584743)|HEAP_ALLOCATE|[38]|Bytes:185
04:43:17.0 (2595174)|VARIABLE_SCOPE_BEGIN|[38]|query|String|false|false
04:43:17.0 (2611433)|VARIABLE_ASSIGNMENT|[38]|query|"SELECT Patient_Id__c (165 more) ..."
04:43:17.0 (2615748)|STATEMENT_EXECUTE|[39]
04:43:17.0 (2664750)|HEAP_ALLOCATE|[50]|Bytes:5
04:43:17.0 (2713610)|HEAP_ALLOCATE|[56]|Bytes:5
04:43:17.0 (2725289)|HEAP_ALLOCATE|[64]|Bytes:7
04:43:17.0 (3976954)|SOQL_EXECUTE_BEGIN|[39]|Aggregations:0|SELECT Patient_Id__c, Full_Name__c, Gender__c, Steps_Completed__c, Goal__c, Height__c, Heart_Rate__c, Weight__c FROM Patient__c where Patient_Id__c = :patientId ORDER BY createdDate ASC
04:43:17.0 (7860192)|SOQL_EXECUTE_END|[39]|Rows:1
04:43:17.0 (7875166)|HEAP_ALLOCATE|[39]|Bytes:8
04:43:17.0 (7893743)|HEAP_ALLOCATE|[39]|Bytes:350
04:43:17.0 (7992576)|HEAP_ALLOCATE|[39]|Bytes:8
04:43:17.0 (8011462)|VARIABLE_SCOPE_BEGIN|[39]|patientList|List<Patient__c>|true|false
04:43:17.0 (8049439)|VARIABLE_ASSIGNMENT|[39]|patientList|{"s":1,"v":[{"s":2,"v":{"Patient_Id__c":"P00002","Full_Name__c":"Pallavi","Gender__c":"Female","Steps_Completed__c":6000,"Goal__c":6000,"Height__c":4.00,"Heart_Rate__c":72,"Weight__c":68.00,"Id":"a012800000SBjJnAAL"}}]}|0x511f1c77
04:43:17.0 (8059315)|STATEMENT_EXECUTE|[40]
04:43:17.0 (8066995)|VARIABLE_SCOPE_BEGIN|[40]|wrapperObj|PatientWrapper|true|false
04:43:17.0 (8072752)|VARIABLE_ASSIGNMENT|[40]|wrapperObj|null|
04:43:17.0 (8074473)|STATEMENT_EXECUTE|[41]
04:43:17.0 (8078807)|HEAP_ALLOCATE|[41]|Bytes:15
04:43:17.0 (8177342)|HEAP_ALLOCATE|[41]|Bytes:188
04:43:17.0 (8198467)|HEAP_ALLOCATE|[41]|Bytes:203
04:43:17.0 (8217701)|USER_DEBUG|[41]|DEBUG|patientList => (Patient__c:{Patient_Id__c=P00002, Full_Name__c=Pallavi, Gender__c=Female, Steps_Completed__c=6000, Goal__c=6000, Height__c=4.00, Heart_Rate__c=72, Weight__c=68.00, Id=a012800000SBjJnAAL})
04:43:17.0 (8406410)|HEAP_ALLOCATE|[42]|Bytes:5
04:43:17.0 (8447731)|HEAP_ALLOCATE|[42]|Bytes:40
04:43:17.0 (8459050)|VARIABLE_SCOPE_BEGIN|[42]|patient|Patient__c|true|false
04:43:17.0 (8477872)|VARIABLE_ASSIGNMENT|[42]|patient|{"s":1,"v":{"Patient_Id__c":"P00002","Full_Name__c":"Pallavi","Gender__c":"Female","Steps_Completed__c":6000,"Goal__c":6000,"Height__c":4.00,"Heart_Rate__c":72,"Weight__c":68.00,"Id":"a012800000SBjJnAAL"}}|0x5bd57698
04:43:17.0 (8482160)|STATEMENT_EXECUTE|[42]
04:43:17.0 (8483742)|STATEMENT_EXECUTE|[43]
04:43:17.0 (8497036)|METHOD_ENTRY|[1]|01p280000085nGG|PatientWrapper.PatientWrapper()
04:43:17.0 (8500127)|STATEMENT_EXECUTE|[1]
04:43:17.0 (8503267)|STATEMENT_EXECUTE|[1]
04:43:17.0 (8509249)|METHOD_EXIT|[1]|PatientWrapper
04:43:17.0 (8515492)|HEAP_ALLOCATE|[43]|Bytes:36
04:43:17.0 (8525561)|CONSTRUCTOR_ENTRY|[43]|01p280000085nGG|<init>()
04:43:17.0 (8546428)|VARIABLE_SCOPE_BEGIN|[1]|this|PatientWrapper|true|false
04:43:17.0 (8578802)|VARIABLE_ASSIGNMENT|[1]|this|{}|0x6893698b
04:43:17.0 (8587689)|HEAP_ALLOCATE|[EXTERNAL]|Bytes:6
04:43:17.0 (8608392)|STATEMENT_EXECUTE|[1]
04:43:17.0 (8610343)|STATEMENT_EXECUTE|[3]
04:43:17.0 (8611632)|STATEMENT_EXECUTE|[6]
04:43:17.0 (8612770)|STATEMENT_EXECUTE|[9]
04:43:17.0 (8613829)|STATEMENT_EXECUTE|[12]
04:43:17.0 (8614892)|STATEMENT_EXECUTE|[15]
04:43:17.0 (8615982)|STATEMENT_EXECUTE|[18]
04:43:17.0 (8616974)|STATEMENT_EXECUTE|[21]
04:43:17.0 (8617990)|STATEMENT_EXECUTE|[24]
04:43:17.0 (8621893)|CONSTRUCTOR_EXIT|[43]|01p280000085nGG|<init>()
04:43:17.0 (8637682)|VARIABLE_ASSIGNMENT|[43]|wrapperObj|{}|0x6893698b
04:43:17.0 (8640292)|STATEMENT_EXECUTE|[45]
04:43:17.0 (8673624)|HEAP_ALLOCATE|[45]|Bytes:18
04:43:17.0 (8687693)|VARIABLE_ASSIGNMENT|[45]|this.id|"a012800000SBjJnAAL"|0x6893698b
04:43:17.0 (8690550)|STATEMENT_EXECUTE|[46]
04:43:17.0 (8711539)|VARIABLE_ASSIGNMENT|[46]|this.name|"Pallavi"|0x6893698b
04:43:17.0 (8714353)|STATEMENT_EXECUTE|[47]
04:43:17.0 (8751754)|HEAP_ALLOCATE|[47]|Bytes:12
04:43:17.0 (8764310)|VARIABLE_ASSIGNMENT|[47]|this.steps|6000.0|0x6893698b
04:43:17.0 (8766671)|STATEMENT_EXECUTE|[48]
04:43:17.0 (8786172)|HEAP_ALLOCATE|[48]|Bytes:12
04:43:17.0 (8794659)|VARIABLE_ASSIGNMENT|[48]|this.goal|6000.0|0x6893698b
04:43:17.0 (8796688)|STATEMENT_EXECUTE|[49]
04:43:17.0 (8811835)|HEAP_ALLOCATE|[49]|Bytes:12
04:43:17.0 (8819516)|VARIABLE_ASSIGNMENT|[49]|this.heartRate|72.0|0x6893698b
04:43:17.0 (8821571)|STATEMENT_EXECUTE|[50]
04:43:17.0 (8836921)|HEAP_ALLOCATE|[50]|Bytes:12
04:43:17.0 (8844422)|VARIABLE_ASSIGNMENT|[50]|this.height|4.0|0x6893698b
04:43:17.0 (8846409)|STATEMENT_EXECUTE|[51]
04:43:17.0 (8861140)|HEAP_ALLOCATE|[51]|Bytes:12
04:43:17.0 (8869255)|VARIABLE_ASSIGNMENT|[51]|this.weight|68.0|0x6893698b
04:43:17.0 (8871273)|STATEMENT_EXECUTE|[52]
04:43:17.0 (8888717)|VARIABLE_ASSIGNMENT|[52]|this.patient_Id|"P00002"|0x6893698b
04:43:17.0 (8902021)|HEAP_ALLOCATE|[42]|Bytes:5
04:43:17.0 (8913603)|VARIABLE_ASSIGNMENT|[42]|patient|null|
04:43:17.0 (8916972)|STATEMENT_EXECUTE|[56]
04:43:17.0 (8919825)|HEAP_ALLOCATE|[56]|Bytes:14
04:43:17.0 (8980043)|HEAP_ALLOCATE|[56]|Bytes:139
04:43:17.0 (8994488)|HEAP_ALLOCATE|[56]|Bytes:153
04:43:17.0 (9004175)|USER_DEBUG|[56]|DEBUG|wrapperObj => PatientWrapper:[goal=6000.0, heartRate=72.0, height=4.0, id=a012800000SBjJnAAL, name=Pallavi, patient_Id=P00002, steps=6000.0, weight=68.0]
04:43:17.0 (9010384)|STATEMENT_EXECUTE|[57]
04:43:17.0 (9017891)|SYSTEM_MODE_EXIT|false
04:43:17.9 (9062936)|CUMULATIVE_LIMIT_USAGE
04:43:17.9 (9062936)|LIMIT_USAGE_FOR_NS|(default)|
  Number of SOQL queries: 1 out of 100
  Number of query rows: 1 out of 50000
  Number of SOSL queries: 0 out of 20
  Number of DML statements: 0 out of 150
  Number of DML rows: 0 out of 10000
  Maximum CPU time: 0 out of 10000
  Maximum heap size: 0 out of 6000000
  Number of callouts: 0 out of 100
  Number of Email Invocations: 0 out of 10
  Number of future calls: 0 out of 50
  Number of queueable jobs added to the queue: 0 out of 50
  Number of Mobile Apex push calls: 0 out of 10

04:43:17.9 (9062936)|CUMULATIVE_LIMIT_USAGE_END

04:43:17.0 (9106697)|CODE_UNIT_FINISHED|PatientWrapperController.getPatientsById
04:43:17.0 (11504127)|CODE_UNIT_STARTED|[EXTERNAL]|Aura
04:43:17.0 (11584879)|CODE_UNIT_FINISHED|Aura
