36.0 APEX_CODE,FINEST;APEX_PROFILING,INFO;CALLOUT,INFO;DB,INFO;SYSTEM,DEBUG;VALIDATION,INFO;VISUALFORCE,INFO;WORKFLOW,INFO
03:39:03.0 (884492)|EXECUTION_STARTED
03:39:03.0 (925198)|CODE_UNIT_STARTED|[EXTERNAL]|aura
03:39:03.0 (2502749)|HEAP_ALLOCATE|[72]|Bytes:3
03:39:03.0 (2559436)|HEAP_ALLOCATE|[77]|Bytes:152
03:39:03.0 (2584345)|HEAP_ALLOCATE|[342]|Bytes:408
03:39:03.0 (2614935)|HEAP_ALLOCATE|[355]|Bytes:408
03:39:03.0 (2640381)|HEAP_ALLOCATE|[467]|Bytes:48
03:39:03.0 (2680309)|HEAP_ALLOCATE|[139]|Bytes:6
03:39:03.0 (2722046)|HEAP_ALLOCATE|[EXTERNAL]|Bytes:6
03:39:03.0 (2746891)|HEAP_ALLOCATE|[EXTERNAL]|Bytes:6
03:39:03.0 (5149375)|CODE_UNIT_STARTED|[EXTERNAL]|01p280000085nGQ|PatientWrapperController.getPatientsById
03:39:03.0 (6976527)|HEAP_ALLOCATE|[EXTERNAL]|Bytes:7
03:39:03.0 (6988261)|HEAP_ALLOCATE|[EXTERNAL]|Bytes:14
03:39:03.0 (7009115)|METHOD_ENTRY|[1]|01p280000085nGQ|PatientWrapperController.PatientWrapperController()
03:39:03.0 (7016911)|STATEMENT_EXECUTE|[1]
03:39:03.0 (7025452)|STATEMENT_EXECUTE|[1]
03:39:03.0 (7035222)|METHOD_EXIT|[1]|PatientWrapperController
03:39:03.0 (7043317)|HEAP_ALLOCATE|[EXTERNAL]|Bytes:6
03:39:03.0 (7065421)|SYSTEM_MODE_ENTER|false
03:39:03.0 (7083848)|VARIABLE_SCOPE_BEGIN|[36]|patientId|String|false|false
03:39:03.0 (7124556)|VARIABLE_ASSIGNMENT|[36]|patientId|"P00002"
03:39:03.0 (7142484)|STATEMENT_EXECUTE|[36]
03:39:03.0 (7145867)|STATEMENT_EXECUTE|[38]
03:39:03.0 (7151170)|HEAP_ALLOCATE|[38]|Bytes:185
03:39:03.0 (7159561)|VARIABLE_SCOPE_BEGIN|[38]|query|String|false|false
03:39:03.0 (7175243)|VARIABLE_ASSIGNMENT|[38]|query|"SELECT Patient_Id__c (165 more) ..."
03:39:03.0 (7179874)|STATEMENT_EXECUTE|[39]
03:39:03.0 (7228629)|HEAP_ALLOCATE|[50]|Bytes:5
03:39:03.0 (7264442)|HEAP_ALLOCATE|[56]|Bytes:5
03:39:03.0 (7282166)|HEAP_ALLOCATE|[64]|Bytes:7
03:39:03.0 (10485759)|SOQL_EXECUTE_BEGIN|[39]|Aggregations:0|SELECT Patient_Id__c, Full_Name__c, Gender__c, Steps_Completed__c, Goal__c, Height__c, Heart_Rate__c, Weight__c FROM Patient__c where Patient_Id__c = :patientId ORDER BY createdDate ASC
03:39:03.0 (16834622)|SOQL_EXECUTE_END|[39]|Rows:1
03:39:03.0 (16862702)|HEAP_ALLOCATE|[39]|Bytes:8
03:39:03.0 (16889198)|HEAP_ALLOCATE|[39]|Bytes:350
03:39:03.0 (17060603)|HEAP_ALLOCATE|[39]|Bytes:8
03:39:03.0 (17107286)|VARIABLE_SCOPE_BEGIN|[39]|patientList|List<Patient__c>|true|false
03:39:03.0 (17176837)|VARIABLE_ASSIGNMENT|[39]|patientList|{"s":1,"v":[{"s":2,"v":{"Patient_Id__c":"P00002","Full_Name__c":"Pallavi","Gender__c":"Female","Steps_Completed__c":6000,"Goal__c":6000,"Height__c":4.00,"Heart_Rate__c":72,"Weight__c":68.00,"Id":"a012800000SBjJnAAL"}}]}|0x5f34006a
03:39:03.0 (17185951)|STATEMENT_EXECUTE|[40]
03:39:03.0 (17193292)|VARIABLE_SCOPE_BEGIN|[40]|wrapperObj|PatientWrapper|true|false
03:39:03.0 (17252094)|VARIABLE_ASSIGNMENT|[40]|wrapperObj|null|
03:39:03.0 (17257533)|STATEMENT_EXECUTE|[41]
03:39:03.0 (17263868)|HEAP_ALLOCATE|[41]|Bytes:15
03:39:03.0 (17431535)|HEAP_ALLOCATE|[41]|Bytes:188
03:39:03.0 (17462940)|HEAP_ALLOCATE|[41]|Bytes:203
03:39:03.0 (17496124)|USER_DEBUG|[41]|DEBUG|patientList => (Patient__c:{Patient_Id__c=P00002, Full_Name__c=Pallavi, Gender__c=Female, Steps_Completed__c=6000, Goal__c=6000, Height__c=4.00, Heart_Rate__c=72, Weight__c=68.00, Id=a012800000SBjJnAAL})
03:39:03.0 (17789163)|HEAP_ALLOCATE|[42]|Bytes:5
03:39:03.0 (17848395)|HEAP_ALLOCATE|[42]|Bytes:40
03:39:03.0 (17864965)|VARIABLE_SCOPE_BEGIN|[42]|patient|Patient__c|true|false
03:39:03.0 (17897317)|VARIABLE_ASSIGNMENT|[42]|patient|{"s":1,"v":{"Patient_Id__c":"P00002","Full_Name__c":"Pallavi","Gender__c":"Female","Steps_Completed__c":6000,"Goal__c":6000,"Height__c":4.00,"Heart_Rate__c":72,"Weight__c":68.00,"Id":"a012800000SBjJnAAL"}}|0x4ee6e762
03:39:03.0 (17905092)|STATEMENT_EXECUTE|[42]
03:39:03.0 (17907587)|STATEMENT_EXECUTE|[43]
03:39:03.0 (17944113)|METHOD_ENTRY|[1]|01p280000085nGG|PatientWrapper.PatientWrapper()
03:39:03.0 (17950627)|STATEMENT_EXECUTE|[1]
03:39:03.0 (17959108)|STATEMENT_EXECUTE|[1]
03:39:03.0 (17970309)|METHOD_EXIT|[1]|PatientWrapper
03:39:03.0 (18002214)|HEAP_ALLOCATE|[43]|Bytes:36
03:39:03.0 (18021857)|CONSTRUCTOR_ENTRY|[43]|01p280000085nGG|<init>()
03:39:03.0 (18081658)|VARIABLE_SCOPE_BEGIN|[1]|this|PatientWrapper|true|false
03:39:03.0 (18259785)|VARIABLE_ASSIGNMENT|[1]|this|{}|0x1bab313d
03:39:03.0 (18277687)|HEAP_ALLOCATE|[EXTERNAL]|Bytes:6
03:39:03.0 (18318077)|STATEMENT_EXECUTE|[1]
03:39:03.0 (18321978)|STATEMENT_EXECUTE|[3]
03:39:03.0 (18324356)|STATEMENT_EXECUTE|[6]
03:39:03.0 (18326417)|STATEMENT_EXECUTE|[9]
03:39:03.0 (18328381)|STATEMENT_EXECUTE|[12]
03:39:03.0 (18330442)|STATEMENT_EXECUTE|[15]
03:39:03.0 (18332347)|STATEMENT_EXECUTE|[18]
03:39:03.0 (18334211)|STATEMENT_EXECUTE|[21]
03:39:03.0 (18336021)|STATEMENT_EXECUTE|[24]
03:39:03.0 (18346316)|CONSTRUCTOR_EXIT|[43]|01p280000085nGG|<init>()
03:39:03.0 (18375769)|VARIABLE_ASSIGNMENT|[43]|wrapperObj|{}|0x1bab313d
03:39:03.0 (18381662)|STATEMENT_EXECUTE|[45]
03:39:03.0 (18425969)|HEAP_ALLOCATE|[45]|Bytes:18
03:39:03.0 (18452408)|VARIABLE_ASSIGNMENT|[45]|this.id|"a012800000SBjJnAAL"|0x1bab313d
03:39:03.0 (18458391)|STATEMENT_EXECUTE|[46]
03:39:03.0 (18493894)|VARIABLE_ASSIGNMENT|[46]|this.name|"Pallavi"|0x1bab313d
03:39:03.0 (18500672)|STATEMENT_EXECUTE|[47]
03:39:03.0 (18556438)|HEAP_ALLOCATE|[47]|Bytes:12
03:39:03.0 (18577750)|VARIABLE_ASSIGNMENT|[47]|this.steps|6000.0|0x1bab313d
03:39:03.0 (18582458)|STATEMENT_EXECUTE|[48]
03:39:03.0 (18609562)|HEAP_ALLOCATE|[48]|Bytes:12
03:39:03.0 (18626448)|VARIABLE_ASSIGNMENT|[48]|this.goal|6000.0|0x1bab313d
03:39:03.0 (18630676)|STATEMENT_EXECUTE|[49]
03:39:03.0 (18661272)|HEAP_ALLOCATE|[49]|Bytes:12
03:39:03.0 (18679397)|VARIABLE_ASSIGNMENT|[49]|this.heartRate|72.0|0x1bab313d
03:39:03.0 (18683717)|STATEMENT_EXECUTE|[50]
03:39:03.0 (18712451)|HEAP_ALLOCATE|[50]|Bytes:12
03:39:03.0 (18731122)|VARIABLE_ASSIGNMENT|[50]|this.height|4.0|0x1bab313d
03:39:03.0 (18735452)|STATEMENT_EXECUTE|[51]
03:39:03.0 (18766192)|HEAP_ALLOCATE|[51]|Bytes:12
03:39:03.0 (18784810)|VARIABLE_ASSIGNMENT|[51]|this.weight|68.0|0x1bab313d
03:39:03.0 (18789376)|STATEMENT_EXECUTE|[52]
03:39:03.0 (18827094)|VARIABLE_ASSIGNMENT|[52]|this.patient_Id|"P00002"|0x1bab313d
03:39:03.0 (18848678)|HEAP_ALLOCATE|[42]|Bytes:5
03:39:03.0 (18870439)|VARIABLE_ASSIGNMENT|[42]|patient|null|
03:39:03.0 (18876889)|STATEMENT_EXECUTE|[56]
03:39:03.0 (18882719)|HEAP_ALLOCATE|[56]|Bytes:14
03:39:03.0 (19025178)|HEAP_ALLOCATE|[56]|Bytes:139
03:39:03.0 (19060806)|HEAP_ALLOCATE|[56]|Bytes:153
03:39:03.0 (19082321)|USER_DEBUG|[56]|DEBUG|wrapperObj => PatientWrapper:[goal=6000.0, heartRate=72.0, height=4.0, id=a012800000SBjJnAAL, name=Pallavi, patient_Id=P00002, steps=6000.0, weight=68.0]
03:39:03.0 (19094561)|STATEMENT_EXECUTE|[57]
03:39:03.0 (19108727)|SYSTEM_MODE_EXIT|false
03:39:03.19 (19166324)|CUMULATIVE_LIMIT_USAGE
03:39:03.19 (19166324)|LIMIT_USAGE_FOR_NS|(default)|
  Number of SOQL queries: 1 out of 100
  Number of query rows: 1 out of 50000
  Number of SOSL queries: 0 out of 20
  Number of DML statements: 0 out of 150
  Number of DML rows: 0 out of 10000
  Maximum CPU time: 0 out of 10000
  Maximum heap size: 0 out of 6000000
  Number of callouts: 0 out of 100
  Number of Email Invocations: 0 out of 10
  Number of future calls: 0 out of 50
  Number of queueable jobs added to the queue: 0 out of 50
  Number of Mobile Apex push calls: 0 out of 10

03:39:03.19 (19166324)|CUMULATIVE_LIMIT_USAGE_END

03:39:03.0 (19220696)|CODE_UNIT_FINISHED|PatientWrapperController.getPatientsById
03:39:03.0 (22363260)|CODE_UNIT_STARTED|[EXTERNAL]|Aura
03:39:03.0 (22445480)|CODE_UNIT_FINISHED|Aura
03:39:03.0 (22705946)|HEAP_ALLOCATE|[EXTERNAL]|Bytes:6
03:39:03.0 (22733037)|HEAP_ALLOCATE|[EXTERNAL]|Bytes:6
03:39:03.0 (24718165)|CODE_UNIT_STARTED|[EXTERNAL]|01p280000085nGQ|PatientWrapperController.getPatientsById
03:39:03.0 (24767582)|HEAP_ALLOCATE|[EXTERNAL]|Bytes:6
03:39:03.0 (24783162)|SYSTEM_MODE_ENTER|false
03:39:03.0 (24790805)|VARIABLE_SCOPE_BEGIN|[36]|patientId|String|false|false
03:39:03.0 (24801144)|VARIABLE_ASSIGNMENT|[36]|patientId|"P00002"
03:39:03.0 (24811690)|STATEMENT_EXECUTE|[36]
03:39:03.0 (24814299)|STATEMENT_EXECUTE|[38]
03:39:03.0 (24821203)|VARIABLE_SCOPE_BEGIN|[38]|query|String|false|false
03:39:03.0 (24835006)|VARIABLE_ASSIGNMENT|[38]|query|"SELECT Patient_Id__c (165 more) ..."
03:39:03.0 (24839685)|STATEMENT_EXECUTE|[39]
03:39:03.0 (25362352)|SOQL_EXECUTE_BEGIN|[39]|Aggregations:0|SELECT Patient_Id__c, Full_Name__c, Gender__c, Steps_Completed__c, Goal__c, Height__c, Heart_Rate__c, Weight__c FROM Patient__c where Patient_Id__c = :patientId ORDER BY createdDate ASC
03:39:03.0 (30531226)|SOQL_EXECUTE_END|[39]|Rows:1
03:39:03.0 (30557741)|HEAP_ALLOCATE|[39]|Bytes:8
03:39:03.0 (30585824)|HEAP_ALLOCATE|[39]|Bytes:350
03:39:03.0 (30636903)|HEAP_ALLOCATE|[39]|Bytes:8
03:39:03.0 (30667733)|VARIABLE_SCOPE_BEGIN|[39]|patientList|List<Patient__c>|true|false
03:39:03.0 (30728714)|VARIABLE_ASSIGNMENT|[39]|patientList|{"s":1,"v":[{"s":2,"v":{"Patient_Id__c":"P00002","Full_Name__c":"Pallavi","Gender__c":"Female","Steps_Completed__c":6000,"Goal__c":6000,"Height__c":4.00,"Heart_Rate__c":72,"Weight__c":68.00,"Id":"a012800000SBjJnAAL"}}]}|0x594840aa
03:39:03.0 (30734200)|STATEMENT_EXECUTE|[40]
03:39:03.0 (30739934)|VARIABLE_SCOPE_BEGIN|[40]|wrapperObj|PatientWrapper|true|false
03:39:03.0 (30745981)|VARIABLE_ASSIGNMENT|[40]|wrapperObj|null|
03:39:03.0 (30748047)|STATEMENT_EXECUTE|[41]
03:39:03.0 (30847239)|HEAP_ALLOCATE|[41]|Bytes:188
03:39:03.0 (30865794)|HEAP_ALLOCATE|[41]|Bytes:203
03:39:03.0 (30878016)|USER_DEBUG|[41]|DEBUG|patientList => (Patient__c:{Patient_Id__c=P00002, Full_Name__c=Pallavi, Gender__c=Female, Steps_Completed__c=6000, Goal__c=6000, Height__c=4.00, Heart_Rate__c=72, Weight__c=68.00, Id=a012800000SBjJnAAL})
03:39:03.0 (30909443)|HEAP_ALLOCATE|[42]|Bytes:5
03:39:03.0 (30940260)|HEAP_ALLOCATE|[42]|Bytes:40
03:39:03.0 (30952002)|VARIABLE_SCOPE_BEGIN|[42]|patient|Patient__c|true|false
03:39:03.0 (30970919)|VARIABLE_ASSIGNMENT|[42]|patient|{"s":1,"v":{"Patient_Id__c":"P00002","Full_Name__c":"Pallavi","Gender__c":"Female","Steps_Completed__c":6000,"Goal__c":6000,"Height__c":4.00,"Heart_Rate__c":72,"Weight__c":68.00,"Id":"a012800000SBjJnAAL"}}|0x171fc278
03:39:03.0 (30975294)|STATEMENT_EXECUTE|[42]
03:39:03.0 (30976790)|STATEMENT_EXECUTE|[43]
03:39:03.0 (30984377)|HEAP_ALLOCATE|[43]|Bytes:36
03:39:03.0 (30994724)|CONSTRUCTOR_ENTRY|[43]|01p280000085nGG|<init>()
03:39:03.0 (31003778)|VARIABLE_SCOPE_BEGIN|[1]|this|PatientWrapper|true|false
03:39:03.0 (31035127)|VARIABLE_ASSIGNMENT|[1]|this|{}|0x65023fbe
03:39:03.0 (31058608)|STATEMENT_EXECUTE|[1]
03:39:03.0 (31060598)|STATEMENT_EXECUTE|[3]
03:39:03.0 (31061961)|STATEMENT_EXECUTE|[6]
03:39:03.0 (31062916)|STATEMENT_EXECUTE|[9]
03:39:03.0 (31064104)|STATEMENT_EXECUTE|[12]
03:39:03.0 (31065432)|STATEMENT_EXECUTE|[15]
03:39:03.0 (31066468)|STATEMENT_EXECUTE|[18]
03:39:03.0 (31067626)|STATEMENT_EXECUTE|[21]
03:39:03.0 (31068769)|STATEMENT_EXECUTE|[24]
03:39:03.0 (31075519)|CONSTRUCTOR_EXIT|[43]|01p280000085nGG|<init>()
03:39:03.0 (31092210)|VARIABLE_ASSIGNMENT|[43]|wrapperObj|{}|0x65023fbe
03:39:03.0 (31095303)|STATEMENT_EXECUTE|[45]
03:39:03.0 (31113669)|HEAP_ALLOCATE|[45]|Bytes:18
03:39:03.0 (31128115)|VARIABLE_ASSIGNMENT|[45]|this.id|"a012800000SBjJnAAL"|0x65023fbe
03:39:03.0 (31131078)|STATEMENT_EXECUTE|[46]
03:39:03.0 (31141312)|VARIABLE_ASSIGNMENT|[46]|this.name|"Pallavi"|0x65023fbe
03:39:03.0 (31143621)|STATEMENT_EXECUTE|[47]
03:39:03.0 (31159020)|HEAP_ALLOCATE|[47]|Bytes:12
03:39:03.0 (31170075)|VARIABLE_ASSIGNMENT|[47]|this.steps|6000.0|0x65023fbe
03:39:03.0 (31172226)|STATEMENT_EXECUTE|[48]
03:39:03.0 (31179225)|HEAP_ALLOCATE|[48]|Bytes:12
03:39:03.0 (31185830)|VARIABLE_ASSIGNMENT|[48]|this.goal|6000.0|0x65023fbe
03:39:03.0 (31187812)|STATEMENT_EXECUTE|[49]
03:39:03.0 (31194347)|HEAP_ALLOCATE|[49]|Bytes:12
03:39:03.0 (31200769)|VARIABLE_ASSIGNMENT|[49]|this.heartRate|72.0|0x65023fbe
03:39:03.0 (31202789)|STATEMENT_EXECUTE|[50]
03:39:03.0 (31209196)|HEAP_ALLOCATE|[50]|Bytes:12
03:39:03.0 (31217532)|VARIABLE_ASSIGNMENT|[50]|this.height|4.0|0x65023fbe
03:39:03.0 (31221275)|STATEMENT_EXECUTE|[51]
03:39:03.0 (31229502)|HEAP_ALLOCATE|[51]|Bytes:12
03:39:03.0 (31237156)|VARIABLE_ASSIGNMENT|[51]|this.weight|68.0|0x65023fbe
03:39:03.0 (31239265)|STATEMENT_EXECUTE|[52]
03:39:03.0 (31248506)|VARIABLE_ASSIGNMENT|[52]|this.patient_Id|"P00002"|0x65023fbe
03:39:03.0 (31261550)|HEAP_ALLOCATE|[42]|Bytes:5
03:39:03.0 (31273847)|VARIABLE_ASSIGNMENT|[42]|patient|null|
03:39:03.0 (31277567)|STATEMENT_EXECUTE|[56]
03:39:03.0 (31323955)|HEAP_ALLOCATE|[56]|Bytes:139
03:39:03.0 (31336971)|HEAP_ALLOCATE|[56]|Bytes:153
03:39:03.0 (31345481)|USER_DEBUG|[56]|DEBUG|wrapperObj => PatientWrapper:[goal=6000.0, heartRate=72.0, height=4.0, id=a012800000SBjJnAAL, name=Pallavi, patient_Id=P00002, steps=6000.0, weight=68.0]
03:39:03.0 (31351177)|STATEMENT_EXECUTE|[57]
03:39:03.0 (31363709)|SYSTEM_MODE_EXIT|false
03:39:03.31 (31441155)|CUMULATIVE_LIMIT_USAGE
03:39:03.31 (31441155)|LIMIT_USAGE_FOR_NS|(default)|
  Number of SOQL queries: 2 out of 100
  Number of query rows: 2 out of 50000
  Number of SOSL queries: 0 out of 20
  Number of DML statements: 0 out of 150
  Number of DML rows: 0 out of 10000
  Maximum CPU time: 0 out of 10000
  Maximum heap size: 0 out of 6000000
  Number of callouts: 0 out of 100
  Number of Email Invocations: 0 out of 10
  Number of future calls: 0 out of 50
  Number of queueable jobs added to the queue: 0 out of 50
  Number of Mobile Apex push calls: 0 out of 10

03:39:03.31 (31441155)|CUMULATIVE_LIMIT_USAGE_END

03:39:03.0 (31486777)|CODE_UNIT_FINISHED|PatientWrapperController.getPatientsById
03:39:03.0 (34097547)|CODE_UNIT_STARTED|[EXTERNAL]|Aura
03:39:03.0 (34164656)|CODE_UNIT_FINISHED|Aura
03:39:03.0 (131277781)|HEAP_ALLOCATE|[EXTERNAL]|Bytes:6
03:39:03.0 (131309422)|HEAP_ALLOCATE|[EXTERNAL]|Bytes:6
03:39:03.0 (132591199)|CODE_UNIT_STARTED|[EXTERNAL]|01p280000085nGQ|PatientWrapperController.getPatientsById
03:39:03.0 (132637158)|HEAP_ALLOCATE|[EXTERNAL]|Bytes:6
03:39:03.0 (132651209)|SYSTEM_MODE_ENTER|false
03:39:03.0 (132663299)|VARIABLE_SCOPE_BEGIN|[36]|patientId|String|false|false
03:39:03.0 (132680367)|VARIABLE_ASSIGNMENT|[36]|patientId|"P00002"
03:39:03.0 (132690206)|STATEMENT_EXECUTE|[36]
03:39:03.0 (132692210)|STATEMENT_EXECUTE|[38]
03:39:03.0 (132698426)|VARIABLE_SCOPE_BEGIN|[38]|query|String|false|false
03:39:03.0 (132707164)|VARIABLE_ASSIGNMENT|[38]|query|"SELECT Patient_Id__c (165 more) ..."
03:39:03.0 (132709172)|STATEMENT_EXECUTE|[39]
03:39:03.0 (133052703)|SOQL_EXECUTE_BEGIN|[39]|Aggregations:0|SELECT Patient_Id__c, Full_Name__c, Gender__c, Steps_Completed__c, Goal__c, Height__c, Heart_Rate__c, Weight__c FROM Patient__c where Patient_Id__c = :patientId ORDER BY createdDate ASC
03:39:03.0 (136174911)|SOQL_EXECUTE_END|[39]|Rows:1
03:39:03.0 (136196286)|HEAP_ALLOCATE|[39]|Bytes:8
03:39:03.0 (136219438)|HEAP_ALLOCATE|[39]|Bytes:350
03:39:03.0 (136251769)|HEAP_ALLOCATE|[39]|Bytes:8
03:39:03.0 (136274704)|VARIABLE_SCOPE_BEGIN|[39]|patientList|List<Patient__c>|true|false
03:39:03.0 (136320214)|VARIABLE_ASSIGNMENT|[39]|patientList|{"s":1,"v":[{"s":2,"v":{"Patient_Id__c":"P00002","Full_Name__c":"Pallavi","Gender__c":"Female","Steps_Completed__c":6000,"Goal__c":6000,"Height__c":4.00,"Heart_Rate__c":72,"Weight__c":68.00,"Id":"a012800000SBjJnAAL"}}]}|0xd41d31
03:39:03.0 (136325015)|STATEMENT_EXECUTE|[40]
03:39:03.0 (136330578)|VARIABLE_SCOPE_BEGIN|[40]|wrapperObj|PatientWrapper|true|false
03:39:03.0 (136336710)|VARIABLE_ASSIGNMENT|[40]|wrapperObj|null|
03:39:03.0 (136338816)|STATEMENT_EXECUTE|[41]
03:39:03.0 (136422724)|HEAP_ALLOCATE|[41]|Bytes:188
03:39:03.0 (136441391)|HEAP_ALLOCATE|[41]|Bytes:203
03:39:03.0 (136453806)|USER_DEBUG|[41]|DEBUG|patientList => (Patient__c:{Patient_Id__c=P00002, Full_Name__c=Pallavi, Gender__c=Female, Steps_Completed__c=6000, Goal__c=6000, Height__c=4.00, Heart_Rate__c=72, Weight__c=68.00, Id=a012800000SBjJnAAL})
03:39:03.0 (136483679)|HEAP_ALLOCATE|[42]|Bytes:5
03:39:03.0 (136512458)|HEAP_ALLOCATE|[42]|Bytes:40
03:39:03.0 (136525806)|VARIABLE_SCOPE_BEGIN|[42]|patient|Patient__c|true|false
03:39:03.0 (136544696)|VARIABLE_ASSIGNMENT|[42]|patient|{"s":1,"v":{"Patient_Id__c":"P00002","Full_Name__c":"Pallavi","Gender__c":"Female","Steps_Completed__c":6000,"Goal__c":6000,"Height__c":4.00,"Heart_Rate__c":72,"Weight__c":68.00,"Id":"a012800000SBjJnAAL"}}|0x2465fda0
03:39:03.0 (136548944)|STATEMENT_EXECUTE|[42]
03:39:03.0 (136550275)|STATEMENT_EXECUTE|[43]
03:39:03.0 (136557433)|HEAP_ALLOCATE|[43]|Bytes:36
03:39:03.0 (136567710)|CONSTRUCTOR_ENTRY|[43]|01p280000085nGG|<init>()
03:39:03.0 (136575984)|VARIABLE_SCOPE_BEGIN|[1]|this|PatientWrapper|true|false
03:39:03.0 (136606083)|VARIABLE_ASSIGNMENT|[1]|this|{}|0x5f4cc106
03:39:03.0 (136625786)|STATEMENT_EXECUTE|[1]
03:39:03.0 (136627662)|STATEMENT_EXECUTE|[3]
03:39:03.0 (136628968)|STATEMENT_EXECUTE|[6]
03:39:03.0 (136630020)|STATEMENT_EXECUTE|[9]
03:39:03.0 (136631075)|STATEMENT_EXECUTE|[12]
03:39:03.0 (136632178)|STATEMENT_EXECUTE|[15]
03:39:03.0 (136633605)|STATEMENT_EXECUTE|[18]
03:39:03.0 (136634680)|STATEMENT_EXECUTE|[21]
03:39:03.0 (136635600)|STATEMENT_EXECUTE|[24]
03:39:03.0 (136642122)|CONSTRUCTOR_EXIT|[43]|01p280000085nGG|<init>()
03:39:03.0 (136657760)|VARIABLE_ASSIGNMENT|[43]|wrapperObj|{}|0x5f4cc106
03:39:03.0 (136660659)|STATEMENT_EXECUTE|[45]
03:39:03.0 (136681725)|HEAP_ALLOCATE|[45]|Bytes:18
03:39:03.0 (136696314)|VARIABLE_ASSIGNMENT|[45]|this.id|"a012800000SBjJnAAL"|0x5f4cc106
03:39:03.0 (136699265)|STATEMENT_EXECUTE|[46]
03:39:03.0 (136709035)|VARIABLE_ASSIGNMENT|[46]|this.name|"Pallavi"|0x5f4cc106
03:39:03.0 (136711332)|STATEMENT_EXECUTE|[47]
03:39:03.0 (136727083)|HEAP_ALLOCATE|[47]|Bytes:12
03:39:03.0 (136736165)|VARIABLE_ASSIGNMENT|[47]|this.steps|6000.0|0x5f4cc106
03:39:03.0 (136738314)|STATEMENT_EXECUTE|[48]
03:39:03.0 (136745707)|HEAP_ALLOCATE|[48]|Bytes:12
03:39:03.0 (136753013)|VARIABLE_ASSIGNMENT|[48]|this.goal|6000.0|0x5f4cc106
03:39:03.0 (136754995)|STATEMENT_EXECUTE|[49]
03:39:03.0 (136761406)|HEAP_ALLOCATE|[49]|Bytes:12
03:39:03.0 (136768200)|VARIABLE_ASSIGNMENT|[49]|this.heartRate|72.0|0x5f4cc106
03:39:03.0 (136770349)|STATEMENT_EXECUTE|[50]
03:39:03.0 (136776869)|HEAP_ALLOCATE|[50]|Bytes:12
03:39:03.0 (136783609)|VARIABLE_ASSIGNMENT|[50]|this.height|4.0|0x5f4cc106
03:39:03.0 (136785554)|STATEMENT_EXECUTE|[51]
03:39:03.0 (136791904)|HEAP_ALLOCATE|[51]|Bytes:12
03:39:03.0 (136798535)|VARIABLE_ASSIGNMENT|[51]|this.weight|68.0|0x5f4cc106
03:39:03.0 (136800526)|STATEMENT_EXECUTE|[52]
03:39:03.0 (136809767)|VARIABLE_ASSIGNMENT|[52]|this.patient_Id|"P00002"|0x5f4cc106
03:39:03.0 (136822530)|HEAP_ALLOCATE|[42]|Bytes:5
03:39:03.0 (136834630)|VARIABLE_ASSIGNMENT|[42]|patient|null|
03:39:03.0 (136838400)|STATEMENT_EXECUTE|[56]
03:39:03.0 (136885329)|HEAP_ALLOCATE|[56]|Bytes:139
03:39:03.0 (136898804)|HEAP_ALLOCATE|[56]|Bytes:153
03:39:03.0 (136907847)|USER_DEBUG|[56]|DEBUG|wrapperObj => PatientWrapper:[goal=6000.0, heartRate=72.0, height=4.0, id=a012800000SBjJnAAL, name=Pallavi, patient_Id=P00002, steps=6000.0, weight=68.0]
03:39:03.0 (136913604)|STATEMENT_EXECUTE|[57]
03:39:03.0 (136925495)|SYSTEM_MODE_EXIT|false
03:39:03.136 (136974628)|CUMULATIVE_LIMIT_USAGE
03:39:03.136 (136974628)|LIMIT_USAGE_FOR_NS|(default)|
  Number of SOQL queries: 3 out of 100
  Number of query rows: 3 out of 50000
  Number of SOSL queries: 0 out of 20
  Number of DML statements: 0 out of 150
  Number of DML rows: 0 out of 10000
  Maximum CPU time: 0 out of 10000
  Maximum heap size: 0 out of 6000000
  Number of callouts: 0 out of 100
  Number of Email Invocations: 0 out of 10
  Number of future calls: 0 out of 50
  Number of queueable jobs added to the queue: 0 out of 50
  Number of Mobile Apex push calls: 0 out of 10

03:39:03.136 (136974628)|CUMULATIVE_LIMIT_USAGE_END

03:39:03.0 (137025848)|CODE_UNIT_FINISHED|PatientWrapperController.getPatientsById
03:39:03.0 (138720880)|CODE_UNIT_STARTED|[EXTERNAL]|Aura
03:39:03.0 (138777426)|CODE_UNIT_FINISHED|Aura
