36.0 APEX_CODE,FINEST;APEX_PROFILING,INFO;CALLOUT,INFO;DB,INFO;SYSTEM,DEBUG;VALIDATION,INFO;VISUALFORCE,INFO;WORKFLOW,INFO
06:35:34.0 (65342)|EXECUTION_STARTED
06:35:34.0 (96536)|CODE_UNIT_STARTED|[EXTERNAL]|aura
06:35:34.0 (615795)|HEAP_ALLOCATE|[72]|Bytes:3
06:35:34.0 (673588)|HEAP_ALLOCATE|[77]|Bytes:152
06:35:34.0 (692274)|HEAP_ALLOCATE|[342]|Bytes:408
06:35:34.0 (711640)|HEAP_ALLOCATE|[355]|Bytes:408
06:35:34.0 (729714)|HEAP_ALLOCATE|[467]|Bytes:48
06:35:34.0 (758093)|HEAP_ALLOCATE|[139]|Bytes:6
06:35:34.0 (783235)|HEAP_ALLOCATE|[EXTERNAL]|Bytes:6
06:35:34.0 (800758)|HEAP_ALLOCATE|[EXTERNAL]|Bytes:6
06:35:34.0 (2189521)|CODE_UNIT_STARTED|[EXTERNAL]|01p280000085nGQ|PatientWrapperController.getPatientsById
06:35:34.0 (2328895)|HEAP_ALLOCATE|[EXTERNAL]|Bytes:7
06:35:34.0 (2334694)|HEAP_ALLOCATE|[EXTERNAL]|Bytes:14
06:35:34.0 (2348988)|METHOD_ENTRY|[1]|01p280000085nGQ|PatientWrapperController.PatientWrapperController()
06:35:34.0 (2353557)|STATEMENT_EXECUTE|[1]
06:35:34.0 (2359375)|STATEMENT_EXECUTE|[1]
06:35:34.0 (2365738)|METHOD_EXIT|[1]|PatientWrapperController
06:35:34.0 (2370213)|HEAP_ALLOCATE|[EXTERNAL]|Bytes:6
06:35:34.0 (2380788)|SYSTEM_MODE_ENTER|false
06:35:34.0 (2393743)|VARIABLE_SCOPE_BEGIN|[36]|patientId|String|false|false
06:35:34.0 (2420888)|VARIABLE_ASSIGNMENT|[36]|patientId|"4LR2VZ"
06:35:34.0 (2431847)|STATEMENT_EXECUTE|[36]
06:35:34.0 (2433557)|STATEMENT_EXECUTE|[38]
06:35:34.0 (2437477)|HEAP_ALLOCATE|[38]|Bytes:185
06:35:34.0 (2443620)|VARIABLE_SCOPE_BEGIN|[38]|query|String|false|false
06:35:34.0 (2454066)|VARIABLE_ASSIGNMENT|[38]|query|"SELECT Patient_Id__c (165 more) ..."
06:35:34.0 (2456188)|STATEMENT_EXECUTE|[39]
06:35:34.0 (2491661)|HEAP_ALLOCATE|[50]|Bytes:5
06:35:34.0 (2515951)|HEAP_ALLOCATE|[56]|Bytes:5
06:35:34.0 (2524487)|HEAP_ALLOCATE|[64]|Bytes:7
06:35:34.0 (3094100)|SOQL_EXECUTE_BEGIN|[39]|Aggregations:0|SELECT Patient_Id__c, Full_Name__c, Gender__c, Steps_Completed__c, Goal__c, Height__c, Heart_Rate__c, Weight__c FROM Patient__c where Patient_Id__c = :patientId ORDER BY createdDate ASC
06:35:34.0 (6772115)|SOQL_EXECUTE_END|[39]|Rows:1
06:35:34.0 (6786783)|HEAP_ALLOCATE|[39]|Bytes:8
06:35:34.0 (6804670)|HEAP_ALLOCATE|[39]|Bytes:352
06:35:34.0 (6881948)|HEAP_ALLOCATE|[39]|Bytes:8
06:35:34.0 (6901130)|VARIABLE_SCOPE_BEGIN|[39]|patientList|List<Patient__c>|true|false
06:35:34.0 (6943843)|VARIABLE_ASSIGNMENT|[39]|patientList|{"s":1,"v":[{"s":2,"v":{"Patient_Id__c":"4LR2VZ","Full_Name__c":"Purushottam","Gender__c":"Male","Steps_Completed__c":1000,"Goal__c":5000,"Height__c":5.00,"Heart_Rate__c":65,"Weight__c":50.00,"Id":"a012800000SBjJTAA1"}}]}|0x403147ed
06:35:34.0 (6948554)|STATEMENT_EXECUTE|[40]
06:35:34.0 (6952404)|VARIABLE_SCOPE_BEGIN|[40]|wrapperObj|PatientWrapper|true|false
06:35:34.0 (6958386)|VARIABLE_ASSIGNMENT|[40]|wrapperObj|null|
06:35:34.0 (6960530)|STATEMENT_EXECUTE|[41]
06:35:34.0 (6964708)|HEAP_ALLOCATE|[41]|Bytes:15
06:35:34.0 (7067553)|HEAP_ALLOCATE|[41]|Bytes:190
06:35:34.0 (7089908)|HEAP_ALLOCATE|[41]|Bytes:205
06:35:34.0 (7112654)|USER_DEBUG|[41]|DEBUG|patientList => (Patient__c:{Patient_Id__c=4LR2VZ, Full_Name__c=Purushottam, Gender__c=Male, Steps_Completed__c=1000, Goal__c=5000, Height__c=5.00, Heart_Rate__c=65, Weight__c=50.00, Id=a012800000SBjJTAA1})
06:35:34.0 (7314947)|HEAP_ALLOCATE|[42]|Bytes:5
06:35:34.0 (7352141)|HEAP_ALLOCATE|[42]|Bytes:40
06:35:34.0 (7362378)|VARIABLE_SCOPE_BEGIN|[42]|patient|Patient__c|true|false
06:35:34.0 (7382849)|VARIABLE_ASSIGNMENT|[42]|patient|{"s":1,"v":{"Patient_Id__c":"4LR2VZ","Full_Name__c":"Purushottam","Gender__c":"Male","Steps_Completed__c":1000,"Goal__c":5000,"Height__c":5.00,"Heart_Rate__c":65,"Weight__c":50.00,"Id":"a012800000SBjJTAA1"}}|0x3485c5dc
06:35:34.0 (7387361)|STATEMENT_EXECUTE|[42]
06:35:34.0 (7388791)|STATEMENT_EXECUTE|[43]
06:35:34.0 (7400493)|METHOD_ENTRY|[1]|01p280000085nGG|PatientWrapper.PatientWrapper()
06:35:34.0 (7403260)|STATEMENT_EXECUTE|[1]
06:35:34.0 (7406311)|STATEMENT_EXECUTE|[1]
06:35:34.0 (7412280)|METHOD_EXIT|[1]|PatientWrapper
06:35:34.0 (7418933)|HEAP_ALLOCATE|[43]|Bytes:36
06:35:34.0 (7431400)|CONSTRUCTOR_ENTRY|[43]|01p280000085nGG|<init>()
06:35:34.0 (7451207)|VARIABLE_SCOPE_BEGIN|[1]|this|PatientWrapper|true|false
06:35:34.0 (7487926)|VARIABLE_ASSIGNMENT|[1]|this|{}|0x4f86adb8
06:35:34.0 (7497452)|HEAP_ALLOCATE|[EXTERNAL]|Bytes:6
06:35:34.0 (7520153)|STATEMENT_EXECUTE|[1]
06:35:34.0 (7522154)|STATEMENT_EXECUTE|[3]
06:35:34.0 (7523504)|STATEMENT_EXECUTE|[6]
06:35:34.0 (7524692)|STATEMENT_EXECUTE|[9]
06:35:34.0 (7525778)|STATEMENT_EXECUTE|[12]
06:35:34.0 (7526972)|STATEMENT_EXECUTE|[15]
06:35:34.0 (7528077)|STATEMENT_EXECUTE|[18]
06:35:34.0 (7529225)|STATEMENT_EXECUTE|[21]
06:35:34.0 (7530328)|STATEMENT_EXECUTE|[24]
06:35:34.0 (7535072)|CONSTRUCTOR_EXIT|[43]|01p280000085nGG|<init>()
06:35:34.0 (7551731)|VARIABLE_ASSIGNMENT|[43]|wrapperObj|{}|0x4f86adb8
06:35:34.0 (7554560)|STATEMENT_EXECUTE|[45]
06:35:34.0 (7585809)|HEAP_ALLOCATE|[45]|Bytes:18
06:35:34.0 (7601863)|VARIABLE_ASSIGNMENT|[45]|this.id|"a012800000SBjJTAA1"|0x4f86adb8
06:35:34.0 (7605042)|STATEMENT_EXECUTE|[46]
06:35:34.0 (7629809)|VARIABLE_ASSIGNMENT|[46]|this.name|"Purushottam"|0x4f86adb8
06:35:34.0 (7633171)|STATEMENT_EXECUTE|[47]
06:35:34.0 (7676055)|HEAP_ALLOCATE|[47]|Bytes:12
06:35:34.0 (7690043)|VARIABLE_ASSIGNMENT|[47]|this.steps|1000.0|0x4f86adb8
06:35:34.0 (7692806)|STATEMENT_EXECUTE|[48]
06:35:34.0 (7713505)|HEAP_ALLOCATE|[48]|Bytes:12
06:35:34.0 (7724064)|VARIABLE_ASSIGNMENT|[48]|this.goal|5000.0|0x4f86adb8
06:35:34.0 (7726777)|STATEMENT_EXECUTE|[49]
06:35:34.0 (7743817)|HEAP_ALLOCATE|[49]|Bytes:12
06:35:34.0 (7754096)|VARIABLE_ASSIGNMENT|[49]|this.heartRate|65.0|0x4f86adb8
06:35:34.0 (7756528)|STATEMENT_EXECUTE|[50]
06:35:34.0 (7774302)|HEAP_ALLOCATE|[50]|Bytes:12
06:35:34.0 (7784412)|VARIABLE_ASSIGNMENT|[50]|this.height|5.0|0x4f86adb8
06:35:34.0 (7786868)|STATEMENT_EXECUTE|[51]
06:35:34.0 (7803640)|HEAP_ALLOCATE|[51]|Bytes:12
06:35:34.0 (7814172)|VARIABLE_ASSIGNMENT|[51]|this.weight|50.0|0x4f86adb8
06:35:34.0 (7816504)|STATEMENT_EXECUTE|[52]
06:35:34.0 (7837535)|VARIABLE_ASSIGNMENT|[52]|this.patient_Id|"4LR2VZ"|0x4f86adb8
06:35:34.0 (7852264)|HEAP_ALLOCATE|[42]|Bytes:5
06:35:34.0 (7865321)|VARIABLE_ASSIGNMENT|[42]|patient|null|
06:35:34.0 (7868652)|STATEMENT_EXECUTE|[56]
06:35:34.0 (7872026)|HEAP_ALLOCATE|[56]|Bytes:14
06:35:34.0 (7929703)|HEAP_ALLOCATE|[56]|Bytes:143
06:35:34.0 (7944520)|HEAP_ALLOCATE|[56]|Bytes:157
06:35:34.0 (7954895)|USER_DEBUG|[56]|DEBUG|wrapperObj => PatientWrapper:[goal=5000.0, heartRate=65.0, height=5.0, id=a012800000SBjJTAA1, name=Purushottam, patient_Id=4LR2VZ, steps=1000.0, weight=50.0]
06:35:34.0 (7960710)|STATEMENT_EXECUTE|[57]
06:35:34.0 (7968410)|SYSTEM_MODE_EXIT|false
06:35:34.8 (8012272)|CUMULATIVE_LIMIT_USAGE
06:35:34.8 (8012272)|LIMIT_USAGE_FOR_NS|(default)|
  Number of SOQL queries: 1 out of 100
  Number of query rows: 1 out of 50000
  Number of SOSL queries: 0 out of 20
  Number of DML statements: 0 out of 150
  Number of DML rows: 0 out of 10000
  Maximum CPU time: 0 out of 10000
  Maximum heap size: 0 out of 6000000
  Number of callouts: 0 out of 100
  Number of Email Invocations: 0 out of 10
  Number of future calls: 0 out of 50
  Number of queueable jobs added to the queue: 0 out of 50
  Number of Mobile Apex push calls: 0 out of 10

06:35:34.8 (8012272)|CUMULATIVE_LIMIT_USAGE_END

06:35:34.0 (8062906)|CODE_UNIT_FINISHED|PatientWrapperController.getPatientsById
06:35:34.0 (9963863)|CODE_UNIT_STARTED|[EXTERNAL]|Aura
06:35:34.0 (10009430)|CODE_UNIT_FINISHED|Aura
06:35:34.0 (28986228)|HEAP_ALLOCATE|[EXTERNAL]|Bytes:6
06:35:34.0 (29011333)|HEAP_ALLOCATE|[EXTERNAL]|Bytes:6
06:35:34.0 (30421291)|CODE_UNIT_STARTED|[EXTERNAL]|01p280000085nGQ|PatientWrapperController.getPatientsById
06:35:34.0 (30463481)|HEAP_ALLOCATE|[EXTERNAL]|Bytes:6
06:35:34.0 (30477383)|SYSTEM_MODE_ENTER|false
06:35:34.0 (30487407)|VARIABLE_SCOPE_BEGIN|[36]|patientId|String|false|false
06:35:34.0 (30500465)|VARIABLE_ASSIGNMENT|[36]|patientId|"4LR2VZ"
06:35:34.0 (30510183)|STATEMENT_EXECUTE|[36]
06:35:34.0 (30512092)|STATEMENT_EXECUTE|[38]
06:35:34.0 (30518583)|VARIABLE_SCOPE_BEGIN|[38]|query|String|false|false
06:35:34.0 (30527883)|VARIABLE_ASSIGNMENT|[38]|query|"SELECT Patient_Id__c (165 more) ..."
06:35:34.0 (30530049)|STATEMENT_EXECUTE|[39]
06:35:34.0 (30848643)|SOQL_EXECUTE_BEGIN|[39]|Aggregations:0|SELECT Patient_Id__c, Full_Name__c, Gender__c, Steps_Completed__c, Goal__c, Height__c, Heart_Rate__c, Weight__c FROM Patient__c where Patient_Id__c = :patientId ORDER BY createdDate ASC
06:35:34.0 (33836117)|SOQL_EXECUTE_END|[39]|Rows:1
06:35:34.0 (33850249)|HEAP_ALLOCATE|[39]|Bytes:8
06:35:34.0 (33869384)|HEAP_ALLOCATE|[39]|Bytes:352
06:35:34.0 (33892563)|HEAP_ALLOCATE|[39]|Bytes:8
06:35:34.0 (33909469)|VARIABLE_SCOPE_BEGIN|[39]|patientList|List<Patient__c>|true|false
06:35:34.0 (33948518)|VARIABLE_ASSIGNMENT|[39]|patientList|{"s":1,"v":[{"s":2,"v":{"Patient_Id__c":"4LR2VZ","Full_Name__c":"Purushottam","Gender__c":"Male","Steps_Completed__c":1000,"Goal__c":5000,"Height__c":5.00,"Heart_Rate__c":65,"Weight__c":50.00,"Id":"a012800000SBjJTAA1"}}]}|0x35a5f9c1
06:35:34.0 (33952744)|STATEMENT_EXECUTE|[40]
06:35:34.0 (33956903)|VARIABLE_SCOPE_BEGIN|[40]|wrapperObj|PatientWrapper|true|false
06:35:34.0 (33962481)|VARIABLE_ASSIGNMENT|[40]|wrapperObj|null|
06:35:34.0 (33964562)|STATEMENT_EXECUTE|[41]
06:35:34.0 (34039323)|HEAP_ALLOCATE|[41]|Bytes:190
06:35:34.0 (34058834)|HEAP_ALLOCATE|[41]|Bytes:205
06:35:34.0 (34071746)|USER_DEBUG|[41]|DEBUG|patientList => (Patient__c:{Patient_Id__c=4LR2VZ, Full_Name__c=Purushottam, Gender__c=Male, Steps_Completed__c=1000, Goal__c=5000, Height__c=5.00, Heart_Rate__c=65, Weight__c=50.00, Id=a012800000SBjJTAA1})
06:35:34.0 (34104989)|HEAP_ALLOCATE|[42]|Bytes:5
06:35:34.0 (34134969)|HEAP_ALLOCATE|[42]|Bytes:40
06:35:34.0 (34147563)|VARIABLE_SCOPE_BEGIN|[42]|patient|Patient__c|true|false
06:35:34.0 (34167036)|VARIABLE_ASSIGNMENT|[42]|patient|{"s":1,"v":{"Patient_Id__c":"4LR2VZ","Full_Name__c":"Purushottam","Gender__c":"Male","Steps_Completed__c":1000,"Goal__c":5000,"Height__c":5.00,"Heart_Rate__c":65,"Weight__c":50.00,"Id":"a012800000SBjJTAA1"}}|0x7113c0a8
06:35:34.0 (34171052)|STATEMENT_EXECUTE|[42]
06:35:34.0 (34172522)|STATEMENT_EXECUTE|[43]
06:35:34.0 (34179880)|HEAP_ALLOCATE|[43]|Bytes:36
06:35:34.0 (34189654)|CONSTRUCTOR_ENTRY|[43]|01p280000085nGG|<init>()
06:35:34.0 (34196167)|VARIABLE_SCOPE_BEGIN|[1]|this|PatientWrapper|true|false
06:35:34.0 (34225931)|VARIABLE_ASSIGNMENT|[1]|this|{}|0x6147b2bb
06:35:34.0 (34243612)|STATEMENT_EXECUTE|[1]
06:35:34.0 (34245415)|STATEMENT_EXECUTE|[3]
06:35:34.0 (34246675)|STATEMENT_EXECUTE|[6]
06:35:34.0 (34247807)|STATEMENT_EXECUTE|[9]
06:35:34.0 (34248847)|STATEMENT_EXECUTE|[12]
06:35:34.0 (34249970)|STATEMENT_EXECUTE|[15]
06:35:34.0 (34251099)|STATEMENT_EXECUTE|[18]
06:35:34.0 (34252179)|STATEMENT_EXECUTE|[21]
06:35:34.0 (34253287)|STATEMENT_EXECUTE|[24]
06:35:34.0 (34257637)|CONSTRUCTOR_EXIT|[43]|01p280000085nGG|<init>()
06:35:34.0 (34272034)|VARIABLE_ASSIGNMENT|[43]|wrapperObj|{}|0x6147b2bb
06:35:34.0 (34274924)|STATEMENT_EXECUTE|[45]
06:35:34.0 (34305754)|HEAP_ALLOCATE|[45]|Bytes:18
06:35:34.0 (34320303)|VARIABLE_ASSIGNMENT|[45]|this.id|"a012800000SBjJTAA1"|0x6147b2bb
06:35:34.0 (34323315)|STATEMENT_EXECUTE|[46]
06:35:34.0 (34333662)|VARIABLE_ASSIGNMENT|[46]|this.name|"Purushottam"|0x6147b2bb
06:35:34.0 (34335883)|STATEMENT_EXECUTE|[47]
06:35:34.0 (34350476)|HEAP_ALLOCATE|[47]|Bytes:12
06:35:34.0 (34359663)|VARIABLE_ASSIGNMENT|[47]|this.steps|1000.0|0x6147b2bb
06:35:34.0 (34361832)|STATEMENT_EXECUTE|[48]
06:35:34.0 (34368598)|HEAP_ALLOCATE|[48]|Bytes:12
06:35:34.0 (34375723)|VARIABLE_ASSIGNMENT|[48]|this.goal|5000.0|0x6147b2bb
06:35:34.0 (34377849)|STATEMENT_EXECUTE|[49]
06:35:34.0 (34383918)|HEAP_ALLOCATE|[49]|Bytes:12
06:35:34.0 (34390916)|VARIABLE_ASSIGNMENT|[49]|this.heartRate|65.0|0x6147b2bb
06:35:34.0 (34392931)|STATEMENT_EXECUTE|[50]
06:35:34.0 (34399754)|HEAP_ALLOCATE|[50]|Bytes:12
06:35:34.0 (34406407)|VARIABLE_ASSIGNMENT|[50]|this.height|5.0|0x6147b2bb
06:35:34.0 (34408727)|STATEMENT_EXECUTE|[51]
06:35:34.0 (34415159)|HEAP_ALLOCATE|[51]|Bytes:12
06:35:34.0 (34422448)|VARIABLE_ASSIGNMENT|[51]|this.weight|50.0|0x6147b2bb
06:35:34.0 (34424361)|STATEMENT_EXECUTE|[52]
06:35:34.0 (34432827)|VARIABLE_ASSIGNMENT|[52]|this.patient_Id|"4LR2VZ"|0x6147b2bb
06:35:34.0 (34445897)|HEAP_ALLOCATE|[42]|Bytes:5
06:35:34.0 (34457692)|VARIABLE_ASSIGNMENT|[42]|patient|null|
06:35:34.0 (34461329)|STATEMENT_EXECUTE|[56]
06:35:34.0 (34499918)|HEAP_ALLOCATE|[56]|Bytes:143
06:35:34.0 (34512469)|HEAP_ALLOCATE|[56]|Bytes:157
06:35:34.0 (34521246)|USER_DEBUG|[56]|DEBUG|wrapperObj => PatientWrapper:[goal=5000.0, heartRate=65.0, height=5.0, id=a012800000SBjJTAA1, name=Purushottam, patient_Id=4LR2VZ, steps=1000.0, weight=50.0]
06:35:34.0 (34526775)|STATEMENT_EXECUTE|[57]
06:35:34.0 (34535499)|SYSTEM_MODE_EXIT|false
06:35:34.34 (34580868)|CUMULATIVE_LIMIT_USAGE
06:35:34.34 (34580868)|LIMIT_USAGE_FOR_NS|(default)|
  Number of SOQL queries: 2 out of 100
  Number of query rows: 2 out of 50000
  Number of SOSL queries: 0 out of 20
  Number of DML statements: 0 out of 150
  Number of DML rows: 0 out of 10000
  Maximum CPU time: 0 out of 10000
  Maximum heap size: 0 out of 6000000
  Number of callouts: 0 out of 100
  Number of Email Invocations: 0 out of 10
  Number of future calls: 0 out of 50
  Number of queueable jobs added to the queue: 0 out of 50
  Number of Mobile Apex push calls: 0 out of 10

06:35:34.34 (34580868)|CUMULATIVE_LIMIT_USAGE_END

06:35:34.0 (34631776)|CODE_UNIT_FINISHED|PatientWrapperController.getPatientsById
06:35:34.0 (36441023)|CODE_UNIT_STARTED|[EXTERNAL]|Aura
06:35:34.0 (36486981)|CODE_UNIT_FINISHED|Aura
