36.0 APEX_CODE,FINEST;APEX_PROFILING,INFO;CALLOUT,INFO;DB,INFO;SYSTEM,DEBUG;VALIDATION,INFO;VISUALFORCE,INFO;WORKFLOW,INFO
04:34:28.0 (486459)|EXECUTION_STARTED
04:34:28.0 (516313)|CODE_UNIT_STARTED|[EXTERNAL]|aura
04:34:28.0 (1037665)|HEAP_ALLOCATE|[72]|Bytes:3
04:34:28.0 (1084363)|HEAP_ALLOCATE|[77]|Bytes:152
04:34:28.0 (1099246)|HEAP_ALLOCATE|[342]|Bytes:408
04:34:28.0 (1116656)|HEAP_ALLOCATE|[355]|Bytes:408
04:34:28.0 (1137754)|HEAP_ALLOCATE|[467]|Bytes:48
04:34:28.0 (1162733)|HEAP_ALLOCATE|[139]|Bytes:6
04:34:28.0 (1182173)|HEAP_ALLOCATE|[EXTERNAL]|Bytes:6
04:34:28.0 (1199604)|HEAP_ALLOCATE|[EXTERNAL]|Bytes:6
04:34:28.0 (2618937)|CODE_UNIT_STARTED|[EXTERNAL]|01p280000085nGQ|PatientWrapperController.getPatientsById
04:34:28.0 (3405216)|HEAP_ALLOCATE|[EXTERNAL]|Bytes:7
04:34:28.0 (3416904)|HEAP_ALLOCATE|[EXTERNAL]|Bytes:14
04:34:28.0 (3438447)|METHOD_ENTRY|[1]|01p280000085nGQ|PatientWrapperController.PatientWrapperController()
04:34:28.0 (3445130)|STATEMENT_EXECUTE|[1]
04:34:28.0 (3452304)|STATEMENT_EXECUTE|[1]
04:34:28.0 (3462003)|METHOD_EXIT|[1]|PatientWrapperController
04:34:28.0 (3469094)|HEAP_ALLOCATE|[EXTERNAL]|Bytes:6
04:34:28.0 (3483932)|SYSTEM_MODE_ENTER|false
04:34:28.0 (3500923)|VARIABLE_SCOPE_BEGIN|[36]|patientId|String|false|false
04:34:28.0 (3537124)|VARIABLE_ASSIGNMENT|[36]|patientId|"P00003"
04:34:28.0 (3554576)|STATEMENT_EXECUTE|[36]
04:34:28.0 (3557417)|STATEMENT_EXECUTE|[38]
04:34:28.0 (3563323)|HEAP_ALLOCATE|[38]|Bytes:185
04:34:28.0 (3571546)|VARIABLE_SCOPE_BEGIN|[38]|query|String|false|false
04:34:28.0 (3586128)|VARIABLE_ASSIGNMENT|[38]|query|"SELECT Patient_Id__c (165 more) ..."
04:34:28.0 (3589712)|STATEMENT_EXECUTE|[39]
04:34:28.0 (3639066)|HEAP_ALLOCATE|[50]|Bytes:5
04:34:28.0 (3672198)|HEAP_ALLOCATE|[56]|Bytes:5
04:34:28.0 (3688114)|HEAP_ALLOCATE|[64]|Bytes:7
04:34:28.0 (5066570)|SOQL_EXECUTE_BEGIN|[39]|Aggregations:0|SELECT Patient_Id__c, Full_Name__c, Gender__c, Steps_Completed__c, Goal__c, Height__c, Heart_Rate__c, Weight__c FROM Patient__c where Patient_Id__c = :patientId ORDER BY createdDate ASC
04:34:28.0 (8700076)|SOQL_EXECUTE_END|[39]|Rows:1
04:34:28.0 (8716473)|HEAP_ALLOCATE|[39]|Bytes:8
04:34:28.0 (8735961)|HEAP_ALLOCATE|[39]|Bytes:353
04:34:28.0 (8841483)|HEAP_ALLOCATE|[39]|Bytes:8
04:34:28.0 (8860626)|VARIABLE_SCOPE_BEGIN|[39]|patientList|List<Patient__c>|true|false
04:34:28.0 (8899760)|VARIABLE_ASSIGNMENT|[39]|patientList|{"s":1,"v":[{"s":2,"v":{"Patient_Id__c":"P00003","Full_Name__c":"Bhagyashri","Gender__c":"Female","Steps_Completed__c":1000,"Goal__c":5000,"Height__c":5.30,"Heart_Rate__c":68,"Weight__c":52.00,"Id":"a012800000SBlH6AAL"}}]}|0x630e5e3c
04:34:28.0 (8904260)|STATEMENT_EXECUTE|[40]
04:34:28.0 (8907797)|VARIABLE_SCOPE_BEGIN|[40]|wrapperObj|PatientWrapper|true|false
04:34:28.0 (8913747)|VARIABLE_ASSIGNMENT|[40]|wrapperObj|null|
04:34:28.0 (8915768)|STATEMENT_EXECUTE|[41]
04:34:28.0 (8919893)|HEAP_ALLOCATE|[41]|Bytes:15
04:34:28.0 (9017666)|HEAP_ALLOCATE|[41]|Bytes:191
04:34:28.0 (9038994)|HEAP_ALLOCATE|[41]|Bytes:206
04:34:28.0 (9058699)|USER_DEBUG|[41]|DEBUG|patientList => (Patient__c:{Patient_Id__c=P00003, Full_Name__c=Bhagyashri, Gender__c=Female, Steps_Completed__c=1000, Goal__c=5000, Height__c=5.30, Heart_Rate__c=68, Weight__c=52.00, Id=a012800000SBlH6AAL})
04:34:28.0 (9254713)|HEAP_ALLOCATE|[42]|Bytes:5
04:34:28.0 (9292839)|HEAP_ALLOCATE|[42]|Bytes:40
04:34:28.0 (9302705)|VARIABLE_SCOPE_BEGIN|[42]|patient|Patient__c|true|false
04:34:28.0 (9321903)|VARIABLE_ASSIGNMENT|[42]|patient|{"s":1,"v":{"Patient_Id__c":"P00003","Full_Name__c":"Bhagyashri","Gender__c":"Female","Steps_Completed__c":1000,"Goal__c":5000,"Height__c":5.30,"Heart_Rate__c":68,"Weight__c":52.00,"Id":"a012800000SBlH6AAL"}}|0x1b158412
04:34:28.0 (9326083)|STATEMENT_EXECUTE|[42]
04:34:28.0 (9327543)|STATEMENT_EXECUTE|[43]
04:34:28.0 (9356001)|METHOD_ENTRY|[1]|01p280000085nGG|PatientWrapper.PatientWrapper()
04:34:28.0 (9360012)|STATEMENT_EXECUTE|[1]
04:34:28.0 (9365162)|STATEMENT_EXECUTE|[1]
04:34:28.0 (9372157)|METHOD_EXIT|[1]|PatientWrapper
04:34:28.0 (9393162)|HEAP_ALLOCATE|[43]|Bytes:36
04:34:28.0 (9405414)|CONSTRUCTOR_ENTRY|[43]|01p280000085nGG|<init>()
04:34:28.0 (9447296)|VARIABLE_SCOPE_BEGIN|[1]|this|PatientWrapper|true|false
04:34:28.0 (9535229)|VARIABLE_ASSIGNMENT|[1]|this|{}|0x1455a2c8
04:34:28.0 (9546250)|HEAP_ALLOCATE|[EXTERNAL]|Bytes:6
04:34:28.0 (9570743)|STATEMENT_EXECUTE|[1]
04:34:28.0 (9572782)|STATEMENT_EXECUTE|[3]
04:34:28.0 (9573966)|STATEMENT_EXECUTE|[6]
04:34:28.0 (9575069)|STATEMENT_EXECUTE|[9]
04:34:28.0 (9576031)|STATEMENT_EXECUTE|[12]
04:34:28.0 (9577188)|STATEMENT_EXECUTE|[15]
04:34:28.0 (9578151)|STATEMENT_EXECUTE|[18]
04:34:28.0 (9579198)|STATEMENT_EXECUTE|[21]
04:34:28.0 (9580130)|STATEMENT_EXECUTE|[24]
04:34:28.0 (9584971)|CONSTRUCTOR_EXIT|[43]|01p280000085nGG|<init>()
04:34:28.0 (9601860)|VARIABLE_ASSIGNMENT|[43]|wrapperObj|{}|0x1455a2c8
04:34:28.0 (9604585)|STATEMENT_EXECUTE|[45]
04:34:28.0 (9635878)|HEAP_ALLOCATE|[45]|Bytes:18
04:34:28.0 (9652082)|VARIABLE_ASSIGNMENT|[45]|this.id|"a012800000SBlH6AAL"|0x1455a2c8
04:34:28.0 (9654864)|STATEMENT_EXECUTE|[46]
04:34:28.0 (9677827)|VARIABLE_ASSIGNMENT|[46]|this.name|"Bhagyashri"|0x1455a2c8
04:34:28.0 (9680927)|STATEMENT_EXECUTE|[47]
04:34:28.0 (9720070)|HEAP_ALLOCATE|[47]|Bytes:12
04:34:28.0 (9733602)|VARIABLE_ASSIGNMENT|[47]|this.steps|1000.0|0x1455a2c8
04:34:28.0 (9736011)|STATEMENT_EXECUTE|[48]
04:34:28.0 (9756307)|HEAP_ALLOCATE|[48]|Bytes:12
04:34:28.0 (9764896)|VARIABLE_ASSIGNMENT|[48]|this.goal|5000.0|0x1455a2c8
04:34:28.0 (9766970)|STATEMENT_EXECUTE|[49]
04:34:28.0 (9783346)|HEAP_ALLOCATE|[49]|Bytes:12
04:34:28.0 (9791186)|VARIABLE_ASSIGNMENT|[49]|this.heartRate|68.0|0x1455a2c8
04:34:28.0 (9793304)|STATEMENT_EXECUTE|[50]
04:34:28.0 (9809909)|HEAP_ALLOCATE|[50]|Bytes:12
04:34:28.0 (9819150)|VARIABLE_ASSIGNMENT|[50]|this.height|5.3|0x1455a2c8
04:34:28.0 (9821229)|STATEMENT_EXECUTE|[51]
04:34:28.0 (9837698)|HEAP_ALLOCATE|[51]|Bytes:12
04:34:28.0 (9846029)|VARIABLE_ASSIGNMENT|[51]|this.weight|52.0|0x1455a2c8
04:34:28.0 (9848114)|STATEMENT_EXECUTE|[52]
04:34:28.0 (9867374)|VARIABLE_ASSIGNMENT|[52]|this.patient_Id|"P00003"|0x1455a2c8
04:34:28.0 (9879719)|HEAP_ALLOCATE|[42]|Bytes:5
04:34:28.0 (9892067)|VARIABLE_ASSIGNMENT|[42]|patient|null|
04:34:28.0 (9895056)|STATEMENT_EXECUTE|[56]
04:34:28.0 (9898962)|HEAP_ALLOCATE|[56]|Bytes:14
04:34:28.0 (9958617)|HEAP_ALLOCATE|[56]|Bytes:142
04:34:28.0 (9972887)|HEAP_ALLOCATE|[56]|Bytes:156
04:34:28.0 (9982476)|USER_DEBUG|[56]|DEBUG|wrapperObj => PatientWrapper:[goal=5000.0, heartRate=68.0, height=5.3, id=a012800000SBlH6AAL, name=Bhagyashri, patient_Id=P00003, steps=1000.0, weight=52.0]
04:34:28.0 (9987911)|STATEMENT_EXECUTE|[57]
04:34:28.0 (9997573)|SYSTEM_MODE_EXIT|false
04:34:28.10 (10042971)|CUMULATIVE_LIMIT_USAGE
04:34:28.10 (10042971)|LIMIT_USAGE_FOR_NS|(default)|
  Number of SOQL queries: 1 out of 100
  Number of query rows: 1 out of 50000
  Number of SOSL queries: 0 out of 20
  Number of DML statements: 0 out of 150
  Number of DML rows: 0 out of 10000
  Maximum CPU time: 0 out of 10000
  Maximum heap size: 0 out of 6000000
  Number of callouts: 0 out of 100
  Number of Email Invocations: 0 out of 10
  Number of future calls: 0 out of 50
  Number of queueable jobs added to the queue: 0 out of 50
  Number of Mobile Apex push calls: 0 out of 10

04:34:28.10 (10042971)|CUMULATIVE_LIMIT_USAGE_END

04:34:28.0 (10099354)|CODE_UNIT_FINISHED|PatientWrapperController.getPatientsById
04:34:28.0 (11885283)|CODE_UNIT_STARTED|[EXTERNAL]|Aura
04:34:28.0 (11935801)|CODE_UNIT_FINISHED|Aura
