36.0 APEX_CODE,FINEST;APEX_PROFILING,INFO;CALLOUT,INFO;DB,INFO;SYSTEM,DEBUG;VALIDATION,INFO;VISUALFORCE,INFO;WORKFLOW,INFO
03:09:09.0 (74488)|EXECUTION_STARTED
03:09:09.0 (116068)|CODE_UNIT_STARTED|[EXTERNAL]|aura
03:09:09.0 (795480)|HEAP_ALLOCATE|[72]|Bytes:3
03:09:09.0 (839281)|HEAP_ALLOCATE|[77]|Bytes:152
03:09:09.0 (853303)|HEAP_ALLOCATE|[342]|Bytes:408
03:09:09.0 (867764)|HEAP_ALLOCATE|[355]|Bytes:408
03:09:09.0 (881265)|HEAP_ALLOCATE|[467]|Bytes:48
03:09:09.0 (905912)|HEAP_ALLOCATE|[139]|Bytes:6
03:09:09.0 (929217)|HEAP_ALLOCATE|[EXTERNAL]|Bytes:6
03:09:09.0 (946928)|HEAP_ALLOCATE|[EXTERNAL]|Bytes:6
03:09:09.0 (2271393)|CODE_UNIT_STARTED|[EXTERNAL]|01p280000085nGQ|PatientWrapperController.getPatientsById
03:09:09.0 (2414669)|HEAP_ALLOCATE|[EXTERNAL]|Bytes:7
03:09:09.0 (2420581)|HEAP_ALLOCATE|[EXTERNAL]|Bytes:14
03:09:09.0 (2435652)|METHOD_ENTRY|[1]|01p280000085nGQ|PatientWrapperController.PatientWrapperController()
03:09:09.0 (2439927)|STATEMENT_EXECUTE|[1]
03:09:09.0 (2447274)|STATEMENT_EXECUTE|[1]
03:09:09.0 (2454382)|METHOD_EXIT|[1]|PatientWrapperController
03:09:09.0 (2458670)|HEAP_ALLOCATE|[EXTERNAL]|Bytes:6
03:09:09.0 (2468699)|SYSTEM_MODE_ENTER|false
03:09:09.0 (2480501)|VARIABLE_SCOPE_BEGIN|[36]|patientId|String|false|false
03:09:09.0 (2509689)|VARIABLE_ASSIGNMENT|[36]|patientId|"P00002"
03:09:09.0 (2522734)|STATEMENT_EXECUTE|[36]
03:09:09.0 (2524390)|STATEMENT_EXECUTE|[38]
03:09:09.0 (2528138)|HEAP_ALLOCATE|[38]|Bytes:185
03:09:09.0 (2533696)|VARIABLE_SCOPE_BEGIN|[38]|query|String|false|false
03:09:09.0 (2544331)|VARIABLE_ASSIGNMENT|[38]|query|"SELECT Patient_Id__c (165 more) ..."
03:09:09.0 (2546681)|STATEMENT_EXECUTE|[39]
03:09:09.0 (2584864)|HEAP_ALLOCATE|[50]|Bytes:5
03:09:09.0 (2610563)|HEAP_ALLOCATE|[56]|Bytes:5
03:09:09.0 (2619045)|HEAP_ALLOCATE|[64]|Bytes:7
03:09:09.0 (3293723)|SOQL_EXECUTE_BEGIN|[39]|Aggregations:0|SELECT Patient_Id__c, Full_Name__c, Gender__c, Steps_Completed__c, Goal__c, Height__c, Heart_Rate__c, Weight__c FROM Patient__c where Patient_Id__c = :patientId ORDER BY createdDate ASC
03:09:09.0 (7621125)|SOQL_EXECUTE_END|[39]|Rows:1
03:09:09.0 (7643660)|HEAP_ALLOCATE|[39]|Bytes:8
03:09:09.0 (7670618)|HEAP_ALLOCATE|[39]|Bytes:350
03:09:09.0 (7809155)|HEAP_ALLOCATE|[39]|Bytes:8
03:09:09.0 (7842592)|VARIABLE_SCOPE_BEGIN|[39]|patientList|List<Patient__c>|true|false
03:09:09.0 (7897637)|VARIABLE_ASSIGNMENT|[39]|patientList|{"s":1,"v":[{"s":2,"v":{"Patient_Id__c":"P00002","Full_Name__c":"Pallavi","Gender__c":"Female","Steps_Completed__c":6000,"Goal__c":6000,"Height__c":4.00,"Heart_Rate__c":72,"Weight__c":68.00,"Id":"a012800000SBjJnAAL"}}]}|0x3f72ab9f
03:09:09.0 (7906985)|STATEMENT_EXECUTE|[40]
03:09:09.0 (7913943)|VARIABLE_SCOPE_BEGIN|[40]|wrapperObj|PatientWrapper|true|false
03:09:09.0 (7923000)|VARIABLE_ASSIGNMENT|[40]|wrapperObj|null|
03:09:09.0 (7926374)|STATEMENT_EXECUTE|[41]
03:09:09.0 (7934094)|HEAP_ALLOCATE|[41]|Bytes:15
03:09:09.0 (8102223)|HEAP_ALLOCATE|[41]|Bytes:188
03:09:09.0 (8136506)|HEAP_ALLOCATE|[41]|Bytes:203
03:09:09.0 (8170418)|USER_DEBUG|[41]|DEBUG|patientList => (Patient__c:{Patient_Id__c=P00002, Full_Name__c=Pallavi, Gender__c=Female, Steps_Completed__c=6000, Goal__c=6000, Height__c=4.00, Heart_Rate__c=72, Weight__c=68.00, Id=a012800000SBjJnAAL})
03:09:09.0 (8502178)|HEAP_ALLOCATE|[42]|Bytes:5
03:09:09.0 (8561925)|HEAP_ALLOCATE|[42]|Bytes:40
03:09:09.0 (8579290)|VARIABLE_SCOPE_BEGIN|[42]|patient|Patient__c|true|false
03:09:09.0 (8608276)|VARIABLE_ASSIGNMENT|[42]|patient|{"s":1,"v":{"Patient_Id__c":"P00002","Full_Name__c":"Pallavi","Gender__c":"Female","Steps_Completed__c":6000,"Goal__c":6000,"Height__c":4.00,"Heart_Rate__c":72,"Weight__c":68.00,"Id":"a012800000SBjJnAAL"}}|0x302b40a7
03:09:09.0 (8615491)|STATEMENT_EXECUTE|[42]
03:09:09.0 (8629992)|STATEMENT_EXECUTE|[43]
03:09:09.0 (8651601)|METHOD_ENTRY|[1]|01p280000085nGG|PatientWrapper.PatientWrapper()
03:09:09.0 (8656584)|STATEMENT_EXECUTE|[1]
03:09:09.0 (8662773)|STATEMENT_EXECUTE|[1]
03:09:09.0 (8674659)|METHOD_EXIT|[1]|PatientWrapper
03:09:09.0 (8753244)|HEAP_ALLOCATE|[43]|Bytes:36
03:09:09.0 (8770460)|CONSTRUCTOR_ENTRY|[43]|01p280000085nGG|<init>()
03:09:09.0 (8802328)|VARIABLE_SCOPE_BEGIN|[1]|this|PatientWrapper|true|false
03:09:09.0 (8845260)|VARIABLE_ASSIGNMENT|[1]|this|{}|0x59febca
03:09:09.0 (8859608)|HEAP_ALLOCATE|[EXTERNAL]|Bytes:6
03:09:09.0 (8895888)|STATEMENT_EXECUTE|[1]
03:09:09.0 (8899363)|STATEMENT_EXECUTE|[3]
03:09:09.0 (8901268)|STATEMENT_EXECUTE|[6]
03:09:09.0 (8903010)|STATEMENT_EXECUTE|[9]
03:09:09.0 (8904578)|STATEMENT_EXECUTE|[12]
03:09:09.0 (8906381)|STATEMENT_EXECUTE|[15]
03:09:09.0 (8908225)|STATEMENT_EXECUTE|[18]
03:09:09.0 (8910050)|STATEMENT_EXECUTE|[21]
03:09:09.0 (8911789)|STATEMENT_EXECUTE|[24]
03:09:09.0 (8917818)|CONSTRUCTOR_EXIT|[43]|01p280000085nGG|<init>()
03:09:09.0 (8943726)|VARIABLE_ASSIGNMENT|[43]|wrapperObj|{}|0x59febca
03:09:09.0 (8949394)|STATEMENT_EXECUTE|[45]
03:09:09.0 (8995270)|HEAP_ALLOCATE|[45]|Bytes:18
03:09:09.0 (9020724)|VARIABLE_ASSIGNMENT|[45]|this.id|"a012800000SBjJnAAL"|0x59febca
03:09:09.0 (9026994)|STATEMENT_EXECUTE|[46]
03:09:09.0 (9067774)|VARIABLE_ASSIGNMENT|[46]|this.name|"Pallavi"|0x59febca
03:09:09.0 (9072936)|STATEMENT_EXECUTE|[47]
03:09:09.0 (9150665)|HEAP_ALLOCATE|[47]|Bytes:12
03:09:09.0 (9171548)|VARIABLE_ASSIGNMENT|[47]|this.steps|6000.0|0x59febca
03:09:09.0 (9176035)|STATEMENT_EXECUTE|[48]
03:09:09.0 (9213801)|HEAP_ALLOCATE|[48]|Bytes:12
03:09:09.0 (9231301)|VARIABLE_ASSIGNMENT|[48]|this.goal|6000.0|0x59febca
03:09:09.0 (9235557)|STATEMENT_EXECUTE|[49]
03:09:09.0 (9268788)|HEAP_ALLOCATE|[49]|Bytes:12
03:09:09.0 (9286451)|VARIABLE_ASSIGNMENT|[49]|this.heartRate|72.0|0x59febca
03:09:09.0 (9291020)|STATEMENT_EXECUTE|[50]
03:09:09.0 (9322452)|HEAP_ALLOCATE|[50]|Bytes:12
03:09:09.0 (9339535)|VARIABLE_ASSIGNMENT|[50]|this.height|4.0|0x59febca
03:09:09.0 (9343633)|STATEMENT_EXECUTE|[51]
03:09:09.0 (9374576)|HEAP_ALLOCATE|[51]|Bytes:12
03:09:09.0 (9391299)|VARIABLE_ASSIGNMENT|[51]|this.weight|68.0|0x59febca
03:09:09.0 (9395246)|STATEMENT_EXECUTE|[52]
03:09:09.0 (9431862)|VARIABLE_ASSIGNMENT|[52]|this.patient_Id|"P00002"|0x59febca
03:09:09.0 (9448476)|HEAP_ALLOCATE|[42]|Bytes:5
03:09:09.0 (9461759)|VARIABLE_ASSIGNMENT|[42]|patient|null|
03:09:09.0 (9465780)|STATEMENT_EXECUTE|[56]
03:09:09.0 (9469358)|HEAP_ALLOCATE|[56]|Bytes:14
03:09:09.0 (9532634)|HEAP_ALLOCATE|[56]|Bytes:139
03:09:09.0 (9548946)|HEAP_ALLOCATE|[56]|Bytes:153
03:09:09.0 (9558966)|USER_DEBUG|[56]|DEBUG|wrapperObj => PatientWrapper:[goal=6000.0, heartRate=72.0, height=4.0, id=a012800000SBjJnAAL, name=Pallavi, patient_Id=P00002, steps=6000.0, weight=68.0]
03:09:09.0 (9565076)|STATEMENT_EXECUTE|[57]
03:09:09.0 (9573820)|SYSTEM_MODE_EXIT|false
03:09:09.9 (9623547)|CUMULATIVE_LIMIT_USAGE
03:09:09.9 (9623547)|LIMIT_USAGE_FOR_NS|(default)|
  Number of SOQL queries: 1 out of 100
  Number of query rows: 1 out of 50000
  Number of SOSL queries: 0 out of 20
  Number of DML statements: 0 out of 150
  Number of DML rows: 0 out of 10000
  Maximum CPU time: 0 out of 10000
  Maximum heap size: 0 out of 6000000
  Number of callouts: 0 out of 100
  Number of Email Invocations: 0 out of 10
  Number of future calls: 0 out of 50
  Number of queueable jobs added to the queue: 0 out of 50
  Number of Mobile Apex push calls: 0 out of 10

03:09:09.9 (9623547)|CUMULATIVE_LIMIT_USAGE_END

03:09:09.0 (9667255)|CODE_UNIT_FINISHED|PatientWrapperController.getPatientsById
03:09:09.0 (11645283)|CODE_UNIT_STARTED|[EXTERNAL]|Aura
03:09:09.0 (11716772)|CODE_UNIT_FINISHED|Aura
03:09:09.0 (11965497)|HEAP_ALLOCATE|[EXTERNAL]|Bytes:6
03:09:09.0 (11986265)|HEAP_ALLOCATE|[EXTERNAL]|Bytes:6
03:09:09.0 (13290026)|CODE_UNIT_STARTED|[EXTERNAL]|01p280000085nGQ|PatientWrapperController.getPatientsById
03:09:09.0 (13336612)|HEAP_ALLOCATE|[EXTERNAL]|Bytes:6
03:09:09.0 (13346835)|SYSTEM_MODE_ENTER|false
03:09:09.0 (13352395)|VARIABLE_SCOPE_BEGIN|[36]|patientId|String|false|false
03:09:09.0 (13360583)|VARIABLE_ASSIGNMENT|[36]|patientId|"P00002"
03:09:09.0 (13367313)|STATEMENT_EXECUTE|[36]
03:09:09.0 (13369748)|STATEMENT_EXECUTE|[38]
03:09:09.0 (13375926)|VARIABLE_SCOPE_BEGIN|[38]|query|String|false|false
03:09:09.0 (13385147)|VARIABLE_ASSIGNMENT|[38]|query|"SELECT Patient_Id__c (165 more) ..."
03:09:09.0 (13387654)|STATEMENT_EXECUTE|[39]
03:09:09.0 (13689210)|SOQL_EXECUTE_BEGIN|[39]|Aggregations:0|SELECT Patient_Id__c, Full_Name__c, Gender__c, Steps_Completed__c, Goal__c, Height__c, Heart_Rate__c, Weight__c FROM Patient__c where Patient_Id__c = :patientId ORDER BY createdDate ASC
03:09:09.0 (16702537)|SOQL_EXECUTE_END|[39]|Rows:1
03:09:09.0 (16715825)|HEAP_ALLOCATE|[39]|Bytes:8
03:09:09.0 (16733882)|HEAP_ALLOCATE|[39]|Bytes:350
03:09:09.0 (16754019)|HEAP_ALLOCATE|[39]|Bytes:8
03:09:09.0 (16772067)|VARIABLE_SCOPE_BEGIN|[39]|patientList|List<Patient__c>|true|false
03:09:09.0 (16806048)|VARIABLE_ASSIGNMENT|[39]|patientList|{"s":1,"v":[{"s":2,"v":{"Patient_Id__c":"P00002","Full_Name__c":"Pallavi","Gender__c":"Female","Steps_Completed__c":6000,"Goal__c":6000,"Height__c":4.00,"Heart_Rate__c":72,"Weight__c":68.00,"Id":"a012800000SBjJnAAL"}}]}|0x2524216
03:09:09.0 (16811476)|STATEMENT_EXECUTE|[40]
03:09:09.0 (16815999)|VARIABLE_SCOPE_BEGIN|[40]|wrapperObj|PatientWrapper|true|false
03:09:09.0 (16821091)|VARIABLE_ASSIGNMENT|[40]|wrapperObj|null|
03:09:09.0 (16823146)|STATEMENT_EXECUTE|[41]
03:09:09.0 (16896481)|HEAP_ALLOCATE|[41]|Bytes:188
03:09:09.0 (16913571)|HEAP_ALLOCATE|[41]|Bytes:203
03:09:09.0 (16924711)|USER_DEBUG|[41]|DEBUG|patientList => (Patient__c:{Patient_Id__c=P00002, Full_Name__c=Pallavi, Gender__c=Female, Steps_Completed__c=6000, Goal__c=6000, Height__c=4.00, Heart_Rate__c=72, Weight__c=68.00, Id=a012800000SBjJnAAL})
03:09:09.0 (16952217)|HEAP_ALLOCATE|[42]|Bytes:5
03:09:09.0 (16978606)|HEAP_ALLOCATE|[42]|Bytes:40
03:09:09.0 (16988741)|VARIABLE_SCOPE_BEGIN|[42]|patient|Patient__c|true|false
03:09:09.0 (17007902)|VARIABLE_ASSIGNMENT|[42]|patient|{"s":1,"v":{"Patient_Id__c":"P00002","Full_Name__c":"Pallavi","Gender__c":"Female","Steps_Completed__c":6000,"Goal__c":6000,"Height__c":4.00,"Heart_Rate__c":72,"Weight__c":68.00,"Id":"a012800000SBjJnAAL"}}|0x7326519c
03:09:09.0 (17013178)|STATEMENT_EXECUTE|[42]
03:09:09.0 (17014675)|STATEMENT_EXECUTE|[43]
03:09:09.0 (17019729)|HEAP_ALLOCATE|[43]|Bytes:36
03:09:09.0 (17027417)|CONSTRUCTOR_ENTRY|[43]|01p280000085nGG|<init>()
03:09:09.0 (17034747)|VARIABLE_SCOPE_BEGIN|[1]|this|PatientWrapper|true|false
03:09:09.0 (17059526)|VARIABLE_ASSIGNMENT|[1]|this|{}|0x6e2bc6a8
03:09:09.0 (17073621)|STATEMENT_EXECUTE|[1]
03:09:09.0 (17075435)|STATEMENT_EXECUTE|[3]
03:09:09.0 (17076570)|STATEMENT_EXECUTE|[6]
03:09:09.0 (17077674)|STATEMENT_EXECUTE|[9]
03:09:09.0 (17078634)|STATEMENT_EXECUTE|[12]
03:09:09.0 (17079730)|STATEMENT_EXECUTE|[15]
03:09:09.0 (17080820)|STATEMENT_EXECUTE|[18]
03:09:09.0 (17081778)|STATEMENT_EXECUTE|[21]
03:09:09.0 (17082729)|STATEMENT_EXECUTE|[24]
03:09:09.0 (17085869)|CONSTRUCTOR_EXIT|[43]|01p280000085nGG|<init>()
03:09:09.0 (17099690)|VARIABLE_ASSIGNMENT|[43]|wrapperObj|{}|0x6e2bc6a8
03:09:09.0 (17102828)|STATEMENT_EXECUTE|[45]
03:09:09.0 (17118278)|HEAP_ALLOCATE|[45]|Bytes:18
03:09:09.0 (17129972)|VARIABLE_ASSIGNMENT|[45]|this.id|"a012800000SBjJnAAL"|0x6e2bc6a8
03:09:09.0 (17132565)|STATEMENT_EXECUTE|[46]
03:09:09.0 (17141673)|VARIABLE_ASSIGNMENT|[46]|this.name|"Pallavi"|0x6e2bc6a8
03:09:09.0 (17143836)|STATEMENT_EXECUTE|[47]
03:09:09.0 (17157580)|HEAP_ALLOCATE|[47]|Bytes:12
03:09:09.0 (17165537)|VARIABLE_ASSIGNMENT|[47]|this.steps|6000.0|0x6e2bc6a8
03:09:09.0 (17167749)|STATEMENT_EXECUTE|[48]
03:09:09.0 (17174221)|HEAP_ALLOCATE|[48]|Bytes:12
03:09:09.0 (17180274)|VARIABLE_ASSIGNMENT|[48]|this.goal|6000.0|0x6e2bc6a8
03:09:09.0 (17182295)|STATEMENT_EXECUTE|[49]
03:09:09.0 (17188493)|HEAP_ALLOCATE|[49]|Bytes:12
03:09:09.0 (17194376)|VARIABLE_ASSIGNMENT|[49]|this.heartRate|72.0|0x6e2bc6a8
03:09:09.0 (17196297)|STATEMENT_EXECUTE|[50]
03:09:09.0 (17208528)|HEAP_ALLOCATE|[50]|Bytes:12
03:09:09.0 (17215335)|VARIABLE_ASSIGNMENT|[50]|this.height|4.0|0x6e2bc6a8
03:09:09.0 (17217371)|STATEMENT_EXECUTE|[51]
03:09:09.0 (17223916)|HEAP_ALLOCATE|[51]|Bytes:12
03:09:09.0 (17230318)|VARIABLE_ASSIGNMENT|[51]|this.weight|68.0|0x6e2bc6a8
03:09:09.0 (17232192)|STATEMENT_EXECUTE|[52]
03:09:09.0 (17240690)|VARIABLE_ASSIGNMENT|[52]|this.patient_Id|"P00002"|0x6e2bc6a8
03:09:09.0 (17252358)|HEAP_ALLOCATE|[42]|Bytes:5
03:09:09.0 (17263905)|VARIABLE_ASSIGNMENT|[42]|patient|null|
03:09:09.0 (17266906)|STATEMENT_EXECUTE|[56]
03:09:09.0 (17304373)|HEAP_ALLOCATE|[56]|Bytes:139
03:09:09.0 (17317917)|HEAP_ALLOCATE|[56]|Bytes:153
03:09:09.0 (17326652)|USER_DEBUG|[56]|DEBUG|wrapperObj => PatientWrapper:[goal=6000.0, heartRate=72.0, height=4.0, id=a012800000SBjJnAAL, name=Pallavi, patient_Id=P00002, steps=6000.0, weight=68.0]
03:09:09.0 (17332363)|STATEMENT_EXECUTE|[57]
03:09:09.0 (17339232)|SYSTEM_MODE_EXIT|false
03:09:09.17 (17378856)|CUMULATIVE_LIMIT_USAGE
03:09:09.17 (17378856)|LIMIT_USAGE_FOR_NS|(default)|
  Number of SOQL queries: 2 out of 100
  Number of query rows: 2 out of 50000
  Number of SOSL queries: 0 out of 20
  Number of DML statements: 0 out of 150
  Number of DML rows: 0 out of 10000
  Maximum CPU time: 0 out of 10000
  Maximum heap size: 0 out of 6000000
  Number of callouts: 0 out of 100
  Number of Email Invocations: 0 out of 10
  Number of future calls: 0 out of 50
  Number of queueable jobs added to the queue: 0 out of 50
  Number of Mobile Apex push calls: 0 out of 10

03:09:09.17 (17378856)|CUMULATIVE_LIMIT_USAGE_END

03:09:09.0 (17415142)|CODE_UNIT_FINISHED|PatientWrapperController.getPatientsById
03:09:09.0 (19449880)|CODE_UNIT_STARTED|[EXTERNAL]|Aura
03:09:09.0 (19495216)|CODE_UNIT_FINISHED|Aura
