36.0 APEX_CODE,FINEST;APEX_PROFILING,INFO;CALLOUT,INFO;DB,INFO;SYSTEM,DEBUG;VALIDATION,INFO;VISUALFORCE,INFO;WORKFLOW,INFO
04:08:35.0 (465906)|EXECUTION_STARTED
04:08:35.0 (500617)|CODE_UNIT_STARTED|[EXTERNAL]|aura
04:08:35.0 (1046716)|HEAP_ALLOCATE|[72]|Bytes:3
04:08:35.0 (1096394)|HEAP_ALLOCATE|[77]|Bytes:152
04:08:35.0 (1112806)|HEAP_ALLOCATE|[342]|Bytes:408
04:08:35.0 (1132047)|HEAP_ALLOCATE|[355]|Bytes:408
04:08:35.0 (1149467)|HEAP_ALLOCATE|[467]|Bytes:48
04:08:35.0 (1176637)|HEAP_ALLOCATE|[139]|Bytes:6
04:08:35.0 (2772572)|CODE_UNIT_STARTED|[EXTERNAL]|01p28000007YwEa|LightningSelfRegisterController.getExtraFields
04:08:35.0 (3463315)|HEAP_ALLOCATE|[EXTERNAL]|Bytes:15
04:08:35.0 (3493189)|METHOD_ENTRY|[1]|01p28000007YwEa|LightningSelfRegisterController.LightningSelfRegisterController()
04:08:35.0 (3500449)|STATEMENT_EXECUTE|[1]
04:08:35.0 (3507458)|STATEMENT_EXECUTE|[1]
04:08:35.0 (3515417)|METHOD_EXIT|[1]|LightningSelfRegisterController
04:08:35.0 (3529374)|SYSTEM_MODE_ENTER|false
04:08:35.0 (3541757)|VARIABLE_SCOPE_BEGIN|[93]|extraFieldsFieldSet|String|false|false
04:08:35.0 (3572933)|VARIABLE_ASSIGNMENT|[93]|extraFieldsFieldSet|""
04:08:35.0 (3584896)|STATEMENT_EXECUTE|[93]
04:08:35.0 (3586839)|STATEMENT_EXECUTE|[94]
04:08:35.0 (3594679)|HEAP_ALLOCATE|[94]|Bytes:4
04:08:35.0 (3639491)|VARIABLE_SCOPE_BEGIN|[94]|extraFields|List<Map<String,ANY>>|true|false
04:08:35.0 (3683320)|HEAP_ALLOCATE|[EXTERNAL]|Bytes:4
04:08:35.0 (3703508)|VARIABLE_ASSIGNMENT|[94]|extraFields|{"s":1,"v":[]}|0x6f008271
04:08:35.0 (3706745)|STATEMENT_EXECUTE|[95]
04:08:35.0 (3711382)|HEAP_ALLOCATE|[95]|Bytes:4
04:08:35.0 (3742021)|HEAP_ALLOCATE|[50]|Bytes:5
04:08:35.0 (3764754)|HEAP_ALLOCATE|[56]|Bytes:5
04:08:35.0 (3773070)|HEAP_ALLOCATE|[64]|Bytes:7
04:08:35.0 (4075763)|HEAP_ALLOCATE|[95]|Bytes:4
04:08:35.0 (6320890)|HEAP_ALLOCATE|[95]|Bytes:4
04:08:35.0 (6396459)|VARIABLE_SCOPE_BEGIN|[95]|fieldSet|Schema.FieldSet|true|false
04:08:35.0 (6406466)|VARIABLE_ASSIGNMENT|[95]|fieldSet|null|
04:08:35.0 (6410610)|STATEMENT_EXECUTE|[96]
04:08:35.0 (6412418)|STATEMENT_EXECUTE|[108]
04:08:35.0 (6418337)|SYSTEM_MODE_EXIT|false
04:08:35.6 (6482628)|CUMULATIVE_LIMIT_USAGE
04:08:35.6 (6482628)|LIMIT_USAGE_FOR_NS|(default)|
  Number of SOQL queries: 0 out of 100
  Number of query rows: 0 out of 50000
  Number of SOSL queries: 0 out of 20
  Number of DML statements: 0 out of 150
  Number of DML rows: 0 out of 10000
  Maximum CPU time: 0 out of 10000
  Maximum heap size: 0 out of 6000000
  Number of callouts: 0 out of 100
  Number of Email Invocations: 0 out of 10
  Number of future calls: 0 out of 50
  Number of queueable jobs added to the queue: 0 out of 50
  Number of Mobile Apex push calls: 0 out of 10

04:08:35.6 (6482628)|CUMULATIVE_LIMIT_USAGE_END

04:08:35.0 (6522700)|CODE_UNIT_FINISHED|LightningSelfRegisterController.getExtraFields
04:08:35.0 (8676977)|CODE_UNIT_STARTED|[EXTERNAL]|01p28000007YwEa|LightningSelfRegisterController.getExtraFields
04:08:35.0 (8710713)|SYSTEM_MODE_ENTER|false
04:08:35.0 (8715817)|VARIABLE_SCOPE_BEGIN|[93]|extraFieldsFieldSet|String|false|false
04:08:35.0 (8722530)|VARIABLE_ASSIGNMENT|[93]|extraFieldsFieldSet|""
04:08:35.0 (8728070)|STATEMENT_EXECUTE|[93]
04:08:35.0 (8729733)|STATEMENT_EXECUTE|[94]
04:08:35.0 (8734176)|HEAP_ALLOCATE|[94]|Bytes:4
04:08:35.0 (8747693)|VARIABLE_SCOPE_BEGIN|[94]|extraFields|List<Map<String,ANY>>|true|false
04:08:35.0 (8763324)|HEAP_ALLOCATE|[EXTERNAL]|Bytes:4
04:08:35.0 (8773731)|VARIABLE_ASSIGNMENT|[94]|extraFields|{"s":1,"v":[]}|0x22756540
04:08:35.0 (8776447)|STATEMENT_EXECUTE|[95]
04:08:35.0 (8814379)|HEAP_ALLOCATE|[95]|Bytes:4
04:08:35.0 (11657512)|HEAP_ALLOCATE|[95]|Bytes:4
04:08:35.0 (11689388)|VARIABLE_SCOPE_BEGIN|[95]|fieldSet|Schema.FieldSet|true|false
04:08:35.0 (11700375)|VARIABLE_ASSIGNMENT|[95]|fieldSet|null|
04:08:35.0 (11705591)|STATEMENT_EXECUTE|[96]
04:08:35.0 (11707956)|STATEMENT_EXECUTE|[108]
04:08:35.0 (11715293)|SYSTEM_MODE_EXIT|false
04:08:35.11 (11740973)|CUMULATIVE_LIMIT_USAGE
04:08:35.11 (11740973)|LIMIT_USAGE_FOR_NS|(default)|
  Number of SOQL queries: 0 out of 100
  Number of query rows: 0 out of 50000
  Number of SOSL queries: 0 out of 20
  Number of DML statements: 0 out of 150
  Number of DML rows: 0 out of 10000
  Maximum CPU time: 0 out of 10000
  Maximum heap size: 0 out of 6000000
  Number of callouts: 0 out of 100
  Number of Email Invocations: 0 out of 10
  Number of future calls: 0 out of 50
  Number of queueable jobs added to the queue: 0 out of 50
  Number of Mobile Apex push calls: 0 out of 10

04:08:35.11 (11740973)|CUMULATIVE_LIMIT_USAGE_END

04:08:35.0 (11767077)|CODE_UNIT_FINISHED|LightningSelfRegisterController.getExtraFields
