36.0 APEX_CODE,FINEST;APEX_PROFILING,INFO;CALLOUT,INFO;DB,INFO;SYSTEM,DEBUG;VALIDATION,INFO;VISUALFORCE,INFO;WORKFLOW,INFO
06:44:38.0 (561563)|EXECUTION_STARTED
06:44:38.0 (591780)|CODE_UNIT_STARTED|[EXTERNAL]|01p280000085nGQ|PatientWrapperController.getPatientsById
06:44:38.0 (1540749)|HEAP_ALLOCATE|[72]|Bytes:3
06:44:38.0 (1589968)|HEAP_ALLOCATE|[77]|Bytes:152
06:44:38.0 (1607655)|HEAP_ALLOCATE|[342]|Bytes:408
06:44:38.0 (1626809)|HEAP_ALLOCATE|[355]|Bytes:408
06:44:38.0 (1644245)|HEAP_ALLOCATE|[467]|Bytes:48
06:44:38.0 (1673698)|HEAP_ALLOCATE|[139]|Bytes:6
06:44:38.0 (1694154)|HEAP_ALLOCATE|[EXTERNAL]|Bytes:7
06:44:38.0 (1698926)|HEAP_ALLOCATE|[EXTERNAL]|Bytes:14
06:44:38.0 (1715799)|METHOD_ENTRY|[1]|01p280000085nGQ|PatientWrapperController.PatientWrapperController()
06:44:38.0 (1720291)|STATEMENT_EXECUTE|[1]
06:44:38.0 (1726099)|STATEMENT_EXECUTE|[1]
06:44:38.0 (1732098)|METHOD_EXIT|[1]|PatientWrapperController
06:44:38.0 (1744811)|SYSTEM_MODE_ENTER|false
06:44:38.0 (1756426)|VARIABLE_SCOPE_BEGIN|[36]|patientId|String|false|false
06:44:38.0 (1777921)|VARIABLE_ASSIGNMENT|[36]|patientId|null
06:44:38.0 (1789332)|STATEMENT_EXECUTE|[36]
06:44:38.0 (1791059)|STATEMENT_EXECUTE|[38]
06:44:38.0 (1795291)|HEAP_ALLOCATE|[38]|Bytes:185
06:44:38.0 (1800477)|VARIABLE_SCOPE_BEGIN|[38]|query|String|false|false
06:44:38.0 (1811983)|VARIABLE_ASSIGNMENT|[38]|query|"SELECT Patient_Id__c (165 more) ..."
06:44:38.0 (1814182)|STATEMENT_EXECUTE|[39]
06:44:38.0 (1847898)|HEAP_ALLOCATE|[50]|Bytes:5
06:44:38.0 (1869616)|HEAP_ALLOCATE|[56]|Bytes:5
06:44:38.0 (1877844)|HEAP_ALLOCATE|[64]|Bytes:7
06:44:38.0 (3287269)|SOQL_EXECUTE_BEGIN|[39]|Aggregations:0|SELECT Patient_Id__c, Full_Name__c, Gender__c, Steps_Completed__c, Goal__c, Height__c, Heart_Rate__c, Weight__c FROM Patient__c where Patient_Id__c = :patientId ORDER BY createdDate ASC
06:44:38.0 (8264852)|SOQL_EXECUTE_END|[39]|Rows:0
06:44:38.0 (8286787)|HEAP_ALLOCATE|[39]|Bytes:4
06:44:38.0 (8297140)|HEAP_ALLOCATE|[39]|Bytes:0
06:44:38.0 (8393583)|HEAP_ALLOCATE|[39]|Bytes:4
06:44:38.0 (8412030)|VARIABLE_SCOPE_BEGIN|[39]|patientList|List<Patient__c>|true|false
06:44:38.0 (8432177)|VARIABLE_ASSIGNMENT|[39]|patientList|{"s":1,"v":[]}|0x29bcacde
06:44:38.0 (8435460)|STATEMENT_EXECUTE|[40]
06:44:38.0 (8438767)|VARIABLE_SCOPE_BEGIN|[40]|wrapperObj|PatientWrapper|true|false
06:44:38.0 (8443686)|VARIABLE_ASSIGNMENT|[40]|wrapperObj|null|
06:44:38.0 (8445725)|STATEMENT_EXECUTE|[41]
06:44:38.0 (8449446)|HEAP_ALLOCATE|[41]|Bytes:15
06:44:38.0 (8509439)|HEAP_ALLOCATE|[41]|Bytes:2
06:44:38.0 (8526811)|HEAP_ALLOCATE|[41]|Bytes:17
06:44:38.0 (8548846)|USER_DEBUG|[41]|DEBUG|patientList => ()
06:44:38.0 (8752561)|HEAP_ALLOCATE|[42]|Bytes:5
06:44:38.0 (8777760)|VARIABLE_ASSIGNMENT|[42]|patient|null|
06:44:38.0 (8781860)|STATEMENT_EXECUTE|[42]
06:44:38.0 (8783695)|STATEMENT_EXECUTE|[56]
06:44:38.0 (8787486)|HEAP_ALLOCATE|[56]|Bytes:14
06:44:38.0 (8826793)|HEAP_ALLOCATE|[56]|Bytes:18
06:44:38.0 (8837720)|USER_DEBUG|[56]|DEBUG|wrapperObj => null
06:44:38.0 (8842630)|STATEMENT_EXECUTE|[57]
06:44:38.0 (8849534)|SYSTEM_MODE_EXIT|false
06:44:38.8 (8894060)|CUMULATIVE_LIMIT_USAGE
06:44:38.8 (8894060)|LIMIT_USAGE_FOR_NS|(default)|
  Number of SOQL queries: 1 out of 100
  Number of query rows: 0 out of 50000
  Number of SOSL queries: 0 out of 20
  Number of DML statements: 0 out of 150
  Number of DML rows: 0 out of 10000
  Maximum CPU time: 0 out of 10000
  Maximum heap size: 0 out of 6000000
  Number of callouts: 0 out of 100
  Number of Email Invocations: 0 out of 10
  Number of future calls: 0 out of 50
  Number of queueable jobs added to the queue: 0 out of 50
  Number of Mobile Apex push calls: 0 out of 10

06:44:38.8 (8894060)|CUMULATIVE_LIMIT_USAGE_END

06:44:38.0 (8933342)|CODE_UNIT_FINISHED|PatientWrapperController.getPatientsById
06:44:38.0 (10793708)|EXECUTION_FINISHED
