36.0 APEX_CODE,FINEST;APEX_PROFILING,INFO;CALLOUT,INFO;DB,INFO;SYSTEM,DEBUG;VALIDATION,INFO;VISUALFORCE,INFO;WORKFLOW,INFO
03:15:15.0 (501815)|EXECUTION_STARTED
03:15:15.0 (534301)|CODE_UNIT_STARTED|[EXTERNAL]|aura
03:15:15.0 (888307)|HEAP_ALLOCATE|[72]|Bytes:3
03:15:15.0 (927042)|HEAP_ALLOCATE|[77]|Bytes:152
03:15:15.0 (942117)|HEAP_ALLOCATE|[342]|Bytes:408
03:15:15.0 (959206)|HEAP_ALLOCATE|[355]|Bytes:408
03:15:15.0 (974164)|HEAP_ALLOCATE|[467]|Bytes:48
03:15:15.0 (1000348)|HEAP_ALLOCATE|[139]|Bytes:6
03:15:15.0 (1024181)|HEAP_ALLOCATE|[EXTERNAL]|Bytes:6
03:15:15.0 (1041745)|HEAP_ALLOCATE|[EXTERNAL]|Bytes:6
03:15:15.0 (2404577)|CODE_UNIT_STARTED|[EXTERNAL]|01p280000085nGQ|PatientWrapperController.getPatientsById
03:15:15.0 (3770455)|HEAP_ALLOCATE|[EXTERNAL]|Bytes:7
03:15:15.0 (3778613)|HEAP_ALLOCATE|[EXTERNAL]|Bytes:14
03:15:15.0 (3792155)|METHOD_ENTRY|[1]|01p280000085nGQ|PatientWrapperController.PatientWrapperController()
03:15:15.0 (3796494)|STATEMENT_EXECUTE|[1]
03:15:15.0 (3800797)|STATEMENT_EXECUTE|[1]
03:15:15.0 (3806900)|METHOD_EXIT|[1]|PatientWrapperController
03:15:15.0 (3810919)|HEAP_ALLOCATE|[EXTERNAL]|Bytes:6
03:15:15.0 (3821978)|SYSTEM_MODE_ENTER|false
03:15:15.0 (3833263)|VARIABLE_SCOPE_BEGIN|[36]|patientId|String|false|false
03:15:15.0 (3864856)|VARIABLE_ASSIGNMENT|[36]|patientId|"P00002"
03:15:15.0 (3876165)|STATEMENT_EXECUTE|[36]
03:15:15.0 (3877839)|STATEMENT_EXECUTE|[38]
03:15:15.0 (3881849)|HEAP_ALLOCATE|[38]|Bytes:185
03:15:15.0 (3887345)|VARIABLE_SCOPE_BEGIN|[38]|query|String|false|false
03:15:15.0 (3897128)|VARIABLE_ASSIGNMENT|[38]|query|"SELECT Patient_Id__c (165 more) ..."
03:15:15.0 (3899167)|STATEMENT_EXECUTE|[39]
03:15:15.0 (3934704)|HEAP_ALLOCATE|[50]|Bytes:5
03:15:15.0 (3958584)|HEAP_ALLOCATE|[56]|Bytes:5
03:15:15.0 (3974910)|HEAP_ALLOCATE|[64]|Bytes:7
03:15:15.0 (5467105)|SOQL_EXECUTE_BEGIN|[39]|Aggregations:0|SELECT Patient_Id__c, Full_Name__c, Gender__c, Steps_Completed__c, Goal__c, Height__c, Heart_Rate__c, Weight__c FROM Patient__c where Patient_Id__c = :patientId ORDER BY createdDate ASC
03:15:15.0 (9198894)|SOQL_EXECUTE_END|[39]|Rows:1
03:15:15.0 (9215069)|HEAP_ALLOCATE|[39]|Bytes:8
03:15:15.0 (9230589)|HEAP_ALLOCATE|[39]|Bytes:350
03:15:15.0 (9321075)|HEAP_ALLOCATE|[39]|Bytes:8
03:15:15.0 (9346352)|VARIABLE_SCOPE_BEGIN|[39]|patientList|List<Patient__c>|true|false
03:15:15.0 (9393092)|VARIABLE_ASSIGNMENT|[39]|patientList|{"s":1,"v":[{"s":2,"v":{"Patient_Id__c":"P00002","Full_Name__c":"Pallavi","Gender__c":"Female","Steps_Completed__c":6000,"Goal__c":6000,"Height__c":4.00,"Heart_Rate__c":72,"Weight__c":68.00,"Id":"a012800000SBjJnAAL"}}]}|0x66cdd9cf
03:15:15.0 (9398383)|STATEMENT_EXECUTE|[40]
03:15:15.0 (9403038)|VARIABLE_SCOPE_BEGIN|[40]|wrapperObj|PatientWrapper|true|false
03:15:15.0 (9408819)|VARIABLE_ASSIGNMENT|[40]|wrapperObj|null|
03:15:15.0 (9410538)|STATEMENT_EXECUTE|[41]
03:15:15.0 (9415415)|HEAP_ALLOCATE|[41]|Bytes:15
03:15:15.0 (9531741)|HEAP_ALLOCATE|[41]|Bytes:188
03:15:15.0 (9551869)|HEAP_ALLOCATE|[41]|Bytes:203
03:15:15.0 (9576424)|USER_DEBUG|[41]|DEBUG|patientList => (Patient__c:{Patient_Id__c=P00002, Full_Name__c=Pallavi, Gender__c=Female, Steps_Completed__c=6000, Goal__c=6000, Height__c=4.00, Heart_Rate__c=72, Weight__c=68.00, Id=a012800000SBjJnAAL})
03:15:15.0 (9762851)|HEAP_ALLOCATE|[42]|Bytes:5
03:15:15.0 (9804364)|HEAP_ALLOCATE|[42]|Bytes:40
03:15:15.0 (9815594)|VARIABLE_SCOPE_BEGIN|[42]|patient|Patient__c|true|false
03:15:15.0 (9835227)|VARIABLE_ASSIGNMENT|[42]|patient|{"s":1,"v":{"Patient_Id__c":"P00002","Full_Name__c":"Pallavi","Gender__c":"Female","Steps_Completed__c":6000,"Goal__c":6000,"Height__c":4.00,"Heart_Rate__c":72,"Weight__c":68.00,"Id":"a012800000SBjJnAAL"}}|0x6c4f0216
03:15:15.0 (9842052)|STATEMENT_EXECUTE|[42]
03:15:15.0 (9843563)|STATEMENT_EXECUTE|[43]
03:15:15.0 (9860111)|METHOD_ENTRY|[1]|01p280000085nGG|PatientWrapper.PatientWrapper()
03:15:15.0 (9863387)|STATEMENT_EXECUTE|[1]
03:15:15.0 (9866807)|STATEMENT_EXECUTE|[1]
03:15:15.0 (9873317)|METHOD_EXIT|[1]|PatientWrapper
03:15:15.0 (9880869)|HEAP_ALLOCATE|[43]|Bytes:36
03:15:15.0 (9892281)|CONSTRUCTOR_ENTRY|[43]|01p280000085nGG|<init>()
03:15:15.0 (9914519)|VARIABLE_SCOPE_BEGIN|[1]|this|PatientWrapper|true|false
03:15:15.0 (9946000)|VARIABLE_ASSIGNMENT|[1]|this|{}|0x39ea9096
03:15:15.0 (9956513)|HEAP_ALLOCATE|[EXTERNAL]|Bytes:6
03:15:15.0 (9982692)|STATEMENT_EXECUTE|[1]
03:15:15.0 (9984491)|STATEMENT_EXECUTE|[3]
03:15:15.0 (9985648)|STATEMENT_EXECUTE|[6]
03:15:15.0 (9986712)|STATEMENT_EXECUTE|[9]
03:15:15.0 (9987763)|STATEMENT_EXECUTE|[12]
03:15:15.0 (9988946)|STATEMENT_EXECUTE|[15]
03:15:15.0 (9990280)|STATEMENT_EXECUTE|[18]
03:15:15.0 (9991331)|STATEMENT_EXECUTE|[21]
03:15:15.0 (9992364)|STATEMENT_EXECUTE|[24]
03:15:15.0 (9996370)|CONSTRUCTOR_EXIT|[43]|01p280000085nGG|<init>()
03:15:15.0 (10012835)|VARIABLE_ASSIGNMENT|[43]|wrapperObj|{}|0x39ea9096
03:15:15.0 (10016518)|STATEMENT_EXECUTE|[45]
03:15:15.0 (10052405)|HEAP_ALLOCATE|[45]|Bytes:18
03:15:15.0 (10069362)|VARIABLE_ASSIGNMENT|[45]|this.id|"a012800000SBjJnAAL"|0x39ea9096
03:15:15.0 (10072660)|STATEMENT_EXECUTE|[46]
03:15:15.0 (10102517)|VARIABLE_ASSIGNMENT|[46]|this.name|"Pallavi"|0x39ea9096
03:15:15.0 (10105968)|STATEMENT_EXECUTE|[47]
03:15:15.0 (10147768)|HEAP_ALLOCATE|[47]|Bytes:12
03:15:15.0 (10161015)|VARIABLE_ASSIGNMENT|[47]|this.steps|6000.0|0x39ea9096
03:15:15.0 (10163611)|STATEMENT_EXECUTE|[48]
03:15:15.0 (10184737)|HEAP_ALLOCATE|[48]|Bytes:12
03:15:15.0 (10194159)|VARIABLE_ASSIGNMENT|[48]|this.goal|6000.0|0x39ea9096
03:15:15.0 (10196318)|STATEMENT_EXECUTE|[49]
03:15:15.0 (10212778)|HEAP_ALLOCATE|[49]|Bytes:12
03:15:15.0 (10221460)|VARIABLE_ASSIGNMENT|[49]|this.heartRate|72.0|0x39ea9096
03:15:15.0 (10223641)|STATEMENT_EXECUTE|[50]
03:15:15.0 (10239758)|HEAP_ALLOCATE|[50]|Bytes:12
03:15:15.0 (10249803)|VARIABLE_ASSIGNMENT|[50]|this.height|4.0|0x39ea9096
03:15:15.0 (10253362)|STATEMENT_EXECUTE|[51]
03:15:15.0 (10271719)|HEAP_ALLOCATE|[51]|Bytes:12
03:15:15.0 (10281520)|VARIABLE_ASSIGNMENT|[51]|this.weight|68.0|0x39ea9096
03:15:15.0 (10283732)|STATEMENT_EXECUTE|[52]
03:15:15.0 (10304615)|VARIABLE_ASSIGNMENT|[52]|this.patient_Id|"P00002"|0x39ea9096
03:15:15.0 (10318957)|HEAP_ALLOCATE|[42]|Bytes:5
03:15:15.0 (10331535)|VARIABLE_ASSIGNMENT|[42]|patient|null|
03:15:15.0 (10335198)|STATEMENT_EXECUTE|[56]
03:15:15.0 (10338805)|HEAP_ALLOCATE|[56]|Bytes:14
03:15:15.0 (10399049)|HEAP_ALLOCATE|[56]|Bytes:139
03:15:15.0 (10413893)|HEAP_ALLOCATE|[56]|Bytes:153
03:15:15.0 (10424279)|USER_DEBUG|[56]|DEBUG|wrapperObj => PatientWrapper:[goal=6000.0, heartRate=72.0, height=4.0, id=a012800000SBjJnAAL, name=Pallavi, patient_Id=P00002, steps=6000.0, weight=68.0]
03:15:15.0 (10429565)|STATEMENT_EXECUTE|[57]
03:15:15.0 (10440671)|SYSTEM_MODE_EXIT|false
03:15:15.10 (10479200)|CUMULATIVE_LIMIT_USAGE
03:15:15.10 (10479200)|LIMIT_USAGE_FOR_NS|(default)|
  Number of SOQL queries: 1 out of 100
  Number of query rows: 1 out of 50000
  Number of SOSL queries: 0 out of 20
  Number of DML statements: 0 out of 150
  Number of DML rows: 0 out of 10000
  Maximum CPU time: 0 out of 10000
  Maximum heap size: 0 out of 6000000
  Number of callouts: 0 out of 100
  Number of Email Invocations: 0 out of 10
  Number of future calls: 0 out of 50
  Number of queueable jobs added to the queue: 0 out of 50
  Number of Mobile Apex push calls: 0 out of 10

03:15:15.10 (10479200)|CUMULATIVE_LIMIT_USAGE_END

03:15:15.0 (10521089)|CODE_UNIT_FINISHED|PatientWrapperController.getPatientsById
03:15:15.0 (12488508)|CODE_UNIT_STARTED|[EXTERNAL]|Aura
03:15:15.0 (12540422)|CODE_UNIT_FINISHED|Aura
