36.0 APEX_CODE,FINEST;APEX_PROFILING,INFO;CALLOUT,INFO;DB,INFO;SYSTEM,DEBUG;VALIDATION,INFO;VISUALFORCE,INFO;WORKFLOW,INFO
02:33:40.0 (512102)|EXECUTION_STARTED
02:33:40.0 (543027)|CODE_UNIT_STARTED|[EXTERNAL]|aura
02:33:40.0 (1024741)|HEAP_ALLOCATE|[72]|Bytes:3
02:33:40.0 (1079422)|HEAP_ALLOCATE|[77]|Bytes:152
02:33:40.0 (1097892)|HEAP_ALLOCATE|[342]|Bytes:408
02:33:40.0 (1117764)|HEAP_ALLOCATE|[355]|Bytes:408
02:33:40.0 (1136207)|HEAP_ALLOCATE|[467]|Bytes:48
02:33:40.0 (1165435)|HEAP_ALLOCATE|[139]|Bytes:6
02:33:40.0 (1192498)|HEAP_ALLOCATE|[EXTERNAL]|Bytes:6
02:33:40.0 (1209577)|HEAP_ALLOCATE|[EXTERNAL]|Bytes:6
02:33:40.0 (2717933)|CODE_UNIT_STARTED|[EXTERNAL]|01p280000085nGQ|PatientWrapperController.getPatientsById
02:33:40.0 (3500916)|HEAP_ALLOCATE|[EXTERNAL]|Bytes:7
02:33:40.0 (3507635)|HEAP_ALLOCATE|[EXTERNAL]|Bytes:14
02:33:40.0 (3521626)|METHOD_ENTRY|[1]|01p280000085nGQ|PatientWrapperController.PatientWrapperController()
02:33:40.0 (3526003)|STATEMENT_EXECUTE|[1]
02:33:40.0 (3531699)|STATEMENT_EXECUTE|[1]
02:33:40.0 (3538058)|METHOD_EXIT|[1]|PatientWrapperController
02:33:40.0 (3542460)|HEAP_ALLOCATE|[EXTERNAL]|Bytes:6
02:33:40.0 (3552535)|SYSTEM_MODE_ENTER|false
02:33:40.0 (3564906)|VARIABLE_SCOPE_BEGIN|[36]|patientId|String|false|false
02:33:40.0 (3596007)|VARIABLE_ASSIGNMENT|[36]|patientId|"P00002"
02:33:40.0 (3606370)|STATEMENT_EXECUTE|[36]
02:33:40.0 (3608070)|STATEMENT_EXECUTE|[38]
02:33:40.0 (3611998)|HEAP_ALLOCATE|[38]|Bytes:185
02:33:40.0 (3618387)|VARIABLE_SCOPE_BEGIN|[38]|query|String|false|false
02:33:40.0 (3629193)|VARIABLE_ASSIGNMENT|[38]|query|"SELECT Patient_Id__c (165 more) ..."
02:33:40.0 (3631312)|STATEMENT_EXECUTE|[39]
02:33:40.0 (3664227)|HEAP_ALLOCATE|[50]|Bytes:5
02:33:40.0 (3687262)|HEAP_ALLOCATE|[56]|Bytes:5
02:33:40.0 (3695698)|HEAP_ALLOCATE|[64]|Bytes:7
02:33:40.0 (5146583)|SOQL_EXECUTE_BEGIN|[39]|Aggregations:0|SELECT Patient_Id__c, Full_Name__c, Gender__c, Steps_Completed__c, Goal__c, Height__c, Heart_Rate__c, Weight__c FROM Patient__c where Patient_Id__c = :patientId ORDER BY createdDate ASC
02:33:40.0 (23158467)|SOQL_EXECUTE_END|[39]|Rows:1
02:33:40.0 (23179959)|HEAP_ALLOCATE|[39]|Bytes:8
02:33:40.0 (23196754)|HEAP_ALLOCATE|[39]|Bytes:350
02:33:40.0 (23284439)|HEAP_ALLOCATE|[39]|Bytes:8
02:33:40.0 (23314952)|VARIABLE_SCOPE_BEGIN|[39]|patientList|List<Patient__c>|true|false
02:33:40.0 (23382073)|VARIABLE_ASSIGNMENT|[39]|patientList|{"s":1,"v":[{"s":2,"v":{"Patient_Id__c":"P00002","Full_Name__c":"Pallavi","Gender__c":"Female","Steps_Completed__c":6000,"Goal__c":6000,"Height__c":4.00,"Heart_Rate__c":72,"Weight__c":68.00,"Id":"a012800000SBjJnAAL"}}]}|0x537b0f1b
02:33:40.0 (23388548)|STATEMENT_EXECUTE|[40]
02:33:40.0 (23394897)|VARIABLE_SCOPE_BEGIN|[40]|wrapperObj|PatientWrapper|true|false
02:33:40.0 (23401684)|VARIABLE_ASSIGNMENT|[40]|wrapperObj|null|
02:33:40.0 (23404672)|STATEMENT_EXECUTE|[41]
02:33:40.0 (23409312)|HEAP_ALLOCATE|[41]|Bytes:15
02:33:40.0 (23526299)|HEAP_ALLOCATE|[41]|Bytes:188
02:33:40.0 (23547961)|HEAP_ALLOCATE|[41]|Bytes:203
02:33:40.0 (23574260)|USER_DEBUG|[41]|DEBUG|patientList => (Patient__c:{Patient_Id__c=P00002, Full_Name__c=Pallavi, Gender__c=Female, Steps_Completed__c=6000, Goal__c=6000, Height__c=4.00, Heart_Rate__c=72, Weight__c=68.00, Id=a012800000SBjJnAAL})
02:33:40.0 (23767950)|HEAP_ALLOCATE|[42]|Bytes:5
02:33:40.0 (23805351)|HEAP_ALLOCATE|[42]|Bytes:40
02:33:40.0 (23817635)|VARIABLE_SCOPE_BEGIN|[42]|patient|Patient__c|true|false
02:33:40.0 (23837909)|VARIABLE_ASSIGNMENT|[42]|patient|{"s":1,"v":{"Patient_Id__c":"P00002","Full_Name__c":"Pallavi","Gender__c":"Female","Steps_Completed__c":6000,"Goal__c":6000,"Height__c":4.00,"Heart_Rate__c":72,"Weight__c":68.00,"Id":"a012800000SBjJnAAL"}}|0x6acd3de4
02:33:40.0 (23841931)|STATEMENT_EXECUTE|[42]
02:33:40.0 (23843605)|STATEMENT_EXECUTE|[43]
02:33:40.0 (23859511)|METHOD_ENTRY|[1]|01p280000085nGG|PatientWrapper.PatientWrapper()
02:33:40.0 (23862921)|STATEMENT_EXECUTE|[1]
02:33:40.0 (23866846)|STATEMENT_EXECUTE|[1]
02:33:40.0 (23874455)|METHOD_EXIT|[1]|PatientWrapper
02:33:40.0 (23882016)|HEAP_ALLOCATE|[43]|Bytes:36
02:33:40.0 (23894867)|CONSTRUCTOR_ENTRY|[43]|01p280000085nGG|<init>()
02:33:40.0 (23919447)|VARIABLE_SCOPE_BEGIN|[1]|this|PatientWrapper|true|false
02:33:40.0 (23963673)|VARIABLE_ASSIGNMENT|[1]|this|{}|0x51bdc1e6
02:33:40.0 (23974489)|HEAP_ALLOCATE|[EXTERNAL]|Bytes:6
02:33:40.0 (23999296)|STATEMENT_EXECUTE|[1]
02:33:40.0 (24001352)|STATEMENT_EXECUTE|[3]
02:33:40.0 (24003590)|STATEMENT_EXECUTE|[6]
02:33:40.0 (24004883)|STATEMENT_EXECUTE|[9]
02:33:40.0 (24006060)|STATEMENT_EXECUTE|[12]
02:33:40.0 (24007329)|STATEMENT_EXECUTE|[15]
02:33:40.0 (24008459)|STATEMENT_EXECUTE|[18]
02:33:40.0 (24009579)|STATEMENT_EXECUTE|[21]
02:33:40.0 (24010712)|STATEMENT_EXECUTE|[24]
02:33:40.0 (24015638)|CONSTRUCTOR_EXIT|[43]|01p280000085nGG|<init>()
02:33:40.0 (24035011)|VARIABLE_ASSIGNMENT|[43]|wrapperObj|{}|0x51bdc1e6
02:33:40.0 (24038207)|STATEMENT_EXECUTE|[45]
02:33:40.0 (24072806)|HEAP_ALLOCATE|[45]|Bytes:18
02:33:40.0 (24088838)|VARIABLE_ASSIGNMENT|[45]|this.id|"a012800000SBjJnAAL"|0x51bdc1e6
02:33:40.0 (24091853)|STATEMENT_EXECUTE|[46]
02:33:40.0 (24115915)|VARIABLE_ASSIGNMENT|[46]|this.name|"Pallavi"|0x51bdc1e6
02:33:40.0 (24119432)|STATEMENT_EXECUTE|[47]
02:33:40.0 (24163994)|HEAP_ALLOCATE|[47]|Bytes:12
02:33:40.0 (24179089)|VARIABLE_ASSIGNMENT|[47]|this.steps|6000.0|0x51bdc1e6
02:33:40.0 (24181942)|STATEMENT_EXECUTE|[48]
02:33:40.0 (24202953)|HEAP_ALLOCATE|[48]|Bytes:12
02:33:40.0 (24213369)|VARIABLE_ASSIGNMENT|[48]|this.goal|6000.0|0x51bdc1e6
02:33:40.0 (24215862)|STATEMENT_EXECUTE|[49]
02:33:40.0 (24232859)|HEAP_ALLOCATE|[49]|Bytes:12
02:33:40.0 (24242674)|VARIABLE_ASSIGNMENT|[49]|this.heartRate|72.0|0x51bdc1e6
02:33:40.0 (24245086)|STATEMENT_EXECUTE|[50]
02:33:40.0 (24262008)|HEAP_ALLOCATE|[50]|Bytes:12
02:33:40.0 (24272169)|VARIABLE_ASSIGNMENT|[50]|this.height|4.0|0x51bdc1e6
02:33:40.0 (24274601)|STATEMENT_EXECUTE|[51]
02:33:40.0 (24291214)|HEAP_ALLOCATE|[51]|Bytes:12
02:33:40.0 (24301176)|VARIABLE_ASSIGNMENT|[51]|this.weight|68.0|0x51bdc1e6
02:33:40.0 (24303509)|STATEMENT_EXECUTE|[52]
02:33:40.0 (24324215)|VARIABLE_ASSIGNMENT|[52]|this.patient_Id|"P00002"|0x51bdc1e6
02:33:40.0 (24338560)|HEAP_ALLOCATE|[42]|Bytes:5
02:33:40.0 (24351046)|VARIABLE_ASSIGNMENT|[42]|patient|null|
02:33:40.0 (24354372)|STATEMENT_EXECUTE|[56]
02:33:40.0 (24357891)|HEAP_ALLOCATE|[56]|Bytes:14
02:33:40.0 (24415923)|HEAP_ALLOCATE|[56]|Bytes:139
02:33:40.0 (24430783)|HEAP_ALLOCATE|[56]|Bytes:153
02:33:40.0 (24441458)|USER_DEBUG|[56]|DEBUG|wrapperObj => PatientWrapper:[goal=6000.0, heartRate=72.0, height=4.0, id=a012800000SBjJnAAL, name=Pallavi, patient_Id=P00002, steps=6000.0, weight=68.0]
02:33:40.0 (24447285)|STATEMENT_EXECUTE|[57]
02:33:40.0 (24455004)|SYSTEM_MODE_EXIT|false
02:33:40.24 (24504843)|CUMULATIVE_LIMIT_USAGE
02:33:40.24 (24504843)|LIMIT_USAGE_FOR_NS|(default)|
  Number of SOQL queries: 1 out of 100
  Number of query rows: 1 out of 50000
  Number of SOSL queries: 0 out of 20
  Number of DML statements: 0 out of 150
  Number of DML rows: 0 out of 10000
  Maximum CPU time: 0 out of 10000
  Maximum heap size: 0 out of 6000000
  Number of callouts: 0 out of 100
  Number of Email Invocations: 0 out of 10
  Number of future calls: 0 out of 50
  Number of queueable jobs added to the queue: 0 out of 50
  Number of Mobile Apex push calls: 0 out of 10

02:33:40.24 (24504843)|CUMULATIVE_LIMIT_USAGE_END

02:33:40.0 (24558187)|CODE_UNIT_FINISHED|PatientWrapperController.getPatientsById
02:33:40.0 (26455893)|CODE_UNIT_STARTED|[EXTERNAL]|Aura
02:33:40.0 (26507010)|CODE_UNIT_FINISHED|Aura
02:33:40.0 (26727847)|HEAP_ALLOCATE|[EXTERNAL]|Bytes:6
02:33:40.0 (26745889)|HEAP_ALLOCATE|[EXTERNAL]|Bytes:6
02:33:40.0 (28016423)|CODE_UNIT_STARTED|[EXTERNAL]|01p280000085nGQ|PatientWrapperController.getPatientsById
02:33:40.0 (28052851)|HEAP_ALLOCATE|[EXTERNAL]|Bytes:6
02:33:40.0 (28060722)|SYSTEM_MODE_ENTER|false
02:33:40.0 (28066044)|VARIABLE_SCOPE_BEGIN|[36]|patientId|String|false|false
02:33:40.0 (28072984)|VARIABLE_ASSIGNMENT|[36]|patientId|"P00002"
02:33:40.0 (28079019)|STATEMENT_EXECUTE|[36]
02:33:40.0 (28080522)|STATEMENT_EXECUTE|[38]
02:33:40.0 (28084719)|VARIABLE_SCOPE_BEGIN|[38]|query|String|false|false
02:33:40.0 (28093645)|VARIABLE_ASSIGNMENT|[38]|query|"SELECT Patient_Id__c (165 more) ..."
02:33:40.0 (28095849)|STATEMENT_EXECUTE|[39]
02:33:40.0 (28328359)|SOQL_EXECUTE_BEGIN|[39]|Aggregations:0|SELECT Patient_Id__c, Full_Name__c, Gender__c, Steps_Completed__c, Goal__c, Height__c, Heart_Rate__c, Weight__c FROM Patient__c where Patient_Id__c = :patientId ORDER BY createdDate ASC
02:33:40.0 (31168236)|SOQL_EXECUTE_END|[39]|Rows:1
02:33:40.0 (31180229)|HEAP_ALLOCATE|[39]|Bytes:8
02:33:40.0 (31193083)|HEAP_ALLOCATE|[39]|Bytes:350
02:33:40.0 (31206660)|HEAP_ALLOCATE|[39]|Bytes:8
02:33:40.0 (31221033)|VARIABLE_SCOPE_BEGIN|[39]|patientList|List<Patient__c>|true|false
02:33:40.0 (31254781)|VARIABLE_ASSIGNMENT|[39]|patientList|{"s":1,"v":[{"s":2,"v":{"Patient_Id__c":"P00002","Full_Name__c":"Pallavi","Gender__c":"Female","Steps_Completed__c":6000,"Goal__c":6000,"Height__c":4.00,"Heart_Rate__c":72,"Weight__c":68.00,"Id":"a012800000SBjJnAAL"}}]}|0x5a3799f0
02:33:40.0 (31259290)|STATEMENT_EXECUTE|[40]
02:33:40.0 (31263681)|VARIABLE_SCOPE_BEGIN|[40]|wrapperObj|PatientWrapper|true|false
02:33:40.0 (31268927)|VARIABLE_ASSIGNMENT|[40]|wrapperObj|null|
02:33:40.0 (31270926)|STATEMENT_EXECUTE|[41]
02:33:40.0 (31336148)|HEAP_ALLOCATE|[41]|Bytes:188
02:33:40.0 (31351713)|HEAP_ALLOCATE|[41]|Bytes:203
02:33:40.0 (31377047)|USER_DEBUG|[41]|DEBUG|patientList => (Patient__c:{Patient_Id__c=P00002, Full_Name__c=Pallavi, Gender__c=Female, Steps_Completed__c=6000, Goal__c=6000, Height__c=4.00, Heart_Rate__c=72, Weight__c=68.00, Id=a012800000SBjJnAAL})
02:33:40.0 (31416909)|HEAP_ALLOCATE|[42]|Bytes:5
02:33:40.0 (31443271)|HEAP_ALLOCATE|[42]|Bytes:40
02:33:40.0 (31453364)|VARIABLE_SCOPE_BEGIN|[42]|patient|Patient__c|true|false
02:33:40.0 (31472803)|VARIABLE_ASSIGNMENT|[42]|patient|{"s":1,"v":{"Patient_Id__c":"P00002","Full_Name__c":"Pallavi","Gender__c":"Female","Steps_Completed__c":6000,"Goal__c":6000,"Height__c":4.00,"Heart_Rate__c":72,"Weight__c":68.00,"Id":"a012800000SBjJnAAL"}}|0x70c3dc3
02:33:40.0 (31476773)|STATEMENT_EXECUTE|[42]
02:33:40.0 (31478164)|STATEMENT_EXECUTE|[43]
02:33:40.0 (31482775)|HEAP_ALLOCATE|[43]|Bytes:36
02:33:40.0 (31490705)|CONSTRUCTOR_ENTRY|[43]|01p280000085nGG|<init>()
02:33:40.0 (31496553)|VARIABLE_SCOPE_BEGIN|[1]|this|PatientWrapper|true|false
02:33:40.0 (31521736)|VARIABLE_ASSIGNMENT|[1]|this|{}|0x6a43d0be
02:33:40.0 (31535206)|STATEMENT_EXECUTE|[1]
02:33:40.0 (31537001)|STATEMENT_EXECUTE|[3]
02:33:40.0 (31538211)|STATEMENT_EXECUTE|[6]
02:33:40.0 (31539259)|STATEMENT_EXECUTE|[9]
02:33:40.0 (31540287)|STATEMENT_EXECUTE|[12]
02:33:40.0 (31541553)|STATEMENT_EXECUTE|[15]
02:33:40.0 (31542594)|STATEMENT_EXECUTE|[18]
02:33:40.0 (31543612)|STATEMENT_EXECUTE|[21]
02:33:40.0 (31544895)|STATEMENT_EXECUTE|[24]
02:33:40.0 (31548968)|CONSTRUCTOR_EXIT|[43]|01p280000085nGG|<init>()
02:33:40.0 (31564895)|VARIABLE_ASSIGNMENT|[43]|wrapperObj|{}|0x6a43d0be
02:33:40.0 (31567764)|STATEMENT_EXECUTE|[45]
02:33:40.0 (31579521)|HEAP_ALLOCATE|[45]|Bytes:18
02:33:40.0 (31591003)|VARIABLE_ASSIGNMENT|[45]|this.id|"a012800000SBjJnAAL"|0x6a43d0be
02:33:40.0 (31593592)|STATEMENT_EXECUTE|[46]
02:33:40.0 (31602604)|VARIABLE_ASSIGNMENT|[46]|this.name|"Pallavi"|0x6a43d0be
02:33:40.0 (31604771)|STATEMENT_EXECUTE|[47]
02:33:40.0 (31615528)|HEAP_ALLOCATE|[47]|Bytes:12
02:33:40.0 (31624095)|VARIABLE_ASSIGNMENT|[47]|this.steps|6000.0|0x6a43d0be
02:33:40.0 (31626347)|STATEMENT_EXECUTE|[48]
02:33:40.0 (31633400)|HEAP_ALLOCATE|[48]|Bytes:12
02:33:40.0 (31640470)|VARIABLE_ASSIGNMENT|[48]|this.goal|6000.0|0x6a43d0be
02:33:40.0 (31642597)|STATEMENT_EXECUTE|[49]
02:33:40.0 (31648488)|HEAP_ALLOCATE|[49]|Bytes:12
02:33:40.0 (31655241)|VARIABLE_ASSIGNMENT|[49]|this.heartRate|72.0|0x6a43d0be
02:33:40.0 (31657285)|STATEMENT_EXECUTE|[50]
02:33:40.0 (31676456)|HEAP_ALLOCATE|[50]|Bytes:12
02:33:40.0 (31685574)|VARIABLE_ASSIGNMENT|[50]|this.height|4.0|0x6a43d0be
02:33:40.0 (31687961)|STATEMENT_EXECUTE|[51]
02:33:40.0 (31694462)|HEAP_ALLOCATE|[51]|Bytes:12
02:33:40.0 (31701589)|VARIABLE_ASSIGNMENT|[51]|this.weight|68.0|0x6a43d0be
02:33:40.0 (31703679)|STATEMENT_EXECUTE|[52]
02:33:40.0 (31711833)|VARIABLE_ASSIGNMENT|[52]|this.patient_Id|"P00002"|0x6a43d0be
02:33:40.0 (31724743)|HEAP_ALLOCATE|[42]|Bytes:5
02:33:40.0 (31736616)|VARIABLE_ASSIGNMENT|[42]|patient|null|
02:33:40.0 (31739638)|STATEMENT_EXECUTE|[56]
02:33:40.0 (31775024)|HEAP_ALLOCATE|[56]|Bytes:139
02:33:40.0 (31787820)|HEAP_ALLOCATE|[56]|Bytes:153
02:33:40.0 (31796614)|USER_DEBUG|[56]|DEBUG|wrapperObj => PatientWrapper:[goal=6000.0, heartRate=72.0, height=4.0, id=a012800000SBjJnAAL, name=Pallavi, patient_Id=P00002, steps=6000.0, weight=68.0]
02:33:40.0 (31802301)|STATEMENT_EXECUTE|[57]
02:33:40.0 (31808848)|SYSTEM_MODE_EXIT|false
02:33:40.31 (31838976)|CUMULATIVE_LIMIT_USAGE
02:33:40.31 (31838976)|LIMIT_USAGE_FOR_NS|(default)|
  Number of SOQL queries: 2 out of 100
  Number of query rows: 2 out of 50000
  Number of SOSL queries: 0 out of 20
  Number of DML statements: 0 out of 150
  Number of DML rows: 0 out of 10000
  Maximum CPU time: 0 out of 10000
  Maximum heap size: 0 out of 6000000
  Number of callouts: 0 out of 100
  Number of Email Invocations: 0 out of 10
  Number of future calls: 0 out of 50
  Number of queueable jobs added to the queue: 0 out of 50
  Number of Mobile Apex push calls: 0 out of 10

02:33:40.31 (31838976)|CUMULATIVE_LIMIT_USAGE_END

02:33:40.0 (31876833)|CODE_UNIT_FINISHED|PatientWrapperController.getPatientsById
02:33:40.0 (33648600)|CODE_UNIT_STARTED|[EXTERNAL]|Aura
02:33:40.0 (33694217)|CODE_UNIT_FINISHED|Aura
