36.0 APEX_CODE,FINEST;APEX_PROFILING,INFO;CALLOUT,INFO;DB,INFO;SYSTEM,DEBUG;VALIDATION,INFO;VISUALFORCE,INFO;WORKFLOW,INFO
02:59:45.0 (594816)|EXECUTION_STARTED
02:59:45.0 (626369)|CODE_UNIT_STARTED|[EXTERNAL]|01p28000007YwEc|LightningLoginFormController.getIsUsernamePasswordEnabled
02:59:45.0 (1346950)|HEAP_ALLOCATE|[72]|Bytes:3
02:59:45.0 (1387144)|HEAP_ALLOCATE|[77]|Bytes:152
02:59:45.0 (1401322)|HEAP_ALLOCATE|[342]|Bytes:408
02:59:45.0 (1418282)|HEAP_ALLOCATE|[355]|Bytes:408
02:59:45.0 (1434142)|HEAP_ALLOCATE|[467]|Bytes:48
02:59:45.0 (1464142)|HEAP_ALLOCATE|[139]|Bytes:6
02:59:45.0 (1484745)|HEAP_ALLOCATE|[EXTERNAL]|Bytes:18
02:59:45.0 (1503545)|METHOD_ENTRY|[1]|01p28000007YwEc|LightningLoginFormController.LightningLoginFormController()
02:59:45.0 (1508152)|STATEMENT_EXECUTE|[1]
02:59:45.0 (1513656)|STATEMENT_EXECUTE|[1]
02:59:45.0 (1520088)|METHOD_EXIT|[1]|LightningLoginFormController
02:59:45.0 (1532713)|SYSTEM_MODE_ENTER|false
02:59:45.0 (1546031)|STATEMENT_EXECUTE|[20]
02:59:45.0 (1547768)|STATEMENT_EXECUTE|[21]
02:59:45.0 (1563233)|METHOD_ENTRY|[21]|01p28000007YwEc|LightningLoginFormController.getAuthConfig()
02:59:45.0 (1620178)|VARIABLE_SCOPE_BEGIN|[22]|AuthConfiguration.delegate|java:common.i18n.LabelWorkbenchMethods|true|true
02:59:45.0 (1656685)|STATEMENT_EXECUTE|[46]
02:59:45.0 (1658790)|STATEMENT_EXECUTE|[47]
02:59:45.0 (1691601)|HEAP_ALLOCATE|[47]|Bytes:24
02:59:45.0 (1719006)|SYSTEM_METHOD_ENTRY|[1]|Network.Network()
02:59:45.0 (1722355)|STATEMENT_EXECUTE|[1]
02:59:45.0 (1731759)|SYSTEM_METHOD_EXIT|[1]|Network
02:59:45.0 (1743926)|METHOD_ENTRY|[47]||System.Network.getNetworkId()
02:59:45.0 (1841301)|METHOD_EXIT|[47]||System.Network.getNetworkId()
02:59:45.0 (1859877)|HEAP_ALLOCATE|[47]|Bytes:4
02:59:45.0 (1868482)|VARIABLE_SCOPE_BEGIN|[47]|networkId|Id|false|false
02:59:45.0 (2045708)|VARIABLE_ASSIGNMENT|[47]|networkId|"0DB28000000ZeTiGAK"
02:59:45.0 (2051574)|STATEMENT_EXECUTE|[48]
02:59:45.0 (2058549)|HEAP_ALLOCATE|[48]|Bytes:75
02:59:45.0 (2078634)|SYSTEM_METHOD_ENTRY|[1]|AuthConfiguration.AuthConfiguration()
02:59:45.0 (2081458)|STATEMENT_EXECUTE|[1]
02:59:45.0 (19186505)|SYSTEM_METHOD_EXIT|[1]|AuthConfiguration
02:59:45.0 (19209304)|HEAP_ALLOCATE|[48]|Bytes:68
02:59:45.0 (19246850)|CONSTRUCTOR_ENTRY|[48]||<init>(Id,String)
02:59:45.0 (304417784)|VARIABLE_SCOPE_BEGIN|[48]|authConfig|Auth.AuthConfiguration|true|false
02:59:45.0 (304501201)|VARIABLE_ASSIGNMENT|[48]|authConfig|{"backgroundColor":"#B1BAC1","baseUrl":"https://eternusrnd-d (23 more) ...","communityUrl":"https://eternusrnd-d (24 more) ...","isCommunity":true,"logoUrl":"https://eternusrnd-d (39 more) ...","networkId":"0DB28000000ZeTiGAK","startUrl":"","urlPathPrefix":""}|0x37932bde
02:59:45.0 (304508730)|STATEMENT_EXECUTE|[49]
02:59:45.0 (304523818)|METHOD_EXIT|[21]|01p28000007YwEc|LightningLoginFormController.getAuthConfig()
02:59:45.0 (304529772)|VARIABLE_SCOPE_BEGIN|[21]|authConfig|Auth.AuthConfiguration|true|false
02:59:45.0 (304562943)|VARIABLE_ASSIGNMENT|[21]|authConfig|{"backgroundColor":"#B1BAC1","baseUrl":"https://eternusrnd-d (23 more) ...","communityUrl":"https://eternusrnd-d (24 more) ...","isCommunity":true,"logoUrl":"https://eternusrnd-d (39 more) ...","networkId":"0DB28000000ZeTiGAK","startUrl":"","urlPathPrefix":""}|0x37932bde
02:59:45.0 (304569149)|STATEMENT_EXECUTE|[22]
02:59:45.0 (304593563)|METHOD_ENTRY|[22]||Auth.AuthConfiguration.getUsernamePasswordEnabled()
02:59:45.0 (310218075)|METHOD_EXIT|[22]||Auth.AuthConfiguration.getUsernamePasswordEnabled()
02:59:45.0 (310243451)|SYSTEM_MODE_EXIT|false
02:59:45.310 (310312336)|CUMULATIVE_LIMIT_USAGE
02:59:45.310 (310312336)|LIMIT_USAGE_FOR_NS|(default)|
  Number of SOQL queries: 0 out of 100
  Number of query rows: 0 out of 50000
  Number of SOSL queries: 0 out of 20
  Number of DML statements: 0 out of 150
  Number of DML rows: 0 out of 10000
  Maximum CPU time: 0 out of 10000
  Maximum heap size: 0 out of 6000000
  Number of callouts: 0 out of 100
  Number of Email Invocations: 0 out of 10
  Number of future calls: 0 out of 50
  Number of queueable jobs added to the queue: 0 out of 50
  Number of Mobile Apex push calls: 0 out of 10

02:59:45.310 (310312336)|CUMULATIVE_LIMIT_USAGE_END

02:59:45.0 (310411577)|CODE_UNIT_FINISHED|LightningLoginFormController.getIsUsernamePasswordEnabled
02:59:45.0 (312811522)|EXECUTION_FINISHED
02:59:45.315 (315840769)|EXECUTION_STARTED
02:59:45.315 (315861281)|CODE_UNIT_STARTED|[EXTERNAL]|01p28000007YwEc|LightningLoginFormController.getIsSelfRegistrationEnabled
02:59:45.315 (315925186)|SYSTEM_MODE_ENTER|false
02:59:45.315 (315937736)|STATEMENT_EXECUTE|[26]
02:59:45.315 (315940527)|STATEMENT_EXECUTE|[27]
02:59:45.315 (315953232)|METHOD_ENTRY|[27]|01p28000007YwEc|LightningLoginFormController.getAuthConfig()
02:59:45.315 (315974527)|STATEMENT_EXECUTE|[46]
02:59:45.315 (315976366)|STATEMENT_EXECUTE|[47]
02:59:45.315 (315984068)|METHOD_ENTRY|[47]||System.Network.getNetworkId()
02:59:45.315 (316013205)|METHOD_EXIT|[47]||System.Network.getNetworkId()
02:59:45.315 (316023965)|HEAP_ALLOCATE|[47]|Bytes:4
02:59:45.315 (316034008)|VARIABLE_SCOPE_BEGIN|[47]|networkId|Id|false|false
02:59:45.315 (316162184)|VARIABLE_ASSIGNMENT|[47]|networkId|"0DB28000000ZeTiGAK"
02:59:45.315 (316167472)|STATEMENT_EXECUTE|[48]
02:59:45.315 (316174971)|HEAP_ALLOCATE|[48]|Bytes:68
02:59:45.315 (316197022)|CONSTRUCTOR_ENTRY|[48]||<init>(Id,String)
02:59:45.315 (343936010)|VARIABLE_SCOPE_BEGIN|[48]|authConfig|Auth.AuthConfiguration|true|false
02:59:45.315 (344028719)|VARIABLE_ASSIGNMENT|[48]|authConfig|{"backgroundColor":"#B1BAC1","baseUrl":"https://eternusrnd-d (23 more) ...","communityUrl":"https://eternusrnd-d (24 more) ...","isCommunity":true,"logoUrl":"https://eternusrnd-d (39 more) ...","networkId":"0DB28000000ZeTiGAK","startUrl":"","urlPathPrefix":""}|0xb0c9aee
02:59:45.315 (344040276)|STATEMENT_EXECUTE|[49]
02:59:45.315 (344054117)|METHOD_EXIT|[27]|01p28000007YwEc|LightningLoginFormController.getAuthConfig()
02:59:45.315 (344061988)|VARIABLE_SCOPE_BEGIN|[27]|authConfig|Auth.AuthConfiguration|true|false
02:59:45.315 (344100881)|VARIABLE_ASSIGNMENT|[27]|authConfig|{"backgroundColor":"#B1BAC1","baseUrl":"https://eternusrnd-d (23 more) ...","communityUrl":"https://eternusrnd-d (24 more) ...","isCommunity":true,"logoUrl":"https://eternusrnd-d (39 more) ...","networkId":"0DB28000000ZeTiGAK","startUrl":"","urlPathPrefix":""}|0xb0c9aee
02:59:45.315 (344107160)|STATEMENT_EXECUTE|[28]
02:59:45.315 (344131046)|METHOD_ENTRY|[28]||Auth.AuthConfiguration.getSelfRegistrationEnabled()
02:59:45.315 (344233450)|METHOD_EXIT|[28]||Auth.AuthConfiguration.getSelfRegistrationEnabled()
02:59:45.315 (344242035)|HEAP_ALLOCATE|[28]|Bytes:5
02:59:45.315 (344262572)|SYSTEM_MODE_EXIT|false
02:59:45.344 (344315077)|CUMULATIVE_LIMIT_USAGE
02:59:45.344 (344315077)|LIMIT_USAGE_FOR_NS|(default)|
  Number of SOQL queries: 0 out of 100
  Number of query rows: 0 out of 50000
  Number of SOSL queries: 0 out of 20
  Number of DML statements: 0 out of 150
  Number of DML rows: 0 out of 10000
  Maximum CPU time: 0 out of 10000
  Maximum heap size: 0 out of 6000000
  Number of callouts: 0 out of 100
  Number of Email Invocations: 0 out of 10
  Number of future calls: 0 out of 50
  Number of queueable jobs added to the queue: 0 out of 50
  Number of Mobile Apex push calls: 0 out of 10

02:59:45.344 (344315077)|CUMULATIVE_LIMIT_USAGE_END

02:59:45.315 (344402715)|CODE_UNIT_FINISHED|LightningLoginFormController.getIsSelfRegistrationEnabled
02:59:45.315 (346941450)|EXECUTION_FINISHED
02:59:45.348 (348516923)|EXECUTION_STARTED
02:59:45.348 (348531413)|CODE_UNIT_STARTED|[EXTERNAL]|01p28000007YwEc|LightningLoginFormController.getForgotPasswordUrl
02:59:45.348 (348600644)|SYSTEM_MODE_ENTER|false
02:59:45.348 (348614657)|STATEMENT_EXECUTE|[41]
02:59:45.348 (348617482)|STATEMENT_EXECUTE|[42]
02:59:45.348 (348631542)|METHOD_ENTRY|[42]|01p28000007YwEc|LightningLoginFormController.getAuthConfig()
02:59:45.348 (348651416)|STATEMENT_EXECUTE|[46]
02:59:45.348 (348653172)|STATEMENT_EXECUTE|[47]
02:59:45.348 (348660645)|METHOD_ENTRY|[47]||System.Network.getNetworkId()
02:59:45.348 (348689876)|METHOD_EXIT|[47]||System.Network.getNetworkId()
02:59:45.348 (348699705)|HEAP_ALLOCATE|[47]|Bytes:4
02:59:45.348 (348709401)|VARIABLE_SCOPE_BEGIN|[47]|networkId|Id|false|false
02:59:45.348 (348843257)|VARIABLE_ASSIGNMENT|[47]|networkId|"0DB28000000ZeTiGAK"
02:59:45.348 (348848656)|STATEMENT_EXECUTE|[48]
02:59:45.348 (348858856)|HEAP_ALLOCATE|[48]|Bytes:68
02:59:45.348 (348880925)|CONSTRUCTOR_ENTRY|[48]||<init>(Id,String)
02:59:45.348 (363024949)|VARIABLE_SCOPE_BEGIN|[48]|authConfig|Auth.AuthConfiguration|true|false
02:59:45.348 (363101700)|VARIABLE_ASSIGNMENT|[48]|authConfig|{"backgroundColor":"#B1BAC1","baseUrl":"https://eternusrnd-d (23 more) ...","communityUrl":"https://eternusrnd-d (24 more) ...","isCommunity":true,"logoUrl":"https://eternusrnd-d (39 more) ...","networkId":"0DB28000000ZeTiGAK","startUrl":"","urlPathPrefix":""}|0x8d926c2
02:59:45.348 (363110230)|STATEMENT_EXECUTE|[49]
02:59:45.348 (363121547)|METHOD_EXIT|[42]|01p28000007YwEc|LightningLoginFormController.getAuthConfig()
02:59:45.348 (363127502)|VARIABLE_SCOPE_BEGIN|[42]|authConfig|Auth.AuthConfiguration|true|false
02:59:45.348 (363154163)|VARIABLE_ASSIGNMENT|[42]|authConfig|{"backgroundColor":"#B1BAC1","baseUrl":"https://eternusrnd-d (23 more) ...","communityUrl":"https://eternusrnd-d (24 more) ...","isCommunity":true,"logoUrl":"https://eternusrnd-d (39 more) ...","networkId":"0DB28000000ZeTiGAK","startUrl":"","urlPathPrefix":""}|0x8d926c2
02:59:45.348 (363158310)|STATEMENT_EXECUTE|[43]
02:59:45.348 (363195565)|METHOD_ENTRY|[43]||Auth.AuthConfiguration.getForgotPasswordUrl()
02:59:45.348 (368236627)|METHOD_EXIT|[43]||Auth.AuthConfiguration.getForgotPasswordUrl()
02:59:45.348 (368272841)|SYSTEM_MODE_EXIT|false
02:59:45.368 (368339277)|CUMULATIVE_LIMIT_USAGE
02:59:45.368 (368339277)|LIMIT_USAGE_FOR_NS|(default)|
  Number of SOQL queries: 0 out of 100
  Number of query rows: 0 out of 50000
  Number of SOSL queries: 0 out of 20
  Number of DML statements: 0 out of 150
  Number of DML rows: 0 out of 10000
  Maximum CPU time: 0 out of 10000
  Maximum heap size: 0 out of 6000000
  Number of callouts: 0 out of 100
  Number of Email Invocations: 0 out of 10
  Number of future calls: 0 out of 50
  Number of queueable jobs added to the queue: 0 out of 50
  Number of Mobile Apex push calls: 0 out of 10

02:59:45.368 (368339277)|CUMULATIVE_LIMIT_USAGE_END

02:59:45.348 (368421112)|CODE_UNIT_FINISHED|LightningLoginFormController.getForgotPasswordUrl
02:59:45.348 (370583694)|EXECUTION_FINISHED
02:59:45.371 (371960741)|EXECUTION_STARTED
02:59:45.371 (371974346)|CODE_UNIT_STARTED|[EXTERNAL]|01p28000007YwEc|LightningLoginFormController.getSelfRegistrationUrl
02:59:45.371 (372048245)|SYSTEM_MODE_ENTER|false
02:59:45.371 (372061784)|STATEMENT_EXECUTE|[32]
02:59:45.371 (372064516)|STATEMENT_EXECUTE|[33]
02:59:45.371 (372076692)|METHOD_ENTRY|[33]|01p28000007YwEc|LightningLoginFormController.getAuthConfig()
02:59:45.371 (372096054)|STATEMENT_EXECUTE|[46]
02:59:45.371 (372097750)|STATEMENT_EXECUTE|[47]
02:59:45.371 (372105536)|METHOD_ENTRY|[47]||System.Network.getNetworkId()
02:59:45.371 (372132911)|METHOD_EXIT|[47]||System.Network.getNetworkId()
02:59:45.371 (372143225)|HEAP_ALLOCATE|[47]|Bytes:4
02:59:45.371 (372153076)|VARIABLE_SCOPE_BEGIN|[47]|networkId|Id|false|false
02:59:45.371 (372288663)|VARIABLE_ASSIGNMENT|[47]|networkId|"0DB28000000ZeTiGAK"
02:59:45.371 (372294170)|STATEMENT_EXECUTE|[48]
02:59:45.371 (372305287)|HEAP_ALLOCATE|[48]|Bytes:68
02:59:45.371 (372327296)|CONSTRUCTOR_ENTRY|[48]||<init>(Id,String)
02:59:45.371 (385797870)|VARIABLE_SCOPE_BEGIN|[48]|authConfig|Auth.AuthConfiguration|true|false
02:59:45.371 (385871378)|VARIABLE_ASSIGNMENT|[48]|authConfig|{"backgroundColor":"#B1BAC1","baseUrl":"https://eternusrnd-d (23 more) ...","communityUrl":"https://eternusrnd-d (24 more) ...","isCommunity":true,"logoUrl":"https://eternusrnd-d (39 more) ...","networkId":"0DB28000000ZeTiGAK","startUrl":"","urlPathPrefix":""}|0x457c8629
02:59:45.371 (385878870)|STATEMENT_EXECUTE|[49]
02:59:45.371 (385890189)|METHOD_EXIT|[33]|01p28000007YwEc|LightningLoginFormController.getAuthConfig()
02:59:45.371 (385895764)|VARIABLE_SCOPE_BEGIN|[33]|authConfig|Auth.AuthConfiguration|true|false
02:59:45.371 (385921602)|VARIABLE_ASSIGNMENT|[33]|authConfig|{"backgroundColor":"#B1BAC1","baseUrl":"https://eternusrnd-d (23 more) ...","communityUrl":"https://eternusrnd-d (24 more) ...","isCommunity":true,"logoUrl":"https://eternusrnd-d (39 more) ...","networkId":"0DB28000000ZeTiGAK","startUrl":"","urlPathPrefix":""}|0x457c8629
02:59:45.371 (385941447)|METHOD_ENTRY|[34]||Auth.AuthConfiguration.getSelfRegistrationEnabled()
02:59:45.371 (386007258)|METHOD_EXIT|[34]||Auth.AuthConfiguration.getSelfRegistrationEnabled()
02:59:45.371 (386012727)|STATEMENT_EXECUTE|[34]
02:59:45.371 (386014465)|STATEMENT_EXECUTE|[37]
02:59:45.371 (386027500)|SYSTEM_MODE_EXIT|false
02:59:45.386 (386069188)|CUMULATIVE_LIMIT_USAGE
02:59:45.386 (386069188)|LIMIT_USAGE_FOR_NS|(default)|
  Number of SOQL queries: 0 out of 100
  Number of query rows: 0 out of 50000
  Number of SOSL queries: 0 out of 20
  Number of DML statements: 0 out of 150
  Number of DML rows: 0 out of 10000
  Maximum CPU time: 0 out of 10000
  Maximum heap size: 0 out of 6000000
  Number of callouts: 0 out of 100
  Number of Email Invocations: 0 out of 10
  Number of future calls: 0 out of 50
  Number of queueable jobs added to the queue: 0 out of 50
  Number of Mobile Apex push calls: 0 out of 10

02:59:45.386 (386069188)|CUMULATIVE_LIMIT_USAGE_END

02:59:45.371 (386126336)|CODE_UNIT_FINISHED|LightningLoginFormController.getSelfRegistrationUrl
02:59:45.371 (388273526)|EXECUTION_FINISHED
