36.0 APEX_CODE,FINEST;APEX_PROFILING,INFO;CALLOUT,INFO;DB,INFO;SYSTEM,DEBUG;VALIDATION,INFO;VISUALFORCE,INFO;WORKFLOW,INFO
02:59:14.0 (683531)|EXECUTION_STARTED
02:59:14.0 (733467)|CODE_UNIT_STARTED|[EXTERNAL]|01p28000007YwEc|LightningLoginFormController.getIsUsernamePasswordEnabled
02:59:14.0 (1614055)|HEAP_ALLOCATE|[72]|Bytes:3
02:59:14.0 (1645357)|HEAP_ALLOCATE|[77]|Bytes:152
02:59:14.0 (1656133)|HEAP_ALLOCATE|[342]|Bytes:408
02:59:14.0 (1670024)|HEAP_ALLOCATE|[355]|Bytes:408
02:59:14.0 (1683941)|HEAP_ALLOCATE|[467]|Bytes:48
02:59:14.0 (1706700)|HEAP_ALLOCATE|[139]|Bytes:6
02:59:14.0 (1721401)|HEAP_ALLOCATE|[EXTERNAL]|Bytes:18
02:59:14.0 (1740153)|METHOD_ENTRY|[1]|01p28000007YwEc|LightningLoginFormController.LightningLoginFormController()
02:59:14.0 (1744589)|STATEMENT_EXECUTE|[1]
02:59:14.0 (1750253)|STATEMENT_EXECUTE|[1]
02:59:14.0 (1756630)|METHOD_EXIT|[1]|LightningLoginFormController
02:59:14.0 (1771081)|SYSTEM_MODE_ENTER|false
02:59:14.0 (1782734)|STATEMENT_EXECUTE|[20]
02:59:14.0 (1784561)|STATEMENT_EXECUTE|[21]
02:59:14.0 (1800186)|METHOD_ENTRY|[21]|01p28000007YwEc|LightningLoginFormController.getAuthConfig()
02:59:14.0 (1847509)|VARIABLE_SCOPE_BEGIN|[22]|AuthConfiguration.delegate|java:common.i18n.LabelWorkbenchMethods|true|true
02:59:14.0 (1868095)|STATEMENT_EXECUTE|[46]
02:59:14.0 (1869857)|STATEMENT_EXECUTE|[47]
02:59:14.0 (1899181)|HEAP_ALLOCATE|[47]|Bytes:24
02:59:14.0 (1925198)|SYSTEM_METHOD_ENTRY|[1]|Network.Network()
02:59:14.0 (1928288)|STATEMENT_EXECUTE|[1]
02:59:14.0 (1937330)|SYSTEM_METHOD_EXIT|[1]|Network
02:59:14.0 (1954469)|METHOD_ENTRY|[47]||System.Network.getNetworkId()
02:59:14.0 (2034954)|METHOD_EXIT|[47]||System.Network.getNetworkId()
02:59:14.0 (2056893)|HEAP_ALLOCATE|[47]|Bytes:4
02:59:14.0 (2065476)|VARIABLE_SCOPE_BEGIN|[47]|networkId|Id|false|false
02:59:14.0 (2241310)|VARIABLE_ASSIGNMENT|[47]|networkId|"0DB28000000ZeTiGAK"
02:59:14.0 (2246203)|STATEMENT_EXECUTE|[48]
02:59:14.0 (2252720)|HEAP_ALLOCATE|[48]|Bytes:75
02:59:14.0 (2270331)|SYSTEM_METHOD_ENTRY|[1]|AuthConfiguration.AuthConfiguration()
02:59:14.0 (2273113)|STATEMENT_EXECUTE|[1]
02:59:14.0 (18734296)|SYSTEM_METHOD_EXIT|[1]|AuthConfiguration
02:59:14.0 (18751535)|HEAP_ALLOCATE|[48]|Bytes:68
02:59:14.0 (18778274)|CONSTRUCTOR_ENTRY|[48]||<init>(Id,String)
02:59:14.0 (33126618)|VARIABLE_SCOPE_BEGIN|[48]|authConfig|Auth.AuthConfiguration|true|false
02:59:14.0 (33194912)|VARIABLE_ASSIGNMENT|[48]|authConfig|{"backgroundColor":"#B1BAC1","baseUrl":"https://eternusrnd-d (23 more) ...","communityUrl":"https://eternusrnd-d (24 more) ...","isCommunity":true,"logoUrl":"https://eternusrnd-d (39 more) ...","networkId":"0DB28000000ZeTiGAK","startUrl":"","urlPathPrefix":""}|0x70a6015
02:59:14.0 (33200948)|STATEMENT_EXECUTE|[49]
02:59:14.0 (33210271)|METHOD_EXIT|[21]|01p28000007YwEc|LightningLoginFormController.getAuthConfig()
02:59:14.0 (33215259)|VARIABLE_SCOPE_BEGIN|[21]|authConfig|Auth.AuthConfiguration|true|false
02:59:14.0 (33241798)|VARIABLE_ASSIGNMENT|[21]|authConfig|{"backgroundColor":"#B1BAC1","baseUrl":"https://eternusrnd-d (23 more) ...","communityUrl":"https://eternusrnd-d (24 more) ...","isCommunity":true,"logoUrl":"https://eternusrnd-d (39 more) ...","networkId":"0DB28000000ZeTiGAK","startUrl":"","urlPathPrefix":""}|0x70a6015
02:59:14.0 (33245352)|STATEMENT_EXECUTE|[22]
02:59:14.0 (33256375)|METHOD_ENTRY|[22]||Auth.AuthConfiguration.getUsernamePasswordEnabled()
02:59:14.0 (38562622)|METHOD_EXIT|[22]||Auth.AuthConfiguration.getUsernamePasswordEnabled()
02:59:14.0 (38578370)|SYSTEM_MODE_EXIT|false
02:59:14.38 (38622180)|CUMULATIVE_LIMIT_USAGE
02:59:14.38 (38622180)|LIMIT_USAGE_FOR_NS|(default)|
  Number of SOQL queries: 0 out of 100
  Number of query rows: 0 out of 50000
  Number of SOSL queries: 0 out of 20
  Number of DML statements: 0 out of 150
  Number of DML rows: 0 out of 10000
  Maximum CPU time: 0 out of 10000
  Maximum heap size: 0 out of 6000000
  Number of callouts: 0 out of 100
  Number of Email Invocations: 0 out of 10
  Number of future calls: 0 out of 50
  Number of queueable jobs added to the queue: 0 out of 50
  Number of Mobile Apex push calls: 0 out of 10

02:59:14.38 (38622180)|CUMULATIVE_LIMIT_USAGE_END

02:59:14.0 (38666413)|CODE_UNIT_FINISHED|LightningLoginFormController.getIsUsernamePasswordEnabled
02:59:14.0 (40593279)|EXECUTION_FINISHED
02:59:14.44 (44153965)|EXECUTION_STARTED
02:59:14.44 (44164032)|CODE_UNIT_STARTED|[EXTERNAL]|01p28000007YwEc|LightningLoginFormController.getIsSelfRegistrationEnabled
02:59:14.44 (44216550)|SYSTEM_MODE_ENTER|false
02:59:14.44 (44227023)|STATEMENT_EXECUTE|[26]
02:59:14.44 (44229798)|STATEMENT_EXECUTE|[27]
02:59:14.44 (44237998)|METHOD_ENTRY|[27]|01p28000007YwEc|LightningLoginFormController.getAuthConfig()
02:59:14.44 (44253763)|STATEMENT_EXECUTE|[46]
02:59:14.44 (44255502)|STATEMENT_EXECUTE|[47]
02:59:14.44 (44262091)|METHOD_ENTRY|[47]||System.Network.getNetworkId()
02:59:14.44 (44283295)|METHOD_EXIT|[47]||System.Network.getNetworkId()
02:59:14.44 (44292639)|HEAP_ALLOCATE|[47]|Bytes:4
02:59:14.44 (44300330)|VARIABLE_SCOPE_BEGIN|[47]|networkId|Id|false|false
02:59:14.44 (44410808)|VARIABLE_ASSIGNMENT|[47]|networkId|"0DB28000000ZeTiGAK"
02:59:14.44 (44415532)|STATEMENT_EXECUTE|[48]
02:59:14.44 (44421888)|HEAP_ALLOCATE|[48]|Bytes:68
02:59:14.44 (44438490)|CONSTRUCTOR_ENTRY|[48]||<init>(Id,String)
02:59:14.44 (55558788)|VARIABLE_SCOPE_BEGIN|[48]|authConfig|Auth.AuthConfiguration|true|false
02:59:14.44 (55608498)|VARIABLE_ASSIGNMENT|[48]|authConfig|{"backgroundColor":"#B1BAC1","baseUrl":"https://eternusrnd-d (23 more) ...","communityUrl":"https://eternusrnd-d (24 more) ...","isCommunity":true,"logoUrl":"https://eternusrnd-d (39 more) ...","networkId":"0DB28000000ZeTiGAK","startUrl":"","urlPathPrefix":""}|0x763cbafb
02:59:14.44 (55613930)|STATEMENT_EXECUTE|[49]
02:59:14.44 (55621156)|METHOD_EXIT|[27]|01p28000007YwEc|LightningLoginFormController.getAuthConfig()
02:59:14.44 (55642578)|VARIABLE_SCOPE_BEGIN|[27]|authConfig|Auth.AuthConfiguration|true|false
02:59:14.44 (55682128)|VARIABLE_ASSIGNMENT|[27]|authConfig|{"backgroundColor":"#B1BAC1","baseUrl":"https://eternusrnd-d (23 more) ...","communityUrl":"https://eternusrnd-d (24 more) ...","isCommunity":true,"logoUrl":"https://eternusrnd-d (39 more) ...","networkId":"0DB28000000ZeTiGAK","startUrl":"","urlPathPrefix":""}|0x763cbafb
02:59:14.44 (55686757)|STATEMENT_EXECUTE|[28]
02:59:14.44 (55700951)|METHOD_ENTRY|[28]||Auth.AuthConfiguration.getSelfRegistrationEnabled()
02:59:14.44 (55754933)|METHOD_EXIT|[28]||Auth.AuthConfiguration.getSelfRegistrationEnabled()
02:59:14.44 (55761455)|HEAP_ALLOCATE|[28]|Bytes:5
02:59:14.44 (55774194)|SYSTEM_MODE_EXIT|false
02:59:14.55 (55804630)|CUMULATIVE_LIMIT_USAGE
02:59:14.55 (55804630)|LIMIT_USAGE_FOR_NS|(default)|
  Number of SOQL queries: 0 out of 100
  Number of query rows: 0 out of 50000
  Number of SOSL queries: 0 out of 20
  Number of DML statements: 0 out of 150
  Number of DML rows: 0 out of 10000
  Maximum CPU time: 0 out of 10000
  Maximum heap size: 0 out of 6000000
  Number of callouts: 0 out of 100
  Number of Email Invocations: 0 out of 10
  Number of future calls: 0 out of 50
  Number of queueable jobs added to the queue: 0 out of 50
  Number of Mobile Apex push calls: 0 out of 10

02:59:14.55 (55804630)|CUMULATIVE_LIMIT_USAGE_END

02:59:14.44 (55837063)|CODE_UNIT_FINISHED|LightningLoginFormController.getIsSelfRegistrationEnabled
02:59:14.44 (57641346)|EXECUTION_FINISHED
02:59:14.58 (58866933)|EXECUTION_STARTED
02:59:14.58 (58874292)|CODE_UNIT_STARTED|[EXTERNAL]|01p28000007YwEc|LightningLoginFormController.getForgotPasswordUrl
02:59:14.58 (58923370)|SYSTEM_MODE_ENTER|false
02:59:14.58 (58932176)|STATEMENT_EXECUTE|[41]
02:59:14.58 (58934094)|STATEMENT_EXECUTE|[42]
02:59:14.58 (58941786)|METHOD_ENTRY|[42]|01p28000007YwEc|LightningLoginFormController.getAuthConfig()
02:59:14.58 (58955283)|STATEMENT_EXECUTE|[46]
02:59:14.58 (58956773)|STATEMENT_EXECUTE|[47]
02:59:14.58 (58961378)|METHOD_ENTRY|[47]||System.Network.getNetworkId()
02:59:14.58 (58978080)|METHOD_EXIT|[47]||System.Network.getNetworkId()
02:59:14.58 (58985386)|HEAP_ALLOCATE|[47]|Bytes:4
02:59:14.58 (58991350)|VARIABLE_SCOPE_BEGIN|[47]|networkId|Id|false|false
02:59:14.58 (59080293)|VARIABLE_ASSIGNMENT|[47]|networkId|"0DB28000000ZeTiGAK"
02:59:14.58 (59085946)|STATEMENT_EXECUTE|[48]
02:59:14.58 (59091462)|HEAP_ALLOCATE|[48]|Bytes:68
02:59:14.58 (59104616)|CONSTRUCTOR_ENTRY|[48]||<init>(Id,String)
02:59:14.58 (69487997)|VARIABLE_SCOPE_BEGIN|[48]|authConfig|Auth.AuthConfiguration|true|false
02:59:14.58 (69528887)|VARIABLE_ASSIGNMENT|[48]|authConfig|{"backgroundColor":"#B1BAC1","baseUrl":"https://eternusrnd-d (23 more) ...","communityUrl":"https://eternusrnd-d (24 more) ...","isCommunity":true,"logoUrl":"https://eternusrnd-d (39 more) ...","networkId":"0DB28000000ZeTiGAK","startUrl":"","urlPathPrefix":""}|0x65ca4696
02:59:14.58 (69534674)|STATEMENT_EXECUTE|[49]
02:59:14.58 (69542455)|METHOD_EXIT|[42]|01p28000007YwEc|LightningLoginFormController.getAuthConfig()
02:59:14.58 (69547062)|VARIABLE_SCOPE_BEGIN|[42]|authConfig|Auth.AuthConfiguration|true|false
02:59:14.58 (69572300)|VARIABLE_ASSIGNMENT|[42]|authConfig|{"backgroundColor":"#B1BAC1","baseUrl":"https://eternusrnd-d (23 more) ...","communityUrl":"https://eternusrnd-d (24 more) ...","isCommunity":true,"logoUrl":"https://eternusrnd-d (39 more) ...","networkId":"0DB28000000ZeTiGAK","startUrl":"","urlPathPrefix":""}|0x65ca4696
02:59:14.58 (69576149)|STATEMENT_EXECUTE|[43]
02:59:14.58 (69586709)|METHOD_ENTRY|[43]||Auth.AuthConfiguration.getForgotPasswordUrl()
02:59:14.58 (72908713)|METHOD_EXIT|[43]||Auth.AuthConfiguration.getForgotPasswordUrl()
02:59:14.58 (72924144)|SYSTEM_MODE_EXIT|false
02:59:14.72 (72958212)|CUMULATIVE_LIMIT_USAGE
02:59:14.72 (72958212)|LIMIT_USAGE_FOR_NS|(default)|
  Number of SOQL queries: 0 out of 100
  Number of query rows: 0 out of 50000
  Number of SOSL queries: 0 out of 20
  Number of DML statements: 0 out of 150
  Number of DML rows: 0 out of 10000
  Maximum CPU time: 0 out of 10000
  Maximum heap size: 0 out of 6000000
  Number of callouts: 0 out of 100
  Number of Email Invocations: 0 out of 10
  Number of future calls: 0 out of 50
  Number of queueable jobs added to the queue: 0 out of 50
  Number of Mobile Apex push calls: 0 out of 10

02:59:14.72 (72958212)|CUMULATIVE_LIMIT_USAGE_END

02:59:14.58 (72992072)|CODE_UNIT_FINISHED|LightningLoginFormController.getForgotPasswordUrl
02:59:14.58 (74726889)|EXECUTION_FINISHED
02:59:14.75 (75966858)|EXECUTION_STARTED
02:59:14.75 (75976420)|CODE_UNIT_STARTED|[EXTERNAL]|01p28000007YwEc|LightningLoginFormController.getSelfRegistrationUrl
02:59:14.75 (76028251)|SYSTEM_MODE_ENTER|false
02:59:14.75 (76038569)|STATEMENT_EXECUTE|[32]
02:59:14.75 (76041191)|STATEMENT_EXECUTE|[33]
02:59:14.75 (76049540)|METHOD_ENTRY|[33]|01p28000007YwEc|LightningLoginFormController.getAuthConfig()
02:59:14.75 (76064592)|STATEMENT_EXECUTE|[46]
02:59:14.75 (76066145)|STATEMENT_EXECUTE|[47]
02:59:14.75 (76071817)|METHOD_ENTRY|[47]||System.Network.getNetworkId()
02:59:14.75 (76091314)|METHOD_EXIT|[47]||System.Network.getNetworkId()
02:59:14.75 (76099340)|HEAP_ALLOCATE|[47]|Bytes:4
02:59:14.75 (76106718)|VARIABLE_SCOPE_BEGIN|[47]|networkId|Id|false|false
02:59:14.75 (76207740)|VARIABLE_ASSIGNMENT|[47]|networkId|"0DB28000000ZeTiGAK"
02:59:14.75 (76212423)|STATEMENT_EXECUTE|[48]
02:59:14.75 (76220005)|HEAP_ALLOCATE|[48]|Bytes:68
02:59:14.75 (76234935)|CONSTRUCTOR_ENTRY|[48]||<init>(Id,String)
02:59:14.75 (87140028)|VARIABLE_SCOPE_BEGIN|[48]|authConfig|Auth.AuthConfiguration|true|false
02:59:14.75 (87201497)|VARIABLE_ASSIGNMENT|[48]|authConfig|{"backgroundColor":"#B1BAC1","baseUrl":"https://eternusrnd-d (23 more) ...","communityUrl":"https://eternusrnd-d (24 more) ...","isCommunity":true,"logoUrl":"https://eternusrnd-d (39 more) ...","networkId":"0DB28000000ZeTiGAK","startUrl":"","urlPathPrefix":""}|0x1cce4a42
02:59:14.75 (87208998)|STATEMENT_EXECUTE|[49]
02:59:14.75 (87218398)|METHOD_EXIT|[33]|01p28000007YwEc|LightningLoginFormController.getAuthConfig()
02:59:14.75 (87223491)|VARIABLE_SCOPE_BEGIN|[33]|authConfig|Auth.AuthConfiguration|true|false
02:59:14.75 (87250106)|VARIABLE_ASSIGNMENT|[33]|authConfig|{"backgroundColor":"#B1BAC1","baseUrl":"https://eternusrnd-d (23 more) ...","communityUrl":"https://eternusrnd-d (24 more) ...","isCommunity":true,"logoUrl":"https://eternusrnd-d (39 more) ...","networkId":"0DB28000000ZeTiGAK","startUrl":"","urlPathPrefix":""}|0x1cce4a42
02:59:14.75 (87265969)|METHOD_ENTRY|[34]||Auth.AuthConfiguration.getSelfRegistrationEnabled()
02:59:14.75 (87313827)|METHOD_EXIT|[34]||Auth.AuthConfiguration.getSelfRegistrationEnabled()
02:59:14.75 (87318381)|STATEMENT_EXECUTE|[34]
02:59:14.75 (87320254)|STATEMENT_EXECUTE|[37]
02:59:14.75 (87333123)|SYSTEM_MODE_EXIT|false
02:59:14.87 (87367147)|CUMULATIVE_LIMIT_USAGE
02:59:14.87 (87367147)|LIMIT_USAGE_FOR_NS|(default)|
  Number of SOQL queries: 0 out of 100
  Number of query rows: 0 out of 50000
  Number of SOSL queries: 0 out of 20
  Number of DML statements: 0 out of 150
  Number of DML rows: 0 out of 10000
  Maximum CPU time: 0 out of 10000
  Maximum heap size: 0 out of 6000000
  Number of callouts: 0 out of 100
  Number of Email Invocations: 0 out of 10
  Number of future calls: 0 out of 50
  Number of queueable jobs added to the queue: 0 out of 50
  Number of Mobile Apex push calls: 0 out of 10

02:59:14.87 (87367147)|CUMULATIVE_LIMIT_USAGE_END

02:59:14.75 (87404835)|CODE_UNIT_FINISHED|LightningLoginFormController.getSelfRegistrationUrl
02:59:14.75 (89367054)|EXECUTION_FINISHED
