36.0 APEX_CODE,FINEST;APEX_PROFILING,INFO;CALLOUT,INFO;DB,INFO;SYSTEM,DEBUG;VALIDATION,INFO;VISUALFORCE,INFO;WORKFLOW,INFO
03:39:00.0 (530955)|EXECUTION_STARTED
03:39:00.0 (562314)|CODE_UNIT_STARTED|[EXTERNAL]|aura
03:39:00.0 (1143997)|HEAP_ALLOCATE|[72]|Bytes:3
03:39:00.0 (1184240)|HEAP_ALLOCATE|[77]|Bytes:152
03:39:00.0 (1199294)|HEAP_ALLOCATE|[342]|Bytes:408
03:39:00.0 (1215779)|HEAP_ALLOCATE|[355]|Bytes:408
03:39:00.0 (1231020)|HEAP_ALLOCATE|[467]|Bytes:48
03:39:00.0 (1257754)|HEAP_ALLOCATE|[139]|Bytes:6
03:39:00.0 (1279957)|HEAP_ALLOCATE|[EXTERNAL]|Bytes:6
03:39:00.0 (1299728)|HEAP_ALLOCATE|[EXTERNAL]|Bytes:6
03:39:00.0 (2639113)|CODE_UNIT_STARTED|[EXTERNAL]|01p280000085nGQ|PatientWrapperController.getPatientsById
03:39:00.0 (3430288)|HEAP_ALLOCATE|[EXTERNAL]|Bytes:7
03:39:00.0 (3436802)|HEAP_ALLOCATE|[EXTERNAL]|Bytes:14
03:39:00.0 (3454536)|METHOD_ENTRY|[1]|01p280000085nGQ|PatientWrapperController.PatientWrapperController()
03:39:00.0 (3459632)|STATEMENT_EXECUTE|[1]
03:39:00.0 (3466509)|STATEMENT_EXECUTE|[1]
03:39:00.0 (3473287)|METHOD_EXIT|[1]|PatientWrapperController
03:39:00.0 (3477781)|HEAP_ALLOCATE|[EXTERNAL]|Bytes:6
03:39:00.0 (3490979)|SYSTEM_MODE_ENTER|false
03:39:00.0 (3498584)|VARIABLE_SCOPE_BEGIN|[36]|patientId|String|false|false
03:39:00.0 (3530769)|VARIABLE_ASSIGNMENT|[36]|patientId|"P00002"
03:39:00.0 (3544939)|STATEMENT_EXECUTE|[36]
03:39:00.0 (3546679)|STATEMENT_EXECUTE|[38]
03:39:00.0 (3550791)|HEAP_ALLOCATE|[38]|Bytes:185
03:39:00.0 (3556845)|VARIABLE_SCOPE_BEGIN|[38]|query|String|false|false
03:39:00.0 (3566983)|VARIABLE_ASSIGNMENT|[38]|query|"SELECT Patient_Id__c (165 more) ..."
03:39:00.0 (3569224)|STATEMENT_EXECUTE|[39]
03:39:00.0 (3609173)|HEAP_ALLOCATE|[50]|Bytes:5
03:39:00.0 (3638903)|HEAP_ALLOCATE|[56]|Bytes:5
03:39:00.0 (3647686)|HEAP_ALLOCATE|[64]|Bytes:7
03:39:00.0 (5031992)|SOQL_EXECUTE_BEGIN|[39]|Aggregations:0|SELECT Patient_Id__c, Full_Name__c, Gender__c, Steps_Completed__c, Goal__c, Height__c, Heart_Rate__c, Weight__c FROM Patient__c where Patient_Id__c = :patientId ORDER BY createdDate ASC
03:39:00.0 (9692518)|SOQL_EXECUTE_END|[39]|Rows:1
03:39:00.0 (9718740)|HEAP_ALLOCATE|[39]|Bytes:8
03:39:00.0 (9743701)|HEAP_ALLOCATE|[39]|Bytes:350
03:39:00.0 (9912415)|HEAP_ALLOCATE|[39]|Bytes:8
03:39:00.0 (9946247)|VARIABLE_SCOPE_BEGIN|[39]|patientList|List<Patient__c>|true|false
03:39:00.0 (10004222)|VARIABLE_ASSIGNMENT|[39]|patientList|{"s":1,"v":[{"s":2,"v":{"Patient_Id__c":"P00002","Full_Name__c":"Pallavi","Gender__c":"Female","Steps_Completed__c":6000,"Goal__c":6000,"Height__c":4.00,"Heart_Rate__c":72,"Weight__c":68.00,"Id":"a012800000SBjJnAAL"}}]}|0x75d5d519
03:39:00.0 (10014645)|STATEMENT_EXECUTE|[40]
03:39:00.0 (10028861)|VARIABLE_SCOPE_BEGIN|[40]|wrapperObj|PatientWrapper|true|false
03:39:00.0 (10039487)|VARIABLE_ASSIGNMENT|[40]|wrapperObj|null|
03:39:00.0 (10043093)|STATEMENT_EXECUTE|[41]
03:39:00.0 (10050373)|HEAP_ALLOCATE|[41]|Bytes:15
03:39:00.0 (10182153)|HEAP_ALLOCATE|[41]|Bytes:188
03:39:00.0 (10205442)|HEAP_ALLOCATE|[41]|Bytes:203
03:39:00.0 (10240695)|USER_DEBUG|[41]|DEBUG|patientList => (Patient__c:{Patient_Id__c=P00002, Full_Name__c=Pallavi, Gender__c=Female, Steps_Completed__c=6000, Goal__c=6000, Height__c=4.00, Heart_Rate__c=72, Weight__c=68.00, Id=a012800000SBjJnAAL})
03:39:00.0 (10459287)|HEAP_ALLOCATE|[42]|Bytes:5
03:39:00.0 (10505196)|HEAP_ALLOCATE|[42]|Bytes:40
03:39:00.0 (10520068)|VARIABLE_SCOPE_BEGIN|[42]|patient|Patient__c|true|false
03:39:00.0 (10542987)|VARIABLE_ASSIGNMENT|[42]|patient|{"s":1,"v":{"Patient_Id__c":"P00002","Full_Name__c":"Pallavi","Gender__c":"Female","Steps_Completed__c":6000,"Goal__c":6000,"Height__c":4.00,"Heart_Rate__c":72,"Weight__c":68.00,"Id":"a012800000SBjJnAAL"}}|0x45437adc
03:39:00.0 (10547451)|STATEMENT_EXECUTE|[42]
03:39:00.0 (10549074)|STATEMENT_EXECUTE|[43]
03:39:00.0 (10571381)|METHOD_ENTRY|[1]|01p280000085nGG|PatientWrapper.PatientWrapper()
03:39:00.0 (10574611)|STATEMENT_EXECUTE|[1]
03:39:00.0 (10578458)|STATEMENT_EXECUTE|[1]
03:39:00.0 (10586304)|METHOD_EXIT|[1]|PatientWrapper
03:39:00.0 (10594443)|HEAP_ALLOCATE|[43]|Bytes:36
03:39:00.0 (10608030)|CONSTRUCTOR_ENTRY|[43]|01p280000085nGG|<init>()
03:39:00.0 (10630163)|VARIABLE_SCOPE_BEGIN|[1]|this|PatientWrapper|true|false
03:39:00.0 (10665855)|VARIABLE_ASSIGNMENT|[1]|this|{}|0x3cf7fbee
03:39:00.0 (10676241)|HEAP_ALLOCATE|[EXTERNAL]|Bytes:6
03:39:00.0 (10701388)|STATEMENT_EXECUTE|[1]
03:39:00.0 (10703398)|STATEMENT_EXECUTE|[3]
03:39:00.0 (10704701)|STATEMENT_EXECUTE|[6]
03:39:00.0 (10705745)|STATEMENT_EXECUTE|[9]
03:39:00.0 (10706803)|STATEMENT_EXECUTE|[12]
03:39:00.0 (10707961)|STATEMENT_EXECUTE|[15]
03:39:00.0 (10709104)|STATEMENT_EXECUTE|[18]
03:39:00.0 (10710147)|STATEMENT_EXECUTE|[21]
03:39:00.0 (10711245)|STATEMENT_EXECUTE|[24]
03:39:00.0 (10715463)|CONSTRUCTOR_EXIT|[43]|01p280000085nGG|<init>()
03:39:00.0 (10730886)|VARIABLE_ASSIGNMENT|[43]|wrapperObj|{}|0x3cf7fbee
03:39:00.0 (10733415)|STATEMENT_EXECUTE|[45]
03:39:00.0 (10766618)|HEAP_ALLOCATE|[45]|Bytes:18
03:39:00.0 (10790234)|VARIABLE_ASSIGNMENT|[45]|this.id|"a012800000SBjJnAAL"|0x3cf7fbee
03:39:00.0 (10795900)|STATEMENT_EXECUTE|[46]
03:39:00.0 (10835103)|VARIABLE_ASSIGNMENT|[46]|this.name|"Pallavi"|0x3cf7fbee
03:39:00.0 (10840475)|STATEMENT_EXECUTE|[47]
03:39:00.0 (10905229)|HEAP_ALLOCATE|[47]|Bytes:12
03:39:00.0 (10925863)|VARIABLE_ASSIGNMENT|[47]|this.steps|6000.0|0x3cf7fbee
03:39:00.0 (10930397)|STATEMENT_EXECUTE|[48]
03:39:00.0 (10964072)|HEAP_ALLOCATE|[48]|Bytes:12
03:39:00.0 (10980838)|VARIABLE_ASSIGNMENT|[48]|this.goal|6000.0|0x3cf7fbee
03:39:00.0 (10985005)|STATEMENT_EXECUTE|[49]
03:39:00.0 (11016906)|HEAP_ALLOCATE|[49]|Bytes:12
03:39:00.0 (11032593)|VARIABLE_ASSIGNMENT|[49]|this.heartRate|72.0|0x3cf7fbee
03:39:00.0 (11036133)|STATEMENT_EXECUTE|[50]
03:39:00.0 (11064239)|HEAP_ALLOCATE|[50]|Bytes:12
03:39:00.0 (11078881)|VARIABLE_ASSIGNMENT|[50]|this.height|4.0|0x3cf7fbee
03:39:00.0 (11082879)|STATEMENT_EXECUTE|[51]
03:39:00.0 (11114562)|HEAP_ALLOCATE|[51]|Bytes:12
03:39:00.0 (11130732)|VARIABLE_ASSIGNMENT|[51]|this.weight|68.0|0x3cf7fbee
03:39:00.0 (11135236)|STATEMENT_EXECUTE|[52]
03:39:00.0 (11168434)|VARIABLE_ASSIGNMENT|[52]|this.patient_Id|"P00002"|0x3cf7fbee
03:39:00.0 (11184654)|HEAP_ALLOCATE|[42]|Bytes:5
03:39:00.0 (11197283)|VARIABLE_ASSIGNMENT|[42]|patient|null|
03:39:00.0 (11200852)|STATEMENT_EXECUTE|[56]
03:39:00.0 (11203923)|HEAP_ALLOCATE|[56]|Bytes:14
03:39:00.0 (11264411)|HEAP_ALLOCATE|[56]|Bytes:139
03:39:00.0 (11284326)|HEAP_ALLOCATE|[56]|Bytes:153
03:39:00.0 (11294752)|USER_DEBUG|[56]|DEBUG|wrapperObj => PatientWrapper:[goal=6000.0, heartRate=72.0, height=4.0, id=a012800000SBjJnAAL, name=Pallavi, patient_Id=P00002, steps=6000.0, weight=68.0]
03:39:00.0 (11300526)|STATEMENT_EXECUTE|[57]
03:39:00.0 (11312498)|SYSTEM_MODE_EXIT|false
03:39:00.11 (11360116)|CUMULATIVE_LIMIT_USAGE
03:39:00.11 (11360116)|LIMIT_USAGE_FOR_NS|(default)|
  Number of SOQL queries: 1 out of 100
  Number of query rows: 1 out of 50000
  Number of SOSL queries: 0 out of 20
  Number of DML statements: 0 out of 150
  Number of DML rows: 0 out of 10000
  Maximum CPU time: 0 out of 10000
  Maximum heap size: 0 out of 6000000
  Number of callouts: 0 out of 100
  Number of Email Invocations: 0 out of 10
  Number of future calls: 0 out of 50
  Number of queueable jobs added to the queue: 0 out of 50
  Number of Mobile Apex push calls: 0 out of 10

03:39:00.11 (11360116)|CUMULATIVE_LIMIT_USAGE_END

03:39:00.0 (11401370)|CODE_UNIT_FINISHED|PatientWrapperController.getPatientsById
03:39:00.0 (13423837)|CODE_UNIT_STARTED|[EXTERNAL]|Aura
03:39:00.0 (13500262)|CODE_UNIT_FINISHED|Aura
03:39:00.0 (13700224)|HEAP_ALLOCATE|[EXTERNAL]|Bytes:6
03:39:00.0 (13720860)|HEAP_ALLOCATE|[EXTERNAL]|Bytes:6
03:39:00.0 (15413951)|CODE_UNIT_STARTED|[EXTERNAL]|01p280000085nGQ|PatientWrapperController.getPatientsById
03:39:00.0 (15461857)|HEAP_ALLOCATE|[EXTERNAL]|Bytes:6
03:39:00.0 (15479051)|SYSTEM_MODE_ENTER|false
03:39:00.0 (15485605)|VARIABLE_SCOPE_BEGIN|[36]|patientId|String|false|false
03:39:00.0 (15496389)|VARIABLE_ASSIGNMENT|[36]|patientId|"P00002"
03:39:00.0 (15506352)|STATEMENT_EXECUTE|[36]
03:39:00.0 (15509374)|STATEMENT_EXECUTE|[38]
03:39:00.0 (15515911)|VARIABLE_SCOPE_BEGIN|[38]|query|String|false|false
03:39:00.0 (15528670)|VARIABLE_ASSIGNMENT|[38]|query|"SELECT Patient_Id__c (165 more) ..."
03:39:00.0 (15532651)|STATEMENT_EXECUTE|[39]
03:39:00.0 (15952587)|SOQL_EXECUTE_BEGIN|[39]|Aggregations:0|SELECT Patient_Id__c, Full_Name__c, Gender__c, Steps_Completed__c, Goal__c, Height__c, Heart_Rate__c, Weight__c FROM Patient__c where Patient_Id__c = :patientId ORDER BY createdDate ASC
03:39:00.0 (19960230)|SOQL_EXECUTE_END|[39]|Rows:1
03:39:00.0 (19973954)|HEAP_ALLOCATE|[39]|Bytes:8
03:39:00.0 (19993056)|HEAP_ALLOCATE|[39]|Bytes:350
03:39:00.0 (20016692)|HEAP_ALLOCATE|[39]|Bytes:8
03:39:00.0 (20033340)|VARIABLE_SCOPE_BEGIN|[39]|patientList|List<Patient__c>|true|false
03:39:00.0 (20071542)|VARIABLE_ASSIGNMENT|[39]|patientList|{"s":1,"v":[{"s":2,"v":{"Patient_Id__c":"P00002","Full_Name__c":"Pallavi","Gender__c":"Female","Steps_Completed__c":6000,"Goal__c":6000,"Height__c":4.00,"Heart_Rate__c":72,"Weight__c":68.00,"Id":"a012800000SBjJnAAL"}}]}|0x30aabf35
03:39:00.0 (20076232)|STATEMENT_EXECUTE|[40]
03:39:00.0 (20080369)|VARIABLE_SCOPE_BEGIN|[40]|wrapperObj|PatientWrapper|true|false
03:39:00.0 (20085056)|VARIABLE_ASSIGNMENT|[40]|wrapperObj|null|
03:39:00.0 (20086754)|STATEMENT_EXECUTE|[41]
03:39:00.0 (20181224)|HEAP_ALLOCATE|[41]|Bytes:188
03:39:00.0 (20200385)|HEAP_ALLOCATE|[41]|Bytes:203
03:39:00.0 (20212383)|USER_DEBUG|[41]|DEBUG|patientList => (Patient__c:{Patient_Id__c=P00002, Full_Name__c=Pallavi, Gender__c=Female, Steps_Completed__c=6000, Goal__c=6000, Height__c=4.00, Heart_Rate__c=72, Weight__c=68.00, Id=a012800000SBjJnAAL})
03:39:00.0 (20239825)|HEAP_ALLOCATE|[42]|Bytes:5
03:39:00.0 (20264303)|HEAP_ALLOCATE|[42]|Bytes:40
03:39:00.0 (20273670)|VARIABLE_SCOPE_BEGIN|[42]|patient|Patient__c|true|false
03:39:00.0 (20291119)|VARIABLE_ASSIGNMENT|[42]|patient|{"s":1,"v":{"Patient_Id__c":"P00002","Full_Name__c":"Pallavi","Gender__c":"Female","Steps_Completed__c":6000,"Goal__c":6000,"Height__c":4.00,"Heart_Rate__c":72,"Weight__c":68.00,"Id":"a012800000SBjJnAAL"}}|0x608afabe
03:39:00.0 (20295056)|STATEMENT_EXECUTE|[42]
03:39:00.0 (20296577)|STATEMENT_EXECUTE|[43]
03:39:00.0 (20303032)|HEAP_ALLOCATE|[43]|Bytes:36
03:39:00.0 (20313082)|CONSTRUCTOR_ENTRY|[43]|01p280000085nGG|<init>()
03:39:00.0 (20318741)|VARIABLE_SCOPE_BEGIN|[1]|this|PatientWrapper|true|false
03:39:00.0 (20344855)|VARIABLE_ASSIGNMENT|[1]|this|{}|0x594e64ef
03:39:00.0 (20362000)|STATEMENT_EXECUTE|[1]
03:39:00.0 (20363669)|STATEMENT_EXECUTE|[3]
03:39:00.0 (20364897)|STATEMENT_EXECUTE|[6]
03:39:00.0 (20365936)|STATEMENT_EXECUTE|[9]
03:39:00.0 (20366954)|STATEMENT_EXECUTE|[12]
03:39:00.0 (20368060)|STATEMENT_EXECUTE|[15]
03:39:00.0 (20369148)|STATEMENT_EXECUTE|[18]
03:39:00.0 (20370314)|STATEMENT_EXECUTE|[21]
03:39:00.0 (20371579)|STATEMENT_EXECUTE|[24]
03:39:00.0 (20375521)|CONSTRUCTOR_EXIT|[43]|01p280000085nGG|<init>()
03:39:00.0 (20388250)|VARIABLE_ASSIGNMENT|[43]|wrapperObj|{}|0x594e64ef
03:39:00.0 (20390531)|STATEMENT_EXECUTE|[45]
03:39:00.0 (20403244)|HEAP_ALLOCATE|[45]|Bytes:18
03:39:00.0 (20416866)|VARIABLE_ASSIGNMENT|[45]|this.id|"a012800000SBjJnAAL"|0x594e64ef
03:39:00.0 (20419754)|STATEMENT_EXECUTE|[46]
03:39:00.0 (20429395)|VARIABLE_ASSIGNMENT|[46]|this.name|"Pallavi"|0x594e64ef
03:39:00.0 (20431489)|STATEMENT_EXECUTE|[47]
03:39:00.0 (20445171)|HEAP_ALLOCATE|[47]|Bytes:12
03:39:00.0 (20454266)|VARIABLE_ASSIGNMENT|[47]|this.steps|6000.0|0x594e64ef
03:39:00.0 (20456302)|STATEMENT_EXECUTE|[48]
03:39:00.0 (20463296)|HEAP_ALLOCATE|[48]|Bytes:12
03:39:00.0 (20469305)|VARIABLE_ASSIGNMENT|[48]|this.goal|6000.0|0x594e64ef
03:39:00.0 (20471215)|STATEMENT_EXECUTE|[49]
03:39:00.0 (20477754)|HEAP_ALLOCATE|[49]|Bytes:12
03:39:00.0 (20483338)|VARIABLE_ASSIGNMENT|[49]|this.heartRate|72.0|0x594e64ef
03:39:00.0 (20485259)|STATEMENT_EXECUTE|[50]
03:39:00.0 (20492185)|HEAP_ALLOCATE|[50]|Bytes:12
03:39:00.0 (20498462)|VARIABLE_ASSIGNMENT|[50]|this.height|4.0|0x594e64ef
03:39:00.0 (20500456)|STATEMENT_EXECUTE|[51]
03:39:00.0 (20506656)|HEAP_ALLOCATE|[51]|Bytes:12
03:39:00.0 (20512216)|VARIABLE_ASSIGNMENT|[51]|this.weight|68.0|0x594e64ef
03:39:00.0 (20514092)|STATEMENT_EXECUTE|[52]
03:39:00.0 (20522291)|VARIABLE_ASSIGNMENT|[52]|this.patient_Id|"P00002"|0x594e64ef
03:39:00.0 (20534807)|HEAP_ALLOCATE|[42]|Bytes:5
03:39:00.0 (20545700)|VARIABLE_ASSIGNMENT|[42]|patient|null|
03:39:00.0 (20549064)|STATEMENT_EXECUTE|[56]
03:39:00.0 (20588239)|HEAP_ALLOCATE|[56]|Bytes:139
03:39:00.0 (20601877)|HEAP_ALLOCATE|[56]|Bytes:153
03:39:00.0 (20610305)|USER_DEBUG|[56]|DEBUG|wrapperObj => PatientWrapper:[goal=6000.0, heartRate=72.0, height=4.0, id=a012800000SBjJnAAL, name=Pallavi, patient_Id=P00002, steps=6000.0, weight=68.0]
03:39:00.0 (20615517)|STATEMENT_EXECUTE|[57]
03:39:00.0 (20625858)|SYSTEM_MODE_EXIT|false
03:39:00.20 (20667298)|CUMULATIVE_LIMIT_USAGE
03:39:00.20 (20667298)|LIMIT_USAGE_FOR_NS|(default)|
  Number of SOQL queries: 2 out of 100
  Number of query rows: 2 out of 50000
  Number of SOSL queries: 0 out of 20
  Number of DML statements: 0 out of 150
  Number of DML rows: 0 out of 10000
  Maximum CPU time: 0 out of 10000
  Maximum heap size: 0 out of 6000000
  Number of callouts: 0 out of 100
  Number of Email Invocations: 0 out of 10
  Number of future calls: 0 out of 50
  Number of queueable jobs added to the queue: 0 out of 50
  Number of Mobile Apex push calls: 0 out of 10

03:39:00.20 (20667298)|CUMULATIVE_LIMIT_USAGE_END

03:39:00.0 (20706662)|CODE_UNIT_FINISHED|PatientWrapperController.getPatientsById
03:39:00.0 (22541249)|CODE_UNIT_STARTED|[EXTERNAL]|Aura
03:39:00.0 (22615071)|CODE_UNIT_FINISHED|Aura
03:39:00.0 (66586061)|HEAP_ALLOCATE|[EXTERNAL]|Bytes:6
03:39:00.0 (66615246)|HEAP_ALLOCATE|[EXTERNAL]|Bytes:6
03:39:00.0 (68078209)|CODE_UNIT_STARTED|[EXTERNAL]|01p280000085nGQ|PatientWrapperController.getPatientsById
03:39:00.0 (68124887)|HEAP_ALLOCATE|[EXTERNAL]|Bytes:6
03:39:00.0 (68140250)|SYSTEM_MODE_ENTER|false
03:39:00.0 (68148590)|VARIABLE_SCOPE_BEGIN|[36]|patientId|String|false|false
03:39:00.0 (68162068)|VARIABLE_ASSIGNMENT|[36]|patientId|"P00002"
03:39:00.0 (68174138)|STATEMENT_EXECUTE|[36]
03:39:00.0 (68176483)|STATEMENT_EXECUTE|[38]
03:39:00.0 (68182747)|VARIABLE_SCOPE_BEGIN|[38]|query|String|false|false
03:39:00.0 (68191976)|VARIABLE_ASSIGNMENT|[38]|query|"SELECT Patient_Id__c (165 more) ..."
03:39:00.0 (68193937)|STATEMENT_EXECUTE|[39]
03:39:00.0 (68486669)|SOQL_EXECUTE_BEGIN|[39]|Aggregations:0|SELECT Patient_Id__c, Full_Name__c, Gender__c, Steps_Completed__c, Goal__c, Height__c, Heart_Rate__c, Weight__c FROM Patient__c where Patient_Id__c = :patientId ORDER BY createdDate ASC
03:39:00.0 (71805667)|SOQL_EXECUTE_END|[39]|Rows:1
03:39:00.0 (71819958)|HEAP_ALLOCATE|[39]|Bytes:8
03:39:00.0 (71839131)|HEAP_ALLOCATE|[39]|Bytes:350
03:39:00.0 (71865716)|HEAP_ALLOCATE|[39]|Bytes:8
03:39:00.0 (71882010)|VARIABLE_SCOPE_BEGIN|[39]|patientList|List<Patient__c>|true|false
03:39:00.0 (71919755)|VARIABLE_ASSIGNMENT|[39]|patientList|{"s":1,"v":[{"s":2,"v":{"Patient_Id__c":"P00002","Full_Name__c":"Pallavi","Gender__c":"Female","Steps_Completed__c":6000,"Goal__c":6000,"Height__c":4.00,"Heart_Rate__c":72,"Weight__c":68.00,"Id":"a012800000SBjJnAAL"}}]}|0x33379fac
03:39:00.0 (71924391)|STATEMENT_EXECUTE|[40]
03:39:00.0 (71929526)|VARIABLE_SCOPE_BEGIN|[40]|wrapperObj|PatientWrapper|true|false
03:39:00.0 (71934331)|VARIABLE_ASSIGNMENT|[40]|wrapperObj|null|
03:39:00.0 (71936110)|STATEMENT_EXECUTE|[41]
03:39:00.0 (72027047)|HEAP_ALLOCATE|[41]|Bytes:188
03:39:00.0 (72048121)|HEAP_ALLOCATE|[41]|Bytes:203
03:39:00.0 (72061072)|USER_DEBUG|[41]|DEBUG|patientList => (Patient__c:{Patient_Id__c=P00002, Full_Name__c=Pallavi, Gender__c=Female, Steps_Completed__c=6000, Goal__c=6000, Height__c=4.00, Heart_Rate__c=72, Weight__c=68.00, Id=a012800000SBjJnAAL})
03:39:00.0 (72099033)|HEAP_ALLOCATE|[42]|Bytes:5
03:39:00.0 (72138489)|HEAP_ALLOCATE|[42]|Bytes:40
03:39:00.0 (72151873)|VARIABLE_SCOPE_BEGIN|[42]|patient|Patient__c|true|false
03:39:00.0 (72169471)|VARIABLE_ASSIGNMENT|[42]|patient|{"s":1,"v":{"Patient_Id__c":"P00002","Full_Name__c":"Pallavi","Gender__c":"Female","Steps_Completed__c":6000,"Goal__c":6000,"Height__c":4.00,"Heart_Rate__c":72,"Weight__c":68.00,"Id":"a012800000SBjJnAAL"}}|0x36389abc
03:39:00.0 (72173830)|STATEMENT_EXECUTE|[42]
03:39:00.0 (72175357)|STATEMENT_EXECUTE|[43]
03:39:00.0 (72182576)|HEAP_ALLOCATE|[43]|Bytes:36
03:39:00.0 (72192792)|CONSTRUCTOR_ENTRY|[43]|01p280000085nGG|<init>()
03:39:00.0 (72199117)|VARIABLE_SCOPE_BEGIN|[1]|this|PatientWrapper|true|false
03:39:00.0 (72228861)|VARIABLE_ASSIGNMENT|[1]|this|{}|0x4e1cdbca
03:39:00.0 (72248251)|STATEMENT_EXECUTE|[1]
03:39:00.0 (72250422)|STATEMENT_EXECUTE|[3]
03:39:00.0 (72251780)|STATEMENT_EXECUTE|[6]
03:39:00.0 (72252846)|STATEMENT_EXECUTE|[9]
03:39:00.0 (72253876)|STATEMENT_EXECUTE|[12]
03:39:00.0 (72255037)|STATEMENT_EXECUTE|[15]
03:39:00.0 (72256113)|STATEMENT_EXECUTE|[18]
03:39:00.0 (72257180)|STATEMENT_EXECUTE|[21]
03:39:00.0 (72258248)|STATEMENT_EXECUTE|[24]
03:39:00.0 (72262361)|CONSTRUCTOR_EXIT|[43]|01p280000085nGG|<init>()
03:39:00.0 (72276600)|VARIABLE_ASSIGNMENT|[43]|wrapperObj|{}|0x4e1cdbca
03:39:00.0 (72291821)|STATEMENT_EXECUTE|[45]
03:39:00.0 (72310912)|HEAP_ALLOCATE|[45]|Bytes:18
03:39:00.0 (72327211)|VARIABLE_ASSIGNMENT|[45]|this.id|"a012800000SBjJnAAL"|0x4e1cdbca
03:39:00.0 (72330212)|STATEMENT_EXECUTE|[46]
03:39:00.0 (72340145)|VARIABLE_ASSIGNMENT|[46]|this.name|"Pallavi"|0x4e1cdbca
03:39:00.0 (72342207)|STATEMENT_EXECUTE|[47]
03:39:00.0 (72357376)|HEAP_ALLOCATE|[47]|Bytes:12
03:39:00.0 (72366943)|VARIABLE_ASSIGNMENT|[47]|this.steps|6000.0|0x4e1cdbca
03:39:00.0 (72369020)|STATEMENT_EXECUTE|[48]
03:39:00.0 (72375724)|HEAP_ALLOCATE|[48]|Bytes:12
03:39:00.0 (72381614)|VARIABLE_ASSIGNMENT|[48]|this.goal|6000.0|0x4e1cdbca
03:39:00.0 (72383742)|STATEMENT_EXECUTE|[49]
03:39:00.0 (72390062)|HEAP_ALLOCATE|[49]|Bytes:12
03:39:00.0 (72395613)|VARIABLE_ASSIGNMENT|[49]|this.heartRate|72.0|0x4e1cdbca
03:39:00.0 (72397480)|STATEMENT_EXECUTE|[50]
03:39:00.0 (72404354)|HEAP_ALLOCATE|[50]|Bytes:12
03:39:00.0 (72410106)|VARIABLE_ASSIGNMENT|[50]|this.height|4.0|0x4e1cdbca
03:39:00.0 (72412167)|STATEMENT_EXECUTE|[51]
03:39:00.0 (72418597)|HEAP_ALLOCATE|[51]|Bytes:12
03:39:00.0 (72424201)|VARIABLE_ASSIGNMENT|[51]|this.weight|68.0|0x4e1cdbca
03:39:00.0 (72426049)|STATEMENT_EXECUTE|[52]
03:39:00.0 (72434097)|VARIABLE_ASSIGNMENT|[52]|this.patient_Id|"P00002"|0x4e1cdbca
03:39:00.0 (72447006)|HEAP_ALLOCATE|[42]|Bytes:5
03:39:00.0 (72458096)|VARIABLE_ASSIGNMENT|[42]|patient|null|
03:39:00.0 (72461987)|STATEMENT_EXECUTE|[56]
03:39:00.0 (72502053)|HEAP_ALLOCATE|[56]|Bytes:139
03:39:00.0 (72515466)|HEAP_ALLOCATE|[56]|Bytes:153
03:39:00.0 (72523735)|USER_DEBUG|[56]|DEBUG|wrapperObj => PatientWrapper:[goal=6000.0, heartRate=72.0, height=4.0, id=a012800000SBjJnAAL, name=Pallavi, patient_Id=P00002, steps=6000.0, weight=68.0]
03:39:00.0 (72529407)|STATEMENT_EXECUTE|[57]
03:39:00.0 (72540004)|SYSTEM_MODE_EXIT|false
03:39:00.72 (72581818)|CUMULATIVE_LIMIT_USAGE
03:39:00.72 (72581818)|LIMIT_USAGE_FOR_NS|(default)|
  Number of SOQL queries: 3 out of 100
  Number of query rows: 3 out of 50000
  Number of SOSL queries: 0 out of 20
  Number of DML statements: 0 out of 150
  Number of DML rows: 0 out of 10000
  Maximum CPU time: 0 out of 10000
  Maximum heap size: 0 out of 6000000
  Number of callouts: 0 out of 100
  Number of Email Invocations: 0 out of 10
  Number of future calls: 0 out of 50
  Number of queueable jobs added to the queue: 0 out of 50
  Number of Mobile Apex push calls: 0 out of 10

03:39:00.72 (72581818)|CUMULATIVE_LIMIT_USAGE_END

03:39:00.0 (72622705)|CODE_UNIT_FINISHED|PatientWrapperController.getPatientsById
03:39:00.0 (75093498)|CODE_UNIT_STARTED|[EXTERNAL]|Aura
03:39:00.0 (75148087)|CODE_UNIT_FINISHED|Aura
