36.0 APEX_CODE,FINEST;APEX_PROFILING,INFO;CALLOUT,INFO;DB,INFO;SYSTEM,DEBUG;VALIDATION,INFO;VISUALFORCE,INFO;WORKFLOW,INFO
04:46:30.0 (587786)|EXECUTION_STARTED
04:46:30.0 (618968)|CODE_UNIT_STARTED|[EXTERNAL]|01p280000085nGQ|PatientWrapperController.sysncFitBitData
04:46:30.0 (1455859)|HEAP_ALLOCATE|[72]|Bytes:3
04:46:30.0 (1484719)|HEAP_ALLOCATE|[77]|Bytes:152
04:46:30.0 (1495540)|HEAP_ALLOCATE|[342]|Bytes:408
04:46:30.0 (1510777)|HEAP_ALLOCATE|[355]|Bytes:408
04:46:30.0 (1525237)|HEAP_ALLOCATE|[467]|Bytes:48
04:46:30.0 (1548474)|HEAP_ALLOCATE|[139]|Bytes:6
04:46:30.0 (1563953)|HEAP_ALLOCATE|[EXTERNAL]|Bytes:7
04:46:30.0 (1568055)|HEAP_ALLOCATE|[EXTERNAL]|Bytes:14
04:46:30.0 (1584260)|METHOD_ENTRY|[1]|01p280000085nGQ|PatientWrapperController.PatientWrapperController()
04:46:30.0 (1588791)|STATEMENT_EXECUTE|[1]
04:46:30.0 (1595009)|STATEMENT_EXECUTE|[1]
04:46:30.0 (1600879)|METHOD_EXIT|[1]|PatientWrapperController
04:46:30.0 (1610073)|SYSTEM_MODE_ENTER|false
04:46:30.0 (1621010)|STATEMENT_EXECUTE|[72]
04:46:30.0 (1622751)|STATEMENT_EXECUTE|[74]
04:46:30.0 (1625992)|HEAP_ALLOCATE|[74]|Bytes:157
04:46:30.0 (1633900)|VARIABLE_SCOPE_BEGIN|[74]|query|String|false|false
04:46:30.0 (1670022)|VARIABLE_ASSIGNMENT|[74]|query|"SELECT Patient_Id__c (137 more) ..."
04:46:30.0 (1673296)|STATEMENT_EXECUTE|[76]
04:46:30.0 (1707802)|HEAP_ALLOCATE|[50]|Bytes:5
04:46:30.0 (1725323)|HEAP_ALLOCATE|[56]|Bytes:5
04:46:30.0 (1733705)|HEAP_ALLOCATE|[64]|Bytes:7
04:46:30.0 (3189175)|SOQL_EXECUTE_BEGIN|[76]|Aggregations:0|SELECT Patient_Id__c, Full_Name__c, Gender__c, Steps_Completed__c, Goal__c, Height__c FROM Patient__c where Patient_Id__c = '4LR2VZ' ORDER BY createdDate ASC
04:46:30.0 (7411273)|SOQL_EXECUTE_END|[76]|Rows:1
04:46:30.0 (7429327)|HEAP_ALLOCATE|[76]|Bytes:8
04:46:30.0 (7450910)|HEAP_ALLOCATE|[76]|Bytes:250
04:46:30.0 (7523498)|HEAP_ALLOCATE|[76]|Bytes:8
04:46:30.0 (7549191)|VARIABLE_SCOPE_BEGIN|[76]|patientList|List<Patient__c>|true|false
04:46:30.0 (7597408)|VARIABLE_ASSIGNMENT|[76]|patientList|{"s":1,"v":[{"s":2,"v":{"Patient_Id__c":"4LR2VZ","Full_Name__c":"Purushottam","Gender__c":"Male","Steps_Completed__c":1000,"Goal__c":5000,"Height__c":5.00,"Id":"a012800000SBjJTAA1"}}]}|0x5397e7b0
04:46:30.0 (7602380)|STATEMENT_EXECUTE|[77]
04:46:30.0 (7657773)|HEAP_ALLOCATE|[77]|Bytes:4
04:46:30.0 (7702597)|HEAP_ALLOCATE|[77]|Bytes:10
04:46:30.0 (7714758)|VARIABLE_SCOPE_BEGIN|[77]|todaysDate|String|false|false
04:46:30.0 (7723019)|VARIABLE_ASSIGNMENT|[77]|todaysDate|"2016-05-23"
04:46:30.0 (7725690)|STATEMENT_EXECUTE|[78]
04:46:30.0 (7729792)|HEAP_ALLOCATE|[78]|Bytes:9
04:46:30.0 (7781997)|HEAP_ALLOCATE|[78]|Bytes:10
04:46:30.0 (7804099)|VARIABLE_ASSIGNMENT|[78]|todaysDate|"2016-05-23"
04:46:30.0 (7807174)|STATEMENT_EXECUTE|[79]
04:46:30.0 (7812759)|HEAP_ALLOCATE|[79]|Bytes:4
04:46:30.0 (7872784)|VARIABLE_SCOPE_BEGIN|[79]|patientListToUpdate|List<Patient__c>|true|false
04:46:30.0 (7880125)|HEAP_ALLOCATE|[EXTERNAL]|Bytes:4
04:46:30.0 (7890547)|VARIABLE_ASSIGNMENT|[79]|patientListToUpdate|{"s":1,"v":[]}|0x2f9b6c79
04:46:30.0 (8091767)|HEAP_ALLOCATE|[80]|Bytes:5
04:46:30.0 (8131949)|HEAP_ALLOCATE|[80]|Bytes:32
04:46:30.0 (8141826)|VARIABLE_SCOPE_BEGIN|[80]|patient|Patient__c|true|false
04:46:30.0 (8161008)|VARIABLE_ASSIGNMENT|[80]|patient|{"s":1,"v":{"Patient_Id__c":"4LR2VZ","Full_Name__c":"Purushottam","Gender__c":"Male","Steps_Completed__c":1000,"Goal__c":5000,"Height__c":5.00,"Id":"a012800000SBjJTAA1"}}|0x124e5208
04:46:30.0 (8165321)|STATEMENT_EXECUTE|[80]
04:46:30.0 (8166907)|STATEMENT_EXECUTE|[81]
04:46:30.0 (8172553)|VARIABLE_SCOPE_BEGIN|[81]|stepsCompleted|Integer|false|false
04:46:30.0 (8176075)|HEAP_ALLOCATE|[81]|Bytes:4
04:46:30.0 (8180882)|VARIABLE_ASSIGNMENT|[81]|stepsCompleted|0
04:46:30.0 (8182663)|STATEMENT_EXECUTE|[82]
04:46:30.0 (10794829)|VARIABLE_SCOPE_BEGIN|[6]|FitForceUtility.ACTIVITY_API|String|false|true
04:46:30.0 (10808576)|VARIABLE_SCOPE_BEGIN|[3]|FitForceUtility.GET|String|false|true
04:46:30.0 (10816064)|VARIABLE_SCOPE_BEGIN|[4]|FitForceUtility.POST|String|false|true
04:46:30.0 (10823064)|VARIABLE_SCOPE_BEGIN|[5]|FitForceUtility.PROFILE_API|String|false|true
04:46:30.0 (10833159)|HEAP_ALLOCATE|[82]|Bytes:2
04:46:30.0 (10840358)|HEAP_ALLOCATE|[82]|Bytes:2
04:46:30.0 (10865976)|METHOD_ENTRY|[1]|01p280000085crs|FitForceUtility.FitForceUtility()
04:46:30.0 (10870399)|STATEMENT_EXECUTE|[1]
04:46:30.0 (10875317)|STATEMENT_EXECUTE|[1]
04:46:30.0 (10884469)|HEAP_ALLOCATE|[3]|Bytes:5
04:46:30.0 (10888028)|STATEMENT_EXECUTE|[3]
04:46:30.0 (10890828)|HEAP_ALLOCATE|[3]|Bytes:3
04:46:30.0 (10904627)|VARIABLE_ASSIGNMENT|[3]|FitForceUtility.GET|"GET"
04:46:30.0 (10906960)|STATEMENT_EXECUTE|[4]
04:46:30.0 (10909108)|HEAP_ALLOCATE|[4]|Bytes:4
04:46:30.0 (10915562)|VARIABLE_ASSIGNMENT|[4]|FitForceUtility.POST|"POST"
04:46:30.0 (10917507)|STATEMENT_EXECUTE|[5]
04:46:30.0 (10923076)|VARIABLE_ASSIGNMENT|[5]|FitForceUtility.PROFILE_API|""
04:46:30.0 (10925360)|STATEMENT_EXECUTE|[6]
04:46:30.0 (10930115)|VARIABLE_ASSIGNMENT|[6]|FitForceUtility.ACTIVITY_API|""
04:46:30.0 (10932100)|STATEMENT_EXECUTE|[7]
04:46:30.0 (10933342)|STATEMENT_EXECUTE|[8]
04:46:30.0 (10935806)|HEAP_ALLOCATE|[8]|Bytes:17
04:46:30.0 (10940003)|VARIABLE_SCOPE_BEGIN|[8]|BASE_URL|String|false|false
04:46:30.0 (10951117)|VARIABLE_ASSIGNMENT|[8]|BASE_URL|"callout:FitForce/"
04:46:30.0 (10956961)|STATEMENT_EXECUTE|[9]
04:46:30.0 (10960098)|HEAP_ALLOCATE|[9]|Bytes:21
04:46:30.0 (10970631)|HEAP_ALLOCATE|[9]|Bytes:38
04:46:30.0 (10981885)|VARIABLE_ASSIGNMENT|[9]|FitForceUtility.PROFILE_API|"callout:FitForce/1/u (18 more) ..."
04:46:30.0 (10984507)|STATEMENT_EXECUTE|[10]
04:46:30.0 (10987309)|HEAP_ALLOCATE|[10]|Bytes:35
04:46:30.0 (10992147)|HEAP_ALLOCATE|[10]|Bytes:52
04:46:30.0 (10999843)|VARIABLE_ASSIGNMENT|[10]|FitForceUtility.ACTIVITY_API|"callout:FitForce/1/u (32 more) ..."
04:46:30.0 (11012759)|METHOD_EXIT|[1]|FitForceUtility
04:46:30.0 (11020447)|HEAP_ALLOCATE|[82]|Bytes:5
04:46:30.0 (11065309)|HEAP_ALLOCATE|[82]|Bytes:57
04:46:30.0 (11080161)|VARIABLE_SCOPE_BEGIN|[82]|url|String|false|false
04:46:30.0 (11089475)|VARIABLE_ASSIGNMENT|[82]|url|"callout:FitForce/1/u (37 more) ..."
04:46:30.0 (11092285)|STATEMENT_EXECUTE|[83]
04:46:30.0 (11127980)|METHOD_ENTRY|[83]|01p280000085crs|FitForceUtility.doHTTPCallout(String, String)
04:46:30.0 (11154404)|VARIABLE_SCOPE_BEGIN|[13]|methodType|String|false|false
04:46:30.0 (11161538)|VARIABLE_ASSIGNMENT|[13]|methodType|"GET"
04:46:30.0 (11165201)|VARIABLE_SCOPE_BEGIN|[13]|url|String|false|false
04:46:30.0 (11169848)|VARIABLE_ASSIGNMENT|[13]|url|"callout:FitForce/1/u (37 more) ..."
04:46:30.0 (11177489)|HEAP_ALLOCATE|[14]|Bytes:5
04:46:30.0 (11180930)|STATEMENT_EXECUTE|[13]
04:46:30.0 (11182393)|STATEMENT_EXECUTE|[14]
04:46:30.0 (11185420)|VARIABLE_SCOPE_BEGIN|[14]|response|String|false|false
04:46:30.0 (11189958)|VARIABLE_ASSIGNMENT|[14]|response|""
04:46:30.0 (11244516)|STATEMENT_EXECUTE|[15]
04:46:30.0 (11247012)|STATEMENT_EXECUTE|[18]
04:46:30.0 (11278605)|VARIABLE_SCOPE_BEGIN|[18]|httpRequest|System.HttpRequest|true|false
04:46:30.0 (11394628)|VARIABLE_ASSIGNMENT|[18]|httpRequest|"System.HttpRequest[Endpoint=null, Method=null]"|0x4cf75e6a
04:46:30.0 (11399768)|STATEMENT_EXECUTE|[19]
04:46:30.0 (11419014)|VARIABLE_SCOPE_BEGIN|[19]|http|System.Http|true|false
04:46:30.0 (11475606)|VARIABLE_ASSIGNMENT|[19]|http|"System.Http[]"|0xc0bbc5
04:46:30.0 (11480057)|STATEMENT_EXECUTE|[20]
04:46:30.0 (11534208)|STATEMENT_EXECUTE|[21]
04:46:30.0 (11560655)|STATEMENT_EXECUTE|[22]
04:46:30.0 (11634692)|CALLOUT_REQUEST|[22]|System.HttpRequest[Endpoint=callout:FitForce/1/user/-/activities/date/2016-05-23.json, Method=GET]
04:46:30.0 (307101097)|HEAP_ALLOCATE|[EXTERNAL]|Bytes:970
04:46:30.0 (307183070)|CALLOUT_RESPONSE|[22]|System.HttpResponse[Status=OK, StatusCode=200]
04:46:30.0 (307203063)|HEAP_ALLOCATE|[22]|Bytes:614
04:46:30.0 (307234836)|VARIABLE_SCOPE_BEGIN|[22]|httpResponse|System.HttpResponse|true|false
04:46:30.0 (307351673)|VARIABLE_ASSIGNMENT|[22]|httpResponse|"System.HttpResponse[Status=OK, StatusCode=200]"|0x7e349c33
04:46:30.0 (307359151)|STATEMENT_EXECUTE|[23]
04:46:30.0 (307473305)|HEAP_ALLOCATE|[23]|Bytes:608
04:46:30.0 (307502318)|VARIABLE_ASSIGNMENT|[23]|response|"{\"activities\":[],\"go (588 more) ..."
04:46:30.0 (307508444)|STATEMENT_EXECUTE|[24]
04:46:30.0 (307515326)|HEAP_ALLOCATE|[24]|Bytes:17
04:46:30.0 (307529815)|HEAP_ALLOCATE|[24]|Bytes:625
04:46:30.0 (307583753)|USER_DEBUG|[24]|DEBUG|Server Response :{"activities":[],"goals":{"activeMinutes":30,"caloriesOut":2655,"distance":8.05,"steps":10000},"summary":{"activeScore":-1,"activityCalories":0,"caloriesBMR":1090,"caloriesOut":1090,"distances":[{"activity":"total","distance":0},{"activity":"tracker","distance":0},{"activity":"loggedActivities","distance":0},{"activity":"veryActive","distance":0},{"activity":"moderatelyActive","distance":0},{"activity":"lightlyActive","distance":0},{"activity":"sedentaryActive","distance":0}],"fairlyActiveMinutes":0,"lightlyActiveMinutes":0,"marginalCalories":0,"sedentaryMinutes":1036,"steps":0,"veryActiveMinutes":0}}
04:46:30.0 (307601670)|STATEMENT_EXECUTE|[25]
04:46:30.0 (307622246)|METHOD_EXIT|[83]|01p280000085crs|FitForceUtility.doHTTPCallout(String, String)
04:46:30.0 (307631804)|VARIABLE_SCOPE_BEGIN|[83]|activityJson|String|false|false
04:46:30.0 (307646407)|VARIABLE_ASSIGNMENT|[83]|activityJson|"{\"activities\":[],\"go (588 more) ..."
04:46:30.0 (307651318)|STATEMENT_EXECUTE|[84]
04:46:30.0 (307657529)|HEAP_ALLOCATE|[84]|Bytes:15
04:46:30.0 (307715412)|HEAP_ALLOCATE|[84]|Bytes:24
04:46:30.0 (307739391)|SYSTEM_METHOD_ENTRY|[1]|Type.Type()
04:46:30.0 (307745477)|STATEMENT_EXECUTE|[1]
04:46:30.0 (307763293)|SYSTEM_METHOD_EXIT|[1]|Type
04:46:30.0 (307785862)|METHOD_ENTRY|[84]||System.Type.forName(String)
04:46:30.0 (313321300)|METHOD_EXIT|[84]||System.Type.forName(String)
04:46:30.0 (313378776)|HEAP_ALLOCATE|[84]|Bytes:18
04:46:30.0 (313398025)|SYSTEM_METHOD_ENTRY|[1]|JSON.JSON()
04:46:30.0 (313402865)|STATEMENT_EXECUTE|[1]
04:46:30.0 (313417717)|SYSTEM_METHOD_EXIT|[1]|JSON
04:46:30.0 (313437355)|METHOD_ENTRY|[84]||System.JSON.deserialize(String, System.Type)
04:46:30.0 (313645468)|STATEMENT_EXECUTE|[1]
04:46:30.0 (313649782)|STATEMENT_EXECUTE|[4]
04:46:30.0 (313651788)|STATEMENT_EXECUTE|[21]
04:46:30.0 (313654125)|STATEMENT_EXECUTE|[34]
04:46:30.0 (316071257)|METHOD_EXIT|[84]||System.JSON.deserialize(String, System.Type)
04:46:30.0 (316085756)|VARIABLE_SCOPE_BEGIN|[84]|activityWrapper|ActivityWrapper|true|false
04:46:30.0 (316134553)|VARIABLE_ASSIGNMENT|[84]|activityWrapper|{"activities":"0x6f41f998","summary":"0x4d050d59"}|0x4b38cafe
04:46:30.0 (316141461)|STATEMENT_EXECUTE|[85]
04:46:30.0 (316147520)|HEAP_ALLOCATE|[85]|Bytes:17
04:46:30.0 (316386887)|HEAP_ALLOCATE|[85]|Bytes:594
04:46:30.0 (316413469)|HEAP_ALLOCATE|[85]|Bytes:611
04:46:30.0 (316443514)|USER_DEBUG|[85]|DEBUG|activityWrapper :ActivityWrapper:[activities=(), summary=Summary:[activeScore=-1, activityCalories=0, caloriesBMR=1090, caloriesOut=1090, distances=(Distances:[activity=total, distance=0.0], Distances:[activity=tracker, distance=0.0], Distances:[activity=loggedActivities, distance=0.0], Distances:[activity=veryActive, distance=0.0], Distances:[activity=moderatelyActive, distance=0.0], Distances:[activity=lightlyActive, distance=0.0], Distances:[activity=sedentaryActive, distance=0.0]), fairlyActiveMinutes=0, lightlyActiveMinutes=0, marginalCalories=0, sedentaryMinutes=1036, steps=0, veryActiveMinutes=0]]
04:46:30.0 (316591644)|HEAP_ALLOCATE|[86]|Bytes:5
04:46:30.0 (316617203)|VARIABLE_ASSIGNMENT|[86]|act|null|
04:46:30.0 (316623471)|STATEMENT_EXECUTE|[86]
04:46:30.0 (316643047)|HEAP_ALLOCATE|[80]|Bytes:5
04:46:30.0 (316664039)|VARIABLE_ASSIGNMENT|[80]|patient|null|
04:46:30.0 (316669248)|STATEMENT_EXECUTE|[94]
04:46:30.0 (316794531)|HEAP_ALLOCATE|[EXTERNAL]|Bytes:4
04:46:30.0 (316824760)|STATEMENT_EXECUTE|[95]
04:46:30.0 (316830989)|HEAP_ALLOCATE|[95]|Bytes:14
04:46:30.0 (316875783)|HEAP_ALLOCATE|[95]|Bytes:2
04:46:30.0 (316890024)|HEAP_ALLOCATE|[95]|Bytes:16
04:46:30.0 (316901364)|USER_DEBUG|[95]|DEBUG|Updated List :()
04:46:30.0 (316906662)|STATEMENT_EXECUTE|[98]
04:46:30.0 (316911611)|HEAP_ALLOCATE|[98]|Bytes:4
04:46:30.0 (316953287)|VARIABLE_SCOPE_BEGIN|[98]|wcList|List<PatientWrapper>|true|false
04:46:30.0 (316965709)|HEAP_ALLOCATE|[EXTERNAL]|Bytes:4
04:46:30.0 (316981845)|VARIABLE_ASSIGNMENT|[98]|wcList|{"s":1,"v":[]}|0xb24bbfd
04:46:30.0 (317016525)|STATEMENT_EXECUTE|[99]
04:46:30.0 (317019985)|STATEMENT_EXECUTE|[114]
04:46:30.0 (317027725)|SYSTEM_MODE_EXIT|false
04:46:30.319 (319065004)|CUMULATIVE_LIMIT_USAGE
04:46:30.319 (319065004)|LIMIT_USAGE_FOR_NS|(default)|
  Number of SOQL queries: 1 out of 100
  Number of query rows: 1 out of 50000
  Number of SOSL queries: 0 out of 20
  Number of DML statements: 0 out of 150
  Number of DML rows: 0 out of 10000
  Maximum CPU time: 0 out of 10000
  Maximum heap size: 0 out of 6000000
  Number of callouts: 1 out of 100
  Number of Email Invocations: 0 out of 10
  Number of future calls: 0 out of 50
  Number of queueable jobs added to the queue: 0 out of 50
  Number of Mobile Apex push calls: 0 out of 10

04:46:30.319 (319065004)|CUMULATIVE_LIMIT_USAGE_END

04:46:30.0 (319121730)|CODE_UNIT_FINISHED|PatientWrapperController.sysncFitBitData
04:46:30.0 (320293655)|EXECUTION_FINISHED
