36.0 APEX_CODE,FINEST;APEX_PROFILING,INFO;CALLOUT,INFO;DB,INFO;SYSTEM,DEBUG;VALIDATION,INFO;VISUALFORCE,INFO;WORKFLOW,INFO
02:36:05.0 (64819)|EXECUTION_STARTED
02:36:05.0 (94969)|CODE_UNIT_STARTED|[EXTERNAL]|aura
02:36:05.0 (650287)|HEAP_ALLOCATE|[72]|Bytes:3
02:36:05.0 (686155)|HEAP_ALLOCATE|[77]|Bytes:152
02:36:05.0 (700384)|HEAP_ALLOCATE|[342]|Bytes:408
02:36:05.0 (717332)|HEAP_ALLOCATE|[355]|Bytes:408
02:36:05.0 (733514)|HEAP_ALLOCATE|[467]|Bytes:48
02:36:05.0 (757691)|HEAP_ALLOCATE|[139]|Bytes:6
02:36:05.0 (779094)|HEAP_ALLOCATE|[EXTERNAL]|Bytes:6
02:36:05.0 (798501)|HEAP_ALLOCATE|[EXTERNAL]|Bytes:6
02:36:05.0 (2193237)|CODE_UNIT_STARTED|[EXTERNAL]|01p280000085nGQ|PatientWrapperController.getPatientsById
02:36:05.0 (2411942)|HEAP_ALLOCATE|[EXTERNAL]|Bytes:7
02:36:05.0 (2437918)|HEAP_ALLOCATE|[EXTERNAL]|Bytes:14
02:36:05.0 (2470189)|METHOD_ENTRY|[1]|01p280000085nGQ|PatientWrapperController.PatientWrapperController()
02:36:05.0 (2478285)|STATEMENT_EXECUTE|[1]
02:36:05.0 (2487266)|STATEMENT_EXECUTE|[1]
02:36:05.0 (2515102)|METHOD_EXIT|[1]|PatientWrapperController
02:36:05.0 (2525019)|HEAP_ALLOCATE|[EXTERNAL]|Bytes:6
02:36:05.0 (2541519)|SYSTEM_MODE_ENTER|false
02:36:05.0 (2552868)|VARIABLE_SCOPE_BEGIN|[36]|patientId|String|false|false
02:36:05.0 (2591822)|VARIABLE_ASSIGNMENT|[36]|patientId|"4LR2VZ"
02:36:05.0 (2609571)|STATEMENT_EXECUTE|[36]
02:36:05.0 (2612768)|STATEMENT_EXECUTE|[38]
02:36:05.0 (2619830)|HEAP_ALLOCATE|[38]|Bytes:185
02:36:05.0 (2631670)|VARIABLE_SCOPE_BEGIN|[38]|query|String|false|false
02:36:05.0 (2646040)|VARIABLE_ASSIGNMENT|[38]|query|"SELECT Patient_Id__c (165 more) ..."
02:36:05.0 (2649427)|STATEMENT_EXECUTE|[39]
02:36:05.0 (2699389)|HEAP_ALLOCATE|[50]|Bytes:5
02:36:05.0 (2731226)|HEAP_ALLOCATE|[56]|Bytes:5
02:36:05.0 (2743455)|HEAP_ALLOCATE|[64]|Bytes:7
02:36:05.0 (3654400)|SOQL_EXECUTE_BEGIN|[39]|Aggregations:0|SELECT Patient_Id__c, Full_Name__c, Gender__c, Steps_Completed__c, Goal__c, Height__c, Heart_Rate__c, Weight__c FROM Patient__c where Patient_Id__c = :patientId ORDER BY createdDate ASC
02:36:05.0 (8526184)|SOQL_EXECUTE_END|[39]|Rows:1
02:36:05.0 (8555824)|HEAP_ALLOCATE|[39]|Bytes:8
02:36:05.0 (8580209)|HEAP_ALLOCATE|[39]|Bytes:352
02:36:05.0 (8747502)|HEAP_ALLOCATE|[39]|Bytes:8
02:36:05.0 (8787622)|VARIABLE_SCOPE_BEGIN|[39]|patientList|List<Patient__c>|true|false
02:36:05.0 (8849356)|VARIABLE_ASSIGNMENT|[39]|patientList|{"s":1,"v":[{"s":2,"v":{"Patient_Id__c":"4LR2VZ","Full_Name__c":"Purushottam","Gender__c":"Male","Steps_Completed__c":1000,"Goal__c":5000,"Height__c":5.00,"Heart_Rate__c":65,"Weight__c":50.00,"Id":"a012800000SBjJTAA1"}}]}|0x24d81683
02:36:05.0 (8858235)|STATEMENT_EXECUTE|[40]
02:36:05.0 (8873445)|VARIABLE_SCOPE_BEGIN|[40]|wrapperObj|PatientWrapper|true|false
02:36:05.0 (8883905)|VARIABLE_ASSIGNMENT|[40]|wrapperObj|null|
02:36:05.0 (8887696)|STATEMENT_EXECUTE|[41]
02:36:05.0 (8896532)|HEAP_ALLOCATE|[41]|Bytes:15
02:36:05.0 (9088375)|HEAP_ALLOCATE|[41]|Bytes:190
02:36:05.0 (9121639)|HEAP_ALLOCATE|[41]|Bytes:205
02:36:05.0 (9161225)|USER_DEBUG|[41]|DEBUG|patientList => (Patient__c:{Patient_Id__c=4LR2VZ, Full_Name__c=Purushottam, Gender__c=Male, Steps_Completed__c=1000, Goal__c=5000, Height__c=5.00, Heart_Rate__c=65, Weight__c=50.00, Id=a012800000SBjJTAA1})
02:36:05.0 (9453876)|HEAP_ALLOCATE|[42]|Bytes:5
02:36:05.0 (9519763)|HEAP_ALLOCATE|[42]|Bytes:40
02:36:05.0 (9535887)|VARIABLE_SCOPE_BEGIN|[42]|patient|Patient__c|true|false
02:36:05.0 (9562495)|VARIABLE_ASSIGNMENT|[42]|patient|{"s":1,"v":{"Patient_Id__c":"4LR2VZ","Full_Name__c":"Purushottam","Gender__c":"Male","Steps_Completed__c":1000,"Goal__c":5000,"Height__c":5.00,"Heart_Rate__c":65,"Weight__c":50.00,"Id":"a012800000SBjJTAA1"}}|0x250dff35
02:36:05.0 (9568940)|STATEMENT_EXECUTE|[42]
02:36:05.0 (9571196)|STATEMENT_EXECUTE|[43]
02:36:05.0 (9600556)|METHOD_ENTRY|[1]|01p280000085nGG|PatientWrapper.PatientWrapper()
02:36:05.0 (9605724)|STATEMENT_EXECUTE|[1]
02:36:05.0 (9610922)|STATEMENT_EXECUTE|[1]
02:36:05.0 (9623331)|METHOD_EXIT|[1]|PatientWrapper
02:36:05.0 (9634598)|HEAP_ALLOCATE|[43]|Bytes:36
02:36:05.0 (9651133)|CONSTRUCTOR_ENTRY|[43]|01p280000085nGG|<init>()
02:36:05.0 (9680706)|VARIABLE_SCOPE_BEGIN|[1]|this|PatientWrapper|true|false
02:36:05.0 (9723210)|VARIABLE_ASSIGNMENT|[1]|this|{}|0x30d1a9a0
02:36:05.0 (9737035)|HEAP_ALLOCATE|[EXTERNAL]|Bytes:6
02:36:05.0 (9778820)|STATEMENT_EXECUTE|[1]
02:36:05.0 (9781780)|STATEMENT_EXECUTE|[3]
02:36:05.0 (9783699)|STATEMENT_EXECUTE|[6]
02:36:05.0 (9785457)|STATEMENT_EXECUTE|[9]
02:36:05.0 (9787099)|STATEMENT_EXECUTE|[12]
02:36:05.0 (9788765)|STATEMENT_EXECUTE|[15]
02:36:05.0 (9790529)|STATEMENT_EXECUTE|[18]
02:36:05.0 (9792244)|STATEMENT_EXECUTE|[21]
02:36:05.0 (9793965)|STATEMENT_EXECUTE|[24]
02:36:05.0 (9800730)|CONSTRUCTOR_EXIT|[43]|01p280000085nGG|<init>()
02:36:05.0 (9827762)|VARIABLE_ASSIGNMENT|[43]|wrapperObj|{}|0x30d1a9a0
02:36:05.0 (9832429)|STATEMENT_EXECUTE|[45]
02:36:05.0 (9880040)|HEAP_ALLOCATE|[45]|Bytes:18
02:36:05.0 (9902615)|VARIABLE_ASSIGNMENT|[45]|this.id|"a012800000SBjJTAA1"|0x30d1a9a0
02:36:05.0 (9908284)|STATEMENT_EXECUTE|[46]
02:36:05.0 (9946057)|VARIABLE_ASSIGNMENT|[46]|this.name|"Purushottam"|0x30d1a9a0
02:36:05.0 (9951903)|STATEMENT_EXECUTE|[47]
02:36:05.0 (10014250)|HEAP_ALLOCATE|[47]|Bytes:12
02:36:05.0 (10036191)|VARIABLE_ASSIGNMENT|[47]|this.steps|1000.0|0x30d1a9a0
02:36:05.0 (10040497)|STATEMENT_EXECUTE|[48]
02:36:05.0 (10073623)|HEAP_ALLOCATE|[48]|Bytes:12
02:36:05.0 (10089936)|VARIABLE_ASSIGNMENT|[48]|this.goal|5000.0|0x30d1a9a0
02:36:05.0 (10093833)|STATEMENT_EXECUTE|[49]
02:36:05.0 (10125108)|HEAP_ALLOCATE|[49]|Bytes:12
02:36:05.0 (10140883)|VARIABLE_ASSIGNMENT|[49]|this.heartRate|65.0|0x30d1a9a0
02:36:05.0 (10144697)|STATEMENT_EXECUTE|[50]
02:36:05.0 (10176596)|HEAP_ALLOCATE|[50]|Bytes:12
02:36:05.0 (10191678)|VARIABLE_ASSIGNMENT|[50]|this.height|5.0|0x30d1a9a0
02:36:05.0 (10195813)|STATEMENT_EXECUTE|[51]
02:36:05.0 (10227788)|HEAP_ALLOCATE|[51]|Bytes:12
02:36:05.0 (10244322)|VARIABLE_ASSIGNMENT|[51]|this.weight|50.0|0x30d1a9a0
02:36:05.0 (10248286)|STATEMENT_EXECUTE|[52]
02:36:05.0 (10283424)|VARIABLE_ASSIGNMENT|[52]|this.patient_Id|"4LR2VZ"|0x30d1a9a0
02:36:05.0 (10306755)|HEAP_ALLOCATE|[42]|Bytes:5
02:36:05.0 (10330703)|VARIABLE_ASSIGNMENT|[42]|patient|null|
02:36:05.0 (10336760)|STATEMENT_EXECUTE|[56]
02:36:05.0 (10342687)|HEAP_ALLOCATE|[56]|Bytes:14
02:36:05.0 (10441475)|HEAP_ALLOCATE|[56]|Bytes:143
02:36:05.0 (10470237)|HEAP_ALLOCATE|[56]|Bytes:157
02:36:05.0 (10494669)|USER_DEBUG|[56]|DEBUG|wrapperObj => PatientWrapper:[goal=5000.0, heartRate=65.0, height=5.0, id=a012800000SBjJTAA1, name=Purushottam, patient_Id=4LR2VZ, steps=1000.0, weight=50.0]
02:36:05.0 (10505185)|STATEMENT_EXECUTE|[57]
02:36:05.0 (10521837)|SYSTEM_MODE_EXIT|false
02:36:05.10 (10581979)|CUMULATIVE_LIMIT_USAGE
02:36:05.10 (10581979)|LIMIT_USAGE_FOR_NS|(default)|
  Number of SOQL queries: 1 out of 100
  Number of query rows: 1 out of 50000
  Number of SOSL queries: 0 out of 20
  Number of DML statements: 0 out of 150
  Number of DML rows: 0 out of 10000
  Maximum CPU time: 0 out of 10000
  Maximum heap size: 0 out of 6000000
  Number of callouts: 0 out of 100
  Number of Email Invocations: 0 out of 10
  Number of future calls: 0 out of 50
  Number of queueable jobs added to the queue: 0 out of 50
  Number of Mobile Apex push calls: 0 out of 10

02:36:05.10 (10581979)|CUMULATIVE_LIMIT_USAGE_END

02:36:05.0 (10653837)|CODE_UNIT_FINISHED|PatientWrapperController.getPatientsById
02:36:05.0 (14597402)|CODE_UNIT_STARTED|[EXTERNAL]|Aura
02:36:05.0 (14733362)|CODE_UNIT_FINISHED|Aura
