36.0 APEX_CODE,FINEST;APEX_PROFILING,INFO;CALLOUT,INFO;DB,INFO;SYSTEM,DEBUG;VALIDATION,INFO;VISUALFORCE,INFO;WORKFLOW,INFO
04:33:48.0 (598063)|EXECUTION_STARTED
04:33:48.0 (627699)|CODE_UNIT_STARTED|[EXTERNAL]|aura
04:33:48.0 (1218681)|HEAP_ALLOCATE|[72]|Bytes:3
04:33:48.0 (1270286)|HEAP_ALLOCATE|[77]|Bytes:152
04:33:48.0 (1293910)|HEAP_ALLOCATE|[342]|Bytes:408
04:33:48.0 (1322306)|HEAP_ALLOCATE|[355]|Bytes:408
04:33:48.0 (1347234)|HEAP_ALLOCATE|[467]|Bytes:48
04:33:48.0 (1386352)|HEAP_ALLOCATE|[139]|Bytes:6
04:33:48.0 (1424703)|HEAP_ALLOCATE|[EXTERNAL]|Bytes:6
04:33:48.0 (1448702)|HEAP_ALLOCATE|[EXTERNAL]|Bytes:6
04:33:48.0 (3179606)|CODE_UNIT_STARTED|[EXTERNAL]|01p280000085nGQ|PatientWrapperController.getPatientsById
04:33:48.0 (3944388)|HEAP_ALLOCATE|[EXTERNAL]|Bytes:7
04:33:48.0 (3950591)|HEAP_ALLOCATE|[EXTERNAL]|Bytes:14
04:33:48.0 (3969395)|METHOD_ENTRY|[1]|01p280000085nGQ|PatientWrapperController.PatientWrapperController()
04:33:48.0 (3974059)|STATEMENT_EXECUTE|[1]
04:33:48.0 (3980030)|STATEMENT_EXECUTE|[1]
04:33:48.0 (3987010)|METHOD_EXIT|[1]|PatientWrapperController
04:33:48.0 (3991950)|HEAP_ALLOCATE|[EXTERNAL]|Bytes:6
04:33:48.0 (4003045)|SYSTEM_MODE_ENTER|false
04:33:48.0 (4016900)|VARIABLE_SCOPE_BEGIN|[36]|patientId|String|false|false
04:33:48.0 (4051851)|VARIABLE_ASSIGNMENT|[36]|patientId|"P00003"
04:33:48.0 (4064335)|STATEMENT_EXECUTE|[36]
04:33:48.0 (4066289)|STATEMENT_EXECUTE|[38]
04:33:48.0 (4070435)|HEAP_ALLOCATE|[38]|Bytes:185
04:33:48.0 (4076934)|VARIABLE_SCOPE_BEGIN|[38]|query|String|false|false
04:33:48.0 (4087139)|VARIABLE_ASSIGNMENT|[38]|query|"SELECT Patient_Id__c (165 more) ..."
04:33:48.0 (4089296)|STATEMENT_EXECUTE|[39]
04:33:48.0 (4133091)|HEAP_ALLOCATE|[50]|Bytes:5
04:33:48.0 (4160264)|HEAP_ALLOCATE|[56]|Bytes:5
04:33:48.0 (4169081)|HEAP_ALLOCATE|[64]|Bytes:7
04:33:48.0 (5550730)|SOQL_EXECUTE_BEGIN|[39]|Aggregations:0|SELECT Patient_Id__c, Full_Name__c, Gender__c, Steps_Completed__c, Goal__c, Height__c, Heart_Rate__c, Weight__c FROM Patient__c where Patient_Id__c = :patientId ORDER BY createdDate ASC
04:33:48.0 (9930926)|SOQL_EXECUTE_END|[39]|Rows:1
04:33:48.0 (9946848)|HEAP_ALLOCATE|[39]|Bytes:8
04:33:48.0 (9972693)|HEAP_ALLOCATE|[39]|Bytes:353
04:33:48.0 (10094415)|HEAP_ALLOCATE|[39]|Bytes:8
04:33:48.0 (10121384)|VARIABLE_SCOPE_BEGIN|[39]|patientList|List<Patient__c>|true|false
04:33:48.0 (10161962)|VARIABLE_ASSIGNMENT|[39]|patientList|{"s":1,"v":[{"s":2,"v":{"Patient_Id__c":"P00003","Full_Name__c":"Bhagyashri","Gender__c":"Female","Steps_Completed__c":1000,"Goal__c":5000,"Height__c":5.30,"Heart_Rate__c":68,"Weight__c":52.00,"Id":"a012800000SBlH6AAL"}}]}|0x6f4287d6
04:33:48.0 (10166832)|STATEMENT_EXECUTE|[40]
04:33:48.0 (10171439)|VARIABLE_SCOPE_BEGIN|[40]|wrapperObj|PatientWrapper|true|false
04:33:48.0 (10176989)|VARIABLE_ASSIGNMENT|[40]|wrapperObj|null|
04:33:48.0 (10179200)|STATEMENT_EXECUTE|[41]
04:33:48.0 (10183877)|HEAP_ALLOCATE|[41]|Bytes:15
04:33:48.0 (10286807)|HEAP_ALLOCATE|[41]|Bytes:191
04:33:48.0 (10312705)|HEAP_ALLOCATE|[41]|Bytes:206
04:33:48.0 (10346948)|USER_DEBUG|[41]|DEBUG|patientList => (Patient__c:{Patient_Id__c=P00003, Full_Name__c=Bhagyashri, Gender__c=Female, Steps_Completed__c=1000, Goal__c=5000, Height__c=5.30, Heart_Rate__c=68, Weight__c=52.00, Id=a012800000SBlH6AAL})
04:33:48.0 (10572435)|HEAP_ALLOCATE|[42]|Bytes:5
04:33:48.0 (10618198)|HEAP_ALLOCATE|[42]|Bytes:40
04:33:48.0 (10630296)|VARIABLE_SCOPE_BEGIN|[42]|patient|Patient__c|true|false
04:33:48.0 (10657870)|VARIABLE_ASSIGNMENT|[42]|patient|{"s":1,"v":{"Patient_Id__c":"P00003","Full_Name__c":"Bhagyashri","Gender__c":"Female","Steps_Completed__c":1000,"Goal__c":5000,"Height__c":5.30,"Heart_Rate__c":68,"Weight__c":52.00,"Id":"a012800000SBlH6AAL"}}|0x1ee622c0
04:33:48.0 (10666221)|STATEMENT_EXECUTE|[42]
04:33:48.0 (10668978)|STATEMENT_EXECUTE|[43]
04:33:48.0 (10703944)|METHOD_ENTRY|[1]|01p280000085nGG|PatientWrapper.PatientWrapper()
04:33:48.0 (10708636)|STATEMENT_EXECUTE|[1]
04:33:48.0 (10714205)|STATEMENT_EXECUTE|[1]
04:33:48.0 (10722065)|METHOD_EXIT|[1]|PatientWrapper
04:33:48.0 (10744994)|HEAP_ALLOCATE|[43]|Bytes:36
04:33:48.0 (10759243)|CONSTRUCTOR_ENTRY|[43]|01p280000085nGG|<init>()
04:33:48.0 (10808479)|VARIABLE_SCOPE_BEGIN|[1]|this|PatientWrapper|true|false
04:33:48.0 (10907988)|VARIABLE_ASSIGNMENT|[1]|this|{}|0x481ca17b
04:33:48.0 (10921129)|HEAP_ALLOCATE|[EXTERNAL]|Bytes:6
04:33:48.0 (10945033)|STATEMENT_EXECUTE|[1]
04:33:48.0 (10947114)|STATEMENT_EXECUTE|[3]
04:33:48.0 (10948459)|STATEMENT_EXECUTE|[6]
04:33:48.0 (10949542)|STATEMENT_EXECUTE|[9]
04:33:48.0 (10950727)|STATEMENT_EXECUTE|[12]
04:33:48.0 (10951845)|STATEMENT_EXECUTE|[15]
04:33:48.0 (10952845)|STATEMENT_EXECUTE|[18]
04:33:48.0 (10954031)|STATEMENT_EXECUTE|[21]
04:33:48.0 (10954987)|STATEMENT_EXECUTE|[24]
04:33:48.0 (10958739)|CONSTRUCTOR_EXIT|[43]|01p280000085nGG|<init>()
04:33:48.0 (10976248)|VARIABLE_ASSIGNMENT|[43]|wrapperObj|{}|0x481ca17b
04:33:48.0 (10979007)|STATEMENT_EXECUTE|[45]
04:33:48.0 (11026563)|HEAP_ALLOCATE|[45]|Bytes:18
04:33:48.0 (11047484)|VARIABLE_ASSIGNMENT|[45]|this.id|"a012800000SBlH6AAL"|0x481ca17b
04:33:48.0 (11050739)|STATEMENT_EXECUTE|[46]
04:33:48.0 (11081807)|VARIABLE_ASSIGNMENT|[46]|this.name|"Bhagyashri"|0x481ca17b
04:33:48.0 (11085136)|STATEMENT_EXECUTE|[47]
04:33:48.0 (11137518)|HEAP_ALLOCATE|[47]|Bytes:12
04:33:48.0 (11154688)|VARIABLE_ASSIGNMENT|[47]|this.steps|1000.0|0x481ca17b
04:33:48.0 (11157555)|STATEMENT_EXECUTE|[48]
04:33:48.0 (11180900)|HEAP_ALLOCATE|[48]|Bytes:12
04:33:48.0 (11190500)|VARIABLE_ASSIGNMENT|[48]|this.goal|5000.0|0x481ca17b
04:33:48.0 (11192816)|STATEMENT_EXECUTE|[49]
04:33:48.0 (11210102)|HEAP_ALLOCATE|[49]|Bytes:12
04:33:48.0 (11218748)|VARIABLE_ASSIGNMENT|[49]|this.heartRate|68.0|0x481ca17b
04:33:48.0 (11220836)|STATEMENT_EXECUTE|[50]
04:33:48.0 (11237656)|HEAP_ALLOCATE|[50]|Bytes:12
04:33:48.0 (11246985)|VARIABLE_ASSIGNMENT|[50]|this.height|5.3|0x481ca17b
04:33:48.0 (11249096)|STATEMENT_EXECUTE|[51]
04:33:48.0 (11265195)|HEAP_ALLOCATE|[51]|Bytes:12
04:33:48.0 (11274189)|VARIABLE_ASSIGNMENT|[51]|this.weight|52.0|0x481ca17b
04:33:48.0 (11276300)|STATEMENT_EXECUTE|[52]
04:33:48.0 (11295634)|VARIABLE_ASSIGNMENT|[52]|this.patient_Id|"P00003"|0x481ca17b
04:33:48.0 (11310446)|HEAP_ALLOCATE|[42]|Bytes:5
04:33:48.0 (11323124)|VARIABLE_ASSIGNMENT|[42]|patient|null|
04:33:48.0 (11326599)|STATEMENT_EXECUTE|[56]
04:33:48.0 (11331238)|HEAP_ALLOCATE|[56]|Bytes:14
04:33:48.0 (11409345)|HEAP_ALLOCATE|[56]|Bytes:142
04:33:48.0 (11426267)|HEAP_ALLOCATE|[56]|Bytes:156
04:33:48.0 (11436982)|USER_DEBUG|[56]|DEBUG|wrapperObj => PatientWrapper:[goal=5000.0, heartRate=68.0, height=5.3, id=a012800000SBlH6AAL, name=Bhagyashri, patient_Id=P00003, steps=1000.0, weight=52.0]
04:33:48.0 (11444597)|STATEMENT_EXECUTE|[57]
04:33:48.0 (11461230)|SYSTEM_MODE_EXIT|false
04:33:48.11 (11512229)|CUMULATIVE_LIMIT_USAGE
04:33:48.11 (11512229)|LIMIT_USAGE_FOR_NS|(default)|
  Number of SOQL queries: 1 out of 100
  Number of query rows: 1 out of 50000
  Number of SOSL queries: 0 out of 20
  Number of DML statements: 0 out of 150
  Number of DML rows: 0 out of 10000
  Maximum CPU time: 0 out of 10000
  Maximum heap size: 0 out of 6000000
  Number of callouts: 0 out of 100
  Number of Email Invocations: 0 out of 10
  Number of future calls: 0 out of 50
  Number of queueable jobs added to the queue: 0 out of 50
  Number of Mobile Apex push calls: 0 out of 10

04:33:48.11 (11512229)|CUMULATIVE_LIMIT_USAGE_END

04:33:48.0 (11565347)|CODE_UNIT_FINISHED|PatientWrapperController.getPatientsById
04:33:48.0 (13648700)|CODE_UNIT_STARTED|[EXTERNAL]|Aura
04:33:48.0 (13701956)|CODE_UNIT_FINISHED|Aura
