36.0 APEX_CODE,FINEST;APEX_PROFILING,INFO;CALLOUT,INFO;DB,INFO;SYSTEM,DEBUG;VALIDATION,INFO;VISUALFORCE,INFO;WORKFLOW,INFO
04:41:15.0 (74659)|EXECUTION_STARTED
04:41:15.0 (106303)|CODE_UNIT_STARTED|[EXTERNAL]|aura
04:41:15.0 (648840)|HEAP_ALLOCATE|[72]|Bytes:3
04:41:15.0 (703132)|HEAP_ALLOCATE|[77]|Bytes:152
04:41:15.0 (719103)|HEAP_ALLOCATE|[342]|Bytes:408
04:41:15.0 (740156)|HEAP_ALLOCATE|[355]|Bytes:408
04:41:15.0 (757797)|HEAP_ALLOCATE|[467]|Bytes:48
04:41:15.0 (796589)|HEAP_ALLOCATE|[139]|Bytes:6
04:41:15.0 (825071)|HEAP_ALLOCATE|[EXTERNAL]|Bytes:6
04:41:15.0 (841813)|HEAP_ALLOCATE|[EXTERNAL]|Bytes:6
04:41:15.0 (2191987)|CODE_UNIT_STARTED|[EXTERNAL]|01p280000085nGQ|PatientWrapperController.getPatientsById
04:41:15.0 (2391554)|HEAP_ALLOCATE|[EXTERNAL]|Bytes:7
04:41:15.0 (2400764)|HEAP_ALLOCATE|[EXTERNAL]|Bytes:14
04:41:15.0 (2422616)|METHOD_ENTRY|[1]|01p280000085nGQ|PatientWrapperController.PatientWrapperController()
04:41:15.0 (2429438)|STATEMENT_EXECUTE|[1]
04:41:15.0 (2438075)|STATEMENT_EXECUTE|[1]
04:41:15.0 (2449742)|METHOD_EXIT|[1]|PatientWrapperController
04:41:15.0 (2457062)|HEAP_ALLOCATE|[EXTERNAL]|Bytes:6
04:41:15.0 (25646263)|SYSTEM_MODE_ENTER|false
04:41:15.0 (25661851)|VARIABLE_SCOPE_BEGIN|[36]|patientId|String|false|false
04:41:15.0 (25704452)|VARIABLE_ASSIGNMENT|[36]|patientId|"P00002"
04:41:15.0 (25719711)|STATEMENT_EXECUTE|[36]
04:41:15.0 (25721767)|STATEMENT_EXECUTE|[38]
04:41:15.0 (25726673)|HEAP_ALLOCATE|[38]|Bytes:185
04:41:15.0 (25735378)|VARIABLE_SCOPE_BEGIN|[38]|query|String|false|false
04:41:15.0 (25747644)|VARIABLE_ASSIGNMENT|[38]|query|"SELECT Patient_Id__c (165 more) ..."
04:41:15.0 (25749891)|STATEMENT_EXECUTE|[39]
04:41:15.0 (25796864)|HEAP_ALLOCATE|[50]|Bytes:5
04:41:15.0 (25838941)|HEAP_ALLOCATE|[56]|Bytes:5
04:41:15.0 (25849080)|HEAP_ALLOCATE|[64]|Bytes:7
04:41:15.0 (26606405)|SOQL_EXECUTE_BEGIN|[39]|Aggregations:0|SELECT Patient_Id__c, Full_Name__c, Gender__c, Steps_Completed__c, Goal__c, Height__c, Heart_Rate__c, Weight__c FROM Patient__c where Patient_Id__c = :patientId ORDER BY createdDate ASC
04:41:15.0 (30827669)|SOQL_EXECUTE_END|[39]|Rows:1
04:41:15.0 (30856746)|HEAP_ALLOCATE|[39]|Bytes:8
04:41:15.0 (30912535)|HEAP_ALLOCATE|[39]|Bytes:350
04:41:15.0 (31055354)|HEAP_ALLOCATE|[39]|Bytes:8
04:41:15.0 (31081512)|VARIABLE_SCOPE_BEGIN|[39]|patientList|List<Patient__c>|true|false
04:41:15.0 (31131873)|VARIABLE_ASSIGNMENT|[39]|patientList|{"s":1,"v":[{"s":2,"v":{"Patient_Id__c":"P00002","Full_Name__c":"Pallavi","Gender__c":"Female","Steps_Completed__c":6000,"Goal__c":6000,"Height__c":4.00,"Heart_Rate__c":72,"Weight__c":68.00,"Id":"a012800000SBjJnAAL"}}]}|0x4b13318c
04:41:15.0 (31137567)|STATEMENT_EXECUTE|[40]
04:41:15.0 (31145696)|VARIABLE_SCOPE_BEGIN|[40]|wrapperObj|PatientWrapper|true|false
04:41:15.0 (31151930)|VARIABLE_ASSIGNMENT|[40]|wrapperObj|null|
04:41:15.0 (31154471)|STATEMENT_EXECUTE|[41]
04:41:15.0 (31161796)|HEAP_ALLOCATE|[41]|Bytes:15
04:41:15.0 (31287481)|HEAP_ALLOCATE|[41]|Bytes:188
04:41:15.0 (31309470)|HEAP_ALLOCATE|[41]|Bytes:203
04:41:15.0 (31333285)|USER_DEBUG|[41]|DEBUG|patientList => (Patient__c:{Patient_Id__c=P00002, Full_Name__c=Pallavi, Gender__c=Female, Steps_Completed__c=6000, Goal__c=6000, Height__c=4.00, Heart_Rate__c=72, Weight__c=68.00, Id=a012800000SBjJnAAL})
04:41:15.0 (31548086)|HEAP_ALLOCATE|[42]|Bytes:5
04:41:15.0 (31592760)|HEAP_ALLOCATE|[42]|Bytes:40
04:41:15.0 (31604560)|VARIABLE_SCOPE_BEGIN|[42]|patient|Patient__c|true|false
04:41:15.0 (31624507)|VARIABLE_ASSIGNMENT|[42]|patient|{"s":1,"v":{"Patient_Id__c":"P00002","Full_Name__c":"Pallavi","Gender__c":"Female","Steps_Completed__c":6000,"Goal__c":6000,"Height__c":4.00,"Heart_Rate__c":72,"Weight__c":68.00,"Id":"a012800000SBjJnAAL"}}|0x7a07aa7c
04:41:15.0 (31629280)|STATEMENT_EXECUTE|[42]
04:41:15.0 (31630697)|STATEMENT_EXECUTE|[43]
04:41:15.0 (31650582)|METHOD_ENTRY|[1]|01p280000085nGG|PatientWrapper.PatientWrapper()
04:41:15.0 (31654366)|STATEMENT_EXECUTE|[1]
04:41:15.0 (31658673)|STATEMENT_EXECUTE|[1]
04:41:15.0 (31666164)|METHOD_EXIT|[1]|PatientWrapper
04:41:15.0 (31673488)|HEAP_ALLOCATE|[43]|Bytes:36
04:41:15.0 (31684667)|CONSTRUCTOR_ENTRY|[43]|01p280000085nGG|<init>()
04:41:15.0 (31708713)|VARIABLE_SCOPE_BEGIN|[1]|this|PatientWrapper|true|false
04:41:15.0 (31743397)|VARIABLE_ASSIGNMENT|[1]|this|{}|0x7c6e32ff
04:41:15.0 (31753898)|HEAP_ALLOCATE|[EXTERNAL]|Bytes:6
04:41:15.0 (31779292)|STATEMENT_EXECUTE|[1]
04:41:15.0 (31781383)|STATEMENT_EXECUTE|[3]
04:41:15.0 (31782509)|STATEMENT_EXECUTE|[6]
04:41:15.0 (31783541)|STATEMENT_EXECUTE|[9]
04:41:15.0 (31784654)|STATEMENT_EXECUTE|[12]
04:41:15.0 (31785849)|STATEMENT_EXECUTE|[15]
04:41:15.0 (31786949)|STATEMENT_EXECUTE|[18]
04:41:15.0 (31787951)|STATEMENT_EXECUTE|[21]
04:41:15.0 (31788950)|STATEMENT_EXECUTE|[24]
04:41:15.0 (31793051)|CONSTRUCTOR_EXIT|[43]|01p280000085nGG|<init>()
04:41:15.0 (31808571)|VARIABLE_ASSIGNMENT|[43]|wrapperObj|{}|0x7c6e32ff
04:41:15.0 (31811300)|STATEMENT_EXECUTE|[45]
04:41:15.0 (31848110)|HEAP_ALLOCATE|[45]|Bytes:18
04:41:15.0 (31864355)|VARIABLE_ASSIGNMENT|[45]|this.id|"a012800000SBjJnAAL"|0x7c6e32ff
04:41:15.0 (31867134)|STATEMENT_EXECUTE|[46]
04:41:15.0 (31888976)|VARIABLE_ASSIGNMENT|[46]|this.name|"Pallavi"|0x7c6e32ff
04:41:15.0 (31892177)|STATEMENT_EXECUTE|[47]
04:41:15.0 (31940417)|HEAP_ALLOCATE|[47]|Bytes:12
04:41:15.0 (31954437)|VARIABLE_ASSIGNMENT|[47]|this.steps|6000.0|0x7c6e32ff
04:41:15.0 (31956938)|STATEMENT_EXECUTE|[48]
04:41:15.0 (31976339)|HEAP_ALLOCATE|[48]|Bytes:12
04:41:15.0 (31984477)|VARIABLE_ASSIGNMENT|[48]|this.goal|6000.0|0x7c6e32ff
04:41:15.0 (31986628)|STATEMENT_EXECUTE|[49]
04:41:15.0 (32002021)|HEAP_ALLOCATE|[49]|Bytes:12
04:41:15.0 (32010802)|VARIABLE_ASSIGNMENT|[49]|this.heartRate|72.0|0x7c6e32ff
04:41:15.0 (32013153)|STATEMENT_EXECUTE|[50]
04:41:15.0 (32028366)|HEAP_ALLOCATE|[50]|Bytes:12
04:41:15.0 (32035946)|VARIABLE_ASSIGNMENT|[50]|this.height|4.0|0x7c6e32ff
04:41:15.0 (32037995)|STATEMENT_EXECUTE|[51]
04:41:15.0 (32052136)|HEAP_ALLOCATE|[51]|Bytes:12
04:41:15.0 (32059802)|VARIABLE_ASSIGNMENT|[51]|this.weight|68.0|0x7c6e32ff
04:41:15.0 (32061952)|STATEMENT_EXECUTE|[52]
04:41:15.0 (32080143)|VARIABLE_ASSIGNMENT|[52]|this.patient_Id|"P00002"|0x7c6e32ff
04:41:15.0 (32094028)|HEAP_ALLOCATE|[42]|Bytes:5
04:41:15.0 (32105602)|VARIABLE_ASSIGNMENT|[42]|patient|null|
04:41:15.0 (32109262)|STATEMENT_EXECUTE|[56]
04:41:15.0 (32112109)|HEAP_ALLOCATE|[56]|Bytes:14
04:41:15.0 (32171772)|HEAP_ALLOCATE|[56]|Bytes:139
04:41:15.0 (32186490)|HEAP_ALLOCATE|[56]|Bytes:153
04:41:15.0 (32196329)|USER_DEBUG|[56]|DEBUG|wrapperObj => PatientWrapper:[goal=6000.0, heartRate=72.0, height=4.0, id=a012800000SBjJnAAL, name=Pallavi, patient_Id=P00002, steps=6000.0, weight=68.0]
04:41:15.0 (32202047)|STATEMENT_EXECUTE|[57]
04:41:15.0 (32211693)|SYSTEM_MODE_EXIT|false
04:41:15.32 (32261330)|CUMULATIVE_LIMIT_USAGE
04:41:15.32 (32261330)|LIMIT_USAGE_FOR_NS|(default)|
  Number of SOQL queries: 1 out of 100
  Number of query rows: 1 out of 50000
  Number of SOSL queries: 0 out of 20
  Number of DML statements: 0 out of 150
  Number of DML rows: 0 out of 10000
  Maximum CPU time: 0 out of 10000
  Maximum heap size: 0 out of 6000000
  Number of callouts: 0 out of 100
  Number of Email Invocations: 0 out of 10
  Number of future calls: 0 out of 50
  Number of queueable jobs added to the queue: 0 out of 50
  Number of Mobile Apex push calls: 0 out of 10

04:41:15.32 (32261330)|CUMULATIVE_LIMIT_USAGE_END

04:41:15.0 (32304454)|CODE_UNIT_FINISHED|PatientWrapperController.getPatientsById
04:41:15.0 (34458934)|CODE_UNIT_STARTED|[EXTERNAL]|Aura
04:41:15.0 (34517996)|CODE_UNIT_FINISHED|Aura
