36.0 APEX_CODE,FINEST;APEX_PROFILING,INFO;CALLOUT,INFO;DB,INFO;SYSTEM,DEBUG;VALIDATION,INFO;VISUALFORCE,INFO;WORKFLOW,INFO
03:38:58.0 (501704)|EXECUTION_STARTED
03:38:58.0 (531787)|CODE_UNIT_STARTED|[EXTERNAL]|aura
03:38:58.0 (973661)|HEAP_ALLOCATE|[72]|Bytes:3
03:38:58.0 (1008739)|HEAP_ALLOCATE|[77]|Bytes:152
03:38:58.0 (1024319)|HEAP_ALLOCATE|[342]|Bytes:408
03:38:58.0 (1040026)|HEAP_ALLOCATE|[355]|Bytes:408
03:38:58.0 (1053960)|HEAP_ALLOCATE|[467]|Bytes:48
03:38:58.0 (1084520)|HEAP_ALLOCATE|[139]|Bytes:6
03:38:58.0 (1125610)|HEAP_ALLOCATE|[EXTERNAL]|Bytes:6
03:38:58.0 (1150471)|HEAP_ALLOCATE|[EXTERNAL]|Bytes:6
03:38:58.0 (2439562)|CODE_UNIT_STARTED|[EXTERNAL]|01p280000085nGQ|PatientWrapperController.getPatientsById
03:38:58.0 (3155885)|HEAP_ALLOCATE|[EXTERNAL]|Bytes:7
03:38:58.0 (3167704)|HEAP_ALLOCATE|[EXTERNAL]|Bytes:14
03:38:58.0 (3193585)|METHOD_ENTRY|[1]|01p280000085nGQ|PatientWrapperController.PatientWrapperController()
03:38:58.0 (3199471)|STATEMENT_EXECUTE|[1]
03:38:58.0 (3208776)|STATEMENT_EXECUTE|[1]
03:38:58.0 (3221149)|METHOD_EXIT|[1]|PatientWrapperController
03:38:58.0 (3228718)|HEAP_ALLOCATE|[EXTERNAL]|Bytes:6
03:38:58.0 (3241311)|SYSTEM_MODE_ENTER|false
03:38:58.0 (3260740)|VARIABLE_SCOPE_BEGIN|[36]|patientId|String|false|false
03:38:58.0 (3300420)|VARIABLE_ASSIGNMENT|[36]|patientId|"P00003"
03:38:58.0 (3317226)|STATEMENT_EXECUTE|[36]
03:38:58.0 (3319985)|STATEMENT_EXECUTE|[38]
03:38:58.0 (3325861)|HEAP_ALLOCATE|[38]|Bytes:185
03:38:58.0 (3334987)|VARIABLE_SCOPE_BEGIN|[38]|query|String|false|false
03:38:58.0 (3351965)|VARIABLE_ASSIGNMENT|[38]|query|"SELECT Patient_Id__c (165 more) ..."
03:38:58.0 (3356023)|STATEMENT_EXECUTE|[39]
03:38:58.0 (3403439)|HEAP_ALLOCATE|[50]|Bytes:5
03:38:58.0 (3437774)|HEAP_ALLOCATE|[56]|Bytes:5
03:38:58.0 (3457215)|HEAP_ALLOCATE|[64]|Bytes:7
03:38:58.0 (5167106)|SOQL_EXECUTE_BEGIN|[39]|Aggregations:0|SELECT Patient_Id__c, Full_Name__c, Gender__c, Steps_Completed__c, Goal__c, Height__c, Heart_Rate__c, Weight__c FROM Patient__c where Patient_Id__c = :patientId ORDER BY createdDate ASC
03:38:58.0 (9389084)|SOQL_EXECUTE_END|[39]|Rows:1
03:38:58.0 (9407577)|HEAP_ALLOCATE|[39]|Bytes:8
03:38:58.0 (9423106)|HEAP_ALLOCATE|[39]|Bytes:353
03:38:58.0 (9512537)|HEAP_ALLOCATE|[39]|Bytes:8
03:38:58.0 (9543419)|VARIABLE_SCOPE_BEGIN|[39]|patientList|List<Patient__c>|true|false
03:38:58.0 (9598852)|VARIABLE_ASSIGNMENT|[39]|patientList|{"s":1,"v":[{"s":2,"v":{"Patient_Id__c":"P00003","Full_Name__c":"Bhagyashri","Gender__c":"Female","Steps_Completed__c":1000,"Goal__c":5000,"Height__c":5.30,"Heart_Rate__c":68,"Weight__c":52.00,"Id":"a012800000SBlH6AAL"}}]}|0xf3992b4
03:38:58.0 (9604656)|STATEMENT_EXECUTE|[40]
03:38:58.0 (9609731)|VARIABLE_SCOPE_BEGIN|[40]|wrapperObj|PatientWrapper|true|false
03:38:58.0 (9615238)|VARIABLE_ASSIGNMENT|[40]|wrapperObj|null|
03:38:58.0 (9617396)|STATEMENT_EXECUTE|[41]
03:38:58.0 (9622104)|HEAP_ALLOCATE|[41]|Bytes:15
03:38:58.0 (9741686)|HEAP_ALLOCATE|[41]|Bytes:191
03:38:58.0 (9764156)|HEAP_ALLOCATE|[41]|Bytes:206
03:38:58.0 (9787847)|USER_DEBUG|[41]|DEBUG|patientList => (Patient__c:{Patient_Id__c=P00003, Full_Name__c=Bhagyashri, Gender__c=Female, Steps_Completed__c=1000, Goal__c=5000, Height__c=5.30, Heart_Rate__c=68, Weight__c=52.00, Id=a012800000SBlH6AAL})
03:38:58.0 (9974598)|HEAP_ALLOCATE|[42]|Bytes:5
03:38:58.0 (10014591)|HEAP_ALLOCATE|[42]|Bytes:40
03:38:58.0 (10026240)|VARIABLE_SCOPE_BEGIN|[42]|patient|Patient__c|true|false
03:38:58.0 (10045291)|VARIABLE_ASSIGNMENT|[42]|patient|{"s":1,"v":{"Patient_Id__c":"P00003","Full_Name__c":"Bhagyashri","Gender__c":"Female","Steps_Completed__c":1000,"Goal__c":5000,"Height__c":5.30,"Heart_Rate__c":68,"Weight__c":52.00,"Id":"a012800000SBlH6AAL"}}|0x2c61a826
03:38:58.0 (10049528)|STATEMENT_EXECUTE|[42]
03:38:58.0 (10051190)|STATEMENT_EXECUTE|[43]
03:38:58.0 (10086931)|METHOD_ENTRY|[1]|01p280000085nGG|PatientWrapper.PatientWrapper()
03:38:58.0 (10090776)|STATEMENT_EXECUTE|[1]
03:38:58.0 (10101910)|STATEMENT_EXECUTE|[1]
03:38:58.0 (10112181)|METHOD_EXIT|[1]|PatientWrapper
03:38:58.0 (10135651)|HEAP_ALLOCATE|[43]|Bytes:36
03:38:58.0 (10148598)|CONSTRUCTOR_ENTRY|[43]|01p280000085nGG|<init>()
03:38:58.0 (10188302)|VARIABLE_SCOPE_BEGIN|[1]|this|PatientWrapper|true|false
03:38:58.0 (10275005)|VARIABLE_ASSIGNMENT|[1]|this|{}|0x319ea27e
03:38:58.0 (10286049)|HEAP_ALLOCATE|[EXTERNAL]|Bytes:6
03:38:58.0 (10311877)|STATEMENT_EXECUTE|[1]
03:38:58.0 (10314197)|STATEMENT_EXECUTE|[3]
03:38:58.0 (10315571)|STATEMENT_EXECUTE|[6]
03:38:58.0 (10316783)|STATEMENT_EXECUTE|[9]
03:38:58.0 (10317907)|STATEMENT_EXECUTE|[12]
03:38:58.0 (10319155)|STATEMENT_EXECUTE|[15]
03:38:58.0 (10320139)|STATEMENT_EXECUTE|[18]
03:38:58.0 (10321221)|STATEMENT_EXECUTE|[21]
03:38:58.0 (10322202)|STATEMENT_EXECUTE|[24]
03:38:58.0 (10327627)|CONSTRUCTOR_EXIT|[43]|01p280000085nGG|<init>()
03:38:58.0 (10343466)|VARIABLE_ASSIGNMENT|[43]|wrapperObj|{}|0x319ea27e
03:38:58.0 (10346307)|STATEMENT_EXECUTE|[45]
03:38:58.0 (10377678)|HEAP_ALLOCATE|[45]|Bytes:18
03:38:58.0 (10393824)|VARIABLE_ASSIGNMENT|[45]|this.id|"a012800000SBlH6AAL"|0x319ea27e
03:38:58.0 (10397070)|STATEMENT_EXECUTE|[46]
03:38:58.0 (10424482)|VARIABLE_ASSIGNMENT|[46]|this.name|"Bhagyashri"|0x319ea27e
03:38:58.0 (10427990)|STATEMENT_EXECUTE|[47]
03:38:58.0 (10472312)|HEAP_ALLOCATE|[47]|Bytes:12
03:38:58.0 (10486559)|VARIABLE_ASSIGNMENT|[47]|this.steps|1000.0|0x319ea27e
03:38:58.0 (10489148)|STATEMENT_EXECUTE|[48]
03:38:58.0 (10509206)|HEAP_ALLOCATE|[48]|Bytes:12
03:38:58.0 (10518380)|VARIABLE_ASSIGNMENT|[48]|this.goal|5000.0|0x319ea27e
03:38:58.0 (10520667)|STATEMENT_EXECUTE|[49]
03:38:58.0 (10536553)|HEAP_ALLOCATE|[49]|Bytes:12
03:38:58.0 (10545130)|VARIABLE_ASSIGNMENT|[49]|this.heartRate|68.0|0x319ea27e
03:38:58.0 (10547430)|STATEMENT_EXECUTE|[50]
03:38:58.0 (10564113)|HEAP_ALLOCATE|[50]|Bytes:12
03:38:58.0 (10573342)|VARIABLE_ASSIGNMENT|[50]|this.height|5.3|0x319ea27e
03:38:58.0 (10575416)|STATEMENT_EXECUTE|[51]
03:38:58.0 (10595571)|HEAP_ALLOCATE|[51]|Bytes:12
03:38:58.0 (10605215)|VARIABLE_ASSIGNMENT|[51]|this.weight|52.0|0x319ea27e
03:38:58.0 (10607284)|STATEMENT_EXECUTE|[52]
03:38:58.0 (10626817)|VARIABLE_ASSIGNMENT|[52]|this.patient_Id|"P00003"|0x319ea27e
03:38:58.0 (10641654)|HEAP_ALLOCATE|[42]|Bytes:5
03:38:58.0 (10654858)|VARIABLE_ASSIGNMENT|[42]|patient|null|
03:38:58.0 (10657838)|STATEMENT_EXECUTE|[56]
03:38:58.0 (10661376)|HEAP_ALLOCATE|[56]|Bytes:14
03:38:58.0 (10720435)|HEAP_ALLOCATE|[56]|Bytes:142
03:38:58.0 (10735416)|HEAP_ALLOCATE|[56]|Bytes:156
03:38:58.0 (10746106)|USER_DEBUG|[56]|DEBUG|wrapperObj => PatientWrapper:[goal=5000.0, heartRate=68.0, height=5.3, id=a012800000SBlH6AAL, name=Bhagyashri, patient_Id=P00003, steps=1000.0, weight=52.0]
03:38:58.0 (10752168)|STATEMENT_EXECUTE|[57]
03:38:58.0 (10759752)|SYSTEM_MODE_EXIT|false
03:38:58.10 (10806106)|CUMULATIVE_LIMIT_USAGE
03:38:58.10 (10806106)|LIMIT_USAGE_FOR_NS|(default)|
  Number of SOQL queries: 1 out of 100
  Number of query rows: 1 out of 50000
  Number of SOSL queries: 0 out of 20
  Number of DML statements: 0 out of 150
  Number of DML rows: 0 out of 10000
  Maximum CPU time: 0 out of 10000
  Maximum heap size: 0 out of 6000000
  Number of callouts: 0 out of 100
  Number of Email Invocations: 0 out of 10
  Number of future calls: 0 out of 50
  Number of queueable jobs added to the queue: 0 out of 50
  Number of Mobile Apex push calls: 0 out of 10

03:38:58.10 (10806106)|CUMULATIVE_LIMIT_USAGE_END

03:38:58.0 (10858036)|CODE_UNIT_FINISHED|PatientWrapperController.getPatientsById
03:38:58.0 (12577262)|CODE_UNIT_STARTED|[EXTERNAL]|Aura
03:38:58.0 (12637162)|CODE_UNIT_FINISHED|Aura
03:38:58.0 (12835015)|HEAP_ALLOCATE|[EXTERNAL]|Bytes:6
03:38:58.0 (12854272)|HEAP_ALLOCATE|[EXTERNAL]|Bytes:6
03:38:58.0 (13965455)|CODE_UNIT_STARTED|[EXTERNAL]|01p280000085nGQ|PatientWrapperController.getPatientsById
03:38:58.0 (14003344)|HEAP_ALLOCATE|[EXTERNAL]|Bytes:6
03:38:58.0 (14014401)|SYSTEM_MODE_ENTER|false
03:38:58.0 (14022331)|VARIABLE_SCOPE_BEGIN|[36]|patientId|String|false|false
03:38:58.0 (14031118)|VARIABLE_ASSIGNMENT|[36]|patientId|"P00003"
03:38:58.0 (14039063)|STATEMENT_EXECUTE|[36]
03:38:58.0 (14040810)|STATEMENT_EXECUTE|[38]
03:38:58.0 (14049563)|VARIABLE_SCOPE_BEGIN|[38]|query|String|false|false
03:38:58.0 (14057894)|VARIABLE_ASSIGNMENT|[38]|query|"SELECT Patient_Id__c (165 more) ..."
03:38:58.0 (14059947)|STATEMENT_EXECUTE|[39]
03:38:58.0 (14353135)|SOQL_EXECUTE_BEGIN|[39]|Aggregations:0|SELECT Patient_Id__c, Full_Name__c, Gender__c, Steps_Completed__c, Goal__c, Height__c, Heart_Rate__c, Weight__c FROM Patient__c where Patient_Id__c = :patientId ORDER BY createdDate ASC
03:38:58.0 (17203170)|SOQL_EXECUTE_END|[39]|Rows:1
03:38:58.0 (17223550)|HEAP_ALLOCATE|[39]|Bytes:8
03:38:58.0 (17245847)|HEAP_ALLOCATE|[39]|Bytes:353
03:38:58.0 (17273940)|HEAP_ALLOCATE|[39]|Bytes:8
03:38:58.0 (17300860)|VARIABLE_SCOPE_BEGIN|[39]|patientList|List<Patient__c>|true|false
03:38:58.0 (17351231)|VARIABLE_ASSIGNMENT|[39]|patientList|{"s":1,"v":[{"s":2,"v":{"Patient_Id__c":"P00003","Full_Name__c":"Bhagyashri","Gender__c":"Female","Steps_Completed__c":1000,"Goal__c":5000,"Height__c":5.30,"Heart_Rate__c":68,"Weight__c":52.00,"Id":"a012800000SBlH6AAL"}}]}|0x34e3275b
03:38:58.0 (17358319)|STATEMENT_EXECUTE|[40]
03:38:58.0 (17363756)|VARIABLE_SCOPE_BEGIN|[40]|wrapperObj|PatientWrapper|true|false
03:38:58.0 (17370092)|VARIABLE_ASSIGNMENT|[40]|wrapperObj|null|
03:38:58.0 (17372003)|STATEMENT_EXECUTE|[41]
03:38:58.0 (17445652)|HEAP_ALLOCATE|[41]|Bytes:191
03:38:58.0 (17462089)|HEAP_ALLOCATE|[41]|Bytes:206
03:38:58.0 (17474207)|USER_DEBUG|[41]|DEBUG|patientList => (Patient__c:{Patient_Id__c=P00003, Full_Name__c=Bhagyashri, Gender__c=Female, Steps_Completed__c=1000, Goal__c=5000, Height__c=5.30, Heart_Rate__c=68, Weight__c=52.00, Id=a012800000SBlH6AAL})
03:38:58.0 (17503988)|HEAP_ALLOCATE|[42]|Bytes:5
03:38:58.0 (17528107)|HEAP_ALLOCATE|[42]|Bytes:40
03:38:58.0 (17539237)|VARIABLE_SCOPE_BEGIN|[42]|patient|Patient__c|true|false
03:38:58.0 (17557861)|VARIABLE_ASSIGNMENT|[42]|patient|{"s":1,"v":{"Patient_Id__c":"P00003","Full_Name__c":"Bhagyashri","Gender__c":"Female","Steps_Completed__c":1000,"Goal__c":5000,"Height__c":5.30,"Heart_Rate__c":68,"Weight__c":52.00,"Id":"a012800000SBlH6AAL"}}|0x7ed843f8
03:38:58.0 (17562215)|STATEMENT_EXECUTE|[42]
03:38:58.0 (17563988)|STATEMENT_EXECUTE|[43]
03:38:58.0 (17569799)|HEAP_ALLOCATE|[43]|Bytes:36
03:38:58.0 (17578478)|CONSTRUCTOR_ENTRY|[43]|01p280000085nGG|<init>()
03:38:58.0 (17585016)|VARIABLE_SCOPE_BEGIN|[1]|this|PatientWrapper|true|false
03:38:58.0 (17619371)|VARIABLE_ASSIGNMENT|[1]|this|{}|0x44780f44
03:38:58.0 (17647071)|STATEMENT_EXECUTE|[1]
03:38:58.0 (17650506)|STATEMENT_EXECUTE|[3]
03:38:58.0 (17652537)|STATEMENT_EXECUTE|[6]
03:38:58.0 (17654144)|STATEMENT_EXECUTE|[9]
03:38:58.0 (17655849)|STATEMENT_EXECUTE|[12]
03:38:58.0 (17657633)|STATEMENT_EXECUTE|[15]
03:38:58.0 (17659452)|STATEMENT_EXECUTE|[18]
03:38:58.0 (17661134)|STATEMENT_EXECUTE|[21]
03:38:58.0 (17663182)|STATEMENT_EXECUTE|[24]
03:38:58.0 (17691088)|CONSTRUCTOR_EXIT|[43]|01p280000085nGG|<init>()
03:38:58.0 (17714655)|VARIABLE_ASSIGNMENT|[43]|wrapperObj|{}|0x44780f44
03:38:58.0 (17719054)|STATEMENT_EXECUTE|[45]
03:38:58.0 (17738052)|HEAP_ALLOCATE|[45]|Bytes:18
03:38:58.0 (17757255)|VARIABLE_ASSIGNMENT|[45]|this.id|"a012800000SBlH6AAL"|0x44780f44
03:38:58.0 (17761927)|STATEMENT_EXECUTE|[46]
03:38:58.0 (17778476)|VARIABLE_ASSIGNMENT|[46]|this.name|"Bhagyashri"|0x44780f44
03:38:58.0 (17782555)|STATEMENT_EXECUTE|[47]
03:38:58.0 (17800061)|HEAP_ALLOCATE|[47]|Bytes:12
03:38:58.0 (17816156)|VARIABLE_ASSIGNMENT|[47]|this.steps|1000.0|0x44780f44
03:38:58.0 (17819878)|STATEMENT_EXECUTE|[48]
03:38:58.0 (17831698)|HEAP_ALLOCATE|[48]|Bytes:12
03:38:58.0 (17842218)|VARIABLE_ASSIGNMENT|[48]|this.goal|5000.0|0x44780f44
03:38:58.0 (17845233)|STATEMENT_EXECUTE|[49]
03:38:58.0 (17855714)|HEAP_ALLOCATE|[49]|Bytes:12
03:38:58.0 (17868557)|VARIABLE_ASSIGNMENT|[49]|this.heartRate|68.0|0x44780f44
03:38:58.0 (17872737)|STATEMENT_EXECUTE|[50]
03:38:58.0 (17886499)|HEAP_ALLOCATE|[50]|Bytes:12
03:38:58.0 (17900080)|VARIABLE_ASSIGNMENT|[50]|this.height|5.3|0x44780f44
03:38:58.0 (17922096)|STATEMENT_EXECUTE|[51]
03:38:58.0 (17938836)|HEAP_ALLOCATE|[51]|Bytes:12
03:38:58.0 (17954870)|VARIABLE_ASSIGNMENT|[51]|this.weight|52.0|0x44780f44
03:38:58.0 (17958559)|STATEMENT_EXECUTE|[52]
03:38:58.0 (17975636)|VARIABLE_ASSIGNMENT|[52]|this.patient_Id|"P00003"|0x44780f44
03:38:58.0 (17997223)|HEAP_ALLOCATE|[42]|Bytes:5
03:38:58.0 (18024295)|VARIABLE_ASSIGNMENT|[42]|patient|null|
03:38:58.0 (18030965)|STATEMENT_EXECUTE|[56]
03:38:58.0 (18091536)|HEAP_ALLOCATE|[56]|Bytes:142
03:38:58.0 (18114707)|HEAP_ALLOCATE|[56]|Bytes:156
03:38:58.0 (18131244)|USER_DEBUG|[56]|DEBUG|wrapperObj => PatientWrapper:[goal=5000.0, heartRate=68.0, height=5.3, id=a012800000SBlH6AAL, name=Bhagyashri, patient_Id=P00003, steps=1000.0, weight=52.0]
03:38:58.0 (18140741)|STATEMENT_EXECUTE|[57]
03:38:58.0 (18151194)|SYSTEM_MODE_EXIT|false
03:38:58.18 (18221624)|CUMULATIVE_LIMIT_USAGE
03:38:58.18 (18221624)|LIMIT_USAGE_FOR_NS|(default)|
  Number of SOQL queries: 2 out of 100
  Number of query rows: 2 out of 50000
  Number of SOSL queries: 0 out of 20
  Number of DML statements: 0 out of 150
  Number of DML rows: 0 out of 10000
  Maximum CPU time: 0 out of 10000
  Maximum heap size: 0 out of 6000000
  Number of callouts: 0 out of 100
  Number of Email Invocations: 0 out of 10
  Number of future calls: 0 out of 50
  Number of queueable jobs added to the queue: 0 out of 50
  Number of Mobile Apex push calls: 0 out of 10

03:38:58.18 (18221624)|CUMULATIVE_LIMIT_USAGE_END

03:38:58.0 (18279961)|CODE_UNIT_FINISHED|PatientWrapperController.getPatientsById
03:38:58.0 (19836855)|CODE_UNIT_STARTED|[EXTERNAL]|Aura
03:38:58.0 (19886975)|CODE_UNIT_FINISHED|Aura
03:38:58.0 (93306298)|HEAP_ALLOCATE|[EXTERNAL]|Bytes:6
03:38:58.0 (93333766)|HEAP_ALLOCATE|[EXTERNAL]|Bytes:6
03:38:58.0 (94701497)|CODE_UNIT_STARTED|[EXTERNAL]|01p280000085nGQ|PatientWrapperController.getPatientsById
03:38:58.0 (94745151)|HEAP_ALLOCATE|[EXTERNAL]|Bytes:6
03:38:58.0 (94759115)|SYSTEM_MODE_ENTER|false
03:38:58.0 (94770600)|VARIABLE_SCOPE_BEGIN|[36]|patientId|String|false|false
03:38:58.0 (94787012)|VARIABLE_ASSIGNMENT|[36]|patientId|"P00003"
03:38:58.0 (94797989)|STATEMENT_EXECUTE|[36]
03:38:58.0 (94800231)|STATEMENT_EXECUTE|[38]
03:38:58.0 (94806616)|VARIABLE_SCOPE_BEGIN|[38]|query|String|false|false
03:38:58.0 (94815764)|VARIABLE_ASSIGNMENT|[38]|query|"SELECT Patient_Id__c (165 more) ..."
03:38:58.0 (94817865)|STATEMENT_EXECUTE|[39]
03:38:58.0 (95143854)|SOQL_EXECUTE_BEGIN|[39]|Aggregations:0|SELECT Patient_Id__c, Full_Name__c, Gender__c, Steps_Completed__c, Goal__c, Height__c, Heart_Rate__c, Weight__c FROM Patient__c where Patient_Id__c = :patientId ORDER BY createdDate ASC
03:38:58.0 (97786534)|SOQL_EXECUTE_END|[39]|Rows:1
03:38:58.0 (97799166)|HEAP_ALLOCATE|[39]|Bytes:8
03:38:58.0 (97816920)|HEAP_ALLOCATE|[39]|Bytes:353
03:38:58.0 (97839813)|HEAP_ALLOCATE|[39]|Bytes:8
03:38:58.0 (97858293)|VARIABLE_SCOPE_BEGIN|[39]|patientList|List<Patient__c>|true|false
03:38:58.0 (97896119)|VARIABLE_ASSIGNMENT|[39]|patientList|{"s":1,"v":[{"s":2,"v":{"Patient_Id__c":"P00003","Full_Name__c":"Bhagyashri","Gender__c":"Female","Steps_Completed__c":1000,"Goal__c":5000,"Height__c":5.30,"Heart_Rate__c":68,"Weight__c":52.00,"Id":"a012800000SBlH6AAL"}}]}|0x4ddd3451
03:38:58.0 (97900502)|STATEMENT_EXECUTE|[40]
03:38:58.0 (97905200)|VARIABLE_SCOPE_BEGIN|[40]|wrapperObj|PatientWrapper|true|false
03:38:58.0 (97910704)|VARIABLE_ASSIGNMENT|[40]|wrapperObj|null|
03:38:58.0 (97912568)|STATEMENT_EXECUTE|[41]
03:38:58.0 (97987181)|HEAP_ALLOCATE|[41]|Bytes:191
03:38:58.0 (98005348)|HEAP_ALLOCATE|[41]|Bytes:206
03:38:58.0 (98024482)|USER_DEBUG|[41]|DEBUG|patientList => (Patient__c:{Patient_Id__c=P00003, Full_Name__c=Bhagyashri, Gender__c=Female, Steps_Completed__c=1000, Goal__c=5000, Height__c=5.30, Heart_Rate__c=68, Weight__c=52.00, Id=a012800000SBlH6AAL})
03:38:58.0 (98060575)|HEAP_ALLOCATE|[42]|Bytes:5
03:38:58.0 (98091924)|HEAP_ALLOCATE|[42]|Bytes:40
03:38:58.0 (98104663)|VARIABLE_SCOPE_BEGIN|[42]|patient|Patient__c|true|false
03:38:58.0 (98122825)|VARIABLE_ASSIGNMENT|[42]|patient|{"s":1,"v":{"Patient_Id__c":"P00003","Full_Name__c":"Bhagyashri","Gender__c":"Female","Steps_Completed__c":1000,"Goal__c":5000,"Height__c":5.30,"Heart_Rate__c":68,"Weight__c":52.00,"Id":"a012800000SBlH6AAL"}}|0xb9ba9eb
03:38:58.0 (98127924)|STATEMENT_EXECUTE|[42]
03:38:58.0 (98129528)|STATEMENT_EXECUTE|[43]
03:38:58.0 (98136188)|HEAP_ALLOCATE|[43]|Bytes:36
03:38:58.0 (98145413)|CONSTRUCTOR_ENTRY|[43]|01p280000085nGG|<init>()
03:38:58.0 (98152029)|VARIABLE_SCOPE_BEGIN|[1]|this|PatientWrapper|true|false
03:38:58.0 (98182628)|VARIABLE_ASSIGNMENT|[1]|this|{}|0x7060f938
03:38:58.0 (98202730)|STATEMENT_EXECUTE|[1]
03:38:58.0 (98204749)|STATEMENT_EXECUTE|[3]
03:38:58.0 (98206133)|STATEMENT_EXECUTE|[6]
03:38:58.0 (98207260)|STATEMENT_EXECUTE|[9]
03:38:58.0 (98208365)|STATEMENT_EXECUTE|[12]
03:38:58.0 (98209493)|STATEMENT_EXECUTE|[15]
03:38:58.0 (98210580)|STATEMENT_EXECUTE|[18]
03:38:58.0 (98211628)|STATEMENT_EXECUTE|[21]
03:38:58.0 (98212688)|STATEMENT_EXECUTE|[24]
03:38:58.0 (98217629)|CONSTRUCTOR_EXIT|[43]|01p280000085nGG|<init>()
03:38:58.0 (98231490)|VARIABLE_ASSIGNMENT|[43]|wrapperObj|{}|0x7060f938
03:38:58.0 (98234303)|STATEMENT_EXECUTE|[45]
03:38:58.0 (98250506)|HEAP_ALLOCATE|[45]|Bytes:18
03:38:58.0 (98263917)|VARIABLE_ASSIGNMENT|[45]|this.id|"a012800000SBlH6AAL"|0x7060f938
03:38:58.0 (98266849)|STATEMENT_EXECUTE|[46]
03:38:58.0 (98275904)|VARIABLE_ASSIGNMENT|[46]|this.name|"Bhagyashri"|0x7060f938
03:38:58.0 (98277936)|STATEMENT_EXECUTE|[47]
03:38:58.0 (98293457)|HEAP_ALLOCATE|[47]|Bytes:12
03:38:58.0 (98302748)|VARIABLE_ASSIGNMENT|[47]|this.steps|1000.0|0x7060f938
03:38:58.0 (98304822)|STATEMENT_EXECUTE|[48]
03:38:58.0 (98311310)|HEAP_ALLOCATE|[48]|Bytes:12
03:38:58.0 (98317719)|VARIABLE_ASSIGNMENT|[48]|this.goal|5000.0|0x7060f938
03:38:58.0 (98319663)|STATEMENT_EXECUTE|[49]
03:38:58.0 (98325616)|HEAP_ALLOCATE|[49]|Bytes:12
03:38:58.0 (98331545)|VARIABLE_ASSIGNMENT|[49]|this.heartRate|68.0|0x7060f938
03:38:58.0 (98333614)|STATEMENT_EXECUTE|[50]
03:38:58.0 (98340066)|HEAP_ALLOCATE|[50]|Bytes:12
03:38:58.0 (98346179)|VARIABLE_ASSIGNMENT|[50]|this.height|5.3|0x7060f938
03:38:58.0 (98347960)|STATEMENT_EXECUTE|[51]
03:38:58.0 (98357010)|HEAP_ALLOCATE|[51]|Bytes:12
03:38:58.0 (98363876)|VARIABLE_ASSIGNMENT|[51]|this.weight|52.0|0x7060f938
03:38:58.0 (98365716)|STATEMENT_EXECUTE|[52]
03:38:58.0 (98373772)|VARIABLE_ASSIGNMENT|[52]|this.patient_Id|"P00003"|0x7060f938
03:38:58.0 (98386682)|HEAP_ALLOCATE|[42]|Bytes:5
03:38:58.0 (98399032)|VARIABLE_ASSIGNMENT|[42]|patient|null|
03:38:58.0 (98402680)|STATEMENT_EXECUTE|[56]
03:38:58.0 (98443640)|HEAP_ALLOCATE|[56]|Bytes:142
03:38:58.0 (98456389)|HEAP_ALLOCATE|[56]|Bytes:156
03:38:58.0 (98465158)|USER_DEBUG|[56]|DEBUG|wrapperObj => PatientWrapper:[goal=5000.0, heartRate=68.0, height=5.3, id=a012800000SBlH6AAL, name=Bhagyashri, patient_Id=P00003, steps=1000.0, weight=52.0]
03:38:58.0 (98471161)|STATEMENT_EXECUTE|[57]
03:38:58.0 (98479517)|SYSTEM_MODE_EXIT|false
03:38:58.98 (98524213)|CUMULATIVE_LIMIT_USAGE
03:38:58.98 (98524213)|LIMIT_USAGE_FOR_NS|(default)|
  Number of SOQL queries: 3 out of 100
  Number of query rows: 3 out of 50000
  Number of SOSL queries: 0 out of 20
  Number of DML statements: 0 out of 150
  Number of DML rows: 0 out of 10000
  Maximum CPU time: 0 out of 10000
  Maximum heap size: 0 out of 6000000
  Number of callouts: 0 out of 100
  Number of Email Invocations: 0 out of 10
  Number of future calls: 0 out of 50
  Number of queueable jobs added to the queue: 0 out of 50
  Number of Mobile Apex push calls: 0 out of 10

03:38:58.98 (98524213)|CUMULATIVE_LIMIT_USAGE_END

03:38:58.0 (98571630)|CODE_UNIT_FINISHED|PatientWrapperController.getPatientsById
03:38:58.0 (100480846)|CODE_UNIT_STARTED|[EXTERNAL]|Aura
03:38:58.0 (100532622)|CODE_UNIT_FINISHED|Aura
