36.0 APEX_CODE,FINEST;APEX_PROFILING,INFO;CALLOUT,INFO;DB,INFO;SYSTEM,DEBUG;VALIDATION,INFO;VISUALFORCE,INFO;WORKFLOW,INFO
03:09:00.0 (558178)|EXECUTION_STARTED
03:09:00.0 (589081)|CODE_UNIT_STARTED|[EXTERNAL]|aura
03:09:00.0 (992519)|HEAP_ALLOCATE|[72]|Bytes:3
03:09:00.0 (1030126)|HEAP_ALLOCATE|[77]|Bytes:152
03:09:00.0 (1048003)|HEAP_ALLOCATE|[342]|Bytes:408
03:09:00.0 (1069057)|HEAP_ALLOCATE|[355]|Bytes:408
03:09:00.0 (1087718)|HEAP_ALLOCATE|[467]|Bytes:48
03:09:00.0 (1115075)|HEAP_ALLOCATE|[139]|Bytes:6
03:09:00.0 (1136919)|HEAP_ALLOCATE|[EXTERNAL]|Bytes:6
03:09:00.0 (1153578)|HEAP_ALLOCATE|[EXTERNAL]|Bytes:6
03:09:00.0 (2791438)|CODE_UNIT_STARTED|[EXTERNAL]|01p280000085nGQ|PatientWrapperController.getPatientsById
03:09:00.0 (3528610)|HEAP_ALLOCATE|[EXTERNAL]|Bytes:7
03:09:00.0 (3535652)|HEAP_ALLOCATE|[EXTERNAL]|Bytes:14
03:09:00.0 (3553059)|METHOD_ENTRY|[1]|01p280000085nGQ|PatientWrapperController.PatientWrapperController()
03:09:00.0 (3557477)|STATEMENT_EXECUTE|[1]
03:09:00.0 (3566077)|STATEMENT_EXECUTE|[1]
03:09:00.0 (3572253)|METHOD_EXIT|[1]|PatientWrapperController
03:09:00.0 (3576659)|HEAP_ALLOCATE|[EXTERNAL]|Bytes:6
03:09:00.0 (3585422)|SYSTEM_MODE_ENTER|false
03:09:00.0 (3597099)|VARIABLE_SCOPE_BEGIN|[36]|patientId|String|false|false
03:09:00.0 (3627889)|VARIABLE_ASSIGNMENT|[36]|patientId|"P00002"
03:09:00.0 (3639144)|STATEMENT_EXECUTE|[36]
03:09:00.0 (3641134)|STATEMENT_EXECUTE|[38]
03:09:00.0 (3645090)|HEAP_ALLOCATE|[38]|Bytes:185
03:09:00.0 (3650489)|VARIABLE_SCOPE_BEGIN|[38]|query|String|false|false
03:09:00.0 (3659787)|VARIABLE_ASSIGNMENT|[38]|query|"SELECT Patient_Id__c (165 more) ..."
03:09:00.0 (3662000)|STATEMENT_EXECUTE|[39]
03:09:00.0 (3698105)|HEAP_ALLOCATE|[50]|Bytes:5
03:09:00.0 (3719151)|HEAP_ALLOCATE|[56]|Bytes:5
03:09:00.0 (3727793)|HEAP_ALLOCATE|[64]|Bytes:7
03:09:00.0 (5209322)|SOQL_EXECUTE_BEGIN|[39]|Aggregations:0|SELECT Patient_Id__c, Full_Name__c, Gender__c, Steps_Completed__c, Goal__c, Height__c, Heart_Rate__c, Weight__c FROM Patient__c where Patient_Id__c = :patientId ORDER BY createdDate ASC
03:09:00.0 (9927325)|SOQL_EXECUTE_END|[39]|Rows:1
03:09:00.0 (9953014)|HEAP_ALLOCATE|[39]|Bytes:8
03:09:00.0 (9977703)|HEAP_ALLOCATE|[39]|Bytes:350
03:09:00.0 (10098317)|HEAP_ALLOCATE|[39]|Bytes:8
03:09:00.0 (10126568)|VARIABLE_SCOPE_BEGIN|[39]|patientList|List<Patient__c>|true|false
03:09:00.0 (10169943)|VARIABLE_ASSIGNMENT|[39]|patientList|{"s":1,"v":[{"s":2,"v":{"Patient_Id__c":"P00002","Full_Name__c":"Pallavi","Gender__c":"Female","Steps_Completed__c":6000,"Goal__c":6000,"Height__c":4.00,"Heart_Rate__c":72,"Weight__c":68.00,"Id":"a012800000SBjJnAAL"}}]}|0x603f2448
03:09:00.0 (10176064)|STATEMENT_EXECUTE|[40]
03:09:00.0 (10181067)|VARIABLE_SCOPE_BEGIN|[40]|wrapperObj|PatientWrapper|true|false
03:09:00.0 (10187363)|VARIABLE_ASSIGNMENT|[40]|wrapperObj|null|
03:09:00.0 (10189452)|STATEMENT_EXECUTE|[41]
03:09:00.0 (10194222)|HEAP_ALLOCATE|[41]|Bytes:15
03:09:00.0 (10360996)|HEAP_ALLOCATE|[41]|Bytes:188
03:09:00.0 (10393517)|HEAP_ALLOCATE|[41]|Bytes:203
03:09:00.0 (10427167)|USER_DEBUG|[41]|DEBUG|patientList => (Patient__c:{Patient_Id__c=P00002, Full_Name__c=Pallavi, Gender__c=Female, Steps_Completed__c=6000, Goal__c=6000, Height__c=4.00, Heart_Rate__c=72, Weight__c=68.00, Id=a012800000SBjJnAAL})
03:09:00.0 (10644257)|HEAP_ALLOCATE|[42]|Bytes:5
03:09:00.0 (10684425)|HEAP_ALLOCATE|[42]|Bytes:40
03:09:00.0 (10694760)|VARIABLE_SCOPE_BEGIN|[42]|patient|Patient__c|true|false
03:09:00.0 (10718598)|VARIABLE_ASSIGNMENT|[42]|patient|{"s":1,"v":{"Patient_Id__c":"P00002","Full_Name__c":"Pallavi","Gender__c":"Female","Steps_Completed__c":6000,"Goal__c":6000,"Height__c":4.00,"Heart_Rate__c":72,"Weight__c":68.00,"Id":"a012800000SBjJnAAL"}}|0x65dedf0b
03:09:00.0 (10725908)|STATEMENT_EXECUTE|[42]
03:09:00.0 (10728463)|STATEMENT_EXECUTE|[43]
03:09:00.0 (10768378)|METHOD_ENTRY|[1]|01p280000085nGG|PatientWrapper.PatientWrapper()
03:09:00.0 (10774612)|STATEMENT_EXECUTE|[1]
03:09:00.0 (10785955)|STATEMENT_EXECUTE|[1]
03:09:00.0 (10799151)|METHOD_EXIT|[1]|PatientWrapper
03:09:00.0 (10821124)|HEAP_ALLOCATE|[43]|Bytes:36
03:09:00.0 (10833972)|CONSTRUCTOR_ENTRY|[43]|01p280000085nGG|<init>()
03:09:00.0 (10875431)|VARIABLE_SCOPE_BEGIN|[1]|this|PatientWrapper|true|false
03:09:00.0 (10965108)|VARIABLE_ASSIGNMENT|[1]|this|{}|0x438dc116
03:09:00.0 (10976778)|HEAP_ALLOCATE|[EXTERNAL]|Bytes:6
03:09:00.0 (11000918)|STATEMENT_EXECUTE|[1]
03:09:00.0 (11003854)|STATEMENT_EXECUTE|[3]
03:09:00.0 (11005202)|STATEMENT_EXECUTE|[6]
03:09:00.0 (11006382)|STATEMENT_EXECUTE|[9]
03:09:00.0 (11007550)|STATEMENT_EXECUTE|[12]
03:09:00.0 (11008734)|STATEMENT_EXECUTE|[15]
03:09:00.0 (11009935)|STATEMENT_EXECUTE|[18]
03:09:00.0 (11011154)|STATEMENT_EXECUTE|[21]
03:09:00.0 (11012414)|STATEMENT_EXECUTE|[24]
03:09:00.0 (11017682)|CONSTRUCTOR_EXIT|[43]|01p280000085nGG|<init>()
03:09:00.0 (11035281)|VARIABLE_ASSIGNMENT|[43]|wrapperObj|{}|0x438dc116
03:09:00.0 (11038067)|STATEMENT_EXECUTE|[45]
03:09:00.0 (11071100)|HEAP_ALLOCATE|[45]|Bytes:18
03:09:00.0 (11087770)|VARIABLE_ASSIGNMENT|[45]|this.id|"a012800000SBjJnAAL"|0x438dc116
03:09:00.0 (11090999)|STATEMENT_EXECUTE|[46]
03:09:00.0 (11116712)|VARIABLE_ASSIGNMENT|[46]|this.name|"Pallavi"|0x438dc116
03:09:00.0 (11119931)|STATEMENT_EXECUTE|[47]
03:09:00.0 (11163485)|HEAP_ALLOCATE|[47]|Bytes:12
03:09:00.0 (11178127)|VARIABLE_ASSIGNMENT|[47]|this.steps|6000.0|0x438dc116
03:09:00.0 (11181720)|STATEMENT_EXECUTE|[48]
03:09:00.0 (11215853)|HEAP_ALLOCATE|[48]|Bytes:12
03:09:00.0 (11232766)|VARIABLE_ASSIGNMENT|[48]|this.goal|6000.0|0x438dc116
03:09:00.0 (11237023)|STATEMENT_EXECUTE|[49]
03:09:00.0 (11279717)|HEAP_ALLOCATE|[49]|Bytes:12
03:09:00.0 (11292706)|VARIABLE_ASSIGNMENT|[49]|this.heartRate|72.0|0x438dc116
03:09:00.0 (11295296)|STATEMENT_EXECUTE|[50]
03:09:00.0 (11317020)|HEAP_ALLOCATE|[50]|Bytes:12
03:09:00.0 (11328977)|VARIABLE_ASSIGNMENT|[50]|this.height|4.0|0x438dc116
03:09:00.0 (11331918)|STATEMENT_EXECUTE|[51]
03:09:00.0 (11351610)|HEAP_ALLOCATE|[51]|Bytes:12
03:09:00.0 (11362235)|VARIABLE_ASSIGNMENT|[51]|this.weight|68.0|0x438dc116
03:09:00.0 (11364549)|STATEMENT_EXECUTE|[52]
03:09:00.0 (11386611)|VARIABLE_ASSIGNMENT|[52]|this.patient_Id|"P00002"|0x438dc116
03:09:00.0 (11401381)|HEAP_ALLOCATE|[42]|Bytes:5
03:09:00.0 (11414041)|VARIABLE_ASSIGNMENT|[42]|patient|null|
03:09:00.0 (11417062)|STATEMENT_EXECUTE|[56]
03:09:00.0 (11420775)|HEAP_ALLOCATE|[56]|Bytes:14
03:09:00.0 (11480683)|HEAP_ALLOCATE|[56]|Bytes:139
03:09:00.0 (11504525)|HEAP_ALLOCATE|[56]|Bytes:153
03:09:00.0 (11523817)|USER_DEBUG|[56]|DEBUG|wrapperObj => PatientWrapper:[goal=6000.0, heartRate=72.0, height=4.0, id=a012800000SBjJnAAL, name=Pallavi, patient_Id=P00002, steps=6000.0, weight=68.0]
03:09:00.0 (11533307)|STATEMENT_EXECUTE|[57]
03:09:00.0 (11542765)|SYSTEM_MODE_EXIT|false
03:09:00.11 (11593386)|CUMULATIVE_LIMIT_USAGE
03:09:00.11 (11593386)|LIMIT_USAGE_FOR_NS|(default)|
  Number of SOQL queries: 1 out of 100
  Number of query rows: 1 out of 50000
  Number of SOSL queries: 0 out of 20
  Number of DML statements: 0 out of 150
  Number of DML rows: 0 out of 10000
  Maximum CPU time: 0 out of 10000
  Maximum heap size: 0 out of 6000000
  Number of callouts: 0 out of 100
  Number of Email Invocations: 0 out of 10
  Number of future calls: 0 out of 50
  Number of queueable jobs added to the queue: 0 out of 50
  Number of Mobile Apex push calls: 0 out of 10

03:09:00.11 (11593386)|CUMULATIVE_LIMIT_USAGE_END

03:09:00.0 (11634566)|CODE_UNIT_FINISHED|PatientWrapperController.getPatientsById
03:09:00.0 (14750951)|CODE_UNIT_STARTED|[EXTERNAL]|Aura
03:09:00.0 (14854236)|CODE_UNIT_FINISHED|Aura
03:09:00.0 (15100511)|HEAP_ALLOCATE|[EXTERNAL]|Bytes:6
03:09:00.0 (15119906)|HEAP_ALLOCATE|[EXTERNAL]|Bytes:6
03:09:00.0 (16249166)|CODE_UNIT_STARTED|[EXTERNAL]|01p280000085nGQ|PatientWrapperController.getPatientsById
03:09:00.0 (16299708)|HEAP_ALLOCATE|[EXTERNAL]|Bytes:6
03:09:00.0 (16313043)|SYSTEM_MODE_ENTER|false
03:09:00.0 (16322087)|VARIABLE_SCOPE_BEGIN|[36]|patientId|String|false|false
03:09:00.0 (16334040)|VARIABLE_ASSIGNMENT|[36]|patientId|"P00002"
03:09:00.0 (16345279)|STATEMENT_EXECUTE|[36]
03:09:00.0 (16348619)|STATEMENT_EXECUTE|[38]
03:09:00.0 (16356127)|VARIABLE_SCOPE_BEGIN|[38]|query|String|false|false
03:09:00.0 (16369406)|VARIABLE_ASSIGNMENT|[38]|query|"SELECT Patient_Id__c (165 more) ..."
03:09:00.0 (16373434)|STATEMENT_EXECUTE|[39]
03:09:00.0 (16737085)|SOQL_EXECUTE_BEGIN|[39]|Aggregations:0|SELECT Patient_Id__c, Full_Name__c, Gender__c, Steps_Completed__c, Goal__c, Height__c, Heart_Rate__c, Weight__c FROM Patient__c where Patient_Id__c = :patientId ORDER BY createdDate ASC
03:09:00.0 (19841383)|SOQL_EXECUTE_END|[39]|Rows:1
03:09:00.0 (19855684)|HEAP_ALLOCATE|[39]|Bytes:8
03:09:00.0 (19872672)|HEAP_ALLOCATE|[39]|Bytes:350
03:09:00.0 (19893947)|HEAP_ALLOCATE|[39]|Bytes:8
03:09:00.0 (19912257)|VARIABLE_SCOPE_BEGIN|[39]|patientList|List<Patient__c>|true|false
03:09:00.0 (20020266)|VARIABLE_ASSIGNMENT|[39]|patientList|{"s":1,"v":[{"s":2,"v":{"Patient_Id__c":"P00002","Full_Name__c":"Pallavi","Gender__c":"Female","Steps_Completed__c":6000,"Goal__c":6000,"Height__c":4.00,"Heart_Rate__c":72,"Weight__c":68.00,"Id":"a012800000SBjJnAAL"}}]}|0x8967262
03:09:00.0 (20027253)|STATEMENT_EXECUTE|[40]
03:09:00.0 (20033293)|VARIABLE_SCOPE_BEGIN|[40]|wrapperObj|PatientWrapper|true|false
03:09:00.0 (20040086)|VARIABLE_ASSIGNMENT|[40]|wrapperObj|null|
03:09:00.0 (20041973)|STATEMENT_EXECUTE|[41]
03:09:00.0 (20128904)|HEAP_ALLOCATE|[41]|Bytes:188
03:09:00.0 (20155961)|HEAP_ALLOCATE|[41]|Bytes:203
03:09:00.0 (20171281)|USER_DEBUG|[41]|DEBUG|patientList => (Patient__c:{Patient_Id__c=P00002, Full_Name__c=Pallavi, Gender__c=Female, Steps_Completed__c=6000, Goal__c=6000, Height__c=4.00, Heart_Rate__c=72, Weight__c=68.00, Id=a012800000SBjJnAAL})
03:09:00.0 (20203616)|HEAP_ALLOCATE|[42]|Bytes:5
03:09:00.0 (20238567)|HEAP_ALLOCATE|[42]|Bytes:40
03:09:00.0 (20249713)|VARIABLE_SCOPE_BEGIN|[42]|patient|Patient__c|true|false
03:09:00.0 (20268858)|VARIABLE_ASSIGNMENT|[42]|patient|{"s":1,"v":{"Patient_Id__c":"P00002","Full_Name__c":"Pallavi","Gender__c":"Female","Steps_Completed__c":6000,"Goal__c":6000,"Height__c":4.00,"Heart_Rate__c":72,"Weight__c":68.00,"Id":"a012800000SBjJnAAL"}}|0x5eccc548
03:09:00.0 (20273274)|STATEMENT_EXECUTE|[42]
03:09:00.0 (20274760)|STATEMENT_EXECUTE|[43]
03:09:00.0 (20281153)|HEAP_ALLOCATE|[43]|Bytes:36
03:09:00.0 (20289610)|CONSTRUCTOR_ENTRY|[43]|01p280000085nGG|<init>()
03:09:00.0 (20295638)|VARIABLE_SCOPE_BEGIN|[1]|this|PatientWrapper|true|false
03:09:00.0 (20322968)|VARIABLE_ASSIGNMENT|[1]|this|{}|0x51cfd987
03:09:00.0 (20344086)|STATEMENT_EXECUTE|[1]
03:09:00.0 (20346238)|STATEMENT_EXECUTE|[3]
03:09:00.0 (20347560)|STATEMENT_EXECUTE|[6]
03:09:00.0 (20348834)|STATEMENT_EXECUTE|[9]
03:09:00.0 (20349970)|STATEMENT_EXECUTE|[12]
03:09:00.0 (20351194)|STATEMENT_EXECUTE|[15]
03:09:00.0 (20352343)|STATEMENT_EXECUTE|[18]
03:09:00.0 (20353444)|STATEMENT_EXECUTE|[21]
03:09:00.0 (20354765)|STATEMENT_EXECUTE|[24]
03:09:00.0 (20359296)|CONSTRUCTOR_EXIT|[43]|01p280000085nGG|<init>()
03:09:00.0 (20376843)|VARIABLE_ASSIGNMENT|[43]|wrapperObj|{}|0x51cfd987
03:09:00.0 (20381514)|STATEMENT_EXECUTE|[45]
03:09:00.0 (20403738)|HEAP_ALLOCATE|[45]|Bytes:18
03:09:00.0 (20425956)|VARIABLE_ASSIGNMENT|[45]|this.id|"a012800000SBjJnAAL"|0x51cfd987
03:09:00.0 (20430767)|STATEMENT_EXECUTE|[46]
03:09:00.0 (20449531)|VARIABLE_ASSIGNMENT|[46]|this.name|"Pallavi"|0x51cfd987
03:09:00.0 (20454117)|STATEMENT_EXECUTE|[47]
03:09:00.0 (20475599)|HEAP_ALLOCATE|[47]|Bytes:12
03:09:00.0 (20497181)|VARIABLE_ASSIGNMENT|[47]|this.steps|6000.0|0x51cfd987
03:09:00.0 (20502129)|STATEMENT_EXECUTE|[48]
03:09:00.0 (20517230)|HEAP_ALLOCATE|[48]|Bytes:12
03:09:00.0 (20528011)|VARIABLE_ASSIGNMENT|[48]|this.goal|6000.0|0x51cfd987
03:09:00.0 (20530257)|STATEMENT_EXECUTE|[49]
03:09:00.0 (20537560)|HEAP_ALLOCATE|[49]|Bytes:12
03:09:00.0 (20544427)|VARIABLE_ASSIGNMENT|[49]|this.heartRate|72.0|0x51cfd987
03:09:00.0 (20546581)|STATEMENT_EXECUTE|[50]
03:09:00.0 (20553660)|HEAP_ALLOCATE|[50]|Bytes:12
03:09:00.0 (20560407)|VARIABLE_ASSIGNMENT|[50]|this.height|4.0|0x51cfd987
03:09:00.0 (20562361)|STATEMENT_EXECUTE|[51]
03:09:00.0 (20568764)|HEAP_ALLOCATE|[51]|Bytes:12
03:09:00.0 (20575291)|VARIABLE_ASSIGNMENT|[51]|this.weight|68.0|0x51cfd987
03:09:00.0 (20577519)|STATEMENT_EXECUTE|[52]
03:09:00.0 (20586817)|VARIABLE_ASSIGNMENT|[52]|this.patient_Id|"P00002"|0x51cfd987
03:09:00.0 (20600269)|HEAP_ALLOCATE|[42]|Bytes:5
03:09:00.0 (20612320)|VARIABLE_ASSIGNMENT|[42]|patient|null|
03:09:00.0 (20615681)|STATEMENT_EXECUTE|[56]
03:09:00.0 (20655406)|HEAP_ALLOCATE|[56]|Bytes:139
03:09:00.0 (20669177)|HEAP_ALLOCATE|[56]|Bytes:153
03:09:00.0 (20678008)|USER_DEBUG|[56]|DEBUG|wrapperObj => PatientWrapper:[goal=6000.0, heartRate=72.0, height=4.0, id=a012800000SBjJnAAL, name=Pallavi, patient_Id=P00002, steps=6000.0, weight=68.0]
03:09:00.0 (20683802)|STATEMENT_EXECUTE|[57]
03:09:00.0 (20692369)|SYSTEM_MODE_EXIT|false
03:09:00.20 (20731717)|CUMULATIVE_LIMIT_USAGE
03:09:00.20 (20731717)|LIMIT_USAGE_FOR_NS|(default)|
  Number of SOQL queries: 2 out of 100
  Number of query rows: 2 out of 50000
  Number of SOSL queries: 0 out of 20
  Number of DML statements: 0 out of 150
  Number of DML rows: 0 out of 10000
  Maximum CPU time: 0 out of 10000
  Maximum heap size: 0 out of 6000000
  Number of callouts: 0 out of 100
  Number of Email Invocations: 0 out of 10
  Number of future calls: 0 out of 50
  Number of queueable jobs added to the queue: 0 out of 50
  Number of Mobile Apex push calls: 0 out of 10

03:09:00.20 (20731717)|CUMULATIVE_LIMIT_USAGE_END

03:09:00.0 (20776965)|CODE_UNIT_FINISHED|PatientWrapperController.getPatientsById
03:09:00.0 (22735875)|CODE_UNIT_STARTED|[EXTERNAL]|Aura
03:09:00.0 (22788863)|CODE_UNIT_FINISHED|Aura
