36.0 APEX_CODE,FINEST;APEX_PROFILING,INFO;CALLOUT,INFO;DB,INFO;SYSTEM,DEBUG;VALIDATION,INFO;VISUALFORCE,INFO;WORKFLOW,INFO
03:00:10.0 (507284)|EXECUTION_STARTED
03:00:10.0 (540346)|CODE_UNIT_STARTED|[EXTERNAL]|aura
03:00:10.0 (1262519)|HEAP_ALLOCATE|[72]|Bytes:3
03:00:10.0 (1319755)|HEAP_ALLOCATE|[77]|Bytes:152
03:00:10.0 (1338330)|HEAP_ALLOCATE|[342]|Bytes:408
03:00:10.0 (1364622)|HEAP_ALLOCATE|[355]|Bytes:408
03:00:10.0 (1388382)|HEAP_ALLOCATE|[467]|Bytes:48
03:00:10.0 (1420337)|HEAP_ALLOCATE|[139]|Bytes:6
03:00:10.0 (3299319)|CODE_UNIT_STARTED|[EXTERNAL]|01p28000007YwEc|LightningLoginFormController.login
03:00:10.0 (3482402)|HEAP_ALLOCATE|[EXTERNAL]|Bytes:18
03:00:10.0 (3505120)|METHOD_ENTRY|[1]|01p28000007YwEc|LightningLoginFormController.LightningLoginFormController()
03:00:10.0 (3509939)|STATEMENT_EXECUTE|[1]
03:00:10.0 (3516118)|STATEMENT_EXECUTE|[1]
03:00:10.0 (3522653)|METHOD_EXIT|[1]|LightningLoginFormController
03:00:10.0 (3537430)|SYSTEM_MODE_ENTER|false
03:00:10.0 (3551216)|VARIABLE_SCOPE_BEGIN|[8]|username|String|false|false
03:00:10.0 (3593405)|VARIABLE_ASSIGNMENT|[8]|username|""
03:00:10.0 (3603733)|VARIABLE_SCOPE_BEGIN|[8]|password|String|false|false
03:00:10.0 (3610955)|VARIABLE_ASSIGNMENT|[8]|password|""
03:00:10.0 (3616978)|VARIABLE_SCOPE_BEGIN|[8]|startUrl|String|false|false
03:00:10.0 (3622437)|VARIABLE_ASSIGNMENT|[8]|startUrl|""
03:00:10.0 (3637532)|STATEMENT_EXECUTE|[8]
03:00:10.0 (3640191)|STATEMENT_EXECUTE|[9]
03:00:10.0 (3641805)|STATEMENT_EXECUTE|[9]
03:00:10.0 (3643205)|STATEMENT_EXECUTE|[10]
03:00:10.0 (3693166)|HEAP_ALLOCATE|[10]|Bytes:145
03:00:10.0 (3732333)|SYSTEM_METHOD_ENTRY|[1]|Site.Site()
03:00:10.0 (3737926)|STATEMENT_EXECUTE|[1]
03:00:10.0 (3754639)|SYSTEM_METHOD_EXIT|[1]|Site
03:00:10.0 (3772038)|METHOD_ENTRY|[10]||System.Site.login(String, String, String)
03:00:10.0 (35438088)|METHOD_EXIT|[10]||System.Site.login(String, String, String)
03:00:10.0 (35499217)|VARIABLE_SCOPE_BEGIN|[14]|ex|Exception|true|false
03:00:10.0 (35635273)|VARIABLE_ASSIGNMENT|[14]|ex|"common.apex.runtime.impl.ExecutionException: Enter a value in the User Name field."|0x6f5f765c
03:00:10.0 (35644009)|STATEMENT_EXECUTE|[14]
03:00:10.0 (35646988)|STATEMENT_EXECUTE|[15]
03:00:10.0 (35730440)|HEAP_ALLOCATE|[15]|Bytes:37
03:00:10.0 (35760157)|SYSTEM_MODE_EXIT|false
03:00:10.35 (35814257)|CUMULATIVE_LIMIT_USAGE
03:00:10.35 (35814257)|LIMIT_USAGE_FOR_NS|(default)|
  Number of SOQL queries: 0 out of 100
  Number of query rows: 0 out of 50000
  Number of SOSL queries: 0 out of 20
  Number of DML statements: 0 out of 150
  Number of DML rows: 0 out of 10000
  Maximum CPU time: 0 out of 10000
  Maximum heap size: 0 out of 6000000
  Number of callouts: 0 out of 100
  Number of Email Invocations: 0 out of 10
  Number of future calls: 0 out of 50
  Number of queueable jobs added to the queue: 0 out of 50
  Number of Mobile Apex push calls: 0 out of 10

03:00:10.35 (35814257)|CUMULATIVE_LIMIT_USAGE_END

03:00:10.0 (35874570)|CODE_UNIT_FINISHED|LightningLoginFormController.login
