36.0 APEX_CODE,FINEST;APEX_PROFILING,INFO;CALLOUT,INFO;DB,INFO;SYSTEM,DEBUG;VALIDATION,INFO;VISUALFORCE,INFO;WORKFLOW,INFO
04:41:20.0 (65850)|EXECUTION_STARTED
04:41:20.0 (94133)|CODE_UNIT_STARTED|[EXTERNAL]|aura
04:41:20.0 (617070)|HEAP_ALLOCATE|[72]|Bytes:3
04:41:20.0 (657636)|HEAP_ALLOCATE|[77]|Bytes:152
04:41:20.0 (675429)|HEAP_ALLOCATE|[342]|Bytes:408
04:41:20.0 (694121)|HEAP_ALLOCATE|[355]|Bytes:408
04:41:20.0 (711066)|HEAP_ALLOCATE|[467]|Bytes:48
04:41:20.0 (736223)|HEAP_ALLOCATE|[139]|Bytes:6
04:41:20.0 (758541)|HEAP_ALLOCATE|[EXTERNAL]|Bytes:6
04:41:20.0 (777711)|HEAP_ALLOCATE|[EXTERNAL]|Bytes:6
04:41:20.0 (2075395)|CODE_UNIT_STARTED|[EXTERNAL]|01p280000085nGQ|PatientWrapperController.getPatientsById
04:41:20.0 (2206068)|HEAP_ALLOCATE|[EXTERNAL]|Bytes:7
04:41:20.0 (2211402)|HEAP_ALLOCATE|[EXTERNAL]|Bytes:14
04:41:20.0 (2226812)|METHOD_ENTRY|[1]|01p280000085nGQ|PatientWrapperController.PatientWrapperController()
04:41:20.0 (2230800)|STATEMENT_EXECUTE|[1]
04:41:20.0 (2236483)|STATEMENT_EXECUTE|[1]
04:41:20.0 (2242508)|METHOD_EXIT|[1]|PatientWrapperController
04:41:20.0 (2246744)|HEAP_ALLOCATE|[EXTERNAL]|Bytes:6
04:41:20.0 (2258784)|SYSTEM_MODE_ENTER|false
04:41:20.0 (2267064)|VARIABLE_SCOPE_BEGIN|[36]|patientId|String|false|false
04:41:20.0 (2295878)|VARIABLE_ASSIGNMENT|[36]|patientId|"P00002"
04:41:20.0 (2307770)|STATEMENT_EXECUTE|[36]
04:41:20.0 (2309670)|STATEMENT_EXECUTE|[38]
04:41:20.0 (2313676)|HEAP_ALLOCATE|[38]|Bytes:185
04:41:20.0 (2319411)|VARIABLE_SCOPE_BEGIN|[38]|query|String|false|false
04:41:20.0 (2328917)|VARIABLE_ASSIGNMENT|[38]|query|"SELECT Patient_Id__c (165 more) ..."
04:41:20.0 (2331076)|STATEMENT_EXECUTE|[39]
04:41:20.0 (2368756)|HEAP_ALLOCATE|[50]|Bytes:5
04:41:20.0 (2395430)|HEAP_ALLOCATE|[56]|Bytes:5
04:41:20.0 (2403994)|HEAP_ALLOCATE|[64]|Bytes:7
04:41:20.0 (2999458)|SOQL_EXECUTE_BEGIN|[39]|Aggregations:0|SELECT Patient_Id__c, Full_Name__c, Gender__c, Steps_Completed__c, Goal__c, Height__c, Heart_Rate__c, Weight__c FROM Patient__c where Patient_Id__c = :patientId ORDER BY createdDate ASC
04:41:20.0 (7383659)|SOQL_EXECUTE_END|[39]|Rows:1
04:41:20.0 (7400298)|HEAP_ALLOCATE|[39]|Bytes:8
04:41:20.0 (7419851)|HEAP_ALLOCATE|[39]|Bytes:350
04:41:20.0 (7524438)|HEAP_ALLOCATE|[39]|Bytes:8
04:41:20.0 (7548064)|VARIABLE_SCOPE_BEGIN|[39]|patientList|List<Patient__c>|true|false
04:41:20.0 (7586231)|VARIABLE_ASSIGNMENT|[39]|patientList|{"s":1,"v":[{"s":2,"v":{"Patient_Id__c":"P00002","Full_Name__c":"Pallavi","Gender__c":"Female","Steps_Completed__c":6000,"Goal__c":6000,"Height__c":4.00,"Heart_Rate__c":72,"Weight__c":68.00,"Id":"a012800000SBjJnAAL"}}]}|0x9abe2af
04:41:20.0 (7593469)|STATEMENT_EXECUTE|[40]
04:41:20.0 (7605085)|VARIABLE_SCOPE_BEGIN|[40]|wrapperObj|PatientWrapper|true|false
04:41:20.0 (7614786)|VARIABLE_ASSIGNMENT|[40]|wrapperObj|null|
04:41:20.0 (7618407)|STATEMENT_EXECUTE|[41]
04:41:20.0 (7625298)|HEAP_ALLOCATE|[41]|Bytes:15
04:41:20.0 (7761829)|HEAP_ALLOCATE|[41]|Bytes:188
04:41:20.0 (7786070)|HEAP_ALLOCATE|[41]|Bytes:203
04:41:20.0 (7811335)|USER_DEBUG|[41]|DEBUG|patientList => (Patient__c:{Patient_Id__c=P00002, Full_Name__c=Pallavi, Gender__c=Female, Steps_Completed__c=6000, Goal__c=6000, Height__c=4.00, Heart_Rate__c=72, Weight__c=68.00, Id=a012800000SBjJnAAL})
04:41:20.0 (8045504)|HEAP_ALLOCATE|[42]|Bytes:5
04:41:20.0 (8092215)|HEAP_ALLOCATE|[42]|Bytes:40
04:41:20.0 (8104859)|VARIABLE_SCOPE_BEGIN|[42]|patient|Patient__c|true|false
04:41:20.0 (8125196)|VARIABLE_ASSIGNMENT|[42]|patient|{"s":1,"v":{"Patient_Id__c":"P00002","Full_Name__c":"Pallavi","Gender__c":"Female","Steps_Completed__c":6000,"Goal__c":6000,"Height__c":4.00,"Heart_Rate__c":72,"Weight__c":68.00,"Id":"a012800000SBjJnAAL"}}|0x4bd8342
04:41:20.0 (8129512)|STATEMENT_EXECUTE|[42]
04:41:20.0 (8131027)|STATEMENT_EXECUTE|[43]
04:41:20.0 (8146890)|METHOD_ENTRY|[1]|01p280000085nGG|PatientWrapper.PatientWrapper()
04:41:20.0 (8150149)|STATEMENT_EXECUTE|[1]
04:41:20.0 (8153952)|STATEMENT_EXECUTE|[1]
04:41:20.0 (8160715)|METHOD_EXIT|[1]|PatientWrapper
04:41:20.0 (8167645)|HEAP_ALLOCATE|[43]|Bytes:36
04:41:20.0 (8179320)|CONSTRUCTOR_ENTRY|[43]|01p280000085nGG|<init>()
04:41:20.0 (8201142)|VARIABLE_SCOPE_BEGIN|[1]|this|PatientWrapper|true|false
04:41:20.0 (8235835)|VARIABLE_ASSIGNMENT|[1]|this|{}|0x1b291377
04:41:20.0 (8246186)|HEAP_ALLOCATE|[EXTERNAL]|Bytes:6
04:41:20.0 (8269676)|STATEMENT_EXECUTE|[1]
04:41:20.0 (8271651)|STATEMENT_EXECUTE|[3]
04:41:20.0 (8272882)|STATEMENT_EXECUTE|[6]
04:41:20.0 (8273989)|STATEMENT_EXECUTE|[9]
04:41:20.0 (8275311)|STATEMENT_EXECUTE|[12]
04:41:20.0 (8276344)|STATEMENT_EXECUTE|[15]
04:41:20.0 (8277603)|STATEMENT_EXECUTE|[18]
04:41:20.0 (8278683)|STATEMENT_EXECUTE|[21]
04:41:20.0 (8279765)|STATEMENT_EXECUTE|[24]
04:41:20.0 (8283449)|CONSTRUCTOR_EXIT|[43]|01p280000085nGG|<init>()
04:41:20.0 (8299128)|VARIABLE_ASSIGNMENT|[43]|wrapperObj|{}|0x1b291377
04:41:20.0 (8301886)|STATEMENT_EXECUTE|[45]
04:41:20.0 (8337808)|HEAP_ALLOCATE|[45]|Bytes:18
04:41:20.0 (8353126)|VARIABLE_ASSIGNMENT|[45]|this.id|"a012800000SBjJnAAL"|0x1b291377
04:41:20.0 (8356149)|STATEMENT_EXECUTE|[46]
04:41:20.0 (8383415)|VARIABLE_ASSIGNMENT|[46]|this.name|"Pallavi"|0x1b291377
04:41:20.0 (8386910)|STATEMENT_EXECUTE|[47]
04:41:20.0 (8426626)|HEAP_ALLOCATE|[47]|Bytes:12
04:41:20.0 (8439195)|VARIABLE_ASSIGNMENT|[47]|this.steps|6000.0|0x1b291377
04:41:20.0 (8441951)|STATEMENT_EXECUTE|[48]
04:41:20.0 (8462552)|HEAP_ALLOCATE|[48]|Bytes:12
04:41:20.0 (8471731)|VARIABLE_ASSIGNMENT|[48]|this.goal|6000.0|0x1b291377
04:41:20.0 (8474229)|STATEMENT_EXECUTE|[49]
04:41:20.0 (8490639)|HEAP_ALLOCATE|[49]|Bytes:12
04:41:20.0 (8499207)|VARIABLE_ASSIGNMENT|[49]|this.heartRate|72.0|0x1b291377
04:41:20.0 (8501798)|STATEMENT_EXECUTE|[50]
04:41:20.0 (8518671)|HEAP_ALLOCATE|[50]|Bytes:12
04:41:20.0 (8527197)|VARIABLE_ASSIGNMENT|[50]|this.height|4.0|0x1b291377
04:41:20.0 (8529578)|STATEMENT_EXECUTE|[51]
04:41:20.0 (8545253)|HEAP_ALLOCATE|[51]|Bytes:12
04:41:20.0 (8553681)|VARIABLE_ASSIGNMENT|[51]|this.weight|68.0|0x1b291377
04:41:20.0 (8555798)|STATEMENT_EXECUTE|[52]
04:41:20.0 (8574928)|VARIABLE_ASSIGNMENT|[52]|this.patient_Id|"P00002"|0x1b291377
04:41:20.0 (8588874)|HEAP_ALLOCATE|[42]|Bytes:5
04:41:20.0 (8600660)|VARIABLE_ASSIGNMENT|[42]|patient|null|
04:41:20.0 (8604571)|STATEMENT_EXECUTE|[56]
04:41:20.0 (8607569)|HEAP_ALLOCATE|[56]|Bytes:14
04:41:20.0 (8689847)|HEAP_ALLOCATE|[56]|Bytes:139
04:41:20.0 (8715143)|HEAP_ALLOCATE|[56]|Bytes:153
04:41:20.0 (8733167)|USER_DEBUG|[56]|DEBUG|wrapperObj => PatientWrapper:[goal=6000.0, heartRate=72.0, height=4.0, id=a012800000SBjJnAAL, name=Pallavi, patient_Id=P00002, steps=6000.0, weight=68.0]
04:41:20.0 (8742665)|STATEMENT_EXECUTE|[57]
04:41:20.0 (8755587)|SYSTEM_MODE_EXIT|false
04:41:20.8 (8802871)|CUMULATIVE_LIMIT_USAGE
04:41:20.8 (8802871)|LIMIT_USAGE_FOR_NS|(default)|
  Number of SOQL queries: 1 out of 100
  Number of query rows: 1 out of 50000
  Number of SOSL queries: 0 out of 20
  Number of DML statements: 0 out of 150
  Number of DML rows: 0 out of 10000
  Maximum CPU time: 0 out of 10000
  Maximum heap size: 0 out of 6000000
  Number of callouts: 0 out of 100
  Number of Email Invocations: 0 out of 10
  Number of future calls: 0 out of 50
  Number of queueable jobs added to the queue: 0 out of 50
  Number of Mobile Apex push calls: 0 out of 10

04:41:20.8 (8802871)|CUMULATIVE_LIMIT_USAGE_END

04:41:20.0 (8851843)|CODE_UNIT_FINISHED|PatientWrapperController.getPatientsById
04:41:20.0 (10927604)|CODE_UNIT_STARTED|[EXTERNAL]|Aura
04:41:20.0 (11015565)|CODE_UNIT_FINISHED|Aura
