36.0 APEX_CODE,FINEST;APEX_PROFILING,INFO;CALLOUT,INFO;DB,INFO;SYSTEM,DEBUG;VALIDATION,INFO;VISUALFORCE,INFO;WORKFLOW,INFO
04:33:53.0 (68977)|EXECUTION_STARTED
04:33:53.0 (108832)|CODE_UNIT_STARTED|[EXTERNAL]|aura
04:33:53.0 (726258)|HEAP_ALLOCATE|[72]|Bytes:3
04:33:53.0 (759237)|HEAP_ALLOCATE|[77]|Bytes:152
04:33:53.0 (774267)|HEAP_ALLOCATE|[342]|Bytes:408
04:33:53.0 (791755)|HEAP_ALLOCATE|[355]|Bytes:408
04:33:53.0 (808261)|HEAP_ALLOCATE|[467]|Bytes:48
04:33:53.0 (835868)|HEAP_ALLOCATE|[139]|Bytes:6
04:33:53.0 (859552)|HEAP_ALLOCATE|[EXTERNAL]|Bytes:6
04:33:53.0 (876346)|HEAP_ALLOCATE|[EXTERNAL]|Bytes:6
04:33:53.0 (2253846)|CODE_UNIT_STARTED|[EXTERNAL]|01p280000085nGQ|PatientWrapperController.getPatientsById
04:33:53.0 (2390847)|HEAP_ALLOCATE|[EXTERNAL]|Bytes:7
04:33:53.0 (2396413)|HEAP_ALLOCATE|[EXTERNAL]|Bytes:14
04:33:53.0 (2413065)|METHOD_ENTRY|[1]|01p280000085nGQ|PatientWrapperController.PatientWrapperController()
04:33:53.0 (2417531)|STATEMENT_EXECUTE|[1]
04:33:53.0 (2423678)|STATEMENT_EXECUTE|[1]
04:33:53.0 (2430761)|METHOD_EXIT|[1]|PatientWrapperController
04:33:53.0 (2435216)|HEAP_ALLOCATE|[EXTERNAL]|Bytes:6
04:33:53.0 (2447887)|SYSTEM_MODE_ENTER|false
04:33:53.0 (2465723)|VARIABLE_SCOPE_BEGIN|[36]|patientId|String|false|false
04:33:53.0 (2509787)|VARIABLE_ASSIGNMENT|[36]|patientId|"4LR2VZ"
04:33:53.0 (2522476)|STATEMENT_EXECUTE|[36]
04:33:53.0 (2524197)|STATEMENT_EXECUTE|[38]
04:33:53.0 (2528325)|HEAP_ALLOCATE|[38]|Bytes:185
04:33:53.0 (2534444)|VARIABLE_SCOPE_BEGIN|[38]|query|String|false|false
04:33:53.0 (2545128)|VARIABLE_ASSIGNMENT|[38]|query|"SELECT Patient_Id__c (165 more) ..."
04:33:53.0 (2547209)|STATEMENT_EXECUTE|[39]
04:33:53.0 (2585507)|HEAP_ALLOCATE|[50]|Bytes:5
04:33:53.0 (2610306)|HEAP_ALLOCATE|[56]|Bytes:5
04:33:53.0 (2619302)|HEAP_ALLOCATE|[64]|Bytes:7
04:33:53.0 (3337123)|SOQL_EXECUTE_BEGIN|[39]|Aggregations:0|SELECT Patient_Id__c, Full_Name__c, Gender__c, Steps_Completed__c, Goal__c, Height__c, Heart_Rate__c, Weight__c FROM Patient__c where Patient_Id__c = :patientId ORDER BY createdDate ASC
04:33:53.0 (7586019)|SOQL_EXECUTE_END|[39]|Rows:1
04:33:53.0 (7605555)|HEAP_ALLOCATE|[39]|Bytes:8
04:33:53.0 (7627435)|HEAP_ALLOCATE|[39]|Bytes:352
04:33:53.0 (7769776)|HEAP_ALLOCATE|[39]|Bytes:8
04:33:53.0 (7797818)|VARIABLE_SCOPE_BEGIN|[39]|patientList|List<Patient__c>|true|false
04:33:53.0 (7848066)|VARIABLE_ASSIGNMENT|[39]|patientList|{"s":1,"v":[{"s":2,"v":{"Patient_Id__c":"4LR2VZ","Full_Name__c":"Purushottam","Gender__c":"Male","Steps_Completed__c":1000,"Goal__c":5000,"Height__c":5.00,"Heart_Rate__c":65,"Weight__c":50.00,"Id":"a012800000SBjJTAA1"}}]}|0x4eb56755
04:33:53.0 (7854465)|STATEMENT_EXECUTE|[40]
04:33:53.0 (7859652)|VARIABLE_SCOPE_BEGIN|[40]|wrapperObj|PatientWrapper|true|false
04:33:53.0 (7864964)|VARIABLE_ASSIGNMENT|[40]|wrapperObj|null|
04:33:53.0 (7866980)|STATEMENT_EXECUTE|[41]
04:33:53.0 (7871782)|HEAP_ALLOCATE|[41]|Bytes:15
04:33:53.0 (7986653)|HEAP_ALLOCATE|[41]|Bytes:190
04:33:53.0 (8010596)|HEAP_ALLOCATE|[41]|Bytes:205
04:33:53.0 (8037042)|USER_DEBUG|[41]|DEBUG|patientList => (Patient__c:{Patient_Id__c=4LR2VZ, Full_Name__c=Purushottam, Gender__c=Male, Steps_Completed__c=1000, Goal__c=5000, Height__c=5.00, Heart_Rate__c=65, Weight__c=50.00, Id=a012800000SBjJTAA1})
04:33:53.0 (8271728)|HEAP_ALLOCATE|[42]|Bytes:5
04:33:53.0 (8313168)|HEAP_ALLOCATE|[42]|Bytes:40
04:33:53.0 (8325036)|VARIABLE_SCOPE_BEGIN|[42]|patient|Patient__c|true|false
04:33:53.0 (8345440)|VARIABLE_ASSIGNMENT|[42]|patient|{"s":1,"v":{"Patient_Id__c":"4LR2VZ","Full_Name__c":"Purushottam","Gender__c":"Male","Steps_Completed__c":1000,"Goal__c":5000,"Height__c":5.00,"Heart_Rate__c":65,"Weight__c":50.00,"Id":"a012800000SBjJTAA1"}}|0x4809db02
04:33:53.0 (8349777)|STATEMENT_EXECUTE|[42]
04:33:53.0 (8351343)|STATEMENT_EXECUTE|[43]
04:33:53.0 (8374523)|METHOD_ENTRY|[1]|01p280000085nGG|PatientWrapper.PatientWrapper()
04:33:53.0 (8378547)|STATEMENT_EXECUTE|[1]
04:33:53.0 (8382384)|STATEMENT_EXECUTE|[1]
04:33:53.0 (8391456)|METHOD_EXIT|[1]|PatientWrapper
04:33:53.0 (8402041)|HEAP_ALLOCATE|[43]|Bytes:36
04:33:53.0 (8416139)|CONSTRUCTOR_ENTRY|[43]|01p280000085nGG|<init>()
04:33:53.0 (8445653)|VARIABLE_SCOPE_BEGIN|[1]|this|PatientWrapper|true|false
04:33:53.0 (8491107)|VARIABLE_ASSIGNMENT|[1]|this|{}|0x13c7cbff
04:33:53.0 (8503324)|HEAP_ALLOCATE|[EXTERNAL]|Bytes:6
04:33:53.0 (8532325)|STATEMENT_EXECUTE|[1]
04:33:53.0 (8534513)|STATEMENT_EXECUTE|[3]
04:33:53.0 (8536048)|STATEMENT_EXECUTE|[6]
04:33:53.0 (8537296)|STATEMENT_EXECUTE|[9]
04:33:53.0 (8538542)|STATEMENT_EXECUTE|[12]
04:33:53.0 (8539858)|STATEMENT_EXECUTE|[15]
04:33:53.0 (8540924)|STATEMENT_EXECUTE|[18]
04:33:53.0 (8541956)|STATEMENT_EXECUTE|[21]
04:33:53.0 (8543086)|STATEMENT_EXECUTE|[24]
04:33:53.0 (8547197)|CONSTRUCTOR_EXIT|[43]|01p280000085nGG|<init>()
04:33:53.0 (8563969)|VARIABLE_ASSIGNMENT|[43]|wrapperObj|{}|0x13c7cbff
04:33:53.0 (8566849)|STATEMENT_EXECUTE|[45]
04:33:53.0 (8604129)|HEAP_ALLOCATE|[45]|Bytes:18
04:33:53.0 (8621871)|VARIABLE_ASSIGNMENT|[45]|this.id|"a012800000SBjJTAA1"|0x13c7cbff
04:33:53.0 (8624607)|STATEMENT_EXECUTE|[46]
04:33:53.0 (8650128)|VARIABLE_ASSIGNMENT|[46]|this.name|"Purushottam"|0x13c7cbff
04:33:53.0 (8653252)|STATEMENT_EXECUTE|[47]
04:33:53.0 (8695548)|HEAP_ALLOCATE|[47]|Bytes:12
04:33:53.0 (8713575)|VARIABLE_ASSIGNMENT|[47]|this.steps|1000.0|0x13c7cbff
04:33:53.0 (8716201)|STATEMENT_EXECUTE|[48]
04:33:53.0 (8737300)|HEAP_ALLOCATE|[48]|Bytes:12
04:33:53.0 (8747314)|VARIABLE_ASSIGNMENT|[48]|this.goal|5000.0|0x13c7cbff
04:33:53.0 (8749851)|STATEMENT_EXECUTE|[49]
04:33:53.0 (8767094)|HEAP_ALLOCATE|[49]|Bytes:12
04:33:53.0 (8776594)|VARIABLE_ASSIGNMENT|[49]|this.heartRate|65.0|0x13c7cbff
04:33:53.0 (8778873)|STATEMENT_EXECUTE|[50]
04:33:53.0 (8795515)|HEAP_ALLOCATE|[50]|Bytes:12
04:33:53.0 (8804984)|VARIABLE_ASSIGNMENT|[50]|this.height|5.0|0x13c7cbff
04:33:53.0 (8807184)|STATEMENT_EXECUTE|[51]
04:33:53.0 (8822946)|HEAP_ALLOCATE|[51]|Bytes:12
04:33:53.0 (8832871)|VARIABLE_ASSIGNMENT|[51]|this.weight|50.0|0x13c7cbff
04:33:53.0 (8834992)|STATEMENT_EXECUTE|[52]
04:33:53.0 (8855617)|VARIABLE_ASSIGNMENT|[52]|this.patient_Id|"4LR2VZ"|0x13c7cbff
04:33:53.0 (8869161)|HEAP_ALLOCATE|[42]|Bytes:5
04:33:53.0 (8881841)|VARIABLE_ASSIGNMENT|[42]|patient|null|
04:33:53.0 (8885552)|STATEMENT_EXECUTE|[56]
04:33:53.0 (8889604)|HEAP_ALLOCATE|[56]|Bytes:14
04:33:53.0 (8955513)|HEAP_ALLOCATE|[56]|Bytes:143
04:33:53.0 (8971292)|HEAP_ALLOCATE|[56]|Bytes:157
04:33:53.0 (8982884)|USER_DEBUG|[56]|DEBUG|wrapperObj => PatientWrapper:[goal=5000.0, heartRate=65.0, height=5.0, id=a012800000SBjJTAA1, name=Purushottam, patient_Id=4LR2VZ, steps=1000.0, weight=50.0]
04:33:53.0 (8988770)|STATEMENT_EXECUTE|[57]
04:33:53.0 (8998040)|SYSTEM_MODE_EXIT|false
04:33:53.9 (9051608)|CUMULATIVE_LIMIT_USAGE
04:33:53.9 (9051608)|LIMIT_USAGE_FOR_NS|(default)|
  Number of SOQL queries: 1 out of 100
  Number of query rows: 1 out of 50000
  Number of SOSL queries: 0 out of 20
  Number of DML statements: 0 out of 150
  Number of DML rows: 0 out of 10000
  Maximum CPU time: 0 out of 10000
  Maximum heap size: 0 out of 6000000
  Number of callouts: 0 out of 100
  Number of Email Invocations: 0 out of 10
  Number of future calls: 0 out of 50
  Number of queueable jobs added to the queue: 0 out of 50
  Number of Mobile Apex push calls: 0 out of 10

04:33:53.9 (9051608)|CUMULATIVE_LIMIT_USAGE_END

04:33:53.0 (9099393)|CODE_UNIT_FINISHED|PatientWrapperController.getPatientsById
04:33:53.0 (11126220)|CODE_UNIT_STARTED|[EXTERNAL]|Aura
04:33:53.0 (11180402)|CODE_UNIT_FINISHED|Aura
