36.0 APEX_CODE,FINEST;APEX_PROFILING,INFO;CALLOUT,INFO;DB,INFO;SYSTEM,DEBUG;VALIDATION,INFO;VISUALFORCE,INFO;WORKFLOW,INFO
03:30:31.0 (611113)|EXECUTION_STARTED
03:30:31.0 (657094)|CODE_UNIT_STARTED|[EXTERNAL]|aura
03:30:31.0 (1236951)|HEAP_ALLOCATE|[72]|Bytes:3
03:30:31.0 (1286547)|HEAP_ALLOCATE|[77]|Bytes:152
03:30:31.0 (1306370)|HEAP_ALLOCATE|[342]|Bytes:408
03:30:31.0 (1326187)|HEAP_ALLOCATE|[355]|Bytes:408
03:30:31.0 (1344077)|HEAP_ALLOCATE|[467]|Bytes:48
03:30:31.0 (1374452)|HEAP_ALLOCATE|[139]|Bytes:6
03:30:31.0 (1398415)|HEAP_ALLOCATE|[EXTERNAL]|Bytes:6
03:30:31.0 (1414731)|HEAP_ALLOCATE|[EXTERNAL]|Bytes:6
03:30:31.0 (3344135)|CODE_UNIT_STARTED|[EXTERNAL]|01p280000085nGQ|PatientWrapperController.getPatientsById
03:30:31.0 (3493123)|HEAP_ALLOCATE|[EXTERNAL]|Bytes:7
03:30:31.0 (3500000)|HEAP_ALLOCATE|[EXTERNAL]|Bytes:14
03:30:31.0 (3514793)|METHOD_ENTRY|[1]|01p280000085nGQ|PatientWrapperController.PatientWrapperController()
03:30:31.0 (3519656)|STATEMENT_EXECUTE|[1]
03:30:31.0 (3525986)|STATEMENT_EXECUTE|[1]
03:30:31.0 (3532996)|METHOD_EXIT|[1]|PatientWrapperController
03:30:31.0 (3537914)|HEAP_ALLOCATE|[EXTERNAL]|Bytes:6
03:30:31.0 (3549180)|SYSTEM_MODE_ENTER|false
03:30:31.0 (3561390)|VARIABLE_SCOPE_BEGIN|[36]|patientId|String|false|false
03:30:31.0 (3597122)|VARIABLE_ASSIGNMENT|[36]|patientId|"P00002"
03:30:31.0 (3610516)|STATEMENT_EXECUTE|[36]
03:30:31.0 (3612269)|STATEMENT_EXECUTE|[38]
03:30:31.0 (3615934)|HEAP_ALLOCATE|[38]|Bytes:185
03:30:31.0 (3621506)|VARIABLE_SCOPE_BEGIN|[38]|query|String|false|false
03:30:31.0 (3633379)|VARIABLE_ASSIGNMENT|[38]|query|"SELECT Patient_Id__c (165 more) ..."
03:30:31.0 (3635467)|STATEMENT_EXECUTE|[39]
03:30:31.0 (3674925)|HEAP_ALLOCATE|[50]|Bytes:5
03:30:31.0 (3702210)|HEAP_ALLOCATE|[56]|Bytes:5
03:30:31.0 (3711399)|HEAP_ALLOCATE|[64]|Bytes:7
03:30:31.0 (4243522)|SOQL_EXECUTE_BEGIN|[39]|Aggregations:0|SELECT Patient_Id__c, Full_Name__c, Gender__c, Steps_Completed__c, Goal__c, Height__c, Heart_Rate__c, Weight__c FROM Patient__c where Patient_Id__c = :patientId ORDER BY createdDate ASC
03:30:31.0 (11033022)|SOQL_EXECUTE_END|[39]|Rows:1
03:30:31.0 (11054309)|HEAP_ALLOCATE|[39]|Bytes:8
03:30:31.0 (11075000)|HEAP_ALLOCATE|[39]|Bytes:350
03:30:31.0 (11197076)|HEAP_ALLOCATE|[39]|Bytes:8
03:30:31.0 (11230527)|VARIABLE_SCOPE_BEGIN|[39]|patientList|List<Patient__c>|true|false
03:30:31.0 (11284523)|VARIABLE_ASSIGNMENT|[39]|patientList|{"s":1,"v":[{"s":2,"v":{"Patient_Id__c":"P00002","Full_Name__c":"Pallavi","Gender__c":"Female","Steps_Completed__c":6000,"Goal__c":6000,"Height__c":4.00,"Heart_Rate__c":72,"Weight__c":68.00,"Id":"a012800000SBjJnAAL"}}]}|0x18efb8f0
03:30:31.0 (11290271)|STATEMENT_EXECUTE|[40]
03:30:31.0 (11295792)|VARIABLE_SCOPE_BEGIN|[40]|wrapperObj|PatientWrapper|true|false
03:30:31.0 (11301596)|VARIABLE_ASSIGNMENT|[40]|wrapperObj|null|
03:30:31.0 (11303880)|STATEMENT_EXECUTE|[41]
03:30:31.0 (11308740)|HEAP_ALLOCATE|[41]|Bytes:15
03:30:31.0 (11439852)|HEAP_ALLOCATE|[41]|Bytes:188
03:30:31.0 (11462207)|HEAP_ALLOCATE|[41]|Bytes:203
03:30:31.0 (11486960)|USER_DEBUG|[41]|DEBUG|patientList => (Patient__c:{Patient_Id__c=P00002, Full_Name__c=Pallavi, Gender__c=Female, Steps_Completed__c=6000, Goal__c=6000, Height__c=4.00, Heart_Rate__c=72, Weight__c=68.00, Id=a012800000SBjJnAAL})
03:30:31.0 (11683612)|HEAP_ALLOCATE|[42]|Bytes:5
03:30:31.0 (11726631)|HEAP_ALLOCATE|[42]|Bytes:40
03:30:31.0 (11738133)|VARIABLE_SCOPE_BEGIN|[42]|patient|Patient__c|true|false
03:30:31.0 (11758356)|VARIABLE_ASSIGNMENT|[42]|patient|{"s":1,"v":{"Patient_Id__c":"P00002","Full_Name__c":"Pallavi","Gender__c":"Female","Steps_Completed__c":6000,"Goal__c":6000,"Height__c":4.00,"Heart_Rate__c":72,"Weight__c":68.00,"Id":"a012800000SBjJnAAL"}}|0x41197632
03:30:31.0 (11762794)|STATEMENT_EXECUTE|[42]
03:30:31.0 (11764127)|STATEMENT_EXECUTE|[43]
03:30:31.0 (11807052)|METHOD_ENTRY|[1]|01p280000085nGG|PatientWrapper.PatientWrapper()
03:30:31.0 (11811920)|STATEMENT_EXECUTE|[1]
03:30:31.0 (11817691)|STATEMENT_EXECUTE|[1]
03:30:31.0 (11826263)|METHOD_EXIT|[1]|PatientWrapper
03:30:31.0 (11850140)|HEAP_ALLOCATE|[43]|Bytes:36
03:30:31.0 (11866575)|CONSTRUCTOR_ENTRY|[43]|01p280000085nGG|<init>()
03:30:31.0 (11909216)|VARIABLE_SCOPE_BEGIN|[1]|this|PatientWrapper|true|false
03:30:31.0 (12009298)|VARIABLE_ASSIGNMENT|[1]|this|{}|0x27c92ed8
03:30:31.0 (12021522)|HEAP_ALLOCATE|[EXTERNAL]|Bytes:6
03:30:31.0 (12052414)|STATEMENT_EXECUTE|[1]
03:30:31.0 (12054700)|STATEMENT_EXECUTE|[3]
03:30:31.0 (12055953)|STATEMENT_EXECUTE|[6]
03:30:31.0 (12057005)|STATEMENT_EXECUTE|[9]
03:30:31.0 (12058188)|STATEMENT_EXECUTE|[12]
03:30:31.0 (12059456)|STATEMENT_EXECUTE|[15]
03:30:31.0 (12060548)|STATEMENT_EXECUTE|[18]
03:30:31.0 (12061630)|STATEMENT_EXECUTE|[21]
03:30:31.0 (12062806)|STATEMENT_EXECUTE|[24]
03:30:31.0 (12067008)|CONSTRUCTOR_EXIT|[43]|01p280000085nGG|<init>()
03:30:31.0 (12084429)|VARIABLE_ASSIGNMENT|[43]|wrapperObj|{}|0x27c92ed8
03:30:31.0 (12087330)|STATEMENT_EXECUTE|[45]
03:30:31.0 (12127742)|HEAP_ALLOCATE|[45]|Bytes:18
03:30:31.0 (12147103)|VARIABLE_ASSIGNMENT|[45]|this.id|"a012800000SBjJnAAL"|0x27c92ed8
03:30:31.0 (12150178)|STATEMENT_EXECUTE|[46]
03:30:31.0 (12174299)|VARIABLE_ASSIGNMENT|[46]|this.name|"Pallavi"|0x27c92ed8
03:30:31.0 (12177288)|STATEMENT_EXECUTE|[47]
03:30:31.0 (12223172)|HEAP_ALLOCATE|[47]|Bytes:12
03:30:31.0 (12238345)|VARIABLE_ASSIGNMENT|[47]|this.steps|6000.0|0x27c92ed8
03:30:31.0 (12241016)|STATEMENT_EXECUTE|[48]
03:30:31.0 (12260598)|HEAP_ALLOCATE|[48]|Bytes:12
03:30:31.0 (12269677)|VARIABLE_ASSIGNMENT|[48]|this.goal|6000.0|0x27c92ed8
03:30:31.0 (12271859)|STATEMENT_EXECUTE|[49]
03:30:31.0 (12287431)|HEAP_ALLOCATE|[49]|Bytes:12
03:30:31.0 (12295985)|VARIABLE_ASSIGNMENT|[49]|this.heartRate|72.0|0x27c92ed8
03:30:31.0 (12298201)|STATEMENT_EXECUTE|[50]
03:30:31.0 (12313353)|HEAP_ALLOCATE|[50]|Bytes:12
03:30:31.0 (12321737)|VARIABLE_ASSIGNMENT|[50]|this.height|4.0|0x27c92ed8
03:30:31.0 (12324026)|STATEMENT_EXECUTE|[51]
03:30:31.0 (12339062)|HEAP_ALLOCATE|[51]|Bytes:12
03:30:31.0 (12347825)|VARIABLE_ASSIGNMENT|[51]|this.weight|68.0|0x27c92ed8
03:30:31.0 (12350081)|STATEMENT_EXECUTE|[52]
03:30:31.0 (12369229)|VARIABLE_ASSIGNMENT|[52]|this.patient_Id|"P00002"|0x27c92ed8
03:30:31.0 (12383895)|HEAP_ALLOCATE|[42]|Bytes:5
03:30:31.0 (12396586)|VARIABLE_ASSIGNMENT|[42]|patient|null|
03:30:31.0 (12400427)|STATEMENT_EXECUTE|[56]
03:30:31.0 (12404056)|HEAP_ALLOCATE|[56]|Bytes:14
03:30:31.0 (12472151)|HEAP_ALLOCATE|[56]|Bytes:139
03:30:31.0 (12487657)|HEAP_ALLOCATE|[56]|Bytes:153
03:30:31.0 (12498180)|USER_DEBUG|[56]|DEBUG|wrapperObj => PatientWrapper:[goal=6000.0, heartRate=72.0, height=4.0, id=a012800000SBjJnAAL, name=Pallavi, patient_Id=P00002, steps=6000.0, weight=68.0]
03:30:31.0 (12504319)|STATEMENT_EXECUTE|[57]
03:30:31.0 (12523045)|SYSTEM_MODE_EXIT|false
03:30:31.12 (12569699)|CUMULATIVE_LIMIT_USAGE
03:30:31.12 (12569699)|LIMIT_USAGE_FOR_NS|(default)|
  Number of SOQL queries: 1 out of 100
  Number of query rows: 1 out of 50000
  Number of SOSL queries: 0 out of 20
  Number of DML statements: 0 out of 150
  Number of DML rows: 0 out of 10000
  Maximum CPU time: 0 out of 10000
  Maximum heap size: 0 out of 6000000
  Number of callouts: 0 out of 100
  Number of Email Invocations: 0 out of 10
  Number of future calls: 0 out of 50
  Number of queueable jobs added to the queue: 0 out of 50
  Number of Mobile Apex push calls: 0 out of 10

03:30:31.12 (12569699)|CUMULATIVE_LIMIT_USAGE_END

03:30:31.0 (12615299)|CODE_UNIT_FINISHED|PatientWrapperController.getPatientsById
03:30:31.0 (14609193)|CODE_UNIT_STARTED|[EXTERNAL]|Aura
03:30:31.0 (14667385)|CODE_UNIT_FINISHED|Aura
03:30:31.0 (14877774)|HEAP_ALLOCATE|[EXTERNAL]|Bytes:6
03:30:31.0 (14894691)|HEAP_ALLOCATE|[EXTERNAL]|Bytes:6
03:30:31.0 (16107869)|CODE_UNIT_STARTED|[EXTERNAL]|01p280000085nGQ|PatientWrapperController.getPatientsById
03:30:31.0 (16152070)|HEAP_ALLOCATE|[EXTERNAL]|Bytes:6
03:30:31.0 (16162583)|SYSTEM_MODE_ENTER|false
03:30:31.0 (16170341)|VARIABLE_SCOPE_BEGIN|[36]|patientId|String|false|false
03:30:31.0 (16179293)|VARIABLE_ASSIGNMENT|[36]|patientId|"P00002"
03:30:31.0 (16186376)|STATEMENT_EXECUTE|[36]
03:30:31.0 (16188035)|STATEMENT_EXECUTE|[38]
03:30:31.0 (16192321)|VARIABLE_SCOPE_BEGIN|[38]|query|String|false|false
03:30:31.0 (16201109)|VARIABLE_ASSIGNMENT|[38]|query|"SELECT Patient_Id__c (165 more) ..."
03:30:31.0 (16203263)|STATEMENT_EXECUTE|[39]
03:30:31.0 (16445618)|SOQL_EXECUTE_BEGIN|[39]|Aggregations:0|SELECT Patient_Id__c, Full_Name__c, Gender__c, Steps_Completed__c, Goal__c, Height__c, Heart_Rate__c, Weight__c FROM Patient__c where Patient_Id__c = :patientId ORDER BY createdDate ASC
03:30:31.0 (19353939)|SOQL_EXECUTE_END|[39]|Rows:1
03:30:31.0 (19380492)|HEAP_ALLOCATE|[39]|Bytes:8
03:30:31.0 (19409070)|HEAP_ALLOCATE|[39]|Bytes:350
03:30:31.0 (19446547)|HEAP_ALLOCATE|[39]|Bytes:8
03:30:31.0 (19479727)|VARIABLE_SCOPE_BEGIN|[39]|patientList|List<Patient__c>|true|false
03:30:31.0 (19545281)|VARIABLE_ASSIGNMENT|[39]|patientList|{"s":1,"v":[{"s":2,"v":{"Patient_Id__c":"P00002","Full_Name__c":"Pallavi","Gender__c":"Female","Steps_Completed__c":6000,"Goal__c":6000,"Height__c":4.00,"Heart_Rate__c":72,"Weight__c":68.00,"Id":"a012800000SBjJnAAL"}}]}|0x68382c01
03:30:31.0 (19553142)|STATEMENT_EXECUTE|[40]
03:30:31.0 (19561428)|VARIABLE_SCOPE_BEGIN|[40]|wrapperObj|PatientWrapper|true|false
03:30:31.0 (19572187)|VARIABLE_ASSIGNMENT|[40]|wrapperObj|null|
03:30:31.0 (19575870)|STATEMENT_EXECUTE|[41]
03:30:31.0 (19707142)|HEAP_ALLOCATE|[41]|Bytes:188
03:30:31.0 (19741936)|HEAP_ALLOCATE|[41]|Bytes:203
03:30:31.0 (19765230)|USER_DEBUG|[41]|DEBUG|patientList => (Patient__c:{Patient_Id__c=P00002, Full_Name__c=Pallavi, Gender__c=Female, Steps_Completed__c=6000, Goal__c=6000, Height__c=4.00, Heart_Rate__c=72, Weight__c=68.00, Id=a012800000SBjJnAAL})
03:30:31.0 (19826171)|HEAP_ALLOCATE|[42]|Bytes:5
03:30:31.0 (19871961)|HEAP_ALLOCATE|[42]|Bytes:40
03:30:31.0 (19893268)|VARIABLE_SCOPE_BEGIN|[42]|patient|Patient__c|true|false
03:30:31.0 (19923530)|VARIABLE_ASSIGNMENT|[42]|patient|{"s":1,"v":{"Patient_Id__c":"P00002","Full_Name__c":"Pallavi","Gender__c":"Female","Steps_Completed__c":6000,"Goal__c":6000,"Height__c":4.00,"Heart_Rate__c":72,"Weight__c":68.00,"Id":"a012800000SBjJnAAL"}}|0x37e08249
03:30:31.0 (19930914)|STATEMENT_EXECUTE|[42]
03:30:31.0 (19933329)|STATEMENT_EXECUTE|[43]
03:30:31.0 (19943318)|HEAP_ALLOCATE|[43]|Bytes:36
03:30:31.0 (19960024)|CONSTRUCTOR_ENTRY|[43]|01p280000085nGG|<init>()
03:30:31.0 (19971557)|VARIABLE_SCOPE_BEGIN|[1]|this|PatientWrapper|true|false
03:30:31.0 (20019745)|VARIABLE_ASSIGNMENT|[1]|this|{}|0x328f6552
03:30:31.0 (20049826)|STATEMENT_EXECUTE|[1]
03:30:31.0 (20053280)|STATEMENT_EXECUTE|[3]
03:30:31.0 (20055205)|STATEMENT_EXECUTE|[6]
03:30:31.0 (20057014)|STATEMENT_EXECUTE|[9]
03:30:31.0 (20058912)|STATEMENT_EXECUTE|[12]
03:30:31.0 (20060612)|STATEMENT_EXECUTE|[15]
03:30:31.0 (20062338)|STATEMENT_EXECUTE|[18]
03:30:31.0 (20064082)|STATEMENT_EXECUTE|[21]
03:30:31.0 (20066272)|STATEMENT_EXECUTE|[24]
03:30:31.0 (20073806)|CONSTRUCTOR_EXIT|[43]|01p280000085nGG|<init>()
03:30:31.0 (20101954)|VARIABLE_ASSIGNMENT|[43]|wrapperObj|{}|0x328f6552
03:30:31.0 (20107576)|STATEMENT_EXECUTE|[45]
03:30:31.0 (20134980)|HEAP_ALLOCATE|[45]|Bytes:18
03:30:31.0 (20158570)|VARIABLE_ASSIGNMENT|[45]|this.id|"a012800000SBjJnAAL"|0x328f6552
03:30:31.0 (20163630)|STATEMENT_EXECUTE|[46]
03:30:31.0 (20184378)|VARIABLE_ASSIGNMENT|[46]|this.name|"Pallavi"|0x328f6552
03:30:31.0 (20188804)|STATEMENT_EXECUTE|[47]
03:30:31.0 (20212847)|HEAP_ALLOCATE|[47]|Bytes:12
03:30:31.0 (20231751)|VARIABLE_ASSIGNMENT|[47]|this.steps|6000.0|0x328f6552
03:30:31.0 (20235920)|STATEMENT_EXECUTE|[48]
03:30:31.0 (20251072)|HEAP_ALLOCATE|[48]|Bytes:12
03:30:31.0 (20265411)|VARIABLE_ASSIGNMENT|[48]|this.goal|6000.0|0x328f6552
03:30:31.0 (20269654)|STATEMENT_EXECUTE|[49]
03:30:31.0 (20284159)|HEAP_ALLOCATE|[49]|Bytes:12
03:30:31.0 (20298415)|VARIABLE_ASSIGNMENT|[49]|this.heartRate|72.0|0x328f6552
03:30:31.0 (20302573)|STATEMENT_EXECUTE|[50]
03:30:31.0 (20316874)|HEAP_ALLOCATE|[50]|Bytes:12
03:30:31.0 (20331482)|VARIABLE_ASSIGNMENT|[50]|this.height|4.0|0x328f6552
03:30:31.0 (20335635)|STATEMENT_EXECUTE|[51]
03:30:31.0 (20348256)|HEAP_ALLOCATE|[51]|Bytes:12
03:30:31.0 (20361665)|VARIABLE_ASSIGNMENT|[51]|this.weight|68.0|0x328f6552
03:30:31.0 (20365411)|STATEMENT_EXECUTE|[52]
03:30:31.0 (20382738)|VARIABLE_ASSIGNMENT|[52]|this.patient_Id|"P00002"|0x328f6552
03:30:31.0 (20404081)|HEAP_ALLOCATE|[42]|Bytes:5
03:30:31.0 (20424406)|VARIABLE_ASSIGNMENT|[42]|patient|null|
03:30:31.0 (20430026)|STATEMENT_EXECUTE|[56]
03:30:31.0 (20495907)|HEAP_ALLOCATE|[56]|Bytes:139
03:30:31.0 (20519488)|HEAP_ALLOCATE|[56]|Bytes:153
03:30:31.0 (20535803)|USER_DEBUG|[56]|DEBUG|wrapperObj => PatientWrapper:[goal=6000.0, heartRate=72.0, height=4.0, id=a012800000SBjJnAAL, name=Pallavi, patient_Id=P00002, steps=6000.0, weight=68.0]
03:30:31.0 (20546908)|STATEMENT_EXECUTE|[57]
03:30:31.0 (20566205)|SYSTEM_MODE_EXIT|false
03:30:31.20 (20630702)|CUMULATIVE_LIMIT_USAGE
03:30:31.20 (20630702)|LIMIT_USAGE_FOR_NS|(default)|
  Number of SOQL queries: 2 out of 100
  Number of query rows: 2 out of 50000
  Number of SOSL queries: 0 out of 20
  Number of DML statements: 0 out of 150
  Number of DML rows: 0 out of 10000
  Maximum CPU time: 0 out of 10000
  Maximum heap size: 0 out of 6000000
  Number of callouts: 0 out of 100
  Number of Email Invocations: 0 out of 10
  Number of future calls: 0 out of 50
  Number of queueable jobs added to the queue: 0 out of 50
  Number of Mobile Apex push calls: 0 out of 10

03:30:31.20 (20630702)|CUMULATIVE_LIMIT_USAGE_END

03:30:31.0 (20694553)|CODE_UNIT_FINISHED|PatientWrapperController.getPatientsById
03:30:31.0 (22863529)|CODE_UNIT_STARTED|[EXTERNAL]|Aura
03:30:31.0 (22969964)|CODE_UNIT_FINISHED|Aura
