36.0 APEX_CODE,FINEST;APEX_PROFILING,INFO;CALLOUT,INFO;DB,INFO;SYSTEM,DEBUG;VALIDATION,INFO;VISUALFORCE,INFO;WORKFLOW,INFO
06:39:34.0 (60482)|EXECUTION_STARTED
06:39:34.0 (90841)|CODE_UNIT_STARTED|[EXTERNAL]|aura
06:39:34.0 (630051)|HEAP_ALLOCATE|[72]|Bytes:3
06:39:34.0 (685336)|HEAP_ALLOCATE|[77]|Bytes:152
06:39:34.0 (705727)|HEAP_ALLOCATE|[342]|Bytes:408
06:39:34.0 (725346)|HEAP_ALLOCATE|[355]|Bytes:408
06:39:34.0 (743122)|HEAP_ALLOCATE|[467]|Bytes:48
06:39:34.0 (771526)|HEAP_ALLOCATE|[139]|Bytes:6
06:39:34.0 (798485)|HEAP_ALLOCATE|[EXTERNAL]|Bytes:6
06:39:34.0 (815079)|HEAP_ALLOCATE|[EXTERNAL]|Bytes:6
06:39:34.0 (2140140)|CODE_UNIT_STARTED|[EXTERNAL]|01p280000085nGQ|PatientWrapperController.getPatientsById
06:39:34.0 (2903192)|HEAP_ALLOCATE|[EXTERNAL]|Bytes:7
06:39:34.0 (2908950)|HEAP_ALLOCATE|[EXTERNAL]|Bytes:14
06:39:34.0 (2925709)|METHOD_ENTRY|[1]|01p280000085nGQ|PatientWrapperController.PatientWrapperController()
06:39:34.0 (2930098)|STATEMENT_EXECUTE|[1]
06:39:34.0 (2935351)|STATEMENT_EXECUTE|[1]
06:39:34.0 (2941903)|METHOD_EXIT|[1]|PatientWrapperController
06:39:34.0 (2945916)|HEAP_ALLOCATE|[EXTERNAL]|Bytes:6
06:39:34.0 (2957681)|SYSTEM_MODE_ENTER|false
06:39:34.0 (2971702)|VARIABLE_SCOPE_BEGIN|[36]|patientId|String|false|false
06:39:34.0 (3000072)|VARIABLE_ASSIGNMENT|[36]|patientId|"P00002"
06:39:34.0 (3013823)|STATEMENT_EXECUTE|[36]
06:39:34.0 (3015393)|STATEMENT_EXECUTE|[38]
06:39:34.0 (3018868)|HEAP_ALLOCATE|[38]|Bytes:185
06:39:34.0 (3024540)|VARIABLE_SCOPE_BEGIN|[38]|query|String|false|false
06:39:34.0 (3035299)|VARIABLE_ASSIGNMENT|[38]|query|"SELECT Patient_Id__c (165 more) ..."
06:39:34.0 (3037333)|STATEMENT_EXECUTE|[39]
06:39:34.0 (3075675)|HEAP_ALLOCATE|[50]|Bytes:5
06:39:34.0 (3101575)|HEAP_ALLOCATE|[56]|Bytes:5
06:39:34.0 (3109947)|HEAP_ALLOCATE|[64]|Bytes:7
06:39:34.0 (3722428)|SOQL_EXECUTE_BEGIN|[39]|Aggregations:0|SELECT Patient_Id__c, Full_Name__c, Gender__c, Steps_Completed__c, Goal__c, Height__c, Heart_Rate__c, Weight__c FROM Patient__c where Patient_Id__c = :patientId ORDER BY createdDate ASC
06:39:34.0 (7422041)|SOQL_EXECUTE_END|[39]|Rows:1
06:39:34.0 (7437275)|HEAP_ALLOCATE|[39]|Bytes:8
06:39:34.0 (7458091)|HEAP_ALLOCATE|[39]|Bytes:350
06:39:34.0 (7562370)|HEAP_ALLOCATE|[39]|Bytes:8
06:39:34.0 (7583959)|VARIABLE_SCOPE_BEGIN|[39]|patientList|List<Patient__c>|true|false
06:39:34.0 (7626290)|VARIABLE_ASSIGNMENT|[39]|patientList|{"s":1,"v":[{"s":2,"v":{"Patient_Id__c":"P00002","Full_Name__c":"Pallavi","Gender__c":"Female","Steps_Completed__c":6000,"Goal__c":6000,"Height__c":4.00,"Heart_Rate__c":72,"Weight__c":68.00,"Id":"a012800000SBjJnAAL"}}]}|0x71233fb2
06:39:34.0 (7631487)|STATEMENT_EXECUTE|[40]
06:39:34.0 (7635617)|VARIABLE_SCOPE_BEGIN|[40]|wrapperObj|PatientWrapper|true|false
06:39:34.0 (7640960)|VARIABLE_ASSIGNMENT|[40]|wrapperObj|null|
06:39:34.0 (7642816)|STATEMENT_EXECUTE|[41]
06:39:34.0 (7646604)|HEAP_ALLOCATE|[41]|Bytes:15
06:39:34.0 (7753984)|HEAP_ALLOCATE|[41]|Bytes:188
06:39:34.0 (7777296)|HEAP_ALLOCATE|[41]|Bytes:203
06:39:34.0 (7800704)|USER_DEBUG|[41]|DEBUG|patientList => (Patient__c:{Patient_Id__c=P00002, Full_Name__c=Pallavi, Gender__c=Female, Steps_Completed__c=6000, Goal__c=6000, Height__c=4.00, Heart_Rate__c=72, Weight__c=68.00, Id=a012800000SBjJnAAL})
06:39:34.0 (8023196)|HEAP_ALLOCATE|[42]|Bytes:5
06:39:34.0 (8072316)|HEAP_ALLOCATE|[42]|Bytes:40
06:39:34.0 (8087516)|VARIABLE_SCOPE_BEGIN|[42]|patient|Patient__c|true|false
06:39:34.0 (8108385)|VARIABLE_ASSIGNMENT|[42]|patient|{"s":1,"v":{"Patient_Id__c":"P00002","Full_Name__c":"Pallavi","Gender__c":"Female","Steps_Completed__c":6000,"Goal__c":6000,"Height__c":4.00,"Heart_Rate__c":72,"Weight__c":68.00,"Id":"a012800000SBjJnAAL"}}|0xfb20927
06:39:34.0 (8113374)|STATEMENT_EXECUTE|[42]
06:39:34.0 (8114720)|STATEMENT_EXECUTE|[43]
06:39:34.0 (8143561)|METHOD_ENTRY|[1]|01p280000085nGG|PatientWrapper.PatientWrapper()
06:39:34.0 (8146762)|STATEMENT_EXECUTE|[1]
06:39:34.0 (8150137)|STATEMENT_EXECUTE|[1]
06:39:34.0 (8156636)|METHOD_EXIT|[1]|PatientWrapper
06:39:34.0 (8163947)|HEAP_ALLOCATE|[43]|Bytes:36
06:39:34.0 (8175805)|CONSTRUCTOR_ENTRY|[43]|01p280000085nGG|<init>()
06:39:34.0 (8211307)|VARIABLE_SCOPE_BEGIN|[1]|this|PatientWrapper|true|false
06:39:34.0 (8277823)|VARIABLE_ASSIGNMENT|[1]|this|{}|0x7c4d4e7f
06:39:34.0 (8291620)|HEAP_ALLOCATE|[EXTERNAL]|Bytes:6
06:39:34.0 (8317164)|STATEMENT_EXECUTE|[1]
06:39:34.0 (8319113)|STATEMENT_EXECUTE|[3]
06:39:34.0 (8320362)|STATEMENT_EXECUTE|[6]
06:39:34.0 (8321349)|STATEMENT_EXECUTE|[9]
06:39:34.0 (8322289)|STATEMENT_EXECUTE|[12]
06:39:34.0 (8323434)|STATEMENT_EXECUTE|[15]
06:39:34.0 (8324462)|STATEMENT_EXECUTE|[18]
06:39:34.0 (8325440)|STATEMENT_EXECUTE|[21]
06:39:34.0 (8326388)|STATEMENT_EXECUTE|[24]
06:39:34.0 (8331031)|CONSTRUCTOR_EXIT|[43]|01p280000085nGG|<init>()
06:39:34.0 (8348925)|VARIABLE_ASSIGNMENT|[43]|wrapperObj|{}|0x7c4d4e7f
06:39:34.0 (8351628)|STATEMENT_EXECUTE|[45]
06:39:34.0 (8390839)|HEAP_ALLOCATE|[45]|Bytes:18
06:39:34.0 (8413467)|VARIABLE_ASSIGNMENT|[45]|this.id|"a012800000SBjJnAAL"|0x7c4d4e7f
06:39:34.0 (8416340)|STATEMENT_EXECUTE|[46]
06:39:34.0 (8440881)|VARIABLE_ASSIGNMENT|[46]|this.name|"Pallavi"|0x7c4d4e7f
06:39:34.0 (8444010)|STATEMENT_EXECUTE|[47]
06:39:34.0 (8486761)|HEAP_ALLOCATE|[47]|Bytes:12
06:39:34.0 (8499723)|VARIABLE_ASSIGNMENT|[47]|this.steps|6000.0|0x7c4d4e7f
06:39:34.0 (8502153)|STATEMENT_EXECUTE|[48]
06:39:34.0 (8522370)|HEAP_ALLOCATE|[48]|Bytes:12
06:39:34.0 (8531434)|VARIABLE_ASSIGNMENT|[48]|this.goal|6000.0|0x7c4d4e7f
06:39:34.0 (8533793)|STATEMENT_EXECUTE|[49]
06:39:34.0 (8549948)|HEAP_ALLOCATE|[49]|Bytes:12
06:39:34.0 (8558266)|VARIABLE_ASSIGNMENT|[49]|this.heartRate|72.0|0x7c4d4e7f
06:39:34.0 (8560464)|STATEMENT_EXECUTE|[50]
06:39:34.0 (8577411)|HEAP_ALLOCATE|[50]|Bytes:12
06:39:34.0 (8585467)|VARIABLE_ASSIGNMENT|[50]|this.height|4.0|0x7c4d4e7f
06:39:34.0 (8587533)|STATEMENT_EXECUTE|[51]
06:39:34.0 (8603229)|HEAP_ALLOCATE|[51]|Bytes:12
06:39:34.0 (8611851)|VARIABLE_ASSIGNMENT|[51]|this.weight|68.0|0x7c4d4e7f
06:39:34.0 (8614154)|STATEMENT_EXECUTE|[52]
06:39:34.0 (8634195)|VARIABLE_ASSIGNMENT|[52]|this.patient_Id|"P00002"|0x7c4d4e7f
06:39:34.0 (8648906)|HEAP_ALLOCATE|[42]|Bytes:5
06:39:34.0 (8661172)|VARIABLE_ASSIGNMENT|[42]|patient|null|
06:39:34.0 (8665193)|STATEMENT_EXECUTE|[56]
06:39:34.0 (8668052)|HEAP_ALLOCATE|[56]|Bytes:14
06:39:34.0 (8747638)|HEAP_ALLOCATE|[56]|Bytes:139
06:39:34.0 (8765561)|HEAP_ALLOCATE|[56]|Bytes:153
06:39:34.0 (8776089)|USER_DEBUG|[56]|DEBUG|wrapperObj => PatientWrapper:[goal=6000.0, heartRate=72.0, height=4.0, id=a012800000SBjJnAAL, name=Pallavi, patient_Id=P00002, steps=6000.0, weight=68.0]
06:39:34.0 (8782205)|STATEMENT_EXECUTE|[57]
06:39:34.0 (8795835)|SYSTEM_MODE_EXIT|false
06:39:34.8 (8848321)|CUMULATIVE_LIMIT_USAGE
06:39:34.8 (8848321)|LIMIT_USAGE_FOR_NS|(default)|
  Number of SOQL queries: 1 out of 100
  Number of query rows: 1 out of 50000
  Number of SOSL queries: 0 out of 20
  Number of DML statements: 0 out of 150
  Number of DML rows: 0 out of 10000
  Maximum CPU time: 0 out of 10000
  Maximum heap size: 0 out of 6000000
  Number of callouts: 0 out of 100
  Number of Email Invocations: 0 out of 10
  Number of future calls: 0 out of 50
  Number of queueable jobs added to the queue: 0 out of 50
  Number of Mobile Apex push calls: 0 out of 10

06:39:34.8 (8848321)|CUMULATIVE_LIMIT_USAGE_END

06:39:34.0 (8908902)|CODE_UNIT_FINISHED|PatientWrapperController.getPatientsById
06:39:34.0 (10627369)|CODE_UNIT_STARTED|[EXTERNAL]|Aura
06:39:34.0 (10699652)|CODE_UNIT_FINISHED|Aura
