36.0 APEX_CODE,FINEST;APEX_PROFILING,INFO;CALLOUT,INFO;DB,INFO;SYSTEM,DEBUG;VALIDATION,INFO;VISUALFORCE,INFO;WORKFLOW,INFO
03:30:39.0 (653211)|EXECUTION_STARTED
03:30:39.0 (692986)|CODE_UNIT_STARTED|[EXTERNAL]|aura
03:30:39.0 (1163529)|HEAP_ALLOCATE|[72]|Bytes:3
03:30:39.0 (1212627)|HEAP_ALLOCATE|[77]|Bytes:152
03:30:39.0 (1241203)|HEAP_ALLOCATE|[342]|Bytes:408
03:30:39.0 (1272654)|HEAP_ALLOCATE|[355]|Bytes:408
03:30:39.0 (1301912)|HEAP_ALLOCATE|[467]|Bytes:48
03:30:39.0 (1341790)|HEAP_ALLOCATE|[139]|Bytes:6
03:30:39.0 (1376259)|HEAP_ALLOCATE|[EXTERNAL]|Bytes:6
03:30:39.0 (1399918)|HEAP_ALLOCATE|[EXTERNAL]|Bytes:6
03:30:39.0 (2669395)|CODE_UNIT_STARTED|[EXTERNAL]|01p280000085nGQ|PatientWrapperController.getPatientsById
03:30:39.0 (3511563)|HEAP_ALLOCATE|[EXTERNAL]|Bytes:7
03:30:39.0 (3520353)|HEAP_ALLOCATE|[EXTERNAL]|Bytes:14
03:30:39.0 (3537718)|METHOD_ENTRY|[1]|01p280000085nGQ|PatientWrapperController.PatientWrapperController()
03:30:39.0 (3542131)|STATEMENT_EXECUTE|[1]
03:30:39.0 (3549963)|STATEMENT_EXECUTE|[1]
03:30:39.0 (3556398)|METHOD_EXIT|[1]|PatientWrapperController
03:30:39.0 (3561116)|HEAP_ALLOCATE|[EXTERNAL]|Bytes:6
03:30:39.0 (3569292)|SYSTEM_MODE_ENTER|false
03:30:39.0 (3577126)|VARIABLE_SCOPE_BEGIN|[36]|patientId|String|false|false
03:30:39.0 (3608744)|VARIABLE_ASSIGNMENT|[36]|patientId|"P00003"
03:30:39.0 (3620548)|STATEMENT_EXECUTE|[36]
03:30:39.0 (3622470)|STATEMENT_EXECUTE|[38]
03:30:39.0 (3626183)|HEAP_ALLOCATE|[38]|Bytes:185
03:30:39.0 (3637967)|VARIABLE_SCOPE_BEGIN|[38]|query|String|false|false
03:30:39.0 (3649202)|VARIABLE_ASSIGNMENT|[38]|query|"SELECT Patient_Id__c (165 more) ..."
03:30:39.0 (3651587)|STATEMENT_EXECUTE|[39]
03:30:39.0 (3691734)|HEAP_ALLOCATE|[50]|Bytes:5
03:30:39.0 (3714827)|HEAP_ALLOCATE|[56]|Bytes:5
03:30:39.0 (3723871)|HEAP_ALLOCATE|[64]|Bytes:7
03:30:39.0 (5542873)|SOQL_EXECUTE_BEGIN|[39]|Aggregations:0|SELECT Patient_Id__c, Full_Name__c, Gender__c, Steps_Completed__c, Goal__c, Height__c, Heart_Rate__c, Weight__c FROM Patient__c where Patient_Id__c = :patientId ORDER BY createdDate ASC
03:30:39.0 (11222281)|SOQL_EXECUTE_END|[39]|Rows:1
03:30:39.0 (11245790)|HEAP_ALLOCATE|[39]|Bytes:8
03:30:39.0 (11266765)|HEAP_ALLOCATE|[39]|Bytes:353
03:30:39.0 (11381816)|HEAP_ALLOCATE|[39]|Bytes:8
03:30:39.0 (11412704)|VARIABLE_SCOPE_BEGIN|[39]|patientList|List<Patient__c>|true|false
03:30:39.0 (11461778)|VARIABLE_ASSIGNMENT|[39]|patientList|{"s":1,"v":[{"s":2,"v":{"Patient_Id__c":"P00003","Full_Name__c":"Bhagyashri","Gender__c":"Female","Steps_Completed__c":1000,"Goal__c":5000,"Height__c":5.30,"Heart_Rate__c":68,"Weight__c":52.00,"Id":"a012800000SBlH6AAL"}}]}|0x3665bc13
03:30:39.0 (11467689)|STATEMENT_EXECUTE|[40]
03:30:39.0 (11477438)|VARIABLE_SCOPE_BEGIN|[40]|wrapperObj|PatientWrapper|true|false
03:30:39.0 (11484048)|VARIABLE_ASSIGNMENT|[40]|wrapperObj|null|
03:30:39.0 (11486689)|STATEMENT_EXECUTE|[41]
03:30:39.0 (11491068)|HEAP_ALLOCATE|[41]|Bytes:15
03:30:39.0 (11616034)|HEAP_ALLOCATE|[41]|Bytes:191
03:30:39.0 (11638624)|HEAP_ALLOCATE|[41]|Bytes:206
03:30:39.0 (11665315)|USER_DEBUG|[41]|DEBUG|patientList => (Patient__c:{Patient_Id__c=P00003, Full_Name__c=Bhagyashri, Gender__c=Female, Steps_Completed__c=1000, Goal__c=5000, Height__c=5.30, Heart_Rate__c=68, Weight__c=52.00, Id=a012800000SBlH6AAL})
03:30:39.0 (11849590)|HEAP_ALLOCATE|[42]|Bytes:5
03:30:39.0 (11891554)|HEAP_ALLOCATE|[42]|Bytes:40
03:30:39.0 (11902284)|VARIABLE_SCOPE_BEGIN|[42]|patient|Patient__c|true|false
03:30:39.0 (11925964)|VARIABLE_ASSIGNMENT|[42]|patient|{"s":1,"v":{"Patient_Id__c":"P00003","Full_Name__c":"Bhagyashri","Gender__c":"Female","Steps_Completed__c":1000,"Goal__c":5000,"Height__c":5.30,"Heart_Rate__c":68,"Weight__c":52.00,"Id":"a012800000SBlH6AAL"}}|0x7c061b0a
03:30:39.0 (11931041)|STATEMENT_EXECUTE|[42]
03:30:39.0 (11932794)|STATEMENT_EXECUTE|[43]
03:30:39.0 (11953047)|METHOD_ENTRY|[1]|01p280000085nGG|PatientWrapper.PatientWrapper()
03:30:39.0 (11956973)|STATEMENT_EXECUTE|[1]
03:30:39.0 (11963286)|STATEMENT_EXECUTE|[1]
03:30:39.0 (11970793)|METHOD_EXIT|[1]|PatientWrapper
03:30:39.0 (11978115)|HEAP_ALLOCATE|[43]|Bytes:36
03:30:39.0 (11989932)|CONSTRUCTOR_ENTRY|[43]|01p280000085nGG|<init>()
03:30:39.0 (12016084)|VARIABLE_SCOPE_BEGIN|[1]|this|PatientWrapper|true|false
03:30:39.0 (12051205)|VARIABLE_ASSIGNMENT|[1]|this|{}|0x620b40cb
03:30:39.0 (12064028)|HEAP_ALLOCATE|[EXTERNAL]|Bytes:6
03:30:39.0 (12108909)|STATEMENT_EXECUTE|[1]
03:30:39.0 (12112997)|STATEMENT_EXECUTE|[3]
03:30:39.0 (12115350)|STATEMENT_EXECUTE|[6]
03:30:39.0 (12117475)|STATEMENT_EXECUTE|[9]
03:30:39.0 (12119688)|STATEMENT_EXECUTE|[12]
03:30:39.0 (12122061)|STATEMENT_EXECUTE|[15]
03:30:39.0 (12124029)|STATEMENT_EXECUTE|[18]
03:30:39.0 (12125898)|STATEMENT_EXECUTE|[21]
03:30:39.0 (12127916)|STATEMENT_EXECUTE|[24]
03:30:39.0 (12136475)|CONSTRUCTOR_EXIT|[43]|01p280000085nGG|<init>()
03:30:39.0 (12164541)|VARIABLE_ASSIGNMENT|[43]|wrapperObj|{}|0x620b40cb
03:30:39.0 (12169810)|STATEMENT_EXECUTE|[45]
03:30:39.0 (12213330)|HEAP_ALLOCATE|[45]|Bytes:18
03:30:39.0 (12234504)|VARIABLE_ASSIGNMENT|[45]|this.id|"a012800000SBlH6AAL"|0x620b40cb
03:30:39.0 (12238814)|STATEMENT_EXECUTE|[46]
03:30:39.0 (12279721)|VARIABLE_ASSIGNMENT|[46]|this.name|"Bhagyashri"|0x620b40cb
03:30:39.0 (12284918)|STATEMENT_EXECUTE|[47]
03:30:39.0 (12351347)|HEAP_ALLOCATE|[47]|Bytes:12
03:30:39.0 (12374059)|VARIABLE_ASSIGNMENT|[47]|this.steps|1000.0|0x620b40cb
03:30:39.0 (12378978)|STATEMENT_EXECUTE|[48]
03:30:39.0 (12415260)|HEAP_ALLOCATE|[48]|Bytes:12
03:30:39.0 (12433780)|VARIABLE_ASSIGNMENT|[48]|this.goal|5000.0|0x620b40cb
03:30:39.0 (12438600)|STATEMENT_EXECUTE|[49]
03:30:39.0 (12471494)|HEAP_ALLOCATE|[49]|Bytes:12
03:30:39.0 (12488190)|VARIABLE_ASSIGNMENT|[49]|this.heartRate|68.0|0x620b40cb
03:30:39.0 (12492603)|STATEMENT_EXECUTE|[50]
03:30:39.0 (12524467)|HEAP_ALLOCATE|[50]|Bytes:12
03:30:39.0 (12542181)|VARIABLE_ASSIGNMENT|[50]|this.height|5.3|0x620b40cb
03:30:39.0 (12546706)|STATEMENT_EXECUTE|[51]
03:30:39.0 (12575543)|HEAP_ALLOCATE|[51]|Bytes:12
03:30:39.0 (12590156)|VARIABLE_ASSIGNMENT|[51]|this.weight|52.0|0x620b40cb
03:30:39.0 (12593898)|STATEMENT_EXECUTE|[52]
03:30:39.0 (12625917)|VARIABLE_ASSIGNMENT|[52]|this.patient_Id|"P00003"|0x620b40cb
03:30:39.0 (12648535)|HEAP_ALLOCATE|[42]|Bytes:5
03:30:39.0 (12670981)|VARIABLE_ASSIGNMENT|[42]|patient|null|
03:30:39.0 (12676460)|STATEMENT_EXECUTE|[56]
03:30:39.0 (12681908)|HEAP_ALLOCATE|[56]|Bytes:14
03:30:39.0 (12762082)|HEAP_ALLOCATE|[56]|Bytes:142
03:30:39.0 (12780064)|HEAP_ALLOCATE|[56]|Bytes:156
03:30:39.0 (12791669)|USER_DEBUG|[56]|DEBUG|wrapperObj => PatientWrapper:[goal=5000.0, heartRate=68.0, height=5.3, id=a012800000SBlH6AAL, name=Bhagyashri, patient_Id=P00003, steps=1000.0, weight=52.0]
03:30:39.0 (12798333)|STATEMENT_EXECUTE|[57]
03:30:39.0 (12807415)|SYSTEM_MODE_EXIT|false
03:30:39.12 (12854218)|CUMULATIVE_LIMIT_USAGE
03:30:39.12 (12854218)|LIMIT_USAGE_FOR_NS|(default)|
  Number of SOQL queries: 1 out of 100
  Number of query rows: 1 out of 50000
  Number of SOSL queries: 0 out of 20
  Number of DML statements: 0 out of 150
  Number of DML rows: 0 out of 10000
  Maximum CPU time: 0 out of 10000
  Maximum heap size: 0 out of 6000000
  Number of callouts: 0 out of 100
  Number of Email Invocations: 0 out of 10
  Number of future calls: 0 out of 50
  Number of queueable jobs added to the queue: 0 out of 50
  Number of Mobile Apex push calls: 0 out of 10

03:30:39.12 (12854218)|CUMULATIVE_LIMIT_USAGE_END

03:30:39.0 (12894622)|CODE_UNIT_FINISHED|PatientWrapperController.getPatientsById
03:30:39.0 (15070328)|CODE_UNIT_STARTED|[EXTERNAL]|Aura
03:30:39.0 (15139373)|CODE_UNIT_FINISHED|Aura
03:30:39.0 (15354752)|HEAP_ALLOCATE|[EXTERNAL]|Bytes:6
03:30:39.0 (15374701)|HEAP_ALLOCATE|[EXTERNAL]|Bytes:6
03:30:39.0 (16751054)|CODE_UNIT_STARTED|[EXTERNAL]|01p280000085nGQ|PatientWrapperController.getPatientsById
03:30:39.0 (16798322)|HEAP_ALLOCATE|[EXTERNAL]|Bytes:6
03:30:39.0 (16808069)|SYSTEM_MODE_ENTER|false
03:30:39.0 (16817723)|VARIABLE_SCOPE_BEGIN|[36]|patientId|String|false|false
03:30:39.0 (16830531)|VARIABLE_ASSIGNMENT|[36]|patientId|"P00003"
03:30:39.0 (16838805)|STATEMENT_EXECUTE|[36]
03:30:39.0 (16841322)|STATEMENT_EXECUTE|[38]
03:30:39.0 (16846639)|VARIABLE_SCOPE_BEGIN|[38]|query|String|false|false
03:30:39.0 (16855377)|VARIABLE_ASSIGNMENT|[38]|query|"SELECT Patient_Id__c (165 more) ..."
03:30:39.0 (16858010)|STATEMENT_EXECUTE|[39]
03:30:39.0 (17139662)|SOQL_EXECUTE_BEGIN|[39]|Aggregations:0|SELECT Patient_Id__c, Full_Name__c, Gender__c, Steps_Completed__c, Goal__c, Height__c, Heart_Rate__c, Weight__c FROM Patient__c where Patient_Id__c = :patientId ORDER BY createdDate ASC
03:30:39.0 (20493926)|SOQL_EXECUTE_END|[39]|Rows:1
03:30:39.0 (20513846)|HEAP_ALLOCATE|[39]|Bytes:8
03:30:39.0 (20534046)|HEAP_ALLOCATE|[39]|Bytes:353
03:30:39.0 (20555915)|HEAP_ALLOCATE|[39]|Bytes:8
03:30:39.0 (20578289)|VARIABLE_SCOPE_BEGIN|[39]|patientList|List<Patient__c>|true|false
03:30:39.0 (20624640)|VARIABLE_ASSIGNMENT|[39]|patientList|{"s":1,"v":[{"s":2,"v":{"Patient_Id__c":"P00003","Full_Name__c":"Bhagyashri","Gender__c":"Female","Steps_Completed__c":1000,"Goal__c":5000,"Height__c":5.30,"Heart_Rate__c":68,"Weight__c":52.00,"Id":"a012800000SBlH6AAL"}}]}|0x16855b8f
03:30:39.0 (20630255)|STATEMENT_EXECUTE|[40]
03:30:39.0 (20635213)|VARIABLE_SCOPE_BEGIN|[40]|wrapperObj|PatientWrapper|true|false
03:30:39.0 (20640912)|VARIABLE_ASSIGNMENT|[40]|wrapperObj|null|
03:30:39.0 (20642873)|STATEMENT_EXECUTE|[41]
03:30:39.0 (20722899)|HEAP_ALLOCATE|[41]|Bytes:191
03:30:39.0 (20739841)|HEAP_ALLOCATE|[41]|Bytes:206
03:30:39.0 (20753666)|USER_DEBUG|[41]|DEBUG|patientList => (Patient__c:{Patient_Id__c=P00003, Full_Name__c=Bhagyashri, Gender__c=Female, Steps_Completed__c=1000, Goal__c=5000, Height__c=5.30, Heart_Rate__c=68, Weight__c=52.00, Id=a012800000SBlH6AAL})
03:30:39.0 (20780688)|HEAP_ALLOCATE|[42]|Bytes:5
03:30:39.0 (20808342)|HEAP_ALLOCATE|[42]|Bytes:40
03:30:39.0 (20818058)|VARIABLE_SCOPE_BEGIN|[42]|patient|Patient__c|true|false
03:30:39.0 (20837257)|VARIABLE_ASSIGNMENT|[42]|patient|{"s":1,"v":{"Patient_Id__c":"P00003","Full_Name__c":"Bhagyashri","Gender__c":"Female","Steps_Completed__c":1000,"Goal__c":5000,"Height__c":5.30,"Heart_Rate__c":68,"Weight__c":52.00,"Id":"a012800000SBlH6AAL"}}|0x35667cdb
03:30:39.0 (20841718)|STATEMENT_EXECUTE|[42]
03:30:39.0 (20843158)|STATEMENT_EXECUTE|[43]
03:30:39.0 (20848678)|HEAP_ALLOCATE|[43]|Bytes:36
03:30:39.0 (20857277)|CONSTRUCTOR_ENTRY|[43]|01p280000085nGG|<init>()
03:30:39.0 (20864818)|VARIABLE_SCOPE_BEGIN|[1]|this|PatientWrapper|true|false
03:30:39.0 (20892601)|VARIABLE_ASSIGNMENT|[1]|this|{}|0x50f91701
03:30:39.0 (20908890)|STATEMENT_EXECUTE|[1]
03:30:39.0 (20910807)|STATEMENT_EXECUTE|[3]
03:30:39.0 (20916810)|STATEMENT_EXECUTE|[6]
03:30:39.0 (20918165)|STATEMENT_EXECUTE|[9]
03:30:39.0 (20919320)|STATEMENT_EXECUTE|[12]
03:30:39.0 (20920513)|STATEMENT_EXECUTE|[15]
03:30:39.0 (20921627)|STATEMENT_EXECUTE|[18]
03:30:39.0 (20922850)|STATEMENT_EXECUTE|[21]
03:30:39.0 (20924174)|STATEMENT_EXECUTE|[24]
03:30:39.0 (20928662)|CONSTRUCTOR_EXIT|[43]|01p280000085nGG|<init>()
03:30:39.0 (20943939)|VARIABLE_ASSIGNMENT|[43]|wrapperObj|{}|0x50f91701
03:30:39.0 (20946688)|STATEMENT_EXECUTE|[45]
03:30:39.0 (20963241)|HEAP_ALLOCATE|[45]|Bytes:18
03:30:39.0 (20977140)|VARIABLE_ASSIGNMENT|[45]|this.id|"a012800000SBlH6AAL"|0x50f91701
03:30:39.0 (20980134)|STATEMENT_EXECUTE|[46]
03:30:39.0 (20990382)|VARIABLE_ASSIGNMENT|[46]|this.name|"Bhagyashri"|0x50f91701
03:30:39.0 (20992655)|STATEMENT_EXECUTE|[47]
03:30:39.0 (21008506)|HEAP_ALLOCATE|[47]|Bytes:12
03:30:39.0 (21020392)|VARIABLE_ASSIGNMENT|[47]|this.steps|1000.0|0x50f91701
03:30:39.0 (21022753)|STATEMENT_EXECUTE|[48]
03:30:39.0 (21029634)|HEAP_ALLOCATE|[48]|Bytes:12
03:30:39.0 (21036170)|VARIABLE_ASSIGNMENT|[48]|this.goal|5000.0|0x50f91701
03:30:39.0 (21038342)|STATEMENT_EXECUTE|[49]
03:30:39.0 (21044515)|HEAP_ALLOCATE|[49]|Bytes:12
03:30:39.0 (21051247)|VARIABLE_ASSIGNMENT|[49]|this.heartRate|68.0|0x50f91701
03:30:39.0 (21053396)|STATEMENT_EXECUTE|[50]
03:30:39.0 (21060556)|HEAP_ALLOCATE|[50]|Bytes:12
03:30:39.0 (21068183)|VARIABLE_ASSIGNMENT|[50]|this.height|5.3|0x50f91701
03:30:39.0 (21070256)|STATEMENT_EXECUTE|[51]
03:30:39.0 (21077027)|HEAP_ALLOCATE|[51]|Bytes:12
03:30:39.0 (21083815)|VARIABLE_ASSIGNMENT|[51]|this.weight|52.0|0x50f91701
03:30:39.0 (21085994)|STATEMENT_EXECUTE|[52]
03:30:39.0 (21095185)|VARIABLE_ASSIGNMENT|[52]|this.patient_Id|"P00003"|0x50f91701
03:30:39.0 (21108580)|HEAP_ALLOCATE|[42]|Bytes:5
03:30:39.0 (21120771)|VARIABLE_ASSIGNMENT|[42]|patient|null|
03:30:39.0 (21123696)|STATEMENT_EXECUTE|[56]
03:30:39.0 (21166572)|HEAP_ALLOCATE|[56]|Bytes:142
03:30:39.0 (21180148)|HEAP_ALLOCATE|[56]|Bytes:156
03:30:39.0 (21189371)|USER_DEBUG|[56]|DEBUG|wrapperObj => PatientWrapper:[goal=5000.0, heartRate=68.0, height=5.3, id=a012800000SBlH6AAL, name=Bhagyashri, patient_Id=P00003, steps=1000.0, weight=52.0]
03:30:39.0 (21195243)|STATEMENT_EXECUTE|[57]
03:30:39.0 (21202463)|SYSTEM_MODE_EXIT|false
03:30:39.21 (21248036)|CUMULATIVE_LIMIT_USAGE
03:30:39.21 (21248036)|LIMIT_USAGE_FOR_NS|(default)|
  Number of SOQL queries: 2 out of 100
  Number of query rows: 2 out of 50000
  Number of SOSL queries: 0 out of 20
  Number of DML statements: 0 out of 150
  Number of DML rows: 0 out of 10000
  Maximum CPU time: 0 out of 10000
  Maximum heap size: 0 out of 6000000
  Number of callouts: 0 out of 100
  Number of Email Invocations: 0 out of 10
  Number of future calls: 0 out of 50
  Number of queueable jobs added to the queue: 0 out of 50
  Number of Mobile Apex push calls: 0 out of 10

03:30:39.21 (21248036)|CUMULATIVE_LIMIT_USAGE_END

03:30:39.0 (21287476)|CODE_UNIT_FINISHED|PatientWrapperController.getPatientsById
03:30:39.0 (23837199)|CODE_UNIT_STARTED|[EXTERNAL]|Aura
03:30:39.0 (23910780)|CODE_UNIT_FINISHED|Aura
