36.0 APEX_CODE,FINEST;APEX_PROFILING,INFO;CALLOUT,INFO;DB,INFO;SYSTEM,DEBUG;VALIDATION,INFO;VISUALFORCE,INFO;WORKFLOW,INFO
03:03:41.0 (515744)|EXECUTION_STARTED
03:03:41.0 (548612)|CODE_UNIT_STARTED|[EXTERNAL]|aura
03:03:41.0 (1165061)|HEAP_ALLOCATE|[72]|Bytes:3
03:03:41.0 (1218081)|HEAP_ALLOCATE|[77]|Bytes:152
03:03:41.0 (1235727)|HEAP_ALLOCATE|[342]|Bytes:408
03:03:41.0 (1255040)|HEAP_ALLOCATE|[355]|Bytes:408
03:03:41.0 (1273092)|HEAP_ALLOCATE|[467]|Bytes:48
03:03:41.0 (1302951)|HEAP_ALLOCATE|[139]|Bytes:6
03:03:41.0 (1328837)|HEAP_ALLOCATE|[EXTERNAL]|Bytes:6
03:03:41.0 (1346166)|HEAP_ALLOCATE|[EXTERNAL]|Bytes:6
03:03:41.0 (2950509)|CODE_UNIT_STARTED|[EXTERNAL]|01p280000085nGQ|PatientWrapperController.getPatientsById
03:03:41.0 (3655726)|HEAP_ALLOCATE|[EXTERNAL]|Bytes:7
03:03:41.0 (3664156)|HEAP_ALLOCATE|[EXTERNAL]|Bytes:14
03:03:41.0 (3681720)|METHOD_ENTRY|[1]|01p280000085nGQ|PatientWrapperController.PatientWrapperController()
03:03:41.0 (3686666)|STATEMENT_EXECUTE|[1]
03:03:41.0 (3692086)|STATEMENT_EXECUTE|[1]
03:03:41.0 (3698599)|METHOD_EXIT|[1]|PatientWrapperController
03:03:41.0 (3703215)|HEAP_ALLOCATE|[EXTERNAL]|Bytes:6
03:03:41.0 (3712772)|SYSTEM_MODE_ENTER|false
03:03:41.0 (3725708)|VARIABLE_SCOPE_BEGIN|[36]|patientId|String|false|false
03:03:41.0 (3760174)|VARIABLE_ASSIGNMENT|[36]|patientId|"P00002"
03:03:41.0 (3770847)|STATEMENT_EXECUTE|[36]
03:03:41.0 (3772527)|STATEMENT_EXECUTE|[38]
03:03:41.0 (3776118)|HEAP_ALLOCATE|[38]|Bytes:185
03:03:41.0 (3782734)|VARIABLE_SCOPE_BEGIN|[38]|query|String|false|false
03:03:41.0 (3793268)|VARIABLE_ASSIGNMENT|[38]|query|"SELECT Patient_Id__c (165 more) ..."
03:03:41.0 (3795509)|STATEMENT_EXECUTE|[39]
03:03:41.0 (3831675)|HEAP_ALLOCATE|[50]|Bytes:5
03:03:41.0 (3857335)|HEAP_ALLOCATE|[56]|Bytes:5
03:03:41.0 (3866059)|HEAP_ALLOCATE|[64]|Bytes:7
03:03:41.0 (5481741)|SOQL_EXECUTE_BEGIN|[39]|Aggregations:0|SELECT Patient_Id__c, Full_Name__c, Gender__c, Steps_Completed__c, Goal__c, Height__c, Heart_Rate__c, Weight__c FROM Patient__c where Patient_Id__c = :patientId ORDER BY createdDate ASC
03:03:41.0 (9955296)|SOQL_EXECUTE_END|[39]|Rows:1
03:03:41.0 (9974240)|HEAP_ALLOCATE|[39]|Bytes:8
03:03:41.0 (9993790)|HEAP_ALLOCATE|[39]|Bytes:350
03:03:41.0 (10066105)|HEAP_ALLOCATE|[39]|Bytes:8
03:03:41.0 (10095339)|VARIABLE_SCOPE_BEGIN|[39]|patientList|List<Patient__c>|true|false
03:03:41.0 (10148376)|VARIABLE_ASSIGNMENT|[39]|patientList|{"s":1,"v":[{"s":2,"v":{"Patient_Id__c":"P00002","Full_Name__c":"Pallavi","Gender__c":"Female","Steps_Completed__c":6000,"Goal__c":6000,"Height__c":4.00,"Heart_Rate__c":72,"Weight__c":68.00,"Id":"a012800000SBjJnAAL"}}]}|0x6eb31bd8
03:03:41.0 (10154077)|STATEMENT_EXECUTE|[40]
03:03:41.0 (10159000)|VARIABLE_SCOPE_BEGIN|[40]|wrapperObj|PatientWrapper|true|false
03:03:41.0 (10165010)|VARIABLE_ASSIGNMENT|[40]|wrapperObj|null|
03:03:41.0 (10167899)|STATEMENT_EXECUTE|[41]
03:03:41.0 (10171818)|HEAP_ALLOCATE|[41]|Bytes:15
03:03:41.0 (10288361)|HEAP_ALLOCATE|[41]|Bytes:188
03:03:41.0 (10308636)|HEAP_ALLOCATE|[41]|Bytes:203
03:03:41.0 (10332633)|USER_DEBUG|[41]|DEBUG|patientList => (Patient__c:{Patient_Id__c=P00002, Full_Name__c=Pallavi, Gender__c=Female, Steps_Completed__c=6000, Goal__c=6000, Height__c=4.00, Heart_Rate__c=72, Weight__c=68.00, Id=a012800000SBjJnAAL})
03:03:41.0 (10555561)|HEAP_ALLOCATE|[42]|Bytes:5
03:03:41.0 (10593077)|HEAP_ALLOCATE|[42]|Bytes:40
03:03:41.0 (10604676)|VARIABLE_SCOPE_BEGIN|[42]|patient|Patient__c|true|false
03:03:41.0 (10629661)|VARIABLE_ASSIGNMENT|[42]|patient|{"s":1,"v":{"Patient_Id__c":"P00002","Full_Name__c":"Pallavi","Gender__c":"Female","Steps_Completed__c":6000,"Goal__c":6000,"Height__c":4.00,"Heart_Rate__c":72,"Weight__c":68.00,"Id":"a012800000SBjJnAAL"}}|0x423de4ed
03:03:41.0 (10634061)|STATEMENT_EXECUTE|[42]
03:03:41.0 (10635698)|STATEMENT_EXECUTE|[43]
03:03:41.0 (10667559)|METHOD_ENTRY|[1]|01p280000085nGG|PatientWrapper.PatientWrapper()
03:03:41.0 (10671278)|STATEMENT_EXECUTE|[1]
03:03:41.0 (10676698)|STATEMENT_EXECUTE|[1]
03:03:41.0 (10684705)|METHOD_EXIT|[1]|PatientWrapper
03:03:41.0 (10707813)|HEAP_ALLOCATE|[43]|Bytes:36
03:03:41.0 (10723105)|CONSTRUCTOR_ENTRY|[43]|01p280000085nGG|<init>()
03:03:41.0 (10766188)|VARIABLE_SCOPE_BEGIN|[1]|this|PatientWrapper|true|false
03:03:41.0 (10903916)|VARIABLE_ASSIGNMENT|[1]|this|{}|0x7dc2bd83
03:03:41.0 (10915692)|HEAP_ALLOCATE|[EXTERNAL]|Bytes:6
03:03:41.0 (10941263)|STATEMENT_EXECUTE|[1]
03:03:41.0 (10943432)|STATEMENT_EXECUTE|[3]
03:03:41.0 (10944748)|STATEMENT_EXECUTE|[6]
03:03:41.0 (10945889)|STATEMENT_EXECUTE|[9]
03:03:41.0 (10946972)|STATEMENT_EXECUTE|[12]
03:03:41.0 (10948088)|STATEMENT_EXECUTE|[15]
03:03:41.0 (10949138)|STATEMENT_EXECUTE|[18]
03:03:41.0 (10950138)|STATEMENT_EXECUTE|[21]
03:03:41.0 (10951211)|STATEMENT_EXECUTE|[24]
03:03:41.0 (10956212)|CONSTRUCTOR_EXIT|[43]|01p280000085nGG|<init>()
03:03:41.0 (10976378)|VARIABLE_ASSIGNMENT|[43]|wrapperObj|{}|0x7dc2bd83
03:03:41.0 (10979364)|STATEMENT_EXECUTE|[45]
03:03:41.0 (11011886)|HEAP_ALLOCATE|[45]|Bytes:18
03:03:41.0 (11028264)|VARIABLE_ASSIGNMENT|[45]|this.id|"a012800000SBjJnAAL"|0x7dc2bd83
03:03:41.0 (11031183)|STATEMENT_EXECUTE|[46]
03:03:41.0 (11055704)|VARIABLE_ASSIGNMENT|[46]|this.name|"Pallavi"|0x7dc2bd83
03:03:41.0 (11059138)|STATEMENT_EXECUTE|[47]
03:03:41.0 (11099053)|HEAP_ALLOCATE|[47]|Bytes:12
03:03:41.0 (11113062)|VARIABLE_ASSIGNMENT|[47]|this.steps|6000.0|0x7dc2bd83
03:03:41.0 (11115794)|STATEMENT_EXECUTE|[48]
03:03:41.0 (11136465)|HEAP_ALLOCATE|[48]|Bytes:12
03:03:41.0 (11146699)|VARIABLE_ASSIGNMENT|[48]|this.goal|6000.0|0x7dc2bd83
03:03:41.0 (11149103)|STATEMENT_EXECUTE|[49]
03:03:41.0 (11165979)|HEAP_ALLOCATE|[49]|Bytes:12
03:03:41.0 (11175668)|VARIABLE_ASSIGNMENT|[49]|this.heartRate|72.0|0x7dc2bd83
03:03:41.0 (11178037)|STATEMENT_EXECUTE|[50]
03:03:41.0 (11195103)|HEAP_ALLOCATE|[50]|Bytes:12
03:03:41.0 (11207035)|VARIABLE_ASSIGNMENT|[50]|this.height|4.0|0x7dc2bd83
03:03:41.0 (11209770)|STATEMENT_EXECUTE|[51]
03:03:41.0 (11227819)|HEAP_ALLOCATE|[51]|Bytes:12
03:03:41.0 (11238203)|VARIABLE_ASSIGNMENT|[51]|this.weight|68.0|0x7dc2bd83
03:03:41.0 (11240518)|STATEMENT_EXECUTE|[52]
03:03:41.0 (11261172)|VARIABLE_ASSIGNMENT|[52]|this.patient_Id|"P00002"|0x7dc2bd83
03:03:41.0 (11276932)|HEAP_ALLOCATE|[42]|Bytes:5
03:03:41.0 (11289836)|VARIABLE_ASSIGNMENT|[42]|patient|null|
03:03:41.0 (11293392)|STATEMENT_EXECUTE|[56]
03:03:41.0 (11296741)|HEAP_ALLOCATE|[56]|Bytes:14
03:03:41.0 (11354902)|HEAP_ALLOCATE|[56]|Bytes:139
03:03:41.0 (11374412)|HEAP_ALLOCATE|[56]|Bytes:153
03:03:41.0 (11385752)|USER_DEBUG|[56]|DEBUG|wrapperObj => PatientWrapper:[goal=6000.0, heartRate=72.0, height=4.0, id=a012800000SBjJnAAL, name=Pallavi, patient_Id=P00002, steps=6000.0, weight=68.0]
03:03:41.0 (11391465)|STATEMENT_EXECUTE|[57]
03:03:41.0 (11399641)|SYSTEM_MODE_EXIT|false
03:03:41.11 (11448619)|CUMULATIVE_LIMIT_USAGE
03:03:41.11 (11448619)|LIMIT_USAGE_FOR_NS|(default)|
  Number of SOQL queries: 1 out of 100
  Number of query rows: 1 out of 50000
  Number of SOSL queries: 0 out of 20
  Number of DML statements: 0 out of 150
  Number of DML rows: 0 out of 10000
  Maximum CPU time: 0 out of 10000
  Maximum heap size: 0 out of 6000000
  Number of callouts: 0 out of 100
  Number of Email Invocations: 0 out of 10
  Number of future calls: 0 out of 50
  Number of queueable jobs added to the queue: 0 out of 50
  Number of Mobile Apex push calls: 0 out of 10

03:03:41.11 (11448619)|CUMULATIVE_LIMIT_USAGE_END

03:03:41.0 (11499735)|CODE_UNIT_FINISHED|PatientWrapperController.getPatientsById
03:03:41.0 (13896059)|CODE_UNIT_STARTED|[EXTERNAL]|Aura
03:03:41.0 (13974193)|CODE_UNIT_FINISHED|Aura
