36.0 APEX_CODE,FINEST;APEX_PROFILING,INFO;CALLOUT,INFO;DB,INFO;SYSTEM,DEBUG;VALIDATION,INFO;VISUALFORCE,INFO;WORKFLOW,INFO
04:34:35.0 (555142)|EXECUTION_STARTED
04:34:35.0 (585747)|CODE_UNIT_STARTED|[EXTERNAL]|01p280000085nGQ|PatientWrapperController.sysncFitBitData
04:34:35.0 (1563776)|HEAP_ALLOCATE|[72]|Bytes:3
04:34:35.0 (1616498)|HEAP_ALLOCATE|[77]|Bytes:152
04:34:35.0 (1633406)|HEAP_ALLOCATE|[342]|Bytes:408
04:34:35.0 (1649638)|HEAP_ALLOCATE|[355]|Bytes:408
04:34:35.0 (1663954)|HEAP_ALLOCATE|[467]|Bytes:48
04:34:35.0 (1694678)|HEAP_ALLOCATE|[139]|Bytes:6
04:34:35.0 (1711680)|HEAP_ALLOCATE|[EXTERNAL]|Bytes:7
04:34:35.0 (1715447)|HEAP_ALLOCATE|[EXTERNAL]|Bytes:14
04:34:35.0 (1728006)|METHOD_ENTRY|[1]|01p280000085nGQ|PatientWrapperController.PatientWrapperController()
04:34:35.0 (1732240)|STATEMENT_EXECUTE|[1]
04:34:35.0 (1739700)|STATEMENT_EXECUTE|[1]
04:34:35.0 (1745303)|METHOD_EXIT|[1]|PatientWrapperController
04:34:35.0 (1762464)|SYSTEM_MODE_ENTER|false
04:34:35.0 (1777411)|STATEMENT_EXECUTE|[72]
04:34:35.0 (1779276)|STATEMENT_EXECUTE|[74]
04:34:35.0 (1782810)|HEAP_ALLOCATE|[74]|Bytes:157
04:34:35.0 (1792220)|VARIABLE_SCOPE_BEGIN|[74]|query|String|false|false
04:34:35.0 (1829026)|VARIABLE_ASSIGNMENT|[74]|query|"SELECT Patient_Id__c (137 more) ..."
04:34:35.0 (1832177)|STATEMENT_EXECUTE|[76]
04:34:35.0 (1869664)|HEAP_ALLOCATE|[50]|Bytes:5
04:34:35.0 (1893510)|HEAP_ALLOCATE|[56]|Bytes:5
04:34:35.0 (1901338)|HEAP_ALLOCATE|[64]|Bytes:7
04:34:35.0 (3098568)|SOQL_EXECUTE_BEGIN|[76]|Aggregations:0|SELECT Patient_Id__c, Full_Name__c, Gender__c, Steps_Completed__c, Goal__c, Height__c FROM Patient__c where Patient_Id__c = '4LR2VZ' ORDER BY createdDate ASC
04:34:35.0 (6911690)|SOQL_EXECUTE_END|[76]|Rows:1
04:34:35.0 (6926165)|HEAP_ALLOCATE|[76]|Bytes:8
04:34:35.0 (6943517)|HEAP_ALLOCATE|[76]|Bytes:250
04:34:35.0 (7015037)|HEAP_ALLOCATE|[76]|Bytes:8
04:34:35.0 (7033910)|VARIABLE_SCOPE_BEGIN|[76]|patientList|List<Patient__c>|true|false
04:34:35.0 (7072981)|VARIABLE_ASSIGNMENT|[76]|patientList|{"s":1,"v":[{"s":2,"v":{"Patient_Id__c":"4LR2VZ","Full_Name__c":"Purushottam","Gender__c":"Male","Steps_Completed__c":1000,"Goal__c":5000,"Height__c":5.00,"Id":"a012800000SBjJTAA1"}}]}|0x338ce461
04:34:35.0 (7077395)|STATEMENT_EXECUTE|[77]
04:34:35.0 (7125841)|HEAP_ALLOCATE|[77]|Bytes:4
04:34:35.0 (7172112)|HEAP_ALLOCATE|[77]|Bytes:10
04:34:35.0 (7184917)|VARIABLE_SCOPE_BEGIN|[77]|todaysDate|String|false|false
04:34:35.0 (7192861)|VARIABLE_ASSIGNMENT|[77]|todaysDate|"2016-05-23"
04:34:35.0 (7195471)|STATEMENT_EXECUTE|[78]
04:34:35.0 (7198877)|HEAP_ALLOCATE|[78]|Bytes:9
04:34:35.0 (7251393)|HEAP_ALLOCATE|[78]|Bytes:10
04:34:35.0 (7267901)|VARIABLE_ASSIGNMENT|[78]|todaysDate|"2016-05-23"
04:34:35.0 (7270843)|STATEMENT_EXECUTE|[79]
04:34:35.0 (7276728)|HEAP_ALLOCATE|[79]|Bytes:4
04:34:35.0 (7350019)|VARIABLE_SCOPE_BEGIN|[79]|patientListToUpdate|List<Patient__c>|true|false
04:34:35.0 (7357411)|HEAP_ALLOCATE|[EXTERNAL]|Bytes:4
04:34:35.0 (7366741)|VARIABLE_ASSIGNMENT|[79]|patientListToUpdate|{"s":1,"v":[]}|0x3ea8b1f2
04:34:35.0 (7532568)|HEAP_ALLOCATE|[80]|Bytes:5
04:34:35.0 (7577497)|HEAP_ALLOCATE|[80]|Bytes:32
04:34:35.0 (7589658)|VARIABLE_SCOPE_BEGIN|[80]|patient|Patient__c|true|false
04:34:35.0 (7613807)|VARIABLE_ASSIGNMENT|[80]|patient|{"s":1,"v":{"Patient_Id__c":"4LR2VZ","Full_Name__c":"Purushottam","Gender__c":"Male","Steps_Completed__c":1000,"Goal__c":5000,"Height__c":5.00,"Id":"a012800000SBjJTAA1"}}|0xa57d55f
04:34:35.0 (7618255)|STATEMENT_EXECUTE|[80]
04:34:35.0 (7620023)|STATEMENT_EXECUTE|[81]
04:34:35.0 (7626931)|VARIABLE_SCOPE_BEGIN|[81]|stepsCompleted|Integer|false|false
04:34:35.0 (7631470)|HEAP_ALLOCATE|[81]|Bytes:4
04:34:35.0 (7636604)|VARIABLE_ASSIGNMENT|[81]|stepsCompleted|0
04:34:35.0 (7638722)|STATEMENT_EXECUTE|[82]
04:34:35.0 (9794184)|VARIABLE_SCOPE_BEGIN|[6]|FitForceUtility.ACTIVITY_API|String|false|true
04:34:35.0 (9802400)|VARIABLE_SCOPE_BEGIN|[3]|FitForceUtility.GET|String|false|true
04:34:35.0 (9806030)|VARIABLE_SCOPE_BEGIN|[4]|FitForceUtility.POST|String|false|true
04:34:35.0 (9809308)|VARIABLE_SCOPE_BEGIN|[5]|FitForceUtility.PROFILE_API|String|false|true
04:34:35.0 (9818392)|HEAP_ALLOCATE|[82]|Bytes:2
04:34:35.0 (9824416)|HEAP_ALLOCATE|[82]|Bytes:2
04:34:35.0 (9844079)|METHOD_ENTRY|[1]|01p280000085crs|FitForceUtility.FitForceUtility()
04:34:35.0 (9846929)|STATEMENT_EXECUTE|[1]
04:34:35.0 (9851608)|STATEMENT_EXECUTE|[1]
04:34:35.0 (9861214)|HEAP_ALLOCATE|[3]|Bytes:5
04:34:35.0 (9864966)|STATEMENT_EXECUTE|[3]
04:34:35.0 (9867371)|HEAP_ALLOCATE|[3]|Bytes:3
04:34:35.0 (9879151)|VARIABLE_ASSIGNMENT|[3]|FitForceUtility.GET|"GET"
04:34:35.0 (9881372)|STATEMENT_EXECUTE|[4]
04:34:35.0 (9883490)|HEAP_ALLOCATE|[4]|Bytes:4
04:34:35.0 (9890049)|VARIABLE_ASSIGNMENT|[4]|FitForceUtility.POST|"POST"
04:34:35.0 (9892065)|STATEMENT_EXECUTE|[5]
04:34:35.0 (9897480)|VARIABLE_ASSIGNMENT|[5]|FitForceUtility.PROFILE_API|""
04:34:35.0 (9899737)|STATEMENT_EXECUTE|[6]
04:34:35.0 (9904326)|VARIABLE_ASSIGNMENT|[6]|FitForceUtility.ACTIVITY_API|""
04:34:35.0 (9906185)|STATEMENT_EXECUTE|[7]
04:34:35.0 (9907279)|STATEMENT_EXECUTE|[8]
04:34:35.0 (9909714)|HEAP_ALLOCATE|[8]|Bytes:17
04:34:35.0 (9913818)|VARIABLE_SCOPE_BEGIN|[8]|BASE_URL|String|false|false
04:34:35.0 (9919629)|VARIABLE_ASSIGNMENT|[8]|BASE_URL|"callout:FitForce/"
04:34:35.0 (9921430)|STATEMENT_EXECUTE|[9]
04:34:35.0 (9923648)|HEAP_ALLOCATE|[9]|Bytes:21
04:34:35.0 (9934205)|HEAP_ALLOCATE|[9]|Bytes:38
04:34:35.0 (9945078)|VARIABLE_ASSIGNMENT|[9]|FitForceUtility.PROFILE_API|"callout:FitForce/1/u (18 more) ..."
04:34:35.0 (9947592)|STATEMENT_EXECUTE|[10]
04:34:35.0 (9950280)|HEAP_ALLOCATE|[10]|Bytes:35
04:34:35.0 (9954758)|HEAP_ALLOCATE|[10]|Bytes:52
04:34:35.0 (9963057)|VARIABLE_ASSIGNMENT|[10]|FitForceUtility.ACTIVITY_API|"callout:FitForce/1/u (32 more) ..."
04:34:35.0 (9974357)|METHOD_EXIT|[1]|FitForceUtility
04:34:35.0 (9980701)|HEAP_ALLOCATE|[82]|Bytes:5
04:34:35.0 (10019313)|HEAP_ALLOCATE|[82]|Bytes:57
04:34:35.0 (10033686)|VARIABLE_SCOPE_BEGIN|[82]|url|String|false|false
04:34:35.0 (10042321)|VARIABLE_ASSIGNMENT|[82]|url|"callout:FitForce/1/u (37 more) ..."
04:34:35.0 (10045120)|STATEMENT_EXECUTE|[83]
04:34:35.0 (10074079)|METHOD_ENTRY|[83]|01p280000085crs|FitForceUtility.doHTTPCallout(String, String)
04:34:35.0 (10096535)|VARIABLE_SCOPE_BEGIN|[13]|methodType|String|false|false
04:34:35.0 (10102694)|VARIABLE_ASSIGNMENT|[13]|methodType|"GET"
04:34:35.0 (10105997)|VARIABLE_SCOPE_BEGIN|[13]|url|String|false|false
04:34:35.0 (10110055)|VARIABLE_ASSIGNMENT|[13]|url|"callout:FitForce/1/u (37 more) ..."
04:34:35.0 (10118062)|HEAP_ALLOCATE|[14]|Bytes:5
04:34:35.0 (10121500)|STATEMENT_EXECUTE|[13]
04:34:35.0 (10122840)|STATEMENT_EXECUTE|[14]
04:34:35.0 (10126100)|VARIABLE_SCOPE_BEGIN|[14]|response|String|false|false
04:34:35.0 (10130306)|VARIABLE_ASSIGNMENT|[14]|response|""
04:34:35.0 (10182518)|STATEMENT_EXECUTE|[15]
04:34:35.0 (10184822)|STATEMENT_EXECUTE|[18]
04:34:35.0 (10217892)|VARIABLE_SCOPE_BEGIN|[18]|httpRequest|System.HttpRequest|true|false
04:34:35.0 (10384707)|VARIABLE_ASSIGNMENT|[18]|httpRequest|"System.HttpRequest[Endpoint=null, Method=null]"|0x7b1359fb
04:34:35.0 (10389975)|STATEMENT_EXECUTE|[19]
04:34:35.0 (10409407)|VARIABLE_SCOPE_BEGIN|[19]|http|System.Http|true|false
04:34:35.0 (10466898)|VARIABLE_ASSIGNMENT|[19]|http|"System.Http[]"|0x5ad36aff
04:34:35.0 (10471342)|STATEMENT_EXECUTE|[20]
04:34:35.0 (10532451)|STATEMENT_EXECUTE|[21]
04:34:35.0 (10560677)|STATEMENT_EXECUTE|[22]
04:34:35.0 (10639778)|CALLOUT_REQUEST|[22]|System.HttpRequest[Endpoint=callout:FitForce/1/user/-/activities/date/2016-05-23.json, Method=GET]
04:34:35.0 (274619721)|HEAP_ALLOCATE|[EXTERNAL]|Bytes:971
04:34:35.0 (274696764)|CALLOUT_RESPONSE|[22]|System.HttpResponse[Status=OK, StatusCode=200]
04:34:35.0 (274712879)|HEAP_ALLOCATE|[22]|Bytes:614
04:34:35.0 (274741929)|VARIABLE_SCOPE_BEGIN|[22]|httpResponse|System.HttpResponse|true|false
04:34:35.0 (274835768)|VARIABLE_ASSIGNMENT|[22]|httpResponse|"System.HttpResponse[Status=OK, StatusCode=200]"|0x19d210cd
04:34:35.0 (274843278)|STATEMENT_EXECUTE|[23]
04:34:35.0 (274975414)|HEAP_ALLOCATE|[23]|Bytes:608
04:34:35.0 (275004723)|VARIABLE_ASSIGNMENT|[23]|response|"{\"activities\":[],\"go (588 more) ..."
04:34:35.0 (275011690)|STATEMENT_EXECUTE|[24]
04:34:35.0 (275018350)|HEAP_ALLOCATE|[24]|Bytes:17
04:34:35.0 (275032509)|HEAP_ALLOCATE|[24]|Bytes:625
04:34:35.0 (275094872)|USER_DEBUG|[24]|DEBUG|Server Response :{"activities":[],"goals":{"activeMinutes":30,"caloriesOut":2655,"distance":8.05,"steps":10000},"summary":{"activeScore":-1,"activityCalories":0,"caloriesBMR":1077,"caloriesOut":1077,"distances":[{"activity":"total","distance":0},{"activity":"tracker","distance":0},{"activity":"loggedActivities","distance":0},{"activity":"veryActive","distance":0},{"activity":"moderatelyActive","distance":0},{"activity":"lightlyActive","distance":0},{"activity":"sedentaryActive","distance":0}],"fairlyActiveMinutes":0,"lightlyActiveMinutes":0,"marginalCalories":0,"sedentaryMinutes":1024,"steps":0,"veryActiveMinutes":0}}
04:34:35.0 (275111001)|STATEMENT_EXECUTE|[25]
04:34:35.0 (275132688)|METHOD_EXIT|[83]|01p280000085crs|FitForceUtility.doHTTPCallout(String, String)
04:34:35.0 (275209255)|VARIABLE_SCOPE_BEGIN|[83]|activityJson|String|false|false
04:34:35.0 (275225919)|VARIABLE_ASSIGNMENT|[83]|activityJson|"{\"activities\":[],\"go (588 more) ..."
04:34:35.0 (275230349)|STATEMENT_EXECUTE|[84]
04:34:35.0 (275236252)|HEAP_ALLOCATE|[84]|Bytes:15
04:34:35.0 (275292228)|HEAP_ALLOCATE|[84]|Bytes:24
04:34:35.0 (275314893)|SYSTEM_METHOD_ENTRY|[1]|Type.Type()
04:34:35.0 (275319495)|STATEMENT_EXECUTE|[1]
04:34:35.0 (275332628)|SYSTEM_METHOD_EXIT|[1]|Type
04:34:35.0 (275353352)|METHOD_ENTRY|[84]||System.Type.forName(String)
04:34:35.0 (278162635)|METHOD_EXIT|[84]||System.Type.forName(String)
04:34:35.0 (278214738)|HEAP_ALLOCATE|[84]|Bytes:18
04:34:35.0 (278232363)|SYSTEM_METHOD_ENTRY|[1]|JSON.JSON()
04:34:35.0 (278236600)|STATEMENT_EXECUTE|[1]
04:34:35.0 (278250287)|SYSTEM_METHOD_EXIT|[1]|JSON
04:34:35.0 (278271840)|METHOD_ENTRY|[84]||System.JSON.deserialize(String, System.Type)
04:34:35.0 (278547934)|STATEMENT_EXECUTE|[1]
04:34:35.0 (278552070)|STATEMENT_EXECUTE|[4]
04:34:35.0 (278554117)|STATEMENT_EXECUTE|[21]
04:34:35.0 (278556040)|STATEMENT_EXECUTE|[34]
04:34:35.0 (281019838)|METHOD_EXIT|[84]||System.JSON.deserialize(String, System.Type)
04:34:35.0 (281031513)|VARIABLE_SCOPE_BEGIN|[84]|activityWrapper|ActivityWrapper|true|false
04:34:35.0 (281068992)|VARIABLE_ASSIGNMENT|[84]|activityWrapper|{"activities":"0x299d09cd","summary":"0x1d9960f"}|0x492b5b22
04:34:35.0 (281073159)|STATEMENT_EXECUTE|[85]
04:34:35.0 (281077541)|HEAP_ALLOCATE|[85]|Bytes:17
04:34:35.0 (281238157)|HEAP_ALLOCATE|[85]|Bytes:594
04:34:35.0 (281257026)|HEAP_ALLOCATE|[85]|Bytes:611
04:34:35.0 (281270796)|USER_DEBUG|[85]|DEBUG|activityWrapper :ActivityWrapper:[activities=(), summary=Summary:[activeScore=-1, activityCalories=0, caloriesBMR=1077, caloriesOut=1077, distances=(Distances:[activity=total, distance=0.0], Distances:[activity=tracker, distance=0.0], Distances:[activity=loggedActivities, distance=0.0], Distances:[activity=veryActive, distance=0.0], Distances:[activity=moderatelyActive, distance=0.0], Distances:[activity=lightlyActive, distance=0.0], Distances:[activity=sedentaryActive, distance=0.0]), fairlyActiveMinutes=0, lightlyActiveMinutes=0, marginalCalories=0, sedentaryMinutes=1024, steps=0, veryActiveMinutes=0]]
04:34:35.0 (281396888)|HEAP_ALLOCATE|[86]|Bytes:5
04:34:35.0 (281414911)|VARIABLE_ASSIGNMENT|[86]|act|null|
04:34:35.0 (281418681)|STATEMENT_EXECUTE|[86]
04:34:35.0 (281429624)|HEAP_ALLOCATE|[80]|Bytes:5
04:34:35.0 (281441830)|VARIABLE_ASSIGNMENT|[80]|patient|null|
04:34:35.0 (281444498)|STATEMENT_EXECUTE|[94]
04:34:35.0 (281531848)|HEAP_ALLOCATE|[EXTERNAL]|Bytes:4
04:34:35.0 (281542077)|STATEMENT_EXECUTE|[95]
04:34:35.0 (281547057)|HEAP_ALLOCATE|[95]|Bytes:14
04:34:35.0 (281585026)|HEAP_ALLOCATE|[95]|Bytes:2
04:34:35.0 (281598892)|HEAP_ALLOCATE|[95]|Bytes:16
04:34:35.0 (281613946)|USER_DEBUG|[95]|DEBUG|Updated List :()
04:34:35.0 (281619553)|STATEMENT_EXECUTE|[98]
04:34:35.0 (281624593)|HEAP_ALLOCATE|[98]|Bytes:4
04:34:35.0 (281667508)|VARIABLE_SCOPE_BEGIN|[98]|wcList|List<PatientWrapper>|true|false
04:34:35.0 (281679587)|HEAP_ALLOCATE|[EXTERNAL]|Bytes:4
04:34:35.0 (281694321)|VARIABLE_ASSIGNMENT|[98]|wcList|{"s":1,"v":[]}|0x333d4817
04:34:35.0 (281723792)|STATEMENT_EXECUTE|[99]
04:34:35.0 (281726135)|STATEMENT_EXECUTE|[114]
04:34:35.0 (281737957)|SYSTEM_MODE_EXIT|false
04:34:35.283 (283993885)|CUMULATIVE_LIMIT_USAGE
04:34:35.283 (283993885)|LIMIT_USAGE_FOR_NS|(default)|
  Number of SOQL queries: 1 out of 100
  Number of query rows: 1 out of 50000
  Number of SOSL queries: 0 out of 20
  Number of DML statements: 0 out of 150
  Number of DML rows: 0 out of 10000
  Maximum CPU time: 0 out of 10000
  Maximum heap size: 0 out of 6000000
  Number of callouts: 1 out of 100
  Number of Email Invocations: 0 out of 10
  Number of future calls: 0 out of 50
  Number of queueable jobs added to the queue: 0 out of 50
  Number of Mobile Apex push calls: 0 out of 10

04:34:35.283 (283993885)|CUMULATIVE_LIMIT_USAGE_END

04:34:35.0 (284054306)|CODE_UNIT_FINISHED|PatientWrapperController.sysncFitBitData
04:34:35.0 (285465801)|EXECUTION_FINISHED
