36.0 APEX_CODE,FINEST;APEX_PROFILING,INFO;CALLOUT,INFO;DB,INFO;SYSTEM,DEBUG;VALIDATION,INFO;VISUALFORCE,INFO;WORKFLOW,INFO
03:17:17.0 (84717)|EXECUTION_STARTED
03:17:17.0 (120627)|CODE_UNIT_STARTED|[EXTERNAL]|aura
03:17:17.0 (735220)|HEAP_ALLOCATE|[72]|Bytes:3
03:17:17.0 (790173)|HEAP_ALLOCATE|[77]|Bytes:152
03:17:17.0 (815589)|HEAP_ALLOCATE|[342]|Bytes:408
03:17:17.0 (843293)|HEAP_ALLOCATE|[355]|Bytes:408
03:17:17.0 (869812)|HEAP_ALLOCATE|[467]|Bytes:48
03:17:17.0 (913983)|HEAP_ALLOCATE|[139]|Bytes:6
03:17:17.0 (951613)|HEAP_ALLOCATE|[EXTERNAL]|Bytes:6
03:17:17.0 (976759)|HEAP_ALLOCATE|[EXTERNAL]|Bytes:6
03:17:17.0 (2581128)|CODE_UNIT_STARTED|[EXTERNAL]|01p280000085nGQ|PatientWrapperController.getPatientsById
03:17:17.0 (2719589)|HEAP_ALLOCATE|[EXTERNAL]|Bytes:7
03:17:17.0 (2725864)|HEAP_ALLOCATE|[EXTERNAL]|Bytes:14
03:17:17.0 (2741317)|METHOD_ENTRY|[1]|01p280000085nGQ|PatientWrapperController.PatientWrapperController()
03:17:17.0 (2745802)|STATEMENT_EXECUTE|[1]
03:17:17.0 (2752358)|STATEMENT_EXECUTE|[1]
03:17:17.0 (2758878)|METHOD_EXIT|[1]|PatientWrapperController
03:17:17.0 (2763547)|HEAP_ALLOCATE|[EXTERNAL]|Bytes:6
03:17:17.0 (2777955)|SYSTEM_MODE_ENTER|false
03:17:17.0 (2787455)|VARIABLE_SCOPE_BEGIN|[36]|patientId|String|false|false
03:17:17.0 (2815624)|VARIABLE_ASSIGNMENT|[36]|patientId|"P00002"
03:17:17.0 (2828151)|STATEMENT_EXECUTE|[36]
03:17:17.0 (2829869)|STATEMENT_EXECUTE|[38]
03:17:17.0 (2833810)|HEAP_ALLOCATE|[38]|Bytes:185
03:17:17.0 (2841008)|VARIABLE_SCOPE_BEGIN|[38]|query|String|false|false
03:17:17.0 (2850366)|VARIABLE_ASSIGNMENT|[38]|query|"SELECT Patient_Id__c (165 more) ..."
03:17:17.0 (2852618)|STATEMENT_EXECUTE|[39]
03:17:17.0 (2892275)|HEAP_ALLOCATE|[50]|Bytes:5
03:17:17.0 (22548030)|HEAP_ALLOCATE|[56]|Bytes:5
03:17:17.0 (22635056)|HEAP_ALLOCATE|[64]|Bytes:7
03:17:17.0 (23615971)|SOQL_EXECUTE_BEGIN|[39]|Aggregations:0|SELECT Patient_Id__c, Full_Name__c, Gender__c, Steps_Completed__c, Goal__c, Height__c, Heart_Rate__c, Weight__c FROM Patient__c where Patient_Id__c = :patientId ORDER BY createdDate ASC
03:17:17.0 (27973849)|SOQL_EXECUTE_END|[39]|Rows:1
03:17:17.0 (27994491)|HEAP_ALLOCATE|[39]|Bytes:8
03:17:17.0 (28018221)|HEAP_ALLOCATE|[39]|Bytes:350
03:17:17.0 (28174869)|HEAP_ALLOCATE|[39]|Bytes:8
03:17:17.0 (28207871)|VARIABLE_SCOPE_BEGIN|[39]|patientList|List<Patient__c>|true|false
03:17:17.0 (28263118)|VARIABLE_ASSIGNMENT|[39]|patientList|{"s":1,"v":[{"s":2,"v":{"Patient_Id__c":"P00002","Full_Name__c":"Pallavi","Gender__c":"Female","Steps_Completed__c":6000,"Goal__c":6000,"Height__c":4.00,"Heart_Rate__c":72,"Weight__c":68.00,"Id":"a012800000SBjJnAAL"}}]}|0x5338268f
03:17:17.0 (28270252)|STATEMENT_EXECUTE|[40]
03:17:17.0 (28280548)|VARIABLE_SCOPE_BEGIN|[40]|wrapperObj|PatientWrapper|true|false
03:17:17.0 (28286874)|VARIABLE_ASSIGNMENT|[40]|wrapperObj|null|
03:17:17.0 (28288799)|STATEMENT_EXECUTE|[41]
03:17:17.0 (28295115)|HEAP_ALLOCATE|[41]|Bytes:15
03:17:17.0 (28433636)|HEAP_ALLOCATE|[41]|Bytes:188
03:17:17.0 (28457622)|HEAP_ALLOCATE|[41]|Bytes:203
03:17:17.0 (28489515)|USER_DEBUG|[41]|DEBUG|patientList => (Patient__c:{Patient_Id__c=P00002, Full_Name__c=Pallavi, Gender__c=Female, Steps_Completed__c=6000, Goal__c=6000, Height__c=4.00, Heart_Rate__c=72, Weight__c=68.00, Id=a012800000SBjJnAAL})
03:17:17.0 (28703460)|HEAP_ALLOCATE|[42]|Bytes:5
03:17:17.0 (28748721)|HEAP_ALLOCATE|[42]|Bytes:40
03:17:17.0 (28760789)|VARIABLE_SCOPE_BEGIN|[42]|patient|Patient__c|true|false
03:17:17.0 (28780124)|VARIABLE_ASSIGNMENT|[42]|patient|{"s":1,"v":{"Patient_Id__c":"P00002","Full_Name__c":"Pallavi","Gender__c":"Female","Steps_Completed__c":6000,"Goal__c":6000,"Height__c":4.00,"Heart_Rate__c":72,"Weight__c":68.00,"Id":"a012800000SBjJnAAL"}}|0x3d7194ae
03:17:17.0 (28785095)|STATEMENT_EXECUTE|[42]
03:17:17.0 (28786691)|STATEMENT_EXECUTE|[43]
03:17:17.0 (28807498)|METHOD_ENTRY|[1]|01p280000085nGG|PatientWrapper.PatientWrapper()
03:17:17.0 (28811427)|STATEMENT_EXECUTE|[1]
03:17:17.0 (28815689)|STATEMENT_EXECUTE|[1]
03:17:17.0 (28824578)|METHOD_EXIT|[1]|PatientWrapper
03:17:17.0 (28833107)|HEAP_ALLOCATE|[43]|Bytes:36
03:17:17.0 (28845912)|CONSTRUCTOR_ENTRY|[43]|01p280000085nGG|<init>()
03:17:17.0 (28879604)|VARIABLE_SCOPE_BEGIN|[1]|this|PatientWrapper|true|false
03:17:17.0 (28916813)|VARIABLE_ASSIGNMENT|[1]|this|{}|0x7879dc45
03:17:17.0 (28927676)|HEAP_ALLOCATE|[EXTERNAL]|Bytes:6
03:17:17.0 (28954543)|STATEMENT_EXECUTE|[1]
03:17:17.0 (28956532)|STATEMENT_EXECUTE|[3]
03:17:17.0 (28957850)|STATEMENT_EXECUTE|[6]
03:17:17.0 (28959059)|STATEMENT_EXECUTE|[9]
03:17:17.0 (28960229)|STATEMENT_EXECUTE|[12]
03:17:17.0 (28961414)|STATEMENT_EXECUTE|[15]
03:17:17.0 (28962512)|STATEMENT_EXECUTE|[18]
03:17:17.0 (28963718)|STATEMENT_EXECUTE|[21]
03:17:17.0 (28965035)|STATEMENT_EXECUTE|[24]
03:17:17.0 (28969102)|CONSTRUCTOR_EXIT|[43]|01p280000085nGG|<init>()
03:17:17.0 (28985024)|VARIABLE_ASSIGNMENT|[43]|wrapperObj|{}|0x7879dc45
03:17:17.0 (28987919)|STATEMENT_EXECUTE|[45]
03:17:17.0 (29029307)|HEAP_ALLOCATE|[45]|Bytes:18
03:17:17.0 (29048093)|VARIABLE_ASSIGNMENT|[45]|this.id|"a012800000SBjJnAAL"|0x7879dc45
03:17:17.0 (29051188)|STATEMENT_EXECUTE|[46]
03:17:17.0 (29076532)|VARIABLE_ASSIGNMENT|[46]|this.name|"Pallavi"|0x7879dc45
03:17:17.0 (29079439)|STATEMENT_EXECUTE|[47]
03:17:17.0 (29124401)|HEAP_ALLOCATE|[47]|Bytes:12
03:17:17.0 (29137732)|VARIABLE_ASSIGNMENT|[47]|this.steps|6000.0|0x7879dc45
03:17:17.0 (29140304)|STATEMENT_EXECUTE|[48]
03:17:17.0 (29160547)|HEAP_ALLOCATE|[48]|Bytes:12
03:17:17.0 (29169517)|VARIABLE_ASSIGNMENT|[48]|this.goal|6000.0|0x7879dc45
03:17:17.0 (29171982)|STATEMENT_EXECUTE|[49]
03:17:17.0 (29187558)|HEAP_ALLOCATE|[49]|Bytes:12
03:17:17.0 (29196046)|VARIABLE_ASSIGNMENT|[49]|this.heartRate|72.0|0x7879dc45
03:17:17.0 (29198589)|STATEMENT_EXECUTE|[50]
03:17:17.0 (29214462)|HEAP_ALLOCATE|[50]|Bytes:12
03:17:17.0 (29222522)|VARIABLE_ASSIGNMENT|[50]|this.height|4.0|0x7879dc45
03:17:17.0 (29224717)|STATEMENT_EXECUTE|[51]
03:17:17.0 (29240354)|HEAP_ALLOCATE|[51]|Bytes:12
03:17:17.0 (29249056)|VARIABLE_ASSIGNMENT|[51]|this.weight|68.0|0x7879dc45
03:17:17.0 (29251258)|STATEMENT_EXECUTE|[52]
03:17:17.0 (29270816)|VARIABLE_ASSIGNMENT|[52]|this.patient_Id|"P00002"|0x7879dc45
03:17:17.0 (29284542)|HEAP_ALLOCATE|[42]|Bytes:5
03:17:17.0 (29296544)|VARIABLE_ASSIGNMENT|[42]|patient|null|
03:17:17.0 (29300445)|STATEMENT_EXECUTE|[56]
03:17:17.0 (29303378)|HEAP_ALLOCATE|[56]|Bytes:14
03:17:17.0 (29373290)|HEAP_ALLOCATE|[56]|Bytes:139
03:17:17.0 (29396730)|HEAP_ALLOCATE|[56]|Bytes:153
03:17:17.0 (29412104)|USER_DEBUG|[56]|DEBUG|wrapperObj => PatientWrapper:[goal=6000.0, heartRate=72.0, height=4.0, id=a012800000SBjJnAAL, name=Pallavi, patient_Id=P00002, steps=6000.0, weight=68.0]
03:17:17.0 (29418664)|STATEMENT_EXECUTE|[57]
03:17:17.0 (29433873)|SYSTEM_MODE_EXIT|false
03:17:17.29 (29483108)|CUMULATIVE_LIMIT_USAGE
03:17:17.29 (29483108)|LIMIT_USAGE_FOR_NS|(default)|
  Number of SOQL queries: 1 out of 100
  Number of query rows: 1 out of 50000
  Number of SOSL queries: 0 out of 20
  Number of DML statements: 0 out of 150
  Number of DML rows: 0 out of 10000
  Maximum CPU time: 0 out of 10000
  Maximum heap size: 0 out of 6000000
  Number of callouts: 0 out of 100
  Number of Email Invocations: 0 out of 10
  Number of future calls: 0 out of 50
  Number of queueable jobs added to the queue: 0 out of 50
  Number of Mobile Apex push calls: 0 out of 10

03:17:17.29 (29483108)|CUMULATIVE_LIMIT_USAGE_END

03:17:17.0 (29548445)|CODE_UNIT_FINISHED|PatientWrapperController.getPatientsById
03:17:17.0 (31468751)|CODE_UNIT_STARTED|[EXTERNAL]|Aura
03:17:17.0 (31525475)|CODE_UNIT_FINISHED|Aura
