36.0 APEX_CODE,FINEST;APEX_PROFILING,INFO;CALLOUT,INFO;DB,INFO;SYSTEM,DEBUG;VALIDATION,INFO;VISUALFORCE,INFO;WORKFLOW,INFO
03:58:17.0 (436032)|EXECUTION_STARTED
03:58:17.0 (460440)|CODE_UNIT_STARTED|[EXTERNAL]|01p280000085nGQ|PatientWrapperController.sysncFitBitData
03:58:17.0 (1188160)|HEAP_ALLOCATE|[72]|Bytes:3
03:58:17.0 (1222623)|HEAP_ALLOCATE|[77]|Bytes:152
03:58:17.0 (1236823)|HEAP_ALLOCATE|[342]|Bytes:408
03:58:17.0 (1252509)|HEAP_ALLOCATE|[355]|Bytes:408
03:58:17.0 (1272689)|HEAP_ALLOCATE|[467]|Bytes:48
03:58:17.0 (1299563)|HEAP_ALLOCATE|[139]|Bytes:6
03:58:17.0 (1316321)|HEAP_ALLOCATE|[EXTERNAL]|Bytes:7
03:58:17.0 (1320504)|HEAP_ALLOCATE|[EXTERNAL]|Bytes:14
03:58:17.0 (1335218)|METHOD_ENTRY|[1]|01p280000085nGQ|PatientWrapperController.PatientWrapperController()
03:58:17.0 (1340410)|STATEMENT_EXECUTE|[1]
03:58:17.0 (1345167)|STATEMENT_EXECUTE|[1]
03:58:17.0 (1350440)|METHOD_EXIT|[1]|PatientWrapperController
03:58:17.0 (1361211)|SYSTEM_MODE_ENTER|false
03:58:17.0 (1373720)|STATEMENT_EXECUTE|[72]
03:58:17.0 (1375387)|STATEMENT_EXECUTE|[74]
03:58:17.0 (1378555)|HEAP_ALLOCATE|[74]|Bytes:157
03:58:17.0 (1386149)|VARIABLE_SCOPE_BEGIN|[74]|query|String|false|false
03:58:17.0 (1420383)|VARIABLE_ASSIGNMENT|[74]|query|"SELECT Patient_Id__c (137 more) ..."
03:58:17.0 (1424479)|STATEMENT_EXECUTE|[76]
03:58:17.0 (1461364)|HEAP_ALLOCATE|[50]|Bytes:5
03:58:17.0 (1480849)|HEAP_ALLOCATE|[56]|Bytes:5
03:58:17.0 (1489199)|HEAP_ALLOCATE|[64]|Bytes:7
03:58:17.0 (2775960)|SOQL_EXECUTE_BEGIN|[76]|Aggregations:0|SELECT Patient_Id__c, Full_Name__c, Gender__c, Steps_Completed__c, Goal__c, Height__c FROM Patient__c where Patient_Id__c = '4LR2VZ' ORDER BY createdDate ASC
03:58:17.0 (6425833)|SOQL_EXECUTE_END|[76]|Rows:1
03:58:17.0 (6440124)|HEAP_ALLOCATE|[76]|Bytes:8
03:58:17.0 (6454453)|HEAP_ALLOCATE|[76]|Bytes:250
03:58:17.0 (6508861)|HEAP_ALLOCATE|[76]|Bytes:8
03:58:17.0 (6541424)|VARIABLE_SCOPE_BEGIN|[76]|patientList|List<Patient__c>|true|false
03:58:17.0 (6579057)|VARIABLE_ASSIGNMENT|[76]|patientList|{"s":1,"v":[{"s":2,"v":{"Patient_Id__c":"4LR2VZ","Full_Name__c":"Purushottam","Gender__c":"Male","Steps_Completed__c":1000,"Goal__c":5000,"Height__c":5.00,"Id":"a012800000SBjJTAA1"}}]}|0x17c5f782
03:58:17.0 (6583731)|STATEMENT_EXECUTE|[77]
03:58:17.0 (6629227)|HEAP_ALLOCATE|[77]|Bytes:4
03:58:17.0 (6665981)|HEAP_ALLOCATE|[77]|Bytes:10
03:58:17.0 (6676787)|VARIABLE_SCOPE_BEGIN|[77]|todaysDate|String|false|false
03:58:17.0 (6685278)|VARIABLE_ASSIGNMENT|[77]|todaysDate|"2016-05-23"
03:58:17.0 (6688164)|STATEMENT_EXECUTE|[78]
03:58:17.0 (6691675)|HEAP_ALLOCATE|[78]|Bytes:9
03:58:17.0 (6753014)|HEAP_ALLOCATE|[78]|Bytes:10
03:58:17.0 (6771581)|VARIABLE_ASSIGNMENT|[78]|todaysDate|"2016-05-23"
03:58:17.0 (6774535)|STATEMENT_EXECUTE|[79]
03:58:17.0 (6780683)|HEAP_ALLOCATE|[79]|Bytes:4
03:58:17.0 (6834786)|VARIABLE_SCOPE_BEGIN|[79]|patientListToUpdate|List<Patient__c>|true|false
03:58:17.0 (6842803)|HEAP_ALLOCATE|[EXTERNAL]|Bytes:4
03:58:17.0 (6852903)|VARIABLE_ASSIGNMENT|[79]|patientListToUpdate|{"s":1,"v":[]}|0x94c099f
03:58:17.0 (7015148)|HEAP_ALLOCATE|[80]|Bytes:5
03:58:17.0 (7053698)|HEAP_ALLOCATE|[80]|Bytes:32
03:58:17.0 (7064485)|VARIABLE_SCOPE_BEGIN|[80]|patient|Patient__c|true|false
03:58:17.0 (7083371)|VARIABLE_ASSIGNMENT|[80]|patient|{"s":1,"v":{"Patient_Id__c":"4LR2VZ","Full_Name__c":"Purushottam","Gender__c":"Male","Steps_Completed__c":1000,"Goal__c":5000,"Height__c":5.00,"Id":"a012800000SBjJTAA1"}}|0x3d721e65
03:58:17.0 (7087788)|STATEMENT_EXECUTE|[80]
03:58:17.0 (7089196)|STATEMENT_EXECUTE|[81]
03:58:17.0 (7094133)|VARIABLE_SCOPE_BEGIN|[81]|stepsCompleted|Integer|false|false
03:58:17.0 (7099156)|HEAP_ALLOCATE|[81]|Bytes:4
03:58:17.0 (7104083)|VARIABLE_ASSIGNMENT|[81]|stepsCompleted|0
03:58:17.0 (7106150)|STATEMENT_EXECUTE|[82]
03:58:17.0 (9565195)|VARIABLE_SCOPE_BEGIN|[6]|FitForceUtility.ACTIVITY_API|String|false|true
03:58:17.0 (9573627)|VARIABLE_SCOPE_BEGIN|[3]|FitForceUtility.GET|String|false|true
03:58:17.0 (9577745)|VARIABLE_SCOPE_BEGIN|[4]|FitForceUtility.POST|String|false|true
03:58:17.0 (9581506)|VARIABLE_SCOPE_BEGIN|[5]|FitForceUtility.PROFILE_API|String|false|true
03:58:17.0 (9589504)|HEAP_ALLOCATE|[82]|Bytes:2
03:58:17.0 (9595023)|HEAP_ALLOCATE|[82]|Bytes:2
03:58:17.0 (9617359)|METHOD_ENTRY|[1]|01p280000085crs|FitForceUtility.FitForceUtility()
03:58:17.0 (9620989)|STATEMENT_EXECUTE|[1]
03:58:17.0 (9625306)|STATEMENT_EXECUTE|[1]
03:58:17.0 (9634216)|HEAP_ALLOCATE|[3]|Bytes:5
03:58:17.0 (9637847)|STATEMENT_EXECUTE|[3]
03:58:17.0 (9640302)|HEAP_ALLOCATE|[3]|Bytes:3
03:58:17.0 (9654810)|VARIABLE_ASSIGNMENT|[3]|FitForceUtility.GET|"GET"
03:58:17.0 (9657331)|STATEMENT_EXECUTE|[4]
03:58:17.0 (9659305)|HEAP_ALLOCATE|[4]|Bytes:4
03:58:17.0 (9666278)|VARIABLE_ASSIGNMENT|[4]|FitForceUtility.POST|"POST"
03:58:17.0 (9668409)|STATEMENT_EXECUTE|[5]
03:58:17.0 (9673973)|VARIABLE_ASSIGNMENT|[5]|FitForceUtility.PROFILE_API|""
03:58:17.0 (9676096)|STATEMENT_EXECUTE|[6]
03:58:17.0 (9681005)|VARIABLE_ASSIGNMENT|[6]|FitForceUtility.ACTIVITY_API|""
03:58:17.0 (9682920)|STATEMENT_EXECUTE|[7]
03:58:17.0 (9684059)|STATEMENT_EXECUTE|[8]
03:58:17.0 (9686659)|HEAP_ALLOCATE|[8]|Bytes:17
03:58:17.0 (9691017)|VARIABLE_SCOPE_BEGIN|[8]|BASE_URL|String|false|false
03:58:17.0 (9697284)|VARIABLE_ASSIGNMENT|[8]|BASE_URL|"callout:FitForce/"
03:58:17.0 (9699411)|STATEMENT_EXECUTE|[9]
03:58:17.0 (9701687)|HEAP_ALLOCATE|[9]|Bytes:21
03:58:17.0 (9711653)|HEAP_ALLOCATE|[9]|Bytes:38
03:58:17.0 (9722588)|VARIABLE_ASSIGNMENT|[9]|FitForceUtility.PROFILE_API|"callout:FitForce/1/u (18 more) ..."
03:58:17.0 (9725289)|STATEMENT_EXECUTE|[10]
03:58:17.0 (9727855)|HEAP_ALLOCATE|[10]|Bytes:35
03:58:17.0 (9732659)|HEAP_ALLOCATE|[10]|Bytes:52
03:58:17.0 (9741087)|VARIABLE_ASSIGNMENT|[10]|FitForceUtility.ACTIVITY_API|"callout:FitForce/1/u (32 more) ..."
03:58:17.0 (9754365)|METHOD_EXIT|[1]|FitForceUtility
03:58:17.0 (9760834)|HEAP_ALLOCATE|[82]|Bytes:5
03:58:17.0 (9799021)|HEAP_ALLOCATE|[82]|Bytes:57
03:58:17.0 (9812223)|VARIABLE_SCOPE_BEGIN|[82]|url|String|false|false
03:58:17.0 (9821452)|VARIABLE_ASSIGNMENT|[82]|url|"callout:FitForce/1/u (37 more) ..."
03:58:17.0 (9824476)|STATEMENT_EXECUTE|[83]
03:58:17.0 (9855420)|METHOD_ENTRY|[83]|01p280000085crs|FitForceUtility.doHTTPCallout(String, String)
03:58:17.0 (9875470)|VARIABLE_SCOPE_BEGIN|[13]|methodType|String|false|false
03:58:17.0 (9881968)|VARIABLE_ASSIGNMENT|[13]|methodType|"GET"
03:58:17.0 (9884809)|VARIABLE_SCOPE_BEGIN|[13]|url|String|false|false
03:58:17.0 (9889183)|VARIABLE_ASSIGNMENT|[13]|url|"callout:FitForce/1/u (37 more) ..."
03:58:17.0 (9897499)|HEAP_ALLOCATE|[14]|Bytes:5
03:58:17.0 (9900892)|STATEMENT_EXECUTE|[13]
03:58:17.0 (9902239)|STATEMENT_EXECUTE|[14]
03:58:17.0 (9905264)|VARIABLE_SCOPE_BEGIN|[14]|response|String|false|false
03:58:17.0 (9909833)|VARIABLE_ASSIGNMENT|[14]|response|""
03:58:17.0 (9963715)|STATEMENT_EXECUTE|[15]
03:58:17.0 (9966024)|STATEMENT_EXECUTE|[18]
03:58:17.0 (9992691)|VARIABLE_SCOPE_BEGIN|[18]|httpRequest|System.HttpRequest|true|false
03:58:17.0 (10146564)|VARIABLE_ASSIGNMENT|[18]|httpRequest|"System.HttpRequest[Endpoint=null, Method=null]"|0x6479487e
03:58:17.0 (10153159)|STATEMENT_EXECUTE|[19]
03:58:17.0 (10171686)|VARIABLE_SCOPE_BEGIN|[19]|http|System.Http|true|false
03:58:17.0 (10228587)|VARIABLE_ASSIGNMENT|[19]|http|"System.Http[]"|0x91ed355
03:58:17.0 (10233445)|STATEMENT_EXECUTE|[20]
03:58:17.0 (10288356)|STATEMENT_EXECUTE|[21]
03:58:17.0 (10315288)|STATEMENT_EXECUTE|[22]
03:58:17.0 (10378835)|CALLOUT_REQUEST|[22]|System.HttpRequest[Endpoint=callout:FitForce/1/user/-/activities/date/2016-05-23.json, Method=GET]
03:58:17.0 (313703973)|HEAP_ALLOCATE|[EXTERNAL]|Bytes:969
03:58:17.0 (313783974)|CALLOUT_RESPONSE|[22]|System.HttpResponse[Status=OK, StatusCode=200]
03:58:17.0 (313799483)|HEAP_ALLOCATE|[22]|Bytes:613
03:58:17.0 (313827730)|VARIABLE_SCOPE_BEGIN|[22]|httpResponse|System.HttpResponse|true|false
03:58:17.0 (313916417)|VARIABLE_ASSIGNMENT|[22]|httpResponse|"System.HttpResponse[Status=OK, StatusCode=200]"|0x11f175a6
03:58:17.0 (313924292)|STATEMENT_EXECUTE|[23]
03:58:17.0 (314017963)|HEAP_ALLOCATE|[23]|Bytes:607
03:58:17.0 (314038961)|VARIABLE_ASSIGNMENT|[23]|response|"{\"activities\":[],\"go (587 more) ..."
03:58:17.0 (314042541)|STATEMENT_EXECUTE|[24]
03:58:17.0 (314046427)|HEAP_ALLOCATE|[24]|Bytes:17
03:58:17.0 (314057029)|HEAP_ALLOCATE|[24]|Bytes:624
03:58:17.0 (314098180)|USER_DEBUG|[24]|DEBUG|Server Response :{"activities":[],"goals":{"activeMinutes":30,"caloriesOut":2655,"distance":8.05,"steps":10000},"summary":{"activeScore":-1,"activityCalories":0,"caloriesBMR":1039,"caloriesOut":1039,"distances":[{"activity":"total","distance":0},{"activity":"tracker","distance":0},{"activity":"loggedActivities","distance":0},{"activity":"veryActive","distance":0},{"activity":"moderatelyActive","distance":0},{"activity":"lightlyActive","distance":0},{"activity":"sedentaryActive","distance":0}],"fairlyActiveMinutes":0,"lightlyActiveMinutes":0,"marginalCalories":0,"sedentaryMinutes":988,"steps":0,"veryActiveMinutes":0}}
03:58:17.0 (314109830)|STATEMENT_EXECUTE|[25]
03:58:17.0 (314125637)|METHOD_EXIT|[83]|01p280000085crs|FitForceUtility.doHTTPCallout(String, String)
03:58:17.0 (314131626)|VARIABLE_SCOPE_BEGIN|[83]|activityJson|String|false|false
03:58:17.0 (314140986)|VARIABLE_ASSIGNMENT|[83]|activityJson|"{\"activities\":[],\"go (587 more) ..."
03:58:17.0 (314143560)|STATEMENT_EXECUTE|[84]
03:58:17.0 (314147579)|HEAP_ALLOCATE|[84]|Bytes:15
03:58:17.0 (314214339)|HEAP_ALLOCATE|[84]|Bytes:24
03:58:17.0 (314234607)|SYSTEM_METHOD_ENTRY|[1]|Type.Type()
03:58:17.0 (314237922)|STATEMENT_EXECUTE|[1]
03:58:17.0 (314249823)|SYSTEM_METHOD_EXIT|[1]|Type
03:58:17.0 (314264996)|METHOD_ENTRY|[84]||System.Type.forName(String)
03:58:17.0 (320127456)|METHOD_EXIT|[84]||System.Type.forName(String)
03:58:17.0 (320171346)|HEAP_ALLOCATE|[84]|Bytes:18
03:58:17.0 (320187247)|SYSTEM_METHOD_ENTRY|[1]|JSON.JSON()
03:58:17.0 (320190820)|STATEMENT_EXECUTE|[1]
03:58:17.0 (320207116)|SYSTEM_METHOD_EXIT|[1]|JSON
03:58:17.0 (320222627)|METHOD_ENTRY|[84]||System.JSON.deserialize(String, System.Type)
03:58:17.0 (320407850)|STATEMENT_EXECUTE|[1]
03:58:17.0 (320410779)|STATEMENT_EXECUTE|[4]
03:58:17.0 (320411922)|STATEMENT_EXECUTE|[21]
03:58:17.0 (320413212)|STATEMENT_EXECUTE|[34]
03:58:17.0 (322065495)|METHOD_EXIT|[84]||System.JSON.deserialize(String, System.Type)
03:58:17.0 (322077671)|VARIABLE_SCOPE_BEGIN|[84]|activityWrapper|ActivityWrapper|true|false
03:58:17.0 (322123916)|VARIABLE_ASSIGNMENT|[84]|activityWrapper|{"activities":"0x1a280f20","summary":"0x7123319d"}|0x302fe276
03:58:17.0 (322128006)|STATEMENT_EXECUTE|[85]
03:58:17.0 (322132046)|HEAP_ALLOCATE|[85]|Bytes:17
03:58:17.0 (322284016)|HEAP_ALLOCATE|[85]|Bytes:593
03:58:17.0 (322302284)|HEAP_ALLOCATE|[85]|Bytes:610
03:58:17.0 (322316089)|USER_DEBUG|[85]|DEBUG|activityWrapper :ActivityWrapper:[activities=(), summary=Summary:[activeScore=-1, activityCalories=0, caloriesBMR=1039, caloriesOut=1039, distances=(Distances:[activity=total, distance=0.0], Distances:[activity=tracker, distance=0.0], Distances:[activity=loggedActivities, distance=0.0], Distances:[activity=veryActive, distance=0.0], Distances:[activity=moderatelyActive, distance=0.0], Distances:[activity=lightlyActive, distance=0.0], Distances:[activity=sedentaryActive, distance=0.0]), fairlyActiveMinutes=0, lightlyActiveMinutes=0, marginalCalories=0, sedentaryMinutes=988, steps=0, veryActiveMinutes=0]]
03:58:17.0 (322441767)|HEAP_ALLOCATE|[86]|Bytes:5
03:58:17.0 (322460724)|VARIABLE_ASSIGNMENT|[86]|act|null|
03:58:17.0 (322465117)|STATEMENT_EXECUTE|[86]
03:58:17.0 (322476376)|HEAP_ALLOCATE|[80]|Bytes:5
03:58:17.0 (322488213)|VARIABLE_ASSIGNMENT|[80]|patient|null|
03:58:17.0 (322491015)|STATEMENT_EXECUTE|[94]
03:58:17.0 (322584245)|HEAP_ALLOCATE|[EXTERNAL]|Bytes:4
03:58:17.0 (322594531)|STATEMENT_EXECUTE|[95]
03:58:17.0 (322599165)|HEAP_ALLOCATE|[95]|Bytes:14
03:58:17.0 (322634223)|HEAP_ALLOCATE|[95]|Bytes:2
03:58:17.0 (322647286)|HEAP_ALLOCATE|[95]|Bytes:16
03:58:17.0 (322656936)|USER_DEBUG|[95]|DEBUG|Updated List :()
03:58:17.0 (322662137)|STATEMENT_EXECUTE|[98]
03:58:17.0 (322668474)|HEAP_ALLOCATE|[98]|Bytes:4
03:58:17.0 (322709609)|VARIABLE_SCOPE_BEGIN|[98]|wcList|List<PatientWrapper>|true|false
03:58:17.0 (322721697)|HEAP_ALLOCATE|[EXTERNAL]|Bytes:4
03:58:17.0 (322735911)|VARIABLE_ASSIGNMENT|[98]|wcList|{"s":1,"v":[]}|0x2bb572d
03:58:17.0 (322763919)|STATEMENT_EXECUTE|[99]
03:58:17.0 (322766034)|STATEMENT_EXECUTE|[114]
03:58:17.0 (322776191)|SYSTEM_MODE_EXIT|false
03:58:17.324 (324923702)|CUMULATIVE_LIMIT_USAGE
03:58:17.324 (324923702)|LIMIT_USAGE_FOR_NS|(default)|
  Number of SOQL queries: 1 out of 100
  Number of query rows: 1 out of 50000
  Number of SOSL queries: 0 out of 20
  Number of DML statements: 0 out of 150
  Number of DML rows: 0 out of 10000
  Maximum CPU time: 0 out of 10000
  Maximum heap size: 0 out of 6000000
  Number of callouts: 1 out of 100
  Number of Email Invocations: 0 out of 10
  Number of future calls: 0 out of 50
  Number of queueable jobs added to the queue: 0 out of 50
  Number of Mobile Apex push calls: 0 out of 10

03:58:17.324 (324923702)|CUMULATIVE_LIMIT_USAGE_END

03:58:17.0 (324958711)|CODE_UNIT_FINISHED|PatientWrapperController.sysncFitBitData
03:58:17.0 (326618497)|EXECUTION_FINISHED
