36.0 APEX_CODE,FINEST;APEX_PROFILING,INFO;CALLOUT,INFO;DB,INFO;SYSTEM,DEBUG;VALIDATION,INFO;VISUALFORCE,INFO;WORKFLOW,INFO
06:45:48.0 (880258)|EXECUTION_STARTED
06:45:48.0 (921699)|CODE_UNIT_STARTED|[EXTERNAL]|aura
06:45:48.0 (1466885)|HEAP_ALLOCATE|[72]|Bytes:3
06:45:48.0 (1508243)|HEAP_ALLOCATE|[77]|Bytes:152
06:45:48.0 (1523422)|HEAP_ALLOCATE|[342]|Bytes:408
06:45:48.0 (1539824)|HEAP_ALLOCATE|[355]|Bytes:408
06:45:48.0 (1554680)|HEAP_ALLOCATE|[467]|Bytes:48
06:45:48.0 (1581158)|HEAP_ALLOCATE|[139]|Bytes:6
06:45:48.0 (1607916)|HEAP_ALLOCATE|[EXTERNAL]|Bytes:6
06:45:48.0 (1626612)|HEAP_ALLOCATE|[EXTERNAL]|Bytes:6
06:45:48.0 (3152049)|CODE_UNIT_STARTED|[EXTERNAL]|01p280000085nGQ|PatientWrapperController.getPatientsById
06:45:48.0 (4088868)|HEAP_ALLOCATE|[EXTERNAL]|Bytes:7
06:45:48.0 (4110639)|HEAP_ALLOCATE|[EXTERNAL]|Bytes:14
06:45:48.0 (4125263)|METHOD_ENTRY|[1]|01p280000085nGQ|PatientWrapperController.PatientWrapperController()
06:45:48.0 (4129154)|STATEMENT_EXECUTE|[1]
06:45:48.0 (4134862)|STATEMENT_EXECUTE|[1]
06:45:48.0 (4140631)|METHOD_EXIT|[1]|PatientWrapperController
06:45:48.0 (4144875)|HEAP_ALLOCATE|[EXTERNAL]|Bytes:6
06:45:48.0 (4157397)|SYSTEM_MODE_ENTER|false
06:45:48.0 (4167426)|VARIABLE_SCOPE_BEGIN|[36]|patientId|String|false|false
06:45:48.0 (4196586)|VARIABLE_ASSIGNMENT|[36]|patientId|"P00002"
06:45:48.0 (4209045)|STATEMENT_EXECUTE|[36]
06:45:48.0 (4211278)|STATEMENT_EXECUTE|[38]
06:45:48.0 (4215936)|HEAP_ALLOCATE|[38]|Bytes:185
06:45:48.0 (4221001)|VARIABLE_SCOPE_BEGIN|[38]|query|String|false|false
06:45:48.0 (4229666)|VARIABLE_ASSIGNMENT|[38]|query|"SELECT Patient_Id__c (165 more) ..."
06:45:48.0 (4231744)|STATEMENT_EXECUTE|[39]
06:45:48.0 (4275140)|HEAP_ALLOCATE|[50]|Bytes:5
06:45:48.0 (4298308)|HEAP_ALLOCATE|[56]|Bytes:5
06:45:48.0 (4306793)|HEAP_ALLOCATE|[64]|Bytes:7
06:45:48.0 (6033828)|SOQL_EXECUTE_BEGIN|[39]|Aggregations:0|SELECT Patient_Id__c, Full_Name__c, Gender__c, Steps_Completed__c, Goal__c, Height__c, Heart_Rate__c, Weight__c FROM Patient__c where Patient_Id__c = :patientId ORDER BY createdDate ASC
06:45:48.0 (10712676)|SOQL_EXECUTE_END|[39]|Rows:1
06:45:48.0 (10744224)|HEAP_ALLOCATE|[39]|Bytes:8
06:45:48.0 (10771340)|HEAP_ALLOCATE|[39]|Bytes:350
06:45:48.0 (10929214)|HEAP_ALLOCATE|[39]|Bytes:8
06:45:48.0 (10952260)|VARIABLE_SCOPE_BEGIN|[39]|patientList|List<Patient__c>|true|false
06:45:48.0 (10991460)|VARIABLE_ASSIGNMENT|[39]|patientList|{"s":1,"v":[{"s":2,"v":{"Patient_Id__c":"P00002","Full_Name__c":"Pallavi","Gender__c":"Female","Steps_Completed__c":6000,"Goal__c":6000,"Height__c":4.00,"Heart_Rate__c":72,"Weight__c":68.00,"Id":"a012800000SBjJnAAL"}}]}|0x63d48c44
06:45:48.0 (10997668)|STATEMENT_EXECUTE|[40]
06:45:48.0 (11002661)|VARIABLE_SCOPE_BEGIN|[40]|wrapperObj|PatientWrapper|true|false
06:45:48.0 (11008945)|VARIABLE_ASSIGNMENT|[40]|wrapperObj|null|
06:45:48.0 (11011264)|STATEMENT_EXECUTE|[41]
06:45:48.0 (11015852)|HEAP_ALLOCATE|[41]|Bytes:15
06:45:48.0 (11166416)|HEAP_ALLOCATE|[41]|Bytes:188
06:45:48.0 (11193271)|HEAP_ALLOCATE|[41]|Bytes:203
06:45:48.0 (11217787)|USER_DEBUG|[41]|DEBUG|patientList => (Patient__c:{Patient_Id__c=P00002, Full_Name__c=Pallavi, Gender__c=Female, Steps_Completed__c=6000, Goal__c=6000, Height__c=4.00, Heart_Rate__c=72, Weight__c=68.00, Id=a012800000SBjJnAAL})
06:45:48.0 (11453526)|HEAP_ALLOCATE|[42]|Bytes:5
06:45:48.0 (11504702)|HEAP_ALLOCATE|[42]|Bytes:40
06:45:48.0 (11516886)|VARIABLE_SCOPE_BEGIN|[42]|patient|Patient__c|true|false
06:45:48.0 (11538275)|VARIABLE_ASSIGNMENT|[42]|patient|{"s":1,"v":{"Patient_Id__c":"P00002","Full_Name__c":"Pallavi","Gender__c":"Female","Steps_Completed__c":6000,"Goal__c":6000,"Height__c":4.00,"Heart_Rate__c":72,"Weight__c":68.00,"Id":"a012800000SBjJnAAL"}}|0x178e8826
06:45:48.0 (11542763)|STATEMENT_EXECUTE|[42]
06:45:48.0 (11544323)|STATEMENT_EXECUTE|[43]
06:45:48.0 (11564559)|METHOD_ENTRY|[1]|01p280000085nGG|PatientWrapper.PatientWrapper()
06:45:48.0 (11571913)|STATEMENT_EXECUTE|[1]
06:45:48.0 (11576516)|STATEMENT_EXECUTE|[1]
06:45:48.0 (11585234)|METHOD_EXIT|[1]|PatientWrapper
06:45:48.0 (11596263)|HEAP_ALLOCATE|[43]|Bytes:36
06:45:48.0 (11609714)|CONSTRUCTOR_ENTRY|[43]|01p280000085nGG|<init>()
06:45:48.0 (11634993)|VARIABLE_SCOPE_BEGIN|[1]|this|PatientWrapper|true|false
06:45:48.0 (11666805)|VARIABLE_ASSIGNMENT|[1]|this|{}|0xe1b3724
06:45:48.0 (11682754)|HEAP_ALLOCATE|[EXTERNAL]|Bytes:6
06:45:48.0 (11726804)|STATEMENT_EXECUTE|[1]
06:45:48.0 (11729702)|STATEMENT_EXECUTE|[3]
06:45:48.0 (11731127)|STATEMENT_EXECUTE|[6]
06:45:48.0 (11732422)|STATEMENT_EXECUTE|[9]
06:45:48.0 (11733563)|STATEMENT_EXECUTE|[12]
06:45:48.0 (11734959)|STATEMENT_EXECUTE|[15]
06:45:48.0 (11737160)|STATEMENT_EXECUTE|[18]
06:45:48.0 (11739194)|STATEMENT_EXECUTE|[21]
06:45:48.0 (11741433)|STATEMENT_EXECUTE|[24]
06:45:48.0 (11747838)|CONSTRUCTOR_EXIT|[43]|01p280000085nGG|<init>()
06:45:48.0 (11768322)|VARIABLE_ASSIGNMENT|[43]|wrapperObj|{}|0xe1b3724
06:45:48.0 (11771517)|STATEMENT_EXECUTE|[45]
06:45:48.0 (11811884)|HEAP_ALLOCATE|[45]|Bytes:18
06:45:48.0 (11830695)|VARIABLE_ASSIGNMENT|[45]|this.id|"a012800000SBjJnAAL"|0xe1b3724
06:45:48.0 (11834214)|STATEMENT_EXECUTE|[46]
06:45:48.0 (11858531)|VARIABLE_ASSIGNMENT|[46]|this.name|"Pallavi"|0xe1b3724
06:45:48.0 (11861948)|STATEMENT_EXECUTE|[47]
06:45:48.0 (11908267)|HEAP_ALLOCATE|[47]|Bytes:12
06:45:48.0 (11923585)|VARIABLE_ASSIGNMENT|[47]|this.steps|6000.0|0xe1b3724
06:45:48.0 (11926159)|STATEMENT_EXECUTE|[48]
06:45:48.0 (11951535)|HEAP_ALLOCATE|[48]|Bytes:12
06:45:48.0 (11962329)|VARIABLE_ASSIGNMENT|[48]|this.goal|6000.0|0xe1b3724
06:45:48.0 (11964568)|STATEMENT_EXECUTE|[49]
06:45:48.0 (11985050)|HEAP_ALLOCATE|[49]|Bytes:12
06:45:48.0 (11995325)|VARIABLE_ASSIGNMENT|[49]|this.heartRate|72.0|0xe1b3724
06:45:48.0 (11997723)|STATEMENT_EXECUTE|[50]
06:45:48.0 (12014729)|HEAP_ALLOCATE|[50]|Bytes:12
06:45:48.0 (12029715)|VARIABLE_ASSIGNMENT|[50]|this.height|4.0|0xe1b3724
06:45:48.0 (12032085)|STATEMENT_EXECUTE|[51]
06:45:48.0 (12051851)|HEAP_ALLOCATE|[51]|Bytes:12
06:45:48.0 (12062459)|VARIABLE_ASSIGNMENT|[51]|this.weight|68.0|0xe1b3724
06:45:48.0 (12064960)|STATEMENT_EXECUTE|[52]
06:45:48.0 (12085541)|VARIABLE_ASSIGNMENT|[52]|this.patient_Id|"P00002"|0xe1b3724
06:45:48.0 (12104678)|HEAP_ALLOCATE|[42]|Bytes:5
06:45:48.0 (12118517)|VARIABLE_ASSIGNMENT|[42]|patient|null|
06:45:48.0 (12121977)|STATEMENT_EXECUTE|[56]
06:45:48.0 (12125411)|HEAP_ALLOCATE|[56]|Bytes:14
06:45:48.0 (12191727)|HEAP_ALLOCATE|[56]|Bytes:139
06:45:48.0 (12207569)|HEAP_ALLOCATE|[56]|Bytes:153
06:45:48.0 (12218167)|USER_DEBUG|[56]|DEBUG|wrapperObj => PatientWrapper:[goal=6000.0, heartRate=72.0, height=4.0, id=a012800000SBjJnAAL, name=Pallavi, patient_Id=P00002, steps=6000.0, weight=68.0]
06:45:48.0 (12224290)|STATEMENT_EXECUTE|[57]
06:45:48.0 (12239197)|SYSTEM_MODE_EXIT|false
06:45:48.12 (12295508)|CUMULATIVE_LIMIT_USAGE
06:45:48.12 (12295508)|LIMIT_USAGE_FOR_NS|(default)|
  Number of SOQL queries: 1 out of 100
  Number of query rows: 1 out of 50000
  Number of SOSL queries: 0 out of 20
  Number of DML statements: 0 out of 150
  Number of DML rows: 0 out of 10000
  Maximum CPU time: 0 out of 10000
  Maximum heap size: 0 out of 6000000
  Number of callouts: 0 out of 100
  Number of Email Invocations: 0 out of 10
  Number of future calls: 0 out of 50
  Number of queueable jobs added to the queue: 0 out of 50
  Number of Mobile Apex push calls: 0 out of 10

06:45:48.12 (12295508)|CUMULATIVE_LIMIT_USAGE_END

06:45:48.0 (12346692)|CODE_UNIT_FINISHED|PatientWrapperController.getPatientsById
06:45:48.0 (14518279)|CODE_UNIT_STARTED|[EXTERNAL]|Aura
06:45:48.0 (14598441)|CODE_UNIT_FINISHED|Aura
