36.0 APEX_CODE,FINEST;APEX_PROFILING,INFO;CALLOUT,INFO;DB,INFO;SYSTEM,DEBUG;VALIDATION,INFO;VISUALFORCE,INFO;WORKFLOW,INFO
06:44:45.0 (79948)|EXECUTION_STARTED
06:44:45.0 (115417)|CODE_UNIT_STARTED|[EXTERNAL]|01p280000085nGQ|PatientWrapperController.getPatientsById
06:44:45.0 (340089)|HEAP_ALLOCATE|[72]|Bytes:3
06:44:45.0 (386855)|HEAP_ALLOCATE|[77]|Bytes:152
06:44:45.0 (409917)|HEAP_ALLOCATE|[342]|Bytes:408
06:44:45.0 (433559)|HEAP_ALLOCATE|[355]|Bytes:408
06:44:45.0 (458138)|HEAP_ALLOCATE|[467]|Bytes:48
06:44:45.0 (499813)|HEAP_ALLOCATE|[139]|Bytes:6
06:44:45.0 (593772)|HEAP_ALLOCATE|[EXTERNAL]|Bytes:7
06:44:45.0 (602337)|HEAP_ALLOCATE|[EXTERNAL]|Bytes:14
06:44:45.0 (623561)|METHOD_ENTRY|[1]|01p280000085nGQ|PatientWrapperController.PatientWrapperController()
06:44:45.0 (630191)|STATEMENT_EXECUTE|[1]
06:44:45.0 (638018)|STATEMENT_EXECUTE|[1]
06:44:45.0 (650442)|METHOD_EXIT|[1]|PatientWrapperController
06:44:45.0 (664850)|SYSTEM_MODE_ENTER|false
06:44:45.0 (677628)|VARIABLE_SCOPE_BEGIN|[36]|patientId|String|false|false
06:44:45.0 (714922)|VARIABLE_ASSIGNMENT|[36]|patientId|null
06:44:45.0 (739371)|STATEMENT_EXECUTE|[36]
06:44:45.0 (742345)|STATEMENT_EXECUTE|[38]
06:44:45.0 (747620)|HEAP_ALLOCATE|[38]|Bytes:185
06:44:45.0 (756391)|VARIABLE_SCOPE_BEGIN|[38]|query|String|false|false
06:44:45.0 (773265)|VARIABLE_ASSIGNMENT|[38]|query|"SELECT Patient_Id__c (165 more) ..."
06:44:45.0 (777591)|STATEMENT_EXECUTE|[39]
06:44:45.0 (824382)|HEAP_ALLOCATE|[50]|Bytes:5
06:44:45.0 (858680)|HEAP_ALLOCATE|[56]|Bytes:5
06:44:45.0 (873889)|HEAP_ALLOCATE|[64]|Bytes:7
06:44:45.0 (1436697)|SOQL_EXECUTE_BEGIN|[39]|Aggregations:0|SELECT Patient_Id__c, Full_Name__c, Gender__c, Steps_Completed__c, Goal__c, Height__c, Heart_Rate__c, Weight__c FROM Patient__c where Patient_Id__c = :patientId ORDER BY createdDate ASC
06:44:45.0 (3957582)|SOQL_EXECUTE_END|[39]|Rows:0
06:44:45.0 (3971941)|HEAP_ALLOCATE|[39]|Bytes:4
06:44:45.0 (3980344)|HEAP_ALLOCATE|[39]|Bytes:0
06:44:45.0 (4058715)|HEAP_ALLOCATE|[39]|Bytes:4
06:44:45.0 (4078378)|VARIABLE_SCOPE_BEGIN|[39]|patientList|List<Patient__c>|true|false
06:44:45.0 (4100799)|VARIABLE_ASSIGNMENT|[39]|patientList|{"s":1,"v":[]}|0x7dff7ba5
06:44:45.0 (4103986)|STATEMENT_EXECUTE|[40]
06:44:45.0 (4111099)|VARIABLE_SCOPE_BEGIN|[40]|wrapperObj|PatientWrapper|true|false
06:44:45.0 (4116151)|VARIABLE_ASSIGNMENT|[40]|wrapperObj|null|
06:44:45.0 (4118055)|STATEMENT_EXECUTE|[41]
06:44:45.0 (4121978)|HEAP_ALLOCATE|[41]|Bytes:15
06:44:45.0 (4188515)|HEAP_ALLOCATE|[41]|Bytes:2
06:44:45.0 (4208174)|HEAP_ALLOCATE|[41]|Bytes:17
06:44:45.0 (4228642)|USER_DEBUG|[41]|DEBUG|patientList => ()
06:44:45.0 (4372123)|HEAP_ALLOCATE|[42]|Bytes:5
06:44:45.0 (4393897)|VARIABLE_ASSIGNMENT|[42]|patient|null|
06:44:45.0 (4397540)|STATEMENT_EXECUTE|[42]
06:44:45.0 (4399423)|STATEMENT_EXECUTE|[56]
06:44:45.0 (4402520)|HEAP_ALLOCATE|[56]|Bytes:14
06:44:45.0 (4442943)|HEAP_ALLOCATE|[56]|Bytes:18
06:44:45.0 (4453423)|USER_DEBUG|[56]|DEBUG|wrapperObj => null
06:44:45.0 (4458451)|STATEMENT_EXECUTE|[57]
06:44:45.0 (4465923)|SYSTEM_MODE_EXIT|false
06:44:45.4 (4510990)|CUMULATIVE_LIMIT_USAGE
06:44:45.4 (4510990)|LIMIT_USAGE_FOR_NS|(default)|
  Number of SOQL queries: 1 out of 100
  Number of query rows: 0 out of 50000
  Number of SOSL queries: 0 out of 20
  Number of DML statements: 0 out of 150
  Number of DML rows: 0 out of 10000
  Maximum CPU time: 0 out of 10000
  Maximum heap size: 0 out of 6000000
  Number of callouts: 0 out of 100
  Number of Email Invocations: 0 out of 10
  Number of future calls: 0 out of 50
  Number of queueable jobs added to the queue: 0 out of 50
  Number of Mobile Apex push calls: 0 out of 10

06:44:45.4 (4510990)|CUMULATIVE_LIMIT_USAGE_END

06:44:45.0 (4548441)|CODE_UNIT_FINISHED|PatientWrapperController.getPatientsById
06:44:45.0 (6369593)|EXECUTION_FINISHED
