36.0 APEX_CODE,FINEST;APEX_PROFILING,INFO;CALLOUT,INFO;DB,INFO;SYSTEM,DEBUG;VALIDATION,INFO;VISUALFORCE,INFO;WORKFLOW,INFO
04:46:22.0 (66462)|EXECUTION_STARTED
04:46:22.0 (98180)|CODE_UNIT_STARTED|[EXTERNAL]|aura
04:46:22.0 (592432)|HEAP_ALLOCATE|[72]|Bytes:3
04:46:22.0 (636316)|HEAP_ALLOCATE|[77]|Bytes:152
04:46:22.0 (651992)|HEAP_ALLOCATE|[342]|Bytes:408
04:46:22.0 (669265)|HEAP_ALLOCATE|[355]|Bytes:408
04:46:22.0 (684420)|HEAP_ALLOCATE|[467]|Bytes:48
04:46:22.0 (709342)|HEAP_ALLOCATE|[139]|Bytes:6
04:46:22.0 (728756)|HEAP_ALLOCATE|[EXTERNAL]|Bytes:6
04:46:22.0 (748854)|HEAP_ALLOCATE|[EXTERNAL]|Bytes:6
04:46:22.0 (2243336)|CODE_UNIT_STARTED|[EXTERNAL]|01p280000085nGQ|PatientWrapperController.getPatientsById
04:46:22.0 (2371864)|HEAP_ALLOCATE|[EXTERNAL]|Bytes:7
04:46:22.0 (2377350)|HEAP_ALLOCATE|[EXTERNAL]|Bytes:14
04:46:22.0 (2392466)|METHOD_ENTRY|[1]|01p280000085nGQ|PatientWrapperController.PatientWrapperController()
04:46:22.0 (2396763)|STATEMENT_EXECUTE|[1]
04:46:22.0 (2403309)|STATEMENT_EXECUTE|[1]
04:46:22.0 (2409450)|METHOD_EXIT|[1]|PatientWrapperController
04:46:22.0 (2413926)|HEAP_ALLOCATE|[EXTERNAL]|Bytes:6
04:46:22.0 (2428960)|SYSTEM_MODE_ENTER|false
04:46:22.0 (2436168)|VARIABLE_SCOPE_BEGIN|[36]|patientId|String|false|false
04:46:22.0 (2460553)|VARIABLE_ASSIGNMENT|[36]|patientId|"P00003"
04:46:22.0 (2474628)|STATEMENT_EXECUTE|[36]
04:46:22.0 (2476407)|STATEMENT_EXECUTE|[38]
04:46:22.0 (2480286)|HEAP_ALLOCATE|[38]|Bytes:185
04:46:22.0 (2486459)|VARIABLE_SCOPE_BEGIN|[38]|query|String|false|false
04:46:22.0 (2496092)|VARIABLE_ASSIGNMENT|[38]|query|"SELECT Patient_Id__c (165 more) ..."
04:46:22.0 (2498231)|STATEMENT_EXECUTE|[39]
04:46:22.0 (2535108)|HEAP_ALLOCATE|[50]|Bytes:5
04:46:22.0 (2560454)|HEAP_ALLOCATE|[56]|Bytes:5
04:46:22.0 (2568299)|HEAP_ALLOCATE|[64]|Bytes:7
04:46:22.0 (3147629)|SOQL_EXECUTE_BEGIN|[39]|Aggregations:0|SELECT Patient_Id__c, Full_Name__c, Gender__c, Steps_Completed__c, Goal__c, Height__c, Heart_Rate__c, Weight__c FROM Patient__c where Patient_Id__c = :patientId ORDER BY createdDate ASC
04:46:22.0 (6604801)|SOQL_EXECUTE_END|[39]|Rows:1
04:46:22.0 (6619536)|HEAP_ALLOCATE|[39]|Bytes:8
04:46:22.0 (6638787)|HEAP_ALLOCATE|[39]|Bytes:353
04:46:22.0 (6743384)|HEAP_ALLOCATE|[39]|Bytes:8
04:46:22.0 (6763378)|VARIABLE_SCOPE_BEGIN|[39]|patientList|List<Patient__c>|true|false
04:46:22.0 (6803302)|VARIABLE_ASSIGNMENT|[39]|patientList|{"s":1,"v":[{"s":2,"v":{"Patient_Id__c":"P00003","Full_Name__c":"Bhagyashri","Gender__c":"Female","Steps_Completed__c":1000,"Goal__c":5000,"Height__c":5.30,"Heart_Rate__c":68,"Weight__c":52.00,"Id":"a012800000SBlH6AAL"}}]}|0x5ca09f31
04:46:22.0 (6808151)|STATEMENT_EXECUTE|[40]
04:46:22.0 (6815609)|VARIABLE_SCOPE_BEGIN|[40]|wrapperObj|PatientWrapper|true|false
04:46:22.0 (6820728)|VARIABLE_ASSIGNMENT|[40]|wrapperObj|null|
04:46:22.0 (6838933)|STATEMENT_EXECUTE|[41]
04:46:22.0 (6845849)|HEAP_ALLOCATE|[41]|Bytes:15
04:46:22.0 (6978870)|HEAP_ALLOCATE|[41]|Bytes:191
04:46:22.0 (7004032)|HEAP_ALLOCATE|[41]|Bytes:206
04:46:22.0 (7025926)|USER_DEBUG|[41]|DEBUG|patientList => (Patient__c:{Patient_Id__c=P00003, Full_Name__c=Bhagyashri, Gender__c=Female, Steps_Completed__c=1000, Goal__c=5000, Height__c=5.30, Heart_Rate__c=68, Weight__c=52.00, Id=a012800000SBlH6AAL})
04:46:22.0 (7228106)|HEAP_ALLOCATE|[42]|Bytes:5
04:46:22.0 (7275549)|HEAP_ALLOCATE|[42]|Bytes:40
04:46:22.0 (7286864)|VARIABLE_SCOPE_BEGIN|[42]|patient|Patient__c|true|false
04:46:22.0 (7305783)|VARIABLE_ASSIGNMENT|[42]|patient|{"s":1,"v":{"Patient_Id__c":"P00003","Full_Name__c":"Bhagyashri","Gender__c":"Female","Steps_Completed__c":1000,"Goal__c":5000,"Height__c":5.30,"Heart_Rate__c":68,"Weight__c":52.00,"Id":"a012800000SBlH6AAL"}}|0x12bef90f
04:46:22.0 (7310029)|STATEMENT_EXECUTE|[42]
04:46:22.0 (7311594)|STATEMENT_EXECUTE|[43]
04:46:22.0 (7326478)|METHOD_ENTRY|[1]|01p280000085nGG|PatientWrapper.PatientWrapper()
04:46:22.0 (7329310)|STATEMENT_EXECUTE|[1]
04:46:22.0 (7332527)|STATEMENT_EXECUTE|[1]
04:46:22.0 (7338117)|METHOD_EXIT|[1]|PatientWrapper
04:46:22.0 (7344980)|HEAP_ALLOCATE|[43]|Bytes:36
04:46:22.0 (7356780)|CONSTRUCTOR_ENTRY|[43]|01p280000085nGG|<init>()
04:46:22.0 (7376238)|VARIABLE_SCOPE_BEGIN|[1]|this|PatientWrapper|true|false
04:46:22.0 (7411147)|VARIABLE_ASSIGNMENT|[1]|this|{}|0x34c226ad
04:46:22.0 (7420745)|HEAP_ALLOCATE|[EXTERNAL]|Bytes:6
04:46:22.0 (7443666)|STATEMENT_EXECUTE|[1]
04:46:22.0 (7445617)|STATEMENT_EXECUTE|[3]
04:46:22.0 (7446879)|STATEMENT_EXECUTE|[6]
04:46:22.0 (7447951)|STATEMENT_EXECUTE|[9]
04:46:22.0 (7449007)|STATEMENT_EXECUTE|[12]
04:46:22.0 (7450260)|STATEMENT_EXECUTE|[15]
04:46:22.0 (7451364)|STATEMENT_EXECUTE|[18]
04:46:22.0 (7452508)|STATEMENT_EXECUTE|[21]
04:46:22.0 (7453686)|STATEMENT_EXECUTE|[24]
04:46:22.0 (7457886)|CONSTRUCTOR_EXIT|[43]|01p280000085nGG|<init>()
04:46:22.0 (7473511)|VARIABLE_ASSIGNMENT|[43]|wrapperObj|{}|0x34c226ad
04:46:22.0 (7476051)|STATEMENT_EXECUTE|[45]
04:46:22.0 (7512440)|HEAP_ALLOCATE|[45]|Bytes:18
04:46:22.0 (7528530)|VARIABLE_ASSIGNMENT|[45]|this.id|"a012800000SBlH6AAL"|0x34c226ad
04:46:22.0 (7531643)|STATEMENT_EXECUTE|[46]
04:46:22.0 (7555596)|VARIABLE_ASSIGNMENT|[46]|this.name|"Bhagyashri"|0x34c226ad
04:46:22.0 (7558629)|STATEMENT_EXECUTE|[47]
04:46:22.0 (7601326)|HEAP_ALLOCATE|[47]|Bytes:12
04:46:22.0 (7614610)|VARIABLE_ASSIGNMENT|[47]|this.steps|1000.0|0x34c226ad
04:46:22.0 (7617065)|STATEMENT_EXECUTE|[48]
04:46:22.0 (7638972)|HEAP_ALLOCATE|[48]|Bytes:12
04:46:22.0 (7647710)|VARIABLE_ASSIGNMENT|[48]|this.goal|5000.0|0x34c226ad
04:46:22.0 (7650082)|STATEMENT_EXECUTE|[49]
04:46:22.0 (7667266)|HEAP_ALLOCATE|[49]|Bytes:12
04:46:22.0 (7675415)|VARIABLE_ASSIGNMENT|[49]|this.heartRate|68.0|0x34c226ad
04:46:22.0 (7677628)|STATEMENT_EXECUTE|[50]
04:46:22.0 (7695452)|HEAP_ALLOCATE|[50]|Bytes:12
04:46:22.0 (7704353)|VARIABLE_ASSIGNMENT|[50]|this.height|5.3|0x34c226ad
04:46:22.0 (7706646)|STATEMENT_EXECUTE|[51]
04:46:22.0 (7723115)|HEAP_ALLOCATE|[51]|Bytes:12
04:46:22.0 (7731470)|VARIABLE_ASSIGNMENT|[51]|this.weight|52.0|0x34c226ad
04:46:22.0 (7733554)|STATEMENT_EXECUTE|[52]
04:46:22.0 (7752725)|VARIABLE_ASSIGNMENT|[52]|this.patient_Id|"P00003"|0x34c226ad
04:46:22.0 (7767428)|HEAP_ALLOCATE|[42]|Bytes:5
04:46:22.0 (7779721)|VARIABLE_ASSIGNMENT|[42]|patient|null|
04:46:22.0 (7783456)|STATEMENT_EXECUTE|[56]
04:46:22.0 (7786602)|HEAP_ALLOCATE|[56]|Bytes:14
04:46:22.0 (7844525)|HEAP_ALLOCATE|[56]|Bytes:142
04:46:22.0 (7859620)|HEAP_ALLOCATE|[56]|Bytes:156
04:46:22.0 (7869482)|USER_DEBUG|[56]|DEBUG|wrapperObj => PatientWrapper:[goal=5000.0, heartRate=68.0, height=5.3, id=a012800000SBlH6AAL, name=Bhagyashri, patient_Id=P00003, steps=1000.0, weight=52.0]
04:46:22.0 (7874728)|STATEMENT_EXECUTE|[57]
04:46:22.0 (7884591)|SYSTEM_MODE_EXIT|false
04:46:22.7 (7928937)|CUMULATIVE_LIMIT_USAGE
04:46:22.7 (7928937)|LIMIT_USAGE_FOR_NS|(default)|
  Number of SOQL queries: 1 out of 100
  Number of query rows: 1 out of 50000
  Number of SOSL queries: 0 out of 20
  Number of DML statements: 0 out of 150
  Number of DML rows: 0 out of 10000
  Maximum CPU time: 0 out of 10000
  Maximum heap size: 0 out of 6000000
  Number of callouts: 0 out of 100
  Number of Email Invocations: 0 out of 10
  Number of future calls: 0 out of 50
  Number of queueable jobs added to the queue: 0 out of 50
  Number of Mobile Apex push calls: 0 out of 10

04:46:22.7 (7928937)|CUMULATIVE_LIMIT_USAGE_END

04:46:22.0 (7973525)|CODE_UNIT_FINISHED|PatientWrapperController.getPatientsById
04:46:22.0 (12506964)|CODE_UNIT_STARTED|[EXTERNAL]|Aura
04:46:22.0 (12553928)|CODE_UNIT_FINISHED|Aura
