36.0 APEX_CODE,FINEST;APEX_PROFILING,INFO;CALLOUT,INFO;DB,INFO;SYSTEM,DEBUG;VALIDATION,INFO;VISUALFORCE,INFO;WORKFLOW,INFO
04:45:58.0 (65029)|EXECUTION_STARTED
04:45:58.0 (92414)|CODE_UNIT_STARTED|[EXTERNAL]|01p280000085nGQ|PatientWrapperController.sysncFitBitData
04:45:58.0 (258143)|HEAP_ALLOCATE|[72]|Bytes:3
04:45:58.0 (291556)|HEAP_ALLOCATE|[77]|Bytes:152
04:45:58.0 (312959)|HEAP_ALLOCATE|[342]|Bytes:408
04:45:58.0 (333535)|HEAP_ALLOCATE|[355]|Bytes:408
04:45:58.0 (351493)|HEAP_ALLOCATE|[467]|Bytes:48
04:45:58.0 (382292)|HEAP_ALLOCATE|[139]|Bytes:6
04:45:58.0 (447782)|HEAP_ALLOCATE|[EXTERNAL]|Bytes:7
04:45:58.0 (453813)|HEAP_ALLOCATE|[EXTERNAL]|Bytes:14
04:45:58.0 (467251)|METHOD_ENTRY|[1]|01p280000085nGQ|PatientWrapperController.PatientWrapperController()
04:45:58.0 (471584)|STATEMENT_EXECUTE|[1]
04:45:58.0 (476426)|STATEMENT_EXECUTE|[1]
04:45:58.0 (482299)|METHOD_EXIT|[1]|PatientWrapperController
04:45:58.0 (493840)|SYSTEM_MODE_ENTER|false
04:45:58.0 (505427)|STATEMENT_EXECUTE|[72]
04:45:58.0 (507108)|STATEMENT_EXECUTE|[74]
04:45:58.0 (510098)|HEAP_ALLOCATE|[74]|Bytes:157
04:45:58.0 (517420)|VARIABLE_SCOPE_BEGIN|[74]|query|String|false|false
04:45:58.0 (549218)|VARIABLE_ASSIGNMENT|[74]|query|"SELECT Patient_Id__c (137 more) ..."
04:45:58.0 (552214)|STATEMENT_EXECUTE|[76]
04:45:58.0 (586121)|HEAP_ALLOCATE|[50]|Bytes:5
04:45:58.0 (606214)|HEAP_ALLOCATE|[56]|Bytes:5
04:45:58.0 (614936)|HEAP_ALLOCATE|[64]|Bytes:7
04:45:58.0 (1068071)|SOQL_EXECUTE_BEGIN|[76]|Aggregations:0|SELECT Patient_Id__c, Full_Name__c, Gender__c, Steps_Completed__c, Goal__c, Height__c FROM Patient__c where Patient_Id__c = '4LR2VZ' ORDER BY createdDate ASC
04:45:58.0 (4402690)|SOQL_EXECUTE_END|[76]|Rows:1
04:45:58.0 (4416687)|HEAP_ALLOCATE|[76]|Bytes:8
04:45:58.0 (4434347)|HEAP_ALLOCATE|[76]|Bytes:250
04:45:58.0 (4526980)|HEAP_ALLOCATE|[76]|Bytes:8
04:45:58.0 (4547011)|VARIABLE_SCOPE_BEGIN|[76]|patientList|List<Patient__c>|true|false
04:45:58.0 (4584478)|VARIABLE_ASSIGNMENT|[76]|patientList|{"s":1,"v":[{"s":2,"v":{"Patient_Id__c":"4LR2VZ","Full_Name__c":"Purushottam","Gender__c":"Male","Steps_Completed__c":1000,"Goal__c":5000,"Height__c":5.00,"Id":"a012800000SBjJTAA1"}}]}|0x65c0288f
04:45:58.0 (4588939)|STATEMENT_EXECUTE|[77]
04:45:58.0 (4633410)|HEAP_ALLOCATE|[77]|Bytes:4
04:45:58.0 (4676514)|HEAP_ALLOCATE|[77]|Bytes:10
04:45:58.0 (4688242)|VARIABLE_SCOPE_BEGIN|[77]|todaysDate|String|false|false
04:45:58.0 (4696762)|VARIABLE_ASSIGNMENT|[77]|todaysDate|"2016-05-23"
04:45:58.0 (4699387)|STATEMENT_EXECUTE|[78]
04:45:58.0 (4702990)|HEAP_ALLOCATE|[78]|Bytes:9
04:45:58.0 (4749003)|HEAP_ALLOCATE|[78]|Bytes:10
04:45:58.0 (4764664)|VARIABLE_ASSIGNMENT|[78]|todaysDate|"2016-05-23"
04:45:58.0 (4767509)|STATEMENT_EXECUTE|[79]
04:45:58.0 (4772199)|HEAP_ALLOCATE|[79]|Bytes:4
04:45:58.0 (4841967)|VARIABLE_SCOPE_BEGIN|[79]|patientListToUpdate|List<Patient__c>|true|false
04:45:58.0 (4850105)|HEAP_ALLOCATE|[EXTERNAL]|Bytes:4
04:45:58.0 (4860144)|VARIABLE_ASSIGNMENT|[79]|patientListToUpdate|{"s":1,"v":[]}|0x24aada7c
04:45:58.0 (5019026)|HEAP_ALLOCATE|[80]|Bytes:5
04:45:58.0 (5057828)|HEAP_ALLOCATE|[80]|Bytes:32
04:45:58.0 (5067894)|VARIABLE_SCOPE_BEGIN|[80]|patient|Patient__c|true|false
04:45:58.0 (5087373)|VARIABLE_ASSIGNMENT|[80]|patient|{"s":1,"v":{"Patient_Id__c":"4LR2VZ","Full_Name__c":"Purushottam","Gender__c":"Male","Steps_Completed__c":1000,"Goal__c":5000,"Height__c":5.00,"Id":"a012800000SBjJTAA1"}}|0x4341190d
04:45:58.0 (5091357)|STATEMENT_EXECUTE|[80]
04:45:58.0 (5092707)|STATEMENT_EXECUTE|[81]
04:45:58.0 (5097604)|VARIABLE_SCOPE_BEGIN|[81]|stepsCompleted|Integer|false|false
04:45:58.0 (5101442)|HEAP_ALLOCATE|[81]|Bytes:4
04:45:58.0 (5106520)|VARIABLE_ASSIGNMENT|[81]|stepsCompleted|0
04:45:58.0 (5108463)|STATEMENT_EXECUTE|[82]
04:45:58.0 (7516879)|VARIABLE_SCOPE_BEGIN|[6]|FitForceUtility.ACTIVITY_API|String|false|true
04:45:58.0 (7524998)|VARIABLE_SCOPE_BEGIN|[3]|FitForceUtility.GET|String|false|true
04:45:58.0 (7529039)|VARIABLE_SCOPE_BEGIN|[4]|FitForceUtility.POST|String|false|true
04:45:58.0 (7532794)|VARIABLE_SCOPE_BEGIN|[5]|FitForceUtility.PROFILE_API|String|false|true
04:45:58.0 (7540449)|HEAP_ALLOCATE|[82]|Bytes:2
04:45:58.0 (7547780)|HEAP_ALLOCATE|[82]|Bytes:2
04:45:58.0 (7569524)|METHOD_ENTRY|[1]|01p280000085crs|FitForceUtility.FitForceUtility()
04:45:58.0 (7573407)|STATEMENT_EXECUTE|[1]
04:45:58.0 (7578001)|STATEMENT_EXECUTE|[1]
04:45:58.0 (7586705)|HEAP_ALLOCATE|[3]|Bytes:5
04:45:58.0 (7590241)|STATEMENT_EXECUTE|[3]
04:45:58.0 (7592771)|HEAP_ALLOCATE|[3]|Bytes:3
04:45:58.0 (7607093)|VARIABLE_ASSIGNMENT|[3]|FitForceUtility.GET|"GET"
04:45:58.0 (7609592)|STATEMENT_EXECUTE|[4]
04:45:58.0 (7611598)|HEAP_ALLOCATE|[4]|Bytes:4
04:45:58.0 (7619553)|VARIABLE_ASSIGNMENT|[4]|FitForceUtility.POST|"POST"
04:45:58.0 (7621600)|STATEMENT_EXECUTE|[5]
04:45:58.0 (7627788)|VARIABLE_ASSIGNMENT|[5]|FitForceUtility.PROFILE_API|""
04:45:58.0 (7629846)|STATEMENT_EXECUTE|[6]
04:45:58.0 (7637122)|VARIABLE_ASSIGNMENT|[6]|FitForceUtility.ACTIVITY_API|""
04:45:58.0 (7640674)|STATEMENT_EXECUTE|[7]
04:45:58.0 (7642426)|STATEMENT_EXECUTE|[8]
04:45:58.0 (7645214)|HEAP_ALLOCATE|[8]|Bytes:17
04:45:58.0 (7649147)|VARIABLE_SCOPE_BEGIN|[8]|BASE_URL|String|false|false
04:45:58.0 (7654983)|VARIABLE_ASSIGNMENT|[8]|BASE_URL|"callout:FitForce/"
04:45:58.0 (7656688)|STATEMENT_EXECUTE|[9]
04:45:58.0 (7658937)|HEAP_ALLOCATE|[9]|Bytes:21
04:45:58.0 (7668798)|HEAP_ALLOCATE|[9]|Bytes:38
04:45:58.0 (7680370)|VARIABLE_ASSIGNMENT|[9]|FitForceUtility.PROFILE_API|"callout:FitForce/1/u (18 more) ..."
04:45:58.0 (7683068)|STATEMENT_EXECUTE|[10]
04:45:58.0 (7685720)|HEAP_ALLOCATE|[10]|Bytes:35
04:45:58.0 (7690497)|HEAP_ALLOCATE|[10]|Bytes:52
04:45:58.0 (7699639)|VARIABLE_ASSIGNMENT|[10]|FitForceUtility.ACTIVITY_API|"callout:FitForce/1/u (32 more) ..."
04:45:58.0 (7712117)|METHOD_EXIT|[1]|FitForceUtility
04:45:58.0 (7718931)|HEAP_ALLOCATE|[82]|Bytes:5
04:45:58.0 (7758631)|HEAP_ALLOCATE|[82]|Bytes:57
04:45:58.0 (7771922)|VARIABLE_SCOPE_BEGIN|[82]|url|String|false|false
04:45:58.0 (7780914)|VARIABLE_ASSIGNMENT|[82]|url|"callout:FitForce/1/u (37 more) ..."
04:45:58.0 (7783552)|STATEMENT_EXECUTE|[83]
04:45:58.0 (7815557)|METHOD_ENTRY|[83]|01p280000085crs|FitForceUtility.doHTTPCallout(String, String)
04:45:58.0 (7837091)|VARIABLE_SCOPE_BEGIN|[13]|methodType|String|false|false
04:45:58.0 (7843920)|VARIABLE_ASSIGNMENT|[13]|methodType|"GET"
04:45:58.0 (7847029)|VARIABLE_SCOPE_BEGIN|[13]|url|String|false|false
04:45:58.0 (7851353)|VARIABLE_ASSIGNMENT|[13]|url|"callout:FitForce/1/u (37 more) ..."
04:45:58.0 (7859250)|HEAP_ALLOCATE|[14]|Bytes:5
04:45:58.0 (7862659)|STATEMENT_EXECUTE|[13]
04:45:58.0 (7864051)|STATEMENT_EXECUTE|[14]
04:45:58.0 (7866882)|VARIABLE_SCOPE_BEGIN|[14]|response|String|false|false
04:45:58.0 (7871011)|VARIABLE_ASSIGNMENT|[14]|response|""
04:45:58.0 (7923033)|STATEMENT_EXECUTE|[15]
04:45:58.0 (7925355)|STATEMENT_EXECUTE|[18]
04:45:58.0 (7954405)|VARIABLE_SCOPE_BEGIN|[18]|httpRequest|System.HttpRequest|true|false
04:45:58.0 (8103391)|VARIABLE_ASSIGNMENT|[18]|httpRequest|"System.HttpRequest[Endpoint=null, Method=null]"|0x6a702702
04:45:58.0 (8109410)|STATEMENT_EXECUTE|[19]
04:45:58.0 (8127547)|VARIABLE_SCOPE_BEGIN|[19]|http|System.Http|true|false
04:45:58.0 (8184619)|VARIABLE_ASSIGNMENT|[19]|http|"System.Http[]"|0x9a20f95
04:45:58.0 (8189023)|STATEMENT_EXECUTE|[20]
04:45:58.0 (8243962)|STATEMENT_EXECUTE|[21]
04:45:58.0 (8268935)|STATEMENT_EXECUTE|[22]
04:45:58.0 (8331939)|CALLOUT_REQUEST|[22]|System.HttpRequest[Endpoint=callout:FitForce/1/user/-/activities/date/2016-05-23.json, Method=GET]
04:45:58.0 (350263003)|HEAP_ALLOCATE|[EXTERNAL]|Bytes:970
04:45:58.0 (350348163)|CALLOUT_RESPONSE|[22]|System.HttpResponse[Status=OK, StatusCode=200]
04:45:58.0 (350370418)|HEAP_ALLOCATE|[22]|Bytes:614
04:45:58.0 (350400048)|VARIABLE_SCOPE_BEGIN|[22]|httpResponse|System.HttpResponse|true|false
04:45:58.0 (350491379)|VARIABLE_ASSIGNMENT|[22]|httpResponse|"System.HttpResponse[Status=OK, StatusCode=200]"|0x48be053e
04:45:58.0 (350497985)|STATEMENT_EXECUTE|[23]
04:45:58.0 (350602165)|HEAP_ALLOCATE|[23]|Bytes:608
04:45:58.0 (350628249)|VARIABLE_ASSIGNMENT|[23]|response|"{\"activities\":[],\"go (588 more) ..."
04:45:58.0 (350632207)|STATEMENT_EXECUTE|[24]
04:45:58.0 (350637240)|HEAP_ALLOCATE|[24]|Bytes:17
04:45:58.0 (350654232)|HEAP_ALLOCATE|[24]|Bytes:625
04:45:58.0 (350703339)|USER_DEBUG|[24]|DEBUG|Server Response :{"activities":[],"goals":{"activeMinutes":30,"caloriesOut":2655,"distance":8.05,"steps":10000},"summary":{"activeScore":-1,"activityCalories":0,"caloriesBMR":1089,"caloriesOut":1089,"distances":[{"activity":"total","distance":0},{"activity":"tracker","distance":0},{"activity":"loggedActivities","distance":0},{"activity":"veryActive","distance":0},{"activity":"moderatelyActive","distance":0},{"activity":"lightlyActive","distance":0},{"activity":"sedentaryActive","distance":0}],"fairlyActiveMinutes":0,"lightlyActiveMinutes":0,"marginalCalories":0,"sedentaryMinutes":1035,"steps":0,"veryActiveMinutes":0}}
04:45:58.0 (350714818)|STATEMENT_EXECUTE|[25]
04:45:58.0 (350734235)|METHOD_EXIT|[83]|01p280000085crs|FitForceUtility.doHTTPCallout(String, String)
04:45:58.0 (350740819)|VARIABLE_SCOPE_BEGIN|[83]|activityJson|String|false|false
04:45:58.0 (350750488)|VARIABLE_ASSIGNMENT|[83]|activityJson|"{\"activities\":[],\"go (588 more) ..."
04:45:58.0 (350752632)|STATEMENT_EXECUTE|[84]
04:45:58.0 (350756222)|HEAP_ALLOCATE|[84]|Bytes:15
04:45:58.0 (350841783)|HEAP_ALLOCATE|[84]|Bytes:24
04:45:58.0 (350867405)|SYSTEM_METHOD_ENTRY|[1]|Type.Type()
04:45:58.0 (350871703)|STATEMENT_EXECUTE|[1]
04:45:58.0 (350885074)|SYSTEM_METHOD_EXIT|[1]|Type
04:45:58.0 (350902494)|METHOD_ENTRY|[84]||System.Type.forName(String)
04:45:58.0 (353640044)|METHOD_EXIT|[84]||System.Type.forName(String)
04:45:58.0 (353688695)|HEAP_ALLOCATE|[84]|Bytes:18
04:45:58.0 (353703828)|SYSTEM_METHOD_ENTRY|[1]|JSON.JSON()
04:45:58.0 (353706946)|STATEMENT_EXECUTE|[1]
04:45:58.0 (353715819)|SYSTEM_METHOD_EXIT|[1]|JSON
04:45:58.0 (353729448)|METHOD_ENTRY|[84]||System.JSON.deserialize(String, System.Type)
04:45:58.0 (353907681)|STATEMENT_EXECUTE|[1]
04:45:58.0 (353910417)|STATEMENT_EXECUTE|[4]
04:45:58.0 (353911578)|STATEMENT_EXECUTE|[21]
04:45:58.0 (353912861)|STATEMENT_EXECUTE|[34]
04:45:58.0 (355573062)|METHOD_EXIT|[84]||System.JSON.deserialize(String, System.Type)
04:45:58.0 (355587842)|VARIABLE_SCOPE_BEGIN|[84]|activityWrapper|ActivityWrapper|true|false
04:45:58.0 (355639984)|VARIABLE_ASSIGNMENT|[84]|activityWrapper|{"activities":"0x75285575","summary":"0x6e951583"}|0x3c23c9d2
04:45:58.0 (355644471)|STATEMENT_EXECUTE|[85]
04:45:58.0 (355649452)|HEAP_ALLOCATE|[85]|Bytes:17
04:45:58.0 (355806334)|HEAP_ALLOCATE|[85]|Bytes:594
04:45:58.0 (355830608)|HEAP_ALLOCATE|[85]|Bytes:611
04:45:58.0 (355848102)|USER_DEBUG|[85]|DEBUG|activityWrapper :ActivityWrapper:[activities=(), summary=Summary:[activeScore=-1, activityCalories=0, caloriesBMR=1089, caloriesOut=1089, distances=(Distances:[activity=total, distance=0.0], Distances:[activity=tracker, distance=0.0], Distances:[activity=loggedActivities, distance=0.0], Distances:[activity=veryActive, distance=0.0], Distances:[activity=moderatelyActive, distance=0.0], Distances:[activity=lightlyActive, distance=0.0], Distances:[activity=sedentaryActive, distance=0.0]), fairlyActiveMinutes=0, lightlyActiveMinutes=0, marginalCalories=0, sedentaryMinutes=1035, steps=0, veryActiveMinutes=0]]
04:45:58.0 (355990248)|HEAP_ALLOCATE|[86]|Bytes:5
04:45:58.0 (356010611)|VARIABLE_ASSIGNMENT|[86]|act|null|
04:45:58.0 (356015921)|STATEMENT_EXECUTE|[86]
04:45:58.0 (356027882)|HEAP_ALLOCATE|[80]|Bytes:5
04:45:58.0 (356040747)|VARIABLE_ASSIGNMENT|[80]|patient|null|
04:45:58.0 (356044133)|STATEMENT_EXECUTE|[94]
04:45:58.0 (356153272)|HEAP_ALLOCATE|[EXTERNAL]|Bytes:4
04:45:58.0 (356163210)|STATEMENT_EXECUTE|[95]
04:45:58.0 (356167130)|HEAP_ALLOCATE|[95]|Bytes:14
04:45:58.0 (356205450)|HEAP_ALLOCATE|[95]|Bytes:2
04:45:58.0 (356218484)|HEAP_ALLOCATE|[95]|Bytes:16
04:45:58.0 (356227934)|USER_DEBUG|[95]|DEBUG|Updated List :()
04:45:58.0 (356232801)|STATEMENT_EXECUTE|[98]
04:45:58.0 (356252548)|HEAP_ALLOCATE|[98]|Bytes:4
04:45:58.0 (356302570)|VARIABLE_SCOPE_BEGIN|[98]|wcList|List<PatientWrapper>|true|false
04:45:58.0 (356313767)|HEAP_ALLOCATE|[EXTERNAL]|Bytes:4
04:45:58.0 (356328567)|VARIABLE_ASSIGNMENT|[98]|wcList|{"s":1,"v":[]}|0x73374339
04:45:58.0 (356358993)|STATEMENT_EXECUTE|[99]
04:45:58.0 (356361025)|STATEMENT_EXECUTE|[114]
04:45:58.0 (356373854)|SYSTEM_MODE_EXIT|false
04:45:58.358 (358402908)|CUMULATIVE_LIMIT_USAGE
04:45:58.358 (358402908)|LIMIT_USAGE_FOR_NS|(default)|
  Number of SOQL queries: 1 out of 100
  Number of query rows: 1 out of 50000
  Number of SOSL queries: 0 out of 20
  Number of DML statements: 0 out of 150
  Number of DML rows: 0 out of 10000
  Maximum CPU time: 0 out of 10000
  Maximum heap size: 0 out of 6000000
  Number of callouts: 1 out of 100
  Number of Email Invocations: 0 out of 10
  Number of future calls: 0 out of 50
  Number of queueable jobs added to the queue: 0 out of 50
  Number of Mobile Apex push calls: 0 out of 10

04:45:58.358 (358402908)|CUMULATIVE_LIMIT_USAGE_END

04:45:58.0 (358451227)|CODE_UNIT_FINISHED|PatientWrapperController.sysncFitBitData
04:45:58.0 (359763003)|EXECUTION_FINISHED
