36.0 APEX_CODE,FINEST;APEX_PROFILING,INFO;CALLOUT,INFO;DB,INFO;SYSTEM,DEBUG;VALIDATION,INFO;VISUALFORCE,INFO;WORKFLOW,INFO
04:58:44.0 (532045)|EXECUTION_STARTED
04:58:44.0 (563421)|CODE_UNIT_STARTED|[EXTERNAL]|01p280000085nGQ|PatientWrapperController.sysncFitBitData
04:58:44.0 (1631722)|HEAP_ALLOCATE|[72]|Bytes:3
04:58:44.0 (1693234)|HEAP_ALLOCATE|[77]|Bytes:152
04:58:44.0 (1724517)|HEAP_ALLOCATE|[342]|Bytes:408
04:58:44.0 (1757943)|HEAP_ALLOCATE|[355]|Bytes:408
04:58:44.0 (1790489)|HEAP_ALLOCATE|[467]|Bytes:48
04:58:44.0 (1872755)|HEAP_ALLOCATE|[139]|Bytes:6
04:58:44.0 (1896718)|HEAP_ALLOCATE|[EXTERNAL]|Bytes:7
04:58:44.0 (1900880)|HEAP_ALLOCATE|[EXTERNAL]|Bytes:14
04:58:44.0 (1914559)|METHOD_ENTRY|[1]|01p280000085nGQ|PatientWrapperController.PatientWrapperController()
04:58:44.0 (1918882)|STATEMENT_EXECUTE|[1]
04:58:44.0 (1923934)|STATEMENT_EXECUTE|[1]
04:58:44.0 (1929959)|METHOD_EXIT|[1]|PatientWrapperController
04:58:44.0 (1942441)|SYSTEM_MODE_ENTER|false
04:58:44.0 (1955478)|STATEMENT_EXECUTE|[72]
04:58:44.0 (1957187)|STATEMENT_EXECUTE|[74]
04:58:44.0 (1960519)|HEAP_ALLOCATE|[74]|Bytes:157
04:58:44.0 (1968849)|VARIABLE_SCOPE_BEGIN|[74]|query|String|false|false
04:58:44.0 (2005573)|VARIABLE_ASSIGNMENT|[74]|query|"SELECT Patient_Id__c (137 more) ..."
04:58:44.0 (2009478)|STATEMENT_EXECUTE|[76]
04:58:44.0 (2040123)|HEAP_ALLOCATE|[50]|Bytes:5
04:58:44.0 (2059632)|HEAP_ALLOCATE|[56]|Bytes:5
04:58:44.0 (2067838)|HEAP_ALLOCATE|[64]|Bytes:7
04:58:44.0 (3714276)|SOQL_EXECUTE_BEGIN|[76]|Aggregations:0|SELECT Patient_Id__c, Full_Name__c, Gender__c, Steps_Completed__c, Goal__c, Height__c FROM Patient__c where Patient_Id__c = '4LR2VZ' ORDER BY createdDate ASC
04:58:44.0 (7793257)|SOQL_EXECUTE_END|[76]|Rows:1
04:58:44.0 (7808981)|HEAP_ALLOCATE|[76]|Bytes:8
04:58:44.0 (7826663)|HEAP_ALLOCATE|[76]|Bytes:250
04:58:44.0 (7894406)|HEAP_ALLOCATE|[76]|Bytes:8
04:58:44.0 (7934275)|VARIABLE_SCOPE_BEGIN|[76]|patientList|List<Patient__c>|true|false
04:58:44.0 (8009330)|VARIABLE_ASSIGNMENT|[76]|patientList|{"s":1,"v":[{"s":2,"v":{"Patient_Id__c":"4LR2VZ","Full_Name__c":"Purushottam","Gender__c":"Male","Steps_Completed__c":1000,"Goal__c":5000,"Height__c":5.00,"Id":"a012800000SBjJTAA1"}}]}|0x493c597e
04:58:44.0 (8017655)|STATEMENT_EXECUTE|[77]
04:58:44.0 (8087315)|HEAP_ALLOCATE|[77]|Bytes:4
04:58:44.0 (8153639)|HEAP_ALLOCATE|[77]|Bytes:10
04:58:44.0 (8174533)|VARIABLE_SCOPE_BEGIN|[77]|todaysDate|String|false|false
04:58:44.0 (8187632)|VARIABLE_ASSIGNMENT|[77]|todaysDate|"2016-05-23"
04:58:44.0 (8191954)|STATEMENT_EXECUTE|[78]
04:58:44.0 (8197949)|HEAP_ALLOCATE|[78]|Bytes:9
04:58:44.0 (8271645)|HEAP_ALLOCATE|[78]|Bytes:10
04:58:44.0 (8297580)|VARIABLE_ASSIGNMENT|[78]|todaysDate|"2016-05-23"
04:58:44.0 (8302314)|STATEMENT_EXECUTE|[79]
04:58:44.0 (8310516)|HEAP_ALLOCATE|[79]|Bytes:4
04:58:44.0 (8413149)|VARIABLE_SCOPE_BEGIN|[79]|patientListToUpdate|List<Patient__c>|true|false
04:58:44.0 (8424269)|HEAP_ALLOCATE|[EXTERNAL]|Bytes:4
04:58:44.0 (8439883)|VARIABLE_ASSIGNMENT|[79]|patientListToUpdate|{"s":1,"v":[]}|0x53bb3ccc
04:58:44.0 (8657088)|HEAP_ALLOCATE|[80]|Bytes:5
04:58:44.0 (8720255)|HEAP_ALLOCATE|[80]|Bytes:32
04:58:44.0 (8739087)|VARIABLE_SCOPE_BEGIN|[80]|patient|Patient__c|true|false
04:58:44.0 (8765648)|VARIABLE_ASSIGNMENT|[80]|patient|{"s":1,"v":{"Patient_Id__c":"4LR2VZ","Full_Name__c":"Purushottam","Gender__c":"Male","Steps_Completed__c":1000,"Goal__c":5000,"Height__c":5.00,"Id":"a012800000SBjJTAA1"}}|0x64fc8fee
04:58:44.0 (8771206)|STATEMENT_EXECUTE|[80]
04:58:44.0 (8773453)|STATEMENT_EXECUTE|[81]
04:58:44.0 (8781286)|VARIABLE_SCOPE_BEGIN|[81]|stepsCompleted|Integer|false|false
04:58:44.0 (8786871)|HEAP_ALLOCATE|[81]|Bytes:4
04:58:44.0 (8794434)|VARIABLE_ASSIGNMENT|[81]|stepsCompleted|0
04:58:44.0 (8797432)|STATEMENT_EXECUTE|[82]
04:58:44.0 (12047758)|VARIABLE_SCOPE_BEGIN|[6]|FitForceUtility.ACTIVITY_API|String|false|true
04:58:44.0 (12066801)|VARIABLE_SCOPE_BEGIN|[3]|FitForceUtility.GET|String|false|true
04:58:44.0 (12079235)|VARIABLE_SCOPE_BEGIN|[4]|FitForceUtility.POST|String|false|true
04:58:44.0 (12091713)|VARIABLE_SCOPE_BEGIN|[5]|FitForceUtility.PROFILE_API|String|false|true
04:58:44.0 (12110030)|HEAP_ALLOCATE|[82]|Bytes:2
04:58:44.0 (12121073)|HEAP_ALLOCATE|[82]|Bytes:2
04:58:44.0 (12154976)|METHOD_ENTRY|[1]|01p280000085crs|FitForceUtility.FitForceUtility()
04:58:44.0 (12160874)|STATEMENT_EXECUTE|[1]
04:58:44.0 (12167830)|STATEMENT_EXECUTE|[1]
04:58:44.0 (12180360)|HEAP_ALLOCATE|[3]|Bytes:5
04:58:44.0 (12186776)|STATEMENT_EXECUTE|[3]
04:58:44.0 (12191166)|HEAP_ALLOCATE|[3]|Bytes:3
04:58:44.0 (12214311)|VARIABLE_ASSIGNMENT|[3]|FitForceUtility.GET|"GET"
04:58:44.0 (12219242)|STATEMENT_EXECUTE|[4]
04:58:44.0 (12223234)|HEAP_ALLOCATE|[4]|Bytes:4
04:58:44.0 (12240480)|VARIABLE_ASSIGNMENT|[4]|FitForceUtility.POST|"POST"
04:58:44.0 (12244572)|STATEMENT_EXECUTE|[5]
04:58:44.0 (12258550)|VARIABLE_ASSIGNMENT|[5]|FitForceUtility.PROFILE_API|""
04:58:44.0 (12262939)|STATEMENT_EXECUTE|[6]
04:58:44.0 (12276042)|VARIABLE_ASSIGNMENT|[6]|FitForceUtility.ACTIVITY_API|""
04:58:44.0 (12279811)|STATEMENT_EXECUTE|[7]
04:58:44.0 (12282077)|STATEMENT_EXECUTE|[8]
04:58:44.0 (12286681)|HEAP_ALLOCATE|[8]|Bytes:17
04:58:44.0 (12294299)|VARIABLE_SCOPE_BEGIN|[8]|BASE_URL|String|false|false
04:58:44.0 (12305622)|VARIABLE_ASSIGNMENT|[8]|BASE_URL|"callout:FitForce/"
04:58:44.0 (12309271)|STATEMENT_EXECUTE|[9]
04:58:44.0 (12313763)|HEAP_ALLOCATE|[9]|Bytes:21
04:58:44.0 (12330560)|HEAP_ALLOCATE|[9]|Bytes:38
04:58:44.0 (12352060)|VARIABLE_ASSIGNMENT|[9]|FitForceUtility.PROFILE_API|"callout:FitForce/1/u (18 more) ..."
04:58:44.0 (12357415)|STATEMENT_EXECUTE|[10]
04:58:44.0 (12362073)|HEAP_ALLOCATE|[10]|Bytes:35
04:58:44.0 (12372821)|HEAP_ALLOCATE|[10]|Bytes:52
04:58:44.0 (12391107)|VARIABLE_ASSIGNMENT|[10]|FitForceUtility.ACTIVITY_API|"callout:FitForce/1/u (32 more) ..."
04:58:44.0 (12416481)|METHOD_EXIT|[1]|FitForceUtility
04:58:44.0 (12445561)|HEAP_ALLOCATE|[82]|Bytes:5
04:58:44.0 (12544985)|HEAP_ALLOCATE|[82]|Bytes:57
04:58:44.0 (12568469)|VARIABLE_SCOPE_BEGIN|[82]|url|String|false|false
04:58:44.0 (12582398)|VARIABLE_ASSIGNMENT|[82]|url|"callout:FitForce/1/u (37 more) ..."
04:58:44.0 (12587686)|STATEMENT_EXECUTE|[83]
04:58:44.0 (12636732)|METHOD_ENTRY|[83]|01p280000085crs|FitForceUtility.doHTTPCallout(String, String)
04:58:44.0 (12672461)|VARIABLE_SCOPE_BEGIN|[13]|methodType|String|false|false
04:58:44.0 (12682621)|VARIABLE_ASSIGNMENT|[13]|methodType|"GET"
04:58:44.0 (12689339)|VARIABLE_SCOPE_BEGIN|[13]|url|String|false|false
04:58:44.0 (12697778)|VARIABLE_ASSIGNMENT|[13]|url|"callout:FitForce/1/u (37 more) ..."
04:58:44.0 (12709427)|HEAP_ALLOCATE|[14]|Bytes:5
04:58:44.0 (12715541)|STATEMENT_EXECUTE|[13]
04:58:44.0 (12717833)|STATEMENT_EXECUTE|[14]
04:58:44.0 (12723366)|VARIABLE_SCOPE_BEGIN|[14]|response|String|false|false
04:58:44.0 (12732771)|VARIABLE_ASSIGNMENT|[14]|response|""
04:58:44.0 (12812730)|STATEMENT_EXECUTE|[15]
04:58:44.0 (12816312)|STATEMENT_EXECUTE|[18]
04:58:44.0 (12858590)|VARIABLE_SCOPE_BEGIN|[18]|httpRequest|System.HttpRequest|true|false
04:58:44.0 (13057772)|VARIABLE_ASSIGNMENT|[18]|httpRequest|"System.HttpRequest[Endpoint=null, Method=null]"|0x58950b56
04:58:44.0 (13065699)|STATEMENT_EXECUTE|[19]
04:58:44.0 (13093279)|VARIABLE_SCOPE_BEGIN|[19]|http|System.Http|true|false
04:58:44.0 (13171279)|VARIABLE_ASSIGNMENT|[19]|http|"System.Http[]"|0x3694681d
04:58:44.0 (13177053)|STATEMENT_EXECUTE|[20]
04:58:44.0 (13255034)|STATEMENT_EXECUTE|[21]
04:58:44.0 (13302504)|STATEMENT_EXECUTE|[22]
04:58:44.0 (13414220)|CALLOUT_REQUEST|[22]|System.HttpRequest[Endpoint=callout:FitForce/1/user/-/activities/date/2016-05-23.json, Method=GET]
04:58:44.0 (305749719)|HEAP_ALLOCATE|[EXTERNAL]|Bytes:969
04:58:44.0 (305847076)|CALLOUT_RESPONSE|[22]|System.HttpResponse[Status=OK, StatusCode=200]
04:58:44.0 (305871049)|HEAP_ALLOCATE|[22]|Bytes:614
04:58:44.0 (305902547)|VARIABLE_SCOPE_BEGIN|[22]|httpResponse|System.HttpResponse|true|false
04:58:44.0 (306016003)|VARIABLE_ASSIGNMENT|[22]|httpResponse|"System.HttpResponse[Status=OK, StatusCode=200]"|0x45791c2d
04:58:44.0 (306024607)|STATEMENT_EXECUTE|[23]
04:58:44.0 (306153072)|HEAP_ALLOCATE|[23]|Bytes:608
04:58:44.0 (306180908)|VARIABLE_ASSIGNMENT|[23]|response|"{\"activities\":[],\"go (588 more) ..."
04:58:44.0 (306186284)|STATEMENT_EXECUTE|[24]
04:58:44.0 (306192451)|HEAP_ALLOCATE|[24]|Bytes:17
04:58:44.0 (306205907)|HEAP_ALLOCATE|[24]|Bytes:625
04:58:44.0 (306257724)|USER_DEBUG|[24]|DEBUG|Server Response :{"activities":[],"goals":{"activeMinutes":30,"caloriesOut":2655,"distance":8.05,"steps":10000},"summary":{"activeScore":-1,"activityCalories":0,"caloriesBMR":1102,"caloriesOut":1102,"distances":[{"activity":"total","distance":0},{"activity":"tracker","distance":0},{"activity":"loggedActivities","distance":0},{"activity":"veryActive","distance":0},{"activity":"moderatelyActive","distance":0},{"activity":"lightlyActive","distance":0},{"activity":"sedentaryActive","distance":0}],"fairlyActiveMinutes":0,"lightlyActiveMinutes":0,"marginalCalories":0,"sedentaryMinutes":1048,"steps":0,"veryActiveMinutes":0}}
04:58:44.0 (306274645)|STATEMENT_EXECUTE|[25]
04:58:44.0 (306296276)|METHOD_EXIT|[83]|01p280000085crs|FitForceUtility.doHTTPCallout(String, String)
04:58:44.0 (306307180)|VARIABLE_SCOPE_BEGIN|[83]|activityJson|String|false|false
04:58:44.0 (306322635)|VARIABLE_ASSIGNMENT|[83]|activityJson|"{\"activities\":[],\"go (588 more) ..."
04:58:44.0 (306327314)|STATEMENT_EXECUTE|[84]
04:58:44.0 (306333567)|HEAP_ALLOCATE|[84]|Bytes:15
04:58:44.0 (306387602)|HEAP_ALLOCATE|[84]|Bytes:24
04:58:44.0 (306412257)|SYSTEM_METHOD_ENTRY|[1]|Type.Type()
04:58:44.0 (306417616)|STATEMENT_EXECUTE|[1]
04:58:44.0 (306441624)|SYSTEM_METHOD_EXIT|[1]|Type
04:58:44.0 (306465416)|METHOD_ENTRY|[84]||System.Type.forName(String)
04:58:44.0 (309060846)|METHOD_EXIT|[84]||System.Type.forName(String)
04:58:44.0 (309110218)|HEAP_ALLOCATE|[84]|Bytes:18
04:58:44.0 (309128297)|SYSTEM_METHOD_ENTRY|[1]|JSON.JSON()
04:58:44.0 (309132460)|STATEMENT_EXECUTE|[1]
04:58:44.0 (309146636)|SYSTEM_METHOD_EXIT|[1]|JSON
04:58:44.0 (309164155)|METHOD_ENTRY|[84]||System.JSON.deserialize(String, System.Type)
04:58:44.0 (309375904)|STATEMENT_EXECUTE|[1]
04:58:44.0 (309379807)|STATEMENT_EXECUTE|[4]
04:58:44.0 (309381526)|STATEMENT_EXECUTE|[21]
04:58:44.0 (309383473)|STATEMENT_EXECUTE|[34]
04:58:44.0 (311283656)|METHOD_EXIT|[84]||System.JSON.deserialize(String, System.Type)
04:58:44.0 (311295233)|VARIABLE_SCOPE_BEGIN|[84]|activityWrapper|ActivityWrapper|true|false
04:58:44.0 (311329247)|VARIABLE_ASSIGNMENT|[84]|activityWrapper|{"activities":"0x4e954d30","summary":"0x141ba5af"}|0x6c655cdf
04:58:44.0 (311333235)|STATEMENT_EXECUTE|[85]
04:58:44.0 (311337078)|HEAP_ALLOCATE|[85]|Bytes:17
04:58:44.0 (311490494)|HEAP_ALLOCATE|[85]|Bytes:594
04:58:44.0 (311508688)|HEAP_ALLOCATE|[85]|Bytes:611
04:58:44.0 (311520569)|USER_DEBUG|[85]|DEBUG|activityWrapper :ActivityWrapper:[activities=(), summary=Summary:[activeScore=-1, activityCalories=0, caloriesBMR=1102, caloriesOut=1102, distances=(Distances:[activity=total, distance=0.0], Distances:[activity=tracker, distance=0.0], Distances:[activity=loggedActivities, distance=0.0], Distances:[activity=veryActive, distance=0.0], Distances:[activity=moderatelyActive, distance=0.0], Distances:[activity=lightlyActive, distance=0.0], Distances:[activity=sedentaryActive, distance=0.0]), fairlyActiveMinutes=0, lightlyActiveMinutes=0, marginalCalories=0, sedentaryMinutes=1048, steps=0, veryActiveMinutes=0]]
04:58:44.0 (311661150)|HEAP_ALLOCATE|[86]|Bytes:5
04:58:44.0 (311679654)|VARIABLE_ASSIGNMENT|[86]|act|null|
04:58:44.0 (311683703)|STATEMENT_EXECUTE|[86]
04:58:44.0 (311695004)|HEAP_ALLOCATE|[80]|Bytes:5
04:58:44.0 (311706378)|VARIABLE_ASSIGNMENT|[80]|patient|null|
04:58:44.0 (311709345)|STATEMENT_EXECUTE|[94]
04:58:44.0 (311807467)|HEAP_ALLOCATE|[EXTERNAL]|Bytes:4
04:58:44.0 (311817378)|STATEMENT_EXECUTE|[95]
04:58:44.0 (311821800)|HEAP_ALLOCATE|[95]|Bytes:14
04:58:44.0 (311856975)|HEAP_ALLOCATE|[95]|Bytes:2
04:58:44.0 (311869975)|HEAP_ALLOCATE|[95]|Bytes:16
04:58:44.0 (311879889)|USER_DEBUG|[95]|DEBUG|Updated List :()
04:58:44.0 (311884904)|STATEMENT_EXECUTE|[98]
04:58:44.0 (311890242)|HEAP_ALLOCATE|[98]|Bytes:4
04:58:44.0 (311928943)|VARIABLE_SCOPE_BEGIN|[98]|wcList|List<PatientWrapper>|true|false
04:58:44.0 (311940020)|HEAP_ALLOCATE|[EXTERNAL]|Bytes:4
04:58:44.0 (311956088)|VARIABLE_ASSIGNMENT|[98]|wcList|{"s":1,"v":[]}|0x7f90ff86
04:58:44.0 (311985211)|STATEMENT_EXECUTE|[99]
04:58:44.0 (311987262)|STATEMENT_EXECUTE|[114]
04:58:44.0 (312000070)|SYSTEM_MODE_EXIT|false
04:58:44.314 (314089206)|CUMULATIVE_LIMIT_USAGE
04:58:44.314 (314089206)|LIMIT_USAGE_FOR_NS|(default)|
  Number of SOQL queries: 1 out of 100
  Number of query rows: 1 out of 50000
  Number of SOSL queries: 0 out of 20
  Number of DML statements: 0 out of 150
  Number of DML rows: 0 out of 10000
  Maximum CPU time: 0 out of 10000
  Maximum heap size: 0 out of 6000000
  Number of callouts: 1 out of 100
  Number of Email Invocations: 0 out of 10
  Number of future calls: 0 out of 50
  Number of queueable jobs added to the queue: 0 out of 50
  Number of Mobile Apex push calls: 0 out of 10

04:58:44.314 (314089206)|CUMULATIVE_LIMIT_USAGE_END

04:58:44.0 (314145881)|CODE_UNIT_FINISHED|PatientWrapperController.sysncFitBitData
04:58:44.0 (315279142)|EXECUTION_FINISHED
