36.0 APEX_CODE,FINEST;APEX_PROFILING,INFO;CALLOUT,INFO;DB,INFO;SYSTEM,DEBUG;VALIDATION,INFO;VISUALFORCE,INFO;WORKFLOW,INFO
06:45:50.0 (76647)|EXECUTION_STARTED
06:45:50.0 (109286)|CODE_UNIT_STARTED|[EXTERNAL]|01p280000085nGQ|PatientWrapperController.getPatientsById
06:45:50.0 (407204)|HEAP_ALLOCATE|[72]|Bytes:3
06:45:50.0 (446059)|HEAP_ALLOCATE|[77]|Bytes:152
06:45:50.0 (464649)|HEAP_ALLOCATE|[342]|Bytes:408
06:45:50.0 (486604)|HEAP_ALLOCATE|[355]|Bytes:408
06:45:50.0 (506633)|HEAP_ALLOCATE|[467]|Bytes:48
06:45:50.0 (535301)|HEAP_ALLOCATE|[139]|Bytes:6
06:45:50.0 (552679)|HEAP_ALLOCATE|[EXTERNAL]|Bytes:7
06:45:50.0 (556497)|HEAP_ALLOCATE|[EXTERNAL]|Bytes:14
06:45:50.0 (571499)|METHOD_ENTRY|[1]|01p280000085nGQ|PatientWrapperController.PatientWrapperController()
06:45:50.0 (576007)|STATEMENT_EXECUTE|[1]
06:45:50.0 (581728)|STATEMENT_EXECUTE|[1]
06:45:50.0 (587904)|METHOD_EXIT|[1]|PatientWrapperController
06:45:50.0 (600736)|SYSTEM_MODE_ENTER|false
06:45:50.0 (612561)|VARIABLE_SCOPE_BEGIN|[36]|patientId|String|false|false
06:45:50.0 (637189)|VARIABLE_ASSIGNMENT|[36]|patientId|null
06:45:50.0 (650073)|STATEMENT_EXECUTE|[36]
06:45:50.0 (651656)|STATEMENT_EXECUTE|[38]
06:45:50.0 (655675)|HEAP_ALLOCATE|[38]|Bytes:185
06:45:50.0 (661333)|VARIABLE_SCOPE_BEGIN|[38]|query|String|false|false
06:45:50.0 (673376)|VARIABLE_ASSIGNMENT|[38]|query|"SELECT Patient_Id__c (165 more) ..."
06:45:50.0 (675674)|STATEMENT_EXECUTE|[39]
06:45:50.0 (711770)|HEAP_ALLOCATE|[50]|Bytes:5
06:45:50.0 (737215)|HEAP_ALLOCATE|[56]|Bytes:5
06:45:50.0 (746149)|HEAP_ALLOCATE|[64]|Bytes:7
06:45:50.0 (1244217)|SOQL_EXECUTE_BEGIN|[39]|Aggregations:0|SELECT Patient_Id__c, Full_Name__c, Gender__c, Steps_Completed__c, Goal__c, Height__c, Heart_Rate__c, Weight__c FROM Patient__c where Patient_Id__c = :patientId ORDER BY createdDate ASC
06:45:50.0 (4269001)|SOQL_EXECUTE_END|[39]|Rows:0
06:45:50.0 (4283538)|HEAP_ALLOCATE|[39]|Bytes:4
06:45:50.0 (4291938)|HEAP_ALLOCATE|[39]|Bytes:0
06:45:50.0 (4400217)|HEAP_ALLOCATE|[39]|Bytes:4
06:45:50.0 (4418855)|VARIABLE_SCOPE_BEGIN|[39]|patientList|List<Patient__c>|true|false
06:45:50.0 (4440579)|VARIABLE_ASSIGNMENT|[39]|patientList|{"s":1,"v":[]}|0x5775cb9f
06:45:50.0 (4444212)|STATEMENT_EXECUTE|[40]
06:45:50.0 (4447544)|VARIABLE_SCOPE_BEGIN|[40]|wrapperObj|PatientWrapper|true|false
06:45:50.0 (4452568)|VARIABLE_ASSIGNMENT|[40]|wrapperObj|null|
06:45:50.0 (4454499)|STATEMENT_EXECUTE|[41]
06:45:50.0 (4458327)|HEAP_ALLOCATE|[41]|Bytes:15
06:45:50.0 (4512364)|HEAP_ALLOCATE|[41]|Bytes:2
06:45:50.0 (4529366)|HEAP_ALLOCATE|[41]|Bytes:17
06:45:50.0 (4547456)|USER_DEBUG|[41]|DEBUG|patientList => ()
06:45:50.0 (4988191)|HEAP_ALLOCATE|[42]|Bytes:5
06:45:50.0 (5024536)|VARIABLE_ASSIGNMENT|[42]|patient|null|
06:45:50.0 (5031821)|STATEMENT_EXECUTE|[42]
06:45:50.0 (5035341)|STATEMENT_EXECUTE|[56]
06:45:50.0 (5040264)|HEAP_ALLOCATE|[56]|Bytes:14
06:45:50.0 (5097581)|HEAP_ALLOCATE|[56]|Bytes:18
06:45:50.0 (5113355)|USER_DEBUG|[56]|DEBUG|wrapperObj => null
06:45:50.0 (5121672)|STATEMENT_EXECUTE|[57]
06:45:50.0 (5133355)|SYSTEM_MODE_EXIT|false
06:45:50.5 (5179502)|CUMULATIVE_LIMIT_USAGE
06:45:50.5 (5179502)|LIMIT_USAGE_FOR_NS|(default)|
  Number of SOQL queries: 1 out of 100
  Number of query rows: 0 out of 50000
  Number of SOSL queries: 0 out of 20
  Number of DML statements: 0 out of 150
  Number of DML rows: 0 out of 10000
  Maximum CPU time: 0 out of 10000
  Maximum heap size: 0 out of 6000000
  Number of callouts: 0 out of 100
  Number of Email Invocations: 0 out of 10
  Number of future calls: 0 out of 50
  Number of queueable jobs added to the queue: 0 out of 50
  Number of Mobile Apex push calls: 0 out of 10

06:45:50.5 (5179502)|CUMULATIVE_LIMIT_USAGE_END

06:45:50.0 (5223900)|CODE_UNIT_FINISHED|PatientWrapperController.getPatientsById
06:45:50.0 (7298343)|EXECUTION_FINISHED
