36.0 APEX_CODE,FINEST;APEX_PROFILING,INFO;CALLOUT,INFO;DB,INFO;SYSTEM,DEBUG;VALIDATION,INFO;VISUALFORCE,INFO;WORKFLOW,INFO
04:28:01.0 (77440)|EXECUTION_STARTED
04:28:01.0 (117231)|CODE_UNIT_STARTED|[EXTERNAL]|aura
04:28:01.0 (680923)|HEAP_ALLOCATE|[72]|Bytes:3
04:28:01.0 (718437)|HEAP_ALLOCATE|[77]|Bytes:152
04:28:01.0 (732337)|HEAP_ALLOCATE|[342]|Bytes:408
04:28:01.0 (747218)|HEAP_ALLOCATE|[355]|Bytes:408
04:28:01.0 (761052)|HEAP_ALLOCATE|[467]|Bytes:48
04:28:01.0 (785787)|HEAP_ALLOCATE|[139]|Bytes:6
04:28:01.0 (808426)|HEAP_ALLOCATE|[EXTERNAL]|Bytes:6
04:28:01.0 (826265)|HEAP_ALLOCATE|[EXTERNAL]|Bytes:6
04:28:01.0 (2348626)|CODE_UNIT_STARTED|[EXTERNAL]|01p280000085nGQ|PatientWrapperController.getPatientsById
04:28:01.0 (2490845)|HEAP_ALLOCATE|[EXTERNAL]|Bytes:7
04:28:01.0 (2496604)|HEAP_ALLOCATE|[EXTERNAL]|Bytes:14
04:28:01.0 (2512106)|METHOD_ENTRY|[1]|01p280000085nGQ|PatientWrapperController.PatientWrapperController()
04:28:01.0 (2516678)|STATEMENT_EXECUTE|[1]
04:28:01.0 (2523208)|STATEMENT_EXECUTE|[1]
04:28:01.0 (2530169)|METHOD_EXIT|[1]|PatientWrapperController
04:28:01.0 (2534704)|HEAP_ALLOCATE|[EXTERNAL]|Bytes:6
04:28:01.0 (2542850)|SYSTEM_MODE_ENTER|false
04:28:01.0 (2553579)|VARIABLE_SCOPE_BEGIN|[36]|patientId|String|false|false
04:28:01.0 (2587226)|VARIABLE_ASSIGNMENT|[36]|patientId|"P00002"
04:28:01.0 (2599927)|STATEMENT_EXECUTE|[36]
04:28:01.0 (2601686)|STATEMENT_EXECUTE|[38]
04:28:01.0 (2605461)|HEAP_ALLOCATE|[38]|Bytes:185
04:28:01.0 (2611084)|VARIABLE_SCOPE_BEGIN|[38]|query|String|false|false
04:28:01.0 (2621284)|VARIABLE_ASSIGNMENT|[38]|query|"SELECT Patient_Id__c (165 more) ..."
04:28:01.0 (2623546)|STATEMENT_EXECUTE|[39]
04:28:01.0 (2660437)|HEAP_ALLOCATE|[50]|Bytes:5
04:28:01.0 (2694667)|HEAP_ALLOCATE|[56]|Bytes:5
04:28:01.0 (2703482)|HEAP_ALLOCATE|[64]|Bytes:7
04:28:01.0 (3336980)|SOQL_EXECUTE_BEGIN|[39]|Aggregations:0|SELECT Patient_Id__c, Full_Name__c, Gender__c, Steps_Completed__c, Goal__c, Height__c, Heart_Rate__c, Weight__c FROM Patient__c where Patient_Id__c = :patientId ORDER BY createdDate ASC
04:28:01.0 (7164848)|SOQL_EXECUTE_END|[39]|Rows:1
04:28:01.0 (7182024)|HEAP_ALLOCATE|[39]|Bytes:8
04:28:01.0 (7203864)|HEAP_ALLOCATE|[39]|Bytes:350
04:28:01.0 (7317060)|HEAP_ALLOCATE|[39]|Bytes:8
04:28:01.0 (7342036)|VARIABLE_SCOPE_BEGIN|[39]|patientList|List<Patient__c>|true|false
04:28:01.0 (7378899)|VARIABLE_ASSIGNMENT|[39]|patientList|{"s":1,"v":[{"s":2,"v":{"Patient_Id__c":"P00002","Full_Name__c":"Pallavi","Gender__c":"Female","Steps_Completed__c":6000,"Goal__c":6000,"Height__c":4.00,"Heart_Rate__c":72,"Weight__c":68.00,"Id":"a012800000SBjJnAAL"}}]}|0x36a4e67f
04:28:01.0 (7384380)|STATEMENT_EXECUTE|[40]
04:28:01.0 (7389726)|VARIABLE_SCOPE_BEGIN|[40]|wrapperObj|PatientWrapper|true|false
04:28:01.0 (7394605)|VARIABLE_ASSIGNMENT|[40]|wrapperObj|null|
04:28:01.0 (7396714)|STATEMENT_EXECUTE|[41]
04:28:01.0 (7401795)|HEAP_ALLOCATE|[41]|Bytes:15
04:28:01.0 (7517732)|HEAP_ALLOCATE|[41]|Bytes:188
04:28:01.0 (7541665)|HEAP_ALLOCATE|[41]|Bytes:203
04:28:01.0 (7566410)|USER_DEBUG|[41]|DEBUG|patientList => (Patient__c:{Patient_Id__c=P00002, Full_Name__c=Pallavi, Gender__c=Female, Steps_Completed__c=6000, Goal__c=6000, Height__c=4.00, Heart_Rate__c=72, Weight__c=68.00, Id=a012800000SBjJnAAL})
04:28:01.0 (7777818)|HEAP_ALLOCATE|[42]|Bytes:5
04:28:01.0 (7822163)|HEAP_ALLOCATE|[42]|Bytes:40
04:28:01.0 (7834508)|VARIABLE_SCOPE_BEGIN|[42]|patient|Patient__c|true|false
04:28:01.0 (7854597)|VARIABLE_ASSIGNMENT|[42]|patient|{"s":1,"v":{"Patient_Id__c":"P00002","Full_Name__c":"Pallavi","Gender__c":"Female","Steps_Completed__c":6000,"Goal__c":6000,"Height__c":4.00,"Heart_Rate__c":72,"Weight__c":68.00,"Id":"a012800000SBjJnAAL"}}|0x7005fc04
04:28:01.0 (7859060)|STATEMENT_EXECUTE|[42]
04:28:01.0 (7860621)|STATEMENT_EXECUTE|[43]
04:28:01.0 (7878228)|METHOD_ENTRY|[1]|01p280000085nGG|PatientWrapper.PatientWrapper()
04:28:01.0 (7881692)|STATEMENT_EXECUTE|[1]
04:28:01.0 (7885781)|STATEMENT_EXECUTE|[1]
04:28:01.0 (7892968)|METHOD_EXIT|[1]|PatientWrapper
04:28:01.0 (7901531)|HEAP_ALLOCATE|[43]|Bytes:36
04:28:01.0 (7913567)|CONSTRUCTOR_ENTRY|[43]|01p280000085nGG|<init>()
04:28:01.0 (7936171)|VARIABLE_SCOPE_BEGIN|[1]|this|PatientWrapper|true|false
04:28:01.0 (7969543)|VARIABLE_ASSIGNMENT|[1]|this|{}|0x3057886d
04:28:01.0 (7979185)|HEAP_ALLOCATE|[EXTERNAL]|Bytes:6
04:28:01.0 (8004678)|STATEMENT_EXECUTE|[1]
04:28:01.0 (8007743)|STATEMENT_EXECUTE|[3]
04:28:01.0 (8009062)|STATEMENT_EXECUTE|[6]
04:28:01.0 (8010157)|STATEMENT_EXECUTE|[9]
04:28:01.0 (8011277)|STATEMENT_EXECUTE|[12]
04:28:01.0 (8012443)|STATEMENT_EXECUTE|[15]
04:28:01.0 (8013585)|STATEMENT_EXECUTE|[18]
04:28:01.0 (8014662)|STATEMENT_EXECUTE|[21]
04:28:01.0 (8015598)|STATEMENT_EXECUTE|[24]
04:28:01.0 (8019679)|CONSTRUCTOR_EXIT|[43]|01p280000085nGG|<init>()
04:28:01.0 (8036445)|VARIABLE_ASSIGNMENT|[43]|wrapperObj|{}|0x3057886d
04:28:01.0 (8039801)|STATEMENT_EXECUTE|[45]
04:28:01.0 (8076714)|HEAP_ALLOCATE|[45]|Bytes:18
04:28:01.0 (8092607)|VARIABLE_ASSIGNMENT|[45]|this.id|"a012800000SBjJnAAL"|0x3057886d
04:28:01.0 (8095569)|STATEMENT_EXECUTE|[46]
04:28:01.0 (8118778)|VARIABLE_ASSIGNMENT|[46]|this.name|"Pallavi"|0x3057886d
04:28:01.0 (8121934)|STATEMENT_EXECUTE|[47]
04:28:01.0 (8168399)|HEAP_ALLOCATE|[47]|Bytes:12
04:28:01.0 (8181791)|VARIABLE_ASSIGNMENT|[47]|this.steps|6000.0|0x3057886d
04:28:01.0 (8184474)|STATEMENT_EXECUTE|[48]
04:28:01.0 (8205651)|HEAP_ALLOCATE|[48]|Bytes:12
04:28:01.0 (8214739)|VARIABLE_ASSIGNMENT|[48]|this.goal|6000.0|0x3057886d
04:28:01.0 (8217177)|STATEMENT_EXECUTE|[49]
04:28:01.0 (8234301)|HEAP_ALLOCATE|[49]|Bytes:12
04:28:01.0 (8242758)|VARIABLE_ASSIGNMENT|[49]|this.heartRate|72.0|0x3057886d
04:28:01.0 (8245034)|STATEMENT_EXECUTE|[50]
04:28:01.0 (8280778)|HEAP_ALLOCATE|[50]|Bytes:12
04:28:01.0 (8291113)|VARIABLE_ASSIGNMENT|[50]|this.height|4.0|0x3057886d
04:28:01.0 (8293498)|STATEMENT_EXECUTE|[51]
04:28:01.0 (8311371)|HEAP_ALLOCATE|[51]|Bytes:12
04:28:01.0 (8320174)|VARIABLE_ASSIGNMENT|[51]|this.weight|68.0|0x3057886d
04:28:01.0 (8322376)|STATEMENT_EXECUTE|[52]
04:28:01.0 (8342575)|VARIABLE_ASSIGNMENT|[52]|this.patient_Id|"P00002"|0x3057886d
04:28:01.0 (8356278)|HEAP_ALLOCATE|[42]|Bytes:5
04:28:01.0 (8368620)|VARIABLE_ASSIGNMENT|[42]|patient|null|
04:28:01.0 (8372317)|STATEMENT_EXECUTE|[56]
04:28:01.0 (8375533)|HEAP_ALLOCATE|[56]|Bytes:14
04:28:01.0 (8437786)|HEAP_ALLOCATE|[56]|Bytes:139
04:28:01.0 (8453240)|HEAP_ALLOCATE|[56]|Bytes:153
04:28:01.0 (8463222)|USER_DEBUG|[56]|DEBUG|wrapperObj => PatientWrapper:[goal=6000.0, heartRate=72.0, height=4.0, id=a012800000SBjJnAAL, name=Pallavi, patient_Id=P00002, steps=6000.0, weight=68.0]
04:28:01.0 (8469330)|STATEMENT_EXECUTE|[57]
04:28:01.0 (8478327)|SYSTEM_MODE_EXIT|false
04:28:01.8 (8534868)|CUMULATIVE_LIMIT_USAGE
04:28:01.8 (8534868)|LIMIT_USAGE_FOR_NS|(default)|
  Number of SOQL queries: 1 out of 100
  Number of query rows: 1 out of 50000
  Number of SOSL queries: 0 out of 20
  Number of DML statements: 0 out of 150
  Number of DML rows: 0 out of 10000
  Maximum CPU time: 0 out of 10000
  Maximum heap size: 0 out of 6000000
  Number of callouts: 0 out of 100
  Number of Email Invocations: 0 out of 10
  Number of future calls: 0 out of 50
  Number of queueable jobs added to the queue: 0 out of 50
  Number of Mobile Apex push calls: 0 out of 10

04:28:01.8 (8534868)|CUMULATIVE_LIMIT_USAGE_END

04:28:01.0 (8578408)|CODE_UNIT_FINISHED|PatientWrapperController.getPatientsById
04:28:01.0 (10536432)|CODE_UNIT_STARTED|[EXTERNAL]|Aura
04:28:01.0 (10585637)|CODE_UNIT_FINISHED|Aura
