36.0 APEX_CODE,FINEST;APEX_PROFILING,INFO;CALLOUT,INFO;DB,INFO;SYSTEM,DEBUG;VALIDATION,INFO;VISUALFORCE,INFO;WORKFLOW,INFO
03:09:05.0 (497987)|EXECUTION_STARTED
03:09:05.0 (535272)|CODE_UNIT_STARTED|[EXTERNAL]|aura
03:09:05.0 (1115169)|HEAP_ALLOCATE|[72]|Bytes:3
03:09:05.0 (1161134)|HEAP_ALLOCATE|[77]|Bytes:152
03:09:05.0 (1181987)|HEAP_ALLOCATE|[342]|Bytes:408
03:09:05.0 (1206604)|HEAP_ALLOCATE|[355]|Bytes:408
03:09:05.0 (1231329)|HEAP_ALLOCATE|[467]|Bytes:48
03:09:05.0 (1268231)|HEAP_ALLOCATE|[139]|Bytes:6
03:09:05.0 (1299551)|HEAP_ALLOCATE|[EXTERNAL]|Bytes:6
03:09:05.0 (1324230)|HEAP_ALLOCATE|[EXTERNAL]|Bytes:6
03:09:05.0 (2826508)|CODE_UNIT_STARTED|[EXTERNAL]|01p280000085nGQ|PatientWrapperController.getPatientsById
03:09:05.0 (3662106)|HEAP_ALLOCATE|[EXTERNAL]|Bytes:7
03:09:05.0 (3671671)|HEAP_ALLOCATE|[EXTERNAL]|Bytes:14
03:09:05.0 (3700430)|METHOD_ENTRY|[1]|01p280000085nGQ|PatientWrapperController.PatientWrapperController()
03:09:05.0 (3706329)|STATEMENT_EXECUTE|[1]
03:09:05.0 (3714127)|STATEMENT_EXECUTE|[1]
03:09:05.0 (3726747)|METHOD_EXIT|[1]|PatientWrapperController
03:09:05.0 (3734624)|HEAP_ALLOCATE|[EXTERNAL]|Bytes:6
03:09:05.0 (3747133)|SYSTEM_MODE_ENTER|false
03:09:05.0 (3761866)|VARIABLE_SCOPE_BEGIN|[36]|patientId|String|false|false
03:09:05.0 (3799062)|VARIABLE_ASSIGNMENT|[36]|patientId|"P00003"
03:09:05.0 (3815861)|STATEMENT_EXECUTE|[36]
03:09:05.0 (3818445)|STATEMENT_EXECUTE|[38]
03:09:05.0 (3823493)|HEAP_ALLOCATE|[38]|Bytes:185
03:09:05.0 (3832425)|VARIABLE_SCOPE_BEGIN|[38]|query|String|false|false
03:09:05.0 (3847033)|VARIABLE_ASSIGNMENT|[38]|query|"SELECT Patient_Id__c (165 more) ..."
03:09:05.0 (3850291)|STATEMENT_EXECUTE|[39]
03:09:05.0 (3893232)|HEAP_ALLOCATE|[50]|Bytes:5
03:09:05.0 (3927227)|HEAP_ALLOCATE|[56]|Bytes:5
03:09:05.0 (3946050)|HEAP_ALLOCATE|[64]|Bytes:7
03:09:05.0 (5579462)|SOQL_EXECUTE_BEGIN|[39]|Aggregations:0|SELECT Patient_Id__c, Full_Name__c, Gender__c, Steps_Completed__c, Goal__c, Height__c, Heart_Rate__c, Weight__c FROM Patient__c where Patient_Id__c = :patientId ORDER BY createdDate ASC
03:09:05.0 (9705843)|SOQL_EXECUTE_END|[39]|Rows:1
03:09:05.0 (9731343)|HEAP_ALLOCATE|[39]|Bytes:8
03:09:05.0 (9749889)|HEAP_ALLOCATE|[39]|Bytes:353
03:09:05.0 (9895439)|HEAP_ALLOCATE|[39]|Bytes:8
03:09:05.0 (9929528)|VARIABLE_SCOPE_BEGIN|[39]|patientList|List<Patient__c>|true|false
03:09:05.0 (9995264)|VARIABLE_ASSIGNMENT|[39]|patientList|{"s":1,"v":[{"s":2,"v":{"Patient_Id__c":"P00003","Full_Name__c":"Bhagyashri","Gender__c":"Female","Steps_Completed__c":1000,"Goal__c":5000,"Height__c":5.30,"Heart_Rate__c":68,"Weight__c":52.00,"Id":"a012800000SBlH6AAL"}}]}|0x3c9b1cec
03:09:05.0 (10004247)|STATEMENT_EXECUTE|[40]
03:09:05.0 (10013275)|VARIABLE_SCOPE_BEGIN|[40]|wrapperObj|PatientWrapper|true|false
03:09:05.0 (10022749)|VARIABLE_ASSIGNMENT|[40]|wrapperObj|null|
03:09:05.0 (10026415)|STATEMENT_EXECUTE|[41]
03:09:05.0 (10032633)|HEAP_ALLOCATE|[41]|Bytes:15
03:09:05.0 (10211964)|HEAP_ALLOCATE|[41]|Bytes:191
03:09:05.0 (10243480)|HEAP_ALLOCATE|[41]|Bytes:206
03:09:05.0 (10276466)|USER_DEBUG|[41]|DEBUG|patientList => (Patient__c:{Patient_Id__c=P00003, Full_Name__c=Bhagyashri, Gender__c=Female, Steps_Completed__c=1000, Goal__c=5000, Height__c=5.30, Heart_Rate__c=68, Weight__c=52.00, Id=a012800000SBlH6AAL})
03:09:05.0 (10512304)|HEAP_ALLOCATE|[42]|Bytes:5
03:09:05.0 (10562966)|HEAP_ALLOCATE|[42]|Bytes:40
03:09:05.0 (10577327)|VARIABLE_SCOPE_BEGIN|[42]|patient|Patient__c|true|false
03:09:05.0 (10602605)|VARIABLE_ASSIGNMENT|[42]|patient|{"s":1,"v":{"Patient_Id__c":"P00003","Full_Name__c":"Bhagyashri","Gender__c":"Female","Steps_Completed__c":1000,"Goal__c":5000,"Height__c":5.30,"Heart_Rate__c":68,"Weight__c":52.00,"Id":"a012800000SBlH6AAL"}}|0x6903e789
03:09:05.0 (10608388)|STATEMENT_EXECUTE|[42]
03:09:05.0 (10611090)|STATEMENT_EXECUTE|[43]
03:09:05.0 (10660896)|METHOD_ENTRY|[1]|01p280000085nGG|PatientWrapper.PatientWrapper()
03:09:05.0 (10667134)|STATEMENT_EXECUTE|[1]
03:09:05.0 (10673890)|STATEMENT_EXECUTE|[1]
03:09:05.0 (10683581)|METHOD_EXIT|[1]|PatientWrapper
03:09:05.0 (10709105)|HEAP_ALLOCATE|[43]|Bytes:36
03:09:05.0 (10723458)|CONSTRUCTOR_ENTRY|[43]|01p280000085nGG|<init>()
03:09:05.0 (10760616)|VARIABLE_SCOPE_BEGIN|[1]|this|PatientWrapper|true|false
03:09:05.0 (10854541)|VARIABLE_ASSIGNMENT|[1]|this|{}|0x21e86418
03:09:05.0 (10866282)|HEAP_ALLOCATE|[EXTERNAL]|Bytes:6
03:09:05.0 (10893723)|STATEMENT_EXECUTE|[1]
03:09:05.0 (10895833)|STATEMENT_EXECUTE|[3]
03:09:05.0 (10897134)|STATEMENT_EXECUTE|[6]
03:09:05.0 (10898080)|STATEMENT_EXECUTE|[9]
03:09:05.0 (10899115)|STATEMENT_EXECUTE|[12]
03:09:05.0 (10900298)|STATEMENT_EXECUTE|[15]
03:09:05.0 (10901398)|STATEMENT_EXECUTE|[18]
03:09:05.0 (10902495)|STATEMENT_EXECUTE|[21]
03:09:05.0 (10903533)|STATEMENT_EXECUTE|[24]
03:09:05.0 (10908232)|CONSTRUCTOR_EXIT|[43]|01p280000085nGG|<init>()
03:09:05.0 (10924414)|VARIABLE_ASSIGNMENT|[43]|wrapperObj|{}|0x21e86418
03:09:05.0 (10927178)|STATEMENT_EXECUTE|[45]
03:09:05.0 (10961515)|HEAP_ALLOCATE|[45]|Bytes:18
03:09:05.0 (10977668)|VARIABLE_ASSIGNMENT|[45]|this.id|"a012800000SBlH6AAL"|0x21e86418
03:09:05.0 (10980543)|STATEMENT_EXECUTE|[46]
03:09:05.0 (11004682)|VARIABLE_ASSIGNMENT|[46]|this.name|"Bhagyashri"|0x21e86418
03:09:05.0 (11008820)|STATEMENT_EXECUTE|[47]
03:09:05.0 (11047900)|HEAP_ALLOCATE|[47]|Bytes:12
03:09:05.0 (11061234)|VARIABLE_ASSIGNMENT|[47]|this.steps|1000.0|0x21e86418
03:09:05.0 (11063639)|STATEMENT_EXECUTE|[48]
03:09:05.0 (11085463)|HEAP_ALLOCATE|[48]|Bytes:12
03:09:05.0 (11094343)|VARIABLE_ASSIGNMENT|[48]|this.goal|5000.0|0x21e86418
03:09:05.0 (11096384)|STATEMENT_EXECUTE|[49]
03:09:05.0 (11112900)|HEAP_ALLOCATE|[49]|Bytes:12
03:09:05.0 (11121003)|VARIABLE_ASSIGNMENT|[49]|this.heartRate|68.0|0x21e86418
03:09:05.0 (11123010)|STATEMENT_EXECUTE|[50]
03:09:05.0 (11139160)|HEAP_ALLOCATE|[50]|Bytes:12
03:09:05.0 (11147761)|VARIABLE_ASSIGNMENT|[50]|this.height|5.3|0x21e86418
03:09:05.0 (11149922)|STATEMENT_EXECUTE|[51]
03:09:05.0 (11166395)|HEAP_ALLOCATE|[51]|Bytes:12
03:09:05.0 (11174872)|VARIABLE_ASSIGNMENT|[51]|this.weight|52.0|0x21e86418
03:09:05.0 (11176833)|STATEMENT_EXECUTE|[52]
03:09:05.0 (11196364)|VARIABLE_ASSIGNMENT|[52]|this.patient_Id|"P00003"|0x21e86418
03:09:05.0 (11210761)|HEAP_ALLOCATE|[42]|Bytes:5
03:09:05.0 (11222645)|VARIABLE_ASSIGNMENT|[42]|patient|null|
03:09:05.0 (11225422)|STATEMENT_EXECUTE|[56]
03:09:05.0 (11228673)|HEAP_ALLOCATE|[56]|Bytes:14
03:09:05.0 (11289862)|HEAP_ALLOCATE|[56]|Bytes:142
03:09:05.0 (11304964)|HEAP_ALLOCATE|[56]|Bytes:156
03:09:05.0 (11315594)|USER_DEBUG|[56]|DEBUG|wrapperObj => PatientWrapper:[goal=5000.0, heartRate=68.0, height=5.3, id=a012800000SBlH6AAL, name=Bhagyashri, patient_Id=P00003, steps=1000.0, weight=52.0]
03:09:05.0 (11321184)|STATEMENT_EXECUTE|[57]
03:09:05.0 (11331881)|SYSTEM_MODE_EXIT|false
03:09:05.11 (11382531)|CUMULATIVE_LIMIT_USAGE
03:09:05.11 (11382531)|LIMIT_USAGE_FOR_NS|(default)|
  Number of SOQL queries: 1 out of 100
  Number of query rows: 1 out of 50000
  Number of SOSL queries: 0 out of 20
  Number of DML statements: 0 out of 150
  Number of DML rows: 0 out of 10000
  Maximum CPU time: 0 out of 10000
  Maximum heap size: 0 out of 6000000
  Number of callouts: 0 out of 100
  Number of Email Invocations: 0 out of 10
  Number of future calls: 0 out of 50
  Number of queueable jobs added to the queue: 0 out of 50
  Number of Mobile Apex push calls: 0 out of 10

03:09:05.11 (11382531)|CUMULATIVE_LIMIT_USAGE_END

03:09:05.0 (11427259)|CODE_UNIT_FINISHED|PatientWrapperController.getPatientsById
03:09:05.0 (13678501)|CODE_UNIT_STARTED|[EXTERNAL]|Aura
03:09:05.0 (13770356)|CODE_UNIT_FINISHED|Aura
03:09:05.0 (14093925)|HEAP_ALLOCATE|[EXTERNAL]|Bytes:6
03:09:05.0 (14121659)|HEAP_ALLOCATE|[EXTERNAL]|Bytes:6
03:09:05.0 (15779827)|CODE_UNIT_STARTED|[EXTERNAL]|01p280000085nGQ|PatientWrapperController.getPatientsById
03:09:05.0 (15836405)|HEAP_ALLOCATE|[EXTERNAL]|Bytes:6
03:09:05.0 (15850846)|SYSTEM_MODE_ENTER|false
03:09:05.0 (15859493)|VARIABLE_SCOPE_BEGIN|[36]|patientId|String|false|false
03:09:05.0 (15872311)|VARIABLE_ASSIGNMENT|[36]|patientId|"P00003"
03:09:05.0 (15882402)|STATEMENT_EXECUTE|[36]
03:09:05.0 (15886161)|STATEMENT_EXECUTE|[38]
03:09:05.0 (15892499)|VARIABLE_SCOPE_BEGIN|[38]|query|String|false|false
03:09:05.0 (15905509)|VARIABLE_ASSIGNMENT|[38]|query|"SELECT Patient_Id__c (165 more) ..."
03:09:05.0 (15909588)|STATEMENT_EXECUTE|[39]
03:09:05.0 (16381467)|SOQL_EXECUTE_BEGIN|[39]|Aggregations:0|SELECT Patient_Id__c, Full_Name__c, Gender__c, Steps_Completed__c, Goal__c, Height__c, Heart_Rate__c, Weight__c FROM Patient__c where Patient_Id__c = :patientId ORDER BY createdDate ASC
03:09:05.0 (19561042)|SOQL_EXECUTE_END|[39]|Rows:1
03:09:05.0 (19582178)|HEAP_ALLOCATE|[39]|Bytes:8
03:09:05.0 (19602721)|HEAP_ALLOCATE|[39]|Bytes:353
03:09:05.0 (19623191)|HEAP_ALLOCATE|[39]|Bytes:8
03:09:05.0 (19645279)|VARIABLE_SCOPE_BEGIN|[39]|patientList|List<Patient__c>|true|false
03:09:05.0 (19700696)|VARIABLE_ASSIGNMENT|[39]|patientList|{"s":1,"v":[{"s":2,"v":{"Patient_Id__c":"P00003","Full_Name__c":"Bhagyashri","Gender__c":"Female","Steps_Completed__c":1000,"Goal__c":5000,"Height__c":5.30,"Heart_Rate__c":68,"Weight__c":52.00,"Id":"a012800000SBlH6AAL"}}]}|0x3ebb6eb7
03:09:05.0 (19708012)|STATEMENT_EXECUTE|[40]
03:09:05.0 (19714753)|VARIABLE_SCOPE_BEGIN|[40]|wrapperObj|PatientWrapper|true|false
03:09:05.0 (19724402)|VARIABLE_ASSIGNMENT|[40]|wrapperObj|null|
03:09:05.0 (19728060)|STATEMENT_EXECUTE|[41]
03:09:05.0 (19857401)|HEAP_ALLOCATE|[41]|Bytes:191
03:09:05.0 (19881966)|HEAP_ALLOCATE|[41]|Bytes:206
03:09:05.0 (19902419)|USER_DEBUG|[41]|DEBUG|patientList => (Patient__c:{Patient_Id__c=P00003, Full_Name__c=Bhagyashri, Gender__c=Female, Steps_Completed__c=1000, Goal__c=5000, Height__c=5.30, Heart_Rate__c=68, Weight__c=52.00, Id=a012800000SBlH6AAL})
03:09:05.0 (19944536)|HEAP_ALLOCATE|[42]|Bytes:5
03:09:05.0 (19982526)|HEAP_ALLOCATE|[42]|Bytes:40
03:09:05.0 (19994673)|VARIABLE_SCOPE_BEGIN|[42]|patient|Patient__c|true|false
03:09:05.0 (20019243)|VARIABLE_ASSIGNMENT|[42]|patient|{"s":1,"v":{"Patient_Id__c":"P00003","Full_Name__c":"Bhagyashri","Gender__c":"Female","Steps_Completed__c":1000,"Goal__c":5000,"Height__c":5.30,"Heart_Rate__c":68,"Weight__c":52.00,"Id":"a012800000SBlH6AAL"}}|0x7bc69d1d
03:09:05.0 (20026909)|STATEMENT_EXECUTE|[42]
03:09:05.0 (20028992)|STATEMENT_EXECUTE|[43]
03:09:05.0 (20038186)|HEAP_ALLOCATE|[43]|Bytes:36
03:09:05.0 (20051807)|CONSTRUCTOR_ENTRY|[43]|01p280000085nGG|<init>()
03:09:05.0 (20061112)|VARIABLE_SCOPE_BEGIN|[1]|this|PatientWrapper|true|false
03:09:05.0 (20112582)|VARIABLE_ASSIGNMENT|[1]|this|{}|0x6ced572d
03:09:05.0 (20141906)|STATEMENT_EXECUTE|[1]
03:09:05.0 (20145518)|STATEMENT_EXECUTE|[3]
03:09:05.0 (20163738)|STATEMENT_EXECUTE|[6]
03:09:05.0 (20166426)|STATEMENT_EXECUTE|[9]
03:09:05.0 (20168392)|STATEMENT_EXECUTE|[12]
03:09:05.0 (20170168)|STATEMENT_EXECUTE|[15]
03:09:05.0 (20172086)|STATEMENT_EXECUTE|[18]
03:09:05.0 (20173933)|STATEMENT_EXECUTE|[21]
03:09:05.0 (20176181)|STATEMENT_EXECUTE|[24]
03:09:05.0 (20183567)|CONSTRUCTOR_EXIT|[43]|01p280000085nGG|<init>()
03:09:05.0 (20208708)|VARIABLE_ASSIGNMENT|[43]|wrapperObj|{}|0x6ced572d
03:09:05.0 (20212994)|STATEMENT_EXECUTE|[45]
03:09:05.0 (20231207)|HEAP_ALLOCATE|[45]|Bytes:18
03:09:05.0 (20251537)|VARIABLE_ASSIGNMENT|[45]|this.id|"a012800000SBlH6AAL"|0x6ced572d
03:09:05.0 (20255859)|STATEMENT_EXECUTE|[46]
03:09:05.0 (20272529)|VARIABLE_ASSIGNMENT|[46]|this.name|"Bhagyashri"|0x6ced572d
03:09:05.0 (20275870)|STATEMENT_EXECUTE|[47]
03:09:05.0 (20336871)|HEAP_ALLOCATE|[47]|Bytes:12
03:09:05.0 (20350602)|VARIABLE_ASSIGNMENT|[47]|this.steps|1000.0|0x6ced572d
03:09:05.0 (20353178)|STATEMENT_EXECUTE|[48]
03:09:05.0 (20361320)|HEAP_ALLOCATE|[48]|Bytes:12
03:09:05.0 (20367778)|VARIABLE_ASSIGNMENT|[48]|this.goal|5000.0|0x6ced572d
03:09:05.0 (20369761)|STATEMENT_EXECUTE|[49]
03:09:05.0 (20376161)|HEAP_ALLOCATE|[49]|Bytes:12
03:09:05.0 (20382231)|VARIABLE_ASSIGNMENT|[49]|this.heartRate|68.0|0x6ced572d
03:09:05.0 (20384305)|STATEMENT_EXECUTE|[50]
03:09:05.0 (20390429)|HEAP_ALLOCATE|[50]|Bytes:12
03:09:05.0 (20397550)|VARIABLE_ASSIGNMENT|[50]|this.height|5.3|0x6ced572d
03:09:05.0 (20399502)|STATEMENT_EXECUTE|[51]
03:09:05.0 (20405739)|HEAP_ALLOCATE|[51]|Bytes:12
03:09:05.0 (20411858)|VARIABLE_ASSIGNMENT|[51]|this.weight|52.0|0x6ced572d
03:09:05.0 (20413842)|STATEMENT_EXECUTE|[52]
03:09:05.0 (20422297)|VARIABLE_ASSIGNMENT|[52]|this.patient_Id|"P00003"|0x6ced572d
03:09:05.0 (20434983)|HEAP_ALLOCATE|[42]|Bytes:5
03:09:05.0 (20446798)|VARIABLE_ASSIGNMENT|[42]|patient|null|
03:09:05.0 (20449626)|STATEMENT_EXECUTE|[56]
03:09:05.0 (20489927)|HEAP_ALLOCATE|[56]|Bytes:142
03:09:05.0 (20503118)|HEAP_ALLOCATE|[56]|Bytes:156
03:09:05.0 (20524039)|USER_DEBUG|[56]|DEBUG|wrapperObj => PatientWrapper:[goal=5000.0, heartRate=68.0, height=5.3, id=a012800000SBlH6AAL, name=Bhagyashri, patient_Id=P00003, steps=1000.0, weight=52.0]
03:09:05.0 (20529622)|STATEMENT_EXECUTE|[57]
03:09:05.0 (20540637)|SYSTEM_MODE_EXIT|false
03:09:05.20 (20599441)|CUMULATIVE_LIMIT_USAGE
03:09:05.20 (20599441)|LIMIT_USAGE_FOR_NS|(default)|
  Number of SOQL queries: 2 out of 100
  Number of query rows: 2 out of 50000
  Number of SOSL queries: 0 out of 20
  Number of DML statements: 0 out of 150
  Number of DML rows: 0 out of 10000
  Maximum CPU time: 0 out of 10000
  Maximum heap size: 0 out of 6000000
  Number of callouts: 0 out of 100
  Number of Email Invocations: 0 out of 10
  Number of future calls: 0 out of 50
  Number of queueable jobs added to the queue: 0 out of 50
  Number of Mobile Apex push calls: 0 out of 10

03:09:05.20 (20599441)|CUMULATIVE_LIMIT_USAGE_END

03:09:05.0 (20646713)|CODE_UNIT_FINISHED|PatientWrapperController.getPatientsById
03:09:05.0 (22311383)|CODE_UNIT_STARTED|[EXTERNAL]|Aura
03:09:05.0 (22398841)|CODE_UNIT_FINISHED|Aura
