36.0 APEX_CODE,FINEST;APEX_PROFILING,INFO;CALLOUT,INFO;DB,INFO;SYSTEM,DEBUG;VALIDATION,INFO;VISUALFORCE,INFO;WORKFLOW,INFO
04:40:24.0 (84118)|EXECUTION_STARTED
04:40:24.0 (127967)|CODE_UNIT_STARTED|[EXTERNAL]|aura
04:40:24.0 (683145)|HEAP_ALLOCATE|[72]|Bytes:3
04:40:24.0 (723062)|HEAP_ALLOCATE|[77]|Bytes:152
04:40:24.0 (746165)|HEAP_ALLOCATE|[342]|Bytes:408
04:40:24.0 (775697)|HEAP_ALLOCATE|[355]|Bytes:408
04:40:24.0 (803605)|HEAP_ALLOCATE|[467]|Bytes:48
04:40:24.0 (841580)|HEAP_ALLOCATE|[139]|Bytes:6
04:40:24.0 (871225)|HEAP_ALLOCATE|[EXTERNAL]|Bytes:6
04:40:24.0 (894600)|HEAP_ALLOCATE|[EXTERNAL]|Bytes:6
04:40:24.0 (2273087)|CODE_UNIT_STARTED|[EXTERNAL]|01p280000085nGQ|PatientWrapperController.getPatientsById
04:40:24.0 (2410046)|HEAP_ALLOCATE|[EXTERNAL]|Bytes:7
04:40:24.0 (2417974)|HEAP_ALLOCATE|[EXTERNAL]|Bytes:14
04:40:24.0 (2436234)|METHOD_ENTRY|[1]|01p280000085nGQ|PatientWrapperController.PatientWrapperController()
04:40:24.0 (2442378)|STATEMENT_EXECUTE|[1]
04:40:24.0 (2449139)|STATEMENT_EXECUTE|[1]
04:40:24.0 (2458890)|METHOD_EXIT|[1]|PatientWrapperController
04:40:24.0 (2466021)|HEAP_ALLOCATE|[EXTERNAL]|Bytes:6
04:40:24.0 (2477448)|SYSTEM_MODE_ENTER|false
04:40:24.0 (2488802)|VARIABLE_SCOPE_BEGIN|[36]|patientId|String|false|false
04:40:24.0 (2530928)|VARIABLE_ASSIGNMENT|[36]|patientId|"P00003"
04:40:24.0 (2546622)|STATEMENT_EXECUTE|[36]
04:40:24.0 (2549578)|STATEMENT_EXECUTE|[38]
04:40:24.0 (2554339)|HEAP_ALLOCATE|[38]|Bytes:185
04:40:24.0 (2562843)|VARIABLE_SCOPE_BEGIN|[38]|query|String|false|false
04:40:24.0 (2578241)|VARIABLE_ASSIGNMENT|[38]|query|"SELECT Patient_Id__c (165 more) ..."
04:40:24.0 (2581621)|STATEMENT_EXECUTE|[39]
04:40:24.0 (2627075)|HEAP_ALLOCATE|[50]|Bytes:5
04:40:24.0 (2653331)|HEAP_ALLOCATE|[56]|Bytes:5
04:40:24.0 (2668243)|HEAP_ALLOCATE|[64]|Bytes:7
04:40:24.0 (3372113)|SOQL_EXECUTE_BEGIN|[39]|Aggregations:0|SELECT Patient_Id__c, Full_Name__c, Gender__c, Steps_Completed__c, Goal__c, Height__c, Heart_Rate__c, Weight__c FROM Patient__c where Patient_Id__c = :patientId ORDER BY createdDate ASC
04:40:24.0 (7286165)|SOQL_EXECUTE_END|[39]|Rows:1
04:40:24.0 (7309558)|HEAP_ALLOCATE|[39]|Bytes:8
04:40:24.0 (7333618)|HEAP_ALLOCATE|[39]|Bytes:353
04:40:24.0 (7461709)|HEAP_ALLOCATE|[39]|Bytes:8
04:40:24.0 (7489454)|VARIABLE_SCOPE_BEGIN|[39]|patientList|List<Patient__c>|true|false
04:40:24.0 (7545520)|VARIABLE_ASSIGNMENT|[39]|patientList|{"s":1,"v":[{"s":2,"v":{"Patient_Id__c":"P00003","Full_Name__c":"Bhagyashri","Gender__c":"Female","Steps_Completed__c":1000,"Goal__c":5000,"Height__c":5.30,"Heart_Rate__c":68,"Weight__c":52.00,"Id":"a012800000SBlH6AAL"}}]}|0x32191469
04:40:24.0 (7553759)|STATEMENT_EXECUTE|[40]
04:40:24.0 (7565078)|VARIABLE_SCOPE_BEGIN|[40]|wrapperObj|PatientWrapper|true|false
04:40:24.0 (7575597)|VARIABLE_ASSIGNMENT|[40]|wrapperObj|null|
04:40:24.0 (7579001)|STATEMENT_EXECUTE|[41]
04:40:24.0 (7585915)|HEAP_ALLOCATE|[41]|Bytes:15
04:40:24.0 (7745195)|HEAP_ALLOCATE|[41]|Bytes:191
04:40:24.0 (7774911)|HEAP_ALLOCATE|[41]|Bytes:206
04:40:24.0 (7807472)|USER_DEBUG|[41]|DEBUG|patientList => (Patient__c:{Patient_Id__c=P00003, Full_Name__c=Bhagyashri, Gender__c=Female, Steps_Completed__c=1000, Goal__c=5000, Height__c=5.30, Heart_Rate__c=68, Weight__c=52.00, Id=a012800000SBlH6AAL})
04:40:24.0 (8086207)|HEAP_ALLOCATE|[42]|Bytes:5
04:40:24.0 (8144182)|HEAP_ALLOCATE|[42]|Bytes:40
04:40:24.0 (8160302)|VARIABLE_SCOPE_BEGIN|[42]|patient|Patient__c|true|false
04:40:24.0 (8187865)|VARIABLE_ASSIGNMENT|[42]|patient|{"s":1,"v":{"Patient_Id__c":"P00003","Full_Name__c":"Bhagyashri","Gender__c":"Female","Steps_Completed__c":1000,"Goal__c":5000,"Height__c":5.30,"Heart_Rate__c":68,"Weight__c":52.00,"Id":"a012800000SBlH6AAL"}}|0x5879b073
04:40:24.0 (8193963)|STATEMENT_EXECUTE|[42]
04:40:24.0 (8196403)|STATEMENT_EXECUTE|[43]
04:40:24.0 (8216633)|METHOD_ENTRY|[1]|01p280000085nGG|PatientWrapper.PatientWrapper()
04:40:24.0 (8221076)|STATEMENT_EXECUTE|[1]
04:40:24.0 (8226085)|STATEMENT_EXECUTE|[1]
04:40:24.0 (8236705)|METHOD_EXIT|[1]|PatientWrapper
04:40:24.0 (8246735)|HEAP_ALLOCATE|[43]|Bytes:36
04:40:24.0 (8262097)|CONSTRUCTOR_ENTRY|[43]|01p280000085nGG|<init>()
04:40:24.0 (8292388)|VARIABLE_SCOPE_BEGIN|[1]|this|PatientWrapper|true|false
04:40:24.0 (8334916)|VARIABLE_ASSIGNMENT|[1]|this|{}|0x37c153cb
04:40:24.0 (8348071)|HEAP_ALLOCATE|[EXTERNAL]|Bytes:6
04:40:24.0 (8380930)|STATEMENT_EXECUTE|[1]
04:40:24.0 (8384031)|STATEMENT_EXECUTE|[3]
04:40:24.0 (8385992)|STATEMENT_EXECUTE|[6]
04:40:24.0 (8387515)|STATEMENT_EXECUTE|[9]
04:40:24.0 (8389436)|STATEMENT_EXECUTE|[12]
04:40:24.0 (8391281)|STATEMENT_EXECUTE|[15]
04:40:24.0 (8393011)|STATEMENT_EXECUTE|[18]
04:40:24.0 (8394570)|STATEMENT_EXECUTE|[21]
04:40:24.0 (8396489)|STATEMENT_EXECUTE|[24]
04:40:24.0 (8403458)|CONSTRUCTOR_EXIT|[43]|01p280000085nGG|<init>()
04:40:24.0 (8427108)|VARIABLE_ASSIGNMENT|[43]|wrapperObj|{}|0x37c153cb
04:40:24.0 (8431512)|STATEMENT_EXECUTE|[45]
04:40:24.0 (8476151)|HEAP_ALLOCATE|[45]|Bytes:18
04:40:24.0 (8498093)|VARIABLE_ASSIGNMENT|[45]|this.id|"a012800000SBlH6AAL"|0x37c153cb
04:40:24.0 (8502245)|STATEMENT_EXECUTE|[46]
04:40:24.0 (8536734)|VARIABLE_ASSIGNMENT|[46]|this.name|"Bhagyashri"|0x37c153cb
04:40:24.0 (8541201)|STATEMENT_EXECUTE|[47]
04:40:24.0 (8598481)|HEAP_ALLOCATE|[47]|Bytes:12
04:40:24.0 (8615698)|VARIABLE_ASSIGNMENT|[47]|this.steps|1000.0|0x37c153cb
04:40:24.0 (8619957)|STATEMENT_EXECUTE|[48]
04:40:24.0 (8648985)|HEAP_ALLOCATE|[48]|Bytes:12
04:40:24.0 (8662578)|VARIABLE_ASSIGNMENT|[48]|this.goal|5000.0|0x37c153cb
04:40:24.0 (8666609)|STATEMENT_EXECUTE|[49]
04:40:24.0 (8693907)|HEAP_ALLOCATE|[49]|Bytes:12
04:40:24.0 (8707087)|VARIABLE_ASSIGNMENT|[49]|this.heartRate|68.0|0x37c153cb
04:40:24.0 (8710701)|STATEMENT_EXECUTE|[50]
04:40:24.0 (8737825)|HEAP_ALLOCATE|[50]|Bytes:12
04:40:24.0 (8751605)|VARIABLE_ASSIGNMENT|[50]|this.height|5.3|0x37c153cb
04:40:24.0 (8754940)|STATEMENT_EXECUTE|[51]
04:40:24.0 (8780757)|HEAP_ALLOCATE|[51]|Bytes:12
04:40:24.0 (8794036)|VARIABLE_ASSIGNMENT|[51]|this.weight|52.0|0x37c153cb
04:40:24.0 (8797721)|STATEMENT_EXECUTE|[52]
04:40:24.0 (8828770)|VARIABLE_ASSIGNMENT|[52]|this.patient_Id|"P00003"|0x37c153cb
04:40:24.0 (8849626)|HEAP_ALLOCATE|[42]|Bytes:5
04:40:24.0 (8869305)|VARIABLE_ASSIGNMENT|[42]|patient|null|
04:40:24.0 (8874614)|STATEMENT_EXECUTE|[56]
04:40:24.0 (8879409)|HEAP_ALLOCATE|[56]|Bytes:14
04:40:24.0 (8966597)|HEAP_ALLOCATE|[56]|Bytes:142
04:40:24.0 (8988629)|HEAP_ALLOCATE|[56]|Bytes:156
04:40:24.0 (9004651)|USER_DEBUG|[56]|DEBUG|wrapperObj => PatientWrapper:[goal=5000.0, heartRate=68.0, height=5.3, id=a012800000SBlH6AAL, name=Bhagyashri, patient_Id=P00003, steps=1000.0, weight=52.0]
04:40:24.0 (9015925)|STATEMENT_EXECUTE|[57]
04:40:24.0 (9027975)|SYSTEM_MODE_EXIT|false
04:40:24.9 (9085806)|CUMULATIVE_LIMIT_USAGE
04:40:24.9 (9085806)|LIMIT_USAGE_FOR_NS|(default)|
  Number of SOQL queries: 1 out of 100
  Number of query rows: 1 out of 50000
  Number of SOSL queries: 0 out of 20
  Number of DML statements: 0 out of 150
  Number of DML rows: 0 out of 10000
  Maximum CPU time: 0 out of 10000
  Maximum heap size: 0 out of 6000000
  Number of callouts: 0 out of 100
  Number of Email Invocations: 0 out of 10
  Number of future calls: 0 out of 50
  Number of queueable jobs added to the queue: 0 out of 50
  Number of Mobile Apex push calls: 0 out of 10

04:40:24.9 (9085806)|CUMULATIVE_LIMIT_USAGE_END

04:40:24.0 (9144084)|CODE_UNIT_FINISHED|PatientWrapperController.getPatientsById
04:40:24.0 (11651686)|CODE_UNIT_STARTED|[EXTERNAL]|Aura
04:40:24.0 (11732133)|CODE_UNIT_FINISHED|Aura
