36.0 APEX_CODE,FINEST;APEX_PROFILING,INFO;CALLOUT,INFO;DB,INFO;SYSTEM,DEBUG;VALIDATION,INFO;VISUALFORCE,INFO;WORKFLOW,INFO
04:34:24.0 (61049)|EXECUTION_STARTED
04:34:24.0 (87029)|CODE_UNIT_STARTED|[EXTERNAL]|aura
04:34:24.0 (695991)|HEAP_ALLOCATE|[72]|Bytes:3
04:34:24.0 (734103)|HEAP_ALLOCATE|[77]|Bytes:152
04:34:24.0 (759994)|HEAP_ALLOCATE|[342]|Bytes:408
04:34:24.0 (796120)|HEAP_ALLOCATE|[355]|Bytes:408
04:34:24.0 (828105)|HEAP_ALLOCATE|[467]|Bytes:48
04:34:24.0 (862390)|HEAP_ALLOCATE|[139]|Bytes:6
04:34:24.0 (899950)|HEAP_ALLOCATE|[EXTERNAL]|Bytes:6
04:34:24.0 (925248)|HEAP_ALLOCATE|[EXTERNAL]|Bytes:6
04:34:24.0 (2472267)|CODE_UNIT_STARTED|[EXTERNAL]|01p280000085nGQ|PatientWrapperController.getPatientsById
04:34:24.0 (2605079)|HEAP_ALLOCATE|[EXTERNAL]|Bytes:7
04:34:24.0 (2611194)|HEAP_ALLOCATE|[EXTERNAL]|Bytes:14
04:34:24.0 (2624321)|METHOD_ENTRY|[1]|01p280000085nGQ|PatientWrapperController.PatientWrapperController()
04:34:24.0 (2627765)|STATEMENT_EXECUTE|[1]
04:34:24.0 (2632262)|STATEMENT_EXECUTE|[1]
04:34:24.0 (2638432)|METHOD_EXIT|[1]|PatientWrapperController
04:34:24.0 (2642368)|HEAP_ALLOCATE|[EXTERNAL]|Bytes:6
04:34:24.0 (2651275)|SYSTEM_MODE_ENTER|false
04:34:24.0 (2660008)|VARIABLE_SCOPE_BEGIN|[36]|patientId|String|false|false
04:34:24.0 (2683598)|VARIABLE_ASSIGNMENT|[36]|patientId|"P00003"
04:34:24.0 (2694086)|STATEMENT_EXECUTE|[36]
04:34:24.0 (2695712)|STATEMENT_EXECUTE|[38]
04:34:24.0 (2699683)|HEAP_ALLOCATE|[38]|Bytes:185
04:34:24.0 (2704888)|VARIABLE_SCOPE_BEGIN|[38]|query|String|false|false
04:34:24.0 (2713553)|VARIABLE_ASSIGNMENT|[38]|query|"SELECT Patient_Id__c (165 more) ..."
04:34:24.0 (2715693)|STATEMENT_EXECUTE|[39]
04:34:24.0 (2747515)|HEAP_ALLOCATE|[50]|Bytes:5
04:34:24.0 (2768173)|HEAP_ALLOCATE|[56]|Bytes:5
04:34:24.0 (2776763)|HEAP_ALLOCATE|[64]|Bytes:7
04:34:24.0 (3335010)|SOQL_EXECUTE_BEGIN|[39]|Aggregations:0|SELECT Patient_Id__c, Full_Name__c, Gender__c, Steps_Completed__c, Goal__c, Height__c, Heart_Rate__c, Weight__c FROM Patient__c where Patient_Id__c = :patientId ORDER BY createdDate ASC
04:34:24.0 (7023658)|SOQL_EXECUTE_END|[39]|Rows:1
04:34:24.0 (7042581)|HEAP_ALLOCATE|[39]|Bytes:8
04:34:24.0 (7063420)|HEAP_ALLOCATE|[39]|Bytes:353
04:34:24.0 (7186432)|HEAP_ALLOCATE|[39]|Bytes:8
04:34:24.0 (7213132)|VARIABLE_SCOPE_BEGIN|[39]|patientList|List<Patient__c>|true|false
04:34:24.0 (7253797)|VARIABLE_ASSIGNMENT|[39]|patientList|{"s":1,"v":[{"s":2,"v":{"Patient_Id__c":"P00003","Full_Name__c":"Bhagyashri","Gender__c":"Female","Steps_Completed__c":1000,"Goal__c":5000,"Height__c":5.30,"Heart_Rate__c":68,"Weight__c":52.00,"Id":"a012800000SBlH6AAL"}}]}|0x673010b9
04:34:24.0 (7259619)|STATEMENT_EXECUTE|[40]
04:34:24.0 (7265168)|VARIABLE_SCOPE_BEGIN|[40]|wrapperObj|PatientWrapper|true|false
04:34:24.0 (7270103)|VARIABLE_ASSIGNMENT|[40]|wrapperObj|null|
04:34:24.0 (7271945)|STATEMENT_EXECUTE|[41]
04:34:24.0 (7276661)|HEAP_ALLOCATE|[41]|Bytes:15
04:34:24.0 (7400970)|HEAP_ALLOCATE|[41]|Bytes:191
04:34:24.0 (7423305)|HEAP_ALLOCATE|[41]|Bytes:206
04:34:24.0 (7446844)|USER_DEBUG|[41]|DEBUG|patientList => (Patient__c:{Patient_Id__c=P00003, Full_Name__c=Bhagyashri, Gender__c=Female, Steps_Completed__c=1000, Goal__c=5000, Height__c=5.30, Heart_Rate__c=68, Weight__c=52.00, Id=a012800000SBlH6AAL})
04:34:24.0 (7643675)|HEAP_ALLOCATE|[42]|Bytes:5
04:34:24.0 (7684047)|HEAP_ALLOCATE|[42]|Bytes:40
04:34:24.0 (7694252)|VARIABLE_SCOPE_BEGIN|[42]|patient|Patient__c|true|false
04:34:24.0 (7713477)|VARIABLE_ASSIGNMENT|[42]|patient|{"s":1,"v":{"Patient_Id__c":"P00003","Full_Name__c":"Bhagyashri","Gender__c":"Female","Steps_Completed__c":1000,"Goal__c":5000,"Height__c":5.30,"Heart_Rate__c":68,"Weight__c":52.00,"Id":"a012800000SBlH6AAL"}}|0x4c11ff40
04:34:24.0 (7717643)|STATEMENT_EXECUTE|[42]
04:34:24.0 (7719065)|STATEMENT_EXECUTE|[43]
04:34:24.0 (7738792)|METHOD_ENTRY|[1]|01p280000085nGG|PatientWrapper.PatientWrapper()
04:34:24.0 (7742041)|STATEMENT_EXECUTE|[1]
04:34:24.0 (7746110)|STATEMENT_EXECUTE|[1]
04:34:24.0 (7753636)|METHOD_EXIT|[1]|PatientWrapper
04:34:24.0 (7761915)|HEAP_ALLOCATE|[43]|Bytes:36
04:34:24.0 (7774142)|CONSTRUCTOR_ENTRY|[43]|01p280000085nGG|<init>()
04:34:24.0 (7796773)|VARIABLE_SCOPE_BEGIN|[1]|this|PatientWrapper|true|false
04:34:24.0 (7830734)|VARIABLE_ASSIGNMENT|[1]|this|{}|0x29a8a375
04:34:24.0 (7841013)|HEAP_ALLOCATE|[EXTERNAL]|Bytes:6
04:34:24.0 (7865770)|STATEMENT_EXECUTE|[1]
04:34:24.0 (7867790)|STATEMENT_EXECUTE|[3]
04:34:24.0 (7868995)|STATEMENT_EXECUTE|[6]
04:34:24.0 (7870104)|STATEMENT_EXECUTE|[9]
04:34:24.0 (7871268)|STATEMENT_EXECUTE|[12]
04:34:24.0 (7872314)|STATEMENT_EXECUTE|[15]
04:34:24.0 (7873593)|STATEMENT_EXECUTE|[18]
04:34:24.0 (7874675)|STATEMENT_EXECUTE|[21]
04:34:24.0 (7875676)|STATEMENT_EXECUTE|[24]
04:34:24.0 (7879465)|CONSTRUCTOR_EXIT|[43]|01p280000085nGG|<init>()
04:34:24.0 (7894477)|VARIABLE_ASSIGNMENT|[43]|wrapperObj|{}|0x29a8a375
04:34:24.0 (7897018)|STATEMENT_EXECUTE|[45]
04:34:24.0 (7929493)|HEAP_ALLOCATE|[45]|Bytes:18
04:34:24.0 (7947153)|VARIABLE_ASSIGNMENT|[45]|this.id|"a012800000SBlH6AAL"|0x29a8a375
04:34:24.0 (7950213)|STATEMENT_EXECUTE|[46]
04:34:24.0 (7974629)|VARIABLE_ASSIGNMENT|[46]|this.name|"Bhagyashri"|0x29a8a375
04:34:24.0 (7978113)|STATEMENT_EXECUTE|[47]
04:34:24.0 (8017458)|HEAP_ALLOCATE|[47]|Bytes:12
04:34:24.0 (8032174)|VARIABLE_ASSIGNMENT|[47]|this.steps|1000.0|0x29a8a375
04:34:24.0 (8034876)|STATEMENT_EXECUTE|[48]
04:34:24.0 (8056116)|HEAP_ALLOCATE|[48]|Bytes:12
04:34:24.0 (8065757)|VARIABLE_ASSIGNMENT|[48]|this.goal|5000.0|0x29a8a375
04:34:24.0 (8068080)|STATEMENT_EXECUTE|[49]
04:34:24.0 (8084602)|HEAP_ALLOCATE|[49]|Bytes:12
04:34:24.0 (8093252)|VARIABLE_ASSIGNMENT|[49]|this.heartRate|68.0|0x29a8a375
04:34:24.0 (8095691)|STATEMENT_EXECUTE|[50]
04:34:24.0 (8112675)|HEAP_ALLOCATE|[50]|Bytes:12
04:34:24.0 (8121727)|VARIABLE_ASSIGNMENT|[50]|this.height|5.3|0x29a8a375
04:34:24.0 (8123944)|STATEMENT_EXECUTE|[51]
04:34:24.0 (8139778)|HEAP_ALLOCATE|[51]|Bytes:12
04:34:24.0 (8148719)|VARIABLE_ASSIGNMENT|[51]|this.weight|52.0|0x29a8a375
04:34:24.0 (8150877)|STATEMENT_EXECUTE|[52]
04:34:24.0 (8170723)|VARIABLE_ASSIGNMENT|[52]|this.patient_Id|"P00003"|0x29a8a375
04:34:24.0 (8184359)|HEAP_ALLOCATE|[42]|Bytes:5
04:34:24.0 (8196500)|VARIABLE_ASSIGNMENT|[42]|patient|null|
04:34:24.0 (8199836)|STATEMENT_EXECUTE|[56]
04:34:24.0 (8203742)|HEAP_ALLOCATE|[56]|Bytes:14
04:34:24.0 (8262989)|HEAP_ALLOCATE|[56]|Bytes:142
04:34:24.0 (8278522)|HEAP_ALLOCATE|[56]|Bytes:156
04:34:24.0 (8288934)|USER_DEBUG|[56]|DEBUG|wrapperObj => PatientWrapper:[goal=5000.0, heartRate=68.0, height=5.3, id=a012800000SBlH6AAL, name=Bhagyashri, patient_Id=P00003, steps=1000.0, weight=52.0]
04:34:24.0 (8294577)|STATEMENT_EXECUTE|[57]
04:34:24.0 (8304412)|SYSTEM_MODE_EXIT|false
04:34:24.8 (8347446)|CUMULATIVE_LIMIT_USAGE
04:34:24.8 (8347446)|LIMIT_USAGE_FOR_NS|(default)|
  Number of SOQL queries: 1 out of 100
  Number of query rows: 1 out of 50000
  Number of SOSL queries: 0 out of 20
  Number of DML statements: 0 out of 150
  Number of DML rows: 0 out of 10000
  Maximum CPU time: 0 out of 10000
  Maximum heap size: 0 out of 6000000
  Number of callouts: 0 out of 100
  Number of Email Invocations: 0 out of 10
  Number of future calls: 0 out of 50
  Number of queueable jobs added to the queue: 0 out of 50
  Number of Mobile Apex push calls: 0 out of 10

04:34:24.8 (8347446)|CUMULATIVE_LIMIT_USAGE_END

04:34:24.0 (8389654)|CODE_UNIT_FINISHED|PatientWrapperController.getPatientsById
04:34:24.0 (10538091)|CODE_UNIT_STARTED|[EXTERNAL]|Aura
04:34:24.0 (10594999)|CODE_UNIT_FINISHED|Aura
