36.0 APEX_CODE,FINEST;APEX_PROFILING,INFO;CALLOUT,INFO;DB,INFO;SYSTEM,DEBUG;VALIDATION,INFO;VISUALFORCE,INFO;WORKFLOW,INFO
04:34:08.0 (619570)|EXECUTION_STARTED
04:34:08.0 (654970)|CODE_UNIT_STARTED|[EXTERNAL]|aura
04:34:08.0 (1225618)|HEAP_ALLOCATE|[72]|Bytes:3
04:34:08.0 (1270268)|HEAP_ALLOCATE|[77]|Bytes:152
04:34:08.0 (1294181)|HEAP_ALLOCATE|[342]|Bytes:408
04:34:08.0 (1320394)|HEAP_ALLOCATE|[355]|Bytes:408
04:34:08.0 (1344795)|HEAP_ALLOCATE|[467]|Bytes:48
04:34:08.0 (1375888)|HEAP_ALLOCATE|[139]|Bytes:6
04:34:08.0 (1408605)|HEAP_ALLOCATE|[EXTERNAL]|Bytes:6
04:34:08.0 (1430018)|HEAP_ALLOCATE|[EXTERNAL]|Bytes:6
04:34:08.0 (2948558)|CODE_UNIT_STARTED|[EXTERNAL]|01p280000085nGQ|PatientWrapperController.getPatientsById
04:34:08.0 (3769927)|HEAP_ALLOCATE|[EXTERNAL]|Bytes:7
04:34:08.0 (3778923)|HEAP_ALLOCATE|[EXTERNAL]|Bytes:14
04:34:08.0 (3797705)|METHOD_ENTRY|[1]|01p280000085nGQ|PatientWrapperController.PatientWrapperController()
04:34:08.0 (3801620)|STATEMENT_EXECUTE|[1]
04:34:08.0 (3808484)|STATEMENT_EXECUTE|[1]
04:34:08.0 (3816086)|METHOD_EXIT|[1]|PatientWrapperController
04:34:08.0 (3820871)|HEAP_ALLOCATE|[EXTERNAL]|Bytes:6
04:34:08.0 (3828848)|SYSTEM_MODE_ENTER|false
04:34:08.0 (3841097)|VARIABLE_SCOPE_BEGIN|[36]|patientId|String|false|false
04:34:08.0 (3871622)|VARIABLE_ASSIGNMENT|[36]|patientId|"P00002"
04:34:08.0 (3884170)|STATEMENT_EXECUTE|[36]
04:34:08.0 (3885821)|STATEMENT_EXECUTE|[38]
04:34:08.0 (3890122)|HEAP_ALLOCATE|[38]|Bytes:185
04:34:08.0 (3897073)|VARIABLE_SCOPE_BEGIN|[38]|query|String|false|false
04:34:08.0 (3908559)|VARIABLE_ASSIGNMENT|[38]|query|"SELECT Patient_Id__c (165 more) ..."
04:34:08.0 (3910629)|STATEMENT_EXECUTE|[39]
04:34:08.0 (3947758)|HEAP_ALLOCATE|[50]|Bytes:5
04:34:08.0 (3973268)|HEAP_ALLOCATE|[56]|Bytes:5
04:34:08.0 (3981583)|HEAP_ALLOCATE|[64]|Bytes:7
04:34:08.0 (5327581)|SOQL_EXECUTE_BEGIN|[39]|Aggregations:0|SELECT Patient_Id__c, Full_Name__c, Gender__c, Steps_Completed__c, Goal__c, Height__c, Heart_Rate__c, Weight__c FROM Patient__c where Patient_Id__c = :patientId ORDER BY createdDate ASC
04:34:08.0 (9677731)|SOQL_EXECUTE_END|[39]|Rows:1
04:34:08.0 (9693907)|HEAP_ALLOCATE|[39]|Bytes:8
04:34:08.0 (9708520)|HEAP_ALLOCATE|[39]|Bytes:350
04:34:08.0 (9786405)|HEAP_ALLOCATE|[39]|Bytes:8
04:34:08.0 (9812121)|VARIABLE_SCOPE_BEGIN|[39]|patientList|List<Patient__c>|true|false
04:34:08.0 (9859056)|VARIABLE_ASSIGNMENT|[39]|patientList|{"s":1,"v":[{"s":2,"v":{"Patient_Id__c":"P00002","Full_Name__c":"Pallavi","Gender__c":"Female","Steps_Completed__c":6000,"Goal__c":6000,"Height__c":4.00,"Heart_Rate__c":72,"Weight__c":68.00,"Id":"a012800000SBjJnAAL"}}]}|0x3dc6fb58
04:34:08.0 (9864926)|STATEMENT_EXECUTE|[40]
04:34:08.0 (9870480)|VARIABLE_SCOPE_BEGIN|[40]|wrapperObj|PatientWrapper|true|false
04:34:08.0 (9875801)|VARIABLE_ASSIGNMENT|[40]|wrapperObj|null|
04:34:08.0 (9877474)|STATEMENT_EXECUTE|[41]
04:34:08.0 (9881729)|HEAP_ALLOCATE|[41]|Bytes:15
04:34:08.0 (10031680)|HEAP_ALLOCATE|[41]|Bytes:188
04:34:08.0 (10057931)|HEAP_ALLOCATE|[41]|Bytes:203
04:34:08.0 (10082783)|USER_DEBUG|[41]|DEBUG|patientList => (Patient__c:{Patient_Id__c=P00002, Full_Name__c=Pallavi, Gender__c=Female, Steps_Completed__c=6000, Goal__c=6000, Height__c=4.00, Heart_Rate__c=72, Weight__c=68.00, Id=a012800000SBjJnAAL})
04:34:08.0 (10325151)|HEAP_ALLOCATE|[42]|Bytes:5
04:34:08.0 (10365225)|HEAP_ALLOCATE|[42]|Bytes:40
04:34:08.0 (10376336)|VARIABLE_SCOPE_BEGIN|[42]|patient|Patient__c|true|false
04:34:08.0 (10395840)|VARIABLE_ASSIGNMENT|[42]|patient|{"s":1,"v":{"Patient_Id__c":"P00002","Full_Name__c":"Pallavi","Gender__c":"Female","Steps_Completed__c":6000,"Goal__c":6000,"Height__c":4.00,"Heart_Rate__c":72,"Weight__c":68.00,"Id":"a012800000SBjJnAAL"}}|0xa12b6d9
04:34:08.0 (10399899)|STATEMENT_EXECUTE|[42]
04:34:08.0 (10401571)|STATEMENT_EXECUTE|[43]
04:34:08.0 (10433954)|METHOD_ENTRY|[1]|01p280000085nGG|PatientWrapper.PatientWrapper()
04:34:08.0 (10437574)|STATEMENT_EXECUTE|[1]
04:34:08.0 (10442149)|STATEMENT_EXECUTE|[1]
04:34:08.0 (10449686)|METHOD_EXIT|[1]|PatientWrapper
04:34:08.0 (10471172)|HEAP_ALLOCATE|[43]|Bytes:36
04:34:08.0 (10482882)|CONSTRUCTOR_ENTRY|[43]|01p280000085nGG|<init>()
04:34:08.0 (10520607)|VARIABLE_SCOPE_BEGIN|[1]|this|PatientWrapper|true|false
04:34:08.0 (10616373)|VARIABLE_ASSIGNMENT|[1]|this|{}|0x31e5fb3
04:34:08.0 (10627302)|HEAP_ALLOCATE|[EXTERNAL]|Bytes:6
04:34:08.0 (10652182)|STATEMENT_EXECUTE|[1]
04:34:08.0 (10654236)|STATEMENT_EXECUTE|[3]
04:34:08.0 (10655508)|STATEMENT_EXECUTE|[6]
04:34:08.0 (10656508)|STATEMENT_EXECUTE|[9]
04:34:08.0 (10657577)|STATEMENT_EXECUTE|[12]
04:34:08.0 (10658701)|STATEMENT_EXECUTE|[15]
04:34:08.0 (10659701)|STATEMENT_EXECUTE|[18]
04:34:08.0 (10660741)|STATEMENT_EXECUTE|[21]
04:34:08.0 (10661847)|STATEMENT_EXECUTE|[24]
04:34:08.0 (10666251)|CONSTRUCTOR_EXIT|[43]|01p280000085nGG|<init>()
04:34:08.0 (10682235)|VARIABLE_ASSIGNMENT|[43]|wrapperObj|{}|0x31e5fb3
04:34:08.0 (10684878)|STATEMENT_EXECUTE|[45]
04:34:08.0 (10716266)|HEAP_ALLOCATE|[45]|Bytes:18
04:34:08.0 (10733241)|VARIABLE_ASSIGNMENT|[45]|this.id|"a012800000SBjJnAAL"|0x31e5fb3
04:34:08.0 (10736068)|STATEMENT_EXECUTE|[46]
04:34:08.0 (10757961)|VARIABLE_ASSIGNMENT|[46]|this.name|"Pallavi"|0x31e5fb3
04:34:08.0 (10760838)|STATEMENT_EXECUTE|[47]
04:34:08.0 (10801493)|HEAP_ALLOCATE|[47]|Bytes:12
04:34:08.0 (10815545)|VARIABLE_ASSIGNMENT|[47]|this.steps|6000.0|0x31e5fb3
04:34:08.0 (10818021)|STATEMENT_EXECUTE|[48]
04:34:08.0 (10837829)|HEAP_ALLOCATE|[48]|Bytes:12
04:34:08.0 (10846982)|VARIABLE_ASSIGNMENT|[48]|this.goal|6000.0|0x31e5fb3
04:34:08.0 (10849080)|STATEMENT_EXECUTE|[49]
04:34:08.0 (10864959)|HEAP_ALLOCATE|[49]|Bytes:12
04:34:08.0 (10873447)|VARIABLE_ASSIGNMENT|[49]|this.heartRate|72.0|0x31e5fb3
04:34:08.0 (10875527)|STATEMENT_EXECUTE|[50]
04:34:08.0 (10890935)|HEAP_ALLOCATE|[50]|Bytes:12
04:34:08.0 (10899405)|VARIABLE_ASSIGNMENT|[50]|this.height|4.0|0x31e5fb3
04:34:08.0 (10901511)|STATEMENT_EXECUTE|[51]
04:34:08.0 (10916679)|HEAP_ALLOCATE|[51]|Bytes:12
04:34:08.0 (10925150)|VARIABLE_ASSIGNMENT|[51]|this.weight|68.0|0x31e5fb3
04:34:08.0 (10927178)|STATEMENT_EXECUTE|[52]
04:34:08.0 (10945287)|VARIABLE_ASSIGNMENT|[52]|this.patient_Id|"P00002"|0x31e5fb3
04:34:08.0 (10959009)|HEAP_ALLOCATE|[42]|Bytes:5
04:34:08.0 (10971098)|VARIABLE_ASSIGNMENT|[42]|patient|null|
04:34:08.0 (10974553)|STATEMENT_EXECUTE|[56]
04:34:08.0 (10977970)|HEAP_ALLOCATE|[56]|Bytes:14
04:34:08.0 (11041712)|HEAP_ALLOCATE|[56]|Bytes:139
04:34:08.0 (11060044)|HEAP_ALLOCATE|[56]|Bytes:153
04:34:08.0 (11070788)|USER_DEBUG|[56]|DEBUG|wrapperObj => PatientWrapper:[goal=6000.0, heartRate=72.0, height=4.0, id=a012800000SBjJnAAL, name=Pallavi, patient_Id=P00002, steps=6000.0, weight=68.0]
04:34:08.0 (11076451)|STATEMENT_EXECUTE|[57]
04:34:08.0 (11083589)|SYSTEM_MODE_EXIT|false
04:34:08.11 (11132264)|CUMULATIVE_LIMIT_USAGE
04:34:08.11 (11132264)|LIMIT_USAGE_FOR_NS|(default)|
  Number of SOQL queries: 1 out of 100
  Number of query rows: 1 out of 50000
  Number of SOSL queries: 0 out of 20
  Number of DML statements: 0 out of 150
  Number of DML rows: 0 out of 10000
  Maximum CPU time: 0 out of 10000
  Maximum heap size: 0 out of 6000000
  Number of callouts: 0 out of 100
  Number of Email Invocations: 0 out of 10
  Number of future calls: 0 out of 50
  Number of queueable jobs added to the queue: 0 out of 50
  Number of Mobile Apex push calls: 0 out of 10

04:34:08.11 (11132264)|CUMULATIVE_LIMIT_USAGE_END

04:34:08.0 (11194457)|CODE_UNIT_FINISHED|PatientWrapperController.getPatientsById
04:34:08.0 (13192728)|CODE_UNIT_STARTED|[EXTERNAL]|Aura
04:34:08.0 (13248086)|CODE_UNIT_FINISHED|Aura
