36.0 APEX_CODE,FINEST;APEX_PROFILING,INFO;CALLOUT,INFO;DB,INFO;SYSTEM,DEBUG;VALIDATION,INFO;VISUALFORCE,INFO;WORKFLOW,INFO
03:24:24.0 (414569)|EXECUTION_STARTED
03:24:24.0 (445119)|CODE_UNIT_STARTED|[EXTERNAL]|aura
03:24:24.0 (955934)|HEAP_ALLOCATE|[72]|Bytes:3
03:24:24.0 (995587)|HEAP_ALLOCATE|[77]|Bytes:152
03:24:24.0 (1010988)|HEAP_ALLOCATE|[342]|Bytes:408
03:24:24.0 (1030415)|HEAP_ALLOCATE|[355]|Bytes:408
03:24:24.0 (1047138)|HEAP_ALLOCATE|[467]|Bytes:48
03:24:24.0 (1079749)|HEAP_ALLOCATE|[139]|Bytes:6
03:24:24.0 (1104758)|HEAP_ALLOCATE|[EXTERNAL]|Bytes:6
03:24:24.0 (1127289)|HEAP_ALLOCATE|[EXTERNAL]|Bytes:6
03:24:24.0 (2449861)|CODE_UNIT_STARTED|[EXTERNAL]|01p280000085nGQ|PatientWrapperController.getPatientsById
03:24:24.0 (3003560)|HEAP_ALLOCATE|[EXTERNAL]|Bytes:7
03:24:24.0 (3011018)|HEAP_ALLOCATE|[EXTERNAL]|Bytes:14
03:24:24.0 (3028307)|METHOD_ENTRY|[1]|01p280000085nGQ|PatientWrapperController.PatientWrapperController()
03:24:24.0 (3033150)|STATEMENT_EXECUTE|[1]
03:24:24.0 (3038617)|STATEMENT_EXECUTE|[1]
03:24:24.0 (3045270)|METHOD_EXIT|[1]|PatientWrapperController
03:24:24.0 (3049597)|HEAP_ALLOCATE|[EXTERNAL]|Bytes:6
03:24:24.0 (3058321)|SYSTEM_MODE_ENTER|false
03:24:24.0 (3070532)|VARIABLE_SCOPE_BEGIN|[36]|patientId|String|false|false
03:24:24.0 (3101923)|VARIABLE_ASSIGNMENT|[36]|patientId|"P00002"
03:24:24.0 (3120405)|STATEMENT_EXECUTE|[36]
03:24:24.0 (3122309)|STATEMENT_EXECUTE|[38]
03:24:24.0 (3125951)|HEAP_ALLOCATE|[38]|Bytes:185
03:24:24.0 (3131623)|VARIABLE_SCOPE_BEGIN|[38]|query|String|false|false
03:24:24.0 (3141782)|VARIABLE_ASSIGNMENT|[38]|query|"SELECT Patient_Id__c (165 more) ..."
03:24:24.0 (3144067)|STATEMENT_EXECUTE|[39]
03:24:24.0 (3180979)|HEAP_ALLOCATE|[50]|Bytes:5
03:24:24.0 (3204750)|HEAP_ALLOCATE|[56]|Bytes:5
03:24:24.0 (3213177)|HEAP_ALLOCATE|[64]|Bytes:7
03:24:24.0 (4796847)|SOQL_EXECUTE_BEGIN|[39]|Aggregations:0|SELECT Patient_Id__c, Full_Name__c, Gender__c, Steps_Completed__c, Goal__c, Height__c, Heart_Rate__c, Weight__c FROM Patient__c where Patient_Id__c = :patientId ORDER BY createdDate ASC
03:24:24.0 (10487254)|SOQL_EXECUTE_END|[39]|Rows:1
03:24:24.0 (10511756)|HEAP_ALLOCATE|[39]|Bytes:8
03:24:24.0 (10537828)|HEAP_ALLOCATE|[39]|Bytes:350
03:24:24.0 (10642838)|HEAP_ALLOCATE|[39]|Bytes:8
03:24:24.0 (10780820)|VARIABLE_SCOPE_BEGIN|[39]|patientList|List<Patient__c>|true|false
03:24:24.0 (10828030)|VARIABLE_ASSIGNMENT|[39]|patientList|{"s":1,"v":[{"s":2,"v":{"Patient_Id__c":"P00002","Full_Name__c":"Pallavi","Gender__c":"Female","Steps_Completed__c":6000,"Goal__c":6000,"Height__c":4.00,"Heart_Rate__c":72,"Weight__c":68.00,"Id":"a012800000SBjJnAAL"}}]}|0x1f59e54e
03:24:24.0 (10833786)|STATEMENT_EXECUTE|[40]
03:24:24.0 (10839027)|VARIABLE_SCOPE_BEGIN|[40]|wrapperObj|PatientWrapper|true|false
03:24:24.0 (10844444)|VARIABLE_ASSIGNMENT|[40]|wrapperObj|null|
03:24:24.0 (10846774)|STATEMENT_EXECUTE|[41]
03:24:24.0 (10851318)|HEAP_ALLOCATE|[41]|Bytes:15
03:24:24.0 (10977065)|HEAP_ALLOCATE|[41]|Bytes:188
03:24:24.0 (11000057)|HEAP_ALLOCATE|[41]|Bytes:203
03:24:24.0 (11026005)|USER_DEBUG|[41]|DEBUG|patientList => (Patient__c:{Patient_Id__c=P00002, Full_Name__c=Pallavi, Gender__c=Female, Steps_Completed__c=6000, Goal__c=6000, Height__c=4.00, Heart_Rate__c=72, Weight__c=68.00, Id=a012800000SBjJnAAL})
03:24:24.0 (11385033)|HEAP_ALLOCATE|[42]|Bytes:5
03:24:24.0 (11436179)|HEAP_ALLOCATE|[42]|Bytes:40
03:24:24.0 (11449885)|VARIABLE_SCOPE_BEGIN|[42]|patient|Patient__c|true|false
03:24:24.0 (11476274)|VARIABLE_ASSIGNMENT|[42]|patient|{"s":1,"v":{"Patient_Id__c":"P00002","Full_Name__c":"Pallavi","Gender__c":"Female","Steps_Completed__c":6000,"Goal__c":6000,"Height__c":4.00,"Heart_Rate__c":72,"Weight__c":68.00,"Id":"a012800000SBjJnAAL"}}|0xe685278
03:24:24.0 (11482548)|STATEMENT_EXECUTE|[42]
03:24:24.0 (11484736)|STATEMENT_EXECUTE|[43]
03:24:24.0 (11524061)|METHOD_ENTRY|[1]|01p280000085nGG|PatientWrapper.PatientWrapper()
03:24:24.0 (11530408)|STATEMENT_EXECUTE|[1]
03:24:24.0 (11537038)|STATEMENT_EXECUTE|[1]
03:24:24.0 (11547588)|METHOD_EXIT|[1]|PatientWrapper
03:24:24.0 (11651539)|HEAP_ALLOCATE|[43]|Bytes:36
03:24:24.0 (11667644)|CONSTRUCTOR_ENTRY|[43]|01p280000085nGG|<init>()
03:24:24.0 (11715319)|VARIABLE_SCOPE_BEGIN|[1]|this|PatientWrapper|true|false
03:24:24.0 (11828826)|VARIABLE_ASSIGNMENT|[1]|this|{}|0x5a4ed8e4
03:24:24.0 (11840832)|HEAP_ALLOCATE|[EXTERNAL]|Bytes:6
03:24:24.0 (11867473)|STATEMENT_EXECUTE|[1]
03:24:24.0 (11869684)|STATEMENT_EXECUTE|[3]
03:24:24.0 (11871008)|STATEMENT_EXECUTE|[6]
03:24:24.0 (11872046)|STATEMENT_EXECUTE|[9]
03:24:24.0 (11873156)|STATEMENT_EXECUTE|[12]
03:24:24.0 (11874189)|STATEMENT_EXECUTE|[15]
03:24:24.0 (11875162)|STATEMENT_EXECUTE|[18]
03:24:24.0 (11876140)|STATEMENT_EXECUTE|[21]
03:24:24.0 (11877075)|STATEMENT_EXECUTE|[24]
03:24:24.0 (11881347)|CONSTRUCTOR_EXIT|[43]|01p280000085nGG|<init>()
03:24:24.0 (11898150)|VARIABLE_ASSIGNMENT|[43]|wrapperObj|{}|0x5a4ed8e4
03:24:24.0 (11901061)|STATEMENT_EXECUTE|[45]
03:24:24.0 (11937373)|HEAP_ALLOCATE|[45]|Bytes:18
03:24:24.0 (11954806)|VARIABLE_ASSIGNMENT|[45]|this.id|"a012800000SBjJnAAL"|0x5a4ed8e4
03:24:24.0 (11957790)|STATEMENT_EXECUTE|[46]
03:24:24.0 (11981891)|VARIABLE_ASSIGNMENT|[46]|this.name|"Pallavi"|0x5a4ed8e4
03:24:24.0 (11984878)|STATEMENT_EXECUTE|[47]
03:24:24.0 (12046307)|HEAP_ALLOCATE|[47]|Bytes:12
03:24:24.0 (12062057)|VARIABLE_ASSIGNMENT|[47]|this.steps|6000.0|0x5a4ed8e4
03:24:24.0 (12064805)|STATEMENT_EXECUTE|[48]
03:24:24.0 (12086521)|HEAP_ALLOCATE|[48]|Bytes:12
03:24:24.0 (12095739)|VARIABLE_ASSIGNMENT|[48]|this.goal|6000.0|0x5a4ed8e4
03:24:24.0 (12098031)|STATEMENT_EXECUTE|[49]
03:24:24.0 (12114002)|HEAP_ALLOCATE|[49]|Bytes:12
03:24:24.0 (12127860)|VARIABLE_ASSIGNMENT|[49]|this.heartRate|72.0|0x5a4ed8e4
03:24:24.0 (12130380)|STATEMENT_EXECUTE|[50]
03:24:24.0 (12147329)|HEAP_ALLOCATE|[50]|Bytes:12
03:24:24.0 (12156073)|VARIABLE_ASSIGNMENT|[50]|this.height|4.0|0x5a4ed8e4
03:24:24.0 (12158287)|STATEMENT_EXECUTE|[51]
03:24:24.0 (12173570)|HEAP_ALLOCATE|[51]|Bytes:12
03:24:24.0 (12182447)|VARIABLE_ASSIGNMENT|[51]|this.weight|68.0|0x5a4ed8e4
03:24:24.0 (12184559)|STATEMENT_EXECUTE|[52]
03:24:24.0 (12203450)|VARIABLE_ASSIGNMENT|[52]|this.patient_Id|"P00002"|0x5a4ed8e4
03:24:24.0 (12217738)|HEAP_ALLOCATE|[42]|Bytes:5
03:24:24.0 (12229958)|VARIABLE_ASSIGNMENT|[42]|patient|null|
03:24:24.0 (12233585)|STATEMENT_EXECUTE|[56]
03:24:24.0 (12237036)|HEAP_ALLOCATE|[56]|Bytes:14
03:24:24.0 (12300323)|HEAP_ALLOCATE|[56]|Bytes:139
03:24:24.0 (12316716)|HEAP_ALLOCATE|[56]|Bytes:153
03:24:24.0 (12326740)|USER_DEBUG|[56]|DEBUG|wrapperObj => PatientWrapper:[goal=6000.0, heartRate=72.0, height=4.0, id=a012800000SBjJnAAL, name=Pallavi, patient_Id=P00002, steps=6000.0, weight=68.0]
03:24:24.0 (12332643)|STATEMENT_EXECUTE|[57]
03:24:24.0 (12344578)|SYSTEM_MODE_EXIT|false
03:24:24.12 (12388960)|CUMULATIVE_LIMIT_USAGE
03:24:24.12 (12388960)|LIMIT_USAGE_FOR_NS|(default)|
  Number of SOQL queries: 1 out of 100
  Number of query rows: 1 out of 50000
  Number of SOSL queries: 0 out of 20
  Number of DML statements: 0 out of 150
  Number of DML rows: 0 out of 10000
  Maximum CPU time: 0 out of 10000
  Maximum heap size: 0 out of 6000000
  Number of callouts: 0 out of 100
  Number of Email Invocations: 0 out of 10
  Number of future calls: 0 out of 50
  Number of queueable jobs added to the queue: 0 out of 50
  Number of Mobile Apex push calls: 0 out of 10

03:24:24.12 (12388960)|CUMULATIVE_LIMIT_USAGE_END

03:24:24.0 (12428723)|CODE_UNIT_FINISHED|PatientWrapperController.getPatientsById
03:24:24.0 (14328273)|CODE_UNIT_STARTED|[EXTERNAL]|Aura
03:24:24.0 (14386319)|CODE_UNIT_FINISHED|Aura
03:24:24.0 (14595884)|HEAP_ALLOCATE|[EXTERNAL]|Bytes:6
03:24:24.0 (14614381)|HEAP_ALLOCATE|[EXTERNAL]|Bytes:6
03:24:24.0 (16177792)|CODE_UNIT_STARTED|[EXTERNAL]|01p280000085nGQ|PatientWrapperController.getPatientsById
03:24:24.0 (16235717)|HEAP_ALLOCATE|[EXTERNAL]|Bytes:6
03:24:24.0 (16249124)|SYSTEM_MODE_ENTER|false
03:24:24.0 (16258495)|VARIABLE_SCOPE_BEGIN|[36]|patientId|String|false|false
03:24:24.0 (16270450)|VARIABLE_ASSIGNMENT|[36]|patientId|"P00002"
03:24:24.0 (16277831)|STATEMENT_EXECUTE|[36]
03:24:24.0 (16279512)|STATEMENT_EXECUTE|[38]
03:24:24.0 (16285052)|VARIABLE_SCOPE_BEGIN|[38]|query|String|false|false
03:24:24.0 (16296808)|VARIABLE_ASSIGNMENT|[38]|query|"SELECT Patient_Id__c (165 more) ..."
03:24:24.0 (16299230)|STATEMENT_EXECUTE|[39]
03:24:24.0 (16674415)|SOQL_EXECUTE_BEGIN|[39]|Aggregations:0|SELECT Patient_Id__c, Full_Name__c, Gender__c, Steps_Completed__c, Goal__c, Height__c, Heart_Rate__c, Weight__c FROM Patient__c where Patient_Id__c = :patientId ORDER BY createdDate ASC
03:24:24.0 (19655567)|SOQL_EXECUTE_END|[39]|Rows:1
03:24:24.0 (19670029)|HEAP_ALLOCATE|[39]|Bytes:8
03:24:24.0 (19688696)|HEAP_ALLOCATE|[39]|Bytes:350
03:24:24.0 (19724209)|HEAP_ALLOCATE|[39]|Bytes:8
03:24:24.0 (19747955)|VARIABLE_SCOPE_BEGIN|[39]|patientList|List<Patient__c>|true|false
03:24:24.0 (19789340)|VARIABLE_ASSIGNMENT|[39]|patientList|{"s":1,"v":[{"s":2,"v":{"Patient_Id__c":"P00002","Full_Name__c":"Pallavi","Gender__c":"Female","Steps_Completed__c":6000,"Goal__c":6000,"Height__c":4.00,"Heart_Rate__c":72,"Weight__c":68.00,"Id":"a012800000SBjJnAAL"}}]}|0x2348a820
03:24:24.0 (19794162)|STATEMENT_EXECUTE|[40]
03:24:24.0 (19798407)|VARIABLE_SCOPE_BEGIN|[40]|wrapperObj|PatientWrapper|true|false
03:24:24.0 (19803578)|VARIABLE_ASSIGNMENT|[40]|wrapperObj|null|
03:24:24.0 (19805382)|STATEMENT_EXECUTE|[41]
03:24:24.0 (19880544)|HEAP_ALLOCATE|[41]|Bytes:188
03:24:24.0 (19897614)|HEAP_ALLOCATE|[41]|Bytes:203
03:24:24.0 (19908591)|USER_DEBUG|[41]|DEBUG|patientList => (Patient__c:{Patient_Id__c=P00002, Full_Name__c=Pallavi, Gender__c=Female, Steps_Completed__c=6000, Goal__c=6000, Height__c=4.00, Heart_Rate__c=72, Weight__c=68.00, Id=a012800000SBjJnAAL})
03:24:24.0 (19938027)|HEAP_ALLOCATE|[42]|Bytes:5
03:24:24.0 (19964496)|HEAP_ALLOCATE|[42]|Bytes:40
03:24:24.0 (19975579)|VARIABLE_SCOPE_BEGIN|[42]|patient|Patient__c|true|false
03:24:24.0 (19994346)|VARIABLE_ASSIGNMENT|[42]|patient|{"s":1,"v":{"Patient_Id__c":"P00002","Full_Name__c":"Pallavi","Gender__c":"Female","Steps_Completed__c":6000,"Goal__c":6000,"Height__c":4.00,"Heart_Rate__c":72,"Weight__c":68.00,"Id":"a012800000SBjJnAAL"}}|0x754d2a
03:24:24.0 (19998990)|STATEMENT_EXECUTE|[42]
03:24:24.0 (20000402)|STATEMENT_EXECUTE|[43]
03:24:24.0 (20005952)|HEAP_ALLOCATE|[43]|Bytes:36
03:24:24.0 (20015107)|CONSTRUCTOR_ENTRY|[43]|01p280000085nGG|<init>()
03:24:24.0 (20021767)|VARIABLE_SCOPE_BEGIN|[1]|this|PatientWrapper|true|false
03:24:24.0 (20049946)|VARIABLE_ASSIGNMENT|[1]|this|{}|0x568b2e7f
03:24:24.0 (20066227)|STATEMENT_EXECUTE|[1]
03:24:24.0 (20067868)|STATEMENT_EXECUTE|[3]
03:24:24.0 (20069025)|STATEMENT_EXECUTE|[6]
03:24:24.0 (20069989)|STATEMENT_EXECUTE|[9]
03:24:24.0 (20071031)|STATEMENT_EXECUTE|[12]
03:24:24.0 (20071987)|STATEMENT_EXECUTE|[15]
03:24:24.0 (20073164)|STATEMENT_EXECUTE|[18]
03:24:24.0 (20074376)|STATEMENT_EXECUTE|[21]
03:24:24.0 (20075490)|STATEMENT_EXECUTE|[24]
03:24:24.0 (20079489)|CONSTRUCTOR_EXIT|[43]|01p280000085nGG|<init>()
03:24:24.0 (20092425)|VARIABLE_ASSIGNMENT|[43]|wrapperObj|{}|0x568b2e7f
03:24:24.0 (20095213)|STATEMENT_EXECUTE|[45]
03:24:24.0 (20108925)|HEAP_ALLOCATE|[45]|Bytes:18
03:24:24.0 (20126533)|VARIABLE_ASSIGNMENT|[45]|this.id|"a012800000SBjJnAAL"|0x568b2e7f
03:24:24.0 (20129273)|STATEMENT_EXECUTE|[46]
03:24:24.0 (20138428)|VARIABLE_ASSIGNMENT|[46]|this.name|"Pallavi"|0x568b2e7f
03:24:24.0 (20140609)|STATEMENT_EXECUTE|[47]
03:24:24.0 (20155343)|HEAP_ALLOCATE|[47]|Bytes:12
03:24:24.0 (20163448)|VARIABLE_ASSIGNMENT|[47]|this.steps|6000.0|0x568b2e7f
03:24:24.0 (20165594)|STATEMENT_EXECUTE|[48]
03:24:24.0 (20172189)|HEAP_ALLOCATE|[48]|Bytes:12
03:24:24.0 (20178307)|VARIABLE_ASSIGNMENT|[48]|this.goal|6000.0|0x568b2e7f
03:24:24.0 (20180374)|STATEMENT_EXECUTE|[49]
03:24:24.0 (20186463)|HEAP_ALLOCATE|[49]|Bytes:12
03:24:24.0 (20192413)|VARIABLE_ASSIGNMENT|[49]|this.heartRate|72.0|0x568b2e7f
03:24:24.0 (20194357)|STATEMENT_EXECUTE|[50]
03:24:24.0 (20200529)|HEAP_ALLOCATE|[50]|Bytes:12
03:24:24.0 (20207032)|VARIABLE_ASSIGNMENT|[50]|this.height|4.0|0x568b2e7f
03:24:24.0 (20209111)|STATEMENT_EXECUTE|[51]
03:24:24.0 (20214969)|HEAP_ALLOCATE|[51]|Bytes:12
03:24:24.0 (20221213)|VARIABLE_ASSIGNMENT|[51]|this.weight|68.0|0x568b2e7f
03:24:24.0 (20223418)|STATEMENT_EXECUTE|[52]
03:24:24.0 (20231392)|VARIABLE_ASSIGNMENT|[52]|this.patient_Id|"P00002"|0x568b2e7f
03:24:24.0 (20243157)|HEAP_ALLOCATE|[42]|Bytes:5
03:24:24.0 (20254344)|VARIABLE_ASSIGNMENT|[42]|patient|null|
03:24:24.0 (20257771)|STATEMENT_EXECUTE|[56]
03:24:24.0 (20296016)|HEAP_ALLOCATE|[56]|Bytes:139
03:24:24.0 (20308526)|HEAP_ALLOCATE|[56]|Bytes:153
03:24:24.0 (20316561)|USER_DEBUG|[56]|DEBUG|wrapperObj => PatientWrapper:[goal=6000.0, heartRate=72.0, height=4.0, id=a012800000SBjJnAAL, name=Pallavi, patient_Id=P00002, steps=6000.0, weight=68.0]
03:24:24.0 (20321989)|STATEMENT_EXECUTE|[57]
03:24:24.0 (20330293)|SYSTEM_MODE_EXIT|false
03:24:24.20 (20369922)|CUMULATIVE_LIMIT_USAGE
03:24:24.20 (20369922)|LIMIT_USAGE_FOR_NS|(default)|
  Number of SOQL queries: 2 out of 100
  Number of query rows: 2 out of 50000
  Number of SOSL queries: 0 out of 20
  Number of DML statements: 0 out of 150
  Number of DML rows: 0 out of 10000
  Maximum CPU time: 0 out of 10000
  Maximum heap size: 0 out of 6000000
  Number of callouts: 0 out of 100
  Number of Email Invocations: 0 out of 10
  Number of future calls: 0 out of 50
  Number of queueable jobs added to the queue: 0 out of 50
  Number of Mobile Apex push calls: 0 out of 10

03:24:24.20 (20369922)|CUMULATIVE_LIMIT_USAGE_END

03:24:24.0 (20409120)|CODE_UNIT_FINISHED|PatientWrapperController.getPatientsById
03:24:24.0 (22877578)|CODE_UNIT_STARTED|[EXTERNAL]|Aura
03:24:24.0 (22929233)|CODE_UNIT_FINISHED|Aura
