36.0 APEX_CODE,FINEST;APEX_PROFILING,INFO;CALLOUT,INFO;DB,INFO;SYSTEM,DEBUG;VALIDATION,INFO;VISUALFORCE,INFO;WORKFLOW,INFO
04:43:19.0 (506905)|EXECUTION_STARTED
04:43:19.0 (538570)|CODE_UNIT_STARTED|[EXTERNAL]|aura
04:43:19.0 (1060379)|HEAP_ALLOCATE|[72]|Bytes:3
04:43:19.0 (1120691)|HEAP_ALLOCATE|[77]|Bytes:152
04:43:19.0 (1139897)|HEAP_ALLOCATE|[342]|Bytes:408
04:43:19.0 (1159082)|HEAP_ALLOCATE|[355]|Bytes:408
04:43:19.0 (1177501)|HEAP_ALLOCATE|[467]|Bytes:48
04:43:19.0 (1205568)|HEAP_ALLOCATE|[139]|Bytes:6
04:43:19.0 (1230197)|HEAP_ALLOCATE|[EXTERNAL]|Bytes:6
04:43:19.0 (1247447)|HEAP_ALLOCATE|[EXTERNAL]|Bytes:6
04:43:19.0 (2688646)|CODE_UNIT_STARTED|[EXTERNAL]|01p280000085nGQ|PatientWrapperController.getPatientsById
04:43:19.0 (2823033)|HEAP_ALLOCATE|[EXTERNAL]|Bytes:7
04:43:19.0 (2828592)|HEAP_ALLOCATE|[EXTERNAL]|Bytes:14
04:43:19.0 (2843449)|METHOD_ENTRY|[1]|01p280000085nGQ|PatientWrapperController.PatientWrapperController()
04:43:19.0 (2848074)|STATEMENT_EXECUTE|[1]
04:43:19.0 (2854109)|STATEMENT_EXECUTE|[1]
04:43:19.0 (2860398)|METHOD_EXIT|[1]|PatientWrapperController
04:43:19.0 (2864562)|HEAP_ALLOCATE|[EXTERNAL]|Bytes:6
04:43:19.0 (2877571)|SYSTEM_MODE_ENTER|false
04:43:19.0 (2890735)|VARIABLE_SCOPE_BEGIN|[36]|patientId|String|false|false
04:43:19.0 (2914235)|VARIABLE_ASSIGNMENT|[36]|patientId|"P00003"
04:43:19.0 (2925274)|STATEMENT_EXECUTE|[36]
04:43:19.0 (2926911)|STATEMENT_EXECUTE|[38]
04:43:19.0 (2930955)|HEAP_ALLOCATE|[38]|Bytes:185
04:43:19.0 (2937199)|VARIABLE_SCOPE_BEGIN|[38]|query|String|false|false
04:43:19.0 (2947171)|VARIABLE_ASSIGNMENT|[38]|query|"SELECT Patient_Id__c (165 more) ..."
04:43:19.0 (2949251)|STATEMENT_EXECUTE|[39]
04:43:19.0 (2985794)|HEAP_ALLOCATE|[50]|Bytes:5
04:43:19.0 (3009930)|HEAP_ALLOCATE|[56]|Bytes:5
04:43:19.0 (3019539)|HEAP_ALLOCATE|[64]|Bytes:7
04:43:19.0 (4504478)|SOQL_EXECUTE_BEGIN|[39]|Aggregations:0|SELECT Patient_Id__c, Full_Name__c, Gender__c, Steps_Completed__c, Goal__c, Height__c, Heart_Rate__c, Weight__c FROM Patient__c where Patient_Id__c = :patientId ORDER BY createdDate ASC
04:43:19.0 (8340933)|SOQL_EXECUTE_END|[39]|Rows:1
04:43:19.0 (8356436)|HEAP_ALLOCATE|[39]|Bytes:8
04:43:19.0 (8379959)|HEAP_ALLOCATE|[39]|Bytes:353
04:43:19.0 (8477645)|HEAP_ALLOCATE|[39]|Bytes:8
04:43:19.0 (8497304)|VARIABLE_SCOPE_BEGIN|[39]|patientList|List<Patient__c>|true|false
04:43:19.0 (8537534)|VARIABLE_ASSIGNMENT|[39]|patientList|{"s":1,"v":[{"s":2,"v":{"Patient_Id__c":"P00003","Full_Name__c":"Bhagyashri","Gender__c":"Female","Steps_Completed__c":1000,"Goal__c":5000,"Height__c":5.30,"Heart_Rate__c":68,"Weight__c":52.00,"Id":"a012800000SBlH6AAL"}}]}|0x6bc2a0f8
04:43:19.0 (8542377)|STATEMENT_EXECUTE|[40]
04:43:19.0 (8546376)|VARIABLE_SCOPE_BEGIN|[40]|wrapperObj|PatientWrapper|true|false
04:43:19.0 (8551935)|VARIABLE_ASSIGNMENT|[40]|wrapperObj|null|
04:43:19.0 (8553997)|STATEMENT_EXECUTE|[41]
04:43:19.0 (8558217)|HEAP_ALLOCATE|[41]|Bytes:15
04:43:19.0 (8652916)|HEAP_ALLOCATE|[41]|Bytes:191
04:43:19.0 (8674095)|HEAP_ALLOCATE|[41]|Bytes:206
04:43:19.0 (8696142)|USER_DEBUG|[41]|DEBUG|patientList => (Patient__c:{Patient_Id__c=P00003, Full_Name__c=Bhagyashri, Gender__c=Female, Steps_Completed__c=1000, Goal__c=5000, Height__c=5.30, Heart_Rate__c=68, Weight__c=52.00, Id=a012800000SBlH6AAL})
04:43:19.0 (8916906)|HEAP_ALLOCATE|[42]|Bytes:5
04:43:19.0 (8959266)|HEAP_ALLOCATE|[42]|Bytes:40
04:43:19.0 (8970862)|VARIABLE_SCOPE_BEGIN|[42]|patient|Patient__c|true|false
04:43:19.0 (8990441)|VARIABLE_ASSIGNMENT|[42]|patient|{"s":1,"v":{"Patient_Id__c":"P00003","Full_Name__c":"Bhagyashri","Gender__c":"Female","Steps_Completed__c":1000,"Goal__c":5000,"Height__c":5.30,"Heart_Rate__c":68,"Weight__c":52.00,"Id":"a012800000SBlH6AAL"}}|0x7ecd3e80
04:43:19.0 (8994564)|STATEMENT_EXECUTE|[42]
04:43:19.0 (8996009)|STATEMENT_EXECUTE|[43]
04:43:19.0 (9007535)|METHOD_ENTRY|[1]|01p280000085nGG|PatientWrapper.PatientWrapper()
04:43:19.0 (9011545)|STATEMENT_EXECUTE|[1]
04:43:19.0 (9014548)|STATEMENT_EXECUTE|[1]
04:43:19.0 (9020317)|METHOD_EXIT|[1]|PatientWrapper
04:43:19.0 (9026981)|HEAP_ALLOCATE|[43]|Bytes:36
04:43:19.0 (9039820)|CONSTRUCTOR_ENTRY|[43]|01p280000085nGG|<init>()
04:43:19.0 (9059102)|VARIABLE_SCOPE_BEGIN|[1]|this|PatientWrapper|true|false
04:43:19.0 (9097366)|VARIABLE_ASSIGNMENT|[1]|this|{}|0x1628a93d
04:43:19.0 (9107292)|HEAP_ALLOCATE|[EXTERNAL]|Bytes:6
04:43:19.0 (9130447)|STATEMENT_EXECUTE|[1]
04:43:19.0 (9132452)|STATEMENT_EXECUTE|[3]
04:43:19.0 (9133771)|STATEMENT_EXECUTE|[6]
04:43:19.0 (9134983)|STATEMENT_EXECUTE|[9]
04:43:19.0 (9136096)|STATEMENT_EXECUTE|[12]
04:43:19.0 (9137322)|STATEMENT_EXECUTE|[15]
04:43:19.0 (9138581)|STATEMENT_EXECUTE|[18]
04:43:19.0 (9139883)|STATEMENT_EXECUTE|[21]
04:43:19.0 (9141054)|STATEMENT_EXECUTE|[24]
04:43:19.0 (9146084)|CONSTRUCTOR_EXIT|[43]|01p280000085nGG|<init>()
04:43:19.0 (9164681)|VARIABLE_ASSIGNMENT|[43]|wrapperObj|{}|0x1628a93d
04:43:19.0 (9167566)|STATEMENT_EXECUTE|[45]
04:43:19.0 (9203403)|HEAP_ALLOCATE|[45]|Bytes:18
04:43:19.0 (9218747)|VARIABLE_ASSIGNMENT|[45]|this.id|"a012800000SBlH6AAL"|0x1628a93d
04:43:19.0 (9221666)|STATEMENT_EXECUTE|[46]
04:43:19.0 (9245288)|VARIABLE_ASSIGNMENT|[46]|this.name|"Bhagyashri"|0x1628a93d
04:43:19.0 (9248513)|STATEMENT_EXECUTE|[47]
04:43:19.0 (9290483)|HEAP_ALLOCATE|[47]|Bytes:12
04:43:19.0 (9304333)|VARIABLE_ASSIGNMENT|[47]|this.steps|1000.0|0x1628a93d
04:43:19.0 (9307106)|STATEMENT_EXECUTE|[48]
04:43:19.0 (9327409)|HEAP_ALLOCATE|[48]|Bytes:12
04:43:19.0 (9337665)|VARIABLE_ASSIGNMENT|[48]|this.goal|5000.0|0x1628a93d
04:43:19.0 (9340339)|STATEMENT_EXECUTE|[49]
04:43:19.0 (9357126)|HEAP_ALLOCATE|[49]|Bytes:12
04:43:19.0 (9370875)|VARIABLE_ASSIGNMENT|[49]|this.heartRate|68.0|0x1628a93d
04:43:19.0 (9373653)|STATEMENT_EXECUTE|[50]
04:43:19.0 (9391737)|HEAP_ALLOCATE|[50]|Bytes:12
04:43:19.0 (9402693)|VARIABLE_ASSIGNMENT|[50]|this.height|5.3|0x1628a93d
04:43:19.0 (9405203)|STATEMENT_EXECUTE|[51]
04:43:19.0 (9421536)|HEAP_ALLOCATE|[51]|Bytes:12
04:43:19.0 (9431697)|VARIABLE_ASSIGNMENT|[51]|this.weight|52.0|0x1628a93d
04:43:19.0 (9434055)|STATEMENT_EXECUTE|[52]
04:43:19.0 (9454168)|VARIABLE_ASSIGNMENT|[52]|this.patient_Id|"P00003"|0x1628a93d
04:43:19.0 (9468684)|HEAP_ALLOCATE|[42]|Bytes:5
04:43:19.0 (9481208)|VARIABLE_ASSIGNMENT|[42]|patient|null|
04:43:19.0 (9484831)|STATEMENT_EXECUTE|[56]
04:43:19.0 (9488293)|HEAP_ALLOCATE|[56]|Bytes:14
04:43:19.0 (9545258)|HEAP_ALLOCATE|[56]|Bytes:142
04:43:19.0 (9560289)|HEAP_ALLOCATE|[56]|Bytes:156
04:43:19.0 (9570694)|USER_DEBUG|[56]|DEBUG|wrapperObj => PatientWrapper:[goal=5000.0, heartRate=68.0, height=5.3, id=a012800000SBlH6AAL, name=Bhagyashri, patient_Id=P00003, steps=1000.0, weight=52.0]
04:43:19.0 (9576837)|STATEMENT_EXECUTE|[57]
04:43:19.0 (9585040)|SYSTEM_MODE_EXIT|false
04:43:19.9 (9630781)|CUMULATIVE_LIMIT_USAGE
04:43:19.9 (9630781)|LIMIT_USAGE_FOR_NS|(default)|
  Number of SOQL queries: 1 out of 100
  Number of query rows: 1 out of 50000
  Number of SOSL queries: 0 out of 20
  Number of DML statements: 0 out of 150
  Number of DML rows: 0 out of 10000
  Maximum CPU time: 0 out of 10000
  Maximum heap size: 0 out of 6000000
  Number of callouts: 0 out of 100
  Number of Email Invocations: 0 out of 10
  Number of future calls: 0 out of 50
  Number of queueable jobs added to the queue: 0 out of 50
  Number of Mobile Apex push calls: 0 out of 10

04:43:19.9 (9630781)|CUMULATIVE_LIMIT_USAGE_END

04:43:19.0 (9678218)|CODE_UNIT_FINISHED|PatientWrapperController.getPatientsById
04:43:19.0 (11810025)|CODE_UNIT_STARTED|[EXTERNAL]|Aura
04:43:19.0 (11860684)|CODE_UNIT_FINISHED|Aura
