36.0 APEX_CODE,FINEST;APEX_PROFILING,INFO;CALLOUT,INFO;DB,INFO;SYSTEM,DEBUG;VALIDATION,INFO;VISUALFORCE,INFO;WORKFLOW,INFO
03:08:41.0 (370219)|EXECUTION_STARTED
03:08:41.0 (399516)|CODE_UNIT_STARTED|[EXTERNAL]|01p280000085nGQ|PatientWrapperController.sysncFitBitData
03:08:41.0 (1142260)|HEAP_ALLOCATE|[72]|Bytes:3
03:08:41.0 (1180364)|HEAP_ALLOCATE|[77]|Bytes:152
03:08:41.0 (1195641)|HEAP_ALLOCATE|[342]|Bytes:408
03:08:41.0 (1212248)|HEAP_ALLOCATE|[355]|Bytes:408
03:08:41.0 (1228209)|HEAP_ALLOCATE|[467]|Bytes:48
03:08:41.0 (1255524)|HEAP_ALLOCATE|[139]|Bytes:6
03:08:41.0 (1275945)|HEAP_ALLOCATE|[EXTERNAL]|Bytes:7
03:08:41.0 (1280252)|HEAP_ALLOCATE|[EXTERNAL]|Bytes:14
03:08:41.0 (1297685)|METHOD_ENTRY|[1]|01p280000085nGQ|PatientWrapperController.PatientWrapperController()
03:08:41.0 (1302575)|STATEMENT_EXECUTE|[1]
03:08:41.0 (1308309)|STATEMENT_EXECUTE|[1]
03:08:41.0 (1314478)|METHOD_EXIT|[1]|PatientWrapperController
03:08:41.0 (1328054)|SYSTEM_MODE_ENTER|false
03:08:41.0 (1341018)|STATEMENT_EXECUTE|[72]
03:08:41.0 (1342823)|STATEMENT_EXECUTE|[74]
03:08:41.0 (1346364)|HEAP_ALLOCATE|[74]|Bytes:157
03:08:41.0 (1355802)|VARIABLE_SCOPE_BEGIN|[74]|query|String|false|false
03:08:41.0 (1394906)|VARIABLE_ASSIGNMENT|[74]|query|"SELECT Patient_Id__c (137 more) ..."
03:08:41.0 (1398444)|STATEMENT_EXECUTE|[76]
03:08:41.0 (1432632)|HEAP_ALLOCATE|[50]|Bytes:5
03:08:41.0 (1451667)|HEAP_ALLOCATE|[56]|Bytes:5
03:08:41.0 (1460311)|HEAP_ALLOCATE|[64]|Bytes:7
03:08:41.0 (2847854)|SOQL_EXECUTE_BEGIN|[76]|Aggregations:0|SELECT Patient_Id__c, Full_Name__c, Gender__c, Steps_Completed__c, Goal__c, Height__c FROM Patient__c where Patient_Id__c = '4LR2VZ' ORDER BY createdDate ASC
03:08:41.0 (7397866)|SOQL_EXECUTE_END|[76]|Rows:1
03:08:41.0 (7413847)|HEAP_ALLOCATE|[76]|Bytes:8
03:08:41.0 (7430108)|HEAP_ALLOCATE|[76]|Bytes:250
03:08:41.0 (7493095)|HEAP_ALLOCATE|[76]|Bytes:8
03:08:41.0 (7515375)|VARIABLE_SCOPE_BEGIN|[76]|patientList|List<Patient__c>|true|false
03:08:41.0 (7557452)|VARIABLE_ASSIGNMENT|[76]|patientList|{"s":1,"v":[{"s":2,"v":{"Patient_Id__c":"4LR2VZ","Full_Name__c":"Purushottam","Gender__c":"Male","Steps_Completed__c":1000,"Goal__c":5000,"Height__c":5.00,"Id":"a012800000SBjJTAA1"}}]}|0x653e211b
03:08:41.0 (7562004)|STATEMENT_EXECUTE|[77]
03:08:41.0 (7611397)|HEAP_ALLOCATE|[77]|Bytes:4
03:08:41.0 (7649768)|HEAP_ALLOCATE|[77]|Bytes:10
03:08:41.0 (7661989)|VARIABLE_SCOPE_BEGIN|[77]|todaysDate|String|false|false
03:08:41.0 (7670450)|VARIABLE_ASSIGNMENT|[77]|todaysDate|"2016-05-23"
03:08:41.0 (7673073)|STATEMENT_EXECUTE|[78]
03:08:41.0 (7676737)|HEAP_ALLOCATE|[78]|Bytes:9
03:08:41.0 (7725060)|HEAP_ALLOCATE|[78]|Bytes:10
03:08:41.0 (7741243)|VARIABLE_ASSIGNMENT|[78]|todaysDate|"2016-05-23"
03:08:41.0 (7744011)|STATEMENT_EXECUTE|[79]
03:08:41.0 (7750741)|HEAP_ALLOCATE|[79]|Bytes:4
03:08:41.0 (7818296)|VARIABLE_SCOPE_BEGIN|[79]|patientListToUpdate|List<Patient__c>|true|false
03:08:41.0 (7825365)|HEAP_ALLOCATE|[EXTERNAL]|Bytes:4
03:08:41.0 (7835717)|VARIABLE_ASSIGNMENT|[79]|patientListToUpdate|{"s":1,"v":[]}|0xb62a5ac
03:08:41.0 (8030582)|HEAP_ALLOCATE|[80]|Bytes:5
03:08:41.0 (8074158)|HEAP_ALLOCATE|[80]|Bytes:32
03:08:41.0 (8085829)|VARIABLE_SCOPE_BEGIN|[80]|patient|Patient__c|true|false
03:08:41.0 (8105053)|VARIABLE_ASSIGNMENT|[80]|patient|{"s":1,"v":{"Patient_Id__c":"4LR2VZ","Full_Name__c":"Purushottam","Gender__c":"Male","Steps_Completed__c":1000,"Goal__c":5000,"Height__c":5.00,"Id":"a012800000SBjJTAA1"}}|0x163e5fb3
03:08:41.0 (8109581)|STATEMENT_EXECUTE|[80]
03:08:41.0 (8110998)|STATEMENT_EXECUTE|[81]
03:08:41.0 (8116288)|VARIABLE_SCOPE_BEGIN|[81]|stepsCompleted|Integer|false|false
03:08:41.0 (8120856)|HEAP_ALLOCATE|[81]|Bytes:4
03:08:41.0 (8125751)|VARIABLE_ASSIGNMENT|[81]|stepsCompleted|0
03:08:41.0 (8127627)|STATEMENT_EXECUTE|[82]
03:08:41.0 (10723765)|VARIABLE_SCOPE_BEGIN|[6]|FitForceUtility.ACTIVITY_API|String|false|true
03:08:41.0 (10732688)|VARIABLE_SCOPE_BEGIN|[3]|FitForceUtility.GET|String|false|true
03:08:41.0 (10736829)|VARIABLE_SCOPE_BEGIN|[4]|FitForceUtility.POST|String|false|true
03:08:41.0 (10740503)|VARIABLE_SCOPE_BEGIN|[5]|FitForceUtility.PROFILE_API|String|false|true
03:08:41.0 (10749607)|HEAP_ALLOCATE|[82]|Bytes:2
03:08:41.0 (10756765)|HEAP_ALLOCATE|[82]|Bytes:2
03:08:41.0 (10782503)|METHOD_ENTRY|[1]|01p280000085crs|FitForceUtility.FitForceUtility()
03:08:41.0 (10786230)|STATEMENT_EXECUTE|[1]
03:08:41.0 (10791029)|STATEMENT_EXECUTE|[1]
03:08:41.0 (10803343)|HEAP_ALLOCATE|[3]|Bytes:5
03:08:41.0 (10807467)|STATEMENT_EXECUTE|[3]
03:08:41.0 (10810004)|HEAP_ALLOCATE|[3]|Bytes:3
03:08:41.0 (10825246)|VARIABLE_ASSIGNMENT|[3]|FitForceUtility.GET|"GET"
03:08:41.0 (10827904)|STATEMENT_EXECUTE|[4]
03:08:41.0 (10830153)|HEAP_ALLOCATE|[4]|Bytes:4
03:08:41.0 (10837230)|VARIABLE_ASSIGNMENT|[4]|FitForceUtility.POST|"POST"
03:08:41.0 (10839295)|STATEMENT_EXECUTE|[5]
03:08:41.0 (10845001)|VARIABLE_ASSIGNMENT|[5]|FitForceUtility.PROFILE_API|""
03:08:41.0 (10847104)|STATEMENT_EXECUTE|[6]
03:08:41.0 (10851777)|VARIABLE_ASSIGNMENT|[6]|FitForceUtility.ACTIVITY_API|""
03:08:41.0 (10853687)|STATEMENT_EXECUTE|[7]
03:08:41.0 (10854748)|STATEMENT_EXECUTE|[8]
03:08:41.0 (10857255)|HEAP_ALLOCATE|[8]|Bytes:17
03:08:41.0 (10861937)|VARIABLE_SCOPE_BEGIN|[8]|BASE_URL|String|false|false
03:08:41.0 (10868510)|VARIABLE_ASSIGNMENT|[8]|BASE_URL|"callout:FitForce/"
03:08:41.0 (10870306)|STATEMENT_EXECUTE|[9]
03:08:41.0 (10872695)|HEAP_ALLOCATE|[9]|Bytes:21
03:08:41.0 (10883192)|HEAP_ALLOCATE|[9]|Bytes:38
03:08:41.0 (10893945)|VARIABLE_ASSIGNMENT|[9]|FitForceUtility.PROFILE_API|"callout:FitForce/1/u (18 more) ..."
03:08:41.0 (10896667)|STATEMENT_EXECUTE|[10]
03:08:41.0 (10899447)|HEAP_ALLOCATE|[10]|Bytes:35
03:08:41.0 (10904293)|HEAP_ALLOCATE|[10]|Bytes:52
03:08:41.0 (10912244)|VARIABLE_ASSIGNMENT|[10]|FitForceUtility.ACTIVITY_API|"callout:FitForce/1/u (32 more) ..."
03:08:41.0 (10926804)|METHOD_EXIT|[1]|FitForceUtility
03:08:41.0 (10934003)|HEAP_ALLOCATE|[82]|Bytes:5
03:08:41.0 (10973485)|HEAP_ALLOCATE|[82]|Bytes:57
03:08:41.0 (10988215)|VARIABLE_SCOPE_BEGIN|[82]|url|String|false|false
03:08:41.0 (10998650)|VARIABLE_ASSIGNMENT|[82]|url|"callout:FitForce/1/u (37 more) ..."
03:08:41.0 (11001632)|STATEMENT_EXECUTE|[83]
03:08:41.0 (11032639)|METHOD_ENTRY|[83]|01p280000085crs|FitForceUtility.doHTTPCallout(String, String)
03:08:41.0 (11055556)|VARIABLE_SCOPE_BEGIN|[13]|methodType|String|false|false
03:08:41.0 (11062127)|VARIABLE_ASSIGNMENT|[13]|methodType|"GET"
03:08:41.0 (11065669)|VARIABLE_SCOPE_BEGIN|[13]|url|String|false|false
03:08:41.0 (11069841)|VARIABLE_ASSIGNMENT|[13]|url|"callout:FitForce/1/u (37 more) ..."
03:08:41.0 (11078242)|HEAP_ALLOCATE|[14]|Bytes:5
03:08:41.0 (11081761)|STATEMENT_EXECUTE|[13]
03:08:41.0 (11083054)|STATEMENT_EXECUTE|[14]
03:08:41.0 (11086411)|VARIABLE_SCOPE_BEGIN|[14]|response|String|false|false
03:08:41.0 (11091092)|VARIABLE_ASSIGNMENT|[14]|response|""
03:08:41.0 (11144124)|STATEMENT_EXECUTE|[15]
03:08:41.0 (11146493)|STATEMENT_EXECUTE|[18]
03:08:41.0 (11177686)|VARIABLE_SCOPE_BEGIN|[18]|httpRequest|System.HttpRequest|true|false
03:08:41.0 (11336617)|VARIABLE_ASSIGNMENT|[18]|httpRequest|"System.HttpRequest[Endpoint=null, Method=null]"|0x4c834d69
03:08:41.0 (11342318)|STATEMENT_EXECUTE|[19]
03:08:41.0 (11362064)|VARIABLE_SCOPE_BEGIN|[19]|http|System.Http|true|false
03:08:41.0 (11421560)|VARIABLE_ASSIGNMENT|[19]|http|"System.Http[]"|0x34047a6a
03:08:41.0 (11426253)|STATEMENT_EXECUTE|[20]
03:08:41.0 (11477093)|STATEMENT_EXECUTE|[21]
03:08:41.0 (11507848)|STATEMENT_EXECUTE|[22]
03:08:41.0 (11574241)|CALLOUT_REQUEST|[22]|System.HttpRequest[Endpoint=callout:FitForce/1/user/-/activities/date/2016-05-23.json, Method=GET]
03:08:41.0 (776525463)|HEAP_ALLOCATE|[EXTERNAL]|Bytes:968
03:08:41.0 (776622302)|CALLOUT_RESPONSE|[22]|System.HttpResponse[Status=OK, StatusCode=200]
03:08:41.0 (776653203)|HEAP_ALLOCATE|[22]|Bytes:611
03:08:41.0 (776697381)|VARIABLE_SCOPE_BEGIN|[22]|httpResponse|System.HttpResponse|true|false
03:08:41.0 (776816531)|VARIABLE_ASSIGNMENT|[22]|httpResponse|"System.HttpResponse[Status=OK, StatusCode=200]"|0x630e5d73
03:08:41.0 (776826117)|STATEMENT_EXECUTE|[23]
03:08:41.0 (776956412)|HEAP_ALLOCATE|[23]|Bytes:605
03:08:41.0 (776990666)|VARIABLE_ASSIGNMENT|[23]|response|"{\"activities\":[],\"go (585 more) ..."
03:08:41.0 (776997208)|STATEMENT_EXECUTE|[24]
03:08:41.0 (777004152)|HEAP_ALLOCATE|[24]|Bytes:17
03:08:41.0 (777027228)|HEAP_ALLOCATE|[24]|Bytes:622
03:08:41.0 (777091455)|USER_DEBUG|[24]|DEBUG|Server Response :{"activities":[],"goals":{"activeMinutes":30,"caloriesOut":2655,"distance":8.05,"steps":10000},"summary":{"activeScore":-1,"activityCalories":0,"caloriesBMR":986,"caloriesOut":986,"distances":[{"activity":"total","distance":0},{"activity":"tracker","distance":0},{"activity":"loggedActivities","distance":0},{"activity":"veryActive","distance":0},{"activity":"moderatelyActive","distance":0},{"activity":"lightlyActive","distance":0},{"activity":"sedentaryActive","distance":0}],"fairlyActiveMinutes":0,"lightlyActiveMinutes":0,"marginalCalories":0,"sedentaryMinutes":938,"steps":0,"veryActiveMinutes":0}}
03:08:41.0 (777105608)|STATEMENT_EXECUTE|[25]
03:08:41.0 (777123060)|METHOD_EXIT|[83]|01p280000085crs|FitForceUtility.doHTTPCallout(String, String)
03:08:41.0 (777129283)|VARIABLE_SCOPE_BEGIN|[83]|activityJson|String|false|false
03:08:41.0 (777139156)|VARIABLE_ASSIGNMENT|[83]|activityJson|"{\"activities\":[],\"go (585 more) ..."
03:08:41.0 (777141668)|STATEMENT_EXECUTE|[84]
03:08:41.0 (777145990)|HEAP_ALLOCATE|[84]|Bytes:15
03:08:41.0 (777226997)|HEAP_ALLOCATE|[84]|Bytes:24
03:08:41.0 (777249617)|SYSTEM_METHOD_ENTRY|[1]|Type.Type()
03:08:41.0 (777253282)|STATEMENT_EXECUTE|[1]
03:08:41.0 (777267817)|SYSTEM_METHOD_EXIT|[1]|Type
03:08:41.0 (777284298)|METHOD_ENTRY|[84]||System.Type.forName(String)
03:08:41.0 (785620871)|METHOD_EXIT|[84]||System.Type.forName(String)
03:08:41.0 (785676181)|HEAP_ALLOCATE|[84]|Bytes:18
03:08:41.0 (785697499)|SYSTEM_METHOD_ENTRY|[1]|JSON.JSON()
03:08:41.0 (785702935)|STATEMENT_EXECUTE|[1]
03:08:41.0 (785719375)|SYSTEM_METHOD_EXIT|[1]|JSON
03:08:41.0 (785741843)|METHOD_ENTRY|[84]||System.JSON.deserialize(String, System.Type)
03:08:41.0 (785958130)|STATEMENT_EXECUTE|[1]
03:08:41.0 (785961050)|STATEMENT_EXECUTE|[4]
03:08:41.0 (785962817)|STATEMENT_EXECUTE|[21]
03:08:41.0 (785964846)|STATEMENT_EXECUTE|[34]
03:08:41.0 (788198975)|METHOD_EXIT|[84]||System.JSON.deserialize(String, System.Type)
03:08:41.0 (788211664)|VARIABLE_SCOPE_BEGIN|[84]|activityWrapper|ActivityWrapper|true|false
03:08:41.0 (788239824)|VARIABLE_ASSIGNMENT|[84]|activityWrapper|{"activities":"0x2f468811","summary":"0x3ed48e48"}|0x3068a0f7
03:08:41.0 (788244280)|STATEMENT_EXECUTE|[85]
03:08:41.0 (788248773)|HEAP_ALLOCATE|[85]|Bytes:17
03:08:41.0 (788399459)|HEAP_ALLOCATE|[85]|Bytes:591
03:08:41.0 (788420541)|HEAP_ALLOCATE|[85]|Bytes:608
03:08:41.0 (788437212)|USER_DEBUG|[85]|DEBUG|activityWrapper :ActivityWrapper:[activities=(), summary=Summary:[activeScore=-1, activityCalories=0, caloriesBMR=986, caloriesOut=986, distances=(Distances:[activity=total, distance=0.0], Distances:[activity=tracker, distance=0.0], Distances:[activity=loggedActivities, distance=0.0], Distances:[activity=veryActive, distance=0.0], Distances:[activity=moderatelyActive, distance=0.0], Distances:[activity=lightlyActive, distance=0.0], Distances:[activity=sedentaryActive, distance=0.0]), fairlyActiveMinutes=0, lightlyActiveMinutes=0, marginalCalories=0, sedentaryMinutes=938, steps=0, veryActiveMinutes=0]]
03:08:41.0 (788557700)|HEAP_ALLOCATE|[86]|Bytes:5
03:08:41.0 (788575972)|VARIABLE_ASSIGNMENT|[86]|act|null|
03:08:41.0 (788579949)|STATEMENT_EXECUTE|[86]
03:08:41.0 (788592041)|HEAP_ALLOCATE|[80]|Bytes:5
03:08:41.0 (788604616)|VARIABLE_ASSIGNMENT|[80]|patient|null|
03:08:41.0 (788607594)|STATEMENT_EXECUTE|[94]
03:08:41.0 (788730581)|HEAP_ALLOCATE|[EXTERNAL]|Bytes:4
03:08:41.0 (788745212)|STATEMENT_EXECUTE|[95]
03:08:41.0 (788751720)|HEAP_ALLOCATE|[95]|Bytes:14
03:08:41.0 (788796055)|HEAP_ALLOCATE|[95]|Bytes:2
03:08:41.0 (788811036)|HEAP_ALLOCATE|[95]|Bytes:16
03:08:41.0 (788821736)|USER_DEBUG|[95]|DEBUG|Updated List :()
03:08:41.0 (788827114)|STATEMENT_EXECUTE|[98]
03:08:41.0 (788831981)|HEAP_ALLOCATE|[98]|Bytes:4
03:08:41.0 (788878236)|VARIABLE_SCOPE_BEGIN|[98]|wcList|List<PatientWrapper>|true|false
03:08:41.0 (788890763)|HEAP_ALLOCATE|[EXTERNAL]|Bytes:4
03:08:41.0 (788902228)|VARIABLE_ASSIGNMENT|[98]|wcList|{"s":1,"v":[]}|0x5f26e548
03:08:41.0 (788939997)|STATEMENT_EXECUTE|[99]
03:08:41.0 (788942178)|STATEMENT_EXECUTE|[114]
03:08:41.0 (788955405)|SYSTEM_MODE_EXIT|false
03:08:41.790 (790859769)|CUMULATIVE_LIMIT_USAGE
03:08:41.790 (790859769)|LIMIT_USAGE_FOR_NS|(default)|
  Number of SOQL queries: 1 out of 100
  Number of query rows: 1 out of 50000
  Number of SOSL queries: 0 out of 20
  Number of DML statements: 0 out of 150
  Number of DML rows: 0 out of 10000
  Maximum CPU time: 0 out of 10000
  Maximum heap size: 0 out of 6000000
  Number of callouts: 1 out of 100
  Number of Email Invocations: 0 out of 10
  Number of future calls: 0 out of 50
  Number of queueable jobs added to the queue: 0 out of 50
  Number of Mobile Apex push calls: 0 out of 10

03:08:41.790 (790859769)|CUMULATIVE_LIMIT_USAGE_END

03:08:41.0 (790911504)|CODE_UNIT_FINISHED|PatientWrapperController.sysncFitBitData
03:08:41.0 (792375386)|EXECUTION_FINISHED
