36.0 APEX_CODE,FINEST;APEX_PROFILING,INFO;CALLOUT,INFO;DB,INFO;SYSTEM,DEBUG;VALIDATION,INFO;VISUALFORCE,INFO;WORKFLOW,INFO
06:41:39.0 (526801)|EXECUTION_STARTED
06:41:39.0 (563851)|CODE_UNIT_STARTED|[EXTERNAL]|aura
06:41:39.0 (1055238)|HEAP_ALLOCATE|[72]|Bytes:3
06:41:39.0 (1114849)|HEAP_ALLOCATE|[77]|Bytes:152
06:41:39.0 (1132856)|HEAP_ALLOCATE|[342]|Bytes:408
06:41:39.0 (1150184)|HEAP_ALLOCATE|[355]|Bytes:408
06:41:39.0 (1166837)|HEAP_ALLOCATE|[467]|Bytes:48
06:41:39.0 (1193596)|HEAP_ALLOCATE|[139]|Bytes:6
06:41:39.0 (1218423)|HEAP_ALLOCATE|[EXTERNAL]|Bytes:6
06:41:39.0 (1236032)|HEAP_ALLOCATE|[EXTERNAL]|Bytes:6
06:41:39.0 (2674782)|CODE_UNIT_STARTED|[EXTERNAL]|01p280000085nGQ|PatientWrapperController.getPatientsById
06:41:39.0 (3395989)|HEAP_ALLOCATE|[EXTERNAL]|Bytes:7
06:41:39.0 (3403259)|HEAP_ALLOCATE|[EXTERNAL]|Bytes:14
06:41:39.0 (3419187)|METHOD_ENTRY|[1]|01p280000085nGQ|PatientWrapperController.PatientWrapperController()
06:41:39.0 (3424131)|STATEMENT_EXECUTE|[1]
06:41:39.0 (3431067)|STATEMENT_EXECUTE|[1]
06:41:39.0 (3438367)|METHOD_EXIT|[1]|PatientWrapperController
06:41:39.0 (3443044)|HEAP_ALLOCATE|[EXTERNAL]|Bytes:6
06:41:39.0 (3453220)|SYSTEM_MODE_ENTER|false
06:41:39.0 (3467073)|VARIABLE_SCOPE_BEGIN|[36]|patientId|String|false|false
06:41:39.0 (3493972)|VARIABLE_ASSIGNMENT|[36]|patientId|"P00002"
06:41:39.0 (3506335)|STATEMENT_EXECUTE|[36]
06:41:39.0 (3508182)|STATEMENT_EXECUTE|[38]
06:41:39.0 (3512409)|HEAP_ALLOCATE|[38]|Bytes:185
06:41:39.0 (3518705)|VARIABLE_SCOPE_BEGIN|[38]|query|String|false|false
06:41:39.0 (3528621)|VARIABLE_ASSIGNMENT|[38]|query|"SELECT Patient_Id__c (165 more) ..."
06:41:39.0 (3530650)|STATEMENT_EXECUTE|[39]
06:41:39.0 (3566589)|HEAP_ALLOCATE|[50]|Bytes:5
06:41:39.0 (3592666)|HEAP_ALLOCATE|[56]|Bytes:5
06:41:39.0 (3601346)|HEAP_ALLOCATE|[64]|Bytes:7
06:41:39.0 (4979100)|SOQL_EXECUTE_BEGIN|[39]|Aggregations:0|SELECT Patient_Id__c, Full_Name__c, Gender__c, Steps_Completed__c, Goal__c, Height__c, Heart_Rate__c, Weight__c FROM Patient__c where Patient_Id__c = :patientId ORDER BY createdDate ASC
06:41:39.0 (8867219)|SOQL_EXECUTE_END|[39]|Rows:1
06:41:39.0 (8882295)|HEAP_ALLOCATE|[39]|Bytes:8
06:41:39.0 (8900993)|HEAP_ALLOCATE|[39]|Bytes:350
06:41:39.0 (9011615)|HEAP_ALLOCATE|[39]|Bytes:8
06:41:39.0 (9033053)|VARIABLE_SCOPE_BEGIN|[39]|patientList|List<Patient__c>|true|false
06:41:39.0 (9075312)|VARIABLE_ASSIGNMENT|[39]|patientList|{"s":1,"v":[{"s":2,"v":{"Patient_Id__c":"P00002","Full_Name__c":"Pallavi","Gender__c":"Female","Steps_Completed__c":6000,"Goal__c":6000,"Height__c":4.00,"Heart_Rate__c":72,"Weight__c":68.00,"Id":"a012800000SBjJnAAL"}}]}|0x798fe088
06:41:39.0 (9079931)|STATEMENT_EXECUTE|[40]
06:41:39.0 (9083930)|VARIABLE_SCOPE_BEGIN|[40]|wrapperObj|PatientWrapper|true|false
06:41:39.0 (9089014)|VARIABLE_ASSIGNMENT|[40]|wrapperObj|null|
06:41:39.0 (9090782)|STATEMENT_EXECUTE|[41]
06:41:39.0 (9094851)|HEAP_ALLOCATE|[41]|Bytes:15
06:41:39.0 (9195215)|HEAP_ALLOCATE|[41]|Bytes:188
06:41:39.0 (9217634)|HEAP_ALLOCATE|[41]|Bytes:203
06:41:39.0 (9239498)|USER_DEBUG|[41]|DEBUG|patientList => (Patient__c:{Patient_Id__c=P00002, Full_Name__c=Pallavi, Gender__c=Female, Steps_Completed__c=6000, Goal__c=6000, Height__c=4.00, Heart_Rate__c=72, Weight__c=68.00, Id=a012800000SBjJnAAL})
06:41:39.0 (9471780)|HEAP_ALLOCATE|[42]|Bytes:5
06:41:39.0 (9514553)|HEAP_ALLOCATE|[42]|Bytes:40
06:41:39.0 (9526072)|VARIABLE_SCOPE_BEGIN|[42]|patient|Patient__c|true|false
06:41:39.0 (9545836)|VARIABLE_ASSIGNMENT|[42]|patient|{"s":1,"v":{"Patient_Id__c":"P00002","Full_Name__c":"Pallavi","Gender__c":"Female","Steps_Completed__c":6000,"Goal__c":6000,"Height__c":4.00,"Heart_Rate__c":72,"Weight__c":68.00,"Id":"a012800000SBjJnAAL"}}|0x55715f63
06:41:39.0 (9550040)|STATEMENT_EXECUTE|[42]
06:41:39.0 (9551685)|STATEMENT_EXECUTE|[43]
06:41:39.0 (9563851)|METHOD_ENTRY|[1]|01p280000085nGG|PatientWrapper.PatientWrapper()
06:41:39.0 (9566780)|STATEMENT_EXECUTE|[1]
06:41:39.0 (9569928)|STATEMENT_EXECUTE|[1]
06:41:39.0 (9575556)|METHOD_EXIT|[1]|PatientWrapper
06:41:39.0 (9582501)|HEAP_ALLOCATE|[43]|Bytes:36
06:41:39.0 (9594180)|CONSTRUCTOR_ENTRY|[43]|01p280000085nGG|<init>()
06:41:39.0 (9616679)|VARIABLE_SCOPE_BEGIN|[1]|this|PatientWrapper|true|false
06:41:39.0 (9656267)|VARIABLE_ASSIGNMENT|[1]|this|{}|0x66df8793
06:41:39.0 (9666205)|HEAP_ALLOCATE|[EXTERNAL]|Bytes:6
06:41:39.0 (9688988)|STATEMENT_EXECUTE|[1]
06:41:39.0 (9690995)|STATEMENT_EXECUTE|[3]
06:41:39.0 (9692048)|STATEMENT_EXECUTE|[6]
06:41:39.0 (9693283)|STATEMENT_EXECUTE|[9]
06:41:39.0 (9694291)|STATEMENT_EXECUTE|[12]
06:41:39.0 (9695506)|STATEMENT_EXECUTE|[15]
06:41:39.0 (9696515)|STATEMENT_EXECUTE|[18]
06:41:39.0 (9697547)|STATEMENT_EXECUTE|[21]
06:41:39.0 (9698552)|STATEMENT_EXECUTE|[24]
06:41:39.0 (9704074)|CONSTRUCTOR_EXIT|[43]|01p280000085nGG|<init>()
06:41:39.0 (9725146)|VARIABLE_ASSIGNMENT|[43]|wrapperObj|{}|0x66df8793
06:41:39.0 (9728014)|STATEMENT_EXECUTE|[45]
06:41:39.0 (9762326)|HEAP_ALLOCATE|[45]|Bytes:18
06:41:39.0 (9779269)|VARIABLE_ASSIGNMENT|[45]|this.id|"a012800000SBjJnAAL"|0x66df8793
06:41:39.0 (9782413)|STATEMENT_EXECUTE|[46]
06:41:39.0 (9805365)|VARIABLE_ASSIGNMENT|[46]|this.name|"Pallavi"|0x66df8793
06:41:39.0 (9808517)|STATEMENT_EXECUTE|[47]
06:41:39.0 (9849747)|HEAP_ALLOCATE|[47]|Bytes:12
06:41:39.0 (9862831)|VARIABLE_ASSIGNMENT|[47]|this.steps|6000.0|0x66df8793
06:41:39.0 (9865363)|STATEMENT_EXECUTE|[48]
06:41:39.0 (9885495)|HEAP_ALLOCATE|[48]|Bytes:12
06:41:39.0 (9894773)|VARIABLE_ASSIGNMENT|[48]|this.goal|6000.0|0x66df8793
06:41:39.0 (9896894)|STATEMENT_EXECUTE|[49]
06:41:39.0 (9912819)|HEAP_ALLOCATE|[49]|Bytes:12
06:41:39.0 (9921255)|VARIABLE_ASSIGNMENT|[49]|this.heartRate|72.0|0x66df8793
06:41:39.0 (9923459)|STATEMENT_EXECUTE|[50]
06:41:39.0 (9939772)|HEAP_ALLOCATE|[50]|Bytes:12
06:41:39.0 (9948902)|VARIABLE_ASSIGNMENT|[50]|this.height|4.0|0x66df8793
06:41:39.0 (9951169)|STATEMENT_EXECUTE|[51]
06:41:39.0 (9966571)|HEAP_ALLOCATE|[51]|Bytes:12
06:41:39.0 (9975614)|VARIABLE_ASSIGNMENT|[51]|this.weight|68.0|0x66df8793
06:41:39.0 (9981857)|STATEMENT_EXECUTE|[52]
06:41:39.0 (10003639)|VARIABLE_ASSIGNMENT|[52]|this.patient_Id|"P00002"|0x66df8793
06:41:39.0 (10018805)|HEAP_ALLOCATE|[42]|Bytes:5
06:41:39.0 (10030862)|VARIABLE_ASSIGNMENT|[42]|patient|null|
06:41:39.0 (10034554)|STATEMENT_EXECUTE|[56]
06:41:39.0 (10038092)|HEAP_ALLOCATE|[56]|Bytes:14
06:41:39.0 (10095294)|HEAP_ALLOCATE|[56]|Bytes:139
06:41:39.0 (10109742)|HEAP_ALLOCATE|[56]|Bytes:153
06:41:39.0 (10119726)|USER_DEBUG|[56]|DEBUG|wrapperObj => PatientWrapper:[goal=6000.0, heartRate=72.0, height=4.0, id=a012800000SBjJnAAL, name=Pallavi, patient_Id=P00002, steps=6000.0, weight=68.0]
06:41:39.0 (10125269)|STATEMENT_EXECUTE|[57]
06:41:39.0 (10133058)|SYSTEM_MODE_EXIT|false
06:41:39.10 (10178530)|CUMULATIVE_LIMIT_USAGE
06:41:39.10 (10178530)|LIMIT_USAGE_FOR_NS|(default)|
  Number of SOQL queries: 1 out of 100
  Number of query rows: 1 out of 50000
  Number of SOSL queries: 0 out of 20
  Number of DML statements: 0 out of 150
  Number of DML rows: 0 out of 10000
  Maximum CPU time: 0 out of 10000
  Maximum heap size: 0 out of 6000000
  Number of callouts: 0 out of 100
  Number of Email Invocations: 0 out of 10
  Number of future calls: 0 out of 50
  Number of queueable jobs added to the queue: 0 out of 50
  Number of Mobile Apex push calls: 0 out of 10

06:41:39.10 (10178530)|CUMULATIVE_LIMIT_USAGE_END

06:41:39.0 (10228308)|CODE_UNIT_FINISHED|PatientWrapperController.getPatientsById
06:41:39.0 (12218529)|CODE_UNIT_STARTED|[EXTERNAL]|Aura
06:41:39.0 (12289327)|CODE_UNIT_FINISHED|Aura
