36.0 APEX_CODE,FINEST;APEX_PROFILING,INFO;CALLOUT,INFO;DB,INFO;SYSTEM,DEBUG;VALIDATION,INFO;VISUALFORCE,INFO;WORKFLOW,INFO
03:17:52.0 (640393)|EXECUTION_STARTED
03:17:52.0 (672289)|CODE_UNIT_STARTED|[EXTERNAL]|aura
03:17:52.0 (1060033)|HEAP_ALLOCATE|[72]|Bytes:3
03:17:52.0 (1095847)|HEAP_ALLOCATE|[77]|Bytes:152
03:17:52.0 (1112557)|HEAP_ALLOCATE|[342]|Bytes:408
03:17:52.0 (1138964)|HEAP_ALLOCATE|[355]|Bytes:408
03:17:52.0 (1157677)|HEAP_ALLOCATE|[467]|Bytes:48
03:17:52.0 (1184672)|HEAP_ALLOCATE|[139]|Bytes:6
03:17:52.0 (1205275)|HEAP_ALLOCATE|[EXTERNAL]|Bytes:6
03:17:52.0 (1221171)|HEAP_ALLOCATE|[EXTERNAL]|Bytes:6
03:17:52.0 (2673556)|CODE_UNIT_STARTED|[EXTERNAL]|01p280000085nGQ|PatientWrapperController.getPatientsById
03:17:52.0 (3450824)|HEAP_ALLOCATE|[EXTERNAL]|Bytes:7
03:17:52.0 (3461119)|HEAP_ALLOCATE|[EXTERNAL]|Bytes:14
03:17:52.0 (3481034)|METHOD_ENTRY|[1]|01p280000085nGQ|PatientWrapperController.PatientWrapperController()
03:17:52.0 (3486859)|STATEMENT_EXECUTE|[1]
03:17:52.0 (3497368)|STATEMENT_EXECUTE|[1]
03:17:52.0 (3508070)|METHOD_EXIT|[1]|PatientWrapperController
03:17:52.0 (3515784)|HEAP_ALLOCATE|[EXTERNAL]|Bytes:6
03:17:52.0 (3528268)|SYSTEM_MODE_ENTER|false
03:17:52.0 (3538742)|VARIABLE_SCOPE_BEGIN|[36]|patientId|String|false|false
03:17:52.0 (3567929)|VARIABLE_ASSIGNMENT|[36]|patientId|"P00002"
03:17:52.0 (3579318)|STATEMENT_EXECUTE|[36]
03:17:52.0 (3581114)|STATEMENT_EXECUTE|[38]
03:17:52.0 (3585064)|HEAP_ALLOCATE|[38]|Bytes:185
03:17:52.0 (3591210)|VARIABLE_SCOPE_BEGIN|[38]|query|String|false|false
03:17:52.0 (3600953)|VARIABLE_ASSIGNMENT|[38]|query|"SELECT Patient_Id__c (165 more) ..."
03:17:52.0 (3602964)|STATEMENT_EXECUTE|[39]
03:17:52.0 (3635675)|HEAP_ALLOCATE|[50]|Bytes:5
03:17:52.0 (3656525)|HEAP_ALLOCATE|[56]|Bytes:5
03:17:52.0 (3664728)|HEAP_ALLOCATE|[64]|Bytes:7
03:17:52.0 (4986055)|SOQL_EXECUTE_BEGIN|[39]|Aggregations:0|SELECT Patient_Id__c, Full_Name__c, Gender__c, Steps_Completed__c, Goal__c, Height__c, Heart_Rate__c, Weight__c FROM Patient__c where Patient_Id__c = :patientId ORDER BY createdDate ASC
03:17:52.0 (9281202)|SOQL_EXECUTE_END|[39]|Rows:1
03:17:52.0 (9307165)|HEAP_ALLOCATE|[39]|Bytes:8
03:17:52.0 (9333129)|HEAP_ALLOCATE|[39]|Bytes:350
03:17:52.0 (9492576)|HEAP_ALLOCATE|[39]|Bytes:8
03:17:52.0 (9529163)|VARIABLE_SCOPE_BEGIN|[39]|patientList|List<Patient__c>|true|false
03:17:52.0 (9586303)|VARIABLE_ASSIGNMENT|[39]|patientList|{"s":1,"v":[{"s":2,"v":{"Patient_Id__c":"P00002","Full_Name__c":"Pallavi","Gender__c":"Female","Steps_Completed__c":6000,"Goal__c":6000,"Height__c":4.00,"Heart_Rate__c":72,"Weight__c":68.00,"Id":"a012800000SBjJnAAL"}}]}|0x7e9baba8
03:17:52.0 (9592933)|STATEMENT_EXECUTE|[40]
03:17:52.0 (9603359)|VARIABLE_SCOPE_BEGIN|[40]|wrapperObj|PatientWrapper|true|false
03:17:52.0 (9609672)|VARIABLE_ASSIGNMENT|[40]|wrapperObj|null|
03:17:52.0 (9611804)|STATEMENT_EXECUTE|[41]
03:17:52.0 (9619151)|HEAP_ALLOCATE|[41]|Bytes:15
03:17:52.0 (9864679)|HEAP_ALLOCATE|[41]|Bytes:188
03:17:52.0 (9892103)|HEAP_ALLOCATE|[41]|Bytes:203
03:17:52.0 (9924122)|USER_DEBUG|[41]|DEBUG|patientList => (Patient__c:{Patient_Id__c=P00002, Full_Name__c=Pallavi, Gender__c=Female, Steps_Completed__c=6000, Goal__c=6000, Height__c=4.00, Heart_Rate__c=72, Weight__c=68.00, Id=a012800000SBjJnAAL})
03:17:52.0 (10139000)|HEAP_ALLOCATE|[42]|Bytes:5
03:17:52.0 (10192084)|HEAP_ALLOCATE|[42]|Bytes:40
03:17:52.0 (10204639)|VARIABLE_SCOPE_BEGIN|[42]|patient|Patient__c|true|false
03:17:52.0 (10225005)|VARIABLE_ASSIGNMENT|[42]|patient|{"s":1,"v":{"Patient_Id__c":"P00002","Full_Name__c":"Pallavi","Gender__c":"Female","Steps_Completed__c":6000,"Goal__c":6000,"Height__c":4.00,"Heart_Rate__c":72,"Weight__c":68.00,"Id":"a012800000SBjJnAAL"}}|0x11e5fcaf
03:17:52.0 (10229564)|STATEMENT_EXECUTE|[42]
03:17:52.0 (10231207)|STATEMENT_EXECUTE|[43]
03:17:52.0 (10253601)|METHOD_ENTRY|[1]|01p280000085nGG|PatientWrapper.PatientWrapper()
03:17:52.0 (10257127)|STATEMENT_EXECUTE|[1]
03:17:52.0 (10263897)|STATEMENT_EXECUTE|[1]
03:17:52.0 (10272255)|METHOD_EXIT|[1]|PatientWrapper
03:17:52.0 (10282076)|HEAP_ALLOCATE|[43]|Bytes:36
03:17:52.0 (10293780)|CONSTRUCTOR_ENTRY|[43]|01p280000085nGG|<init>()
03:17:52.0 (10318428)|VARIABLE_SCOPE_BEGIN|[1]|this|PatientWrapper|true|false
03:17:52.0 (10356844)|VARIABLE_ASSIGNMENT|[1]|this|{}|0x140c1b6e
03:17:52.0 (10367416)|HEAP_ALLOCATE|[EXTERNAL]|Bytes:6
03:17:52.0 (10394938)|STATEMENT_EXECUTE|[1]
03:17:52.0 (10396981)|STATEMENT_EXECUTE|[3]
03:17:52.0 (10398248)|STATEMENT_EXECUTE|[6]
03:17:52.0 (10399419)|STATEMENT_EXECUTE|[9]
03:17:52.0 (10400545)|STATEMENT_EXECUTE|[12]
03:17:52.0 (10401666)|STATEMENT_EXECUTE|[15]
03:17:52.0 (10402723)|STATEMENT_EXECUTE|[18]
03:17:52.0 (10403765)|STATEMENT_EXECUTE|[21]
03:17:52.0 (10404828)|STATEMENT_EXECUTE|[24]
03:17:52.0 (10408781)|CONSTRUCTOR_EXIT|[43]|01p280000085nGG|<init>()
03:17:52.0 (10425387)|VARIABLE_ASSIGNMENT|[43]|wrapperObj|{}|0x140c1b6e
03:17:52.0 (10427993)|STATEMENT_EXECUTE|[45]
03:17:52.0 (10468308)|HEAP_ALLOCATE|[45]|Bytes:18
03:17:52.0 (10486135)|VARIABLE_ASSIGNMENT|[45]|this.id|"a012800000SBjJnAAL"|0x140c1b6e
03:17:52.0 (10488978)|STATEMENT_EXECUTE|[46]
03:17:52.0 (10514909)|VARIABLE_ASSIGNMENT|[46]|this.name|"Pallavi"|0x140c1b6e
03:17:52.0 (10520997)|STATEMENT_EXECUTE|[47]
03:17:52.0 (10566830)|HEAP_ALLOCATE|[47]|Bytes:12
03:17:52.0 (10582454)|VARIABLE_ASSIGNMENT|[47]|this.steps|6000.0|0x140c1b6e
03:17:52.0 (10585108)|STATEMENT_EXECUTE|[48]
03:17:52.0 (10610200)|HEAP_ALLOCATE|[48]|Bytes:12
03:17:52.0 (10620254)|VARIABLE_ASSIGNMENT|[48]|this.goal|6000.0|0x140c1b6e
03:17:52.0 (10622873)|STATEMENT_EXECUTE|[49]
03:17:52.0 (10640681)|HEAP_ALLOCATE|[49]|Bytes:12
03:17:52.0 (10649675)|VARIABLE_ASSIGNMENT|[49]|this.heartRate|72.0|0x140c1b6e
03:17:52.0 (10651988)|STATEMENT_EXECUTE|[50]
03:17:52.0 (10669814)|HEAP_ALLOCATE|[50]|Bytes:12
03:17:52.0 (10678730)|VARIABLE_ASSIGNMENT|[50]|this.height|4.0|0x140c1b6e
03:17:52.0 (10680931)|STATEMENT_EXECUTE|[51]
03:17:52.0 (10697708)|HEAP_ALLOCATE|[51]|Bytes:12
03:17:52.0 (10706619)|VARIABLE_ASSIGNMENT|[51]|this.weight|68.0|0x140c1b6e
03:17:52.0 (10708893)|STATEMENT_EXECUTE|[52]
03:17:52.0 (10729869)|VARIABLE_ASSIGNMENT|[52]|this.patient_Id|"P00002"|0x140c1b6e
03:17:52.0 (10744315)|HEAP_ALLOCATE|[42]|Bytes:5
03:17:52.0 (10757030)|VARIABLE_ASSIGNMENT|[42]|patient|null|
03:17:52.0 (10759949)|STATEMENT_EXECUTE|[56]
03:17:52.0 (10762921)|HEAP_ALLOCATE|[56]|Bytes:14
03:17:52.0 (10822107)|HEAP_ALLOCATE|[56]|Bytes:139
03:17:52.0 (10837675)|HEAP_ALLOCATE|[56]|Bytes:153
03:17:52.0 (10848100)|USER_DEBUG|[56]|DEBUG|wrapperObj => PatientWrapper:[goal=6000.0, heartRate=72.0, height=4.0, id=a012800000SBjJnAAL, name=Pallavi, patient_Id=P00002, steps=6000.0, weight=68.0]
03:17:52.0 (10854228)|STATEMENT_EXECUTE|[57]
03:17:52.0 (10867951)|SYSTEM_MODE_EXIT|false
03:17:52.10 (10922979)|CUMULATIVE_LIMIT_USAGE
03:17:52.10 (10922979)|LIMIT_USAGE_FOR_NS|(default)|
  Number of SOQL queries: 1 out of 100
  Number of query rows: 1 out of 50000
  Number of SOSL queries: 0 out of 20
  Number of DML statements: 0 out of 150
  Number of DML rows: 0 out of 10000
  Maximum CPU time: 0 out of 10000
  Maximum heap size: 0 out of 6000000
  Number of callouts: 0 out of 100
  Number of Email Invocations: 0 out of 10
  Number of future calls: 0 out of 50
  Number of queueable jobs added to the queue: 0 out of 50
  Number of Mobile Apex push calls: 0 out of 10

03:17:52.10 (10922979)|CUMULATIVE_LIMIT_USAGE_END

03:17:52.0 (10973276)|CODE_UNIT_FINISHED|PatientWrapperController.getPatientsById
03:17:52.0 (13157226)|CODE_UNIT_STARTED|[EXTERNAL]|Aura
03:17:52.0 (13272279)|CODE_UNIT_FINISHED|Aura
