36.0 APEX_CODE,FINEST;APEX_PROFILING,INFO;CALLOUT,INFO;DB,INFO;SYSTEM,DEBUG;VALIDATION,INFO;VISUALFORCE,INFO;WORKFLOW,INFO
02:34:51.0 (602582)|EXECUTION_STARTED
02:34:51.0 (640279)|CODE_UNIT_STARTED|[EXTERNAL]|aura
02:34:51.0 (1185837)|HEAP_ALLOCATE|[72]|Bytes:3
02:34:51.0 (1222688)|HEAP_ALLOCATE|[77]|Bytes:152
02:34:51.0 (1238395)|HEAP_ALLOCATE|[342]|Bytes:408
02:34:51.0 (1260257)|HEAP_ALLOCATE|[355]|Bytes:408
02:34:51.0 (1282864)|HEAP_ALLOCATE|[467]|Bytes:48
02:34:51.0 (1311102)|HEAP_ALLOCATE|[139]|Bytes:6
02:34:51.0 (1334419)|HEAP_ALLOCATE|[EXTERNAL]|Bytes:6
02:34:51.0 (1356854)|HEAP_ALLOCATE|[EXTERNAL]|Bytes:6
02:34:51.0 (2884631)|CODE_UNIT_STARTED|[EXTERNAL]|01p280000085nGQ|PatientWrapperController.getPatientsById
02:34:51.0 (3784154)|HEAP_ALLOCATE|[EXTERNAL]|Bytes:7
02:34:51.0 (3794777)|HEAP_ALLOCATE|[EXTERNAL]|Bytes:14
02:34:51.0 (3819238)|METHOD_ENTRY|[1]|01p280000085nGQ|PatientWrapperController.PatientWrapperController()
02:34:51.0 (3825470)|STATEMENT_EXECUTE|[1]
02:34:51.0 (3833171)|STATEMENT_EXECUTE|[1]
02:34:51.0 (3843943)|METHOD_EXIT|[1]|PatientWrapperController
02:34:51.0 (3851943)|HEAP_ALLOCATE|[EXTERNAL]|Bytes:6
02:34:51.0 (3863713)|SYSTEM_MODE_ENTER|false
02:34:51.0 (3876959)|VARIABLE_SCOPE_BEGIN|[36]|patientId|String|false|false
02:34:51.0 (3917368)|VARIABLE_ASSIGNMENT|[36]|patientId|"4LR2VZ"
02:34:51.0 (3928804)|STATEMENT_EXECUTE|[36]
02:34:51.0 (3930445)|STATEMENT_EXECUTE|[38]
02:34:51.0 (3934049)|HEAP_ALLOCATE|[38]|Bytes:185
02:34:51.0 (3939637)|VARIABLE_SCOPE_BEGIN|[38]|query|String|false|false
02:34:51.0 (3949736)|VARIABLE_ASSIGNMENT|[38]|query|"SELECT Patient_Id__c (165 more) ..."
02:34:51.0 (3951962)|STATEMENT_EXECUTE|[39]
02:34:51.0 (3985976)|HEAP_ALLOCATE|[50]|Bytes:5
02:34:51.0 (4007384)|HEAP_ALLOCATE|[56]|Bytes:5
02:34:51.0 (4016698)|HEAP_ALLOCATE|[64]|Bytes:7
02:34:51.0 (5550372)|SOQL_EXECUTE_BEGIN|[39]|Aggregations:0|SELECT Patient_Id__c, Full_Name__c, Gender__c, Steps_Completed__c, Goal__c, Height__c, Heart_Rate__c, Weight__c FROM Patient__c where Patient_Id__c = :patientId ORDER BY createdDate ASC
02:34:51.0 (9687934)|SOQL_EXECUTE_END|[39]|Rows:1
02:34:51.0 (9708855)|HEAP_ALLOCATE|[39]|Bytes:8
02:34:51.0 (9732901)|HEAP_ALLOCATE|[39]|Bytes:352
02:34:51.0 (9832418)|HEAP_ALLOCATE|[39]|Bytes:8
02:34:51.0 (9859243)|VARIABLE_SCOPE_BEGIN|[39]|patientList|List<Patient__c>|true|false
02:34:51.0 (9910753)|VARIABLE_ASSIGNMENT|[39]|patientList|{"s":1,"v":[{"s":2,"v":{"Patient_Id__c":"4LR2VZ","Full_Name__c":"Purushottam","Gender__c":"Male","Steps_Completed__c":1000,"Goal__c":5000,"Height__c":5.00,"Heart_Rate__c":65,"Weight__c":50.00,"Id":"a012800000SBjJTAA1"}}]}|0x7d4b30d0
02:34:51.0 (9916165)|STATEMENT_EXECUTE|[40]
02:34:51.0 (9921041)|VARIABLE_SCOPE_BEGIN|[40]|wrapperObj|PatientWrapper|true|false
02:34:51.0 (9927003)|VARIABLE_ASSIGNMENT|[40]|wrapperObj|null|
02:34:51.0 (9929085)|STATEMENT_EXECUTE|[41]
02:34:51.0 (9933707)|HEAP_ALLOCATE|[41]|Bytes:15
02:34:51.0 (10124976)|HEAP_ALLOCATE|[41]|Bytes:190
02:34:51.0 (10147671)|HEAP_ALLOCATE|[41]|Bytes:205
02:34:51.0 (10166759)|USER_DEBUG|[41]|DEBUG|patientList => (Patient__c:{Patient_Id__c=4LR2VZ, Full_Name__c=Purushottam, Gender__c=Male, Steps_Completed__c=1000, Goal__c=5000, Height__c=5.00, Heart_Rate__c=65, Weight__c=50.00, Id=a012800000SBjJTAA1})
02:34:51.0 (10383138)|HEAP_ALLOCATE|[42]|Bytes:5
02:34:51.0 (10421740)|HEAP_ALLOCATE|[42]|Bytes:40
02:34:51.0 (10432641)|VARIABLE_SCOPE_BEGIN|[42]|patient|Patient__c|true|false
02:34:51.0 (10452249)|VARIABLE_ASSIGNMENT|[42]|patient|{"s":1,"v":{"Patient_Id__c":"4LR2VZ","Full_Name__c":"Purushottam","Gender__c":"Male","Steps_Completed__c":1000,"Goal__c":5000,"Height__c":5.00,"Heart_Rate__c":65,"Weight__c":50.00,"Id":"a012800000SBjJTAA1"}}|0x48f43911
02:34:51.0 (10456098)|STATEMENT_EXECUTE|[42]
02:34:51.0 (10457612)|STATEMENT_EXECUTE|[43]
02:34:51.0 (10491361)|METHOD_ENTRY|[1]|01p280000085nGG|PatientWrapper.PatientWrapper()
02:34:51.0 (10495680)|STATEMENT_EXECUTE|[1]
02:34:51.0 (10501413)|STATEMENT_EXECUTE|[1]
02:34:51.0 (10508827)|METHOD_EXIT|[1]|PatientWrapper
02:34:51.0 (10529842)|HEAP_ALLOCATE|[43]|Bytes:36
02:34:51.0 (10542539)|CONSTRUCTOR_ENTRY|[43]|01p280000085nGG|<init>()
02:34:51.0 (10585286)|VARIABLE_SCOPE_BEGIN|[1]|this|PatientWrapper|true|false
02:34:51.0 (10677487)|VARIABLE_ASSIGNMENT|[1]|this|{}|0x3bbd9f3f
02:34:51.0 (10688499)|HEAP_ALLOCATE|[EXTERNAL]|Bytes:6
02:34:51.0 (10710945)|STATEMENT_EXECUTE|[1]
02:34:51.0 (10712977)|STATEMENT_EXECUTE|[3]
02:34:51.0 (10714363)|STATEMENT_EXECUTE|[6]
02:34:51.0 (10715348)|STATEMENT_EXECUTE|[9]
02:34:51.0 (10716522)|STATEMENT_EXECUTE|[12]
02:34:51.0 (10717766)|STATEMENT_EXECUTE|[15]
02:34:51.0 (10718695)|STATEMENT_EXECUTE|[18]
02:34:51.0 (10719732)|STATEMENT_EXECUTE|[21]
02:34:51.0 (10720704)|STATEMENT_EXECUTE|[24]
02:34:51.0 (10729732)|CONSTRUCTOR_EXIT|[43]|01p280000085nGG|<init>()
02:34:51.0 (10747572)|VARIABLE_ASSIGNMENT|[43]|wrapperObj|{}|0x3bbd9f3f
02:34:51.0 (10750487)|STATEMENT_EXECUTE|[45]
02:34:51.0 (10781944)|HEAP_ALLOCATE|[45]|Bytes:18
02:34:51.0 (10797817)|VARIABLE_ASSIGNMENT|[45]|this.id|"a012800000SBjJTAA1"|0x3bbd9f3f
02:34:51.0 (10800886)|STATEMENT_EXECUTE|[46]
02:34:51.0 (10825205)|VARIABLE_ASSIGNMENT|[46]|this.name|"Purushottam"|0x3bbd9f3f
02:34:51.0 (10828508)|STATEMENT_EXECUTE|[47]
02:34:51.0 (10868573)|HEAP_ALLOCATE|[47]|Bytes:12
02:34:51.0 (10882288)|VARIABLE_ASSIGNMENT|[47]|this.steps|1000.0|0x3bbd9f3f
02:34:51.0 (10884746)|STATEMENT_EXECUTE|[48]
02:34:51.0 (10908731)|HEAP_ALLOCATE|[48]|Bytes:12
02:34:51.0 (10918598)|VARIABLE_ASSIGNMENT|[48]|this.goal|5000.0|0x3bbd9f3f
02:34:51.0 (10921013)|STATEMENT_EXECUTE|[49]
02:34:51.0 (10938300)|HEAP_ALLOCATE|[49]|Bytes:12
02:34:51.0 (10946612)|VARIABLE_ASSIGNMENT|[49]|this.heartRate|65.0|0x3bbd9f3f
02:34:51.0 (10948826)|STATEMENT_EXECUTE|[50]
02:34:51.0 (10965878)|HEAP_ALLOCATE|[50]|Bytes:12
02:34:51.0 (10974298)|VARIABLE_ASSIGNMENT|[50]|this.height|5.0|0x3bbd9f3f
02:34:51.0 (10976676)|STATEMENT_EXECUTE|[51]
02:34:51.0 (10992981)|HEAP_ALLOCATE|[51]|Bytes:12
02:34:51.0 (11001529)|VARIABLE_ASSIGNMENT|[51]|this.weight|50.0|0x3bbd9f3f
02:34:51.0 (11004650)|STATEMENT_EXECUTE|[52]
02:34:51.0 (11025279)|VARIABLE_ASSIGNMENT|[52]|this.patient_Id|"4LR2VZ"|0x3bbd9f3f
02:34:51.0 (11038456)|HEAP_ALLOCATE|[42]|Bytes:5
02:34:51.0 (11050902)|VARIABLE_ASSIGNMENT|[42]|patient|null|
02:34:51.0 (11054080)|STATEMENT_EXECUTE|[56]
02:34:51.0 (11057466)|HEAP_ALLOCATE|[56]|Bytes:14
02:34:51.0 (11118925)|HEAP_ALLOCATE|[56]|Bytes:143
02:34:51.0 (11133869)|HEAP_ALLOCATE|[56]|Bytes:157
02:34:51.0 (11143759)|USER_DEBUG|[56]|DEBUG|wrapperObj => PatientWrapper:[goal=5000.0, heartRate=65.0, height=5.0, id=a012800000SBjJTAA1, name=Purushottam, patient_Id=4LR2VZ, steps=1000.0, weight=50.0]
02:34:51.0 (11149196)|STATEMENT_EXECUTE|[57]
02:34:51.0 (11159334)|SYSTEM_MODE_EXIT|false
02:34:51.11 (11202069)|CUMULATIVE_LIMIT_USAGE
02:34:51.11 (11202069)|LIMIT_USAGE_FOR_NS|(default)|
  Number of SOQL queries: 1 out of 100
  Number of query rows: 1 out of 50000
  Number of SOSL queries: 0 out of 20
  Number of DML statements: 0 out of 150
  Number of DML rows: 0 out of 10000
  Maximum CPU time: 0 out of 10000
  Maximum heap size: 0 out of 6000000
  Number of callouts: 0 out of 100
  Number of Email Invocations: 0 out of 10
  Number of future calls: 0 out of 50
  Number of queueable jobs added to the queue: 0 out of 50
  Number of Mobile Apex push calls: 0 out of 10

02:34:51.11 (11202069)|CUMULATIVE_LIMIT_USAGE_END

02:34:51.0 (11253241)|CODE_UNIT_FINISHED|PatientWrapperController.getPatientsById
02:34:51.0 (13207140)|CODE_UNIT_STARTED|[EXTERNAL]|Aura
02:34:51.0 (13256831)|CODE_UNIT_FINISHED|Aura
