36.0 APEX_CODE,FINEST;APEX_PROFILING,INFO;CALLOUT,INFO;DB,INFO;SYSTEM,DEBUG;VALIDATION,INFO;VISUALFORCE,INFO;WORKFLOW,INFO
04:58:41.0 (564989)|EXECUTION_STARTED
04:58:41.0 (596992)|CODE_UNIT_STARTED|[EXTERNAL]|aura
04:58:41.0 (1131068)|HEAP_ALLOCATE|[72]|Bytes:3
04:58:41.0 (1179085)|HEAP_ALLOCATE|[77]|Bytes:152
04:58:41.0 (1196712)|HEAP_ALLOCATE|[342]|Bytes:408
04:58:41.0 (1215244)|HEAP_ALLOCATE|[355]|Bytes:408
04:58:41.0 (1231490)|HEAP_ALLOCATE|[467]|Bytes:48
04:58:41.0 (1259893)|HEAP_ALLOCATE|[139]|Bytes:6
04:58:41.0 (1280335)|HEAP_ALLOCATE|[EXTERNAL]|Bytes:6
04:58:41.0 (1298023)|HEAP_ALLOCATE|[EXTERNAL]|Bytes:6
04:58:41.0 (2691545)|CODE_UNIT_STARTED|[EXTERNAL]|01p280000085nGQ|PatientWrapperController.getPatientsById
04:58:41.0 (3468145)|HEAP_ALLOCATE|[EXTERNAL]|Bytes:7
04:58:41.0 (3474608)|HEAP_ALLOCATE|[EXTERNAL]|Bytes:14
04:58:41.0 (3491559)|METHOD_ENTRY|[1]|01p280000085nGQ|PatientWrapperController.PatientWrapperController()
04:58:41.0 (3495688)|STATEMENT_EXECUTE|[1]
04:58:41.0 (3501767)|STATEMENT_EXECUTE|[1]
04:58:41.0 (3508416)|METHOD_EXIT|[1]|PatientWrapperController
04:58:41.0 (3513081)|HEAP_ALLOCATE|[EXTERNAL]|Bytes:6
04:58:41.0 (3527299)|SYSTEM_MODE_ENTER|false
04:58:41.0 (3535879)|VARIABLE_SCOPE_BEGIN|[36]|patientId|String|false|false
04:58:41.0 (3565817)|VARIABLE_ASSIGNMENT|[36]|patientId|"P00003"
04:58:41.0 (3578856)|STATEMENT_EXECUTE|[36]
04:58:41.0 (3580813)|STATEMENT_EXECUTE|[38]
04:58:41.0 (3584487)|HEAP_ALLOCATE|[38]|Bytes:185
04:58:41.0 (3590603)|VARIABLE_SCOPE_BEGIN|[38]|query|String|false|false
04:58:41.0 (3601210)|VARIABLE_ASSIGNMENT|[38]|query|"SELECT Patient_Id__c (165 more) ..."
04:58:41.0 (3603254)|STATEMENT_EXECUTE|[39]
04:58:41.0 (3641656)|HEAP_ALLOCATE|[50]|Bytes:5
04:58:41.0 (3670728)|HEAP_ALLOCATE|[56]|Bytes:5
04:58:41.0 (3679593)|HEAP_ALLOCATE|[64]|Bytes:7
04:58:41.0 (5104074)|SOQL_EXECUTE_BEGIN|[39]|Aggregations:0|SELECT Patient_Id__c, Full_Name__c, Gender__c, Steps_Completed__c, Goal__c, Height__c, Heart_Rate__c, Weight__c FROM Patient__c where Patient_Id__c = :patientId ORDER BY createdDate ASC
04:58:41.0 (9273627)|SOQL_EXECUTE_END|[39]|Rows:1
04:58:41.0 (9287587)|HEAP_ALLOCATE|[39]|Bytes:8
04:58:41.0 (9306675)|HEAP_ALLOCATE|[39]|Bytes:353
04:58:41.0 (9415368)|HEAP_ALLOCATE|[39]|Bytes:8
04:58:41.0 (9437129)|VARIABLE_SCOPE_BEGIN|[39]|patientList|List<Patient__c>|true|false
04:58:41.0 (9480078)|VARIABLE_ASSIGNMENT|[39]|patientList|{"s":1,"v":[{"s":2,"v":{"Patient_Id__c":"P00003","Full_Name__c":"Bhagyashri","Gender__c":"Female","Steps_Completed__c":1000,"Goal__c":5000,"Height__c":5.30,"Heart_Rate__c":68,"Weight__c":52.00,"Id":"a012800000SBlH6AAL"}}]}|0x57bc6a8f
04:58:41.0 (9484962)|STATEMENT_EXECUTE|[40]
04:58:41.0 (9492642)|VARIABLE_SCOPE_BEGIN|[40]|wrapperObj|PatientWrapper|true|false
04:58:41.0 (9498106)|VARIABLE_ASSIGNMENT|[40]|wrapperObj|null|
04:58:41.0 (9500253)|STATEMENT_EXECUTE|[41]
04:58:41.0 (9504124)|HEAP_ALLOCATE|[41]|Bytes:15
04:58:41.0 (9600986)|HEAP_ALLOCATE|[41]|Bytes:191
04:58:41.0 (9623975)|HEAP_ALLOCATE|[41]|Bytes:206
04:58:41.0 (9647669)|USER_DEBUG|[41]|DEBUG|patientList => (Patient__c:{Patient_Id__c=P00003, Full_Name__c=Bhagyashri, Gender__c=Female, Steps_Completed__c=1000, Goal__c=5000, Height__c=5.30, Heart_Rate__c=68, Weight__c=52.00, Id=a012800000SBlH6AAL})
04:58:41.0 (9857669)|HEAP_ALLOCATE|[42]|Bytes:5
04:58:41.0 (9901672)|HEAP_ALLOCATE|[42]|Bytes:40
04:58:41.0 (9912514)|VARIABLE_SCOPE_BEGIN|[42]|patient|Patient__c|true|false
04:58:41.0 (9932190)|VARIABLE_ASSIGNMENT|[42]|patient|{"s":1,"v":{"Patient_Id__c":"P00003","Full_Name__c":"Bhagyashri","Gender__c":"Female","Steps_Completed__c":1000,"Goal__c":5000,"Height__c":5.30,"Heart_Rate__c":68,"Weight__c":52.00,"Id":"a012800000SBlH6AAL"}}|0x6541615f
04:58:41.0 (9936554)|STATEMENT_EXECUTE|[42]
04:58:41.0 (9938121)|STATEMENT_EXECUTE|[43]
04:58:41.0 (9951362)|METHOD_ENTRY|[1]|01p280000085nGG|PatientWrapper.PatientWrapper()
04:58:41.0 (9954192)|STATEMENT_EXECUTE|[1]
04:58:41.0 (9957546)|STATEMENT_EXECUTE|[1]
04:58:41.0 (9963372)|METHOD_EXIT|[1]|PatientWrapper
04:58:41.0 (9974633)|HEAP_ALLOCATE|[43]|Bytes:36
04:58:41.0 (9987051)|CONSTRUCTOR_ENTRY|[43]|01p280000085nGG|<init>()
04:58:41.0 (10011149)|VARIABLE_SCOPE_BEGIN|[1]|this|PatientWrapper|true|false
04:58:41.0 (10046824)|VARIABLE_ASSIGNMENT|[1]|this|{}|0xac0a8bb
04:58:41.0 (10056458)|HEAP_ALLOCATE|[EXTERNAL]|Bytes:6
04:58:41.0 (10079327)|STATEMENT_EXECUTE|[1]
04:58:41.0 (10081441)|STATEMENT_EXECUTE|[3]
04:58:41.0 (10082820)|STATEMENT_EXECUTE|[6]
04:58:41.0 (10083949)|STATEMENT_EXECUTE|[9]
04:58:41.0 (10084981)|STATEMENT_EXECUTE|[12]
04:58:41.0 (10086235)|STATEMENT_EXECUTE|[15]
04:58:41.0 (10087238)|STATEMENT_EXECUTE|[18]
04:58:41.0 (10088259)|STATEMENT_EXECUTE|[21]
04:58:41.0 (10089408)|STATEMENT_EXECUTE|[24]
04:58:41.0 (10093427)|CONSTRUCTOR_EXIT|[43]|01p280000085nGG|<init>()
04:58:41.0 (10109682)|VARIABLE_ASSIGNMENT|[43]|wrapperObj|{}|0xac0a8bb
04:58:41.0 (10112406)|STATEMENT_EXECUTE|[45]
04:58:41.0 (10150184)|HEAP_ALLOCATE|[45]|Bytes:18
04:58:41.0 (10166417)|VARIABLE_ASSIGNMENT|[45]|this.id|"a012800000SBlH6AAL"|0xac0a8bb
04:58:41.0 (10169166)|STATEMENT_EXECUTE|[46]
04:58:41.0 (10192598)|VARIABLE_ASSIGNMENT|[46]|this.name|"Bhagyashri"|0xac0a8bb
04:58:41.0 (10195541)|STATEMENT_EXECUTE|[47]
04:58:41.0 (10233279)|HEAP_ALLOCATE|[47]|Bytes:12
04:58:41.0 (10245986)|VARIABLE_ASSIGNMENT|[47]|this.steps|1000.0|0xac0a8bb
04:58:41.0 (10248480)|STATEMENT_EXECUTE|[48]
04:58:41.0 (10268490)|HEAP_ALLOCATE|[48]|Bytes:12
04:58:41.0 (10277894)|VARIABLE_ASSIGNMENT|[48]|this.goal|5000.0|0xac0a8bb
04:58:41.0 (10280165)|STATEMENT_EXECUTE|[49]
04:58:41.0 (10296953)|HEAP_ALLOCATE|[49]|Bytes:12
04:58:41.0 (10305753)|VARIABLE_ASSIGNMENT|[49]|this.heartRate|68.0|0xac0a8bb
04:58:41.0 (10307965)|STATEMENT_EXECUTE|[50]
04:58:41.0 (10324267)|HEAP_ALLOCATE|[50]|Bytes:12
04:58:41.0 (10337491)|VARIABLE_ASSIGNMENT|[50]|this.height|5.3|0xac0a8bb
04:58:41.0 (10341566)|STATEMENT_EXECUTE|[51]
04:58:41.0 (10363585)|HEAP_ALLOCATE|[51]|Bytes:12
04:58:41.0 (10374801)|VARIABLE_ASSIGNMENT|[51]|this.weight|52.0|0xac0a8bb
04:58:41.0 (10377192)|STATEMENT_EXECUTE|[52]
04:58:41.0 (10397876)|VARIABLE_ASSIGNMENT|[52]|this.patient_Id|"P00003"|0xac0a8bb
04:58:41.0 (10416166)|HEAP_ALLOCATE|[42]|Bytes:5
04:58:41.0 (10429048)|VARIABLE_ASSIGNMENT|[42]|patient|null|
04:58:41.0 (10432455)|STATEMENT_EXECUTE|[56]
04:58:41.0 (10435562)|HEAP_ALLOCATE|[56]|Bytes:14
04:58:41.0 (10496571)|HEAP_ALLOCATE|[56]|Bytes:142
04:58:41.0 (10511572)|HEAP_ALLOCATE|[56]|Bytes:156
04:58:41.0 (10522096)|USER_DEBUG|[56]|DEBUG|wrapperObj => PatientWrapper:[goal=5000.0, heartRate=68.0, height=5.3, id=a012800000SBlH6AAL, name=Bhagyashri, patient_Id=P00003, steps=1000.0, weight=52.0]
04:58:41.0 (10527724)|STATEMENT_EXECUTE|[57]
04:58:41.0 (10535130)|SYSTEM_MODE_EXIT|false
04:58:41.10 (10578536)|CUMULATIVE_LIMIT_USAGE
04:58:41.10 (10578536)|LIMIT_USAGE_FOR_NS|(default)|
  Number of SOQL queries: 1 out of 100
  Number of query rows: 1 out of 50000
  Number of SOSL queries: 0 out of 20
  Number of DML statements: 0 out of 150
  Number of DML rows: 0 out of 10000
  Maximum CPU time: 0 out of 10000
  Maximum heap size: 0 out of 6000000
  Number of callouts: 0 out of 100
  Number of Email Invocations: 0 out of 10
  Number of future calls: 0 out of 50
  Number of queueable jobs added to the queue: 0 out of 50
  Number of Mobile Apex push calls: 0 out of 10

04:58:41.10 (10578536)|CUMULATIVE_LIMIT_USAGE_END

04:58:41.0 (10616833)|CODE_UNIT_FINISHED|PatientWrapperController.getPatientsById
04:58:41.0 (13276216)|CODE_UNIT_STARTED|[EXTERNAL]|Aura
04:58:41.0 (13322416)|CODE_UNIT_FINISHED|Aura
