36.0 APEX_CODE,FINEST;APEX_PROFILING,INFO;CALLOUT,INFO;DB,INFO;SYSTEM,DEBUG;VALIDATION,INFO;VISUALFORCE,INFO;WORKFLOW,INFO
04:43:25.0 (62714)|EXECUTION_STARTED
04:43:25.0 (87638)|CODE_UNIT_STARTED|[EXTERNAL]|01p280000085nGQ|PatientWrapperController.sysncFitBitData
04:43:25.0 (240075)|HEAP_ALLOCATE|[72]|Bytes:3
04:43:25.0 (267871)|HEAP_ALLOCATE|[77]|Bytes:152
04:43:25.0 (283570)|HEAP_ALLOCATE|[342]|Bytes:408
04:43:25.0 (302172)|HEAP_ALLOCATE|[355]|Bytes:408
04:43:25.0 (319055)|HEAP_ALLOCATE|[467]|Bytes:48
04:43:25.0 (343673)|HEAP_ALLOCATE|[139]|Bytes:6
04:43:25.0 (391043)|HEAP_ALLOCATE|[EXTERNAL]|Bytes:7
04:43:25.0 (395693)|HEAP_ALLOCATE|[EXTERNAL]|Bytes:14
04:43:25.0 (410454)|METHOD_ENTRY|[1]|01p280000085nGQ|PatientWrapperController.PatientWrapperController()
04:43:25.0 (414293)|STATEMENT_EXECUTE|[1]
04:43:25.0 (418815)|STATEMENT_EXECUTE|[1]
04:43:25.0 (424965)|METHOD_EXIT|[1]|PatientWrapperController
04:43:25.0 (435928)|SYSTEM_MODE_ENTER|false
04:43:25.0 (447029)|STATEMENT_EXECUTE|[72]
04:43:25.0 (448828)|STATEMENT_EXECUTE|[74]
04:43:25.0 (452928)|HEAP_ALLOCATE|[74]|Bytes:157
04:43:25.0 (460444)|VARIABLE_SCOPE_BEGIN|[74]|query|String|false|false
04:43:25.0 (492858)|VARIABLE_ASSIGNMENT|[74]|query|"SELECT Patient_Id__c (137 more) ..."
04:43:25.0 (496631)|STATEMENT_EXECUTE|[76]
04:43:25.0 (531851)|HEAP_ALLOCATE|[50]|Bytes:5
04:43:25.0 (552417)|HEAP_ALLOCATE|[56]|Bytes:5
04:43:25.0 (560732)|HEAP_ALLOCATE|[64]|Bytes:7
04:43:25.0 (1038335)|SOQL_EXECUTE_BEGIN|[76]|Aggregations:0|SELECT Patient_Id__c, Full_Name__c, Gender__c, Steps_Completed__c, Goal__c, Height__c FROM Patient__c where Patient_Id__c = '4LR2VZ' ORDER BY createdDate ASC
04:43:25.0 (4380331)|SOQL_EXECUTE_END|[76]|Rows:1
04:43:25.0 (4398616)|HEAP_ALLOCATE|[76]|Bytes:8
04:43:25.0 (4419000)|HEAP_ALLOCATE|[76]|Bytes:250
04:43:25.0 (4529217)|HEAP_ALLOCATE|[76]|Bytes:8
04:43:25.0 (4551104)|VARIABLE_SCOPE_BEGIN|[76]|patientList|List<Patient__c>|true|false
04:43:25.0 (4593197)|VARIABLE_ASSIGNMENT|[76]|patientList|{"s":1,"v":[{"s":2,"v":{"Patient_Id__c":"4LR2VZ","Full_Name__c":"Purushottam","Gender__c":"Male","Steps_Completed__c":1000,"Goal__c":5000,"Height__c":5.00,"Id":"a012800000SBjJTAA1"}}]}|0x22f6cab0
04:43:25.0 (4598775)|STATEMENT_EXECUTE|[77]
04:43:25.0 (4656419)|HEAP_ALLOCATE|[77]|Bytes:4
04:43:25.0 (4705072)|HEAP_ALLOCATE|[77]|Bytes:10
04:43:25.0 (4720625)|VARIABLE_SCOPE_BEGIN|[77]|todaysDate|String|false|false
04:43:25.0 (4731277)|VARIABLE_ASSIGNMENT|[77]|todaysDate|"2016-05-23"
04:43:25.0 (4734961)|STATEMENT_EXECUTE|[78]
04:43:25.0 (4740136)|HEAP_ALLOCATE|[78]|Bytes:9
04:43:25.0 (4792613)|HEAP_ALLOCATE|[78]|Bytes:10
04:43:25.0 (4813318)|VARIABLE_ASSIGNMENT|[78]|todaysDate|"2016-05-23"
04:43:25.0 (4817255)|STATEMENT_EXECUTE|[79]
04:43:25.0 (4823867)|HEAP_ALLOCATE|[79]|Bytes:4
04:43:25.0 (4890965)|VARIABLE_SCOPE_BEGIN|[79]|patientListToUpdate|List<Patient__c>|true|false
04:43:25.0 (4900805)|HEAP_ALLOCATE|[EXTERNAL]|Bytes:4
04:43:25.0 (4913385)|VARIABLE_ASSIGNMENT|[79]|patientListToUpdate|{"s":1,"v":[]}|0x3d78ffd4
04:43:25.0 (5085360)|HEAP_ALLOCATE|[80]|Bytes:5
04:43:25.0 (5132462)|HEAP_ALLOCATE|[80]|Bytes:32
04:43:25.0 (5147253)|VARIABLE_SCOPE_BEGIN|[80]|patient|Patient__c|true|false
04:43:25.0 (5173647)|VARIABLE_ASSIGNMENT|[80]|patient|{"s":1,"v":{"Patient_Id__c":"4LR2VZ","Full_Name__c":"Purushottam","Gender__c":"Male","Steps_Completed__c":1000,"Goal__c":5000,"Height__c":5.00,"Id":"a012800000SBjJTAA1"}}|0x687e234c
04:43:25.0 (5179671)|STATEMENT_EXECUTE|[80]
04:43:25.0 (5181729)|STATEMENT_EXECUTE|[81]
04:43:25.0 (5189129)|VARIABLE_SCOPE_BEGIN|[81]|stepsCompleted|Integer|false|false
04:43:25.0 (5194490)|HEAP_ALLOCATE|[81]|Bytes:4
04:43:25.0 (5202162)|VARIABLE_ASSIGNMENT|[81]|stepsCompleted|0
04:43:25.0 (5205042)|STATEMENT_EXECUTE|[82]
04:43:25.0 (5337641)|VARIABLE_SCOPE_BEGIN|[6]|FitForceUtility.ACTIVITY_API|String|false|true
04:43:25.0 (5344980)|VARIABLE_SCOPE_BEGIN|[3]|FitForceUtility.GET|String|false|true
04:43:25.0 (5349672)|VARIABLE_SCOPE_BEGIN|[4]|FitForceUtility.POST|String|false|true
04:43:25.0 (5354040)|VARIABLE_SCOPE_BEGIN|[5]|FitForceUtility.PROFILE_API|String|false|true
04:43:25.0 (5363911)|HEAP_ALLOCATE|[82]|Bytes:2
04:43:25.0 (5372122)|HEAP_ALLOCATE|[82]|Bytes:2
04:43:25.0 (5388974)|METHOD_ENTRY|[1]|01p280000085crs|FitForceUtility.FitForceUtility()
04:43:25.0 (5393204)|STATEMENT_EXECUTE|[1]
04:43:25.0 (5399314)|STATEMENT_EXECUTE|[1]
04:43:25.0 (5410234)|HEAP_ALLOCATE|[3]|Bytes:5
04:43:25.0 (5415254)|STATEMENT_EXECUTE|[3]
04:43:25.0 (5419136)|HEAP_ALLOCATE|[3]|Bytes:3
04:43:25.0 (5433522)|VARIABLE_ASSIGNMENT|[3]|FitForceUtility.GET|"GET"
04:43:25.0 (5437583)|STATEMENT_EXECUTE|[4]
04:43:25.0 (5441411)|HEAP_ALLOCATE|[4]|Bytes:4
04:43:25.0 (5451621)|VARIABLE_ASSIGNMENT|[4]|FitForceUtility.POST|"POST"
04:43:25.0 (5455236)|STATEMENT_EXECUTE|[5]
04:43:25.0 (5463656)|VARIABLE_ASSIGNMENT|[5]|FitForceUtility.PROFILE_API|""
04:43:25.0 (5466945)|STATEMENT_EXECUTE|[6]
04:43:25.0 (5475611)|VARIABLE_ASSIGNMENT|[6]|FitForceUtility.ACTIVITY_API|""
04:43:25.0 (5479209)|STATEMENT_EXECUTE|[7]
04:43:25.0 (5480905)|STATEMENT_EXECUTE|[8]
04:43:25.0 (5484264)|HEAP_ALLOCATE|[8]|Bytes:17
04:43:25.0 (5490715)|VARIABLE_SCOPE_BEGIN|[8]|BASE_URL|String|false|false
04:43:25.0 (5500182)|VARIABLE_ASSIGNMENT|[8]|BASE_URL|"callout:FitForce/"
04:43:25.0 (5503181)|STATEMENT_EXECUTE|[9]
04:43:25.0 (5506729)|HEAP_ALLOCATE|[9]|Bytes:21
04:43:25.0 (5520447)|HEAP_ALLOCATE|[9]|Bytes:38
04:43:25.0 (5537320)|VARIABLE_ASSIGNMENT|[9]|FitForceUtility.PROFILE_API|"callout:FitForce/1/u (18 more) ..."
04:43:25.0 (5541468)|STATEMENT_EXECUTE|[10]
04:43:25.0 (5546278)|HEAP_ALLOCATE|[10]|Bytes:35
04:43:25.0 (5555525)|HEAP_ALLOCATE|[10]|Bytes:52
04:43:25.0 (5569146)|VARIABLE_ASSIGNMENT|[10]|FitForceUtility.ACTIVITY_API|"callout:FitForce/1/u (32 more) ..."
04:43:25.0 (5587738)|METHOD_EXIT|[1]|FitForceUtility
04:43:25.0 (5598158)|HEAP_ALLOCATE|[82]|Bytes:5
04:43:25.0 (5652640)|HEAP_ALLOCATE|[82]|Bytes:57
04:43:25.0 (5673303)|VARIABLE_SCOPE_BEGIN|[82]|url|String|false|false
04:43:25.0 (5686323)|VARIABLE_ASSIGNMENT|[82]|url|"callout:FitForce/1/u (37 more) ..."
04:43:25.0 (5690340)|STATEMENT_EXECUTE|[83]
04:43:25.0 (5712123)|METHOD_ENTRY|[83]|01p280000085crs|FitForceUtility.doHTTPCallout(String, String)
04:43:25.0 (5734445)|VARIABLE_SCOPE_BEGIN|[13]|methodType|String|false|false
04:43:25.0 (5743233)|VARIABLE_ASSIGNMENT|[13]|methodType|"GET"
04:43:25.0 (5746747)|VARIABLE_SCOPE_BEGIN|[13]|url|String|false|false
04:43:25.0 (5753165)|VARIABLE_ASSIGNMENT|[13]|url|"callout:FitForce/1/u (37 more) ..."
04:43:25.0 (5763612)|HEAP_ALLOCATE|[14]|Bytes:5
04:43:25.0 (5768935)|STATEMENT_EXECUTE|[13]
04:43:25.0 (5771632)|STATEMENT_EXECUTE|[14]
04:43:25.0 (5777543)|VARIABLE_SCOPE_BEGIN|[14]|response|String|false|false
04:43:25.0 (5785295)|VARIABLE_ASSIGNMENT|[14]|response|""
04:43:25.0 (5841731)|STATEMENT_EXECUTE|[15]
04:43:25.0 (5845408)|STATEMENT_EXECUTE|[18]
04:43:25.0 (5878329)|VARIABLE_SCOPE_BEGIN|[18]|httpRequest|System.HttpRequest|true|false
04:43:25.0 (6015498)|VARIABLE_ASSIGNMENT|[18]|httpRequest|"System.HttpRequest[Endpoint=null, Method=null]"|0x938b33
04:43:25.0 (6023001)|STATEMENT_EXECUTE|[19]
04:43:25.0 (6048941)|VARIABLE_SCOPE_BEGIN|[19]|http|System.Http|true|false
04:43:25.0 (6126603)|VARIABLE_ASSIGNMENT|[19]|http|"System.Http[]"|0x7a6f52aa
04:43:25.0 (6132471)|STATEMENT_EXECUTE|[20]
04:43:25.0 (6202959)|STATEMENT_EXECUTE|[21]
04:43:25.0 (6247705)|STATEMENT_EXECUTE|[22]
04:43:25.0 (6335333)|CALLOUT_REQUEST|[22]|System.HttpRequest[Endpoint=callout:FitForce/1/user/-/activities/date/2016-05-23.json, Method=GET]
04:43:25.0 (258905169)|HEAP_ALLOCATE|[EXTERNAL]|Bytes:970
04:43:25.0 (259001482)|CALLOUT_RESPONSE|[22]|System.HttpResponse[Status=OK, StatusCode=200]
04:43:25.0 (259022840)|HEAP_ALLOCATE|[22]|Bytes:614
04:43:25.0 (259051986)|VARIABLE_SCOPE_BEGIN|[22]|httpResponse|System.HttpResponse|true|false
04:43:25.0 (259155724)|VARIABLE_ASSIGNMENT|[22]|httpResponse|"System.HttpResponse[Status=OK, StatusCode=200]"|0x555abf75
04:43:25.0 (259162891)|STATEMENT_EXECUTE|[23]
04:43:25.0 (259277749)|HEAP_ALLOCATE|[23]|Bytes:608
04:43:25.0 (259302791)|VARIABLE_ASSIGNMENT|[23]|response|"{\"activities\":[],\"go (588 more) ..."
04:43:25.0 (259307114)|STATEMENT_EXECUTE|[24]
04:43:25.0 (259311833)|HEAP_ALLOCATE|[24]|Bytes:17
04:43:25.0 (259325871)|HEAP_ALLOCATE|[24]|Bytes:625
04:43:25.0 (259374180)|USER_DEBUG|[24]|DEBUG|Server Response :{"activities":[],"goals":{"activeMinutes":30,"caloriesOut":2655,"distance":8.05,"steps":10000},"summary":{"activeScore":-1,"activityCalories":0,"caloriesBMR":1086,"caloriesOut":1086,"distances":[{"activity":"total","distance":0},{"activity":"tracker","distance":0},{"activity":"loggedActivities","distance":0},{"activity":"veryActive","distance":0},{"activity":"moderatelyActive","distance":0},{"activity":"lightlyActive","distance":0},{"activity":"sedentaryActive","distance":0}],"fairlyActiveMinutes":0,"lightlyActiveMinutes":0,"marginalCalories":0,"sedentaryMinutes":1033,"steps":0,"veryActiveMinutes":0}}
04:43:25.0 (259387878)|STATEMENT_EXECUTE|[25]
04:43:25.0 (259405367)|METHOD_EXIT|[83]|01p280000085crs|FitForceUtility.doHTTPCallout(String, String)
04:43:25.0 (259412848)|VARIABLE_SCOPE_BEGIN|[83]|activityJson|String|false|false
04:43:25.0 (259425315)|VARIABLE_ASSIGNMENT|[83]|activityJson|"{\"activities\":[],\"go (588 more) ..."
04:43:25.0 (259428655)|STATEMENT_EXECUTE|[84]
04:43:25.0 (259433597)|HEAP_ALLOCATE|[84]|Bytes:15
04:43:25.0 (259482674)|HEAP_ALLOCATE|[84]|Bytes:24
04:43:25.0 (259506122)|SYSTEM_METHOD_ENTRY|[1]|Type.Type()
04:43:25.0 (259510161)|STATEMENT_EXECUTE|[1]
04:43:25.0 (259524414)|SYSTEM_METHOD_EXIT|[1]|Type
04:43:25.0 (259541862)|METHOD_ENTRY|[84]||System.Type.forName(String)
04:43:25.0 (259933940)|METHOD_EXIT|[84]||System.Type.forName(String)
04:43:25.0 (259975143)|HEAP_ALLOCATE|[84]|Bytes:18
04:43:25.0 (259991779)|SYSTEM_METHOD_ENTRY|[1]|JSON.JSON()
04:43:25.0 (259995117)|STATEMENT_EXECUTE|[1]
04:43:25.0 (260006172)|SYSTEM_METHOD_EXIT|[1]|JSON
04:43:25.0 (260021157)|METHOD_ENTRY|[84]||System.JSON.deserialize(String, System.Type)
04:43:25.0 (260160522)|STATEMENT_EXECUTE|[1]
04:43:25.0 (260164202)|STATEMENT_EXECUTE|[4]
04:43:25.0 (260165928)|STATEMENT_EXECUTE|[21]
04:43:25.0 (260167977)|STATEMENT_EXECUTE|[34]
04:43:25.0 (261281996)|METHOD_EXIT|[84]||System.JSON.deserialize(String, System.Type)
04:43:25.0 (261293491)|VARIABLE_SCOPE_BEGIN|[84]|activityWrapper|ActivityWrapper|true|false
04:43:25.0 (261344523)|VARIABLE_ASSIGNMENT|[84]|activityWrapper|{"activities":"0x117191ff","summary":"0x11d025b3"}|0x2ac900a8
04:43:25.0 (261349531)|STATEMENT_EXECUTE|[85]
04:43:25.0 (261354195)|HEAP_ALLOCATE|[85]|Bytes:17
04:43:25.0 (261474899)|HEAP_ALLOCATE|[85]|Bytes:594
04:43:25.0 (261492523)|HEAP_ALLOCATE|[85]|Bytes:611
04:43:25.0 (261504718)|USER_DEBUG|[85]|DEBUG|activityWrapper :ActivityWrapper:[activities=(), summary=Summary:[activeScore=-1, activityCalories=0, caloriesBMR=1086, caloriesOut=1086, distances=(Distances:[activity=total, distance=0.0], Distances:[activity=tracker, distance=0.0], Distances:[activity=loggedActivities, distance=0.0], Distances:[activity=veryActive, distance=0.0], Distances:[activity=moderatelyActive, distance=0.0], Distances:[activity=lightlyActive, distance=0.0], Distances:[activity=sedentaryActive, distance=0.0]), fairlyActiveMinutes=0, lightlyActiveMinutes=0, marginalCalories=0, sedentaryMinutes=1033, steps=0, veryActiveMinutes=0]]
04:43:25.0 (261658045)|HEAP_ALLOCATE|[86]|Bytes:5
04:43:25.0 (261677153)|VARIABLE_ASSIGNMENT|[86]|act|null|
04:43:25.0 (261681211)|STATEMENT_EXECUTE|[86]
04:43:25.0 (261692695)|HEAP_ALLOCATE|[80]|Bytes:5
04:43:25.0 (261704823)|VARIABLE_ASSIGNMENT|[80]|patient|null|
04:43:25.0 (261707676)|STATEMENT_EXECUTE|[94]
04:43:25.0 (261791550)|HEAP_ALLOCATE|[EXTERNAL]|Bytes:4
04:43:25.0 (261801227)|STATEMENT_EXECUTE|[95]
04:43:25.0 (261805505)|HEAP_ALLOCATE|[95]|Bytes:14
04:43:25.0 (261845512)|HEAP_ALLOCATE|[95]|Bytes:2
04:43:25.0 (261859562)|HEAP_ALLOCATE|[95]|Bytes:16
04:43:25.0 (261869656)|USER_DEBUG|[95]|DEBUG|Updated List :()
04:43:25.0 (261874599)|STATEMENT_EXECUTE|[98]
04:43:25.0 (261894132)|HEAP_ALLOCATE|[98]|Bytes:4
04:43:25.0 (261935628)|VARIABLE_SCOPE_BEGIN|[98]|wcList|List<PatientWrapper>|true|false
04:43:25.0 (261946721)|HEAP_ALLOCATE|[EXTERNAL]|Bytes:4
04:43:25.0 (261960877)|VARIABLE_ASSIGNMENT|[98]|wcList|{"s":1,"v":[]}|0x25c6a661
04:43:25.0 (261989424)|STATEMENT_EXECUTE|[99]
04:43:25.0 (261991717)|STATEMENT_EXECUTE|[114]
04:43:25.0 (262001993)|SYSTEM_MODE_EXIT|false
04:43:25.264 (264441250)|CUMULATIVE_LIMIT_USAGE
04:43:25.264 (264441250)|LIMIT_USAGE_FOR_NS|(default)|
  Number of SOQL queries: 1 out of 100
  Number of query rows: 1 out of 50000
  Number of SOSL queries: 0 out of 20
  Number of DML statements: 0 out of 150
  Number of DML rows: 0 out of 10000
  Maximum CPU time: 0 out of 10000
  Maximum heap size: 0 out of 6000000
  Number of callouts: 1 out of 100
  Number of Email Invocations: 0 out of 10
  Number of future calls: 0 out of 50
  Number of queueable jobs added to the queue: 0 out of 50
  Number of Mobile Apex push calls: 0 out of 10

04:43:25.264 (264441250)|CUMULATIVE_LIMIT_USAGE_END

04:43:25.0 (264500930)|CODE_UNIT_FINISHED|PatientWrapperController.sysncFitBitData
04:43:25.0 (265715902)|EXECUTION_FINISHED
04:43:25.268 (268604095)|EXECUTION_STARTED
04:43:25.268 (268618843)|CODE_UNIT_STARTED|[EXTERNAL]|aura
04:43:25.268 (269822773)|CODE_UNIT_STARTED|[EXTERNAL]|01p280000085nGQ|PatientWrapperController.getPatientsById
04:43:25.268 (269875914)|SYSTEM_MODE_ENTER|false
04:43:25.268 (269887471)|VARIABLE_SCOPE_BEGIN|[36]|patientId|String|false|false
04:43:25.268 (269917314)|VARIABLE_ASSIGNMENT|[36]|patientId|""
04:43:25.268 (269927943)|STATEMENT_EXECUTE|[36]
04:43:25.268 (269930236)|STATEMENT_EXECUTE|[38]
04:43:25.268 (269935894)|HEAP_ALLOCATE|[38]|Bytes:185
04:43:25.268 (269944395)|VARIABLE_SCOPE_BEGIN|[38]|query|String|false|false
04:43:25.268 (269954316)|VARIABLE_ASSIGNMENT|[38]|query|"SELECT Patient_Id__c (165 more) ..."
04:43:25.268 (269962800)|STATEMENT_EXECUTE|[39]
04:43:25.268 (270251757)|SOQL_EXECUTE_BEGIN|[39]|Aggregations:0|SELECT Patient_Id__c, Full_Name__c, Gender__c, Steps_Completed__c, Goal__c, Height__c, Heart_Rate__c, Weight__c FROM Patient__c where Patient_Id__c = :patientId ORDER BY createdDate ASC
04:43:25.268 (286529649)|SOQL_EXECUTE_END|[39]|Rows:0
04:43:25.268 (286556683)|HEAP_ALLOCATE|[39]|Bytes:4
04:43:25.268 (286568610)|HEAP_ALLOCATE|[39]|Bytes:0
04:43:25.268 (286596130)|HEAP_ALLOCATE|[39]|Bytes:4
04:43:25.268 (286623002)|VARIABLE_SCOPE_BEGIN|[39]|patientList|List<Patient__c>|true|false
04:43:25.268 (286654857)|VARIABLE_ASSIGNMENT|[39]|patientList|{"s":1,"v":[]}|0x529625a9
04:43:25.268 (286658970)|STATEMENT_EXECUTE|[40]
04:43:25.268 (286670239)|VARIABLE_SCOPE_BEGIN|[40]|wrapperObj|PatientWrapper|true|false
04:43:25.268 (286675550)|VARIABLE_ASSIGNMENT|[40]|wrapperObj|null|
04:43:25.268 (286677632)|STATEMENT_EXECUTE|[41]
04:43:25.268 (286681982)|HEAP_ALLOCATE|[41]|Bytes:15
04:43:25.268 (286749411)|HEAP_ALLOCATE|[41]|Bytes:2
04:43:25.268 (286766760)|HEAP_ALLOCATE|[41]|Bytes:17
04:43:25.268 (286783799)|USER_DEBUG|[41]|DEBUG|patientList => ()
04:43:25.268 (286833245)|HEAP_ALLOCATE|[42]|Bytes:5
04:43:25.268 (286848559)|VARIABLE_ASSIGNMENT|[42]|patient|null|
04:43:25.268 (286852062)|STATEMENT_EXECUTE|[42]
04:43:25.268 (286853702)|STATEMENT_EXECUTE|[56]
04:43:25.268 (286856625)|HEAP_ALLOCATE|[56]|Bytes:14
04:43:25.268 (286893387)|HEAP_ALLOCATE|[56]|Bytes:18
04:43:25.268 (286903658)|USER_DEBUG|[56]|DEBUG|wrapperObj => null
04:43:25.268 (286908402)|STATEMENT_EXECUTE|[57]
04:43:25.268 (286919663)|SYSTEM_MODE_EXIT|false
04:43:25.286 (286964047)|CUMULATIVE_LIMIT_USAGE
04:43:25.286 (286964047)|LIMIT_USAGE_FOR_NS|(default)|
  Number of SOQL queries: 2 out of 100
  Number of query rows: 1 out of 50000
  Number of SOSL queries: 0 out of 20
  Number of DML statements: 0 out of 150
  Number of DML rows: 0 out of 10000
  Maximum CPU time: 0 out of 10000
  Maximum heap size: 0 out of 6000000
  Number of callouts: 1 out of 100
  Number of Email Invocations: 0 out of 10
  Number of future calls: 0 out of 50
  Number of queueable jobs added to the queue: 0 out of 50
  Number of Mobile Apex push calls: 0 out of 10

04:43:25.286 (286964047)|CUMULATIVE_LIMIT_USAGE_END

04:43:25.268 (287012580)|CODE_UNIT_FINISHED|PatientWrapperController.getPatientsById
