36.0 APEX_CODE,FINEST;APEX_PROFILING,INFO;CALLOUT,INFO;DB,INFO;SYSTEM,DEBUG;VALIDATION,INFO;VISUALFORCE,INFO;WORKFLOW,INFO
02:33:49.0 (635756)|EXECUTION_STARTED
02:33:49.0 (668159)|CODE_UNIT_STARTED|[EXTERNAL]|01p280000085nGQ|PatientWrapperController.sysncFitBitData
02:33:49.0 (1580408)|HEAP_ALLOCATE|[72]|Bytes:3
02:33:49.0 (1626414)|HEAP_ALLOCATE|[77]|Bytes:152
02:33:49.0 (1644294)|HEAP_ALLOCATE|[342]|Bytes:408
02:33:49.0 (1665083)|HEAP_ALLOCATE|[355]|Bytes:408
02:33:49.0 (1682979)|HEAP_ALLOCATE|[467]|Bytes:48
02:33:49.0 (1715019)|HEAP_ALLOCATE|[139]|Bytes:6
02:33:49.0 (1788984)|HEAP_ALLOCATE|[EXTERNAL]|Bytes:7
02:33:49.0 (1801442)|HEAP_ALLOCATE|[EXTERNAL]|Bytes:14
02:33:49.0 (1816976)|METHOD_ENTRY|[1]|01p280000085nGQ|PatientWrapperController.PatientWrapperController()
02:33:49.0 (1821532)|STATEMENT_EXECUTE|[1]
02:33:49.0 (1827278)|STATEMENT_EXECUTE|[1]
02:33:49.0 (1833473)|METHOD_EXIT|[1]|PatientWrapperController
02:33:49.0 (1844679)|SYSTEM_MODE_ENTER|false
02:33:49.0 (1856305)|STATEMENT_EXECUTE|[72]
02:33:49.0 (1858179)|STATEMENT_EXECUTE|[74]
02:33:49.0 (1861255)|HEAP_ALLOCATE|[74]|Bytes:157
02:33:49.0 (1869145)|VARIABLE_SCOPE_BEGIN|[74]|query|String|false|false
02:33:49.0 (1923177)|VARIABLE_ASSIGNMENT|[74]|query|"SELECT Patient_Id__c (137 more) ..."
02:33:49.0 (1927156)|STATEMENT_EXECUTE|[76]
02:33:49.0 (1964162)|HEAP_ALLOCATE|[50]|Bytes:5
02:33:49.0 (1988655)|HEAP_ALLOCATE|[56]|Bytes:5
02:33:49.0 (1997608)|HEAP_ALLOCATE|[64]|Bytes:7
02:33:49.0 (3542026)|SOQL_EXECUTE_BEGIN|[76]|Aggregations:0|SELECT Patient_Id__c, Full_Name__c, Gender__c, Steps_Completed__c, Goal__c, Height__c FROM Patient__c where Patient_Id__c = '4LR2VZ' ORDER BY createdDate ASC
02:33:49.0 (8451590)|SOQL_EXECUTE_END|[76]|Rows:1
02:33:49.0 (8479055)|HEAP_ALLOCATE|[76]|Bytes:8
02:33:49.0 (8500120)|HEAP_ALLOCATE|[76]|Bytes:250
02:33:49.0 (8643482)|HEAP_ALLOCATE|[76]|Bytes:8
02:33:49.0 (8685726)|VARIABLE_SCOPE_BEGIN|[76]|patientList|List<Patient__c>|true|false
02:33:49.0 (8755182)|VARIABLE_ASSIGNMENT|[76]|patientList|{"s":1,"v":[{"s":2,"v":{"Patient_Id__c":"4LR2VZ","Full_Name__c":"Purushottam","Gender__c":"Male","Steps_Completed__c":1000,"Goal__c":5000,"Height__c":5.00,"Id":"a012800000SBjJTAA1"}}]}|0x62927132
02:33:49.0 (8763355)|STATEMENT_EXECUTE|[77]
02:33:49.0 (8855702)|HEAP_ALLOCATE|[77]|Bytes:4
02:33:49.0 (8929878)|HEAP_ALLOCATE|[77]|Bytes:10
02:33:49.0 (8952733)|VARIABLE_SCOPE_BEGIN|[77]|todaysDate|String|false|false
02:33:49.0 (8965937)|VARIABLE_ASSIGNMENT|[77]|todaysDate|"2016-05-23"
02:33:49.0 (8970779)|STATEMENT_EXECUTE|[78]
02:33:49.0 (8977909)|HEAP_ALLOCATE|[78]|Bytes:9
02:33:49.0 (9064513)|HEAP_ALLOCATE|[78]|Bytes:10
02:33:49.0 (9092702)|VARIABLE_ASSIGNMENT|[78]|todaysDate|"2016-05-23"
02:33:49.0 (9098295)|STATEMENT_EXECUTE|[79]
02:33:49.0 (9108592)|HEAP_ALLOCATE|[79]|Bytes:4
02:33:49.0 (9196452)|VARIABLE_SCOPE_BEGIN|[79]|patientListToUpdate|List<Patient__c>|true|false
02:33:49.0 (9209259)|HEAP_ALLOCATE|[EXTERNAL]|Bytes:4
02:33:49.0 (9225263)|VARIABLE_ASSIGNMENT|[79]|patientListToUpdate|{"s":1,"v":[]}|0x98ba474
02:33:49.0 (9436517)|HEAP_ALLOCATE|[80]|Bytes:5
02:33:49.0 (9495634)|HEAP_ALLOCATE|[80]|Bytes:32
02:33:49.0 (9512714)|VARIABLE_SCOPE_BEGIN|[80]|patient|Patient__c|true|false
02:33:49.0 (9541075)|VARIABLE_ASSIGNMENT|[80]|patient|{"s":1,"v":{"Patient_Id__c":"4LR2VZ","Full_Name__c":"Purushottam","Gender__c":"Male","Steps_Completed__c":1000,"Goal__c":5000,"Height__c":5.00,"Id":"a012800000SBjJTAA1"}}|0x120509ad
02:33:49.0 (9548564)|STATEMENT_EXECUTE|[80]
02:33:49.0 (9550862)|STATEMENT_EXECUTE|[81]
02:33:49.0 (9560027)|VARIABLE_SCOPE_BEGIN|[81]|stepsCompleted|Integer|false|false
02:33:49.0 (9566147)|HEAP_ALLOCATE|[81]|Bytes:4
02:33:49.0 (9576782)|VARIABLE_ASSIGNMENT|[81]|stepsCompleted|0
02:33:49.0 (9580593)|STATEMENT_EXECUTE|[82]
02:33:49.0 (12693016)|VARIABLE_SCOPE_BEGIN|[6]|FitForceUtility.ACTIVITY_API|String|false|true
02:33:49.0 (12706162)|VARIABLE_SCOPE_BEGIN|[3]|FitForceUtility.GET|String|false|true
02:33:49.0 (12710249)|VARIABLE_SCOPE_BEGIN|[4]|FitForceUtility.POST|String|false|true
02:33:49.0 (12713917)|VARIABLE_SCOPE_BEGIN|[5]|FitForceUtility.PROFILE_API|String|false|true
02:33:49.0 (12726174)|HEAP_ALLOCATE|[82]|Bytes:2
02:33:49.0 (12743278)|HEAP_ALLOCATE|[82]|Bytes:2
02:33:49.0 (12780322)|METHOD_ENTRY|[1]|01p280000085crs|FitForceUtility.FitForceUtility()
02:33:49.0 (12788093)|STATEMENT_EXECUTE|[1]
02:33:49.0 (12796048)|STATEMENT_EXECUTE|[1]
02:33:49.0 (12809035)|HEAP_ALLOCATE|[3]|Bytes:5
02:33:49.0 (12813433)|STATEMENT_EXECUTE|[3]
02:33:49.0 (12816782)|HEAP_ALLOCATE|[3]|Bytes:3
02:33:49.0 (12838037)|VARIABLE_ASSIGNMENT|[3]|FitForceUtility.GET|"GET"
02:33:49.0 (12840488)|STATEMENT_EXECUTE|[4]
02:33:49.0 (12842536)|HEAP_ALLOCATE|[4]|Bytes:4
02:33:49.0 (12850566)|VARIABLE_ASSIGNMENT|[4]|FitForceUtility.POST|"POST"
02:33:49.0 (12852697)|STATEMENT_EXECUTE|[5]
02:33:49.0 (12859264)|VARIABLE_ASSIGNMENT|[5]|FitForceUtility.PROFILE_API|""
02:33:49.0 (12861514)|STATEMENT_EXECUTE|[6]
02:33:49.0 (12867044)|VARIABLE_ASSIGNMENT|[6]|FitForceUtility.ACTIVITY_API|""
02:33:49.0 (12868998)|STATEMENT_EXECUTE|[7]
02:33:49.0 (12870017)|STATEMENT_EXECUTE|[8]
02:33:49.0 (12872453)|HEAP_ALLOCATE|[8]|Bytes:17
02:33:49.0 (12876447)|VARIABLE_SCOPE_BEGIN|[8]|BASE_URL|String|false|false
02:33:49.0 (12883104)|VARIABLE_ASSIGNMENT|[8]|BASE_URL|"callout:FitForce/"
02:33:49.0 (12884850)|STATEMENT_EXECUTE|[9]
02:33:49.0 (12887122)|HEAP_ALLOCATE|[9]|Bytes:21
02:33:49.0 (12902314)|HEAP_ALLOCATE|[9]|Bytes:38
02:33:49.0 (12917159)|VARIABLE_ASSIGNMENT|[9]|FitForceUtility.PROFILE_API|"callout:FitForce/1/u (18 more) ..."
02:33:49.0 (12919924)|STATEMENT_EXECUTE|[10]
02:33:49.0 (12922897)|HEAP_ALLOCATE|[10]|Bytes:35
02:33:49.0 (12928053)|HEAP_ALLOCATE|[10]|Bytes:52
02:33:49.0 (12937039)|VARIABLE_ASSIGNMENT|[10]|FitForceUtility.ACTIVITY_API|"callout:FitForce/1/u (32 more) ..."
02:33:49.0 (12952055)|METHOD_EXIT|[1]|FitForceUtility
02:33:49.0 (12960536)|HEAP_ALLOCATE|[82]|Bytes:5
02:33:49.0 (13027367)|HEAP_ALLOCATE|[82]|Bytes:57
02:33:49.0 (13043230)|VARIABLE_SCOPE_BEGIN|[82]|url|String|false|false
02:33:49.0 (13057163)|VARIABLE_ASSIGNMENT|[82]|url|"callout:FitForce/1/u (37 more) ..."
02:33:49.0 (13060242)|STATEMENT_EXECUTE|[83]
02:33:49.0 (13092869)|METHOD_ENTRY|[83]|01p280000085crs|FitForceUtility.doHTTPCallout(String, String)
02:33:49.0 (13121420)|VARIABLE_SCOPE_BEGIN|[13]|methodType|String|false|false
02:33:49.0 (13128589)|VARIABLE_ASSIGNMENT|[13]|methodType|"GET"
02:33:49.0 (13132068)|VARIABLE_SCOPE_BEGIN|[13]|url|String|false|false
02:33:49.0 (13136543)|VARIABLE_ASSIGNMENT|[13]|url|"callout:FitForce/1/u (37 more) ..."
02:33:49.0 (13144513)|HEAP_ALLOCATE|[14]|Bytes:5
02:33:49.0 (13148113)|STATEMENT_EXECUTE|[13]
02:33:49.0 (13149469)|STATEMENT_EXECUTE|[14]
02:33:49.0 (13152253)|VARIABLE_SCOPE_BEGIN|[14]|response|String|false|false
02:33:49.0 (13158811)|VARIABLE_ASSIGNMENT|[14]|response|""
02:33:49.0 (13218655)|STATEMENT_EXECUTE|[15]
02:33:49.0 (13221179)|STATEMENT_EXECUTE|[18]
02:33:49.0 (13255633)|VARIABLE_SCOPE_BEGIN|[18]|httpRequest|System.HttpRequest|true|false
02:33:49.0 (13410500)|VARIABLE_ASSIGNMENT|[18]|httpRequest|"System.HttpRequest[Endpoint=null, Method=null]"|0x5549fade
02:33:49.0 (13416185)|STATEMENT_EXECUTE|[19]
02:33:49.0 (13435314)|VARIABLE_SCOPE_BEGIN|[19]|http|System.Http|true|false
02:33:49.0 (13493683)|VARIABLE_ASSIGNMENT|[19]|http|"System.Http[]"|0x10b2c548
02:33:49.0 (13498228)|STATEMENT_EXECUTE|[20]
02:33:49.0 (13560015)|STATEMENT_EXECUTE|[21]
02:33:49.0 (13586098)|STATEMENT_EXECUTE|[22]
02:33:49.0 (13656398)|CALLOUT_REQUEST|[22]|System.HttpRequest[Endpoint=callout:FitForce/1/user/-/activities/date/2016-05-23.json, Method=GET]
02:33:49.0 (256562739)|HEAP_ALLOCATE|[EXTERNAL]|Bytes:968
02:33:49.0 (256678016)|CALLOUT_RESPONSE|[22]|System.HttpResponse[Status=OK, StatusCode=200]
02:33:49.0 (256705786)|HEAP_ALLOCATE|[22]|Bytes:611
02:33:49.0 (256744954)|VARIABLE_SCOPE_BEGIN|[22]|httpResponse|System.HttpResponse|true|false
02:33:49.0 (256873592)|VARIABLE_ASSIGNMENT|[22]|httpResponse|"System.HttpResponse[Status=OK, StatusCode=200]"|0x5d3ed314
02:33:49.0 (256881459)|STATEMENT_EXECUTE|[23]
02:33:49.0 (257009150)|HEAP_ALLOCATE|[23]|Bytes:605
02:33:49.0 (257033611)|VARIABLE_ASSIGNMENT|[23]|response|"{\"activities\":[],\"go (585 more) ..."
02:33:49.0 (257037557)|STATEMENT_EXECUTE|[24]
02:33:49.0 (257042695)|HEAP_ALLOCATE|[24]|Bytes:17
02:33:49.0 (257061801)|HEAP_ALLOCATE|[24]|Bytes:622
02:33:49.0 (257135111)|USER_DEBUG|[24]|DEBUG|Server Response :{"activities":[],"goals":{"activeMinutes":30,"caloriesOut":2655,"distance":8.05,"steps":10000},"summary":{"activeScore":-1,"activityCalories":0,"caloriesBMR":950,"caloriesOut":950,"distances":[{"activity":"total","distance":0},{"activity":"tracker","distance":0},{"activity":"loggedActivities","distance":0},{"activity":"veryActive","distance":0},{"activity":"moderatelyActive","distance":0},{"activity":"lightlyActive","distance":0},{"activity":"sedentaryActive","distance":0}],"fairlyActiveMinutes":0,"lightlyActiveMinutes":0,"marginalCalories":0,"sedentaryMinutes":903,"steps":0,"veryActiveMinutes":0}}
02:33:49.0 (257148045)|STATEMENT_EXECUTE|[25]
02:33:49.0 (257169810)|METHOD_EXIT|[83]|01p280000085crs|FitForceUtility.doHTTPCallout(String, String)
02:33:49.0 (257176052)|VARIABLE_SCOPE_BEGIN|[83]|activityJson|String|false|false
02:33:49.0 (257186569)|VARIABLE_ASSIGNMENT|[83]|activityJson|"{\"activities\":[],\"go (585 more) ..."
02:33:49.0 (257189028)|STATEMENT_EXECUTE|[84]
02:33:49.0 (257193119)|HEAP_ALLOCATE|[84]|Bytes:15
02:33:49.0 (257276569)|HEAP_ALLOCATE|[84]|Bytes:24
02:33:49.0 (257313977)|SYSTEM_METHOD_ENTRY|[1]|Type.Type()
02:33:49.0 (257320767)|STATEMENT_EXECUTE|[1]
02:33:49.0 (257342527)|SYSTEM_METHOD_EXIT|[1]|Type
02:33:49.0 (257365073)|METHOD_ENTRY|[84]||System.Type.forName(String)
02:33:49.0 (260485457)|METHOD_EXIT|[84]||System.Type.forName(String)
02:33:49.0 (260540320)|HEAP_ALLOCATE|[84]|Bytes:18
02:33:49.0 (260559599)|SYSTEM_METHOD_ENTRY|[1]|JSON.JSON()
02:33:49.0 (260563935)|STATEMENT_EXECUTE|[1]
02:33:49.0 (260577022)|SYSTEM_METHOD_EXIT|[1]|JSON
02:33:49.0 (260595694)|METHOD_ENTRY|[84]||System.JSON.deserialize(String, System.Type)
02:33:49.0 (260851684)|STATEMENT_EXECUTE|[1]
02:33:49.0 (260854429)|STATEMENT_EXECUTE|[4]
02:33:49.0 (260855543)|STATEMENT_EXECUTE|[21]
02:33:49.0 (260856772)|STATEMENT_EXECUTE|[34]
02:33:49.0 (262603965)|METHOD_EXIT|[84]||System.JSON.deserialize(String, System.Type)
02:33:49.0 (262616059)|VARIABLE_SCOPE_BEGIN|[84]|activityWrapper|ActivityWrapper|true|false
02:33:49.0 (262673781)|VARIABLE_ASSIGNMENT|[84]|activityWrapper|{"activities":"0x4d96eb98","summary":"0x367d9eec"}|0x4dbc1af7
02:33:49.0 (262681190)|STATEMENT_EXECUTE|[85]
02:33:49.0 (262687673)|HEAP_ALLOCATE|[85]|Bytes:17
02:33:49.0 (262936840)|HEAP_ALLOCATE|[85]|Bytes:591
02:33:49.0 (263011162)|HEAP_ALLOCATE|[85]|Bytes:608
02:33:49.0 (263029964)|USER_DEBUG|[85]|DEBUG|activityWrapper :ActivityWrapper:[activities=(), summary=Summary:[activeScore=-1, activityCalories=0, caloriesBMR=950, caloriesOut=950, distances=(Distances:[activity=total, distance=0.0], Distances:[activity=tracker, distance=0.0], Distances:[activity=loggedActivities, distance=0.0], Distances:[activity=veryActive, distance=0.0], Distances:[activity=moderatelyActive, distance=0.0], Distances:[activity=lightlyActive, distance=0.0], Distances:[activity=sedentaryActive, distance=0.0]), fairlyActiveMinutes=0, lightlyActiveMinutes=0, marginalCalories=0, sedentaryMinutes=903, steps=0, veryActiveMinutes=0]]
02:33:49.0 (263173557)|HEAP_ALLOCATE|[86]|Bytes:5
02:33:49.0 (263194009)|VARIABLE_ASSIGNMENT|[86]|act|null|
02:33:49.0 (263198629)|STATEMENT_EXECUTE|[86]
02:33:49.0 (263211065)|HEAP_ALLOCATE|[80]|Bytes:5
02:33:49.0 (263224199)|VARIABLE_ASSIGNMENT|[80]|patient|null|
02:33:49.0 (263227338)|STATEMENT_EXECUTE|[94]
02:33:49.0 (263326483)|HEAP_ALLOCATE|[EXTERNAL]|Bytes:4
02:33:49.0 (263336687)|STATEMENT_EXECUTE|[95]
02:33:49.0 (263340490)|HEAP_ALLOCATE|[95]|Bytes:14
02:33:49.0 (263405302)|HEAP_ALLOCATE|[95]|Bytes:2
02:33:49.0 (263429774)|HEAP_ALLOCATE|[95]|Bytes:16
02:33:49.0 (263446327)|USER_DEBUG|[95]|DEBUG|Updated List :()
02:33:49.0 (263454406)|STATEMENT_EXECUTE|[98]
02:33:49.0 (263481258)|HEAP_ALLOCATE|[98]|Bytes:4
02:33:49.0 (263542940)|VARIABLE_SCOPE_BEGIN|[98]|wcList|List<PatientWrapper>|true|false
02:33:49.0 (263557895)|HEAP_ALLOCATE|[EXTERNAL]|Bytes:4
02:33:49.0 (263577399)|VARIABLE_ASSIGNMENT|[98]|wcList|{"s":1,"v":[]}|0x31facf97
02:33:49.0 (263630351)|STATEMENT_EXECUTE|[99]
02:33:49.0 (263633778)|STATEMENT_EXECUTE|[114]
02:33:49.0 (263649672)|SYSTEM_MODE_EXIT|false
02:33:49.266 (266160844)|CUMULATIVE_LIMIT_USAGE
02:33:49.266 (266160844)|LIMIT_USAGE_FOR_NS|(default)|
  Number of SOQL queries: 1 out of 100
  Number of query rows: 1 out of 50000
  Number of SOSL queries: 0 out of 20
  Number of DML statements: 0 out of 150
  Number of DML rows: 0 out of 10000
  Maximum CPU time: 0 out of 10000
  Maximum heap size: 0 out of 6000000
  Number of callouts: 1 out of 100
  Number of Email Invocations: 0 out of 10
  Number of future calls: 0 out of 50
  Number of queueable jobs added to the queue: 0 out of 50
  Number of Mobile Apex push calls: 0 out of 10

02:33:49.266 (266160844)|CUMULATIVE_LIMIT_USAGE_END

02:33:49.0 (266210841)|CODE_UNIT_FINISHED|PatientWrapperController.sysncFitBitData
02:33:49.0 (268425325)|EXECUTION_FINISHED
