36.0 APEX_CODE,FINEST;APEX_PROFILING,INFO;CALLOUT,INFO;DB,INFO;SYSTEM,DEBUG;VALIDATION,INFO;VISUALFORCE,INFO;WORKFLOW,INFO
04:45:52.0 (527224)|EXECUTION_STARTED
04:45:52.0 (559643)|CODE_UNIT_STARTED|[EXTERNAL]|aura
04:45:52.0 (1207494)|HEAP_ALLOCATE|[72]|Bytes:3
04:45:52.0 (1253368)|HEAP_ALLOCATE|[77]|Bytes:152
04:45:52.0 (1269918)|HEAP_ALLOCATE|[342]|Bytes:408
04:45:52.0 (1288449)|HEAP_ALLOCATE|[355]|Bytes:408
04:45:52.0 (1305085)|HEAP_ALLOCATE|[467]|Bytes:48
04:45:52.0 (1334630)|HEAP_ALLOCATE|[139]|Bytes:6
04:45:52.0 (1358234)|HEAP_ALLOCATE|[EXTERNAL]|Bytes:6
04:45:52.0 (1376273)|HEAP_ALLOCATE|[EXTERNAL]|Bytes:6
04:45:52.0 (2740101)|CODE_UNIT_STARTED|[EXTERNAL]|01p280000085nGQ|PatientWrapperController.getPatientsById
04:45:52.0 (2886946)|HEAP_ALLOCATE|[EXTERNAL]|Bytes:7
04:45:52.0 (2892351)|HEAP_ALLOCATE|[EXTERNAL]|Bytes:14
04:45:52.0 (2909269)|METHOD_ENTRY|[1]|01p280000085nGQ|PatientWrapperController.PatientWrapperController()
04:45:52.0 (2913941)|STATEMENT_EXECUTE|[1]
04:45:52.0 (2919433)|STATEMENT_EXECUTE|[1]
04:45:52.0 (2926158)|METHOD_EXIT|[1]|PatientWrapperController
04:45:52.0 (2930553)|HEAP_ALLOCATE|[EXTERNAL]|Bytes:6
04:45:52.0 (2941497)|SYSTEM_MODE_ENTER|false
04:45:52.0 (2949864)|VARIABLE_SCOPE_BEGIN|[36]|patientId|String|false|false
04:45:52.0 (2986681)|VARIABLE_ASSIGNMENT|[36]|patientId|"P00003"
04:45:52.0 (2999571)|STATEMENT_EXECUTE|[36]
04:45:52.0 (3001304)|STATEMENT_EXECUTE|[38]
04:45:52.0 (3005663)|HEAP_ALLOCATE|[38]|Bytes:185
04:45:52.0 (3012116)|VARIABLE_SCOPE_BEGIN|[38]|query|String|false|false
04:45:52.0 (3022490)|VARIABLE_ASSIGNMENT|[38]|query|"SELECT Patient_Id__c (165 more) ..."
04:45:52.0 (3024665)|STATEMENT_EXECUTE|[39]
04:45:52.0 (3063841)|HEAP_ALLOCATE|[50]|Bytes:5
04:45:52.0 (3091998)|HEAP_ALLOCATE|[56]|Bytes:5
04:45:52.0 (3100756)|HEAP_ALLOCATE|[64]|Bytes:7
04:45:52.0 (4621256)|SOQL_EXECUTE_BEGIN|[39]|Aggregations:0|SELECT Patient_Id__c, Full_Name__c, Gender__c, Steps_Completed__c, Goal__c, Height__c, Heart_Rate__c, Weight__c FROM Patient__c where Patient_Id__c = :patientId ORDER BY createdDate ASC
04:45:52.0 (8499866)|SOQL_EXECUTE_END|[39]|Rows:1
04:45:52.0 (8514770)|HEAP_ALLOCATE|[39]|Bytes:8
04:45:52.0 (8534632)|HEAP_ALLOCATE|[39]|Bytes:353
04:45:52.0 (8647306)|HEAP_ALLOCATE|[39]|Bytes:8
04:45:52.0 (8670706)|VARIABLE_SCOPE_BEGIN|[39]|patientList|List<Patient__c>|true|false
04:45:52.0 (8719555)|VARIABLE_ASSIGNMENT|[39]|patientList|{"s":1,"v":[{"s":2,"v":{"Patient_Id__c":"P00003","Full_Name__c":"Bhagyashri","Gender__c":"Female","Steps_Completed__c":1000,"Goal__c":5000,"Height__c":5.30,"Heart_Rate__c":68,"Weight__c":52.00,"Id":"a012800000SBlH6AAL"}}]}|0x2653b85d
04:45:52.0 (8724088)|STATEMENT_EXECUTE|[40]
04:45:52.0 (8732375)|VARIABLE_SCOPE_BEGIN|[40]|wrapperObj|PatientWrapper|true|false
04:45:52.0 (8738115)|VARIABLE_ASSIGNMENT|[40]|wrapperObj|null|
04:45:52.0 (8740098)|STATEMENT_EXECUTE|[41]
04:45:52.0 (8744391)|HEAP_ALLOCATE|[41]|Bytes:15
04:45:52.0 (8843322)|HEAP_ALLOCATE|[41]|Bytes:191
04:45:52.0 (8866403)|HEAP_ALLOCATE|[41]|Bytes:206
04:45:52.0 (8890592)|USER_DEBUG|[41]|DEBUG|patientList => (Patient__c:{Patient_Id__c=P00003, Full_Name__c=Bhagyashri, Gender__c=Female, Steps_Completed__c=1000, Goal__c=5000, Height__c=5.30, Heart_Rate__c=68, Weight__c=52.00, Id=a012800000SBlH6AAL})
04:45:52.0 (9102309)|HEAP_ALLOCATE|[42]|Bytes:5
04:45:52.0 (9148409)|HEAP_ALLOCATE|[42]|Bytes:40
04:45:52.0 (9160574)|VARIABLE_SCOPE_BEGIN|[42]|patient|Patient__c|true|false
04:45:52.0 (9180080)|VARIABLE_ASSIGNMENT|[42]|patient|{"s":1,"v":{"Patient_Id__c":"P00003","Full_Name__c":"Bhagyashri","Gender__c":"Female","Steps_Completed__c":1000,"Goal__c":5000,"Height__c":5.30,"Heart_Rate__c":68,"Weight__c":52.00,"Id":"a012800000SBlH6AAL"}}|0x285d0d3a
04:45:52.0 (9184169)|STATEMENT_EXECUTE|[42]
04:45:52.0 (9185607)|STATEMENT_EXECUTE|[43]
04:45:52.0 (9201881)|METHOD_ENTRY|[1]|01p280000085nGG|PatientWrapper.PatientWrapper()
04:45:52.0 (9204969)|STATEMENT_EXECUTE|[1]
04:45:52.0 (9208306)|STATEMENT_EXECUTE|[1]
04:45:52.0 (9215036)|METHOD_EXIT|[1]|PatientWrapper
04:45:52.0 (9223082)|HEAP_ALLOCATE|[43]|Bytes:36
04:45:52.0 (9235792)|CONSTRUCTOR_ENTRY|[43]|01p280000085nGG|<init>()
04:45:52.0 (9260074)|VARIABLE_SCOPE_BEGIN|[1]|this|PatientWrapper|true|false
04:45:52.0 (9296177)|VARIABLE_ASSIGNMENT|[1]|this|{}|0x610a1239
04:45:52.0 (9306098)|HEAP_ALLOCATE|[EXTERNAL]|Bytes:6
04:45:52.0 (9329603)|STATEMENT_EXECUTE|[1]
04:45:52.0 (9331612)|STATEMENT_EXECUTE|[3]
04:45:52.0 (9332927)|STATEMENT_EXECUTE|[6]
04:45:52.0 (9334011)|STATEMENT_EXECUTE|[9]
04:45:52.0 (9335071)|STATEMENT_EXECUTE|[12]
04:45:52.0 (9336256)|STATEMENT_EXECUTE|[15]
04:45:52.0 (9337215)|STATEMENT_EXECUTE|[18]
04:45:52.0 (9338255)|STATEMENT_EXECUTE|[21]
04:45:52.0 (9339397)|STATEMENT_EXECUTE|[24]
04:45:52.0 (9343318)|CONSTRUCTOR_EXIT|[43]|01p280000085nGG|<init>()
04:45:52.0 (9359178)|VARIABLE_ASSIGNMENT|[43]|wrapperObj|{}|0x610a1239
04:45:52.0 (9361833)|STATEMENT_EXECUTE|[45]
04:45:52.0 (9399698)|HEAP_ALLOCATE|[45]|Bytes:18
04:45:52.0 (9415882)|VARIABLE_ASSIGNMENT|[45]|this.id|"a012800000SBlH6AAL"|0x610a1239
04:45:52.0 (9418556)|STATEMENT_EXECUTE|[46]
04:45:52.0 (9442478)|VARIABLE_ASSIGNMENT|[46]|this.name|"Bhagyashri"|0x610a1239
04:45:52.0 (9445373)|STATEMENT_EXECUTE|[47]
04:45:52.0 (9483486)|HEAP_ALLOCATE|[47]|Bytes:12
04:45:52.0 (9496638)|VARIABLE_ASSIGNMENT|[47]|this.steps|1000.0|0x610a1239
04:45:52.0 (9499091)|STATEMENT_EXECUTE|[48]
04:45:52.0 (9518818)|HEAP_ALLOCATE|[48]|Bytes:12
04:45:52.0 (9528253)|VARIABLE_ASSIGNMENT|[48]|this.goal|5000.0|0x610a1239
04:45:52.0 (9530586)|STATEMENT_EXECUTE|[49]
04:45:52.0 (9547211)|HEAP_ALLOCATE|[49]|Bytes:12
04:45:52.0 (9555895)|VARIABLE_ASSIGNMENT|[49]|this.heartRate|68.0|0x610a1239
04:45:52.0 (9558132)|STATEMENT_EXECUTE|[50]
04:45:52.0 (9574508)|HEAP_ALLOCATE|[50]|Bytes:12
04:45:52.0 (9584241)|VARIABLE_ASSIGNMENT|[50]|this.height|5.3|0x610a1239
04:45:52.0 (9586498)|STATEMENT_EXECUTE|[51]
04:45:52.0 (9602105)|HEAP_ALLOCATE|[51]|Bytes:12
04:45:52.0 (9611376)|VARIABLE_ASSIGNMENT|[51]|this.weight|52.0|0x610a1239
04:45:52.0 (9613540)|STATEMENT_EXECUTE|[52]
04:45:52.0 (9633125)|VARIABLE_ASSIGNMENT|[52]|this.patient_Id|"P00003"|0x610a1239
04:45:52.0 (9646706)|HEAP_ALLOCATE|[42]|Bytes:5
04:45:52.0 (9658543)|VARIABLE_ASSIGNMENT|[42]|patient|null|
04:45:52.0 (9662181)|STATEMENT_EXECUTE|[56]
04:45:52.0 (9665168)|HEAP_ALLOCATE|[56]|Bytes:14
04:45:52.0 (9729405)|HEAP_ALLOCATE|[56]|Bytes:142
04:45:52.0 (9744903)|HEAP_ALLOCATE|[56]|Bytes:156
04:45:52.0 (9755925)|USER_DEBUG|[56]|DEBUG|wrapperObj => PatientWrapper:[goal=5000.0, heartRate=68.0, height=5.3, id=a012800000SBlH6AAL, name=Bhagyashri, patient_Id=P00003, steps=1000.0, weight=52.0]
04:45:52.0 (9761696)|STATEMENT_EXECUTE|[57]
04:45:52.0 (9769702)|SYSTEM_MODE_EXIT|false
04:45:52.9 (9816072)|CUMULATIVE_LIMIT_USAGE
04:45:52.9 (9816072)|LIMIT_USAGE_FOR_NS|(default)|
  Number of SOQL queries: 1 out of 100
  Number of query rows: 1 out of 50000
  Number of SOSL queries: 0 out of 20
  Number of DML statements: 0 out of 150
  Number of DML rows: 0 out of 10000
  Maximum CPU time: 0 out of 10000
  Maximum heap size: 0 out of 6000000
  Number of callouts: 0 out of 100
  Number of Email Invocations: 0 out of 10
  Number of future calls: 0 out of 50
  Number of queueable jobs added to the queue: 0 out of 50
  Number of Mobile Apex push calls: 0 out of 10

04:45:52.9 (9816072)|CUMULATIVE_LIMIT_USAGE_END

04:45:52.0 (9856134)|CODE_UNIT_FINISHED|PatientWrapperController.getPatientsById
04:45:52.0 (11607045)|CODE_UNIT_STARTED|[EXTERNAL]|Aura
04:45:52.0 (11655659)|CODE_UNIT_FINISHED|Aura
