36.0 APEX_CODE,FINEST;APEX_PROFILING,INFO;CALLOUT,INFO;DB,INFO;SYSTEM,DEBUG;VALIDATION,INFO;VISUALFORCE,INFO;WORKFLOW,INFO
04:46:25.0 (508364)|EXECUTION_STARTED
04:46:25.0 (540555)|CODE_UNIT_STARTED|[EXTERNAL]|aura
04:46:25.0 (1076396)|HEAP_ALLOCATE|[72]|Bytes:3
04:46:25.0 (1125721)|HEAP_ALLOCATE|[77]|Bytes:152
04:46:25.0 (1141505)|HEAP_ALLOCATE|[342]|Bytes:408
04:46:25.0 (1157277)|HEAP_ALLOCATE|[355]|Bytes:408
04:46:25.0 (1171653)|HEAP_ALLOCATE|[467]|Bytes:48
04:46:25.0 (1197341)|HEAP_ALLOCATE|[139]|Bytes:6
04:46:25.0 (1217794)|HEAP_ALLOCATE|[EXTERNAL]|Bytes:6
04:46:25.0 (1234076)|HEAP_ALLOCATE|[EXTERNAL]|Bytes:6
04:46:25.0 (2947041)|CODE_UNIT_STARTED|[EXTERNAL]|01p280000085nGQ|PatientWrapperController.getPatientsById
04:46:25.0 (3722759)|HEAP_ALLOCATE|[EXTERNAL]|Bytes:7
04:46:25.0 (3729326)|HEAP_ALLOCATE|[EXTERNAL]|Bytes:14
04:46:25.0 (3746198)|METHOD_ENTRY|[1]|01p280000085nGQ|PatientWrapperController.PatientWrapperController()
04:46:25.0 (3750949)|STATEMENT_EXECUTE|[1]
04:46:25.0 (3758111)|STATEMENT_EXECUTE|[1]
04:46:25.0 (3764791)|METHOD_EXIT|[1]|PatientWrapperController
04:46:25.0 (3769078)|HEAP_ALLOCATE|[EXTERNAL]|Bytes:6
04:46:25.0 (3781627)|SYSTEM_MODE_ENTER|false
04:46:25.0 (3795196)|VARIABLE_SCOPE_BEGIN|[36]|patientId|String|false|false
04:46:25.0 (3822596)|VARIABLE_ASSIGNMENT|[36]|patientId|"P00003"
04:46:25.0 (3833889)|STATEMENT_EXECUTE|[36]
04:46:25.0 (3835744)|STATEMENT_EXECUTE|[38]
04:46:25.0 (3840206)|HEAP_ALLOCATE|[38]|Bytes:185
04:46:25.0 (3845834)|VARIABLE_SCOPE_BEGIN|[38]|query|String|false|false
04:46:25.0 (3855719)|VARIABLE_ASSIGNMENT|[38]|query|"SELECT Patient_Id__c (165 more) ..."
04:46:25.0 (3857793)|STATEMENT_EXECUTE|[39]
04:46:25.0 (3898038)|HEAP_ALLOCATE|[50]|Bytes:5
04:46:25.0 (3924038)|HEAP_ALLOCATE|[56]|Bytes:5
04:46:25.0 (3932646)|HEAP_ALLOCATE|[64]|Bytes:7
04:46:25.0 (5374650)|SOQL_EXECUTE_BEGIN|[39]|Aggregations:0|SELECT Patient_Id__c, Full_Name__c, Gender__c, Steps_Completed__c, Goal__c, Height__c, Heart_Rate__c, Weight__c FROM Patient__c where Patient_Id__c = :patientId ORDER BY createdDate ASC
04:46:25.0 (9271214)|SOQL_EXECUTE_END|[39]|Rows:1
04:46:25.0 (9290267)|HEAP_ALLOCATE|[39]|Bytes:8
04:46:25.0 (9315577)|HEAP_ALLOCATE|[39]|Bytes:353
04:46:25.0 (9442079)|HEAP_ALLOCATE|[39]|Bytes:8
04:46:25.0 (9461684)|VARIABLE_SCOPE_BEGIN|[39]|patientList|List<Patient__c>|true|false
04:46:25.0 (9499865)|VARIABLE_ASSIGNMENT|[39]|patientList|{"s":1,"v":[{"s":2,"v":{"Patient_Id__c":"P00003","Full_Name__c":"Bhagyashri","Gender__c":"Female","Steps_Completed__c":1000,"Goal__c":5000,"Height__c":5.30,"Heart_Rate__c":68,"Weight__c":52.00,"Id":"a012800000SBlH6AAL"}}]}|0x585cf95c
04:46:25.0 (9504272)|STATEMENT_EXECUTE|[40]
04:46:25.0 (9508188)|VARIABLE_SCOPE_BEGIN|[40]|wrapperObj|PatientWrapper|true|false
04:46:25.0 (9513037)|VARIABLE_ASSIGNMENT|[40]|wrapperObj|null|
04:46:25.0 (9514871)|STATEMENT_EXECUTE|[41]
04:46:25.0 (9519119)|HEAP_ALLOCATE|[41]|Bytes:15
04:46:25.0 (9612366)|HEAP_ALLOCATE|[41]|Bytes:191
04:46:25.0 (9634035)|HEAP_ALLOCATE|[41]|Bytes:206
04:46:25.0 (9653709)|USER_DEBUG|[41]|DEBUG|patientList => (Patient__c:{Patient_Id__c=P00003, Full_Name__c=Bhagyashri, Gender__c=Female, Steps_Completed__c=1000, Goal__c=5000, Height__c=5.30, Heart_Rate__c=68, Weight__c=52.00, Id=a012800000SBlH6AAL})
04:46:25.0 (9872812)|HEAP_ALLOCATE|[42]|Bytes:5
04:46:25.0 (9916849)|HEAP_ALLOCATE|[42]|Bytes:40
04:46:25.0 (9928773)|VARIABLE_SCOPE_BEGIN|[42]|patient|Patient__c|true|false
04:46:25.0 (9947605)|VARIABLE_ASSIGNMENT|[42]|patient|{"s":1,"v":{"Patient_Id__c":"P00003","Full_Name__c":"Bhagyashri","Gender__c":"Female","Steps_Completed__c":1000,"Goal__c":5000,"Height__c":5.30,"Heart_Rate__c":68,"Weight__c":52.00,"Id":"a012800000SBlH6AAL"}}|0x11eb6ee6
04:46:25.0 (9951902)|STATEMENT_EXECUTE|[42]
04:46:25.0 (9953414)|STATEMENT_EXECUTE|[43]
04:46:25.0 (9975979)|METHOD_ENTRY|[1]|01p280000085nGG|PatientWrapper.PatientWrapper()
04:46:25.0 (9979255)|STATEMENT_EXECUTE|[1]
04:46:25.0 (9983619)|STATEMENT_EXECUTE|[1]
04:46:25.0 (9989491)|METHOD_EXIT|[1]|PatientWrapper
04:46:25.0 (10011568)|HEAP_ALLOCATE|[43]|Bytes:36
04:46:25.0 (10025175)|CONSTRUCTOR_ENTRY|[43]|01p280000085nGG|<init>()
04:46:25.0 (10058229)|VARIABLE_SCOPE_BEGIN|[1]|this|PatientWrapper|true|false
04:46:25.0 (10141191)|VARIABLE_ASSIGNMENT|[1]|this|{}|0x2bde76c0
04:46:25.0 (10151914)|HEAP_ALLOCATE|[EXTERNAL]|Bytes:6
04:46:25.0 (10175875)|STATEMENT_EXECUTE|[1]
04:46:25.0 (10177939)|STATEMENT_EXECUTE|[3]
04:46:25.0 (10179443)|STATEMENT_EXECUTE|[6]
04:46:25.0 (10180603)|STATEMENT_EXECUTE|[9]
04:46:25.0 (10181768)|STATEMENT_EXECUTE|[12]
04:46:25.0 (10183028)|STATEMENT_EXECUTE|[15]
04:46:25.0 (10184183)|STATEMENT_EXECUTE|[18]
04:46:25.0 (10190985)|STATEMENT_EXECUTE|[21]
04:46:25.0 (10192265)|STATEMENT_EXECUTE|[24]
04:46:25.0 (10197265)|CONSTRUCTOR_EXIT|[43]|01p280000085nGG|<init>()
04:46:25.0 (10213792)|VARIABLE_ASSIGNMENT|[43]|wrapperObj|{}|0x2bde76c0
04:46:25.0 (10216551)|STATEMENT_EXECUTE|[45]
04:46:25.0 (10251317)|HEAP_ALLOCATE|[45]|Bytes:18
04:46:25.0 (10267020)|VARIABLE_ASSIGNMENT|[45]|this.id|"a012800000SBlH6AAL"|0x2bde76c0
04:46:25.0 (10269898)|STATEMENT_EXECUTE|[46]
04:46:25.0 (10292525)|VARIABLE_ASSIGNMENT|[46]|this.name|"Bhagyashri"|0x2bde76c0
04:46:25.0 (10295408)|STATEMENT_EXECUTE|[47]
04:46:25.0 (10336356)|HEAP_ALLOCATE|[47]|Bytes:12
04:46:25.0 (10348742)|VARIABLE_ASSIGNMENT|[47]|this.steps|1000.0|0x2bde76c0
04:46:25.0 (10351250)|STATEMENT_EXECUTE|[48]
04:46:25.0 (10371217)|HEAP_ALLOCATE|[48]|Bytes:12
04:46:25.0 (10380274)|VARIABLE_ASSIGNMENT|[48]|this.goal|5000.0|0x2bde76c0
04:46:25.0 (10382414)|STATEMENT_EXECUTE|[49]
04:46:25.0 (10397622)|HEAP_ALLOCATE|[49]|Bytes:12
04:46:25.0 (10406230)|VARIABLE_ASSIGNMENT|[49]|this.heartRate|68.0|0x2bde76c0
04:46:25.0 (10408656)|STATEMENT_EXECUTE|[50]
04:46:25.0 (10424691)|HEAP_ALLOCATE|[50]|Bytes:12
04:46:25.0 (10433908)|VARIABLE_ASSIGNMENT|[50]|this.height|5.3|0x2bde76c0
04:46:25.0 (10436347)|STATEMENT_EXECUTE|[51]
04:46:25.0 (10451513)|HEAP_ALLOCATE|[51]|Bytes:12
04:46:25.0 (10460471)|VARIABLE_ASSIGNMENT|[51]|this.weight|52.0|0x2bde76c0
04:46:25.0 (10462604)|STATEMENT_EXECUTE|[52]
04:46:25.0 (10481536)|VARIABLE_ASSIGNMENT|[52]|this.patient_Id|"P00003"|0x2bde76c0
04:46:25.0 (10495221)|HEAP_ALLOCATE|[42]|Bytes:5
04:46:25.0 (10511878)|VARIABLE_ASSIGNMENT|[42]|patient|null|
04:46:25.0 (10515702)|STATEMENT_EXECUTE|[56]
04:46:25.0 (10519860)|HEAP_ALLOCATE|[56]|Bytes:14
04:46:25.0 (10577682)|HEAP_ALLOCATE|[56]|Bytes:142
04:46:25.0 (10592148)|HEAP_ALLOCATE|[56]|Bytes:156
04:46:25.0 (10602181)|USER_DEBUG|[56]|DEBUG|wrapperObj => PatientWrapper:[goal=5000.0, heartRate=68.0, height=5.3, id=a012800000SBlH6AAL, name=Bhagyashri, patient_Id=P00003, steps=1000.0, weight=52.0]
04:46:25.0 (10607768)|STATEMENT_EXECUTE|[57]
04:46:25.0 (10619447)|SYSTEM_MODE_EXIT|false
04:46:25.10 (10658698)|CUMULATIVE_LIMIT_USAGE
04:46:25.10 (10658698)|LIMIT_USAGE_FOR_NS|(default)|
  Number of SOQL queries: 1 out of 100
  Number of query rows: 1 out of 50000
  Number of SOSL queries: 0 out of 20
  Number of DML statements: 0 out of 150
  Number of DML rows: 0 out of 10000
  Maximum CPU time: 0 out of 10000
  Maximum heap size: 0 out of 6000000
  Number of callouts: 0 out of 100
  Number of Email Invocations: 0 out of 10
  Number of future calls: 0 out of 50
  Number of queueable jobs added to the queue: 0 out of 50
  Number of Mobile Apex push calls: 0 out of 10

04:46:25.10 (10658698)|CUMULATIVE_LIMIT_USAGE_END

04:46:25.0 (10704339)|CODE_UNIT_FINISHED|PatientWrapperController.getPatientsById
04:46:25.0 (12361322)|CODE_UNIT_STARTED|[EXTERNAL]|Aura
04:46:25.0 (12407918)|CODE_UNIT_FINISHED|Aura
