36.0 APEX_CODE,FINEST;APEX_PROFILING,INFO;CALLOUT,INFO;DB,INFO;SYSTEM,DEBUG;VALIDATION,INFO;VISUALFORCE,INFO;WORKFLOW,INFO
04:33:43.0 (653300)|EXECUTION_STARTED
04:33:43.0 (682088)|CODE_UNIT_STARTED|[EXTERNAL]|aura
04:33:43.0 (1095816)|HEAP_ALLOCATE|[72]|Bytes:3
04:33:43.0 (1129471)|HEAP_ALLOCATE|[77]|Bytes:152
04:33:43.0 (1142396)|HEAP_ALLOCATE|[342]|Bytes:408
04:33:43.0 (1161276)|HEAP_ALLOCATE|[355]|Bytes:408
04:33:43.0 (1179597)|HEAP_ALLOCATE|[467]|Bytes:48
04:33:43.0 (1201418)|HEAP_ALLOCATE|[139]|Bytes:6
04:33:43.0 (1219008)|HEAP_ALLOCATE|[EXTERNAL]|Bytes:6
04:33:43.0 (1235239)|HEAP_ALLOCATE|[EXTERNAL]|Bytes:6
04:33:43.0 (2517199)|CODE_UNIT_STARTED|[EXTERNAL]|01p280000085nGQ|PatientWrapperController.getPatientsById
04:33:43.0 (3221739)|HEAP_ALLOCATE|[EXTERNAL]|Bytes:7
04:33:43.0 (3228729)|HEAP_ALLOCATE|[EXTERNAL]|Bytes:14
04:33:43.0 (3244691)|METHOD_ENTRY|[1]|01p280000085nGQ|PatientWrapperController.PatientWrapperController()
04:33:43.0 (3248828)|STATEMENT_EXECUTE|[1]
04:33:43.0 (3257039)|STATEMENT_EXECUTE|[1]
04:33:43.0 (3263168)|METHOD_EXIT|[1]|PatientWrapperController
04:33:43.0 (3271055)|HEAP_ALLOCATE|[EXTERNAL]|Bytes:6
04:33:43.0 (3280684)|SYSTEM_MODE_ENTER|false
04:33:43.0 (3292987)|VARIABLE_SCOPE_BEGIN|[36]|patientId|String|false|false
04:33:43.0 (3322547)|VARIABLE_ASSIGNMENT|[36]|patientId|"P00002"
04:33:43.0 (3334389)|STATEMENT_EXECUTE|[36]
04:33:43.0 (3336225)|STATEMENT_EXECUTE|[38]
04:33:43.0 (3339904)|HEAP_ALLOCATE|[38]|Bytes:185
04:33:43.0 (3345013)|VARIABLE_SCOPE_BEGIN|[38]|query|String|false|false
04:33:43.0 (3354393)|VARIABLE_ASSIGNMENT|[38]|query|"SELECT Patient_Id__c (165 more) ..."
04:33:43.0 (3356454)|STATEMENT_EXECUTE|[39]
04:33:43.0 (3393658)|HEAP_ALLOCATE|[50]|Bytes:5
04:33:43.0 (3417709)|HEAP_ALLOCATE|[56]|Bytes:5
04:33:43.0 (3425843)|HEAP_ALLOCATE|[64]|Bytes:7
04:33:43.0 (4828156)|SOQL_EXECUTE_BEGIN|[39]|Aggregations:0|SELECT Patient_Id__c, Full_Name__c, Gender__c, Steps_Completed__c, Goal__c, Height__c, Heart_Rate__c, Weight__c FROM Patient__c where Patient_Id__c = :patientId ORDER BY createdDate ASC
04:33:43.0 (9037367)|SOQL_EXECUTE_END|[39]|Rows:1
04:33:43.0 (9061548)|HEAP_ALLOCATE|[39]|Bytes:8
04:33:43.0 (9084609)|HEAP_ALLOCATE|[39]|Bytes:350
04:33:43.0 (9169846)|HEAP_ALLOCATE|[39]|Bytes:8
04:33:43.0 (9214240)|VARIABLE_SCOPE_BEGIN|[39]|patientList|List<Patient__c>|true|false
04:33:43.0 (9286114)|VARIABLE_ASSIGNMENT|[39]|patientList|{"s":1,"v":[{"s":2,"v":{"Patient_Id__c":"P00002","Full_Name__c":"Pallavi","Gender__c":"Female","Steps_Completed__c":6000,"Goal__c":6000,"Height__c":4.00,"Heart_Rate__c":72,"Weight__c":68.00,"Id":"a012800000SBjJnAAL"}}]}|0x2cc1192b
04:33:43.0 (9294994)|STATEMENT_EXECUTE|[40]
04:33:43.0 (9302455)|VARIABLE_SCOPE_BEGIN|[40]|wrapperObj|PatientWrapper|true|false
04:33:43.0 (9311956)|VARIABLE_ASSIGNMENT|[40]|wrapperObj|null|
04:33:43.0 (9315421)|STATEMENT_EXECUTE|[41]
04:33:43.0 (9322177)|HEAP_ALLOCATE|[41]|Bytes:15
04:33:43.0 (9522130)|HEAP_ALLOCATE|[41]|Bytes:188
04:33:43.0 (9555327)|HEAP_ALLOCATE|[41]|Bytes:203
04:33:43.0 (9584683)|USER_DEBUG|[41]|DEBUG|patientList => (Patient__c:{Patient_Id__c=P00002, Full_Name__c=Pallavi, Gender__c=Female, Steps_Completed__c=6000, Goal__c=6000, Height__c=4.00, Heart_Rate__c=72, Weight__c=68.00, Id=a012800000SBjJnAAL})
04:33:43.0 (9836918)|HEAP_ALLOCATE|[42]|Bytes:5
04:33:43.0 (9898751)|HEAP_ALLOCATE|[42]|Bytes:40
04:33:43.0 (9914814)|VARIABLE_SCOPE_BEGIN|[42]|patient|Patient__c|true|false
04:33:43.0 (9944018)|VARIABLE_ASSIGNMENT|[42]|patient|{"s":1,"v":{"Patient_Id__c":"P00002","Full_Name__c":"Pallavi","Gender__c":"Female","Steps_Completed__c":6000,"Goal__c":6000,"Height__c":4.00,"Heart_Rate__c":72,"Weight__c":68.00,"Id":"a012800000SBjJnAAL"}}|0x15bb4be0
04:33:43.0 (9951651)|STATEMENT_EXECUTE|[42]
04:33:43.0 (9953941)|STATEMENT_EXECUTE|[43]
04:33:43.0 (9990968)|METHOD_ENTRY|[1]|01p280000085nGG|PatientWrapper.PatientWrapper()
04:33:43.0 (9996422)|STATEMENT_EXECUTE|[1]
04:33:43.0 (10005733)|STATEMENT_EXECUTE|[1]
04:33:43.0 (10019329)|METHOD_EXIT|[1]|PatientWrapper
04:33:43.0 (10047576)|HEAP_ALLOCATE|[43]|Bytes:36
04:33:43.0 (10078530)|CONSTRUCTOR_ENTRY|[43]|01p280000085nGG|<init>()
04:33:43.0 (10135286)|VARIABLE_SCOPE_BEGIN|[1]|this|PatientWrapper|true|false
04:33:43.0 (10264882)|VARIABLE_ASSIGNMENT|[1]|this|{}|0x77ff2615
04:33:43.0 (10280138)|HEAP_ALLOCATE|[EXTERNAL]|Bytes:6
04:33:43.0 (10314540)|STATEMENT_EXECUTE|[1]
04:33:43.0 (10318300)|STATEMENT_EXECUTE|[3]
04:33:43.0 (10320348)|STATEMENT_EXECUTE|[6]
04:33:43.0 (10322059)|STATEMENT_EXECUTE|[9]
04:33:43.0 (10323890)|STATEMENT_EXECUTE|[12]
04:33:43.0 (10325785)|STATEMENT_EXECUTE|[15]
04:33:43.0 (10327661)|STATEMENT_EXECUTE|[18]
04:33:43.0 (10329470)|STATEMENT_EXECUTE|[21]
04:33:43.0 (10331417)|STATEMENT_EXECUTE|[24]
04:33:43.0 (10338205)|CONSTRUCTOR_EXIT|[43]|01p280000085nGG|<init>()
04:33:43.0 (10363663)|VARIABLE_ASSIGNMENT|[43]|wrapperObj|{}|0x77ff2615
04:33:43.0 (10368434)|STATEMENT_EXECUTE|[45]
04:33:43.0 (10417974)|HEAP_ALLOCATE|[45]|Bytes:18
04:33:43.0 (10442063)|VARIABLE_ASSIGNMENT|[45]|this.id|"a012800000SBjJnAAL"|0x77ff2615
04:33:43.0 (10446938)|STATEMENT_EXECUTE|[46]
04:33:43.0 (10482489)|VARIABLE_ASSIGNMENT|[46]|this.name|"Pallavi"|0x77ff2615
04:33:43.0 (10486955)|STATEMENT_EXECUTE|[47]
04:33:43.0 (10539908)|HEAP_ALLOCATE|[47]|Bytes:12
04:33:43.0 (10559187)|VARIABLE_ASSIGNMENT|[47]|this.steps|6000.0|0x77ff2615
04:33:43.0 (10563337)|STATEMENT_EXECUTE|[48]
04:33:43.0 (10594966)|HEAP_ALLOCATE|[48]|Bytes:12
04:33:43.0 (10611366)|VARIABLE_ASSIGNMENT|[48]|this.goal|6000.0|0x77ff2615
04:33:43.0 (10614913)|STATEMENT_EXECUTE|[49]
04:33:43.0 (10644282)|HEAP_ALLOCATE|[49]|Bytes:12
04:33:43.0 (10659924)|VARIABLE_ASSIGNMENT|[49]|this.heartRate|72.0|0x77ff2615
04:33:43.0 (10663633)|STATEMENT_EXECUTE|[50]
04:33:43.0 (10692951)|HEAP_ALLOCATE|[50]|Bytes:12
04:33:43.0 (10709281)|VARIABLE_ASSIGNMENT|[50]|this.height|4.0|0x77ff2615
04:33:43.0 (10712740)|STATEMENT_EXECUTE|[51]
04:33:43.0 (10742299)|HEAP_ALLOCATE|[51]|Bytes:12
04:33:43.0 (10759720)|VARIABLE_ASSIGNMENT|[51]|this.weight|68.0|0x77ff2615
04:33:43.0 (10763795)|STATEMENT_EXECUTE|[52]
04:33:43.0 (10800407)|VARIABLE_ASSIGNMENT|[52]|this.patient_Id|"P00002"|0x77ff2615
04:33:43.0 (10821686)|HEAP_ALLOCATE|[42]|Bytes:5
04:33:43.0 (10843181)|VARIABLE_ASSIGNMENT|[42]|patient|null|
04:33:43.0 (10853676)|STATEMENT_EXECUTE|[56]
04:33:43.0 (10859768)|HEAP_ALLOCATE|[56]|Bytes:14
04:33:43.0 (10961912)|HEAP_ALLOCATE|[56]|Bytes:139
04:33:43.0 (10987738)|HEAP_ALLOCATE|[56]|Bytes:153
04:33:43.0 (11005692)|USER_DEBUG|[56]|DEBUG|wrapperObj => PatientWrapper:[goal=6000.0, heartRate=72.0, height=4.0, id=a012800000SBjJnAAL, name=Pallavi, patient_Id=P00002, steps=6000.0, weight=68.0]
04:33:43.0 (11030403)|STATEMENT_EXECUTE|[57]
04:33:43.0 (11042270)|SYSTEM_MODE_EXIT|false
04:33:43.11 (11098698)|CUMULATIVE_LIMIT_USAGE
04:33:43.11 (11098698)|LIMIT_USAGE_FOR_NS|(default)|
  Number of SOQL queries: 1 out of 100
  Number of query rows: 1 out of 50000
  Number of SOSL queries: 0 out of 20
  Number of DML statements: 0 out of 150
  Number of DML rows: 0 out of 10000
  Maximum CPU time: 0 out of 10000
  Maximum heap size: 0 out of 6000000
  Number of callouts: 0 out of 100
  Number of Email Invocations: 0 out of 10
  Number of future calls: 0 out of 50
  Number of queueable jobs added to the queue: 0 out of 50
  Number of Mobile Apex push calls: 0 out of 10

04:33:43.11 (11098698)|CUMULATIVE_LIMIT_USAGE_END

04:33:43.0 (11150601)|CODE_UNIT_FINISHED|PatientWrapperController.getPatientsById
04:33:43.0 (13175676)|CODE_UNIT_STARTED|[EXTERNAL]|Aura
04:33:43.0 (13233453)|CODE_UNIT_FINISHED|Aura
