36.0 APEX_CODE,FINEST;APEX_PROFILING,INFO;CALLOUT,INFO;DB,INFO;SYSTEM,DEBUG;VALIDATION,INFO;VISUALFORCE,INFO;WORKFLOW,INFO
03:11:14.0 (466623)|EXECUTION_STARTED
03:11:14.0 (496931)|CODE_UNIT_STARTED|[EXTERNAL]|aura
03:11:14.0 (1057515)|HEAP_ALLOCATE|[72]|Bytes:3
03:11:14.0 (1118758)|HEAP_ALLOCATE|[77]|Bytes:152
03:11:14.0 (1135337)|HEAP_ALLOCATE|[342]|Bytes:408
03:11:14.0 (1153850)|HEAP_ALLOCATE|[355]|Bytes:408
03:11:14.0 (1168957)|HEAP_ALLOCATE|[467]|Bytes:48
03:11:14.0 (1197897)|HEAP_ALLOCATE|[139]|Bytes:6
03:11:14.0 (1223978)|HEAP_ALLOCATE|[EXTERNAL]|Bytes:6
03:11:14.0 (1239452)|HEAP_ALLOCATE|[EXTERNAL]|Bytes:6
03:11:14.0 (2561758)|CODE_UNIT_STARTED|[EXTERNAL]|01p280000085nGQ|PatientWrapperController.getPatientsById
03:11:14.0 (3789922)|HEAP_ALLOCATE|[EXTERNAL]|Bytes:7
03:11:14.0 (3802443)|HEAP_ALLOCATE|[EXTERNAL]|Bytes:14
03:11:14.0 (3819146)|METHOD_ENTRY|[1]|01p280000085nGQ|PatientWrapperController.PatientWrapperController()
03:11:14.0 (3823068)|STATEMENT_EXECUTE|[1]
03:11:14.0 (3828955)|STATEMENT_EXECUTE|[1]
03:11:14.0 (3834036)|METHOD_EXIT|[1]|PatientWrapperController
03:11:14.0 (3838509)|HEAP_ALLOCATE|[EXTERNAL]|Bytes:6
03:11:14.0 (3850067)|SYSTEM_MODE_ENTER|false
03:11:14.0 (3863467)|VARIABLE_SCOPE_BEGIN|[36]|patientId|String|false|false
03:11:14.0 (3894227)|VARIABLE_ASSIGNMENT|[36]|patientId|"P00003"
03:11:14.0 (3906017)|STATEMENT_EXECUTE|[36]
03:11:14.0 (3907603)|STATEMENT_EXECUTE|[38]
03:11:14.0 (3911562)|HEAP_ALLOCATE|[38]|Bytes:185
03:11:14.0 (3917455)|VARIABLE_SCOPE_BEGIN|[38]|query|String|false|false
03:11:14.0 (3927231)|VARIABLE_ASSIGNMENT|[38]|query|"SELECT Patient_Id__c (165 more) ..."
03:11:14.0 (3929787)|STATEMENT_EXECUTE|[39]
03:11:14.0 (3985992)|HEAP_ALLOCATE|[50]|Bytes:5
03:11:14.0 (4023016)|HEAP_ALLOCATE|[56]|Bytes:5
03:11:14.0 (4035660)|HEAP_ALLOCATE|[64]|Bytes:7
03:11:14.0 (5788231)|SOQL_EXECUTE_BEGIN|[39]|Aggregations:0|SELECT Patient_Id__c, Full_Name__c, Gender__c, Steps_Completed__c, Goal__c, Height__c, Heart_Rate__c, Weight__c FROM Patient__c where Patient_Id__c = :patientId ORDER BY createdDate ASC
03:11:14.0 (10454789)|SOQL_EXECUTE_END|[39]|Rows:1
03:11:14.0 (10474368)|HEAP_ALLOCATE|[39]|Bytes:8
03:11:14.0 (10493828)|HEAP_ALLOCATE|[39]|Bytes:353
03:11:14.0 (10578970)|HEAP_ALLOCATE|[39]|Bytes:8
03:11:14.0 (10605455)|VARIABLE_SCOPE_BEGIN|[39]|patientList|List<Patient__c>|true|false
03:11:14.0 (10653193)|VARIABLE_ASSIGNMENT|[39]|patientList|{"s":1,"v":[{"s":2,"v":{"Patient_Id__c":"P00003","Full_Name__c":"Bhagyashri","Gender__c":"Female","Steps_Completed__c":1000,"Goal__c":5000,"Height__c":5.30,"Heart_Rate__c":68,"Weight__c":52.00,"Id":"a012800000SBlH6AAL"}}]}|0xfd26de6
03:11:14.0 (10658982)|STATEMENT_EXECUTE|[40]
03:11:14.0 (10663631)|VARIABLE_SCOPE_BEGIN|[40]|wrapperObj|PatientWrapper|true|false
03:11:14.0 (10669180)|VARIABLE_ASSIGNMENT|[40]|wrapperObj|null|
03:11:14.0 (10671637)|STATEMENT_EXECUTE|[41]
03:11:14.0 (10676507)|HEAP_ALLOCATE|[41]|Bytes:15
03:11:14.0 (10805351)|HEAP_ALLOCATE|[41]|Bytes:191
03:11:14.0 (10827905)|HEAP_ALLOCATE|[41]|Bytes:206
03:11:14.0 (10853953)|USER_DEBUG|[41]|DEBUG|patientList => (Patient__c:{Patient_Id__c=P00003, Full_Name__c=Bhagyashri, Gender__c=Female, Steps_Completed__c=1000, Goal__c=5000, Height__c=5.30, Heart_Rate__c=68, Weight__c=52.00, Id=a012800000SBlH6AAL})
03:11:14.0 (11070140)|HEAP_ALLOCATE|[42]|Bytes:5
03:11:14.0 (11113139)|HEAP_ALLOCATE|[42]|Bytes:40
03:11:14.0 (11124837)|VARIABLE_SCOPE_BEGIN|[42]|patient|Patient__c|true|false
03:11:14.0 (11144814)|VARIABLE_ASSIGNMENT|[42]|patient|{"s":1,"v":{"Patient_Id__c":"P00003","Full_Name__c":"Bhagyashri","Gender__c":"Female","Steps_Completed__c":1000,"Goal__c":5000,"Height__c":5.30,"Heart_Rate__c":68,"Weight__c":52.00,"Id":"a012800000SBlH6AAL"}}|0x5d00eb58
03:11:14.0 (11149654)|STATEMENT_EXECUTE|[42]
03:11:14.0 (11151075)|STATEMENT_EXECUTE|[43]
03:11:14.0 (11181802)|METHOD_ENTRY|[1]|01p280000085nGG|PatientWrapper.PatientWrapper()
03:11:14.0 (11185789)|STATEMENT_EXECUTE|[1]
03:11:14.0 (11190761)|STATEMENT_EXECUTE|[1]
03:11:14.0 (11196904)|METHOD_EXIT|[1]|PatientWrapper
03:11:14.0 (11218813)|HEAP_ALLOCATE|[43]|Bytes:36
03:11:14.0 (11231996)|CONSTRUCTOR_ENTRY|[43]|01p280000085nGG|<init>()
03:11:14.0 (11268511)|VARIABLE_SCOPE_BEGIN|[1]|this|PatientWrapper|true|false
03:11:14.0 (11352150)|VARIABLE_ASSIGNMENT|[1]|this|{}|0x133de9d5
03:11:14.0 (11362889)|HEAP_ALLOCATE|[EXTERNAL]|Bytes:6
03:11:14.0 (11387689)|STATEMENT_EXECUTE|[1]
03:11:14.0 (11389592)|STATEMENT_EXECUTE|[3]
03:11:14.0 (11390811)|STATEMENT_EXECUTE|[6]
03:11:14.0 (11391857)|STATEMENT_EXECUTE|[9]
03:11:14.0 (11392974)|STATEMENT_EXECUTE|[12]
03:11:14.0 (11394095)|STATEMENT_EXECUTE|[15]
03:11:14.0 (11395240)|STATEMENT_EXECUTE|[18]
03:11:14.0 (11396283)|STATEMENT_EXECUTE|[21]
03:11:14.0 (11397272)|STATEMENT_EXECUTE|[24]
03:11:14.0 (11401631)|CONSTRUCTOR_EXIT|[43]|01p280000085nGG|<init>()
03:11:14.0 (11418167)|VARIABLE_ASSIGNMENT|[43]|wrapperObj|{}|0x133de9d5
03:11:14.0 (11420820)|STATEMENT_EXECUTE|[45]
03:11:14.0 (11458129)|HEAP_ALLOCATE|[45]|Bytes:18
03:11:14.0 (11474785)|VARIABLE_ASSIGNMENT|[45]|this.id|"a012800000SBlH6AAL"|0x133de9d5
03:11:14.0 (11477573)|STATEMENT_EXECUTE|[46]
03:11:14.0 (11502385)|VARIABLE_ASSIGNMENT|[46]|this.name|"Bhagyashri"|0x133de9d5
03:11:14.0 (11505376)|STATEMENT_EXECUTE|[47]
03:11:14.0 (11551573)|HEAP_ALLOCATE|[47]|Bytes:12
03:11:14.0 (11564625)|VARIABLE_ASSIGNMENT|[47]|this.steps|1000.0|0x133de9d5
03:11:14.0 (11567076)|STATEMENT_EXECUTE|[48]
03:11:14.0 (11591136)|HEAP_ALLOCATE|[48]|Bytes:12
03:11:14.0 (11601725)|VARIABLE_ASSIGNMENT|[48]|this.goal|5000.0|0x133de9d5
03:11:14.0 (11603961)|STATEMENT_EXECUTE|[49]
03:11:14.0 (11621881)|HEAP_ALLOCATE|[49]|Bytes:12
03:11:14.0 (11630543)|VARIABLE_ASSIGNMENT|[49]|this.heartRate|68.0|0x133de9d5
03:11:14.0 (11632804)|STATEMENT_EXECUTE|[50]
03:11:14.0 (11649933)|HEAP_ALLOCATE|[50]|Bytes:12
03:11:14.0 (11659712)|VARIABLE_ASSIGNMENT|[50]|this.height|5.3|0x133de9d5
03:11:14.0 (11661879)|STATEMENT_EXECUTE|[51]
03:11:14.0 (11677591)|HEAP_ALLOCATE|[51]|Bytes:12
03:11:14.0 (11686503)|VARIABLE_ASSIGNMENT|[51]|this.weight|52.0|0x133de9d5
03:11:14.0 (11688908)|STATEMENT_EXECUTE|[52]
03:11:14.0 (11713685)|VARIABLE_ASSIGNMENT|[52]|this.patient_Id|"P00003"|0x133de9d5
03:11:14.0 (11727913)|HEAP_ALLOCATE|[42]|Bytes:5
03:11:14.0 (11739654)|VARIABLE_ASSIGNMENT|[42]|patient|null|
03:11:14.0 (11743470)|STATEMENT_EXECUTE|[56]
03:11:14.0 (11747139)|HEAP_ALLOCATE|[56]|Bytes:14
03:11:14.0 (11806631)|HEAP_ALLOCATE|[56]|Bytes:142
03:11:14.0 (11822309)|HEAP_ALLOCATE|[56]|Bytes:156
03:11:14.0 (11832408)|USER_DEBUG|[56]|DEBUG|wrapperObj => PatientWrapper:[goal=5000.0, heartRate=68.0, height=5.3, id=a012800000SBlH6AAL, name=Bhagyashri, patient_Id=P00003, steps=1000.0, weight=52.0]
03:11:14.0 (11838556)|STATEMENT_EXECUTE|[57]
03:11:14.0 (11851137)|SYSTEM_MODE_EXIT|false
03:11:14.11 (11892575)|CUMULATIVE_LIMIT_USAGE
03:11:14.11 (11892575)|LIMIT_USAGE_FOR_NS|(default)|
  Number of SOQL queries: 1 out of 100
  Number of query rows: 1 out of 50000
  Number of SOSL queries: 0 out of 20
  Number of DML statements: 0 out of 150
  Number of DML rows: 0 out of 10000
  Maximum CPU time: 0 out of 10000
  Maximum heap size: 0 out of 6000000
  Number of callouts: 0 out of 100
  Number of Email Invocations: 0 out of 10
  Number of future calls: 0 out of 50
  Number of queueable jobs added to the queue: 0 out of 50
  Number of Mobile Apex push calls: 0 out of 10

03:11:14.11 (11892575)|CUMULATIVE_LIMIT_USAGE_END

03:11:14.0 (11930595)|CODE_UNIT_FINISHED|PatientWrapperController.getPatientsById
03:11:14.0 (13720450)|CODE_UNIT_STARTED|[EXTERNAL]|Aura
03:11:14.0 (13780814)|CODE_UNIT_FINISHED|Aura
