36.0 APEX_CODE,FINEST;APEX_PROFILING,INFO;CALLOUT,INFO;DB,INFO;SYSTEM,DEBUG;VALIDATION,INFO;VISUALFORCE,INFO;WORKFLOW,INFO
04:46:19.0 (586731)|EXECUTION_STARTED
04:46:19.0 (613350)|CODE_UNIT_STARTED|[EXTERNAL]|aura
04:46:19.0 (1151765)|HEAP_ALLOCATE|[72]|Bytes:3
04:46:19.0 (1197096)|HEAP_ALLOCATE|[77]|Bytes:152
04:46:19.0 (1211407)|HEAP_ALLOCATE|[342]|Bytes:408
04:46:19.0 (1225926)|HEAP_ALLOCATE|[355]|Bytes:408
04:46:19.0 (1239453)|HEAP_ALLOCATE|[467]|Bytes:48
04:46:19.0 (1277823)|HEAP_ALLOCATE|[139]|Bytes:6
04:46:19.0 (1313875)|HEAP_ALLOCATE|[EXTERNAL]|Bytes:6
04:46:19.0 (1348801)|HEAP_ALLOCATE|[EXTERNAL]|Bytes:6
04:46:19.0 (2729644)|CODE_UNIT_STARTED|[EXTERNAL]|01p280000085nGQ|PatientWrapperController.getPatientsById
04:46:19.0 (3486114)|HEAP_ALLOCATE|[EXTERNAL]|Bytes:7
04:46:19.0 (3492675)|HEAP_ALLOCATE|[EXTERNAL]|Bytes:14
04:46:19.0 (3508784)|METHOD_ENTRY|[1]|01p280000085nGQ|PatientWrapperController.PatientWrapperController()
04:46:19.0 (3513601)|STATEMENT_EXECUTE|[1]
04:46:19.0 (3521268)|STATEMENT_EXECUTE|[1]
04:46:19.0 (3528602)|METHOD_EXIT|[1]|PatientWrapperController
04:46:19.0 (3533207)|HEAP_ALLOCATE|[EXTERNAL]|Bytes:6
04:46:19.0 (3544344)|SYSTEM_MODE_ENTER|false
04:46:19.0 (3554096)|VARIABLE_SCOPE_BEGIN|[36]|patientId|String|false|false
04:46:19.0 (3584807)|VARIABLE_ASSIGNMENT|[36]|patientId|"P00002"
04:46:19.0 (3598683)|STATEMENT_EXECUTE|[36]
04:46:19.0 (3600400)|STATEMENT_EXECUTE|[38]
04:46:19.0 (3603958)|HEAP_ALLOCATE|[38]|Bytes:185
04:46:19.0 (3610377)|VARIABLE_SCOPE_BEGIN|[38]|query|String|false|false
04:46:19.0 (3621140)|VARIABLE_ASSIGNMENT|[38]|query|"SELECT Patient_Id__c (165 more) ..."
04:46:19.0 (3623412)|STATEMENT_EXECUTE|[39]
04:46:19.0 (3662424)|HEAP_ALLOCATE|[50]|Bytes:5
04:46:19.0 (3688842)|HEAP_ALLOCATE|[56]|Bytes:5
04:46:19.0 (3697335)|HEAP_ALLOCATE|[64]|Bytes:7
04:46:19.0 (5261418)|SOQL_EXECUTE_BEGIN|[39]|Aggregations:0|SELECT Patient_Id__c, Full_Name__c, Gender__c, Steps_Completed__c, Goal__c, Height__c, Heart_Rate__c, Weight__c FROM Patient__c where Patient_Id__c = :patientId ORDER BY createdDate ASC
04:46:19.0 (9253137)|SOQL_EXECUTE_END|[39]|Rows:1
04:46:19.0 (9268387)|HEAP_ALLOCATE|[39]|Bytes:8
04:46:19.0 (9293507)|HEAP_ALLOCATE|[39]|Bytes:350
04:46:19.0 (9395057)|HEAP_ALLOCATE|[39]|Bytes:8
04:46:19.0 (9418630)|VARIABLE_SCOPE_BEGIN|[39]|patientList|List<Patient__c>|true|false
04:46:19.0 (9460979)|VARIABLE_ASSIGNMENT|[39]|patientList|{"s":1,"v":[{"s":2,"v":{"Patient_Id__c":"P00002","Full_Name__c":"Pallavi","Gender__c":"Female","Steps_Completed__c":6000,"Goal__c":6000,"Height__c":4.00,"Heart_Rate__c":72,"Weight__c":68.00,"Id":"a012800000SBjJnAAL"}}]}|0x4cbcd39
04:46:19.0 (9465708)|STATEMENT_EXECUTE|[40]
04:46:19.0 (9474019)|VARIABLE_SCOPE_BEGIN|[40]|wrapperObj|PatientWrapper|true|false
04:46:19.0 (9480431)|VARIABLE_ASSIGNMENT|[40]|wrapperObj|null|
04:46:19.0 (9482623)|STATEMENT_EXECUTE|[41]
04:46:19.0 (9487271)|HEAP_ALLOCATE|[41]|Bytes:15
04:46:19.0 (9596424)|HEAP_ALLOCATE|[41]|Bytes:188
04:46:19.0 (9619335)|HEAP_ALLOCATE|[41]|Bytes:203
04:46:19.0 (9642427)|USER_DEBUG|[41]|DEBUG|patientList => (Patient__c:{Patient_Id__c=P00002, Full_Name__c=Pallavi, Gender__c=Female, Steps_Completed__c=6000, Goal__c=6000, Height__c=4.00, Heart_Rate__c=72, Weight__c=68.00, Id=a012800000SBjJnAAL})
04:46:19.0 (9847788)|HEAP_ALLOCATE|[42]|Bytes:5
04:46:19.0 (9891804)|HEAP_ALLOCATE|[42]|Bytes:40
04:46:19.0 (9903477)|VARIABLE_SCOPE_BEGIN|[42]|patient|Patient__c|true|false
04:46:19.0 (9922767)|VARIABLE_ASSIGNMENT|[42]|patient|{"s":1,"v":{"Patient_Id__c":"P00002","Full_Name__c":"Pallavi","Gender__c":"Female","Steps_Completed__c":6000,"Goal__c":6000,"Height__c":4.00,"Heart_Rate__c":72,"Weight__c":68.00,"Id":"a012800000SBjJnAAL"}}|0x1dd1cc44
04:46:19.0 (9927486)|STATEMENT_EXECUTE|[42]
04:46:19.0 (9929100)|STATEMENT_EXECUTE|[43]
04:46:19.0 (9943237)|METHOD_ENTRY|[1]|01p280000085nGG|PatientWrapper.PatientWrapper()
04:46:19.0 (9946396)|STATEMENT_EXECUTE|[1]
04:46:19.0 (9950117)|STATEMENT_EXECUTE|[1]
04:46:19.0 (9956480)|METHOD_EXIT|[1]|PatientWrapper
04:46:19.0 (9963941)|HEAP_ALLOCATE|[43]|Bytes:36
04:46:19.0 (9975241)|CONSTRUCTOR_ENTRY|[43]|01p280000085nGG|<init>()
04:46:19.0 (9996299)|VARIABLE_SCOPE_BEGIN|[1]|this|PatientWrapper|true|false
04:46:19.0 (10029722)|VARIABLE_ASSIGNMENT|[1]|this|{}|0xf86b288
04:46:19.0 (10040393)|HEAP_ALLOCATE|[EXTERNAL]|Bytes:6
04:46:19.0 (10064620)|STATEMENT_EXECUTE|[1]
04:46:19.0 (10066886)|STATEMENT_EXECUTE|[3]
04:46:19.0 (10068035)|STATEMENT_EXECUTE|[6]
04:46:19.0 (10069145)|STATEMENT_EXECUTE|[9]
04:46:19.0 (10070133)|STATEMENT_EXECUTE|[12]
04:46:19.0 (10071304)|STATEMENT_EXECUTE|[15]
04:46:19.0 (10072367)|STATEMENT_EXECUTE|[18]
04:46:19.0 (10073412)|STATEMENT_EXECUTE|[21]
04:46:19.0 (10074367)|STATEMENT_EXECUTE|[24]
04:46:19.0 (10078282)|CONSTRUCTOR_EXIT|[43]|01p280000085nGG|<init>()
04:46:19.0 (10094832)|VARIABLE_ASSIGNMENT|[43]|wrapperObj|{}|0xf86b288
04:46:19.0 (10097922)|STATEMENT_EXECUTE|[45]
04:46:19.0 (10133789)|HEAP_ALLOCATE|[45]|Bytes:18
04:46:19.0 (10149346)|VARIABLE_ASSIGNMENT|[45]|this.id|"a012800000SBjJnAAL"|0xf86b288
04:46:19.0 (10152441)|STATEMENT_EXECUTE|[46]
04:46:19.0 (10175313)|VARIABLE_ASSIGNMENT|[46]|this.name|"Pallavi"|0xf86b288
04:46:19.0 (10178428)|STATEMENT_EXECUTE|[47]
04:46:19.0 (10224202)|HEAP_ALLOCATE|[47]|Bytes:12
04:46:19.0 (10237938)|VARIABLE_ASSIGNMENT|[47]|this.steps|6000.0|0xf86b288
04:46:19.0 (10240644)|STATEMENT_EXECUTE|[48]
04:46:19.0 (10261931)|HEAP_ALLOCATE|[48]|Bytes:12
04:46:19.0 (10270940)|VARIABLE_ASSIGNMENT|[48]|this.goal|6000.0|0xf86b288
04:46:19.0 (10273393)|STATEMENT_EXECUTE|[49]
04:46:19.0 (10295372)|HEAP_ALLOCATE|[49]|Bytes:12
04:46:19.0 (10304434)|VARIABLE_ASSIGNMENT|[49]|this.heartRate|72.0|0xf86b288
04:46:19.0 (10306763)|STATEMENT_EXECUTE|[50]
04:46:19.0 (10323819)|HEAP_ALLOCATE|[50]|Bytes:12
04:46:19.0 (10332271)|VARIABLE_ASSIGNMENT|[50]|this.height|4.0|0xf86b288
04:46:19.0 (10334568)|STATEMENT_EXECUTE|[51]
04:46:19.0 (10350643)|HEAP_ALLOCATE|[51]|Bytes:12
04:46:19.0 (10359140)|VARIABLE_ASSIGNMENT|[51]|this.weight|68.0|0xf86b288
04:46:19.0 (10361457)|STATEMENT_EXECUTE|[52]
04:46:19.0 (10381534)|VARIABLE_ASSIGNMENT|[52]|this.patient_Id|"P00002"|0xf86b288
04:46:19.0 (10395318)|HEAP_ALLOCATE|[42]|Bytes:5
04:46:19.0 (10407970)|VARIABLE_ASSIGNMENT|[42]|patient|null|
04:46:19.0 (10411492)|STATEMENT_EXECUTE|[56]
04:46:19.0 (10414399)|HEAP_ALLOCATE|[56]|Bytes:14
04:46:19.0 (10475438)|HEAP_ALLOCATE|[56]|Bytes:139
04:46:19.0 (10491210)|HEAP_ALLOCATE|[56]|Bytes:153
04:46:19.0 (10501442)|USER_DEBUG|[56]|DEBUG|wrapperObj => PatientWrapper:[goal=6000.0, heartRate=72.0, height=4.0, id=a012800000SBjJnAAL, name=Pallavi, patient_Id=P00002, steps=6000.0, weight=68.0]
04:46:19.0 (10507176)|STATEMENT_EXECUTE|[57]
04:46:19.0 (10515253)|SYSTEM_MODE_EXIT|false
04:46:19.10 (10564086)|CUMULATIVE_LIMIT_USAGE
04:46:19.10 (10564086)|LIMIT_USAGE_FOR_NS|(default)|
  Number of SOQL queries: 1 out of 100
  Number of query rows: 1 out of 50000
  Number of SOSL queries: 0 out of 20
  Number of DML statements: 0 out of 150
  Number of DML rows: 0 out of 10000
  Maximum CPU time: 0 out of 10000
  Maximum heap size: 0 out of 6000000
  Number of callouts: 0 out of 100
  Number of Email Invocations: 0 out of 10
  Number of future calls: 0 out of 50
  Number of queueable jobs added to the queue: 0 out of 50
  Number of Mobile Apex push calls: 0 out of 10

04:46:19.10 (10564086)|CUMULATIVE_LIMIT_USAGE_END

04:46:19.0 (10605786)|CODE_UNIT_FINISHED|PatientWrapperController.getPatientsById
04:46:19.0 (12423513)|CODE_UNIT_STARTED|[EXTERNAL]|Aura
04:46:19.0 (12487618)|CODE_UNIT_FINISHED|Aura
