36.0 APEX_CODE,FINEST;APEX_PROFILING,INFO;CALLOUT,INFO;DB,INFO;SYSTEM,DEBUG;VALIDATION,INFO;VISUALFORCE,INFO;WORKFLOW,INFO
02:34:56.0 (73245)|EXECUTION_STARTED
02:34:56.0 (109021)|CODE_UNIT_STARTED|[EXTERNAL]|aura
02:34:56.0 (687128)|HEAP_ALLOCATE|[72]|Bytes:3
02:34:56.0 (728863)|HEAP_ALLOCATE|[77]|Bytes:152
02:34:56.0 (744649)|HEAP_ALLOCATE|[342]|Bytes:408
02:34:56.0 (762514)|HEAP_ALLOCATE|[355]|Bytes:408
02:34:56.0 (778902)|HEAP_ALLOCATE|[467]|Bytes:48
02:34:56.0 (808602)|HEAP_ALLOCATE|[139]|Bytes:6
02:34:56.0 (833142)|HEAP_ALLOCATE|[EXTERNAL]|Bytes:6
02:34:56.0 (850492)|HEAP_ALLOCATE|[EXTERNAL]|Bytes:6
02:34:56.0 (2326743)|CODE_UNIT_STARTED|[EXTERNAL]|01p280000085nGQ|PatientWrapperController.getPatientsById
02:34:56.0 (3414726)|HEAP_ALLOCATE|[EXTERNAL]|Bytes:7
02:34:56.0 (3421619)|HEAP_ALLOCATE|[EXTERNAL]|Bytes:14
02:34:56.0 (3441347)|METHOD_ENTRY|[1]|01p280000085nGQ|PatientWrapperController.PatientWrapperController()
02:34:56.0 (3445882)|STATEMENT_EXECUTE|[1]
02:34:56.0 (3451368)|STATEMENT_EXECUTE|[1]
02:34:56.0 (3458444)|METHOD_EXIT|[1]|PatientWrapperController
02:34:56.0 (3463104)|HEAP_ALLOCATE|[EXTERNAL]|Bytes:6
02:34:56.0 (3473336)|SYSTEM_MODE_ENTER|false
02:34:56.0 (3485201)|VARIABLE_SCOPE_BEGIN|[36]|patientId|String|false|false
02:34:56.0 (3515540)|VARIABLE_ASSIGNMENT|[36]|patientId|"P00002"
02:34:56.0 (3526946)|STATEMENT_EXECUTE|[36]
02:34:56.0 (3528650)|STATEMENT_EXECUTE|[38]
02:34:56.0 (3533158)|HEAP_ALLOCATE|[38]|Bytes:185
02:34:56.0 (3538892)|VARIABLE_SCOPE_BEGIN|[38]|query|String|false|false
02:34:56.0 (3548702)|VARIABLE_ASSIGNMENT|[38]|query|"SELECT Patient_Id__c (165 more) ..."
02:34:56.0 (3550778)|STATEMENT_EXECUTE|[39]
02:34:56.0 (3586507)|HEAP_ALLOCATE|[50]|Bytes:5
02:34:56.0 (3615298)|HEAP_ALLOCATE|[56]|Bytes:5
02:34:56.0 (3624287)|HEAP_ALLOCATE|[64]|Bytes:7
02:34:56.0 (5023451)|SOQL_EXECUTE_BEGIN|[39]|Aggregations:0|SELECT Patient_Id__c, Full_Name__c, Gender__c, Steps_Completed__c, Goal__c, Height__c, Heart_Rate__c, Weight__c FROM Patient__c where Patient_Id__c = :patientId ORDER BY createdDate ASC
02:34:56.0 (9625350)|SOQL_EXECUTE_END|[39]|Rows:1
02:34:56.0 (9646468)|HEAP_ALLOCATE|[39]|Bytes:8
02:34:56.0 (9669554)|HEAP_ALLOCATE|[39]|Bytes:350
02:34:56.0 (9815297)|HEAP_ALLOCATE|[39]|Bytes:8
02:34:56.0 (9845331)|VARIABLE_SCOPE_BEGIN|[39]|patientList|List<Patient__c>|true|false
02:34:56.0 (9899625)|VARIABLE_ASSIGNMENT|[39]|patientList|{"s":1,"v":[{"s":2,"v":{"Patient_Id__c":"P00002","Full_Name__c":"Pallavi","Gender__c":"Female","Steps_Completed__c":6000,"Goal__c":6000,"Height__c":4.00,"Heart_Rate__c":72,"Weight__c":68.00,"Id":"a012800000SBjJnAAL"}}]}|0x110ed1ce
02:34:56.0 (9904870)|STATEMENT_EXECUTE|[40]
02:34:56.0 (9910647)|VARIABLE_SCOPE_BEGIN|[40]|wrapperObj|PatientWrapper|true|false
02:34:56.0 (9916134)|VARIABLE_ASSIGNMENT|[40]|wrapperObj|null|
02:34:56.0 (9918023)|STATEMENT_EXECUTE|[41]
02:34:56.0 (9923268)|HEAP_ALLOCATE|[41]|Bytes:15
02:34:56.0 (10038967)|HEAP_ALLOCATE|[41]|Bytes:188
02:34:56.0 (10063578)|HEAP_ALLOCATE|[41]|Bytes:203
02:34:56.0 (10090142)|USER_DEBUG|[41]|DEBUG|patientList => (Patient__c:{Patient_Id__c=P00002, Full_Name__c=Pallavi, Gender__c=Female, Steps_Completed__c=6000, Goal__c=6000, Height__c=4.00, Heart_Rate__c=72, Weight__c=68.00, Id=a012800000SBjJnAAL})
02:34:56.0 (10336924)|HEAP_ALLOCATE|[42]|Bytes:5
02:34:56.0 (10415103)|HEAP_ALLOCATE|[42]|Bytes:40
02:34:56.0 (10428625)|VARIABLE_SCOPE_BEGIN|[42]|patient|Patient__c|true|false
02:34:56.0 (10448910)|VARIABLE_ASSIGNMENT|[42]|patient|{"s":1,"v":{"Patient_Id__c":"P00002","Full_Name__c":"Pallavi","Gender__c":"Female","Steps_Completed__c":6000,"Goal__c":6000,"Height__c":4.00,"Heart_Rate__c":72,"Weight__c":68.00,"Id":"a012800000SBjJnAAL"}}|0x7b34b562
02:34:56.0 (10453274)|STATEMENT_EXECUTE|[42]
02:34:56.0 (10454764)|STATEMENT_EXECUTE|[43]
02:34:56.0 (10500225)|METHOD_ENTRY|[1]|01p280000085nGG|PatientWrapper.PatientWrapper()
02:34:56.0 (10505246)|STATEMENT_EXECUTE|[1]
02:34:56.0 (10510342)|STATEMENT_EXECUTE|[1]
02:34:56.0 (10520768)|METHOD_EXIT|[1]|PatientWrapper
02:34:56.0 (10549451)|HEAP_ALLOCATE|[43]|Bytes:36
02:34:56.0 (10565924)|CONSTRUCTOR_ENTRY|[43]|01p280000085nGG|<init>()
02:34:56.0 (10612974)|VARIABLE_SCOPE_BEGIN|[1]|this|PatientWrapper|true|false
02:34:56.0 (10708706)|VARIABLE_ASSIGNMENT|[1]|this|{}|0x5f7c7dce
02:34:56.0 (10721113)|HEAP_ALLOCATE|[EXTERNAL]|Bytes:6
02:34:56.0 (10749881)|STATEMENT_EXECUTE|[1]
02:34:56.0 (10752095)|STATEMENT_EXECUTE|[3]
02:34:56.0 (10753522)|STATEMENT_EXECUTE|[6]
02:34:56.0 (10754751)|STATEMENT_EXECUTE|[9]
02:34:56.0 (10755840)|STATEMENT_EXECUTE|[12]
02:34:56.0 (10757220)|STATEMENT_EXECUTE|[15]
02:34:56.0 (10758211)|STATEMENT_EXECUTE|[18]
02:34:56.0 (10759237)|STATEMENT_EXECUTE|[21]
02:34:56.0 (10760379)|STATEMENT_EXECUTE|[24]
02:34:56.0 (10764683)|CONSTRUCTOR_EXIT|[43]|01p280000085nGG|<init>()
02:34:56.0 (10781953)|VARIABLE_ASSIGNMENT|[43]|wrapperObj|{}|0x5f7c7dce
02:34:56.0 (10784967)|STATEMENT_EXECUTE|[45]
02:34:56.0 (10842199)|HEAP_ALLOCATE|[45]|Bytes:18
02:34:56.0 (10867983)|VARIABLE_ASSIGNMENT|[45]|this.id|"a012800000SBjJnAAL"|0x5f7c7dce
02:34:56.0 (10872553)|STATEMENT_EXECUTE|[46]
02:34:56.0 (10912647)|VARIABLE_ASSIGNMENT|[46]|this.name|"Pallavi"|0x5f7c7dce
02:34:56.0 (10917530)|STATEMENT_EXECUTE|[47]
02:34:56.0 (10972194)|HEAP_ALLOCATE|[47]|Bytes:12
02:34:56.0 (10993080)|VARIABLE_ASSIGNMENT|[47]|this.steps|6000.0|0x5f7c7dce
02:34:56.0 (10997355)|STATEMENT_EXECUTE|[48]
02:34:56.0 (11030277)|HEAP_ALLOCATE|[48]|Bytes:12
02:34:56.0 (11048646)|VARIABLE_ASSIGNMENT|[48]|this.goal|6000.0|0x5f7c7dce
02:34:56.0 (11052199)|STATEMENT_EXECUTE|[49]
02:34:56.0 (11083694)|HEAP_ALLOCATE|[49]|Bytes:12
02:34:56.0 (11102246)|VARIABLE_ASSIGNMENT|[49]|this.heartRate|72.0|0x5f7c7dce
02:34:56.0 (11106984)|STATEMENT_EXECUTE|[50]
02:34:56.0 (11137723)|HEAP_ALLOCATE|[50]|Bytes:12
02:34:56.0 (11154933)|VARIABLE_ASSIGNMENT|[50]|this.height|4.0|0x5f7c7dce
02:34:56.0 (11158722)|STATEMENT_EXECUTE|[51]
02:34:56.0 (11188614)|HEAP_ALLOCATE|[51]|Bytes:12
02:34:56.0 (11206042)|VARIABLE_ASSIGNMENT|[51]|this.weight|68.0|0x5f7c7dce
02:34:56.0 (11210221)|STATEMENT_EXECUTE|[52]
02:34:56.0 (11247504)|VARIABLE_ASSIGNMENT|[52]|this.patient_Id|"P00002"|0x5f7c7dce
02:34:56.0 (11279060)|HEAP_ALLOCATE|[42]|Bytes:5
02:34:56.0 (11301674)|VARIABLE_ASSIGNMENT|[42]|patient|null|
02:34:56.0 (11306547)|STATEMENT_EXECUTE|[56]
02:34:56.0 (11312173)|HEAP_ALLOCATE|[56]|Bytes:14
02:34:56.0 (11391457)|HEAP_ALLOCATE|[56]|Bytes:139
02:34:56.0 (11407431)|HEAP_ALLOCATE|[56]|Bytes:153
02:34:56.0 (11418386)|USER_DEBUG|[56]|DEBUG|wrapperObj => PatientWrapper:[goal=6000.0, heartRate=72.0, height=4.0, id=a012800000SBjJnAAL, name=Pallavi, patient_Id=P00002, steps=6000.0, weight=68.0]
02:34:56.0 (11424481)|STATEMENT_EXECUTE|[57]
02:34:56.0 (11433187)|SYSTEM_MODE_EXIT|false
02:34:56.11 (11482470)|CUMULATIVE_LIMIT_USAGE
02:34:56.11 (11482470)|LIMIT_USAGE_FOR_NS|(default)|
  Number of SOQL queries: 1 out of 100
  Number of query rows: 1 out of 50000
  Number of SOSL queries: 0 out of 20
  Number of DML statements: 0 out of 150
  Number of DML rows: 0 out of 10000
  Maximum CPU time: 0 out of 10000
  Maximum heap size: 0 out of 6000000
  Number of callouts: 0 out of 100
  Number of Email Invocations: 0 out of 10
  Number of future calls: 0 out of 50
  Number of queueable jobs added to the queue: 0 out of 50
  Number of Mobile Apex push calls: 0 out of 10

02:34:56.11 (11482470)|CUMULATIVE_LIMIT_USAGE_END

02:34:56.0 (11541896)|CODE_UNIT_FINISHED|PatientWrapperController.getPatientsById
02:34:56.0 (13331827)|CODE_UNIT_STARTED|[EXTERNAL]|Aura
02:34:56.0 (13380646)|CODE_UNIT_FINISHED|Aura
