36.0 APEX_CODE,FINEST;APEX_PROFILING,INFO;CALLOUT,INFO;DB,INFO;SYSTEM,DEBUG;VALIDATION,INFO;VISUALFORCE,INFO;WORKFLOW,INFO
04:40:16.0 (87105)|EXECUTION_STARTED
04:40:16.0 (127097)|CODE_UNIT_STARTED|[EXTERNAL]|aura
04:40:16.0 (563692)|HEAP_ALLOCATE|[72]|Bytes:3
04:40:16.0 (600109)|HEAP_ALLOCATE|[77]|Bytes:152
04:40:16.0 (616744)|HEAP_ALLOCATE|[342]|Bytes:408
04:40:16.0 (636917)|HEAP_ALLOCATE|[355]|Bytes:408
04:40:16.0 (655238)|HEAP_ALLOCATE|[467]|Bytes:48
04:40:16.0 (680987)|HEAP_ALLOCATE|[139]|Bytes:6
04:40:16.0 (701216)|HEAP_ALLOCATE|[EXTERNAL]|Bytes:6
04:40:16.0 (718191)|HEAP_ALLOCATE|[EXTERNAL]|Bytes:6
04:40:16.0 (2026813)|CODE_UNIT_STARTED|[EXTERNAL]|01p280000085nGQ|PatientWrapperController.getPatientsById
04:40:16.0 (2188407)|HEAP_ALLOCATE|[EXTERNAL]|Bytes:7
04:40:16.0 (2212676)|HEAP_ALLOCATE|[EXTERNAL]|Bytes:14
04:40:16.0 (2233075)|METHOD_ENTRY|[1]|01p280000085nGQ|PatientWrapperController.PatientWrapperController()
04:40:16.0 (2239783)|STATEMENT_EXECUTE|[1]
04:40:16.0 (2250744)|STATEMENT_EXECUTE|[1]
04:40:16.0 (2262186)|METHOD_EXIT|[1]|PatientWrapperController
04:40:16.0 (2269895)|HEAP_ALLOCATE|[EXTERNAL]|Bytes:6
04:40:16.0 (2280925)|SYSTEM_MODE_ENTER|false
04:40:16.0 (2291247)|VARIABLE_SCOPE_BEGIN|[36]|patientId|String|false|false
04:40:16.0 (2332214)|VARIABLE_ASSIGNMENT|[36]|patientId|"P00002"
04:40:16.0 (2349171)|STATEMENT_EXECUTE|[36]
04:40:16.0 (2352010)|STATEMENT_EXECUTE|[38]
04:40:16.0 (2357378)|HEAP_ALLOCATE|[38]|Bytes:185
04:40:16.0 (2365960)|VARIABLE_SCOPE_BEGIN|[38]|query|String|false|false
04:40:16.0 (2381205)|VARIABLE_ASSIGNMENT|[38]|query|"SELECT Patient_Id__c (165 more) ..."
04:40:16.0 (2385284)|STATEMENT_EXECUTE|[39]
04:40:16.0 (2432664)|HEAP_ALLOCATE|[50]|Bytes:5
04:40:16.0 (2465432)|HEAP_ALLOCATE|[56]|Bytes:5
04:40:16.0 (2482503)|HEAP_ALLOCATE|[64]|Bytes:7
04:40:16.0 (3324141)|SOQL_EXECUTE_BEGIN|[39]|Aggregations:0|SELECT Patient_Id__c, Full_Name__c, Gender__c, Steps_Completed__c, Goal__c, Height__c, Heart_Rate__c, Weight__c FROM Patient__c where Patient_Id__c = :patientId ORDER BY createdDate ASC
04:40:16.0 (8436461)|SOQL_EXECUTE_END|[39]|Rows:1
04:40:16.0 (8454494)|HEAP_ALLOCATE|[39]|Bytes:8
04:40:16.0 (8484740)|HEAP_ALLOCATE|[39]|Bytes:350
04:40:16.0 (8618392)|HEAP_ALLOCATE|[39]|Bytes:8
04:40:16.0 (8644781)|VARIABLE_SCOPE_BEGIN|[39]|patientList|List<Patient__c>|true|false
04:40:16.0 (8690210)|VARIABLE_ASSIGNMENT|[39]|patientList|{"s":1,"v":[{"s":2,"v":{"Patient_Id__c":"P00002","Full_Name__c":"Pallavi","Gender__c":"Female","Steps_Completed__c":6000,"Goal__c":6000,"Height__c":4.00,"Heart_Rate__c":72,"Weight__c":68.00,"Id":"a012800000SBjJnAAL"}}]}|0x5ff1c30a
04:40:16.0 (8696555)|STATEMENT_EXECUTE|[40]
04:40:16.0 (8705952)|VARIABLE_SCOPE_BEGIN|[40]|wrapperObj|PatientWrapper|true|false
04:40:16.0 (8711970)|VARIABLE_ASSIGNMENT|[40]|wrapperObj|null|
04:40:16.0 (8713873)|STATEMENT_EXECUTE|[41]
04:40:16.0 (8718427)|HEAP_ALLOCATE|[41]|Bytes:15
04:40:16.0 (8848287)|HEAP_ALLOCATE|[41]|Bytes:188
04:40:16.0 (8881018)|HEAP_ALLOCATE|[41]|Bytes:203
04:40:16.0 (8914716)|USER_DEBUG|[41]|DEBUG|patientList => (Patient__c:{Patient_Id__c=P00002, Full_Name__c=Pallavi, Gender__c=Female, Steps_Completed__c=6000, Goal__c=6000, Height__c=4.00, Heart_Rate__c=72, Weight__c=68.00, Id=a012800000SBjJnAAL})
04:40:16.0 (9125136)|HEAP_ALLOCATE|[42]|Bytes:5
04:40:16.0 (9163546)|HEAP_ALLOCATE|[42]|Bytes:40
04:40:16.0 (9173364)|VARIABLE_SCOPE_BEGIN|[42]|patient|Patient__c|true|false
04:40:16.0 (9193526)|VARIABLE_ASSIGNMENT|[42]|patient|{"s":1,"v":{"Patient_Id__c":"P00002","Full_Name__c":"Pallavi","Gender__c":"Female","Steps_Completed__c":6000,"Goal__c":6000,"Height__c":4.00,"Heart_Rate__c":72,"Weight__c":68.00,"Id":"a012800000SBjJnAAL"}}|0x4542c0b4
04:40:16.0 (9197597)|STATEMENT_EXECUTE|[42]
04:40:16.0 (9199147)|STATEMENT_EXECUTE|[43]
04:40:16.0 (9214986)|METHOD_ENTRY|[1]|01p280000085nGG|PatientWrapper.PatientWrapper()
04:40:16.0 (9218160)|STATEMENT_EXECUTE|[1]
04:40:16.0 (9224333)|STATEMENT_EXECUTE|[1]
04:40:16.0 (9231217)|METHOD_EXIT|[1]|PatientWrapper
04:40:16.0 (9238046)|HEAP_ALLOCATE|[43]|Bytes:36
04:40:16.0 (9248822)|CONSTRUCTOR_ENTRY|[43]|01p280000085nGG|<init>()
04:40:16.0 (9272152)|VARIABLE_SCOPE_BEGIN|[1]|this|PatientWrapper|true|false
04:40:16.0 (9308513)|VARIABLE_ASSIGNMENT|[1]|this|{}|0x53869406
04:40:16.0 (9318203)|HEAP_ALLOCATE|[EXTERNAL]|Bytes:6
04:40:16.0 (9341374)|STATEMENT_EXECUTE|[1]
04:40:16.0 (9343484)|STATEMENT_EXECUTE|[3]
04:40:16.0 (9344703)|STATEMENT_EXECUTE|[6]
04:40:16.0 (9345852)|STATEMENT_EXECUTE|[9]
04:40:16.0 (9346940)|STATEMENT_EXECUTE|[12]
04:40:16.0 (9348097)|STATEMENT_EXECUTE|[15]
04:40:16.0 (9349265)|STATEMENT_EXECUTE|[18]
04:40:16.0 (9350333)|STATEMENT_EXECUTE|[21]
04:40:16.0 (9351432)|STATEMENT_EXECUTE|[24]
04:40:16.0 (9356152)|CONSTRUCTOR_EXIT|[43]|01p280000085nGG|<init>()
04:40:16.0 (9373246)|VARIABLE_ASSIGNMENT|[43]|wrapperObj|{}|0x53869406
04:40:16.0 (9375954)|STATEMENT_EXECUTE|[45]
04:40:16.0 (9408593)|HEAP_ALLOCATE|[45]|Bytes:18
04:40:16.0 (9425660)|VARIABLE_ASSIGNMENT|[45]|this.id|"a012800000SBjJnAAL"|0x53869406
04:40:16.0 (9428651)|STATEMENT_EXECUTE|[46]
04:40:16.0 (9456687)|VARIABLE_ASSIGNMENT|[46]|this.name|"Pallavi"|0x53869406
04:40:16.0 (9459956)|STATEMENT_EXECUTE|[47]
04:40:16.0 (9503029)|HEAP_ALLOCATE|[47]|Bytes:12
04:40:16.0 (9517271)|VARIABLE_ASSIGNMENT|[47]|this.steps|6000.0|0x53869406
04:40:16.0 (9519820)|STATEMENT_EXECUTE|[48]
04:40:16.0 (9542507)|HEAP_ALLOCATE|[48]|Bytes:12
04:40:16.0 (9552218)|VARIABLE_ASSIGNMENT|[48]|this.goal|6000.0|0x53869406
04:40:16.0 (9554551)|STATEMENT_EXECUTE|[49]
04:40:16.0 (9573171)|HEAP_ALLOCATE|[49]|Bytes:12
04:40:16.0 (9589296)|VARIABLE_ASSIGNMENT|[49]|this.heartRate|72.0|0x53869406
04:40:16.0 (9591735)|STATEMENT_EXECUTE|[50]
04:40:16.0 (9616899)|HEAP_ALLOCATE|[50]|Bytes:12
04:40:16.0 (9627057)|VARIABLE_ASSIGNMENT|[50]|this.height|4.0|0x53869406
04:40:16.0 (9629254)|STATEMENT_EXECUTE|[51]
04:40:16.0 (9648096)|HEAP_ALLOCATE|[51]|Bytes:12
04:40:16.0 (9657546)|VARIABLE_ASSIGNMENT|[51]|this.weight|68.0|0x53869406
04:40:16.0 (9659922)|STATEMENT_EXECUTE|[52]
04:40:16.0 (9681911)|VARIABLE_ASSIGNMENT|[52]|this.patient_Id|"P00002"|0x53869406
04:40:16.0 (9696655)|HEAP_ALLOCATE|[42]|Bytes:5
04:40:16.0 (9709589)|VARIABLE_ASSIGNMENT|[42]|patient|null|
04:40:16.0 (9712807)|STATEMENT_EXECUTE|[56]
04:40:16.0 (9716192)|HEAP_ALLOCATE|[56]|Bytes:14
04:40:16.0 (9776686)|HEAP_ALLOCATE|[56]|Bytes:139
04:40:16.0 (9792514)|HEAP_ALLOCATE|[56]|Bytes:153
04:40:16.0 (9803637)|USER_DEBUG|[56]|DEBUG|wrapperObj => PatientWrapper:[goal=6000.0, heartRate=72.0, height=4.0, id=a012800000SBjJnAAL, name=Pallavi, patient_Id=P00002, steps=6000.0, weight=68.0]
04:40:16.0 (9809851)|STATEMENT_EXECUTE|[57]
04:40:16.0 (9817860)|SYSTEM_MODE_EXIT|false
04:40:16.9 (9860348)|CUMULATIVE_LIMIT_USAGE
04:40:16.9 (9860348)|LIMIT_USAGE_FOR_NS|(default)|
  Number of SOQL queries: 1 out of 100
  Number of query rows: 1 out of 50000
  Number of SOSL queries: 0 out of 20
  Number of DML statements: 0 out of 150
  Number of DML rows: 0 out of 10000
  Maximum CPU time: 0 out of 10000
  Maximum heap size: 0 out of 6000000
  Number of callouts: 0 out of 100
  Number of Email Invocations: 0 out of 10
  Number of future calls: 0 out of 50
  Number of queueable jobs added to the queue: 0 out of 50
  Number of Mobile Apex push calls: 0 out of 10

04:40:16.9 (9860348)|CUMULATIVE_LIMIT_USAGE_END

04:40:16.0 (9901965)|CODE_UNIT_FINISHED|PatientWrapperController.getPatientsById
04:40:16.0 (11600299)|CODE_UNIT_STARTED|[EXTERNAL]|Aura
04:40:16.0 (11658839)|CODE_UNIT_FINISHED|Aura
