36.0 APEX_CODE,FINEST;APEX_PROFILING,INFO;CALLOUT,INFO;DB,INFO;SYSTEM,DEBUG;VALIDATION,INFO;VISUALFORCE,INFO;WORKFLOW,INFO
03:07:17.0 (507257)|EXECUTION_STARTED
03:07:17.0 (536012)|CODE_UNIT_STARTED|[EXTERNAL]|aura
03:07:17.0 (1089305)|HEAP_ALLOCATE|[72]|Bytes:3
03:07:17.0 (1142161)|HEAP_ALLOCATE|[77]|Bytes:152
03:07:17.0 (1159452)|HEAP_ALLOCATE|[342]|Bytes:408
03:07:17.0 (1178360)|HEAP_ALLOCATE|[355]|Bytes:408
03:07:17.0 (1195881)|HEAP_ALLOCATE|[467]|Bytes:48
03:07:17.0 (1223583)|HEAP_ALLOCATE|[139]|Bytes:6
03:07:17.0 (1249150)|HEAP_ALLOCATE|[EXTERNAL]|Bytes:6
03:07:17.0 (1265844)|HEAP_ALLOCATE|[EXTERNAL]|Bytes:6
03:07:17.0 (2758732)|CODE_UNIT_STARTED|[EXTERNAL]|01p280000085nGQ|PatientWrapperController.getPatientsById
03:07:17.0 (3547143)|HEAP_ALLOCATE|[EXTERNAL]|Bytes:7
03:07:17.0 (3553944)|HEAP_ALLOCATE|[EXTERNAL]|Bytes:14
03:07:17.0 (3571383)|METHOD_ENTRY|[1]|01p280000085nGQ|PatientWrapperController.PatientWrapperController()
03:07:17.0 (3575733)|STATEMENT_EXECUTE|[1]
03:07:17.0 (3582185)|STATEMENT_EXECUTE|[1]
03:07:17.0 (3588571)|METHOD_EXIT|[1]|PatientWrapperController
03:07:17.0 (3592773)|HEAP_ALLOCATE|[EXTERNAL]|Bytes:6
03:07:17.0 (3604473)|SYSTEM_MODE_ENTER|false
03:07:17.0 (3615342)|VARIABLE_SCOPE_BEGIN|[36]|patientId|String|false|false
03:07:17.0 (3644088)|VARIABLE_ASSIGNMENT|[36]|patientId|"4LR2VZ"
03:07:17.0 (3655600)|STATEMENT_EXECUTE|[36]
03:07:17.0 (3657284)|STATEMENT_EXECUTE|[38]
03:07:17.0 (3661036)|HEAP_ALLOCATE|[38]|Bytes:185
03:07:17.0 (3667731)|VARIABLE_SCOPE_BEGIN|[38]|query|String|false|false
03:07:17.0 (3681279)|VARIABLE_ASSIGNMENT|[38]|query|"SELECT Patient_Id__c (165 more) ..."
03:07:17.0 (3684835)|STATEMENT_EXECUTE|[39]
03:07:17.0 (3720404)|HEAP_ALLOCATE|[50]|Bytes:5
03:07:17.0 (3743029)|HEAP_ALLOCATE|[56]|Bytes:5
03:07:17.0 (3751210)|HEAP_ALLOCATE|[64]|Bytes:7
03:07:17.0 (5129290)|SOQL_EXECUTE_BEGIN|[39]|Aggregations:0|SELECT Patient_Id__c, Full_Name__c, Gender__c, Steps_Completed__c, Goal__c, Height__c, Heart_Rate__c, Weight__c FROM Patient__c where Patient_Id__c = :patientId ORDER BY createdDate ASC
03:07:17.0 (9137955)|SOQL_EXECUTE_END|[39]|Rows:1
03:07:17.0 (9156140)|HEAP_ALLOCATE|[39]|Bytes:8
03:07:17.0 (9175657)|HEAP_ALLOCATE|[39]|Bytes:352
03:07:17.0 (9275971)|HEAP_ALLOCATE|[39]|Bytes:8
03:07:17.0 (9297774)|VARIABLE_SCOPE_BEGIN|[39]|patientList|List<Patient__c>|true|false
03:07:17.0 (9336427)|VARIABLE_ASSIGNMENT|[39]|patientList|{"s":1,"v":[{"s":2,"v":{"Patient_Id__c":"4LR2VZ","Full_Name__c":"Purushottam","Gender__c":"Male","Steps_Completed__c":1000,"Goal__c":5000,"Height__c":5.00,"Heart_Rate__c":65,"Weight__c":50.00,"Id":"a012800000SBjJTAA1"}}]}|0x443b85ed
03:07:17.0 (9341553)|STATEMENT_EXECUTE|[40]
03:07:17.0 (9345120)|VARIABLE_SCOPE_BEGIN|[40]|wrapperObj|PatientWrapper|true|false
03:07:17.0 (9350816)|VARIABLE_ASSIGNMENT|[40]|wrapperObj|null|
03:07:17.0 (9352726)|STATEMENT_EXECUTE|[41]
03:07:17.0 (9357734)|HEAP_ALLOCATE|[41]|Bytes:15
03:07:17.0 (9463081)|HEAP_ALLOCATE|[41]|Bytes:190
03:07:17.0 (9484566)|HEAP_ALLOCATE|[41]|Bytes:205
03:07:17.0 (9507786)|USER_DEBUG|[41]|DEBUG|patientList => (Patient__c:{Patient_Id__c=4LR2VZ, Full_Name__c=Purushottam, Gender__c=Male, Steps_Completed__c=1000, Goal__c=5000, Height__c=5.00, Heart_Rate__c=65, Weight__c=50.00, Id=a012800000SBjJTAA1})
03:07:17.0 (9719297)|HEAP_ALLOCATE|[42]|Bytes:5
03:07:17.0 (9762449)|HEAP_ALLOCATE|[42]|Bytes:40
03:07:17.0 (9774300)|VARIABLE_SCOPE_BEGIN|[42]|patient|Patient__c|true|false
03:07:17.0 (9793054)|VARIABLE_ASSIGNMENT|[42]|patient|{"s":1,"v":{"Patient_Id__c":"4LR2VZ","Full_Name__c":"Purushottam","Gender__c":"Male","Steps_Completed__c":1000,"Goal__c":5000,"Height__c":5.00,"Heart_Rate__c":65,"Weight__c":50.00,"Id":"a012800000SBjJTAA1"}}|0x46f4f90b
03:07:17.0 (9797148)|STATEMENT_EXECUTE|[42]
03:07:17.0 (9798571)|STATEMENT_EXECUTE|[43]
03:07:17.0 (9824329)|METHOD_ENTRY|[1]|01p280000085nGG|PatientWrapper.PatientWrapper()
03:07:17.0 (9827499)|STATEMENT_EXECUTE|[1]
03:07:17.0 (9832034)|STATEMENT_EXECUTE|[1]
03:07:17.0 (9838861)|METHOD_EXIT|[1]|PatientWrapper
03:07:17.0 (9860693)|HEAP_ALLOCATE|[43]|Bytes:36
03:07:17.0 (9873085)|CONSTRUCTOR_ENTRY|[43]|01p280000085nGG|<init>()
03:07:17.0 (9919165)|VARIABLE_SCOPE_BEGIN|[1]|this|PatientWrapper|true|false
03:07:17.0 (10015880)|VARIABLE_ASSIGNMENT|[1]|this|{}|0x31a47c38
03:07:17.0 (10027849)|HEAP_ALLOCATE|[EXTERNAL]|Bytes:6
03:07:17.0 (10052146)|STATEMENT_EXECUTE|[1]
03:07:17.0 (10054007)|STATEMENT_EXECUTE|[3]
03:07:17.0 (10055374)|STATEMENT_EXECUTE|[6]
03:07:17.0 (10056498)|STATEMENT_EXECUTE|[9]
03:07:17.0 (10057458)|STATEMENT_EXECUTE|[12]
03:07:17.0 (10058823)|STATEMENT_EXECUTE|[15]
03:07:17.0 (10059979)|STATEMENT_EXECUTE|[18]
03:07:17.0 (10061094)|STATEMENT_EXECUTE|[21]
03:07:17.0 (10062161)|STATEMENT_EXECUTE|[24]
03:07:17.0 (10067019)|CONSTRUCTOR_EXIT|[43]|01p280000085nGG|<init>()
03:07:17.0 (10084584)|VARIABLE_ASSIGNMENT|[43]|wrapperObj|{}|0x31a47c38
03:07:17.0 (10087389)|STATEMENT_EXECUTE|[45]
03:07:17.0 (10123775)|HEAP_ALLOCATE|[45]|Bytes:18
03:07:17.0 (10140808)|VARIABLE_ASSIGNMENT|[45]|this.id|"a012800000SBjJTAA1"|0x31a47c38
03:07:17.0 (10143662)|STATEMENT_EXECUTE|[46]
03:07:17.0 (10166332)|VARIABLE_ASSIGNMENT|[46]|this.name|"Purushottam"|0x31a47c38
03:07:17.0 (10169296)|STATEMENT_EXECUTE|[47]
03:07:17.0 (10210445)|HEAP_ALLOCATE|[47]|Bytes:12
03:07:17.0 (10223444)|VARIABLE_ASSIGNMENT|[47]|this.steps|1000.0|0x31a47c38
03:07:17.0 (10225934)|STATEMENT_EXECUTE|[48]
03:07:17.0 (10245579)|HEAP_ALLOCATE|[48]|Bytes:12
03:07:17.0 (10255183)|VARIABLE_ASSIGNMENT|[48]|this.goal|5000.0|0x31a47c38
03:07:17.0 (10257449)|STATEMENT_EXECUTE|[49]
03:07:17.0 (10273848)|HEAP_ALLOCATE|[49]|Bytes:12
03:07:17.0 (10282552)|VARIABLE_ASSIGNMENT|[49]|this.heartRate|65.0|0x31a47c38
03:07:17.0 (10284867)|STATEMENT_EXECUTE|[50]
03:07:17.0 (10301391)|HEAP_ALLOCATE|[50]|Bytes:12
03:07:17.0 (10310454)|VARIABLE_ASSIGNMENT|[50]|this.height|5.0|0x31a47c38
03:07:17.0 (10312691)|STATEMENT_EXECUTE|[51]
03:07:17.0 (10328399)|HEAP_ALLOCATE|[51]|Bytes:12
03:07:17.0 (10337798)|VARIABLE_ASSIGNMENT|[51]|this.weight|50.0|0x31a47c38
03:07:17.0 (10340028)|STATEMENT_EXECUTE|[52]
03:07:17.0 (10359420)|VARIABLE_ASSIGNMENT|[52]|this.patient_Id|"4LR2VZ"|0x31a47c38
03:07:17.0 (10373743)|HEAP_ALLOCATE|[42]|Bytes:5
03:07:17.0 (10386129)|VARIABLE_ASSIGNMENT|[42]|patient|null|
03:07:17.0 (10389555)|STATEMENT_EXECUTE|[56]
03:07:17.0 (10393192)|HEAP_ALLOCATE|[56]|Bytes:14
03:07:17.0 (10456388)|HEAP_ALLOCATE|[56]|Bytes:143
03:07:17.0 (10472255)|HEAP_ALLOCATE|[56]|Bytes:157
03:07:17.0 (10482628)|USER_DEBUG|[56]|DEBUG|wrapperObj => PatientWrapper:[goal=5000.0, heartRate=65.0, height=5.0, id=a012800000SBjJTAA1, name=Purushottam, patient_Id=4LR2VZ, steps=1000.0, weight=50.0]
03:07:17.0 (10488155)|STATEMENT_EXECUTE|[57]
03:07:17.0 (10497156)|SYSTEM_MODE_EXIT|false
03:07:17.10 (10543423)|CUMULATIVE_LIMIT_USAGE
03:07:17.10 (10543423)|LIMIT_USAGE_FOR_NS|(default)|
  Number of SOQL queries: 1 out of 100
  Number of query rows: 1 out of 50000
  Number of SOSL queries: 0 out of 20
  Number of DML statements: 0 out of 150
  Number of DML rows: 0 out of 10000
  Maximum CPU time: 0 out of 10000
  Maximum heap size: 0 out of 6000000
  Number of callouts: 0 out of 100
  Number of Email Invocations: 0 out of 10
  Number of future calls: 0 out of 50
  Number of queueable jobs added to the queue: 0 out of 50
  Number of Mobile Apex push calls: 0 out of 10

03:07:17.10 (10543423)|CUMULATIVE_LIMIT_USAGE_END

03:07:17.0 (10586961)|CODE_UNIT_FINISHED|PatientWrapperController.getPatientsById
03:07:17.0 (12432661)|CODE_UNIT_STARTED|[EXTERNAL]|Aura
03:07:17.0 (12484019)|CODE_UNIT_FINISHED|Aura
