36.0 APEX_CODE,FINEST;APEX_PROFILING,INFO;CALLOUT,INFO;DB,INFO;SYSTEM,DEBUG;VALIDATION,INFO;VISUALFORCE,INFO;WORKFLOW,INFO
04:41:18.0 (690258)|EXECUTION_STARTED
04:41:18.0 (728296)|CODE_UNIT_STARTED|[EXTERNAL]|aura
04:41:18.0 (1346629)|HEAP_ALLOCATE|[72]|Bytes:3
04:41:18.0 (1415754)|HEAP_ALLOCATE|[77]|Bytes:152
04:41:18.0 (1439085)|HEAP_ALLOCATE|[342]|Bytes:408
04:41:18.0 (1463389)|HEAP_ALLOCATE|[355]|Bytes:408
04:41:18.0 (1489078)|HEAP_ALLOCATE|[467]|Bytes:48
04:41:18.0 (1526744)|HEAP_ALLOCATE|[139]|Bytes:6
04:41:18.0 (1561679)|HEAP_ALLOCATE|[EXTERNAL]|Bytes:6
04:41:18.0 (1580672)|HEAP_ALLOCATE|[EXTERNAL]|Bytes:6
04:41:18.0 (3028824)|CODE_UNIT_STARTED|[EXTERNAL]|01p280000085nGQ|PatientWrapperController.getPatientsById
04:41:18.0 (3911103)|HEAP_ALLOCATE|[EXTERNAL]|Bytes:7
04:41:18.0 (3919254)|HEAP_ALLOCATE|[EXTERNAL]|Bytes:14
04:41:18.0 (3934323)|METHOD_ENTRY|[1]|01p280000085nGQ|PatientWrapperController.PatientWrapperController()
04:41:18.0 (3937705)|STATEMENT_EXECUTE|[1]
04:41:18.0 (3944142)|STATEMENT_EXECUTE|[1]
04:41:18.0 (3950226)|METHOD_EXIT|[1]|PatientWrapperController
04:41:18.0 (3954346)|HEAP_ALLOCATE|[EXTERNAL]|Bytes:6
04:41:18.0 (3966407)|SYSTEM_MODE_ENTER|false
04:41:18.0 (3975805)|VARIABLE_SCOPE_BEGIN|[36]|patientId|String|false|false
04:41:18.0 (4001567)|VARIABLE_ASSIGNMENT|[36]|patientId|"P00003"
04:41:18.0 (4015161)|STATEMENT_EXECUTE|[36]
04:41:18.0 (4016782)|STATEMENT_EXECUTE|[38]
04:41:18.0 (4020913)|HEAP_ALLOCATE|[38]|Bytes:185
04:41:18.0 (4028502)|VARIABLE_SCOPE_BEGIN|[38]|query|String|false|false
04:41:18.0 (4038397)|VARIABLE_ASSIGNMENT|[38]|query|"SELECT Patient_Id__c (165 more) ..."
04:41:18.0 (4040462)|STATEMENT_EXECUTE|[39]
04:41:18.0 (4079732)|HEAP_ALLOCATE|[50]|Bytes:5
04:41:18.0 (4107951)|HEAP_ALLOCATE|[56]|Bytes:5
04:41:18.0 (4116715)|HEAP_ALLOCATE|[64]|Bytes:7
04:41:18.0 (5744019)|SOQL_EXECUTE_BEGIN|[39]|Aggregations:0|SELECT Patient_Id__c, Full_Name__c, Gender__c, Steps_Completed__c, Goal__c, Height__c, Heart_Rate__c, Weight__c FROM Patient__c where Patient_Id__c = :patientId ORDER BY createdDate ASC
04:41:18.0 (10217633)|SOQL_EXECUTE_END|[39]|Rows:1
04:41:18.0 (10252955)|HEAP_ALLOCATE|[39]|Bytes:8
04:41:18.0 (10276375)|HEAP_ALLOCATE|[39]|Bytes:353
04:41:18.0 (10434496)|HEAP_ALLOCATE|[39]|Bytes:8
04:41:18.0 (10469963)|VARIABLE_SCOPE_BEGIN|[39]|patientList|List<Patient__c>|true|false
04:41:18.0 (10529269)|VARIABLE_ASSIGNMENT|[39]|patientList|{"s":1,"v":[{"s":2,"v":{"Patient_Id__c":"P00003","Full_Name__c":"Bhagyashri","Gender__c":"Female","Steps_Completed__c":1000,"Goal__c":5000,"Height__c":5.30,"Heart_Rate__c":68,"Weight__c":52.00,"Id":"a012800000SBlH6AAL"}}]}|0x4009eb62
04:41:18.0 (10542549)|STATEMENT_EXECUTE|[40]
04:41:18.0 (10549684)|VARIABLE_SCOPE_BEGIN|[40]|wrapperObj|PatientWrapper|true|false
04:41:18.0 (10559028)|VARIABLE_ASSIGNMENT|[40]|wrapperObj|null|
04:41:18.0 (10562554)|STATEMENT_EXECUTE|[41]
04:41:18.0 (10569510)|HEAP_ALLOCATE|[41]|Bytes:15
04:41:18.0 (10745532)|HEAP_ALLOCATE|[41]|Bytes:191
04:41:18.0 (10778081)|HEAP_ALLOCATE|[41]|Bytes:206
04:41:18.0 (10811178)|USER_DEBUG|[41]|DEBUG|patientList => (Patient__c:{Patient_Id__c=P00003, Full_Name__c=Bhagyashri, Gender__c=Female, Steps_Completed__c=1000, Goal__c=5000, Height__c=5.30, Heart_Rate__c=68, Weight__c=52.00, Id=a012800000SBlH6AAL})
04:41:18.0 (11074525)|HEAP_ALLOCATE|[42]|Bytes:5
04:41:18.0 (11134531)|HEAP_ALLOCATE|[42]|Bytes:40
04:41:18.0 (11150266)|VARIABLE_SCOPE_BEGIN|[42]|patient|Patient__c|true|false
04:41:18.0 (11178649)|VARIABLE_ASSIGNMENT|[42]|patient|{"s":1,"v":{"Patient_Id__c":"P00003","Full_Name__c":"Bhagyashri","Gender__c":"Female","Steps_Completed__c":1000,"Goal__c":5000,"Height__c":5.30,"Heart_Rate__c":68,"Weight__c":52.00,"Id":"a012800000SBlH6AAL"}}|0x2f64b34e
04:41:18.0 (11185059)|STATEMENT_EXECUTE|[42]
04:41:18.0 (11187470)|STATEMENT_EXECUTE|[43]
04:41:18.0 (11235905)|METHOD_ENTRY|[1]|01p280000085nGG|PatientWrapper.PatientWrapper()
04:41:18.0 (11242416)|STATEMENT_EXECUTE|[1]
04:41:18.0 (11250111)|STATEMENT_EXECUTE|[1]
04:41:18.0 (11259998)|METHOD_EXIT|[1]|PatientWrapper
04:41:18.0 (11290542)|HEAP_ALLOCATE|[43]|Bytes:36
04:41:18.0 (11308465)|CONSTRUCTOR_ENTRY|[43]|01p280000085nGG|<init>()
04:41:18.0 (11359875)|VARIABLE_SCOPE_BEGIN|[1]|this|PatientWrapper|true|false
04:41:18.0 (11490376)|VARIABLE_ASSIGNMENT|[1]|this|{}|0x324aabd4
04:41:18.0 (11505803)|HEAP_ALLOCATE|[EXTERNAL]|Bytes:6
04:41:18.0 (11543664)|STATEMENT_EXECUTE|[1]
04:41:18.0 (11547182)|STATEMENT_EXECUTE|[3]
04:41:18.0 (11549368)|STATEMENT_EXECUTE|[6]
04:41:18.0 (11551067)|STATEMENT_EXECUTE|[9]
04:41:18.0 (11552957)|STATEMENT_EXECUTE|[12]
04:41:18.0 (11554580)|STATEMENT_EXECUTE|[15]
04:41:18.0 (11556608)|STATEMENT_EXECUTE|[18]
04:41:18.0 (11558367)|STATEMENT_EXECUTE|[21]
04:41:18.0 (11560149)|STATEMENT_EXECUTE|[24]
04:41:18.0 (11566582)|CONSTRUCTOR_EXIT|[43]|01p280000085nGG|<init>()
04:41:18.0 (11592367)|VARIABLE_ASSIGNMENT|[43]|wrapperObj|{}|0x324aabd4
04:41:18.0 (11597244)|STATEMENT_EXECUTE|[45]
04:41:18.0 (11645081)|HEAP_ALLOCATE|[45]|Bytes:18
04:41:18.0 (11669723)|VARIABLE_ASSIGNMENT|[45]|this.id|"a012800000SBlH6AAL"|0x324aabd4
04:41:18.0 (11674086)|STATEMENT_EXECUTE|[46]
04:41:18.0 (11713026)|VARIABLE_ASSIGNMENT|[46]|this.name|"Bhagyashri"|0x324aabd4
04:41:18.0 (11717923)|STATEMENT_EXECUTE|[47]
04:41:18.0 (11778987)|HEAP_ALLOCATE|[47]|Bytes:12
04:41:18.0 (11797931)|VARIABLE_ASSIGNMENT|[47]|this.steps|1000.0|0x324aabd4
04:41:18.0 (11801645)|STATEMENT_EXECUTE|[48]
04:41:18.0 (11834849)|HEAP_ALLOCATE|[48]|Bytes:12
04:41:18.0 (11850231)|VARIABLE_ASSIGNMENT|[48]|this.goal|5000.0|0x324aabd4
04:41:18.0 (11853834)|STATEMENT_EXECUTE|[49]
04:41:18.0 (11884970)|HEAP_ALLOCATE|[49]|Bytes:12
04:41:18.0 (11898965)|VARIABLE_ASSIGNMENT|[49]|this.heartRate|68.0|0x324aabd4
04:41:18.0 (11902488)|STATEMENT_EXECUTE|[50]
04:41:18.0 (11932417)|HEAP_ALLOCATE|[50]|Bytes:12
04:41:18.0 (11948353)|VARIABLE_ASSIGNMENT|[50]|this.height|5.3|0x324aabd4
04:41:18.0 (11951794)|STATEMENT_EXECUTE|[51]
04:41:18.0 (11981123)|HEAP_ALLOCATE|[51]|Bytes:12
04:41:18.0 (11997237)|VARIABLE_ASSIGNMENT|[51]|this.weight|52.0|0x324aabd4
04:41:18.0 (12001042)|STATEMENT_EXECUTE|[52]
04:41:18.0 (12037664)|VARIABLE_ASSIGNMENT|[52]|this.patient_Id|"P00003"|0x324aabd4
04:41:18.0 (12057982)|HEAP_ALLOCATE|[42]|Bytes:5
04:41:18.0 (12077400)|VARIABLE_ASSIGNMENT|[42]|patient|null|
04:41:18.0 (12083004)|STATEMENT_EXECUTE|[56]
04:41:18.0 (12088236)|HEAP_ALLOCATE|[56]|Bytes:14
04:41:18.0 (12175159)|HEAP_ALLOCATE|[56]|Bytes:142
04:41:18.0 (12199593)|HEAP_ALLOCATE|[56]|Bytes:156
04:41:18.0 (12215884)|USER_DEBUG|[56]|DEBUG|wrapperObj => PatientWrapper:[goal=5000.0, heartRate=68.0, height=5.3, id=a012800000SBlH6AAL, name=Bhagyashri, patient_Id=P00003, steps=1000.0, weight=52.0]
04:41:18.0 (12231530)|STATEMENT_EXECUTE|[57]
04:41:18.0 (12247899)|SYSTEM_MODE_EXIT|false
04:41:18.12 (12301530)|CUMULATIVE_LIMIT_USAGE
04:41:18.12 (12301530)|LIMIT_USAGE_FOR_NS|(default)|
  Number of SOQL queries: 1 out of 100
  Number of query rows: 1 out of 50000
  Number of SOSL queries: 0 out of 20
  Number of DML statements: 0 out of 150
  Number of DML rows: 0 out of 10000
  Maximum CPU time: 0 out of 10000
  Maximum heap size: 0 out of 6000000
  Number of callouts: 0 out of 100
  Number of Email Invocations: 0 out of 10
  Number of future calls: 0 out of 50
  Number of queueable jobs added to the queue: 0 out of 50
  Number of Mobile Apex push calls: 0 out of 10

04:41:18.12 (12301530)|CUMULATIVE_LIMIT_USAGE_END

04:41:18.0 (12349311)|CODE_UNIT_FINISHED|PatientWrapperController.getPatientsById
04:41:18.0 (14759210)|CODE_UNIT_STARTED|[EXTERNAL]|Aura
04:41:18.0 (14858468)|CODE_UNIT_FINISHED|Aura
