36.0 APEX_CODE,FINEST;APEX_PROFILING,INFO;CALLOUT,INFO;DB,INFO;SYSTEM,DEBUG;VALIDATION,INFO;VISUALFORCE,INFO;WORKFLOW,INFO
06:09:20.0 (494556)|EXECUTION_STARTED
06:09:20.0 (526126)|CODE_UNIT_STARTED|[EXTERNAL]|aura
06:09:20.0 (1134447)|HEAP_ALLOCATE|[72]|Bytes:3
06:09:20.0 (1182437)|HEAP_ALLOCATE|[77]|Bytes:152
06:09:20.0 (1201946)|HEAP_ALLOCATE|[342]|Bytes:408
06:09:20.0 (1225798)|HEAP_ALLOCATE|[355]|Bytes:408
06:09:20.0 (1245903)|HEAP_ALLOCATE|[467]|Bytes:48
06:09:20.0 (1287749)|HEAP_ALLOCATE|[139]|Bytes:6
06:09:20.0 (2746730)|CODE_UNIT_STARTED|[EXTERNAL]|01p28000007YwEa|LightningSelfRegisterController.getExtraFields
06:09:20.0 (3582191)|HEAP_ALLOCATE|[EXTERNAL]|Bytes:15
06:09:20.0 (3604894)|METHOD_ENTRY|[1]|01p28000007YwEa|LightningSelfRegisterController.LightningSelfRegisterController()
06:09:20.0 (3610716)|STATEMENT_EXECUTE|[1]
06:09:20.0 (3617101)|STATEMENT_EXECUTE|[1]
06:09:20.0 (3624434)|METHOD_EXIT|[1]|LightningSelfRegisterController
06:09:20.0 (3640853)|SYSTEM_MODE_ENTER|false
06:09:20.0 (3652674)|VARIABLE_SCOPE_BEGIN|[93]|extraFieldsFieldSet|String|false|false
06:09:20.0 (3683260)|VARIABLE_ASSIGNMENT|[93]|extraFieldsFieldSet|""
06:09:20.0 (3696485)|STATEMENT_EXECUTE|[93]
06:09:20.0 (3698422)|STATEMENT_EXECUTE|[94]
06:09:20.0 (3710596)|HEAP_ALLOCATE|[94]|Bytes:4
06:09:20.0 (3755363)|VARIABLE_SCOPE_BEGIN|[94]|extraFields|List<Map<String,ANY>>|true|false
06:09:20.0 (3803480)|HEAP_ALLOCATE|[EXTERNAL]|Bytes:4
06:09:20.0 (3822523)|VARIABLE_ASSIGNMENT|[94]|extraFields|{"s":1,"v":[]}|0x68cbc5db
06:09:20.0 (3825840)|STATEMENT_EXECUTE|[95]
06:09:20.0 (3830167)|HEAP_ALLOCATE|[95]|Bytes:4
06:09:20.0 (3864561)|HEAP_ALLOCATE|[50]|Bytes:5
06:09:20.0 (3894272)|HEAP_ALLOCATE|[56]|Bytes:5
06:09:20.0 (3911393)|HEAP_ALLOCATE|[64]|Bytes:7
06:09:20.0 (4230431)|HEAP_ALLOCATE|[95]|Bytes:4
06:09:20.0 (5991938)|HEAP_ALLOCATE|[95]|Bytes:4
06:09:20.0 (6077805)|VARIABLE_SCOPE_BEGIN|[95]|fieldSet|Schema.FieldSet|true|false
06:09:20.0 (6088565)|VARIABLE_ASSIGNMENT|[95]|fieldSet|null|
06:09:20.0 (6094084)|STATEMENT_EXECUTE|[96]
06:09:20.0 (6096888)|STATEMENT_EXECUTE|[108]
06:09:20.0 (6105978)|SYSTEM_MODE_EXIT|false
06:09:20.6 (6154339)|CUMULATIVE_LIMIT_USAGE
06:09:20.6 (6154339)|LIMIT_USAGE_FOR_NS|(default)|
  Number of SOQL queries: 0 out of 100
  Number of query rows: 0 out of 50000
  Number of SOSL queries: 0 out of 20
  Number of DML statements: 0 out of 150
  Number of DML rows: 0 out of 10000
  Maximum CPU time: 0 out of 10000
  Maximum heap size: 0 out of 6000000
  Number of callouts: 0 out of 100
  Number of Email Invocations: 0 out of 10
  Number of future calls: 0 out of 50
  Number of queueable jobs added to the queue: 0 out of 50
  Number of Mobile Apex push calls: 0 out of 10

06:09:20.6 (6154339)|CUMULATIVE_LIMIT_USAGE_END

06:09:20.0 (6202466)|CODE_UNIT_FINISHED|LightningSelfRegisterController.getExtraFields
06:09:20.0 (8197390)|CODE_UNIT_STARTED|[EXTERNAL]|01p28000007YwEa|LightningSelfRegisterController.getExtraFields
06:09:20.0 (8243714)|SYSTEM_MODE_ENTER|false
06:09:20.0 (8249406)|VARIABLE_SCOPE_BEGIN|[93]|extraFieldsFieldSet|String|false|false
06:09:20.0 (8256399)|VARIABLE_ASSIGNMENT|[93]|extraFieldsFieldSet|""
06:09:20.0 (8262590)|STATEMENT_EXECUTE|[93]
06:09:20.0 (8264135)|STATEMENT_EXECUTE|[94]
06:09:20.0 (8268529)|HEAP_ALLOCATE|[94]|Bytes:4
06:09:20.0 (8286081)|VARIABLE_SCOPE_BEGIN|[94]|extraFields|List<Map<String,ANY>>|true|false
06:09:20.0 (8303290)|HEAP_ALLOCATE|[EXTERNAL]|Bytes:4
06:09:20.0 (8314537)|VARIABLE_ASSIGNMENT|[94]|extraFields|{"s":1,"v":[]}|0xcc4009a
06:09:20.0 (8321685)|STATEMENT_EXECUTE|[95]
06:09:20.0 (8362655)|HEAP_ALLOCATE|[95]|Bytes:4
06:09:20.0 (9660451)|HEAP_ALLOCATE|[95]|Bytes:4
06:09:20.0 (9683086)|VARIABLE_SCOPE_BEGIN|[95]|fieldSet|Schema.FieldSet|true|false
06:09:20.0 (9695160)|VARIABLE_ASSIGNMENT|[95]|fieldSet|null|
06:09:20.0 (9698493)|STATEMENT_EXECUTE|[96]
06:09:20.0 (9700079)|STATEMENT_EXECUTE|[108]
06:09:20.0 (9706544)|SYSTEM_MODE_EXIT|false
06:09:20.9 (9728810)|CUMULATIVE_LIMIT_USAGE
06:09:20.9 (9728810)|LIMIT_USAGE_FOR_NS|(default)|
  Number of SOQL queries: 0 out of 100
  Number of query rows: 0 out of 50000
  Number of SOSL queries: 0 out of 20
  Number of DML statements: 0 out of 150
  Number of DML rows: 0 out of 10000
  Maximum CPU time: 0 out of 10000
  Maximum heap size: 0 out of 6000000
  Number of callouts: 0 out of 100
  Number of Email Invocations: 0 out of 10
  Number of future calls: 0 out of 50
  Number of queueable jobs added to the queue: 0 out of 50
  Number of Mobile Apex push calls: 0 out of 10

06:09:20.9 (9728810)|CUMULATIVE_LIMIT_USAGE_END

06:09:20.0 (9757182)|CODE_UNIT_FINISHED|LightningSelfRegisterController.getExtraFields
