36.0 APEX_CODE,FINEST;APEX_PROFILING,INFO;CALLOUT,INFO;DB,INFO;SYSTEM,DEBUG;VALIDATION,INFO;VISUALFORCE,INFO;WORKFLOW,INFO
04:40:33.0 (714152)|EXECUTION_STARTED
04:40:33.0 (745239)|CODE_UNIT_STARTED|[EXTERNAL]|01p280000085nGQ|PatientWrapperController.sysncFitBitData
04:40:33.0 (1842884)|HEAP_ALLOCATE|[72]|Bytes:3
04:40:33.0 (1881192)|HEAP_ALLOCATE|[77]|Bytes:152
04:40:33.0 (1895957)|HEAP_ALLOCATE|[342]|Bytes:408
04:40:33.0 (1912105)|HEAP_ALLOCATE|[355]|Bytes:408
04:40:33.0 (1926416)|HEAP_ALLOCATE|[467]|Bytes:48
04:40:33.0 (1954272)|HEAP_ALLOCATE|[139]|Bytes:6
04:40:33.0 (1970020)|HEAP_ALLOCATE|[EXTERNAL]|Bytes:7
04:40:33.0 (1973727)|HEAP_ALLOCATE|[EXTERNAL]|Bytes:14
04:40:33.0 (1989181)|METHOD_ENTRY|[1]|01p280000085nGQ|PatientWrapperController.PatientWrapperController()
04:40:33.0 (1993968)|STATEMENT_EXECUTE|[1]
04:40:33.0 (1998999)|STATEMENT_EXECUTE|[1]
04:40:33.0 (2004476)|METHOD_EXIT|[1]|PatientWrapperController
04:40:33.0 (2016104)|SYSTEM_MODE_ENTER|false
04:40:33.0 (2028725)|STATEMENT_EXECUTE|[72]
04:40:33.0 (2030452)|STATEMENT_EXECUTE|[74]
04:40:33.0 (2033343)|HEAP_ALLOCATE|[74]|Bytes:157
04:40:33.0 (2041733)|VARIABLE_SCOPE_BEGIN|[74]|query|String|false|false
04:40:33.0 (2076349)|VARIABLE_ASSIGNMENT|[74]|query|"SELECT Patient_Id__c (137 more) ..."
04:40:33.0 (2079787)|STATEMENT_EXECUTE|[76]
04:40:33.0 (2117863)|HEAP_ALLOCATE|[50]|Bytes:5
04:40:33.0 (2140695)|HEAP_ALLOCATE|[56]|Bytes:5
04:40:33.0 (2149391)|HEAP_ALLOCATE|[64]|Bytes:7
04:40:33.0 (3498770)|SOQL_EXECUTE_BEGIN|[76]|Aggregations:0|SELECT Patient_Id__c, Full_Name__c, Gender__c, Steps_Completed__c, Goal__c, Height__c FROM Patient__c where Patient_Id__c = '4LR2VZ' ORDER BY createdDate ASC
04:40:33.0 (7462438)|SOQL_EXECUTE_END|[76]|Rows:1
04:40:33.0 (7480824)|HEAP_ALLOCATE|[76]|Bytes:8
04:40:33.0 (7499154)|HEAP_ALLOCATE|[76]|Bytes:250
04:40:33.0 (7559563)|HEAP_ALLOCATE|[76]|Bytes:8
04:40:33.0 (7585333)|VARIABLE_SCOPE_BEGIN|[76]|patientList|List<Patient__c>|true|false
04:40:33.0 (7634542)|VARIABLE_ASSIGNMENT|[76]|patientList|{"s":1,"v":[{"s":2,"v":{"Patient_Id__c":"4LR2VZ","Full_Name__c":"Purushottam","Gender__c":"Male","Steps_Completed__c":1000,"Goal__c":5000,"Height__c":5.00,"Id":"a012800000SBjJTAA1"}}]}|0x30baed17
04:40:33.0 (7640718)|STATEMENT_EXECUTE|[77]
04:40:33.0 (7692495)|HEAP_ALLOCATE|[77]|Bytes:4
04:40:33.0 (7733398)|HEAP_ALLOCATE|[77]|Bytes:10
04:40:33.0 (7743924)|VARIABLE_SCOPE_BEGIN|[77]|todaysDate|String|false|false
04:40:33.0 (7752185)|VARIABLE_ASSIGNMENT|[77]|todaysDate|"2016-05-23"
04:40:33.0 (7755170)|STATEMENT_EXECUTE|[78]
04:40:33.0 (7758532)|HEAP_ALLOCATE|[78]|Bytes:9
04:40:33.0 (7805940)|HEAP_ALLOCATE|[78]|Bytes:10
04:40:33.0 (7821285)|VARIABLE_ASSIGNMENT|[78]|todaysDate|"2016-05-23"
04:40:33.0 (7824178)|STATEMENT_EXECUTE|[79]
04:40:33.0 (7830727)|HEAP_ALLOCATE|[79]|Bytes:4
04:40:33.0 (7915330)|VARIABLE_SCOPE_BEGIN|[79]|patientListToUpdate|List<Patient__c>|true|false
04:40:33.0 (7925886)|HEAP_ALLOCATE|[EXTERNAL]|Bytes:4
04:40:33.0 (7939847)|VARIABLE_ASSIGNMENT|[79]|patientListToUpdate|{"s":1,"v":[]}|0xce15637
04:40:33.0 (8149174)|HEAP_ALLOCATE|[80]|Bytes:5
04:40:33.0 (8194273)|HEAP_ALLOCATE|[80]|Bytes:32
04:40:33.0 (8204381)|VARIABLE_SCOPE_BEGIN|[80]|patient|Patient__c|true|false
04:40:33.0 (8223504)|VARIABLE_ASSIGNMENT|[80]|patient|{"s":1,"v":{"Patient_Id__c":"4LR2VZ","Full_Name__c":"Purushottam","Gender__c":"Male","Steps_Completed__c":1000,"Goal__c":5000,"Height__c":5.00,"Id":"a012800000SBjJTAA1"}}|0x3253bc0
04:40:33.0 (8227275)|STATEMENT_EXECUTE|[80]
04:40:33.0 (8228666)|STATEMENT_EXECUTE|[81]
04:40:33.0 (8233592)|VARIABLE_SCOPE_BEGIN|[81]|stepsCompleted|Integer|false|false
04:40:33.0 (8237371)|HEAP_ALLOCATE|[81]|Bytes:4
04:40:33.0 (8242262)|VARIABLE_ASSIGNMENT|[81]|stepsCompleted|0
04:40:33.0 (8244192)|STATEMENT_EXECUTE|[82]
04:40:33.0 (11102272)|VARIABLE_SCOPE_BEGIN|[6]|FitForceUtility.ACTIVITY_API|String|false|true
04:40:33.0 (11111448)|VARIABLE_SCOPE_BEGIN|[3]|FitForceUtility.GET|String|false|true
04:40:33.0 (11115531)|VARIABLE_SCOPE_BEGIN|[4]|FitForceUtility.POST|String|false|true
04:40:33.0 (11119058)|VARIABLE_SCOPE_BEGIN|[5]|FitForceUtility.PROFILE_API|String|false|true
04:40:33.0 (11130641)|HEAP_ALLOCATE|[82]|Bytes:2
04:40:33.0 (11138399)|HEAP_ALLOCATE|[82]|Bytes:2
04:40:33.0 (11166077)|METHOD_ENTRY|[1]|01p280000085crs|FitForceUtility.FitForceUtility()
04:40:33.0 (11170389)|STATEMENT_EXECUTE|[1]
04:40:33.0 (11175390)|STATEMENT_EXECUTE|[1]
04:40:33.0 (11185573)|HEAP_ALLOCATE|[3]|Bytes:5
04:40:33.0 (11189235)|STATEMENT_EXECUTE|[3]
04:40:33.0 (11191961)|HEAP_ALLOCATE|[3]|Bytes:3
04:40:33.0 (11208495)|VARIABLE_ASSIGNMENT|[3]|FitForceUtility.GET|"GET"
04:40:33.0 (11211031)|STATEMENT_EXECUTE|[4]
04:40:33.0 (11213000)|HEAP_ALLOCATE|[4]|Bytes:4
04:40:33.0 (11219890)|VARIABLE_ASSIGNMENT|[4]|FitForceUtility.POST|"POST"
04:40:33.0 (11221960)|STATEMENT_EXECUTE|[5]
04:40:33.0 (11227463)|VARIABLE_ASSIGNMENT|[5]|FitForceUtility.PROFILE_API|""
04:40:33.0 (11230012)|STATEMENT_EXECUTE|[6]
04:40:33.0 (11234817)|VARIABLE_ASSIGNMENT|[6]|FitForceUtility.ACTIVITY_API|""
04:40:33.0 (11236818)|STATEMENT_EXECUTE|[7]
04:40:33.0 (11237932)|STATEMENT_EXECUTE|[8]
04:40:33.0 (11240411)|HEAP_ALLOCATE|[8]|Bytes:17
04:40:33.0 (11245082)|VARIABLE_SCOPE_BEGIN|[8]|BASE_URL|String|false|false
04:40:33.0 (11251657)|VARIABLE_ASSIGNMENT|[8]|BASE_URL|"callout:FitForce/"
04:40:33.0 (11253755)|STATEMENT_EXECUTE|[9]
04:40:33.0 (11255943)|HEAP_ALLOCATE|[9]|Bytes:21
04:40:33.0 (11267918)|HEAP_ALLOCATE|[9]|Bytes:38
04:40:33.0 (11278996)|VARIABLE_ASSIGNMENT|[9]|FitForceUtility.PROFILE_API|"callout:FitForce/1/u (18 more) ..."
04:40:33.0 (11281726)|STATEMENT_EXECUTE|[10]
04:40:33.0 (11284326)|HEAP_ALLOCATE|[10]|Bytes:35
04:40:33.0 (11289372)|HEAP_ALLOCATE|[10]|Bytes:52
04:40:33.0 (11298057)|VARIABLE_ASSIGNMENT|[10]|FitForceUtility.ACTIVITY_API|"callout:FitForce/1/u (32 more) ..."
04:40:33.0 (11311854)|METHOD_EXIT|[1]|FitForceUtility
04:40:33.0 (11317769)|HEAP_ALLOCATE|[82]|Bytes:5
04:40:33.0 (11366920)|HEAP_ALLOCATE|[82]|Bytes:57
04:40:33.0 (11381215)|VARIABLE_SCOPE_BEGIN|[82]|url|String|false|false
04:40:33.0 (11389900)|VARIABLE_ASSIGNMENT|[82]|url|"callout:FitForce/1/u (37 more) ..."
04:40:33.0 (11392813)|STATEMENT_EXECUTE|[83]
04:40:33.0 (11426862)|METHOD_ENTRY|[83]|01p280000085crs|FitForceUtility.doHTTPCallout(String, String)
04:40:33.0 (11449411)|VARIABLE_SCOPE_BEGIN|[13]|methodType|String|false|false
04:40:33.0 (11455856)|VARIABLE_ASSIGNMENT|[13]|methodType|"GET"
04:40:33.0 (11458703)|VARIABLE_SCOPE_BEGIN|[13]|url|String|false|false
04:40:33.0 (11463125)|VARIABLE_ASSIGNMENT|[13]|url|"callout:FitForce/1/u (37 more) ..."
04:40:33.0 (11471217)|HEAP_ALLOCATE|[14]|Bytes:5
04:40:33.0 (11474548)|STATEMENT_EXECUTE|[13]
04:40:33.0 (11475902)|STATEMENT_EXECUTE|[14]
04:40:33.0 (11478936)|VARIABLE_SCOPE_BEGIN|[14]|response|String|false|false
04:40:33.0 (11483459)|VARIABLE_ASSIGNMENT|[14]|response|""
04:40:33.0 (11543810)|STATEMENT_EXECUTE|[15]
04:40:33.0 (11546203)|STATEMENT_EXECUTE|[18]
04:40:33.0 (11576931)|VARIABLE_SCOPE_BEGIN|[18]|httpRequest|System.HttpRequest|true|false
04:40:33.0 (11725896)|VARIABLE_ASSIGNMENT|[18]|httpRequest|"System.HttpRequest[Endpoint=null, Method=null]"|0x73d32e6
04:40:33.0 (11731314)|STATEMENT_EXECUTE|[19]
04:40:33.0 (11748984)|VARIABLE_SCOPE_BEGIN|[19]|http|System.Http|true|false
04:40:33.0 (11808182)|VARIABLE_ASSIGNMENT|[19]|http|"System.Http[]"|0x42bed1e1
04:40:33.0 (11812860)|STATEMENT_EXECUTE|[20]
04:40:33.0 (11888044)|STATEMENT_EXECUTE|[21]
04:40:33.0 (11934825)|STATEMENT_EXECUTE|[22]
04:40:33.0 (12027912)|CALLOUT_REQUEST|[22]|System.HttpRequest[Endpoint=callout:FitForce/1/user/-/activities/date/2016-05-23.json, Method=GET]
04:40:33.0 (655748959)|HEAP_ALLOCATE|[EXTERNAL]|Bytes:971
04:40:33.0 (655839310)|CALLOUT_RESPONSE|[22]|System.HttpResponse[Status=OK, StatusCode=200]
04:40:33.0 (655857209)|HEAP_ALLOCATE|[22]|Bytes:614
04:40:33.0 (655888867)|VARIABLE_SCOPE_BEGIN|[22]|httpResponse|System.HttpResponse|true|false
04:40:33.0 (655991610)|VARIABLE_ASSIGNMENT|[22]|httpResponse|"System.HttpResponse[Status=OK, StatusCode=200]"|0x861c6b7
04:40:33.0 (655998900)|STATEMENT_EXECUTE|[23]
04:40:33.0 (656105088)|HEAP_ALLOCATE|[23]|Bytes:608
04:40:33.0 (656127025)|VARIABLE_ASSIGNMENT|[23]|response|"{\"activities\":[],\"go (588 more) ..."
04:40:33.0 (656130716)|STATEMENT_EXECUTE|[24]
04:40:33.0 (656134706)|HEAP_ALLOCATE|[24]|Bytes:17
04:40:33.0 (656148742)|HEAP_ALLOCATE|[24]|Bytes:625
04:40:33.0 (656191900)|USER_DEBUG|[24]|DEBUG|Server Response :{"activities":[],"goals":{"activeMinutes":30,"caloriesOut":2655,"distance":8.05,"steps":10000},"summary":{"activeScore":-1,"activityCalories":0,"caloriesBMR":1083,"caloriesOut":1083,"distances":[{"activity":"total","distance":0},{"activity":"tracker","distance":0},{"activity":"loggedActivities","distance":0},{"activity":"veryActive","distance":0},{"activity":"moderatelyActive","distance":0},{"activity":"lightlyActive","distance":0},{"activity":"sedentaryActive","distance":0}],"fairlyActiveMinutes":0,"lightlyActiveMinutes":0,"marginalCalories":0,"sedentaryMinutes":1030,"steps":0,"veryActiveMinutes":0}}
04:40:33.0 (656204165)|STATEMENT_EXECUTE|[25]
04:40:33.0 (656220537)|METHOD_EXIT|[83]|01p280000085crs|FitForceUtility.doHTTPCallout(String, String)
04:40:33.0 (656225894)|VARIABLE_SCOPE_BEGIN|[83]|activityJson|String|false|false
04:40:33.0 (656235330)|VARIABLE_ASSIGNMENT|[83]|activityJson|"{\"activities\":[],\"go (588 more) ..."
04:40:33.0 (656237930)|STATEMENT_EXECUTE|[84]
04:40:33.0 (656241853)|HEAP_ALLOCATE|[84]|Bytes:15
04:40:33.0 (656322463)|HEAP_ALLOCATE|[84]|Bytes:24
04:40:33.0 (656344141)|SYSTEM_METHOD_ENTRY|[1]|Type.Type()
04:40:33.0 (656347316)|STATEMENT_EXECUTE|[1]
04:40:33.0 (656358792)|SYSTEM_METHOD_EXIT|[1]|Type
04:40:33.0 (656373781)|METHOD_ENTRY|[84]||System.Type.forName(String)
04:40:33.0 (659162002)|METHOD_EXIT|[84]||System.Type.forName(String)
04:40:33.0 (659208926)|HEAP_ALLOCATE|[84]|Bytes:18
04:40:33.0 (659224407)|SYSTEM_METHOD_ENTRY|[1]|JSON.JSON()
04:40:33.0 (659227787)|STATEMENT_EXECUTE|[1]
04:40:33.0 (659237042)|SYSTEM_METHOD_EXIT|[1]|JSON
04:40:33.0 (659250187)|METHOD_ENTRY|[84]||System.JSON.deserialize(String, System.Type)
04:40:33.0 (659424015)|STATEMENT_EXECUTE|[1]
04:40:33.0 (659426813)|STATEMENT_EXECUTE|[4]
04:40:33.0 (659427955)|STATEMENT_EXECUTE|[21]
04:40:33.0 (659429231)|STATEMENT_EXECUTE|[34]
04:40:33.0 (660911626)|METHOD_EXIT|[84]||System.JSON.deserialize(String, System.Type)
04:40:33.0 (660923567)|VARIABLE_SCOPE_BEGIN|[84]|activityWrapper|ActivityWrapper|true|false
04:40:33.0 (660969691)|VARIABLE_ASSIGNMENT|[84]|activityWrapper|{"activities":"0x481423e4","summary":"0x2eacf7e9"}|0x5fd6d2fa
04:40:33.0 (660973944)|STATEMENT_EXECUTE|[85]
04:40:33.0 (660978205)|HEAP_ALLOCATE|[85]|Bytes:17
04:40:33.0 (661126651)|HEAP_ALLOCATE|[85]|Bytes:594
04:40:33.0 (661146552)|HEAP_ALLOCATE|[85]|Bytes:611
04:40:33.0 (661163016)|USER_DEBUG|[85]|DEBUG|activityWrapper :ActivityWrapper:[activities=(), summary=Summary:[activeScore=-1, activityCalories=0, caloriesBMR=1083, caloriesOut=1083, distances=(Distances:[activity=total, distance=0.0], Distances:[activity=tracker, distance=0.0], Distances:[activity=loggedActivities, distance=0.0], Distances:[activity=veryActive, distance=0.0], Distances:[activity=moderatelyActive, distance=0.0], Distances:[activity=lightlyActive, distance=0.0], Distances:[activity=sedentaryActive, distance=0.0]), fairlyActiveMinutes=0, lightlyActiveMinutes=0, marginalCalories=0, sedentaryMinutes=1030, steps=0, veryActiveMinutes=0]]
04:40:33.0 (661286901)|HEAP_ALLOCATE|[86]|Bytes:5
04:40:33.0 (661305585)|VARIABLE_ASSIGNMENT|[86]|act|null|
04:40:33.0 (661309639)|STATEMENT_EXECUTE|[86]
04:40:33.0 (661320151)|HEAP_ALLOCATE|[80]|Bytes:5
04:40:33.0 (661332073)|VARIABLE_ASSIGNMENT|[80]|patient|null|
04:40:33.0 (661334679)|STATEMENT_EXECUTE|[94]
04:40:33.0 (661431225)|HEAP_ALLOCATE|[EXTERNAL]|Bytes:4
04:40:33.0 (661441769)|STATEMENT_EXECUTE|[95]
04:40:33.0 (661446150)|HEAP_ALLOCATE|[95]|Bytes:14
04:40:33.0 (661485923)|HEAP_ALLOCATE|[95]|Bytes:2
04:40:33.0 (661498901)|HEAP_ALLOCATE|[95]|Bytes:16
04:40:33.0 (661508286)|USER_DEBUG|[95]|DEBUG|Updated List :()
04:40:33.0 (661513275)|STATEMENT_EXECUTE|[98]
04:40:33.0 (661518549)|HEAP_ALLOCATE|[98]|Bytes:4
04:40:33.0 (661557307)|VARIABLE_SCOPE_BEGIN|[98]|wcList|List<PatientWrapper>|true|false
04:40:33.0 (661568183)|HEAP_ALLOCATE|[EXTERNAL]|Bytes:4
04:40:33.0 (661582991)|VARIABLE_ASSIGNMENT|[98]|wcList|{"s":1,"v":[]}|0x54d77e0f
04:40:33.0 (661610361)|STATEMENT_EXECUTE|[99]
04:40:33.0 (661612397)|STATEMENT_EXECUTE|[114]
04:40:33.0 (661621723)|SYSTEM_MODE_EXIT|false
04:40:33.664 (664558120)|CUMULATIVE_LIMIT_USAGE
04:40:33.664 (664558120)|LIMIT_USAGE_FOR_NS|(default)|
  Number of SOQL queries: 1 out of 100
  Number of query rows: 1 out of 50000
  Number of SOSL queries: 0 out of 20
  Number of DML statements: 0 out of 150
  Number of DML rows: 0 out of 10000
  Maximum CPU time: 0 out of 10000
  Maximum heap size: 0 out of 6000000
  Number of callouts: 1 out of 100
  Number of Email Invocations: 0 out of 10
  Number of future calls: 0 out of 50
  Number of queueable jobs added to the queue: 0 out of 50
  Number of Mobile Apex push calls: 0 out of 10

04:40:33.664 (664558120)|CUMULATIVE_LIMIT_USAGE_END

04:40:33.0 (664612028)|CODE_UNIT_FINISHED|PatientWrapperController.sysncFitBitData
04:40:33.0 (666026454)|EXECUTION_FINISHED
