36.0 APEX_CODE,FINEST;APEX_PROFILING,INFO;CALLOUT,INFO;DB,INFO;SYSTEM,DEBUG;VALIDATION,INFO;VISUALFORCE,INFO;WORKFLOW,INFO
03:59:42.0 (73739)|EXECUTION_STARTED
03:59:42.0 (103124)|CODE_UNIT_STARTED|[EXTERNAL]|aura
03:59:42.0 (646125)|HEAP_ALLOCATE|[72]|Bytes:3
03:59:42.0 (708029)|HEAP_ALLOCATE|[77]|Bytes:152
03:59:42.0 (734269)|HEAP_ALLOCATE|[342]|Bytes:408
03:59:42.0 (762962)|HEAP_ALLOCATE|[355]|Bytes:408
03:59:42.0 (789382)|HEAP_ALLOCATE|[467]|Bytes:48
03:59:42.0 (827221)|HEAP_ALLOCATE|[139]|Bytes:6
03:59:42.0 (863905)|HEAP_ALLOCATE|[EXTERNAL]|Bytes:6
03:59:42.0 (883579)|HEAP_ALLOCATE|[EXTERNAL]|Bytes:6
03:59:42.0 (2429265)|CODE_UNIT_STARTED|[EXTERNAL]|01p280000085nGQ|PatientWrapperController.getPatientsById
03:59:42.0 (2553131)|HEAP_ALLOCATE|[EXTERNAL]|Bytes:7
03:59:42.0 (2558726)|HEAP_ALLOCATE|[EXTERNAL]|Bytes:14
03:59:42.0 (2569151)|METHOD_ENTRY|[1]|01p280000085nGQ|PatientWrapperController.PatientWrapperController()
03:59:42.0 (2572514)|STATEMENT_EXECUTE|[1]
03:59:42.0 (2578093)|STATEMENT_EXECUTE|[1]
03:59:42.0 (2582881)|METHOD_EXIT|[1]|PatientWrapperController
03:59:42.0 (2586826)|HEAP_ALLOCATE|[EXTERNAL]|Bytes:6
03:59:42.0 (2598114)|SYSTEM_MODE_ENTER|false
03:59:42.0 (2605538)|VARIABLE_SCOPE_BEGIN|[36]|patientId|String|false|false
03:59:42.0 (2634089)|VARIABLE_ASSIGNMENT|[36]|patientId|"P00002"
03:59:42.0 (2645299)|STATEMENT_EXECUTE|[36]
03:59:42.0 (2646880)|STATEMENT_EXECUTE|[38]
03:59:42.0 (2650330)|HEAP_ALLOCATE|[38]|Bytes:185
03:59:42.0 (2657645)|VARIABLE_SCOPE_BEGIN|[38]|query|String|false|false
03:59:42.0 (2666751)|VARIABLE_ASSIGNMENT|[38]|query|"SELECT Patient_Id__c (165 more) ..."
03:59:42.0 (2668718)|STATEMENT_EXECUTE|[39]
03:59:42.0 (2714798)|HEAP_ALLOCATE|[50]|Bytes:5
03:59:42.0 (2739590)|HEAP_ALLOCATE|[56]|Bytes:5
03:59:42.0 (2748300)|HEAP_ALLOCATE|[64]|Bytes:7
03:59:42.0 (4399163)|SOQL_EXECUTE_BEGIN|[39]|Aggregations:0|SELECT Patient_Id__c, Full_Name__c, Gender__c, Steps_Completed__c, Goal__c, Height__c, Heart_Rate__c, Weight__c FROM Patient__c where Patient_Id__c = :patientId ORDER BY createdDate ASC
03:59:42.0 (8161640)|SOQL_EXECUTE_END|[39]|Rows:1
03:59:42.0 (8176937)|HEAP_ALLOCATE|[39]|Bytes:8
03:59:42.0 (8193177)|HEAP_ALLOCATE|[39]|Bytes:350
03:59:42.0 (8275014)|HEAP_ALLOCATE|[39]|Bytes:8
03:59:42.0 (8293699)|VARIABLE_SCOPE_BEGIN|[39]|patientList|List<Patient__c>|true|false
03:59:42.0 (8334061)|VARIABLE_ASSIGNMENT|[39]|patientList|{"s":1,"v":[{"s":2,"v":{"Patient_Id__c":"P00002","Full_Name__c":"Pallavi","Gender__c":"Female","Steps_Completed__c":6000,"Goal__c":6000,"Height__c":4.00,"Heart_Rate__c":72,"Weight__c":68.00,"Id":"a012800000SBjJnAAL"}}]}|0x6b13b7ef
03:59:42.0 (8339689)|STATEMENT_EXECUTE|[40]
03:59:42.0 (8346729)|VARIABLE_SCOPE_BEGIN|[40]|wrapperObj|PatientWrapper|true|false
03:59:42.0 (8352083)|VARIABLE_ASSIGNMENT|[40]|wrapperObj|null|
03:59:42.0 (8353937)|STATEMENT_EXECUTE|[41]
03:59:42.0 (8357683)|HEAP_ALLOCATE|[41]|Bytes:15
03:59:42.0 (8457986)|HEAP_ALLOCATE|[41]|Bytes:188
03:59:42.0 (8480086)|HEAP_ALLOCATE|[41]|Bytes:203
03:59:42.0 (8500796)|USER_DEBUG|[41]|DEBUG|patientList => (Patient__c:{Patient_Id__c=P00002, Full_Name__c=Pallavi, Gender__c=Female, Steps_Completed__c=6000, Goal__c=6000, Height__c=4.00, Heart_Rate__c=72, Weight__c=68.00, Id=a012800000SBjJnAAL})
03:59:42.0 (8670442)|HEAP_ALLOCATE|[42]|Bytes:5
03:59:42.0 (8708349)|HEAP_ALLOCATE|[42]|Bytes:40
03:59:42.0 (8718027)|VARIABLE_SCOPE_BEGIN|[42]|patient|Patient__c|true|false
03:59:42.0 (8737359)|VARIABLE_ASSIGNMENT|[42]|patient|{"s":1,"v":{"Patient_Id__c":"P00002","Full_Name__c":"Pallavi","Gender__c":"Female","Steps_Completed__c":6000,"Goal__c":6000,"Height__c":4.00,"Heart_Rate__c":72,"Weight__c":68.00,"Id":"a012800000SBjJnAAL"}}|0x29d10568
03:59:42.0 (8741509)|STATEMENT_EXECUTE|[42]
03:59:42.0 (8742907)|STATEMENT_EXECUTE|[43]
03:59:42.0 (8752662)|METHOD_ENTRY|[1]|01p280000085nGG|PatientWrapper.PatientWrapper()
03:59:42.0 (8755543)|STATEMENT_EXECUTE|[1]
03:59:42.0 (8758710)|STATEMENT_EXECUTE|[1]
03:59:42.0 (8763389)|METHOD_EXIT|[1]|PatientWrapper
03:59:42.0 (8768981)|HEAP_ALLOCATE|[43]|Bytes:36
03:59:42.0 (8778843)|CONSTRUCTOR_ENTRY|[43]|01p280000085nGG|<init>()
03:59:42.0 (8798177)|VARIABLE_SCOPE_BEGIN|[1]|this|PatientWrapper|true|false
03:59:42.0 (8827759)|VARIABLE_ASSIGNMENT|[1]|this|{}|0x6235f619
03:59:42.0 (8837755)|HEAP_ALLOCATE|[EXTERNAL]|Bytes:6
03:59:42.0 (8858835)|STATEMENT_EXECUTE|[1]
03:59:42.0 (8860671)|STATEMENT_EXECUTE|[3]
03:59:42.0 (8861939)|STATEMENT_EXECUTE|[6]
03:59:42.0 (8862977)|STATEMENT_EXECUTE|[9]
03:59:42.0 (8863956)|STATEMENT_EXECUTE|[12]
03:59:42.0 (8865005)|STATEMENT_EXECUTE|[15]
03:59:42.0 (8866029)|STATEMENT_EXECUTE|[18]
03:59:42.0 (8867229)|STATEMENT_EXECUTE|[21]
03:59:42.0 (8868262)|STATEMENT_EXECUTE|[24]
03:59:42.0 (8872364)|CONSTRUCTOR_EXIT|[43]|01p280000085nGG|<init>()
03:59:42.0 (8899802)|VARIABLE_ASSIGNMENT|[43]|wrapperObj|{}|0x6235f619
03:59:42.0 (8903371)|STATEMENT_EXECUTE|[45]
03:59:42.0 (8935185)|HEAP_ALLOCATE|[45]|Bytes:18
03:59:42.0 (8951127)|VARIABLE_ASSIGNMENT|[45]|this.id|"a012800000SBjJnAAL"|0x6235f619
03:59:42.0 (8954161)|STATEMENT_EXECUTE|[46]
03:59:42.0 (8976781)|VARIABLE_ASSIGNMENT|[46]|this.name|"Pallavi"|0x6235f619
03:59:42.0 (8979786)|STATEMENT_EXECUTE|[47]
03:59:42.0 (9021933)|HEAP_ALLOCATE|[47]|Bytes:12
03:59:42.0 (9035675)|VARIABLE_ASSIGNMENT|[47]|this.steps|6000.0|0x6235f619
03:59:42.0 (9038170)|STATEMENT_EXECUTE|[48]
03:59:42.0 (9058892)|HEAP_ALLOCATE|[48]|Bytes:12
03:59:42.0 (9067590)|VARIABLE_ASSIGNMENT|[48]|this.goal|6000.0|0x6235f619
03:59:42.0 (9069729)|STATEMENT_EXECUTE|[49]
03:59:42.0 (9085457)|HEAP_ALLOCATE|[49]|Bytes:12
03:59:42.0 (9093709)|VARIABLE_ASSIGNMENT|[49]|this.heartRate|72.0|0x6235f619
03:59:42.0 (9095999)|STATEMENT_EXECUTE|[50]
03:59:42.0 (9122716)|HEAP_ALLOCATE|[50]|Bytes:12
03:59:42.0 (9133027)|VARIABLE_ASSIGNMENT|[50]|this.height|4.0|0x6235f619
03:59:42.0 (9135412)|STATEMENT_EXECUTE|[51]
03:59:42.0 (9154334)|HEAP_ALLOCATE|[51]|Bytes:12
03:59:42.0 (9162880)|VARIABLE_ASSIGNMENT|[51]|this.weight|68.0|0x6235f619
03:59:42.0 (9165041)|STATEMENT_EXECUTE|[52]
03:59:42.0 (9184006)|VARIABLE_ASSIGNMENT|[52]|this.patient_Id|"P00002"|0x6235f619
03:59:42.0 (9197142)|HEAP_ALLOCATE|[42]|Bytes:5
03:59:42.0 (9209272)|VARIABLE_ASSIGNMENT|[42]|patient|null|
03:59:42.0 (9212599)|STATEMENT_EXECUTE|[56]
03:59:42.0 (9215383)|HEAP_ALLOCATE|[56]|Bytes:14
03:59:42.0 (9275419)|HEAP_ALLOCATE|[56]|Bytes:139
03:59:42.0 (9291041)|HEAP_ALLOCATE|[56]|Bytes:153
03:59:42.0 (9300643)|USER_DEBUG|[56]|DEBUG|wrapperObj => PatientWrapper:[goal=6000.0, heartRate=72.0, height=4.0, id=a012800000SBjJnAAL, name=Pallavi, patient_Id=P00002, steps=6000.0, weight=68.0]
03:59:42.0 (9306322)|STATEMENT_EXECUTE|[57]
03:59:42.0 (9327147)|SYSTEM_MODE_EXIT|false
03:59:42.9 (9363023)|CUMULATIVE_LIMIT_USAGE
03:59:42.9 (9363023)|LIMIT_USAGE_FOR_NS|(default)|
  Number of SOQL queries: 1 out of 100
  Number of query rows: 1 out of 50000
  Number of SOSL queries: 0 out of 20
  Number of DML statements: 0 out of 150
  Number of DML rows: 0 out of 10000
  Maximum CPU time: 0 out of 10000
  Maximum heap size: 0 out of 6000000
  Number of callouts: 0 out of 100
  Number of Email Invocations: 0 out of 10
  Number of future calls: 0 out of 50
  Number of queueable jobs added to the queue: 0 out of 50
  Number of Mobile Apex push calls: 0 out of 10

03:59:42.9 (9363023)|CUMULATIVE_LIMIT_USAGE_END

03:59:42.0 (9399759)|CODE_UNIT_FINISHED|PatientWrapperController.getPatientsById
03:59:42.0 (11207756)|CODE_UNIT_STARTED|[EXTERNAL]|Aura
03:59:42.0 (11272283)|CODE_UNIT_FINISHED|Aura
03:59:42.0 (87550811)|HEAP_ALLOCATE|[EXTERNAL]|Bytes:6
03:59:42.0 (87577226)|HEAP_ALLOCATE|[EXTERNAL]|Bytes:6
03:59:42.0 (88912371)|CODE_UNIT_STARTED|[EXTERNAL]|01p280000085nGQ|PatientWrapperController.getPatientsById
03:59:42.0 (88957321)|HEAP_ALLOCATE|[EXTERNAL]|Bytes:6
03:59:42.0 (88972241)|SYSTEM_MODE_ENTER|false
03:59:42.0 (88981409)|VARIABLE_SCOPE_BEGIN|[36]|patientId|String|false|false
03:59:42.0 (88998015)|VARIABLE_ASSIGNMENT|[36]|patientId|"P00002"
03:59:42.0 (89008112)|STATEMENT_EXECUTE|[36]
03:59:42.0 (89010643)|STATEMENT_EXECUTE|[38]
03:59:42.0 (89018061)|VARIABLE_SCOPE_BEGIN|[38]|query|String|false|false
03:59:42.0 (89027118)|VARIABLE_ASSIGNMENT|[38]|query|"SELECT Patient_Id__c (165 more) ..."
03:59:42.0 (89029430)|STATEMENT_EXECUTE|[39]
03:59:42.0 (89382948)|SOQL_EXECUTE_BEGIN|[39]|Aggregations:0|SELECT Patient_Id__c, Full_Name__c, Gender__c, Steps_Completed__c, Goal__c, Height__c, Heart_Rate__c, Weight__c FROM Patient__c where Patient_Id__c = :patientId ORDER BY createdDate ASC
03:59:42.0 (92387426)|SOQL_EXECUTE_END|[39]|Rows:1
03:59:42.0 (92403229)|HEAP_ALLOCATE|[39]|Bytes:8
03:59:42.0 (92422941)|HEAP_ALLOCATE|[39]|Bytes:350
03:59:42.0 (92448421)|HEAP_ALLOCATE|[39]|Bytes:8
03:59:42.0 (92466090)|VARIABLE_SCOPE_BEGIN|[39]|patientList|List<Patient__c>|true|false
03:59:42.0 (92505524)|VARIABLE_ASSIGNMENT|[39]|patientList|{"s":1,"v":[{"s":2,"v":{"Patient_Id__c":"P00002","Full_Name__c":"Pallavi","Gender__c":"Female","Steps_Completed__c":6000,"Goal__c":6000,"Height__c":4.00,"Heart_Rate__c":72,"Weight__c":68.00,"Id":"a012800000SBjJnAAL"}}]}|0x7a8d67c5
03:59:42.0 (92510052)|STATEMENT_EXECUTE|[40]
03:59:42.0 (92519072)|VARIABLE_SCOPE_BEGIN|[40]|wrapperObj|PatientWrapper|true|false
03:59:42.0 (92524822)|VARIABLE_ASSIGNMENT|[40]|wrapperObj|null|
03:59:42.0 (92526668)|STATEMENT_EXECUTE|[41]
03:59:42.0 (92603054)|HEAP_ALLOCATE|[41]|Bytes:188
03:59:42.0 (92621526)|HEAP_ALLOCATE|[41]|Bytes:203
03:59:42.0 (92633647)|USER_DEBUG|[41]|DEBUG|patientList => (Patient__c:{Patient_Id__c=P00002, Full_Name__c=Pallavi, Gender__c=Female, Steps_Completed__c=6000, Goal__c=6000, Height__c=4.00, Heart_Rate__c=72, Weight__c=68.00, Id=a012800000SBjJnAAL})
03:59:42.0 (92666208)|HEAP_ALLOCATE|[42]|Bytes:5
03:59:42.0 (92697333)|HEAP_ALLOCATE|[42]|Bytes:40
03:59:42.0 (92709830)|VARIABLE_SCOPE_BEGIN|[42]|patient|Patient__c|true|false
03:59:42.0 (92729046)|VARIABLE_ASSIGNMENT|[42]|patient|{"s":1,"v":{"Patient_Id__c":"P00002","Full_Name__c":"Pallavi","Gender__c":"Female","Steps_Completed__c":6000,"Goal__c":6000,"Height__c":4.00,"Heart_Rate__c":72,"Weight__c":68.00,"Id":"a012800000SBjJnAAL"}}|0x129ab189
03:59:42.0 (92732753)|STATEMENT_EXECUTE|[42]
03:59:42.0 (92734339)|STATEMENT_EXECUTE|[43]
03:59:42.0 (92740768)|HEAP_ALLOCATE|[43]|Bytes:36
03:59:42.0 (92750741)|CONSTRUCTOR_ENTRY|[43]|01p280000085nGG|<init>()
03:59:42.0 (92756682)|VARIABLE_SCOPE_BEGIN|[1]|this|PatientWrapper|true|false
03:59:42.0 (92785340)|VARIABLE_ASSIGNMENT|[1]|this|{}|0x280d5e3
03:59:42.0 (92802085)|STATEMENT_EXECUTE|[1]
03:59:42.0 (92803858)|STATEMENT_EXECUTE|[3]
03:59:42.0 (92805137)|STATEMENT_EXECUTE|[6]
03:59:42.0 (92806161)|STATEMENT_EXECUTE|[9]
03:59:42.0 (92807176)|STATEMENT_EXECUTE|[12]
03:59:42.0 (92808285)|STATEMENT_EXECUTE|[15]
03:59:42.0 (92809359)|STATEMENT_EXECUTE|[18]
03:59:42.0 (92810366)|STATEMENT_EXECUTE|[21]
03:59:42.0 (92811365)|STATEMENT_EXECUTE|[24]
03:59:42.0 (92815013)|CONSTRUCTOR_EXIT|[43]|01p280000085nGG|<init>()
03:59:42.0 (92828205)|VARIABLE_ASSIGNMENT|[43]|wrapperObj|{}|0x280d5e3
03:59:42.0 (92831203)|STATEMENT_EXECUTE|[45]
03:59:42.0 (92847053)|HEAP_ALLOCATE|[45]|Bytes:18
03:59:42.0 (92861917)|VARIABLE_ASSIGNMENT|[45]|this.id|"a012800000SBjJnAAL"|0x280d5e3
03:59:42.0 (92864595)|STATEMENT_EXECUTE|[46]
03:59:42.0 (92874460)|VARIABLE_ASSIGNMENT|[46]|this.name|"Pallavi"|0x280d5e3
03:59:42.0 (92876647)|STATEMENT_EXECUTE|[47]
03:59:42.0 (92892335)|HEAP_ALLOCATE|[47]|Bytes:12
03:59:42.0 (92901462)|VARIABLE_ASSIGNMENT|[47]|this.steps|6000.0|0x280d5e3
03:59:42.0 (92903498)|STATEMENT_EXECUTE|[48]
03:59:42.0 (92909839)|HEAP_ALLOCATE|[48]|Bytes:12
03:59:42.0 (92916106)|VARIABLE_ASSIGNMENT|[48]|this.goal|6000.0|0x280d5e3
03:59:42.0 (92918040)|STATEMENT_EXECUTE|[49]
03:59:42.0 (92923769)|HEAP_ALLOCATE|[49]|Bytes:12
03:59:42.0 (92929438)|VARIABLE_ASSIGNMENT|[49]|this.heartRate|72.0|0x280d5e3
03:59:42.0 (92931542)|STATEMENT_EXECUTE|[50]
03:59:42.0 (92938200)|HEAP_ALLOCATE|[50]|Bytes:12
03:59:42.0 (92943941)|VARIABLE_ASSIGNMENT|[50]|this.height|4.0|0x280d5e3
03:59:42.0 (92945881)|STATEMENT_EXECUTE|[51]
03:59:42.0 (92952455)|HEAP_ALLOCATE|[51]|Bytes:12
03:59:42.0 (92958376)|VARIABLE_ASSIGNMENT|[51]|this.weight|68.0|0x280d5e3
03:59:42.0 (92960331)|STATEMENT_EXECUTE|[52]
03:59:42.0 (92968305)|VARIABLE_ASSIGNMENT|[52]|this.patient_Id|"P00002"|0x280d5e3
03:59:42.0 (92980047)|HEAP_ALLOCATE|[42]|Bytes:5
03:59:42.0 (92991160)|VARIABLE_ASSIGNMENT|[42]|patient|null|
03:59:42.0 (92994298)|STATEMENT_EXECUTE|[56]
03:59:42.0 (93037400)|HEAP_ALLOCATE|[56]|Bytes:139
03:59:42.0 (93051977)|HEAP_ALLOCATE|[56]|Bytes:153
03:59:42.0 (93060151)|USER_DEBUG|[56]|DEBUG|wrapperObj => PatientWrapper:[goal=6000.0, heartRate=72.0, height=4.0, id=a012800000SBjJnAAL, name=Pallavi, patient_Id=P00002, steps=6000.0, weight=68.0]
03:59:42.0 (93065812)|STATEMENT_EXECUTE|[57]
03:59:42.0 (93092978)|SYSTEM_MODE_EXIT|false
03:59:42.93 (93130448)|CUMULATIVE_LIMIT_USAGE
03:59:42.93 (93130448)|LIMIT_USAGE_FOR_NS|(default)|
  Number of SOQL queries: 2 out of 100
  Number of query rows: 2 out of 50000
  Number of SOSL queries: 0 out of 20
  Number of DML statements: 0 out of 150
  Number of DML rows: 0 out of 10000
  Maximum CPU time: 0 out of 10000
  Maximum heap size: 0 out of 6000000
  Number of callouts: 0 out of 100
  Number of Email Invocations: 0 out of 10
  Number of future calls: 0 out of 50
  Number of queueable jobs added to the queue: 0 out of 50
  Number of Mobile Apex push calls: 0 out of 10

03:59:42.93 (93130448)|CUMULATIVE_LIMIT_USAGE_END

03:59:42.0 (93192054)|CODE_UNIT_FINISHED|PatientWrapperController.getPatientsById
03:59:42.0 (95061873)|CODE_UNIT_STARTED|[EXTERNAL]|Aura
03:59:42.0 (95114334)|CODE_UNIT_FINISHED|Aura
