36.0 APEX_CODE,FINEST;APEX_PROFILING,INFO;CALLOUT,INFO;DB,INFO;SYSTEM,DEBUG;VALIDATION,INFO;VISUALFORCE,INFO;WORKFLOW,INFO
03:08:57.0 (64273)|EXECUTION_STARTED
03:08:57.0 (92881)|CODE_UNIT_STARTED|[EXTERNAL]|aura
03:08:57.0 (559347)|HEAP_ALLOCATE|[72]|Bytes:3
03:08:57.0 (586227)|HEAP_ALLOCATE|[77]|Bytes:152
03:08:57.0 (596990)|HEAP_ALLOCATE|[342]|Bytes:408
03:08:57.0 (612515)|HEAP_ALLOCATE|[355]|Bytes:408
03:08:57.0 (627765)|HEAP_ALLOCATE|[467]|Bytes:48
03:08:57.0 (648270)|HEAP_ALLOCATE|[139]|Bytes:6
03:08:57.0 (665824)|HEAP_ALLOCATE|[EXTERNAL]|Bytes:6
03:08:57.0 (684880)|HEAP_ALLOCATE|[EXTERNAL]|Bytes:6
03:08:57.0 (2004105)|CODE_UNIT_STARTED|[EXTERNAL]|01p280000085nGQ|PatientWrapperController.getPatientsById
03:08:57.0 (2105098)|HEAP_ALLOCATE|[EXTERNAL]|Bytes:7
03:08:57.0 (2110712)|HEAP_ALLOCATE|[EXTERNAL]|Bytes:14
03:08:57.0 (2124889)|METHOD_ENTRY|[1]|01p280000085nGQ|PatientWrapperController.PatientWrapperController()
03:08:57.0 (2129009)|STATEMENT_EXECUTE|[1]
03:08:57.0 (2134920)|STATEMENT_EXECUTE|[1]
03:08:57.0 (2140984)|METHOD_EXIT|[1]|PatientWrapperController
03:08:57.0 (2145557)|HEAP_ALLOCATE|[EXTERNAL]|Bytes:6
03:08:57.0 (2156866)|SYSTEM_MODE_ENTER|false
03:08:57.0 (2163469)|VARIABLE_SCOPE_BEGIN|[36]|patientId|String|false|false
03:08:57.0 (2192992)|VARIABLE_ASSIGNMENT|[36]|patientId|"P00003"
03:08:57.0 (2202179)|STATEMENT_EXECUTE|[36]
03:08:57.0 (2203887)|STATEMENT_EXECUTE|[38]
03:08:57.0 (2207893)|HEAP_ALLOCATE|[38]|Bytes:185
03:08:57.0 (2213530)|VARIABLE_SCOPE_BEGIN|[38]|query|String|false|false
03:08:57.0 (2222942)|VARIABLE_ASSIGNMENT|[38]|query|"SELECT Patient_Id__c (165 more) ..."
03:08:57.0 (2225089)|STATEMENT_EXECUTE|[39]
03:08:57.0 (2256527)|HEAP_ALLOCATE|[50]|Bytes:5
03:08:57.0 (2274196)|HEAP_ALLOCATE|[56]|Bytes:5
03:08:57.0 (2281836)|HEAP_ALLOCATE|[64]|Bytes:7
03:08:57.0 (2895808)|SOQL_EXECUTE_BEGIN|[39]|Aggregations:0|SELECT Patient_Id__c, Full_Name__c, Gender__c, Steps_Completed__c, Goal__c, Height__c, Heart_Rate__c, Weight__c FROM Patient__c where Patient_Id__c = :patientId ORDER BY createdDate ASC
03:08:57.0 (6471985)|SOQL_EXECUTE_END|[39]|Rows:1
03:08:57.0 (6487222)|HEAP_ALLOCATE|[39]|Bytes:8
03:08:57.0 (6505355)|HEAP_ALLOCATE|[39]|Bytes:353
03:08:57.0 (6611969)|HEAP_ALLOCATE|[39]|Bytes:8
03:08:57.0 (6632826)|VARIABLE_SCOPE_BEGIN|[39]|patientList|List<Patient__c>|true|false
03:08:57.0 (6674836)|VARIABLE_ASSIGNMENT|[39]|patientList|{"s":1,"v":[{"s":2,"v":{"Patient_Id__c":"P00003","Full_Name__c":"Bhagyashri","Gender__c":"Female","Steps_Completed__c":1000,"Goal__c":5000,"Height__c":5.30,"Heart_Rate__c":68,"Weight__c":52.00,"Id":"a012800000SBlH6AAL"}}]}|0x9b70163
03:08:57.0 (6679403)|STATEMENT_EXECUTE|[40]
03:08:57.0 (6686371)|VARIABLE_SCOPE_BEGIN|[40]|wrapperObj|PatientWrapper|true|false
03:08:57.0 (6691606)|VARIABLE_ASSIGNMENT|[40]|wrapperObj|null|
03:08:57.0 (6693570)|STATEMENT_EXECUTE|[41]
03:08:57.0 (6697851)|HEAP_ALLOCATE|[41]|Bytes:15
03:08:57.0 (6800633)|HEAP_ALLOCATE|[41]|Bytes:191
03:08:57.0 (6820867)|HEAP_ALLOCATE|[41]|Bytes:206
03:08:57.0 (6839766)|USER_DEBUG|[41]|DEBUG|patientList => (Patient__c:{Patient_Id__c=P00003, Full_Name__c=Bhagyashri, Gender__c=Female, Steps_Completed__c=1000, Goal__c=5000, Height__c=5.30, Heart_Rate__c=68, Weight__c=52.00, Id=a012800000SBlH6AAL})
03:08:57.0 (7028386)|HEAP_ALLOCATE|[42]|Bytes:5
03:08:57.0 (7066754)|HEAP_ALLOCATE|[42]|Bytes:40
03:08:57.0 (7076093)|VARIABLE_SCOPE_BEGIN|[42]|patient|Patient__c|true|false
03:08:57.0 (7094615)|VARIABLE_ASSIGNMENT|[42]|patient|{"s":1,"v":{"Patient_Id__c":"P00003","Full_Name__c":"Bhagyashri","Gender__c":"Female","Steps_Completed__c":1000,"Goal__c":5000,"Height__c":5.30,"Heart_Rate__c":68,"Weight__c":52.00,"Id":"a012800000SBlH6AAL"}}|0x11d9a13
03:08:57.0 (7098574)|STATEMENT_EXECUTE|[42]
03:08:57.0 (7100145)|STATEMENT_EXECUTE|[43]
03:08:57.0 (7116096)|METHOD_ENTRY|[1]|01p280000085nGG|PatientWrapper.PatientWrapper()
03:08:57.0 (7119143)|STATEMENT_EXECUTE|[1]
03:08:57.0 (7122505)|STATEMENT_EXECUTE|[1]
03:08:57.0 (7128548)|METHOD_EXIT|[1]|PatientWrapper
03:08:57.0 (7135969)|HEAP_ALLOCATE|[43]|Bytes:36
03:08:57.0 (7148121)|CONSTRUCTOR_ENTRY|[43]|01p280000085nGG|<init>()
03:08:57.0 (7167782)|VARIABLE_SCOPE_BEGIN|[1]|this|PatientWrapper|true|false
03:08:57.0 (7198705)|VARIABLE_ASSIGNMENT|[1]|this|{}|0x6bfb6b1f
03:08:57.0 (7208251)|HEAP_ALLOCATE|[EXTERNAL]|Bytes:6
03:08:57.0 (7232626)|STATEMENT_EXECUTE|[1]
03:08:57.0 (7234497)|STATEMENT_EXECUTE|[3]
03:08:57.0 (7235763)|STATEMENT_EXECUTE|[6]
03:08:57.0 (7236823)|STATEMENT_EXECUTE|[9]
03:08:57.0 (7237849)|STATEMENT_EXECUTE|[12]
03:08:57.0 (7238909)|STATEMENT_EXECUTE|[15]
03:08:57.0 (7239948)|STATEMENT_EXECUTE|[18]
03:08:57.0 (7240992)|STATEMENT_EXECUTE|[21]
03:08:57.0 (7242003)|STATEMENT_EXECUTE|[24]
03:08:57.0 (7246202)|CONSTRUCTOR_EXIT|[43]|01p280000085nGG|<init>()
03:08:57.0 (7261744)|VARIABLE_ASSIGNMENT|[43]|wrapperObj|{}|0x6bfb6b1f
03:08:57.0 (7264320)|STATEMENT_EXECUTE|[45]
03:08:57.0 (7296254)|HEAP_ALLOCATE|[45]|Bytes:18
03:08:57.0 (7312705)|VARIABLE_ASSIGNMENT|[45]|this.id|"a012800000SBlH6AAL"|0x6bfb6b1f
03:08:57.0 (7315812)|STATEMENT_EXECUTE|[46]
03:08:57.0 (7339749)|VARIABLE_ASSIGNMENT|[46]|this.name|"Bhagyashri"|0x6bfb6b1f
03:08:57.0 (7342739)|STATEMENT_EXECUTE|[47]
03:08:57.0 (7386324)|HEAP_ALLOCATE|[47]|Bytes:12
03:08:57.0 (7399902)|VARIABLE_ASSIGNMENT|[47]|this.steps|1000.0|0x6bfb6b1f
03:08:57.0 (7402395)|STATEMENT_EXECUTE|[48]
03:08:57.0 (7423859)|HEAP_ALLOCATE|[48]|Bytes:12
03:08:57.0 (7432182)|VARIABLE_ASSIGNMENT|[48]|this.goal|5000.0|0x6bfb6b1f
03:08:57.0 (7434350)|STATEMENT_EXECUTE|[49]
03:08:57.0 (7451111)|HEAP_ALLOCATE|[49]|Bytes:12
03:08:57.0 (7458847)|VARIABLE_ASSIGNMENT|[49]|this.heartRate|68.0|0x6bfb6b1f
03:08:57.0 (7460958)|STATEMENT_EXECUTE|[50]
03:08:57.0 (7478473)|HEAP_ALLOCATE|[50]|Bytes:12
03:08:57.0 (7487314)|VARIABLE_ASSIGNMENT|[50]|this.height|5.3|0x6bfb6b1f
03:08:57.0 (7489543)|STATEMENT_EXECUTE|[51]
03:08:57.0 (7506167)|HEAP_ALLOCATE|[51]|Bytes:12
03:08:57.0 (7513950)|VARIABLE_ASSIGNMENT|[51]|this.weight|52.0|0x6bfb6b1f
03:08:57.0 (7515992)|STATEMENT_EXECUTE|[52]
03:08:57.0 (7541664)|VARIABLE_ASSIGNMENT|[52]|this.patient_Id|"P00003"|0x6bfb6b1f
03:08:57.0 (7556148)|HEAP_ALLOCATE|[42]|Bytes:5
03:08:57.0 (7567984)|VARIABLE_ASSIGNMENT|[42]|patient|null|
03:08:57.0 (7571190)|STATEMENT_EXECUTE|[56]
03:08:57.0 (7574370)|HEAP_ALLOCATE|[56]|Bytes:14
03:08:57.0 (7631620)|HEAP_ALLOCATE|[56]|Bytes:142
03:08:57.0 (7647198)|HEAP_ALLOCATE|[56]|Bytes:156
03:08:57.0 (7657219)|USER_DEBUG|[56]|DEBUG|wrapperObj => PatientWrapper:[goal=5000.0, heartRate=68.0, height=5.3, id=a012800000SBlH6AAL, name=Bhagyashri, patient_Id=P00003, steps=1000.0, weight=52.0]
03:08:57.0 (7662575)|STATEMENT_EXECUTE|[57]
03:08:57.0 (7671593)|SYSTEM_MODE_EXIT|false
03:08:57.7 (7712073)|CUMULATIVE_LIMIT_USAGE
03:08:57.7 (7712073)|LIMIT_USAGE_FOR_NS|(default)|
  Number of SOQL queries: 1 out of 100
  Number of query rows: 1 out of 50000
  Number of SOSL queries: 0 out of 20
  Number of DML statements: 0 out of 150
  Number of DML rows: 0 out of 10000
  Maximum CPU time: 0 out of 10000
  Maximum heap size: 0 out of 6000000
  Number of callouts: 0 out of 100
  Number of Email Invocations: 0 out of 10
  Number of future calls: 0 out of 50
  Number of queueable jobs added to the queue: 0 out of 50
  Number of Mobile Apex push calls: 0 out of 10

03:08:57.7 (7712073)|CUMULATIVE_LIMIT_USAGE_END

03:08:57.0 (7752276)|CODE_UNIT_FINISHED|PatientWrapperController.getPatientsById
03:08:57.0 (9736780)|CODE_UNIT_STARTED|[EXTERNAL]|Aura
03:08:57.0 (9812954)|CODE_UNIT_FINISHED|Aura
03:08:57.0 (10056586)|HEAP_ALLOCATE|[EXTERNAL]|Bytes:6
03:08:57.0 (10081104)|HEAP_ALLOCATE|[EXTERNAL]|Bytes:6
03:08:57.0 (11220440)|CODE_UNIT_STARTED|[EXTERNAL]|01p280000085nGQ|PatientWrapperController.getPatientsById
03:08:57.0 (11255964)|HEAP_ALLOCATE|[EXTERNAL]|Bytes:6
03:08:57.0 (11267609)|SYSTEM_MODE_ENTER|false
03:08:57.0 (11272495)|VARIABLE_SCOPE_BEGIN|[36]|patientId|String|false|false
03:08:57.0 (11281812)|VARIABLE_ASSIGNMENT|[36]|patientId|"P00003"
03:08:57.0 (11287952)|STATEMENT_EXECUTE|[36]
03:08:57.0 (11289957)|STATEMENT_EXECUTE|[38]
03:08:57.0 (11294612)|VARIABLE_SCOPE_BEGIN|[38]|query|String|false|false
03:08:57.0 (11302410)|VARIABLE_ASSIGNMENT|[38]|query|"SELECT Patient_Id__c (165 more) ..."
03:08:57.0 (11304271)|STATEMENT_EXECUTE|[39]
03:08:57.0 (11595281)|SOQL_EXECUTE_BEGIN|[39]|Aggregations:0|SELECT Patient_Id__c, Full_Name__c, Gender__c, Steps_Completed__c, Goal__c, Height__c, Heart_Rate__c, Weight__c FROM Patient__c where Patient_Id__c = :patientId ORDER BY createdDate ASC
03:08:57.0 (14225695)|SOQL_EXECUTE_END|[39]|Rows:1
03:08:57.0 (14238929)|HEAP_ALLOCATE|[39]|Bytes:8
03:08:57.0 (14257286)|HEAP_ALLOCATE|[39]|Bytes:353
03:08:57.0 (14279003)|HEAP_ALLOCATE|[39]|Bytes:8
03:08:57.0 (14293867)|VARIABLE_SCOPE_BEGIN|[39]|patientList|List<Patient__c>|true|false
03:08:57.0 (14328823)|VARIABLE_ASSIGNMENT|[39]|patientList|{"s":1,"v":[{"s":2,"v":{"Patient_Id__c":"P00003","Full_Name__c":"Bhagyashri","Gender__c":"Female","Steps_Completed__c":1000,"Goal__c":5000,"Height__c":5.30,"Heart_Rate__c":68,"Weight__c":52.00,"Id":"a012800000SBlH6AAL"}}]}|0x4643828f
03:08:57.0 (14333250)|STATEMENT_EXECUTE|[40]
03:08:57.0 (14337100)|VARIABLE_SCOPE_BEGIN|[40]|wrapperObj|PatientWrapper|true|false
03:08:57.0 (14341688)|VARIABLE_ASSIGNMENT|[40]|wrapperObj|null|
03:08:57.0 (14343457)|STATEMENT_EXECUTE|[41]
03:08:57.0 (14415245)|HEAP_ALLOCATE|[41]|Bytes:191
03:08:57.0 (14431968)|HEAP_ALLOCATE|[41]|Bytes:206
03:08:57.0 (14441619)|USER_DEBUG|[41]|DEBUG|patientList => (Patient__c:{Patient_Id__c=P00003, Full_Name__c=Bhagyashri, Gender__c=Female, Steps_Completed__c=1000, Goal__c=5000, Height__c=5.30, Heart_Rate__c=68, Weight__c=52.00, Id=a012800000SBlH6AAL})
03:08:57.0 (14466426)|HEAP_ALLOCATE|[42]|Bytes:5
03:08:57.0 (14493064)|HEAP_ALLOCATE|[42]|Bytes:40
03:08:57.0 (14502390)|VARIABLE_SCOPE_BEGIN|[42]|patient|Patient__c|true|false
03:08:57.0 (14523673)|VARIABLE_ASSIGNMENT|[42]|patient|{"s":1,"v":{"Patient_Id__c":"P00003","Full_Name__c":"Bhagyashri","Gender__c":"Female","Steps_Completed__c":1000,"Goal__c":5000,"Height__c":5.30,"Heart_Rate__c":68,"Weight__c":52.00,"Id":"a012800000SBlH6AAL"}}|0x66fb2c56
03:08:57.0 (14527760)|STATEMENT_EXECUTE|[42]
03:08:57.0 (14529304)|STATEMENT_EXECUTE|[43]
03:08:57.0 (14535497)|HEAP_ALLOCATE|[43]|Bytes:36
03:08:57.0 (14543651)|CONSTRUCTOR_ENTRY|[43]|01p280000085nGG|<init>()
03:08:57.0 (14549960)|VARIABLE_SCOPE_BEGIN|[1]|this|PatientWrapper|true|false
03:08:57.0 (14573930)|VARIABLE_ASSIGNMENT|[1]|this|{}|0x48cd027e
03:08:57.0 (14590869)|STATEMENT_EXECUTE|[1]
03:08:57.0 (14592822)|STATEMENT_EXECUTE|[3]
03:08:57.0 (14593947)|STATEMENT_EXECUTE|[6]
03:08:57.0 (14595056)|STATEMENT_EXECUTE|[9]
03:08:57.0 (14596167)|STATEMENT_EXECUTE|[12]
03:08:57.0 (14597167)|STATEMENT_EXECUTE|[15]
03:08:57.0 (14598124)|STATEMENT_EXECUTE|[18]
03:08:57.0 (14599144)|STATEMENT_EXECUTE|[21]
03:08:57.0 (14600134)|STATEMENT_EXECUTE|[24]
03:08:57.0 (14603940)|CONSTRUCTOR_EXIT|[43]|01p280000085nGG|<init>()
03:08:57.0 (14616671)|VARIABLE_ASSIGNMENT|[43]|wrapperObj|{}|0x48cd027e
03:08:57.0 (14619243)|STATEMENT_EXECUTE|[45]
03:08:57.0 (14632912)|HEAP_ALLOCATE|[45]|Bytes:18
03:08:57.0 (14645274)|VARIABLE_ASSIGNMENT|[45]|this.id|"a012800000SBlH6AAL"|0x48cd027e
03:08:57.0 (14647783)|STATEMENT_EXECUTE|[46]
03:08:57.0 (14656981)|VARIABLE_ASSIGNMENT|[46]|this.name|"Bhagyashri"|0x48cd027e
03:08:57.0 (14659097)|STATEMENT_EXECUTE|[47]
03:08:57.0 (14672819)|HEAP_ALLOCATE|[47]|Bytes:12
03:08:57.0 (14681212)|VARIABLE_ASSIGNMENT|[47]|this.steps|1000.0|0x48cd027e
03:08:57.0 (14683188)|STATEMENT_EXECUTE|[48]
03:08:57.0 (14689781)|HEAP_ALLOCATE|[48]|Bytes:12
03:08:57.0 (14695455)|VARIABLE_ASSIGNMENT|[48]|this.goal|5000.0|0x48cd027e
03:08:57.0 (14697314)|STATEMENT_EXECUTE|[49]
03:08:57.0 (14703309)|HEAP_ALLOCATE|[49]|Bytes:12
03:08:57.0 (14708836)|VARIABLE_ASSIGNMENT|[49]|this.heartRate|68.0|0x48cd027e
03:08:57.0 (14710906)|STATEMENT_EXECUTE|[50]
03:08:57.0 (14717435)|HEAP_ALLOCATE|[50]|Bytes:12
03:08:57.0 (14723288)|VARIABLE_ASSIGNMENT|[50]|this.height|5.3|0x48cd027e
03:08:57.0 (14725506)|STATEMENT_EXECUTE|[51]
03:08:57.0 (14731456)|HEAP_ALLOCATE|[51]|Bytes:12
03:08:57.0 (14737153)|VARIABLE_ASSIGNMENT|[51]|this.weight|52.0|0x48cd027e
03:08:57.0 (14738950)|STATEMENT_EXECUTE|[52]
03:08:57.0 (14746662)|VARIABLE_ASSIGNMENT|[52]|this.patient_Id|"P00003"|0x48cd027e
03:08:57.0 (14759095)|HEAP_ALLOCATE|[42]|Bytes:5
03:08:57.0 (14770012)|VARIABLE_ASSIGNMENT|[42]|patient|null|
03:08:57.0 (14773371)|STATEMENT_EXECUTE|[56]
03:08:57.0 (14809593)|HEAP_ALLOCATE|[56]|Bytes:142
03:08:57.0 (14822776)|HEAP_ALLOCATE|[56]|Bytes:156
03:08:57.0 (14830984)|USER_DEBUG|[56]|DEBUG|wrapperObj => PatientWrapper:[goal=5000.0, heartRate=68.0, height=5.3, id=a012800000SBlH6AAL, name=Bhagyashri, patient_Id=P00003, steps=1000.0, weight=52.0]
03:08:57.0 (14836294)|STATEMENT_EXECUTE|[57]
03:08:57.0 (14845215)|SYSTEM_MODE_EXIT|false
03:08:57.14 (14882682)|CUMULATIVE_LIMIT_USAGE
03:08:57.14 (14882682)|LIMIT_USAGE_FOR_NS|(default)|
  Number of SOQL queries: 2 out of 100
  Number of query rows: 2 out of 50000
  Number of SOSL queries: 0 out of 20
  Number of DML statements: 0 out of 150
  Number of DML rows: 0 out of 10000
  Maximum CPU time: 0 out of 10000
  Maximum heap size: 0 out of 6000000
  Number of callouts: 0 out of 100
  Number of Email Invocations: 0 out of 10
  Number of future calls: 0 out of 50
  Number of queueable jobs added to the queue: 0 out of 50
  Number of Mobile Apex push calls: 0 out of 10

03:08:57.14 (14882682)|CUMULATIVE_LIMIT_USAGE_END

03:08:57.0 (14916706)|CODE_UNIT_FINISHED|PatientWrapperController.getPatientsById
03:08:57.0 (17068183)|CODE_UNIT_STARTED|[EXTERNAL]|Aura
03:08:57.0 (17112995)|CODE_UNIT_FINISHED|Aura
