36.0 APEX_CODE,FINEST;APEX_PROFILING,INFO;CALLOUT,INFO;DB,INFO;SYSTEM,DEBUG;VALIDATION,INFO;VISUALFORCE,INFO;WORKFLOW,INFO
04:53:54.0 (911525)|EXECUTION_STARTED
04:53:54.0 (950414)|CODE_UNIT_STARTED|[EXTERNAL]|aura
04:53:54.0 (1358733)|HEAP_ALLOCATE|[72]|Bytes:3
04:53:54.0 (1423324)|HEAP_ALLOCATE|[77]|Bytes:152
04:53:54.0 (1451446)|HEAP_ALLOCATE|[342]|Bytes:408
04:53:54.0 (1486200)|HEAP_ALLOCATE|[355]|Bytes:408
04:53:54.0 (1518462)|HEAP_ALLOCATE|[467]|Bytes:48
04:53:54.0 (1558698)|HEAP_ALLOCATE|[139]|Bytes:6
04:53:54.0 (1595612)|HEAP_ALLOCATE|[EXTERNAL]|Bytes:6
04:53:54.0 (1654522)|HEAP_ALLOCATE|[EXTERNAL]|Bytes:6
04:53:54.0 (3144335)|CODE_UNIT_STARTED|[EXTERNAL]|01p280000085nGQ|PatientWrapperController.getPatientsById
04:53:54.0 (3797237)|HEAP_ALLOCATE|[EXTERNAL]|Bytes:7
04:53:54.0 (3803817)|HEAP_ALLOCATE|[EXTERNAL]|Bytes:14
04:53:54.0 (3819440)|METHOD_ENTRY|[1]|01p280000085nGQ|PatientWrapperController.PatientWrapperController()
04:53:54.0 (3823674)|STATEMENT_EXECUTE|[1]
04:53:54.0 (3831728)|STATEMENT_EXECUTE|[1]
04:53:54.0 (3837737)|METHOD_EXIT|[1]|PatientWrapperController
04:53:54.0 (3842110)|HEAP_ALLOCATE|[EXTERNAL]|Bytes:6
04:53:54.0 (3851042)|SYSTEM_MODE_ENTER|false
04:53:54.0 (3858500)|VARIABLE_SCOPE_BEGIN|[36]|patientId|String|false|false
04:53:54.0 (3884476)|VARIABLE_ASSIGNMENT|[36]|patientId|"P00003"
04:53:54.0 (3895811)|STATEMENT_EXECUTE|[36]
04:53:54.0 (3897609)|STATEMENT_EXECUTE|[38]
04:53:54.0 (3900992)|HEAP_ALLOCATE|[38]|Bytes:185
04:53:54.0 (3906679)|VARIABLE_SCOPE_BEGIN|[38]|query|String|false|false
04:53:54.0 (3915497)|VARIABLE_ASSIGNMENT|[38]|query|"SELECT Patient_Id__c (165 more) ..."
04:53:54.0 (3917696)|STATEMENT_EXECUTE|[39]
04:53:54.0 (3955480)|HEAP_ALLOCATE|[50]|Bytes:5
04:53:54.0 (3978132)|HEAP_ALLOCATE|[56]|Bytes:5
04:53:54.0 (3986516)|HEAP_ALLOCATE|[64]|Bytes:7
04:53:54.0 (5178856)|SOQL_EXECUTE_BEGIN|[39]|Aggregations:0|SELECT Patient_Id__c, Full_Name__c, Gender__c, Steps_Completed__c, Goal__c, Height__c, Heart_Rate__c, Weight__c FROM Patient__c where Patient_Id__c = :patientId ORDER BY createdDate ASC
04:53:54.0 (8694620)|SOQL_EXECUTE_END|[39]|Rows:1
04:53:54.0 (8709755)|HEAP_ALLOCATE|[39]|Bytes:8
04:53:54.0 (8725705)|HEAP_ALLOCATE|[39]|Bytes:353
04:53:54.0 (8803839)|HEAP_ALLOCATE|[39]|Bytes:8
04:53:54.0 (8824325)|VARIABLE_SCOPE_BEGIN|[39]|patientList|List<Patient__c>|true|false
04:53:54.0 (8869598)|VARIABLE_ASSIGNMENT|[39]|patientList|{"s":1,"v":[{"s":2,"v":{"Patient_Id__c":"P00003","Full_Name__c":"Bhagyashri","Gender__c":"Female","Steps_Completed__c":1000,"Goal__c":5000,"Height__c":5.30,"Heart_Rate__c":68,"Weight__c":52.00,"Id":"a012800000SBlH6AAL"}}]}|0x27d90ad8
04:53:54.0 (8875151)|STATEMENT_EXECUTE|[40]
04:53:54.0 (8883328)|VARIABLE_SCOPE_BEGIN|[40]|wrapperObj|PatientWrapper|true|false
04:53:54.0 (8889666)|VARIABLE_ASSIGNMENT|[40]|wrapperObj|null|
04:53:54.0 (8891652)|STATEMENT_EXECUTE|[41]
04:53:54.0 (8895607)|HEAP_ALLOCATE|[41]|Bytes:15
04:53:54.0 (8993728)|HEAP_ALLOCATE|[41]|Bytes:191
04:53:54.0 (9013899)|HEAP_ALLOCATE|[41]|Bytes:206
04:53:54.0 (9032029)|USER_DEBUG|[41]|DEBUG|patientList => (Patient__c:{Patient_Id__c=P00003, Full_Name__c=Bhagyashri, Gender__c=Female, Steps_Completed__c=1000, Goal__c=5000, Height__c=5.30, Heart_Rate__c=68, Weight__c=52.00, Id=a012800000SBlH6AAL})
04:53:54.0 (9195867)|HEAP_ALLOCATE|[42]|Bytes:5
04:53:54.0 (9231794)|HEAP_ALLOCATE|[42]|Bytes:40
04:53:54.0 (9240877)|VARIABLE_SCOPE_BEGIN|[42]|patient|Patient__c|true|false
04:53:54.0 (9260908)|VARIABLE_ASSIGNMENT|[42]|patient|{"s":1,"v":{"Patient_Id__c":"P00003","Full_Name__c":"Bhagyashri","Gender__c":"Female","Steps_Completed__c":1000,"Goal__c":5000,"Height__c":5.30,"Heart_Rate__c":68,"Weight__c":52.00,"Id":"a012800000SBlH6AAL"}}|0x4a507c4d
04:53:54.0 (9268298)|STATEMENT_EXECUTE|[42]
04:53:54.0 (9269865)|STATEMENT_EXECUTE|[43]
04:53:54.0 (9282994)|METHOD_ENTRY|[1]|01p280000085nGG|PatientWrapper.PatientWrapper()
04:53:54.0 (9286102)|STATEMENT_EXECUTE|[1]
04:53:54.0 (9291052)|STATEMENT_EXECUTE|[1]
04:53:54.0 (9297135)|METHOD_EXIT|[1]|PatientWrapper
04:53:54.0 (9303666)|HEAP_ALLOCATE|[43]|Bytes:36
04:53:54.0 (9314426)|CONSTRUCTOR_ENTRY|[43]|01p280000085nGG|<init>()
04:53:54.0 (9340384)|VARIABLE_SCOPE_BEGIN|[1]|this|PatientWrapper|true|false
04:53:54.0 (9374646)|VARIABLE_ASSIGNMENT|[1]|this|{}|0x5e54a893
04:53:54.0 (9383996)|HEAP_ALLOCATE|[EXTERNAL]|Bytes:6
04:53:54.0 (9406407)|STATEMENT_EXECUTE|[1]
04:53:54.0 (9408366)|STATEMENT_EXECUTE|[3]
04:53:54.0 (9409560)|STATEMENT_EXECUTE|[6]
04:53:54.0 (9410594)|STATEMENT_EXECUTE|[9]
04:53:54.0 (9411718)|STATEMENT_EXECUTE|[12]
04:53:54.0 (9412887)|STATEMENT_EXECUTE|[15]
04:53:54.0 (9414221)|STATEMENT_EXECUTE|[18]
04:53:54.0 (9415269)|STATEMENT_EXECUTE|[21]
04:53:54.0 (9416318)|STATEMENT_EXECUTE|[24]
04:53:54.0 (9420921)|CONSTRUCTOR_EXIT|[43]|01p280000085nGG|<init>()
04:53:54.0 (9436741)|VARIABLE_ASSIGNMENT|[43]|wrapperObj|{}|0x5e54a893
04:53:54.0 (9439499)|STATEMENT_EXECUTE|[45]
04:53:54.0 (9469600)|HEAP_ALLOCATE|[45]|Bytes:18
04:53:54.0 (9485447)|VARIABLE_ASSIGNMENT|[45]|this.id|"a012800000SBlH6AAL"|0x5e54a893
04:53:54.0 (9488450)|STATEMENT_EXECUTE|[46]
04:53:54.0 (9512188)|VARIABLE_ASSIGNMENT|[46]|this.name|"Bhagyashri"|0x5e54a893
04:53:54.0 (9515251)|STATEMENT_EXECUTE|[47]
04:53:54.0 (9551564)|HEAP_ALLOCATE|[47]|Bytes:12
04:53:54.0 (9564512)|VARIABLE_ASSIGNMENT|[47]|this.steps|1000.0|0x5e54a893
04:53:54.0 (9567066)|STATEMENT_EXECUTE|[48]
04:53:54.0 (9588130)|HEAP_ALLOCATE|[48]|Bytes:12
04:53:54.0 (9597214)|VARIABLE_ASSIGNMENT|[48]|this.goal|5000.0|0x5e54a893
04:53:54.0 (9599528)|STATEMENT_EXECUTE|[49]
04:53:54.0 (9620115)|HEAP_ALLOCATE|[49]|Bytes:12
04:53:54.0 (9629196)|VARIABLE_ASSIGNMENT|[49]|this.heartRate|68.0|0x5e54a893
04:53:54.0 (9631678)|STATEMENT_EXECUTE|[50]
04:53:54.0 (9649123)|HEAP_ALLOCATE|[50]|Bytes:12
04:53:54.0 (9658268)|VARIABLE_ASSIGNMENT|[50]|this.height|5.3|0x5e54a893
04:53:54.0 (9660598)|STATEMENT_EXECUTE|[51]
04:53:54.0 (9677670)|HEAP_ALLOCATE|[51]|Bytes:12
04:53:54.0 (9686936)|VARIABLE_ASSIGNMENT|[51]|this.weight|52.0|0x5e54a893
04:53:54.0 (9689161)|STATEMENT_EXECUTE|[52]
04:53:54.0 (9712323)|VARIABLE_ASSIGNMENT|[52]|this.patient_Id|"P00003"|0x5e54a893
04:53:54.0 (9726549)|HEAP_ALLOCATE|[42]|Bytes:5
04:53:54.0 (9739355)|VARIABLE_ASSIGNMENT|[42]|patient|null|
04:53:54.0 (9742296)|STATEMENT_EXECUTE|[56]
04:53:54.0 (9745290)|HEAP_ALLOCATE|[56]|Bytes:14
04:53:54.0 (9803928)|HEAP_ALLOCATE|[56]|Bytes:142
04:53:54.0 (9819038)|HEAP_ALLOCATE|[56]|Bytes:156
04:53:54.0 (9829432)|USER_DEBUG|[56]|DEBUG|wrapperObj => PatientWrapper:[goal=5000.0, heartRate=68.0, height=5.3, id=a012800000SBlH6AAL, name=Bhagyashri, patient_Id=P00003, steps=1000.0, weight=52.0]
04:53:54.0 (9835578)|STATEMENT_EXECUTE|[57]
04:53:54.0 (10012989)|SYSTEM_MODE_EXIT|false
04:53:54.10 (10061660)|CUMULATIVE_LIMIT_USAGE
04:53:54.10 (10061660)|LIMIT_USAGE_FOR_NS|(default)|
  Number of SOQL queries: 1 out of 100
  Number of query rows: 1 out of 50000
  Number of SOSL queries: 0 out of 20
  Number of DML statements: 0 out of 150
  Number of DML rows: 0 out of 10000
  Maximum CPU time: 0 out of 10000
  Maximum heap size: 0 out of 6000000
  Number of callouts: 0 out of 100
  Number of Email Invocations: 0 out of 10
  Number of future calls: 0 out of 50
  Number of queueable jobs added to the queue: 0 out of 50
  Number of Mobile Apex push calls: 0 out of 10

04:53:54.10 (10061660)|CUMULATIVE_LIMIT_USAGE_END

04:53:54.0 (10099468)|CODE_UNIT_FINISHED|PatientWrapperController.getPatientsById
04:53:54.0 (11797739)|CODE_UNIT_STARTED|[EXTERNAL]|Aura
04:53:54.0 (11850787)|CODE_UNIT_FINISHED|Aura
