36.0 APEX_CODE,FINEST;APEX_PROFILING,INFO;CALLOUT,INFO;DB,INFO;SYSTEM,DEBUG;VALIDATION,INFO;VISUALFORCE,INFO;WORKFLOW,INFO
03:03:10.0 (660203)|EXECUTION_STARTED
03:03:10.0 (690115)|CODE_UNIT_STARTED|[EXTERNAL]|aura
03:03:10.0 (1302116)|HEAP_ALLOCATE|[72]|Bytes:3
03:03:10.0 (1346613)|HEAP_ALLOCATE|[77]|Bytes:152
03:03:10.0 (1361880)|HEAP_ALLOCATE|[342]|Bytes:408
03:03:10.0 (1379263)|HEAP_ALLOCATE|[355]|Bytes:408
03:03:10.0 (1394467)|HEAP_ALLOCATE|[467]|Bytes:48
03:03:10.0 (1421227)|HEAP_ALLOCATE|[139]|Bytes:6
03:03:10.0 (1445865)|HEAP_ALLOCATE|[EXTERNAL]|Bytes:6
03:03:10.0 (1466301)|HEAP_ALLOCATE|[EXTERNAL]|Bytes:6
03:03:10.0 (3083619)|CODE_UNIT_STARTED|[EXTERNAL]|01p280000085nGQ|PatientWrapperController.getPatientsById
03:03:10.0 (3816236)|HEAP_ALLOCATE|[EXTERNAL]|Bytes:7
03:03:10.0 (3822293)|HEAP_ALLOCATE|[EXTERNAL]|Bytes:14
03:03:10.0 (3839887)|METHOD_ENTRY|[1]|01p280000085nGQ|PatientWrapperController.PatientWrapperController()
03:03:10.0 (3844030)|STATEMENT_EXECUTE|[1]
03:03:10.0 (3850872)|STATEMENT_EXECUTE|[1]
03:03:10.0 (3857267)|METHOD_EXIT|[1]|PatientWrapperController
03:03:10.0 (3861994)|HEAP_ALLOCATE|[EXTERNAL]|Bytes:6
03:03:10.0 (3875638)|SYSTEM_MODE_ENTER|false
03:03:10.0 (3885546)|VARIABLE_SCOPE_BEGIN|[36]|patientId|String|false|false
03:03:10.0 (3916313)|VARIABLE_ASSIGNMENT|[36]|patientId|"P00003"
03:03:10.0 (3929447)|STATEMENT_EXECUTE|[36]
03:03:10.0 (3931218)|STATEMENT_EXECUTE|[38]
03:03:10.0 (3934999)|HEAP_ALLOCATE|[38]|Bytes:185
03:03:10.0 (3940515)|VARIABLE_SCOPE_BEGIN|[38]|query|String|false|false
03:03:10.0 (3950972)|VARIABLE_ASSIGNMENT|[38]|query|"SELECT Patient_Id__c (165 more) ..."
03:03:10.0 (3953113)|STATEMENT_EXECUTE|[39]
03:03:10.0 (3990817)|HEAP_ALLOCATE|[50]|Bytes:5
03:03:10.0 (4014952)|HEAP_ALLOCATE|[56]|Bytes:5
03:03:10.0 (4024080)|HEAP_ALLOCATE|[64]|Bytes:7
03:03:10.0 (5499469)|SOQL_EXECUTE_BEGIN|[39]|Aggregations:0|SELECT Patient_Id__c, Full_Name__c, Gender__c, Steps_Completed__c, Goal__c, Height__c, Heart_Rate__c, Weight__c FROM Patient__c where Patient_Id__c = :patientId ORDER BY createdDate ASC
03:03:10.0 (9317781)|SOQL_EXECUTE_END|[39]|Rows:1
03:03:10.0 (9335779)|HEAP_ALLOCATE|[39]|Bytes:8
03:03:10.0 (9356417)|HEAP_ALLOCATE|[39]|Bytes:353
03:03:10.0 (9440048)|HEAP_ALLOCATE|[39]|Bytes:8
03:03:10.0 (9461502)|VARIABLE_SCOPE_BEGIN|[39]|patientList|List<Patient__c>|true|false
03:03:10.0 (9504672)|VARIABLE_ASSIGNMENT|[39]|patientList|{"s":1,"v":[{"s":2,"v":{"Patient_Id__c":"P00003","Full_Name__c":"Bhagyashri","Gender__c":"Female","Steps_Completed__c":1000,"Goal__c":5000,"Height__c":5.30,"Heart_Rate__c":68,"Weight__c":52.00,"Id":"a012800000SBlH6AAL"}}]}|0x4eda90be
03:03:10.0 (9510507)|STATEMENT_EXECUTE|[40]
03:03:10.0 (9515185)|VARIABLE_SCOPE_BEGIN|[40]|wrapperObj|PatientWrapper|true|false
03:03:10.0 (9520193)|VARIABLE_ASSIGNMENT|[40]|wrapperObj|null|
03:03:10.0 (9521961)|STATEMENT_EXECUTE|[41]
03:03:10.0 (9527311)|HEAP_ALLOCATE|[41]|Bytes:15
03:03:10.0 (9640198)|HEAP_ALLOCATE|[41]|Bytes:191
03:03:10.0 (9663131)|HEAP_ALLOCATE|[41]|Bytes:206
03:03:10.0 (9688379)|USER_DEBUG|[41]|DEBUG|patientList => (Patient__c:{Patient_Id__c=P00003, Full_Name__c=Bhagyashri, Gender__c=Female, Steps_Completed__c=1000, Goal__c=5000, Height__c=5.30, Heart_Rate__c=68, Weight__c=52.00, Id=a012800000SBlH6AAL})
03:03:10.0 (9904491)|HEAP_ALLOCATE|[42]|Bytes:5
03:03:10.0 (9951448)|HEAP_ALLOCATE|[42]|Bytes:40
03:03:10.0 (9962306)|VARIABLE_SCOPE_BEGIN|[42]|patient|Patient__c|true|false
03:03:10.0 (9981044)|VARIABLE_ASSIGNMENT|[42]|patient|{"s":1,"v":{"Patient_Id__c":"P00003","Full_Name__c":"Bhagyashri","Gender__c":"Female","Steps_Completed__c":1000,"Goal__c":5000,"Height__c":5.30,"Heart_Rate__c":68,"Weight__c":52.00,"Id":"a012800000SBlH6AAL"}}|0x18ef3354
03:03:10.0 (9985660)|STATEMENT_EXECUTE|[42]
03:03:10.0 (9987341)|STATEMENT_EXECUTE|[43]
03:03:10.0 (10020862)|METHOD_ENTRY|[1]|01p280000085nGG|PatientWrapper.PatientWrapper()
03:03:10.0 (10025281)|STATEMENT_EXECUTE|[1]
03:03:10.0 (10030278)|STATEMENT_EXECUTE|[1]
03:03:10.0 (10037407)|METHOD_EXIT|[1]|PatientWrapper
03:03:10.0 (10062597)|HEAP_ALLOCATE|[43]|Bytes:36
03:03:10.0 (10075946)|CONSTRUCTOR_ENTRY|[43]|01p280000085nGG|<init>()
03:03:10.0 (10107119)|VARIABLE_SCOPE_BEGIN|[1]|this|PatientWrapper|true|false
03:03:10.0 (10193170)|VARIABLE_ASSIGNMENT|[1]|this|{}|0x598787e2
03:03:10.0 (10204015)|HEAP_ALLOCATE|[EXTERNAL]|Bytes:6
03:03:10.0 (10228364)|STATEMENT_EXECUTE|[1]
03:03:10.0 (10230579)|STATEMENT_EXECUTE|[3]
03:03:10.0 (10231950)|STATEMENT_EXECUTE|[6]
03:03:10.0 (10233187)|STATEMENT_EXECUTE|[9]
03:03:10.0 (10234414)|STATEMENT_EXECUTE|[12]
03:03:10.0 (10235711)|STATEMENT_EXECUTE|[15]
03:03:10.0 (10236923)|STATEMENT_EXECUTE|[18]
03:03:10.0 (10238137)|STATEMENT_EXECUTE|[21]
03:03:10.0 (10239368)|STATEMENT_EXECUTE|[24]
03:03:10.0 (10243654)|CONSTRUCTOR_EXIT|[43]|01p280000085nGG|<init>()
03:03:10.0 (10259646)|VARIABLE_ASSIGNMENT|[43]|wrapperObj|{}|0x598787e2
03:03:10.0 (10262410)|STATEMENT_EXECUTE|[45]
03:03:10.0 (10302915)|HEAP_ALLOCATE|[45]|Bytes:18
03:03:10.0 (10321021)|VARIABLE_ASSIGNMENT|[45]|this.id|"a012800000SBlH6AAL"|0x598787e2
03:03:10.0 (10324098)|STATEMENT_EXECUTE|[46]
03:03:10.0 (10348650)|VARIABLE_ASSIGNMENT|[46]|this.name|"Bhagyashri"|0x598787e2
03:03:10.0 (10351608)|STATEMENT_EXECUTE|[47]
03:03:10.0 (10395469)|HEAP_ALLOCATE|[47]|Bytes:12
03:03:10.0 (10408647)|VARIABLE_ASSIGNMENT|[47]|this.steps|1000.0|0x598787e2
03:03:10.0 (10411143)|STATEMENT_EXECUTE|[48]
03:03:10.0 (10431943)|HEAP_ALLOCATE|[48]|Bytes:12
03:03:10.0 (10441184)|VARIABLE_ASSIGNMENT|[48]|this.goal|5000.0|0x598787e2
03:03:10.0 (10443333)|STATEMENT_EXECUTE|[49]
03:03:10.0 (10460212)|HEAP_ALLOCATE|[49]|Bytes:12
03:03:10.0 (10468453)|VARIABLE_ASSIGNMENT|[49]|this.heartRate|68.0|0x598787e2
03:03:10.0 (10470638)|STATEMENT_EXECUTE|[50]
03:03:10.0 (10487614)|HEAP_ALLOCATE|[50]|Bytes:12
03:03:10.0 (10496830)|VARIABLE_ASSIGNMENT|[50]|this.height|5.3|0x598787e2
03:03:10.0 (10498905)|STATEMENT_EXECUTE|[51]
03:03:10.0 (10515118)|HEAP_ALLOCATE|[51]|Bytes:12
03:03:10.0 (10524027)|VARIABLE_ASSIGNMENT|[51]|this.weight|52.0|0x598787e2
03:03:10.0 (10525986)|STATEMENT_EXECUTE|[52]
03:03:10.0 (10546251)|VARIABLE_ASSIGNMENT|[52]|this.patient_Id|"P00003"|0x598787e2
03:03:10.0 (10560959)|HEAP_ALLOCATE|[42]|Bytes:5
03:03:10.0 (10572896)|VARIABLE_ASSIGNMENT|[42]|patient|null|
03:03:10.0 (10576547)|STATEMENT_EXECUTE|[56]
03:03:10.0 (10580097)|HEAP_ALLOCATE|[56]|Bytes:14
03:03:10.0 (10639318)|HEAP_ALLOCATE|[56]|Bytes:142
03:03:10.0 (10654720)|HEAP_ALLOCATE|[56]|Bytes:156
03:03:10.0 (10664557)|USER_DEBUG|[56]|DEBUG|wrapperObj => PatientWrapper:[goal=5000.0, heartRate=68.0, height=5.3, id=a012800000SBlH6AAL, name=Bhagyashri, patient_Id=P00003, steps=1000.0, weight=52.0]
03:03:10.0 (10670016)|STATEMENT_EXECUTE|[57]
03:03:10.0 (10680983)|SYSTEM_MODE_EXIT|false
03:03:10.10 (10727237)|CUMULATIVE_LIMIT_USAGE
03:03:10.10 (10727237)|LIMIT_USAGE_FOR_NS|(default)|
  Number of SOQL queries: 1 out of 100
  Number of query rows: 1 out of 50000
  Number of SOSL queries: 0 out of 20
  Number of DML statements: 0 out of 150
  Number of DML rows: 0 out of 10000
  Maximum CPU time: 0 out of 10000
  Maximum heap size: 0 out of 6000000
  Number of callouts: 0 out of 100
  Number of Email Invocations: 0 out of 10
  Number of future calls: 0 out of 50
  Number of queueable jobs added to the queue: 0 out of 50
  Number of Mobile Apex push calls: 0 out of 10

03:03:10.10 (10727237)|CUMULATIVE_LIMIT_USAGE_END

03:03:10.0 (10781909)|CODE_UNIT_FINISHED|PatientWrapperController.getPatientsById
03:03:10.0 (13445876)|CODE_UNIT_STARTED|[EXTERNAL]|Aura
03:03:10.0 (13494432)|CODE_UNIT_FINISHED|Aura
