36.0 APEX_CODE,FINEST;APEX_PROFILING,INFO;CALLOUT,INFO;DB,INFO;SYSTEM,DEBUG;VALIDATION,INFO;VISUALFORCE,INFO;WORKFLOW,INFO
02:35:23.0 (678825)|EXECUTION_STARTED
02:35:23.0 (717722)|CODE_UNIT_STARTED|[EXTERNAL]|aura
02:35:23.0 (1246668)|HEAP_ALLOCATE|[72]|Bytes:3
02:35:23.0 (1286229)|HEAP_ALLOCATE|[77]|Bytes:152
02:35:23.0 (1299614)|HEAP_ALLOCATE|[342]|Bytes:408
02:35:23.0 (1316749)|HEAP_ALLOCATE|[355]|Bytes:408
02:35:23.0 (1332373)|HEAP_ALLOCATE|[467]|Bytes:48
02:35:23.0 (1359395)|HEAP_ALLOCATE|[139]|Bytes:6
02:35:23.0 (1382925)|HEAP_ALLOCATE|[EXTERNAL]|Bytes:6
02:35:23.0 (1402939)|HEAP_ALLOCATE|[EXTERNAL]|Bytes:6
02:35:23.0 (3257417)|CODE_UNIT_STARTED|[EXTERNAL]|01p280000085nGQ|PatientWrapperController.getPatientsById
02:35:23.0 (3405160)|HEAP_ALLOCATE|[EXTERNAL]|Bytes:7
02:35:23.0 (3410651)|HEAP_ALLOCATE|[EXTERNAL]|Bytes:14
02:35:23.0 (3429370)|METHOD_ENTRY|[1]|01p280000085nGQ|PatientWrapperController.PatientWrapperController()
02:35:23.0 (3433954)|STATEMENT_EXECUTE|[1]
02:35:23.0 (3439054)|STATEMENT_EXECUTE|[1]
02:35:23.0 (3445410)|METHOD_EXIT|[1]|PatientWrapperController
02:35:23.0 (3450028)|HEAP_ALLOCATE|[EXTERNAL]|Bytes:6
02:35:23.0 (3460325)|SYSTEM_MODE_ENTER|false
02:35:23.0 (3471764)|VARIABLE_SCOPE_BEGIN|[36]|patientId|String|false|false
02:35:23.0 (3505384)|VARIABLE_ASSIGNMENT|[36]|patientId|"P00002"
02:35:23.0 (3516772)|STATEMENT_EXECUTE|[36]
02:35:23.0 (3518528)|STATEMENT_EXECUTE|[38]
02:35:23.0 (3522834)|HEAP_ALLOCATE|[38]|Bytes:185
02:35:23.0 (3528121)|VARIABLE_SCOPE_BEGIN|[38]|query|String|false|false
02:35:23.0 (3538537)|VARIABLE_ASSIGNMENT|[38]|query|"SELECT Patient_Id__c (165 more) ..."
02:35:23.0 (3540685)|STATEMENT_EXECUTE|[39]
02:35:23.0 (3575512)|HEAP_ALLOCATE|[50]|Bytes:5
02:35:23.0 (3600378)|HEAP_ALLOCATE|[56]|Bytes:5
02:35:23.0 (3609274)|HEAP_ALLOCATE|[64]|Bytes:7
02:35:23.0 (4241269)|SOQL_EXECUTE_BEGIN|[39]|Aggregations:0|SELECT Patient_Id__c, Full_Name__c, Gender__c, Steps_Completed__c, Goal__c, Height__c, Heart_Rate__c, Weight__c FROM Patient__c where Patient_Id__c = :patientId ORDER BY createdDate ASC
02:35:23.0 (8524303)|SOQL_EXECUTE_END|[39]|Rows:1
02:35:23.0 (8542006)|HEAP_ALLOCATE|[39]|Bytes:8
02:35:23.0 (8562082)|HEAP_ALLOCATE|[39]|Bytes:350
02:35:23.0 (8673943)|HEAP_ALLOCATE|[39]|Bytes:8
02:35:23.0 (8699903)|VARIABLE_SCOPE_BEGIN|[39]|patientList|List<Patient__c>|true|false
02:35:23.0 (8743093)|VARIABLE_ASSIGNMENT|[39]|patientList|{"s":1,"v":[{"s":2,"v":{"Patient_Id__c":"P00002","Full_Name__c":"Pallavi","Gender__c":"Female","Steps_Completed__c":6000,"Goal__c":6000,"Height__c":4.00,"Heart_Rate__c":72,"Weight__c":68.00,"Id":"a012800000SBjJnAAL"}}]}|0x6c249d41
02:35:23.0 (8747969)|STATEMENT_EXECUTE|[40]
02:35:23.0 (8752112)|VARIABLE_SCOPE_BEGIN|[40]|wrapperObj|PatientWrapper|true|false
02:35:23.0 (8757332)|VARIABLE_ASSIGNMENT|[40]|wrapperObj|null|
02:35:23.0 (8759082)|STATEMENT_EXECUTE|[41]
02:35:23.0 (8763919)|HEAP_ALLOCATE|[41]|Bytes:15
02:35:23.0 (8871484)|HEAP_ALLOCATE|[41]|Bytes:188
02:35:23.0 (8891870)|HEAP_ALLOCATE|[41]|Bytes:203
02:35:23.0 (8914535)|USER_DEBUG|[41]|DEBUG|patientList => (Patient__c:{Patient_Id__c=P00002, Full_Name__c=Pallavi, Gender__c=Female, Steps_Completed__c=6000, Goal__c=6000, Height__c=4.00, Heart_Rate__c=72, Weight__c=68.00, Id=a012800000SBjJnAAL})
02:35:23.0 (9133916)|HEAP_ALLOCATE|[42]|Bytes:5
02:35:23.0 (9179033)|HEAP_ALLOCATE|[42]|Bytes:40
02:35:23.0 (9190691)|VARIABLE_SCOPE_BEGIN|[42]|patient|Patient__c|true|false
02:35:23.0 (9216207)|VARIABLE_ASSIGNMENT|[42]|patient|{"s":1,"v":{"Patient_Id__c":"P00002","Full_Name__c":"Pallavi","Gender__c":"Female","Steps_Completed__c":6000,"Goal__c":6000,"Height__c":4.00,"Heart_Rate__c":72,"Weight__c":68.00,"Id":"a012800000SBjJnAAL"}}|0x3558a5a4
02:35:23.0 (9220450)|STATEMENT_EXECUTE|[42]
02:35:23.0 (9221989)|STATEMENT_EXECUTE|[43]
02:35:23.0 (9254841)|METHOD_ENTRY|[1]|01p280000085nGG|PatientWrapper.PatientWrapper()
02:35:23.0 (9258801)|STATEMENT_EXECUTE|[1]
02:35:23.0 (9263683)|STATEMENT_EXECUTE|[1]
02:35:23.0 (9271413)|METHOD_EXIT|[1]|PatientWrapper
02:35:23.0 (9292659)|HEAP_ALLOCATE|[43]|Bytes:36
02:35:23.0 (9309862)|CONSTRUCTOR_ENTRY|[43]|01p280000085nGG|<init>()
02:35:23.0 (9353232)|VARIABLE_SCOPE_BEGIN|[1]|this|PatientWrapper|true|false
02:35:23.0 (9444697)|VARIABLE_ASSIGNMENT|[1]|this|{}|0x5b9a3060
02:35:23.0 (9456082)|HEAP_ALLOCATE|[EXTERNAL]|Bytes:6
02:35:23.0 (9481332)|STATEMENT_EXECUTE|[1]
02:35:23.0 (9483417)|STATEMENT_EXECUTE|[3]
02:35:23.0 (9484643)|STATEMENT_EXECUTE|[6]
02:35:23.0 (9485745)|STATEMENT_EXECUTE|[9]
02:35:23.0 (9486733)|STATEMENT_EXECUTE|[12]
02:35:23.0 (9490806)|STATEMENT_EXECUTE|[15]
02:35:23.0 (9491829)|STATEMENT_EXECUTE|[18]
02:35:23.0 (9492862)|STATEMENT_EXECUTE|[21]
02:35:23.0 (9493916)|STATEMENT_EXECUTE|[24]
02:35:23.0 (9497920)|CONSTRUCTOR_EXIT|[43]|01p280000085nGG|<init>()
02:35:23.0 (9515854)|VARIABLE_ASSIGNMENT|[43]|wrapperObj|{}|0x5b9a3060
02:35:23.0 (9518601)|STATEMENT_EXECUTE|[45]
02:35:23.0 (9563339)|HEAP_ALLOCATE|[45]|Bytes:18
02:35:23.0 (9582352)|VARIABLE_ASSIGNMENT|[45]|this.id|"a012800000SBjJnAAL"|0x5b9a3060
02:35:23.0 (9585360)|STATEMENT_EXECUTE|[46]
02:35:23.0 (9610482)|VARIABLE_ASSIGNMENT|[46]|this.name|"Pallavi"|0x5b9a3060
02:35:23.0 (9613725)|STATEMENT_EXECUTE|[47]
02:35:23.0 (9662368)|HEAP_ALLOCATE|[47]|Bytes:12
02:35:23.0 (9675708)|VARIABLE_ASSIGNMENT|[47]|this.steps|6000.0|0x5b9a3060
02:35:23.0 (9678011)|STATEMENT_EXECUTE|[48]
02:35:23.0 (9699537)|HEAP_ALLOCATE|[48]|Bytes:12
02:35:23.0 (9708687)|VARIABLE_ASSIGNMENT|[48]|this.goal|6000.0|0x5b9a3060
02:35:23.0 (9710877)|STATEMENT_EXECUTE|[49]
02:35:23.0 (9728027)|HEAP_ALLOCATE|[49]|Bytes:12
02:35:23.0 (9736583)|VARIABLE_ASSIGNMENT|[49]|this.heartRate|72.0|0x5b9a3060
02:35:23.0 (9738655)|STATEMENT_EXECUTE|[50]
02:35:23.0 (9755862)|HEAP_ALLOCATE|[50]|Bytes:12
02:35:23.0 (9764289)|VARIABLE_ASSIGNMENT|[50]|this.height|4.0|0x5b9a3060
02:35:23.0 (9766396)|STATEMENT_EXECUTE|[51]
02:35:23.0 (9782448)|HEAP_ALLOCATE|[51]|Bytes:12
02:35:23.0 (9791239)|VARIABLE_ASSIGNMENT|[51]|this.weight|68.0|0x5b9a3060
02:35:23.0 (9793343)|STATEMENT_EXECUTE|[52]
02:35:23.0 (9812720)|VARIABLE_ASSIGNMENT|[52]|this.patient_Id|"P00002"|0x5b9a3060
02:35:23.0 (9826654)|HEAP_ALLOCATE|[42]|Bytes:5
02:35:23.0 (9839860)|VARIABLE_ASSIGNMENT|[42]|patient|null|
02:35:23.0 (9842952)|STATEMENT_EXECUTE|[56]
02:35:23.0 (9846617)|HEAP_ALLOCATE|[56]|Bytes:14
02:35:23.0 (9906181)|HEAP_ALLOCATE|[56]|Bytes:139
02:35:23.0 (9921174)|HEAP_ALLOCATE|[56]|Bytes:153
02:35:23.0 (9931694)|USER_DEBUG|[56]|DEBUG|wrapperObj => PatientWrapper:[goal=6000.0, heartRate=72.0, height=4.0, id=a012800000SBjJnAAL, name=Pallavi, patient_Id=P00002, steps=6000.0, weight=68.0]
02:35:23.0 (9937298)|STATEMENT_EXECUTE|[57]
02:35:23.0 (9949058)|SYSTEM_MODE_EXIT|false
02:35:23.9 (9991584)|CUMULATIVE_LIMIT_USAGE
02:35:23.9 (9991584)|LIMIT_USAGE_FOR_NS|(default)|
  Number of SOQL queries: 1 out of 100
  Number of query rows: 1 out of 50000
  Number of SOSL queries: 0 out of 20
  Number of DML statements: 0 out of 150
  Number of DML rows: 0 out of 10000
  Maximum CPU time: 0 out of 10000
  Maximum heap size: 0 out of 6000000
  Number of callouts: 0 out of 100
  Number of Email Invocations: 0 out of 10
  Number of future calls: 0 out of 50
  Number of queueable jobs added to the queue: 0 out of 50
  Number of Mobile Apex push calls: 0 out of 10

02:35:23.9 (9991584)|CUMULATIVE_LIMIT_USAGE_END

02:35:23.0 (10047230)|CODE_UNIT_FINISHED|PatientWrapperController.getPatientsById
02:35:23.0 (11927211)|CODE_UNIT_STARTED|[EXTERNAL]|Aura
02:35:23.0 (11977689)|CODE_UNIT_FINISHED|Aura
