36.0 APEX_CODE,FINEST;APEX_PROFILING,INFO;CALLOUT,INFO;DB,INFO;SYSTEM,DEBUG;VALIDATION,INFO;VISUALFORCE,INFO;WORKFLOW,INFO
04:34:13.0 (611989)|EXECUTION_STARTED
04:34:13.0 (655772)|CODE_UNIT_STARTED|[EXTERNAL]|aura
04:34:13.0 (1197107)|HEAP_ALLOCATE|[72]|Bytes:3
04:34:13.0 (1257292)|HEAP_ALLOCATE|[77]|Bytes:152
04:34:13.0 (1286082)|HEAP_ALLOCATE|[342]|Bytes:408
04:34:13.0 (1378873)|HEAP_ALLOCATE|[355]|Bytes:408
04:34:13.0 (1409965)|HEAP_ALLOCATE|[467]|Bytes:48
04:34:13.0 (1452062)|HEAP_ALLOCATE|[139]|Bytes:6
04:34:13.0 (1489301)|HEAP_ALLOCATE|[EXTERNAL]|Bytes:6
04:34:13.0 (1515645)|HEAP_ALLOCATE|[EXTERNAL]|Bytes:6
04:34:13.0 (2911491)|CODE_UNIT_STARTED|[EXTERNAL]|01p280000085nGQ|PatientWrapperController.getPatientsById
04:34:13.0 (3798732)|HEAP_ALLOCATE|[EXTERNAL]|Bytes:7
04:34:13.0 (3808728)|HEAP_ALLOCATE|[EXTERNAL]|Bytes:14
04:34:13.0 (3830662)|METHOD_ENTRY|[1]|01p280000085nGQ|PatientWrapperController.PatientWrapperController()
04:34:13.0 (3838294)|STATEMENT_EXECUTE|[1]
04:34:13.0 (3847013)|STATEMENT_EXECUTE|[1]
04:34:13.0 (3860043)|METHOD_EXIT|[1]|PatientWrapperController
04:34:13.0 (3868513)|HEAP_ALLOCATE|[EXTERNAL]|Bytes:6
04:34:13.0 (3883617)|SYSTEM_MODE_ENTER|false
04:34:13.0 (3902394)|VARIABLE_SCOPE_BEGIN|[36]|patientId|String|false|false
04:34:13.0 (3943810)|VARIABLE_ASSIGNMENT|[36]|patientId|"P00003"
04:34:13.0 (3977606)|STATEMENT_EXECUTE|[36]
04:34:13.0 (3981088)|STATEMENT_EXECUTE|[38]
04:34:13.0 (3987521)|HEAP_ALLOCATE|[38]|Bytes:185
04:34:13.0 (3997350)|VARIABLE_SCOPE_BEGIN|[38]|query|String|false|false
04:34:13.0 (4020798)|VARIABLE_ASSIGNMENT|[38]|query|"SELECT Patient_Id__c (165 more) ..."
04:34:13.0 (4026641)|STATEMENT_EXECUTE|[39]
04:34:13.0 (4075563)|HEAP_ALLOCATE|[50]|Bytes:5
04:34:13.0 (4113442)|HEAP_ALLOCATE|[56]|Bytes:5
04:34:13.0 (4129925)|HEAP_ALLOCATE|[64]|Bytes:7
04:34:13.0 (5602452)|SOQL_EXECUTE_BEGIN|[39]|Aggregations:0|SELECT Patient_Id__c, Full_Name__c, Gender__c, Steps_Completed__c, Goal__c, Height__c, Heart_Rate__c, Weight__c FROM Patient__c where Patient_Id__c = :patientId ORDER BY createdDate ASC
04:34:13.0 (10279631)|SOQL_EXECUTE_END|[39]|Rows:1
04:34:13.0 (10322645)|HEAP_ALLOCATE|[39]|Bytes:8
04:34:13.0 (10353490)|HEAP_ALLOCATE|[39]|Bytes:353
04:34:13.0 (10519272)|HEAP_ALLOCATE|[39]|Bytes:8
04:34:13.0 (10556460)|VARIABLE_SCOPE_BEGIN|[39]|patientList|List<Patient__c>|true|false
04:34:13.0 (10635039)|VARIABLE_ASSIGNMENT|[39]|patientList|{"s":1,"v":[{"s":2,"v":{"Patient_Id__c":"P00003","Full_Name__c":"Bhagyashri","Gender__c":"Female","Steps_Completed__c":1000,"Goal__c":5000,"Height__c":5.30,"Heart_Rate__c":68,"Weight__c":52.00,"Id":"a012800000SBlH6AAL"}}]}|0x1388015f
04:34:13.0 (10644963)|STATEMENT_EXECUTE|[40]
04:34:13.0 (10653330)|VARIABLE_SCOPE_BEGIN|[40]|wrapperObj|PatientWrapper|true|false
04:34:13.0 (10663542)|VARIABLE_ASSIGNMENT|[40]|wrapperObj|null|
04:34:13.0 (10667495)|STATEMENT_EXECUTE|[41]
04:34:13.0 (10675774)|HEAP_ALLOCATE|[41]|Bytes:15
04:34:13.0 (10867664)|HEAP_ALLOCATE|[41]|Bytes:191
04:34:13.0 (10903638)|HEAP_ALLOCATE|[41]|Bytes:206
04:34:13.0 (10938963)|USER_DEBUG|[41]|DEBUG|patientList => (Patient__c:{Patient_Id__c=P00003, Full_Name__c=Bhagyashri, Gender__c=Female, Steps_Completed__c=1000, Goal__c=5000, Height__c=5.30, Heart_Rate__c=68, Weight__c=52.00, Id=a012800000SBlH6AAL})
04:34:13.0 (11256107)|HEAP_ALLOCATE|[42]|Bytes:5
04:34:13.0 (11323385)|HEAP_ALLOCATE|[42]|Bytes:40
04:34:13.0 (11341183)|VARIABLE_SCOPE_BEGIN|[42]|patient|Patient__c|true|false
04:34:13.0 (11369635)|VARIABLE_ASSIGNMENT|[42]|patient|{"s":1,"v":{"Patient_Id__c":"P00003","Full_Name__c":"Bhagyashri","Gender__c":"Female","Steps_Completed__c":1000,"Goal__c":5000,"Height__c":5.30,"Heart_Rate__c":68,"Weight__c":52.00,"Id":"a012800000SBlH6AAL"}}|0x5f374d2c
04:34:13.0 (11376743)|STATEMENT_EXECUTE|[42]
04:34:13.0 (11379437)|STATEMENT_EXECUTE|[43]
04:34:13.0 (11402954)|METHOD_ENTRY|[1]|01p280000085nGG|PatientWrapper.PatientWrapper()
04:34:13.0 (11408780)|STATEMENT_EXECUTE|[1]
04:34:13.0 (11415775)|STATEMENT_EXECUTE|[1]
04:34:13.0 (11428395)|METHOD_EXIT|[1]|PatientWrapper
04:34:13.0 (11440912)|HEAP_ALLOCATE|[43]|Bytes:36
04:34:13.0 (11457148)|CONSTRUCTOR_ENTRY|[43]|01p280000085nGG|<init>()
04:34:13.0 (11506298)|VARIABLE_SCOPE_BEGIN|[1]|this|PatientWrapper|true|false
04:34:13.0 (11590602)|VARIABLE_ASSIGNMENT|[1]|this|{}|0x58ee800c
04:34:13.0 (11603501)|HEAP_ALLOCATE|[EXTERNAL]|Bytes:6
04:34:13.0 (11642392)|STATEMENT_EXECUTE|[1]
04:34:13.0 (11644502)|STATEMENT_EXECUTE|[3]
04:34:13.0 (11645855)|STATEMENT_EXECUTE|[6]
04:34:13.0 (11647032)|STATEMENT_EXECUTE|[9]
04:34:13.0 (11648112)|STATEMENT_EXECUTE|[12]
04:34:13.0 (11649392)|STATEMENT_EXECUTE|[15]
04:34:13.0 (11650489)|STATEMENT_EXECUTE|[18]
04:34:13.0 (11651601)|STATEMENT_EXECUTE|[21]
04:34:13.0 (11652731)|STATEMENT_EXECUTE|[24]
04:34:13.0 (11658034)|CONSTRUCTOR_EXIT|[43]|01p280000085nGG|<init>()
04:34:13.0 (11692664)|VARIABLE_ASSIGNMENT|[43]|wrapperObj|{}|0x58ee800c
04:34:13.0 (11695572)|STATEMENT_EXECUTE|[45]
04:34:13.0 (11733716)|HEAP_ALLOCATE|[45]|Bytes:18
04:34:13.0 (11752441)|VARIABLE_ASSIGNMENT|[45]|this.id|"a012800000SBlH6AAL"|0x58ee800c
04:34:13.0 (11755520)|STATEMENT_EXECUTE|[46]
04:34:13.0 (11779435)|VARIABLE_ASSIGNMENT|[46]|this.name|"Bhagyashri"|0x58ee800c
04:34:13.0 (11782632)|STATEMENT_EXECUTE|[47]
04:34:13.0 (11826374)|HEAP_ALLOCATE|[47]|Bytes:12
04:34:13.0 (11840417)|VARIABLE_ASSIGNMENT|[47]|this.steps|1000.0|0x58ee800c
04:34:13.0 (11843118)|STATEMENT_EXECUTE|[48]
04:34:13.0 (11863075)|HEAP_ALLOCATE|[48]|Bytes:12
04:34:13.0 (11872195)|VARIABLE_ASSIGNMENT|[48]|this.goal|5000.0|0x58ee800c
04:34:13.0 (11874525)|STATEMENT_EXECUTE|[49]
04:34:13.0 (11890858)|HEAP_ALLOCATE|[49]|Bytes:12
04:34:13.0 (11899240)|VARIABLE_ASSIGNMENT|[49]|this.heartRate|68.0|0x58ee800c
04:34:13.0 (11901563)|STATEMENT_EXECUTE|[50]
04:34:13.0 (11917639)|HEAP_ALLOCATE|[50]|Bytes:12
04:34:13.0 (11926891)|VARIABLE_ASSIGNMENT|[50]|this.height|5.3|0x58ee800c
04:34:13.0 (11929239)|STATEMENT_EXECUTE|[51]
04:34:13.0 (11945020)|HEAP_ALLOCATE|[51]|Bytes:12
04:34:13.0 (11953671)|VARIABLE_ASSIGNMENT|[51]|this.weight|52.0|0x58ee800c
04:34:13.0 (11955961)|STATEMENT_EXECUTE|[52]
04:34:13.0 (11974958)|VARIABLE_ASSIGNMENT|[52]|this.patient_Id|"P00003"|0x58ee800c
04:34:13.0 (11990824)|HEAP_ALLOCATE|[42]|Bytes:5
04:34:13.0 (12009608)|VARIABLE_ASSIGNMENT|[42]|patient|null|
04:34:13.0 (12014776)|STATEMENT_EXECUTE|[56]
04:34:13.0 (12018836)|HEAP_ALLOCATE|[56]|Bytes:14
04:34:13.0 (12097983)|HEAP_ALLOCATE|[56]|Bytes:142
04:34:13.0 (12114064)|HEAP_ALLOCATE|[56]|Bytes:156
04:34:13.0 (12124640)|USER_DEBUG|[56]|DEBUG|wrapperObj => PatientWrapper:[goal=5000.0, heartRate=68.0, height=5.3, id=a012800000SBlH6AAL, name=Bhagyashri, patient_Id=P00003, steps=1000.0, weight=52.0]
04:34:13.0 (12130389)|STATEMENT_EXECUTE|[57]
04:34:13.0 (12140945)|SYSTEM_MODE_EXIT|false
04:34:13.12 (12185255)|CUMULATIVE_LIMIT_USAGE
04:34:13.12 (12185255)|LIMIT_USAGE_FOR_NS|(default)|
  Number of SOQL queries: 1 out of 100
  Number of query rows: 1 out of 50000
  Number of SOSL queries: 0 out of 20
  Number of DML statements: 0 out of 150
  Number of DML rows: 0 out of 10000
  Maximum CPU time: 0 out of 10000
  Maximum heap size: 0 out of 6000000
  Number of callouts: 0 out of 100
  Number of Email Invocations: 0 out of 10
  Number of future calls: 0 out of 50
  Number of queueable jobs added to the queue: 0 out of 50
  Number of Mobile Apex push calls: 0 out of 10

04:34:13.12 (12185255)|CUMULATIVE_LIMIT_USAGE_END

04:34:13.0 (12234187)|CODE_UNIT_FINISHED|PatientWrapperController.getPatientsById
04:34:13.0 (14025566)|CODE_UNIT_STARTED|[EXTERNAL]|Aura
04:34:13.0 (14076630)|CODE_UNIT_FINISHED|Aura
