36.0 APEX_CODE,FINEST;APEX_PROFILING,INFO;CALLOUT,INFO;DB,INFO;SYSTEM,DEBUG;VALIDATION,INFO;VISUALFORCE,INFO;WORKFLOW,INFO
03:19:20.0 (597631)|EXECUTION_STARTED
03:19:20.0 (627399)|CODE_UNIT_STARTED|[EXTERNAL]|aura
03:19:20.0 (1129650)|HEAP_ALLOCATE|[72]|Bytes:3
03:19:20.0 (1179833)|HEAP_ALLOCATE|[77]|Bytes:152
03:19:20.0 (1200471)|HEAP_ALLOCATE|[342]|Bytes:408
03:19:20.0 (1215547)|HEAP_ALLOCATE|[355]|Bytes:408
03:19:20.0 (1229197)|HEAP_ALLOCATE|[467]|Bytes:48
03:19:20.0 (1255295)|HEAP_ALLOCATE|[139]|Bytes:6
03:19:20.0 (1278792)|HEAP_ALLOCATE|[EXTERNAL]|Bytes:6
03:19:20.0 (1296943)|HEAP_ALLOCATE|[EXTERNAL]|Bytes:6
03:19:20.0 (3363114)|CODE_UNIT_STARTED|[EXTERNAL]|01p280000085nGQ|PatientWrapperController.getPatientsById
03:19:20.0 (4252952)|HEAP_ALLOCATE|[EXTERNAL]|Bytes:7
03:19:20.0 (4259969)|HEAP_ALLOCATE|[EXTERNAL]|Bytes:14
03:19:20.0 (4276282)|METHOD_ENTRY|[1]|01p280000085nGQ|PatientWrapperController.PatientWrapperController()
03:19:20.0 (4280620)|STATEMENT_EXECUTE|[1]
03:19:20.0 (4288463)|STATEMENT_EXECUTE|[1]
03:19:20.0 (4295744)|METHOD_EXIT|[1]|PatientWrapperController
03:19:20.0 (4300387)|HEAP_ALLOCATE|[EXTERNAL]|Bytes:6
03:19:20.0 (4311034)|SYSTEM_MODE_ENTER|false
03:19:20.0 (4321181)|VARIABLE_SCOPE_BEGIN|[36]|patientId|String|false|false
03:19:20.0 (4351027)|VARIABLE_ASSIGNMENT|[36]|patientId|"P00002"
03:19:20.0 (4363993)|STATEMENT_EXECUTE|[36]
03:19:20.0 (4365734)|STATEMENT_EXECUTE|[38]
03:19:20.0 (4369350)|HEAP_ALLOCATE|[38]|Bytes:185
03:19:20.0 (4375685)|VARIABLE_SCOPE_BEGIN|[38]|query|String|false|false
03:19:20.0 (4386473)|VARIABLE_ASSIGNMENT|[38]|query|"SELECT Patient_Id__c (165 more) ..."
03:19:20.0 (4388697)|STATEMENT_EXECUTE|[39]
03:19:20.0 (4428400)|HEAP_ALLOCATE|[50]|Bytes:5
03:19:20.0 (4454545)|HEAP_ALLOCATE|[56]|Bytes:5
03:19:20.0 (4463048)|HEAP_ALLOCATE|[64]|Bytes:7
03:19:20.0 (5943248)|SOQL_EXECUTE_BEGIN|[39]|Aggregations:0|SELECT Patient_Id__c, Full_Name__c, Gender__c, Steps_Completed__c, Goal__c, Height__c, Heart_Rate__c, Weight__c FROM Patient__c where Patient_Id__c = :patientId ORDER BY createdDate ASC
03:19:20.0 (10196896)|SOQL_EXECUTE_END|[39]|Rows:1
03:19:20.0 (10211554)|HEAP_ALLOCATE|[39]|Bytes:8
03:19:20.0 (10231207)|HEAP_ALLOCATE|[39]|Bytes:350
03:19:20.0 (10323894)|HEAP_ALLOCATE|[39]|Bytes:8
03:19:20.0 (10345932)|VARIABLE_SCOPE_BEGIN|[39]|patientList|List<Patient__c>|true|false
03:19:20.0 (10384116)|VARIABLE_ASSIGNMENT|[39]|patientList|{"s":1,"v":[{"s":2,"v":{"Patient_Id__c":"P00002","Full_Name__c":"Pallavi","Gender__c":"Female","Steps_Completed__c":6000,"Goal__c":6000,"Height__c":4.00,"Heart_Rate__c":72,"Weight__c":68.00,"Id":"a012800000SBjJnAAL"}}]}|0x4243952b
03:19:20.0 (10388962)|STATEMENT_EXECUTE|[40]
03:19:20.0 (10396617)|VARIABLE_SCOPE_BEGIN|[40]|wrapperObj|PatientWrapper|true|false
03:19:20.0 (10402340)|VARIABLE_ASSIGNMENT|[40]|wrapperObj|null|
03:19:20.0 (10404743)|STATEMENT_EXECUTE|[41]
03:19:20.0 (10418651)|HEAP_ALLOCATE|[41]|Bytes:15
03:19:20.0 (10520772)|HEAP_ALLOCATE|[41]|Bytes:188
03:19:20.0 (10541283)|HEAP_ALLOCATE|[41]|Bytes:203
03:19:20.0 (10559343)|USER_DEBUG|[41]|DEBUG|patientList => (Patient__c:{Patient_Id__c=P00002, Full_Name__c=Pallavi, Gender__c=Female, Steps_Completed__c=6000, Goal__c=6000, Height__c=4.00, Heart_Rate__c=72, Weight__c=68.00, Id=a012800000SBjJnAAL})
03:19:20.0 (10764587)|HEAP_ALLOCATE|[42]|Bytes:5
03:19:20.0 (10805147)|HEAP_ALLOCATE|[42]|Bytes:40
03:19:20.0 (10816901)|VARIABLE_SCOPE_BEGIN|[42]|patient|Patient__c|true|false
03:19:20.0 (10835886)|VARIABLE_ASSIGNMENT|[42]|patient|{"s":1,"v":{"Patient_Id__c":"P00002","Full_Name__c":"Pallavi","Gender__c":"Female","Steps_Completed__c":6000,"Goal__c":6000,"Height__c":4.00,"Heart_Rate__c":72,"Weight__c":68.00,"Id":"a012800000SBjJnAAL"}}|0x325bc330
03:19:20.0 (10840772)|STATEMENT_EXECUTE|[42]
03:19:20.0 (10842382)|STATEMENT_EXECUTE|[43]
03:19:20.0 (10856267)|METHOD_ENTRY|[1]|01p280000085nGG|PatientWrapper.PatientWrapper()
03:19:20.0 (10859348)|STATEMENT_EXECUTE|[1]
03:19:20.0 (10863688)|STATEMENT_EXECUTE|[1]
03:19:20.0 (10869610)|METHOD_EXIT|[1]|PatientWrapper
03:19:20.0 (10876114)|HEAP_ALLOCATE|[43]|Bytes:36
03:19:20.0 (10886358)|CONSTRUCTOR_ENTRY|[43]|01p280000085nGG|<init>()
03:19:20.0 (10905840)|VARIABLE_SCOPE_BEGIN|[1]|this|PatientWrapper|true|false
03:19:20.0 (10942355)|VARIABLE_ASSIGNMENT|[1]|this|{}|0x46a1d1ca
03:19:20.0 (10957195)|HEAP_ALLOCATE|[EXTERNAL]|Bytes:6
03:19:20.0 (10990512)|STATEMENT_EXECUTE|[1]
03:19:20.0 (10993396)|STATEMENT_EXECUTE|[3]
03:19:20.0 (10994501)|STATEMENT_EXECUTE|[6]
03:19:20.0 (10995782)|STATEMENT_EXECUTE|[9]
03:19:20.0 (10996782)|STATEMENT_EXECUTE|[12]
03:19:20.0 (10998012)|STATEMENT_EXECUTE|[15]
03:19:20.0 (10999196)|STATEMENT_EXECUTE|[18]
03:19:20.0 (11000350)|STATEMENT_EXECUTE|[21]
03:19:20.0 (11002230)|STATEMENT_EXECUTE|[24]
03:19:20.0 (11006427)|CONSTRUCTOR_EXIT|[43]|01p280000085nGG|<init>()
03:19:20.0 (11025041)|VARIABLE_ASSIGNMENT|[43]|wrapperObj|{}|0x46a1d1ca
03:19:20.0 (11028543)|STATEMENT_EXECUTE|[45]
03:19:20.0 (11063833)|HEAP_ALLOCATE|[45]|Bytes:18
03:19:20.0 (11088406)|VARIABLE_ASSIGNMENT|[45]|this.id|"a012800000SBjJnAAL"|0x46a1d1ca
03:19:20.0 (11091746)|STATEMENT_EXECUTE|[46]
03:19:20.0 (11116723)|VARIABLE_ASSIGNMENT|[46]|this.name|"Pallavi"|0x46a1d1ca
03:19:20.0 (11119813)|STATEMENT_EXECUTE|[47]
03:19:20.0 (11170323)|HEAP_ALLOCATE|[47]|Bytes:12
03:19:20.0 (11183325)|VARIABLE_ASSIGNMENT|[47]|this.steps|6000.0|0x46a1d1ca
03:19:20.0 (11185937)|STATEMENT_EXECUTE|[48]
03:19:20.0 (11207879)|HEAP_ALLOCATE|[48]|Bytes:12
03:19:20.0 (11217040)|VARIABLE_ASSIGNMENT|[48]|this.goal|6000.0|0x46a1d1ca
03:19:20.0 (11219407)|STATEMENT_EXECUTE|[49]
03:19:20.0 (11236517)|HEAP_ALLOCATE|[49]|Bytes:12
03:19:20.0 (11244938)|VARIABLE_ASSIGNMENT|[49]|this.heartRate|72.0|0x46a1d1ca
03:19:20.0 (11247291)|STATEMENT_EXECUTE|[50]
03:19:20.0 (11263842)|HEAP_ALLOCATE|[50]|Bytes:12
03:19:20.0 (11272435)|VARIABLE_ASSIGNMENT|[50]|this.height|4.0|0x46a1d1ca
03:19:20.0 (11274705)|STATEMENT_EXECUTE|[51]
03:19:20.0 (11290669)|HEAP_ALLOCATE|[51]|Bytes:12
03:19:20.0 (11299299)|VARIABLE_ASSIGNMENT|[51]|this.weight|68.0|0x46a1d1ca
03:19:20.0 (11301482)|STATEMENT_EXECUTE|[52]
03:19:20.0 (11321207)|VARIABLE_ASSIGNMENT|[52]|this.patient_Id|"P00002"|0x46a1d1ca
03:19:20.0 (11336478)|HEAP_ALLOCATE|[42]|Bytes:5
03:19:20.0 (11349389)|VARIABLE_ASSIGNMENT|[42]|patient|null|
03:19:20.0 (11352449)|STATEMENT_EXECUTE|[56]
03:19:20.0 (11355273)|HEAP_ALLOCATE|[56]|Bytes:14
03:19:20.0 (11415055)|HEAP_ALLOCATE|[56]|Bytes:139
03:19:20.0 (11430831)|HEAP_ALLOCATE|[56]|Bytes:153
03:19:20.0 (11441197)|USER_DEBUG|[56]|DEBUG|wrapperObj => PatientWrapper:[goal=6000.0, heartRate=72.0, height=4.0, id=a012800000SBjJnAAL, name=Pallavi, patient_Id=P00002, steps=6000.0, weight=68.0]
03:19:20.0 (11447158)|STATEMENT_EXECUTE|[57]
03:19:20.0 (11454362)|SYSTEM_MODE_EXIT|false
03:19:20.11 (11501977)|CUMULATIVE_LIMIT_USAGE
03:19:20.11 (11501977)|LIMIT_USAGE_FOR_NS|(default)|
  Number of SOQL queries: 1 out of 100
  Number of query rows: 1 out of 50000
  Number of SOSL queries: 0 out of 20
  Number of DML statements: 0 out of 150
  Number of DML rows: 0 out of 10000
  Maximum CPU time: 0 out of 10000
  Maximum heap size: 0 out of 6000000
  Number of callouts: 0 out of 100
  Number of Email Invocations: 0 out of 10
  Number of future calls: 0 out of 50
  Number of queueable jobs added to the queue: 0 out of 50
  Number of Mobile Apex push calls: 0 out of 10

03:19:20.11 (11501977)|CUMULATIVE_LIMIT_USAGE_END

03:19:20.0 (11542565)|CODE_UNIT_FINISHED|PatientWrapperController.getPatientsById
03:19:20.0 (13686814)|CODE_UNIT_STARTED|[EXTERNAL]|Aura
03:19:20.0 (13737916)|CODE_UNIT_FINISHED|Aura
03:19:20.0 (52401725)|HEAP_ALLOCATE|[EXTERNAL]|Bytes:6
03:19:20.0 (52429452)|HEAP_ALLOCATE|[EXTERNAL]|Bytes:6
03:19:20.0 (53697870)|CODE_UNIT_STARTED|[EXTERNAL]|01p280000085nGQ|PatientWrapperController.getPatientsById
03:19:20.0 (53741026)|HEAP_ALLOCATE|[EXTERNAL]|Bytes:6
03:19:20.0 (53752043)|SYSTEM_MODE_ENTER|false
03:19:20.0 (53763416)|VARIABLE_SCOPE_BEGIN|[36]|patientId|String|false|false
03:19:20.0 (53779909)|VARIABLE_ASSIGNMENT|[36]|patientId|"P00002"
03:19:20.0 (53793010)|STATEMENT_EXECUTE|[36]
03:19:20.0 (53795124)|STATEMENT_EXECUTE|[38]
03:19:20.0 (53801251)|VARIABLE_SCOPE_BEGIN|[38]|query|String|false|false
03:19:20.0 (53812387)|VARIABLE_ASSIGNMENT|[38]|query|"SELECT Patient_Id__c (165 more) ..."
03:19:20.0 (53814849)|STATEMENT_EXECUTE|[39]
03:19:20.0 (54152376)|SOQL_EXECUTE_BEGIN|[39]|Aggregations:0|SELECT Patient_Id__c, Full_Name__c, Gender__c, Steps_Completed__c, Goal__c, Height__c, Heart_Rate__c, Weight__c FROM Patient__c where Patient_Id__c = :patientId ORDER BY createdDate ASC
03:19:20.0 (57139264)|SOQL_EXECUTE_END|[39]|Rows:1
03:19:20.0 (57152547)|HEAP_ALLOCATE|[39]|Bytes:8
03:19:20.0 (57172484)|HEAP_ALLOCATE|[39]|Bytes:350
03:19:20.0 (57191488)|HEAP_ALLOCATE|[39]|Bytes:8
03:19:20.0 (57209451)|VARIABLE_SCOPE_BEGIN|[39]|patientList|List<Patient__c>|true|false
03:19:20.0 (57248586)|VARIABLE_ASSIGNMENT|[39]|patientList|{"s":1,"v":[{"s":2,"v":{"Patient_Id__c":"P00002","Full_Name__c":"Pallavi","Gender__c":"Female","Steps_Completed__c":6000,"Goal__c":6000,"Height__c":4.00,"Heart_Rate__c":72,"Weight__c":68.00,"Id":"a012800000SBjJnAAL"}}]}|0x356b1c07
03:19:20.0 (57252961)|STATEMENT_EXECUTE|[40]
03:19:20.0 (57257187)|VARIABLE_SCOPE_BEGIN|[40]|wrapperObj|PatientWrapper|true|false
03:19:20.0 (57262479)|VARIABLE_ASSIGNMENT|[40]|wrapperObj|null|
03:19:20.0 (57264637)|STATEMENT_EXECUTE|[41]
03:19:20.0 (57338918)|HEAP_ALLOCATE|[41]|Bytes:188
03:19:20.0 (57357680)|HEAP_ALLOCATE|[41]|Bytes:203
03:19:20.0 (57370792)|USER_DEBUG|[41]|DEBUG|patientList => (Patient__c:{Patient_Id__c=P00002, Full_Name__c=Pallavi, Gender__c=Female, Steps_Completed__c=6000, Goal__c=6000, Height__c=4.00, Heart_Rate__c=72, Weight__c=68.00, Id=a012800000SBjJnAAL})
03:19:20.0 (57398081)|HEAP_ALLOCATE|[42]|Bytes:5
03:19:20.0 (57425433)|HEAP_ALLOCATE|[42]|Bytes:40
03:19:20.0 (57437142)|VARIABLE_SCOPE_BEGIN|[42]|patient|Patient__c|true|false
03:19:20.0 (57455175)|VARIABLE_ASSIGNMENT|[42]|patient|{"s":1,"v":{"Patient_Id__c":"P00002","Full_Name__c":"Pallavi","Gender__c":"Female","Steps_Completed__c":6000,"Goal__c":6000,"Height__c":4.00,"Heart_Rate__c":72,"Weight__c":68.00,"Id":"a012800000SBjJnAAL"}}|0x1b4eabf6
03:19:20.0 (57459579)|STATEMENT_EXECUTE|[42]
03:19:20.0 (57461128)|STATEMENT_EXECUTE|[43]
03:19:20.0 (57467532)|HEAP_ALLOCATE|[43]|Bytes:36
03:19:20.0 (57476329)|CONSTRUCTOR_ENTRY|[43]|01p280000085nGG|<init>()
03:19:20.0 (57484179)|VARIABLE_SCOPE_BEGIN|[1]|this|PatientWrapper|true|false
03:19:20.0 (57511859)|VARIABLE_ASSIGNMENT|[1]|this|{}|0x3874cea6
03:19:20.0 (57531074)|STATEMENT_EXECUTE|[1]
03:19:20.0 (57533096)|STATEMENT_EXECUTE|[3]
03:19:20.0 (57534156)|STATEMENT_EXECUTE|[6]
03:19:20.0 (57535218)|STATEMENT_EXECUTE|[9]
03:19:20.0 (57536205)|STATEMENT_EXECUTE|[12]
03:19:20.0 (57537356)|STATEMENT_EXECUTE|[15]
03:19:20.0 (57538445)|STATEMENT_EXECUTE|[18]
03:19:20.0 (57539758)|STATEMENT_EXECUTE|[21]
03:19:20.0 (57540878)|STATEMENT_EXECUTE|[24]
03:19:20.0 (57544209)|CONSTRUCTOR_EXIT|[43]|01p280000085nGG|<init>()
03:19:20.0 (57558019)|VARIABLE_ASSIGNMENT|[43]|wrapperObj|{}|0x3874cea6
03:19:20.0 (57561060)|STATEMENT_EXECUTE|[45]
03:19:20.0 (57579482)|HEAP_ALLOCATE|[45]|Bytes:18
03:19:20.0 (57592188)|VARIABLE_ASSIGNMENT|[45]|this.id|"a012800000SBjJnAAL"|0x3874cea6
03:19:20.0 (57594962)|STATEMENT_EXECUTE|[46]
03:19:20.0 (57604854)|VARIABLE_ASSIGNMENT|[46]|this.name|"Pallavi"|0x3874cea6
03:19:20.0 (57607035)|STATEMENT_EXECUTE|[47]
03:19:20.0 (57623892)|HEAP_ALLOCATE|[47]|Bytes:12
03:19:20.0 (57632380)|VARIABLE_ASSIGNMENT|[47]|this.steps|6000.0|0x3874cea6
03:19:20.0 (57634573)|STATEMENT_EXECUTE|[48]
03:19:20.0 (57641330)|HEAP_ALLOCATE|[48]|Bytes:12
03:19:20.0 (57647256)|VARIABLE_ASSIGNMENT|[48]|this.goal|6000.0|0x3874cea6
03:19:20.0 (57649291)|STATEMENT_EXECUTE|[49]
03:19:20.0 (57655787)|HEAP_ALLOCATE|[49]|Bytes:12
03:19:20.0 (57661801)|VARIABLE_ASSIGNMENT|[49]|this.heartRate|72.0|0x3874cea6
03:19:20.0 (57663849)|STATEMENT_EXECUTE|[50]
03:19:20.0 (57670490)|HEAP_ALLOCATE|[50]|Bytes:12
03:19:20.0 (57676627)|VARIABLE_ASSIGNMENT|[50]|this.height|4.0|0x3874cea6
03:19:20.0 (57678638)|STATEMENT_EXECUTE|[51]
03:19:20.0 (57684945)|HEAP_ALLOCATE|[51]|Bytes:12
03:19:20.0 (57690881)|VARIABLE_ASSIGNMENT|[51]|this.weight|68.0|0x3874cea6
03:19:20.0 (57692864)|STATEMENT_EXECUTE|[52]
03:19:20.0 (57700959)|VARIABLE_ASSIGNMENT|[52]|this.patient_Id|"P00002"|0x3874cea6
03:19:20.0 (57713700)|HEAP_ALLOCATE|[42]|Bytes:5
03:19:20.0 (57725138)|VARIABLE_ASSIGNMENT|[42]|patient|null|
03:19:20.0 (57728162)|STATEMENT_EXECUTE|[56]
03:19:20.0 (57767462)|HEAP_ALLOCATE|[56]|Bytes:139
03:19:20.0 (57780808)|HEAP_ALLOCATE|[56]|Bytes:153
03:19:20.0 (57789929)|USER_DEBUG|[56]|DEBUG|wrapperObj => PatientWrapper:[goal=6000.0, heartRate=72.0, height=4.0, id=a012800000SBjJnAAL, name=Pallavi, patient_Id=P00002, steps=6000.0, weight=68.0]
03:19:20.0 (57795628)|STATEMENT_EXECUTE|[57]
03:19:20.0 (57802259)|SYSTEM_MODE_EXIT|false
03:19:20.57 (57850062)|CUMULATIVE_LIMIT_USAGE
03:19:20.57 (57850062)|LIMIT_USAGE_FOR_NS|(default)|
  Number of SOQL queries: 2 out of 100
  Number of query rows: 2 out of 50000
  Number of SOSL queries: 0 out of 20
  Number of DML statements: 0 out of 150
  Number of DML rows: 0 out of 10000
  Maximum CPU time: 0 out of 10000
  Maximum heap size: 0 out of 6000000
  Number of callouts: 0 out of 100
  Number of Email Invocations: 0 out of 10
  Number of future calls: 0 out of 50
  Number of queueable jobs added to the queue: 0 out of 50
  Number of Mobile Apex push calls: 0 out of 10

03:19:20.57 (57850062)|CUMULATIVE_LIMIT_USAGE_END

03:19:20.0 (57892831)|CODE_UNIT_FINISHED|PatientWrapperController.getPatientsById
03:19:20.0 (59657878)|CODE_UNIT_STARTED|[EXTERNAL]|Aura
03:19:20.0 (59704207)|CODE_UNIT_FINISHED|Aura
