36.0 APEX_CODE,FINEST;APEX_PROFILING,INFO;CALLOUT,INFO;DB,INFO;SYSTEM,DEBUG;VALIDATION,INFO;VISUALFORCE,INFO;WORKFLOW,INFO
04:13:06.86 (86909582)|STATEMENT_EXECUTE|[1]
04:13:06.86 (86971503)|METHOD_EXIT|[1]|LightningLoginFormController
04:13:06.86 (86990803)|SYSTEM_MODE_ENTER|false
04:13:06.86 (87003775)|STATEMENT_EXECUTE|[20]
04:13:06.86 (87006368)|STATEMENT_EXECUTE|[21]
04:13:06.86 (87029823)|METHOD_ENTRY|[21]|01p28000007YwEc|LightningLoginFormController.getAuthConfig()
04:13:06.86 (87071758)|STATEMENT_EXECUTE|[46]
04:13:06.86 (87073870)|STATEMENT_EXECUTE|[47]
04:13:06.86 (87083146)|METHOD_ENTRY|[47]||System.Network.getNetworkId()
04:13:06.86 (87123850)|METHOD_EXIT|[47]||System.Network.getNetworkId()
04:13:06.86 (87147728)|HEAP_ALLOCATE|[47]|Bytes:4
04:13:06.86 (87159731)|VARIABLE_SCOPE_BEGIN|[47]|networkId|Id|false|false
04:13:06.86 (87307752)|VARIABLE_ASSIGNMENT|[47]|networkId|"0DB28000000ZeTiGAK"
04:13:06.86 (87313126)|STATEMENT_EXECUTE|[48]
04:13:06.86 (87320961)|HEAP_ALLOCATE|[48]|Bytes:68
04:13:06.86 (87346844)|CONSTRUCTOR_ENTRY|[48]||<init>(Id,String)
04:13:06.86 (100764778)|VARIABLE_SCOPE_BEGIN|[48]|authConfig|Auth.AuthConfiguration|true|false
04:13:06.86 (100843300)|VARIABLE_ASSIGNMENT|[48]|authConfig|{"backgroundColor":"#B1BAC1","baseUrl":"https://eternusrnd-d (23 more) ...","communityUrl":"https://eternusrnd-d (24 more) ...","isCommunity":true,"logoUrl":"https://eternusrnd-d (39 more) ...","networkId":"0DB28000000ZeTiGAK","startUrl":"","urlPathPrefix":""}|0x645f0f86
04:13:06.86 (100850322)|STATEMENT_EXECUTE|[49]
04:13:06.86 (100859751)|METHOD_EXIT|[21]|01p28000007YwEc|LightningLoginFormController.getAuthConfig()
04:13:06.86 (100865568)|VARIABLE_SCOPE_BEGIN|[21]|authConfig|Auth.AuthConfiguration|true|false
04:13:06.86 (100892929)|VARIABLE_ASSIGNMENT|[21]|authConfig|{"backgroundColor":"#B1BAC1","baseUrl":"https://eternusrnd-d (23 more) ...","communityUrl":"https://eternusrnd-d (24 more) ...","isCommunity":true,"logoUrl":"https://eternusrnd-d (39 more) ...","networkId":"0DB28000000ZeTiGAK","startUrl":"","urlPathPrefix":""}|0x645f0f86
04:13:06.86 (100897076)|STATEMENT_EXECUTE|[22]
04:13:06.86 (100928320)|METHOD_ENTRY|[22]||Auth.AuthConfiguration.getUsernamePasswordEnabled()
04:13:06.86 (104514871)|METHOD_EXIT|[22]||Auth.AuthConfiguration.getUsernamePasswordEnabled()
04:13:06.86 (104529884)|SYSTEM_MODE_EXIT|false
04:13:06.104 (104572947)|CUMULATIVE_LIMIT_USAGE
04:13:06.104 (104572947)|LIMIT_USAGE_FOR_NS|(default)|
  Number of SOQL queries: 0 out of 100
  Number of query rows: 0 out of 50000
  Number of SOSL queries: 0 out of 20
  Number of DML statements: 0 out of 150
  Number of DML rows: 0 out of 10000
  Maximum CPU time: 0 out of 10000
  Maximum heap size: 0 out of 6000000
  Number of callouts: 0 out of 100
  Number of Email Invocations: 0 out of 10
  Number of future calls: 0 out of 50
  Number of queueable jobs added to the queue: 0 out of 50
  Number of Mobile Apex push calls: 0 out of 10

04:13:06.104 (104572947)|CUMULATIVE_LIMIT_USAGE_END

04:13:06.86 (104623398)|CODE_UNIT_FINISHED|LightningLoginFormController.getIsUsernamePasswordEnabled
04:13:06.86 (106561497)|EXECUTION_FINISHED
04:13:06.108 (108083774)|EXECUTION_STARTED
04:13:06.108 (108094197)|CODE_UNIT_STARTED|[EXTERNAL]|01p28000007YwEc|LightningLoginFormController.getIsSelfRegistrationEnabled
04:13:06.108 (108124934)|SYSTEM_MODE_ENTER|false
04:13:06.108 (108135292)|STATEMENT_EXECUTE|[26]
04:13:06.108 (108137251)|STATEMENT_EXECUTE|[27]
04:13:06.108 (108146036)|METHOD_ENTRY|[27]|01p28000007YwEc|LightningLoginFormController.getAuthConfig()
04:13:06.108 (108166723)|STATEMENT_EXECUTE|[46]
04:13:06.108 (108168451)|STATEMENT_EXECUTE|[47]
04:13:06.108 (108175271)|METHOD_ENTRY|[47]||System.Network.getNetworkId()
04:13:06.108 (108198025)|METHOD_EXIT|[47]||System.Network.getNetworkId()
04:13:06.108 (108207310)|HEAP_ALLOCATE|[47]|Bytes:4
04:13:06.108 (108215121)|VARIABLE_SCOPE_BEGIN|[47]|networkId|Id|false|false
04:13:06.108 (108320268)|VARIABLE_ASSIGNMENT|[47]|networkId|"0DB28000000ZeTiGAK"
04:13:06.108 (108325487)|STATEMENT_EXECUTE|[48]
04:13:06.108 (108331964)|HEAP_ALLOCATE|[48]|Bytes:68
04:13:06.108 (108347670)|CONSTRUCTOR_ENTRY|[48]||<init>(Id,String)
04:13:06.108 (122279257)|VARIABLE_SCOPE_BEGIN|[48]|authConfig|Auth.AuthConfiguration|true|false
04:13:06.108 (122358828)|VARIABLE_ASSIGNMENT|[48]|authConfig|{"backgroundColor":"#B1BAC1","baseUrl":"https://eternusrnd-d (23 more) ...","communityUrl":"https://eternusrnd-d (24 more) ...","isCommunity":true,"logoUrl":"https://eternusrnd-d (39 more) ...","networkId":"0DB28000000ZeTiGAK","startUrl":"","urlPathPrefix":""}|0x63a7ece7
04:13:06.108 (122367449)|STATEMENT_EXECUTE|[49]
04:13:06.108 (122378370)|METHOD_EXIT|[27]|01p28000007YwEc|LightningLoginFormController.getAuthConfig()
04:13:06.108 (122384292)|VARIABLE_SCOPE_BEGIN|[27]|authConfig|Auth.AuthConfiguration|true|false
04:13:06.108 (122411034)|VARIABLE_ASSIGNMENT|[27]|authConfig|{"backgroundColor":"#B1BAC1","baseUrl":"https://eternusrnd-d (23 more) ...","communityUrl":"https://eternusrnd-d (24 more) ...","isCommunity":true,"logoUrl":"https://eternusrnd-d (39 more) ...","networkId":"0DB28000000ZeTiGAK","startUrl":"","urlPathPrefix":""}|0x63a7ece7
04:13:06.108 (122415228)|STATEMENT_EXECUTE|[28]
04:13:06.108 (122447544)|METHOD_ENTRY|[28]||Auth.AuthConfiguration.getSelfRegistrationEnabled()
04:13:06.108 (122558622)|METHOD_EXIT|[28]||Auth.AuthConfiguration.getSelfRegistrationEnabled()
04:13:06.108 (122565461)|HEAP_ALLOCATE|[28]|Bytes:5
04:13:06.108 (122581413)|SYSTEM_MODE_EXIT|false
04:13:06.122 (122632879)|CUMULATIVE_LIMIT_USAGE
04:13:06.122 (122632879)|LIMIT_USAGE_FOR_NS|(default)|
  Number of SOQL queries: 0 out of 100
  Number of query rows: 0 out of 50000
  Number of SOSL queries: 0 out of 20
  Number of DML statements: 0 out of 150
  Number of DML rows: 0 out of 10000
  Maximum CPU time: 0 out of 10000
  Maximum heap size: 0 out of 6000000
  Number of callouts: 0 out of 100
  Number of Email Invocations: 0 out of 10
  Number of future calls: 0 out of 50
  Number of queueable jobs added to the queue: 0 out of 50
  Number of Mobile Apex push calls: 0 out of 10

04:13:06.122 (122632879)|CUMULATIVE_LIMIT_USAGE_END

04:13:06.108 (122683900)|CODE_UNIT_FINISHED|LightningLoginFormController.getIsSelfRegistrationEnabled
04:13:06.108 (124861451)|EXECUTION_FINISHED
04:13:06.126 (126276160)|EXECUTION_STARTED
04:13:06.126 (126287480)|CODE_UNIT_STARTED|[EXTERNAL]|01p28000007YwEc|LightningLoginFormController.getForgotPasswordUrl
04:13:06.126 (126322603)|SYSTEM_MODE_ENTER|false
04:13:06.126 (126337148)|STATEMENT_EXECUTE|[41]
04:13:06.126 (126339774)|STATEMENT_EXECUTE|[42]
04:13:06.126 (126353828)|METHOD_ENTRY|[42]|01p28000007YwEc|LightningLoginFormController.getAuthConfig()
04:13:06.126 (126384975)|STATEMENT_EXECUTE|[46]
04:13:06.126 (126386807)|STATEMENT_EXECUTE|[47]
04:13:06.126 (126394675)|METHOD_ENTRY|[47]||System.Network.getNetworkId()
04:13:06.126 (126422198)|METHOD_EXIT|[47]||System.Network.getNetworkId()
04:13:06.126 (126431309)|HEAP_ALLOCATE|[47]|Bytes:4
04:13:06.126 (126440199)|VARIABLE_SCOPE_BEGIN|[47]|networkId|Id|false|false
04:13:06.126 (126549058)|VARIABLE_ASSIGNMENT|[47]|networkId|"0DB28000000ZeTiGAK"
04:13:06.126 (126554262)|STATEMENT_EXECUTE|[48]
04:13:06.126 (126561715)|HEAP_ALLOCATE|[48]|Bytes:68
04:13:06.126 (126580899)|CONSTRUCTOR_ENTRY|[48]||<init>(Id,String)
04:13:06.126 (138868528)|VARIABLE_SCOPE_BEGIN|[48]|authConfig|Auth.AuthConfiguration|true|false
04:13:06.126 (138930053)|VARIABLE_ASSIGNMENT|[48]|authConfig|{"backgroundColor":"#B1BAC1","baseUrl":"https://eternusrnd-d (23 more) ...","communityUrl":"https://eternusrnd-d (24 more) ...","isCommunity":true,"logoUrl":"https://eternusrnd-d (39 more) ...","networkId":"0DB28000000ZeTiGAK","startUrl":"","urlPathPrefix":""}|0x4a4af256
04:13:06.126 (138936966)|STATEMENT_EXECUTE|[49]
04:13:06.126 (138946036)|METHOD_EXIT|[42]|01p28000007YwEc|LightningLoginFormController.getAuthConfig()
04:13:06.126 (138951877)|VARIABLE_SCOPE_BEGIN|[42]|authConfig|Auth.AuthConfiguration|true|false
04:13:06.126 (138978405)|VARIABLE_ASSIGNMENT|[42]|authConfig|{"backgroundColor":"#B1BAC1","baseUrl":"https://eternusrnd-d (23 more) ...","communityUrl":"https://eternusrnd-d (24 more) ...","isCommunity":true,"logoUrl":"https://eternusrnd-d (39 more) ...","networkId":"0DB28000000ZeTiGAK","startUrl":"","urlPathPrefix":""}|0x4a4af256
04:13:06.126 (138982643)|STATEMENT_EXECUTE|[43]
04:13:06.126 (139010927)|METHOD_ENTRY|[43]||Auth.AuthConfiguration.getForgotPasswordUrl()
04:13:06.126 (141567490)|METHOD_EXIT|[43]||Auth.AuthConfiguration.getForgotPasswordUrl()
04:13:06.126 (141583835)|SYSTEM_MODE_EXIT|false
04:13:06.141 (141647843)|CUMULATIVE_LIMIT_USAGE
04:13:06.141 (141647843)|LIMIT_USAGE_FOR_NS|(default)|
  Number of SOQL queries: 0 out of 100
  Number of query rows: 0 out of 50000
  Number of SOSL queries: 0 out of 20
  Number of DML statements: 0 out of 150
  Number of DML rows: 0 out of 10000
  Maximum CPU time: 0 out of 10000
  Maximum heap size: 0 out of 6000000
  Number of callouts: 0 out of 100
  Number of Email Invocations: 0 out of 10
  Number of future calls: 0 out of 50
  Number of queueable jobs added to the queue: 0 out of 50
  Number of Mobile Apex push calls: 0 out of 10

04:13:06.141 (141647843)|CUMULATIVE_LIMIT_USAGE_END

04:13:06.126 (141700932)|CODE_UNIT_FINISHED|LightningLoginFormController.getForgotPasswordUrl
04:13:06.126 (143756602)|EXECUTION_FINISHED
04:13:06.145 (145171310)|EXECUTION_STARTED
04:13:06.145 (145189318)|CODE_UNIT_STARTED|[EXTERNAL]|01p28000007YwEc|LightningLoginFormController.getSelfRegistrationUrl
04:13:06.145 (145246769)|SYSTEM_MODE_ENTER|false
04:13:06.145 (145270436)|STATEMENT_EXECUTE|[32]
04:13:06.145 (145274792)|STATEMENT_EXECUTE|[33]
04:13:06.145 (145296538)|METHOD_ENTRY|[33]|01p28000007YwEc|LightningLoginFormController.getAuthConfig()
04:13:06.145 (145347449)|STATEMENT_EXECUTE|[46]
04:13:06.145 (145350820)|STATEMENT_EXECUTE|[47]
04:13:06.145 (145363291)|METHOD_ENTRY|[47]||System.Network.getNetworkId()
04:13:06.145 (145407794)|METHOD_EXIT|[47]||System.Network.getNetworkId()
04:13:06.145 (145424637)|HEAP_ALLOCATE|[47]|Bytes:4
04:13:06.145 (145441589)|VARIABLE_SCOPE_BEGIN|[47]|networkId|Id|false|false
04:13:06.145 (145650180)|VARIABLE_ASSIGNMENT|[47]|networkId|"0DB28000000ZeTiGAK"
04:13:06.145 (145655700)|STATEMENT_EXECUTE|[48]
04:13:06.145 (145663606)|HEAP_ALLOCATE|[48]|Bytes:68
04:13:06.145 (145685080)|CONSTRUCTOR_ENTRY|[48]||<init>(Id,String)
04:13:06.145 (159824622)|VARIABLE_SCOPE_BEGIN|[48]|authConfig|Auth.AuthConfiguration|true|false
04:13:06.145 (159895974)|VARIABLE_ASSIGNMENT|[48]|authConfig|{"backgroundColor":"#B1BAC1","baseUrl":"https://eternusrnd-d (23 more) ...","communityUrl":"https://eternusrnd-d (24 more) ...","isCommunity":true,"logoUrl":"https://eternusrnd-d (39 more) ...","networkId":"0DB28000000ZeTiGAK","startUrl":"","urlPathPrefix":""}|0x2ea68ef8
04:13:06.145 (159902639)|STATEMENT_EXECUTE|[49]
04:13:06.145 (159912890)|METHOD_EXIT|[33]|01p28000007YwEc|LightningLoginFormController.getAuthConfig()
04:13:06.145 (159919071)|VARIABLE_SCOPE_BEGIN|[33]|authConfig|Auth.AuthConfiguration|true|false
04:13:06.145 (159945412)|VARIABLE_ASSIGNMENT|[33]|authConfig|{"backgroundColor":"#B1BAC1","baseUrl":"https://eternusrnd-d (23 more) ...","communityUrl":"https://eternusrnd-d (24 more) ...","isCommunity":true,"logoUrl":"https://eternusrnd-d (39 more) ...","networkId":"0DB28000000ZeTiGAK","startUrl":"","urlPathPrefix":""}|0x2ea68ef8
04:13:06.145 (159964118)|METHOD_ENTRY|[34]||Auth.AuthConfiguration.getSelfRegistrationEnabled()
04:13:06.145 (160055795)|METHOD_EXIT|[34]||Auth.AuthConfiguration.getSelfRegistrationEnabled()
04:13:06.145 (160065186)|STATEMENT_EXECUTE|[34]
04:13:06.145 (160067936)|STATEMENT_EXECUTE|[37]
04:13:06.145 (160084574)|SYSTEM_MODE_EXIT|false
04:13:06.160 (160124430)|CUMULATIVE_LIMIT_USAGE
04:13:06.160 (160124430)|LIMIT_USAGE_FOR_NS|(default)|
  Number of SOQL queries: 0 out of 100
  Number of query rows: 0 out of 50000
  Number of SOSL queries: 0 out of 20
  Number of DML statements: 0 out of 150
  Number of DML rows: 0 out of 10000
  Maximum CPU time: 0 out of 10000
  Maximum heap size: 0 out of 6000000
  Number of callouts: 0 out of 100
  Number of Email Invocations: 0 out of 10
  Number of future calls: 0 out of 50
  Number of queueable jobs added to the queue: 0 out of 50
  Number of Mobile Apex push calls: 0 out of 10

04:13:06.160 (160124430)|CUMULATIVE_LIMIT_USAGE_END

04:13:06.145 (160169307)|CODE_UNIT_FINISHED|LightningLoginFormController.getSelfRegistrationUrl
04:13:06.145 (162359436)|EXECUTION_FINISHED
04:13:06.168 (168601770)|HEAP_ALLOCATE|[EXTERNAL]|Bytes:18
04:13:06.168 (168634567)|SYSTEM_METHOD_ENTRY|[1]|SocialLoginController.SocialLoginController()
04:13:06.168 (168638778)|STATEMENT_EXECUTE|[1]
