36.0 APEX_CODE,FINEST;APEX_PROFILING,INFO;CALLOUT,INFO;DB,INFO;SYSTEM,DEBUG;VALIDATION,INFO;VISUALFORCE,INFO;WORKFLOW,INFO
03:09:02.0 (79130)|EXECUTION_STARTED
03:09:02.0 (113348)|CODE_UNIT_STARTED|[EXTERNAL]|aura
03:09:02.0 (648696)|HEAP_ALLOCATE|[72]|Bytes:3
03:09:02.0 (683854)|HEAP_ALLOCATE|[77]|Bytes:152
03:09:02.0 (700140)|HEAP_ALLOCATE|[342]|Bytes:408
03:09:02.0 (716960)|HEAP_ALLOCATE|[355]|Bytes:408
03:09:02.0 (732942)|HEAP_ALLOCATE|[467]|Bytes:48
03:09:02.0 (758908)|HEAP_ALLOCATE|[139]|Bytes:6
03:09:02.0 (782474)|HEAP_ALLOCATE|[EXTERNAL]|Bytes:6
03:09:02.0 (801282)|HEAP_ALLOCATE|[EXTERNAL]|Bytes:6
03:09:02.0 (2457087)|CODE_UNIT_STARTED|[EXTERNAL]|01p280000085nGQ|PatientWrapperController.getPatientsById
03:09:02.0 (2635693)|HEAP_ALLOCATE|[EXTERNAL]|Bytes:7
03:09:02.0 (2643689)|HEAP_ALLOCATE|[EXTERNAL]|Bytes:14
03:09:02.0 (2661426)|METHOD_ENTRY|[1]|01p280000085nGQ|PatientWrapperController.PatientWrapperController()
03:09:02.0 (2667393)|STATEMENT_EXECUTE|[1]
03:09:02.0 (2675376)|STATEMENT_EXECUTE|[1]
03:09:02.0 (2684062)|METHOD_EXIT|[1]|PatientWrapperController
03:09:02.0 (2690152)|HEAP_ALLOCATE|[EXTERNAL]|Bytes:6
03:09:02.0 (2704609)|SYSTEM_MODE_ENTER|false
03:09:02.0 (2721970)|VARIABLE_SCOPE_BEGIN|[36]|patientId|String|false|false
03:09:02.0 (2777102)|VARIABLE_ASSIGNMENT|[36]|patientId|"4LR2VZ"
03:09:02.0 (2794791)|STATEMENT_EXECUTE|[36]
03:09:02.0 (2798056)|STATEMENT_EXECUTE|[38]
03:09:02.0 (2804303)|HEAP_ALLOCATE|[38]|Bytes:185
03:09:02.0 (2814255)|VARIABLE_SCOPE_BEGIN|[38]|query|String|false|false
03:09:02.0 (2830786)|VARIABLE_ASSIGNMENT|[38]|query|"SELECT Patient_Id__c (165 more) ..."
03:09:02.0 (2834801)|STATEMENT_EXECUTE|[39]
03:09:02.0 (2884062)|HEAP_ALLOCATE|[50]|Bytes:5
03:09:02.0 (2917035)|HEAP_ALLOCATE|[56]|Bytes:5
03:09:02.0 (2931294)|HEAP_ALLOCATE|[64]|Bytes:7
03:09:02.0 (3652541)|SOQL_EXECUTE_BEGIN|[39]|Aggregations:0|SELECT Patient_Id__c, Full_Name__c, Gender__c, Steps_Completed__c, Goal__c, Height__c, Heart_Rate__c, Weight__c FROM Patient__c where Patient_Id__c = :patientId ORDER BY createdDate ASC
03:09:02.0 (7399010)|SOQL_EXECUTE_END|[39]|Rows:1
03:09:02.0 (7420719)|HEAP_ALLOCATE|[39]|Bytes:8
03:09:02.0 (7444003)|HEAP_ALLOCATE|[39]|Bytes:352
03:09:02.0 (7571130)|HEAP_ALLOCATE|[39]|Bytes:8
03:09:02.0 (7597344)|VARIABLE_SCOPE_BEGIN|[39]|patientList|List<Patient__c>|true|false
03:09:02.0 (7647050)|VARIABLE_ASSIGNMENT|[39]|patientList|{"s":1,"v":[{"s":2,"v":{"Patient_Id__c":"4LR2VZ","Full_Name__c":"Purushottam","Gender__c":"Male","Steps_Completed__c":1000,"Goal__c":5000,"Height__c":5.00,"Heart_Rate__c":65,"Weight__c":50.00,"Id":"a012800000SBjJTAA1"}}]}|0x16b99c56
03:09:02.0 (7652692)|STATEMENT_EXECUTE|[40]
03:09:02.0 (7657470)|VARIABLE_SCOPE_BEGIN|[40]|wrapperObj|PatientWrapper|true|false
03:09:02.0 (7663751)|VARIABLE_ASSIGNMENT|[40]|wrapperObj|null|
03:09:02.0 (7665663)|STATEMENT_EXECUTE|[41]
03:09:02.0 (7670965)|HEAP_ALLOCATE|[41]|Bytes:15
03:09:02.0 (7807194)|HEAP_ALLOCATE|[41]|Bytes:190
03:09:02.0 (7832946)|HEAP_ALLOCATE|[41]|Bytes:205
03:09:02.0 (7858826)|USER_DEBUG|[41]|DEBUG|patientList => (Patient__c:{Patient_Id__c=4LR2VZ, Full_Name__c=Purushottam, Gender__c=Male, Steps_Completed__c=1000, Goal__c=5000, Height__c=5.00, Heart_Rate__c=65, Weight__c=50.00, Id=a012800000SBjJTAA1})
03:09:02.0 (8076913)|HEAP_ALLOCATE|[42]|Bytes:5
03:09:02.0 (8126391)|HEAP_ALLOCATE|[42]|Bytes:40
03:09:02.0 (8139713)|VARIABLE_SCOPE_BEGIN|[42]|patient|Patient__c|true|false
03:09:02.0 (8160502)|VARIABLE_ASSIGNMENT|[42]|patient|{"s":1,"v":{"Patient_Id__c":"4LR2VZ","Full_Name__c":"Purushottam","Gender__c":"Male","Steps_Completed__c":1000,"Goal__c":5000,"Height__c":5.00,"Heart_Rate__c":65,"Weight__c":50.00,"Id":"a012800000SBjJTAA1"}}|0x3c718db4
03:09:02.0 (8165347)|STATEMENT_EXECUTE|[42]
03:09:02.0 (8166882)|STATEMENT_EXECUTE|[43]
03:09:02.0 (8206002)|METHOD_ENTRY|[1]|01p280000085nGG|PatientWrapper.PatientWrapper()
03:09:02.0 (8210125)|STATEMENT_EXECUTE|[1]
03:09:02.0 (8218326)|STATEMENT_EXECUTE|[1]
03:09:02.0 (8232476)|METHOD_EXIT|[1]|PatientWrapper
03:09:02.0 (8268988)|HEAP_ALLOCATE|[43]|Bytes:36
03:09:02.0 (8288820)|CONSTRUCTOR_ENTRY|[43]|01p280000085nGG|<init>()
03:09:02.0 (8336523)|VARIABLE_SCOPE_BEGIN|[1]|this|PatientWrapper|true|false
03:09:02.0 (8466935)|VARIABLE_ASSIGNMENT|[1]|this|{}|0x64eb3417
03:09:02.0 (8481748)|HEAP_ALLOCATE|[EXTERNAL]|Bytes:6
03:09:02.0 (8518009)|STATEMENT_EXECUTE|[1]
03:09:02.0 (8521624)|STATEMENT_EXECUTE|[3]
03:09:02.0 (8523763)|STATEMENT_EXECUTE|[6]
03:09:02.0 (8526084)|STATEMENT_EXECUTE|[9]
03:09:02.0 (8528058)|STATEMENT_EXECUTE|[12]
03:09:02.0 (8530233)|STATEMENT_EXECUTE|[15]
03:09:02.0 (8532472)|STATEMENT_EXECUTE|[18]
03:09:02.0 (8534520)|STATEMENT_EXECUTE|[21]
03:09:02.0 (8536751)|STATEMENT_EXECUTE|[24]
03:09:02.0 (8543208)|CONSTRUCTOR_EXIT|[43]|01p280000085nGG|<init>()
03:09:02.0 (8568885)|VARIABLE_ASSIGNMENT|[43]|wrapperObj|{}|0x64eb3417
03:09:02.0 (8574629)|STATEMENT_EXECUTE|[45]
03:09:02.0 (8623839)|HEAP_ALLOCATE|[45]|Bytes:18
03:09:02.0 (8648078)|VARIABLE_ASSIGNMENT|[45]|this.id|"a012800000SBjJTAA1"|0x64eb3417
03:09:02.0 (8653165)|STATEMENT_EXECUTE|[46]
03:09:02.0 (8692007)|VARIABLE_ASSIGNMENT|[46]|this.name|"Purushottam"|0x64eb3417
03:09:02.0 (8697844)|STATEMENT_EXECUTE|[47]
03:09:02.0 (8764035)|HEAP_ALLOCATE|[47]|Bytes:12
03:09:02.0 (8783491)|VARIABLE_ASSIGNMENT|[47]|this.steps|1000.0|0x64eb3417
03:09:02.0 (8787877)|STATEMENT_EXECUTE|[48]
03:09:02.0 (8820482)|HEAP_ALLOCATE|[48]|Bytes:12
03:09:02.0 (8836099)|VARIABLE_ASSIGNMENT|[48]|this.goal|5000.0|0x64eb3417
03:09:02.0 (8839793)|STATEMENT_EXECUTE|[49]
03:09:02.0 (8869135)|HEAP_ALLOCATE|[49]|Bytes:12
03:09:02.0 (8885255)|VARIABLE_ASSIGNMENT|[49]|this.heartRate|65.0|0x64eb3417
03:09:02.0 (8888421)|STATEMENT_EXECUTE|[50]
03:09:02.0 (8911418)|HEAP_ALLOCATE|[50]|Bytes:12
03:09:02.0 (8921662)|VARIABLE_ASSIGNMENT|[50]|this.height|5.0|0x64eb3417
03:09:02.0 (8924169)|STATEMENT_EXECUTE|[51]
03:09:02.0 (8941077)|HEAP_ALLOCATE|[51]|Bytes:12
03:09:02.0 (8950603)|VARIABLE_ASSIGNMENT|[51]|this.weight|50.0|0x64eb3417
03:09:02.0 (8953169)|STATEMENT_EXECUTE|[52]
03:09:02.0 (8974083)|VARIABLE_ASSIGNMENT|[52]|this.patient_Id|"4LR2VZ"|0x64eb3417
03:09:02.0 (8989906)|HEAP_ALLOCATE|[42]|Bytes:5
03:09:02.0 (9004044)|VARIABLE_ASSIGNMENT|[42]|patient|null|
03:09:02.0 (9008782)|STATEMENT_EXECUTE|[56]
03:09:02.0 (9012482)|HEAP_ALLOCATE|[56]|Bytes:14
03:09:02.0 (9077532)|HEAP_ALLOCATE|[56]|Bytes:143
03:09:02.0 (9093734)|HEAP_ALLOCATE|[56]|Bytes:157
03:09:02.0 (9105173)|USER_DEBUG|[56]|DEBUG|wrapperObj => PatientWrapper:[goal=5000.0, heartRate=65.0, height=5.0, id=a012800000SBjJTAA1, name=Purushottam, patient_Id=4LR2VZ, steps=1000.0, weight=50.0]
03:09:02.0 (9111545)|STATEMENT_EXECUTE|[57]
03:09:02.0 (9127608)|SYSTEM_MODE_EXIT|false
03:09:02.9 (9176222)|CUMULATIVE_LIMIT_USAGE
03:09:02.9 (9176222)|LIMIT_USAGE_FOR_NS|(default)|
  Number of SOQL queries: 1 out of 100
  Number of query rows: 1 out of 50000
  Number of SOSL queries: 0 out of 20
  Number of DML statements: 0 out of 150
  Number of DML rows: 0 out of 10000
  Maximum CPU time: 0 out of 10000
  Maximum heap size: 0 out of 6000000
  Number of callouts: 0 out of 100
  Number of Email Invocations: 0 out of 10
  Number of future calls: 0 out of 50
  Number of queueable jobs added to the queue: 0 out of 50
  Number of Mobile Apex push calls: 0 out of 10

03:09:02.9 (9176222)|CUMULATIVE_LIMIT_USAGE_END

03:09:02.0 (9232456)|CODE_UNIT_FINISHED|PatientWrapperController.getPatientsById
03:09:02.0 (11588713)|CODE_UNIT_STARTED|[EXTERNAL]|Aura
03:09:02.0 (11652945)|CODE_UNIT_FINISHED|Aura
03:09:02.0 (11948416)|HEAP_ALLOCATE|[EXTERNAL]|Bytes:6
03:09:02.0 (11969119)|HEAP_ALLOCATE|[EXTERNAL]|Bytes:6
03:09:02.0 (13310738)|CODE_UNIT_STARTED|[EXTERNAL]|01p280000085nGQ|PatientWrapperController.getPatientsById
03:09:02.0 (13349995)|HEAP_ALLOCATE|[EXTERNAL]|Bytes:6
03:09:02.0 (13361993)|SYSTEM_MODE_ENTER|false
03:09:02.0 (13368531)|VARIABLE_SCOPE_BEGIN|[36]|patientId|String|false|false
03:09:02.0 (13377827)|VARIABLE_ASSIGNMENT|[36]|patientId|"4LR2VZ"
03:09:02.0 (13385430)|STATEMENT_EXECUTE|[36]
03:09:02.0 (13387260)|STATEMENT_EXECUTE|[38]
03:09:02.0 (13392228)|VARIABLE_SCOPE_BEGIN|[38]|query|String|false|false
03:09:02.0 (13399807)|VARIABLE_ASSIGNMENT|[38]|query|"SELECT Patient_Id__c (165 more) ..."
03:09:02.0 (13401850)|STATEMENT_EXECUTE|[39]
03:09:02.0 (13718055)|SOQL_EXECUTE_BEGIN|[39]|Aggregations:0|SELECT Patient_Id__c, Full_Name__c, Gender__c, Steps_Completed__c, Goal__c, Height__c, Heart_Rate__c, Weight__c FROM Patient__c where Patient_Id__c = :patientId ORDER BY createdDate ASC
03:09:02.0 (17764012)|SOQL_EXECUTE_END|[39]|Rows:1
03:09:02.0 (17788227)|HEAP_ALLOCATE|[39]|Bytes:8
03:09:02.0 (17812315)|HEAP_ALLOCATE|[39]|Bytes:352
03:09:02.0 (17839307)|HEAP_ALLOCATE|[39]|Bytes:8
03:09:02.0 (17871227)|VARIABLE_SCOPE_BEGIN|[39]|patientList|List<Patient__c>|true|false
03:09:02.0 (17931823)|VARIABLE_ASSIGNMENT|[39]|patientList|{"s":1,"v":[{"s":2,"v":{"Patient_Id__c":"4LR2VZ","Full_Name__c":"Purushottam","Gender__c":"Male","Steps_Completed__c":1000,"Goal__c":5000,"Height__c":5.00,"Heart_Rate__c":65,"Weight__c":50.00,"Id":"a012800000SBjJTAA1"}}]}|0x743ae889
03:09:02.0 (17939877)|STATEMENT_EXECUTE|[40]
03:09:02.0 (17947037)|VARIABLE_SCOPE_BEGIN|[40]|wrapperObj|PatientWrapper|true|false
03:09:02.0 (17957671)|VARIABLE_ASSIGNMENT|[40]|wrapperObj|null|
03:09:02.0 (17961654)|STATEMENT_EXECUTE|[41]
03:09:02.0 (18089655)|HEAP_ALLOCATE|[41]|Bytes:190
03:09:02.0 (18117485)|HEAP_ALLOCATE|[41]|Bytes:205
03:09:02.0 (18137015)|USER_DEBUG|[41]|DEBUG|patientList => (Patient__c:{Patient_Id__c=4LR2VZ, Full_Name__c=Purushottam, Gender__c=Male, Steps_Completed__c=1000, Goal__c=5000, Height__c=5.00, Heart_Rate__c=65, Weight__c=50.00, Id=a012800000SBjJTAA1})
03:09:02.0 (18186107)|HEAP_ALLOCATE|[42]|Bytes:5
03:09:02.0 (18229846)|HEAP_ALLOCATE|[42]|Bytes:40
03:09:02.0 (18246504)|VARIABLE_SCOPE_BEGIN|[42]|patient|Patient__c|true|false
03:09:02.0 (18274376)|VARIABLE_ASSIGNMENT|[42]|patient|{"s":1,"v":{"Patient_Id__c":"4LR2VZ","Full_Name__c":"Purushottam","Gender__c":"Male","Steps_Completed__c":1000,"Goal__c":5000,"Height__c":5.00,"Heart_Rate__c":65,"Weight__c":50.00,"Id":"a012800000SBjJTAA1"}}|0x54a6b3e0
03:09:02.0 (18281167)|STATEMENT_EXECUTE|[42]
03:09:02.0 (18283389)|STATEMENT_EXECUTE|[43]
03:09:02.0 (18293682)|HEAP_ALLOCATE|[43]|Bytes:36
03:09:02.0 (18307860)|CONSTRUCTOR_ENTRY|[43]|01p280000085nGG|<init>()
03:09:02.0 (18319067)|VARIABLE_SCOPE_BEGIN|[1]|this|PatientWrapper|true|false
03:09:02.0 (18361362)|VARIABLE_ASSIGNMENT|[1]|this|{}|0x57c76a54
03:09:02.0 (18388565)|STATEMENT_EXECUTE|[1]
03:09:02.0 (18392156)|STATEMENT_EXECUTE|[3]
03:09:02.0 (18394609)|STATEMENT_EXECUTE|[6]
03:09:02.0 (18396690)|STATEMENT_EXECUTE|[9]
03:09:02.0 (18398838)|STATEMENT_EXECUTE|[12]
03:09:02.0 (18401033)|STATEMENT_EXECUTE|[15]
03:09:02.0 (18403139)|STATEMENT_EXECUTE|[18]
03:09:02.0 (18405164)|STATEMENT_EXECUTE|[21]
03:09:02.0 (18406966)|STATEMENT_EXECUTE|[24]
03:09:02.0 (18412947)|CONSTRUCTOR_EXIT|[43]|01p280000085nGG|<init>()
03:09:02.0 (18436430)|VARIABLE_ASSIGNMENT|[43]|wrapperObj|{}|0x57c76a54
03:09:02.0 (18441556)|STATEMENT_EXECUTE|[45]
03:09:02.0 (18462941)|HEAP_ALLOCATE|[45]|Bytes:18
03:09:02.0 (18485474)|VARIABLE_ASSIGNMENT|[45]|this.id|"a012800000SBjJTAA1"|0x57c76a54
03:09:02.0 (18490366)|STATEMENT_EXECUTE|[46]
03:09:02.0 (18509710)|VARIABLE_ASSIGNMENT|[46]|this.name|"Purushottam"|0x57c76a54
03:09:02.0 (18514270)|STATEMENT_EXECUTE|[47]
03:09:02.0 (18537393)|HEAP_ALLOCATE|[47]|Bytes:12
03:09:02.0 (18553025)|VARIABLE_ASSIGNMENT|[47]|this.steps|1000.0|0x57c76a54
03:09:02.0 (18555789)|STATEMENT_EXECUTE|[48]
03:09:02.0 (18567263)|HEAP_ALLOCATE|[48]|Bytes:12
03:09:02.0 (18575889)|VARIABLE_ASSIGNMENT|[48]|this.goal|5000.0|0x57c76a54
03:09:02.0 (18578173)|STATEMENT_EXECUTE|[49]
03:09:02.0 (18585080)|HEAP_ALLOCATE|[49]|Bytes:12
03:09:02.0 (18591862)|VARIABLE_ASSIGNMENT|[49]|this.heartRate|65.0|0x57c76a54
03:09:02.0 (18594023)|STATEMENT_EXECUTE|[50]
03:09:02.0 (18601003)|HEAP_ALLOCATE|[50]|Bytes:12
03:09:02.0 (18608241)|VARIABLE_ASSIGNMENT|[50]|this.height|5.0|0x57c76a54
03:09:02.0 (18612312)|STATEMENT_EXECUTE|[51]
03:09:02.0 (18624355)|HEAP_ALLOCATE|[51]|Bytes:12
03:09:02.0 (18638330)|VARIABLE_ASSIGNMENT|[51]|this.weight|50.0|0x57c76a54
03:09:02.0 (18642948)|STATEMENT_EXECUTE|[52]
03:09:02.0 (18662144)|VARIABLE_ASSIGNMENT|[52]|this.patient_Id|"4LR2VZ"|0x57c76a54
03:09:02.0 (18683243)|HEAP_ALLOCATE|[42]|Bytes:5
03:09:02.0 (18699007)|VARIABLE_ASSIGNMENT|[42]|patient|null|
03:09:02.0 (18702530)|STATEMENT_EXECUTE|[56]
03:09:02.0 (18751154)|HEAP_ALLOCATE|[56]|Bytes:143
03:09:02.0 (18765683)|HEAP_ALLOCATE|[56]|Bytes:157
03:09:02.0 (18775000)|USER_DEBUG|[56]|DEBUG|wrapperObj => PatientWrapper:[goal=5000.0, heartRate=65.0, height=5.0, id=a012800000SBjJTAA1, name=Purushottam, patient_Id=4LR2VZ, steps=1000.0, weight=50.0]
03:09:02.0 (18781249)|STATEMENT_EXECUTE|[57]
03:09:02.0 (18797883)|SYSTEM_MODE_EXIT|false
03:09:02.18 (18842101)|CUMULATIVE_LIMIT_USAGE
03:09:02.18 (18842101)|LIMIT_USAGE_FOR_NS|(default)|
  Number of SOQL queries: 2 out of 100
  Number of query rows: 2 out of 50000
  Number of SOSL queries: 0 out of 20
  Number of DML statements: 0 out of 150
  Number of DML rows: 0 out of 10000
  Maximum CPU time: 0 out of 10000
  Maximum heap size: 0 out of 6000000
  Number of callouts: 0 out of 100
  Number of Email Invocations: 0 out of 10
  Number of future calls: 0 out of 50
  Number of queueable jobs added to the queue: 0 out of 50
  Number of Mobile Apex push calls: 0 out of 10

03:09:02.18 (18842101)|CUMULATIVE_LIMIT_USAGE_END

03:09:02.0 (18891763)|CODE_UNIT_FINISHED|PatientWrapperController.getPatientsById
03:09:02.0 (21232671)|CODE_UNIT_STARTED|[EXTERNAL]|Aura
03:09:02.0 (21315994)|CODE_UNIT_FINISHED|Aura
