36.0 APEX_CODE,FINEST;APEX_PROFILING,INFO;CALLOUT,INFO;DB,INFO;SYSTEM,DEBUG;VALIDATION,INFO;VISUALFORCE,INFO;WORKFLOW,INFO
04:58:36.0 (520622)|EXECUTION_STARTED
04:58:36.0 (553177)|CODE_UNIT_STARTED|[EXTERNAL]|aura
04:58:36.0 (1025748)|HEAP_ALLOCATE|[72]|Bytes:3
04:58:36.0 (1082637)|HEAP_ALLOCATE|[77]|Bytes:152
04:58:36.0 (1099654)|HEAP_ALLOCATE|[342]|Bytes:408
04:58:36.0 (1116024)|HEAP_ALLOCATE|[355]|Bytes:408
04:58:36.0 (1130144)|HEAP_ALLOCATE|[467]|Bytes:48
04:58:36.0 (1160600)|HEAP_ALLOCATE|[139]|Bytes:6
04:58:36.0 (1191211)|HEAP_ALLOCATE|[EXTERNAL]|Bytes:6
04:58:36.0 (1208362)|HEAP_ALLOCATE|[EXTERNAL]|Bytes:6
04:58:36.0 (2691046)|CODE_UNIT_STARTED|[EXTERNAL]|01p280000085nGQ|PatientWrapperController.getPatientsById
04:58:36.0 (3510202)|HEAP_ALLOCATE|[EXTERNAL]|Bytes:7
04:58:36.0 (3516912)|HEAP_ALLOCATE|[EXTERNAL]|Bytes:14
04:58:36.0 (3530763)|METHOD_ENTRY|[1]|01p280000085nGQ|PatientWrapperController.PatientWrapperController()
04:58:36.0 (3535285)|STATEMENT_EXECUTE|[1]
04:58:36.0 (3540452)|STATEMENT_EXECUTE|[1]
04:58:36.0 (3546862)|METHOD_EXIT|[1]|PatientWrapperController
04:58:36.0 (3551521)|HEAP_ALLOCATE|[EXTERNAL]|Bytes:6
04:58:36.0 (3562383)|SYSTEM_MODE_ENTER|false
04:58:36.0 (3575394)|VARIABLE_SCOPE_BEGIN|[36]|patientId|String|false|false
04:58:36.0 (3607339)|VARIABLE_ASSIGNMENT|[36]|patientId|"P00002"
04:58:36.0 (3619928)|STATEMENT_EXECUTE|[36]
04:58:36.0 (3621741)|STATEMENT_EXECUTE|[38]
04:58:36.0 (3626173)|HEAP_ALLOCATE|[38]|Bytes:185
04:58:36.0 (3631967)|VARIABLE_SCOPE_BEGIN|[38]|query|String|false|false
04:58:36.0 (3644332)|VARIABLE_ASSIGNMENT|[38]|query|"SELECT Patient_Id__c (165 more) ..."
04:58:36.0 (3646955)|STATEMENT_EXECUTE|[39]
04:58:36.0 (3684049)|HEAP_ALLOCATE|[50]|Bytes:5
04:58:36.0 (3739583)|HEAP_ALLOCATE|[56]|Bytes:5
04:58:36.0 (3750376)|HEAP_ALLOCATE|[64]|Bytes:7
04:58:36.0 (5200019)|SOQL_EXECUTE_BEGIN|[39]|Aggregations:0|SELECT Patient_Id__c, Full_Name__c, Gender__c, Steps_Completed__c, Goal__c, Height__c, Heart_Rate__c, Weight__c FROM Patient__c where Patient_Id__c = :patientId ORDER BY createdDate ASC
04:58:36.0 (9563430)|SOQL_EXECUTE_END|[39]|Rows:1
04:58:36.0 (9578446)|HEAP_ALLOCATE|[39]|Bytes:8
04:58:36.0 (9602708)|HEAP_ALLOCATE|[39]|Bytes:350
04:58:36.0 (9725208)|HEAP_ALLOCATE|[39]|Bytes:8
04:58:36.0 (9747626)|VARIABLE_SCOPE_BEGIN|[39]|patientList|List<Patient__c>|true|false
04:58:36.0 (9791322)|VARIABLE_ASSIGNMENT|[39]|patientList|{"s":1,"v":[{"s":2,"v":{"Patient_Id__c":"P00002","Full_Name__c":"Pallavi","Gender__c":"Female","Steps_Completed__c":6000,"Goal__c":6000,"Height__c":4.00,"Heart_Rate__c":72,"Weight__c":68.00,"Id":"a012800000SBjJnAAL"}}]}|0x11bebaf4
04:58:36.0 (9796168)|STATEMENT_EXECUTE|[40]
04:58:36.0 (9800214)|VARIABLE_SCOPE_BEGIN|[40]|wrapperObj|PatientWrapper|true|false
04:58:36.0 (9806874)|VARIABLE_ASSIGNMENT|[40]|wrapperObj|null|
04:58:36.0 (9809853)|STATEMENT_EXECUTE|[41]
04:58:36.0 (9816270)|HEAP_ALLOCATE|[41]|Bytes:15
04:58:36.0 (9919328)|HEAP_ALLOCATE|[41]|Bytes:188
04:58:36.0 (9942173)|HEAP_ALLOCATE|[41]|Bytes:203
04:58:36.0 (9965132)|USER_DEBUG|[41]|DEBUG|patientList => (Patient__c:{Patient_Id__c=P00002, Full_Name__c=Pallavi, Gender__c=Female, Steps_Completed__c=6000, Goal__c=6000, Height__c=4.00, Heart_Rate__c=72, Weight__c=68.00, Id=a012800000SBjJnAAL})
04:58:36.0 (10173021)|HEAP_ALLOCATE|[42]|Bytes:5
04:58:36.0 (10218706)|HEAP_ALLOCATE|[42]|Bytes:40
04:58:36.0 (10231104)|VARIABLE_SCOPE_BEGIN|[42]|patient|Patient__c|true|false
04:58:36.0 (10251187)|VARIABLE_ASSIGNMENT|[42]|patient|{"s":1,"v":{"Patient_Id__c":"P00002","Full_Name__c":"Pallavi","Gender__c":"Female","Steps_Completed__c":6000,"Goal__c":6000,"Height__c":4.00,"Heart_Rate__c":72,"Weight__c":68.00,"Id":"a012800000SBjJnAAL"}}|0x10a1549b
04:58:36.0 (10255612)|STATEMENT_EXECUTE|[42]
04:58:36.0 (10257189)|STATEMENT_EXECUTE|[43]
04:58:36.0 (10272167)|METHOD_ENTRY|[1]|01p280000085nGG|PatientWrapper.PatientWrapper()
04:58:36.0 (10275140)|STATEMENT_EXECUTE|[1]
04:58:36.0 (10278441)|STATEMENT_EXECUTE|[1]
04:58:36.0 (10284808)|METHOD_EXIT|[1]|PatientWrapper
04:58:36.0 (10292607)|HEAP_ALLOCATE|[43]|Bytes:36
04:58:36.0 (10305140)|CONSTRUCTOR_ENTRY|[43]|01p280000085nGG|<init>()
04:58:36.0 (10329651)|VARIABLE_SCOPE_BEGIN|[1]|this|PatientWrapper|true|false
04:58:36.0 (10363427)|VARIABLE_ASSIGNMENT|[1]|this|{}|0x5c9d800e
04:58:36.0 (10373610)|HEAP_ALLOCATE|[EXTERNAL]|Bytes:6
04:58:36.0 (10396855)|STATEMENT_EXECUTE|[1]
04:58:36.0 (10398894)|STATEMENT_EXECUTE|[3]
04:58:36.0 (10400205)|STATEMENT_EXECUTE|[6]
04:58:36.0 (10401374)|STATEMENT_EXECUTE|[9]
04:58:36.0 (10402511)|STATEMENT_EXECUTE|[12]
04:58:36.0 (10403789)|STATEMENT_EXECUTE|[15]
04:58:36.0 (10404950)|STATEMENT_EXECUTE|[18]
04:58:36.0 (10406063)|STATEMENT_EXECUTE|[21]
04:58:36.0 (10407184)|STATEMENT_EXECUTE|[24]
04:58:36.0 (10412085)|CONSTRUCTOR_EXIT|[43]|01p280000085nGG|<init>()
04:58:36.0 (10427965)|VARIABLE_ASSIGNMENT|[43]|wrapperObj|{}|0x5c9d800e
04:58:36.0 (10430463)|STATEMENT_EXECUTE|[45]
04:58:36.0 (10465546)|HEAP_ALLOCATE|[45]|Bytes:18
04:58:36.0 (10482376)|VARIABLE_ASSIGNMENT|[45]|this.id|"a012800000SBjJnAAL"|0x5c9d800e
04:58:36.0 (10485430)|STATEMENT_EXECUTE|[46]
04:58:36.0 (10508406)|VARIABLE_ASSIGNMENT|[46]|this.name|"Pallavi"|0x5c9d800e
04:58:36.0 (10511291)|STATEMENT_EXECUTE|[47]
04:58:36.0 (10552700)|HEAP_ALLOCATE|[47]|Bytes:12
04:58:36.0 (10566490)|VARIABLE_ASSIGNMENT|[47]|this.steps|6000.0|0x5c9d800e
04:58:36.0 (10569027)|STATEMENT_EXECUTE|[48]
04:58:36.0 (10590151)|HEAP_ALLOCATE|[48]|Bytes:12
04:58:36.0 (10599396)|VARIABLE_ASSIGNMENT|[48]|this.goal|6000.0|0x5c9d800e
04:58:36.0 (10601374)|STATEMENT_EXECUTE|[49]
04:58:36.0 (10617790)|HEAP_ALLOCATE|[49]|Bytes:12
04:58:36.0 (10625998)|VARIABLE_ASSIGNMENT|[49]|this.heartRate|72.0|0x5c9d800e
04:58:36.0 (10628135)|STATEMENT_EXECUTE|[50]
04:58:36.0 (10649354)|HEAP_ALLOCATE|[50]|Bytes:12
04:58:36.0 (10658170)|VARIABLE_ASSIGNMENT|[50]|this.height|4.0|0x5c9d800e
04:58:36.0 (10660219)|STATEMENT_EXECUTE|[51]
04:58:36.0 (10677227)|HEAP_ALLOCATE|[51]|Bytes:12
04:58:36.0 (10686033)|VARIABLE_ASSIGNMENT|[51]|this.weight|68.0|0x5c9d800e
04:58:36.0 (10688413)|STATEMENT_EXECUTE|[52]
04:58:36.0 (10707689)|VARIABLE_ASSIGNMENT|[52]|this.patient_Id|"P00002"|0x5c9d800e
04:58:36.0 (10722077)|HEAP_ALLOCATE|[42]|Bytes:5
04:58:36.0 (10734856)|VARIABLE_ASSIGNMENT|[42]|patient|null|
04:58:36.0 (10738227)|STATEMENT_EXECUTE|[56]
04:58:36.0 (10741993)|HEAP_ALLOCATE|[56]|Bytes:14
04:58:36.0 (10801245)|HEAP_ALLOCATE|[56]|Bytes:139
04:58:36.0 (10818871)|HEAP_ALLOCATE|[56]|Bytes:153
04:58:36.0 (10829343)|USER_DEBUG|[56]|DEBUG|wrapperObj => PatientWrapper:[goal=6000.0, heartRate=72.0, height=4.0, id=a012800000SBjJnAAL, name=Pallavi, patient_Id=P00002, steps=6000.0, weight=68.0]
04:58:36.0 (10834918)|STATEMENT_EXECUTE|[57]
04:58:36.0 (10845416)|SYSTEM_MODE_EXIT|false
04:58:36.10 (10888805)|CUMULATIVE_LIMIT_USAGE
04:58:36.10 (10888805)|LIMIT_USAGE_FOR_NS|(default)|
  Number of SOQL queries: 1 out of 100
  Number of query rows: 1 out of 50000
  Number of SOSL queries: 0 out of 20
  Number of DML statements: 0 out of 150
  Number of DML rows: 0 out of 10000
  Maximum CPU time: 0 out of 10000
  Maximum heap size: 0 out of 6000000
  Number of callouts: 0 out of 100
  Number of Email Invocations: 0 out of 10
  Number of future calls: 0 out of 50
  Number of queueable jobs added to the queue: 0 out of 50
  Number of Mobile Apex push calls: 0 out of 10

04:58:36.10 (10888805)|CUMULATIVE_LIMIT_USAGE_END

04:58:36.0 (10933324)|CODE_UNIT_FINISHED|PatientWrapperController.getPatientsById
04:58:36.0 (12826742)|CODE_UNIT_STARTED|[EXTERNAL]|Aura
04:58:36.0 (12882298)|CODE_UNIT_FINISHED|Aura
