36.0 APEX_CODE,FINEST;APEX_PROFILING,INFO;CALLOUT,INFO;DB,INFO;SYSTEM,DEBUG;VALIDATION,INFO;VISUALFORCE,INFO;WORKFLOW,INFO
02:35:15.0 (97420)|EXECUTION_STARTED
02:35:15.0 (137564)|CODE_UNIT_STARTED|[EXTERNAL]|aura
02:35:15.0 (731538)|HEAP_ALLOCATE|[72]|Bytes:3
02:35:15.0 (820471)|HEAP_ALLOCATE|[77]|Bytes:152
02:35:15.0 (840868)|HEAP_ALLOCATE|[342]|Bytes:408
02:35:15.0 (860571)|HEAP_ALLOCATE|[355]|Bytes:408
02:35:15.0 (878932)|HEAP_ALLOCATE|[467]|Bytes:48
02:35:15.0 (907576)|HEAP_ALLOCATE|[139]|Bytes:6
02:35:15.0 (935101)|HEAP_ALLOCATE|[EXTERNAL]|Bytes:6
02:35:15.0 (974467)|HEAP_ALLOCATE|[EXTERNAL]|Bytes:6
02:35:15.0 (2571470)|CODE_UNIT_STARTED|[EXTERNAL]|01p280000085nGQ|PatientWrapperController.getPatientsById
02:35:15.0 (2711296)|HEAP_ALLOCATE|[EXTERNAL]|Bytes:7
02:35:15.0 (2716710)|HEAP_ALLOCATE|[EXTERNAL]|Bytes:14
02:35:15.0 (2732174)|METHOD_ENTRY|[1]|01p280000085nGQ|PatientWrapperController.PatientWrapperController()
02:35:15.0 (2736811)|STATEMENT_EXECUTE|[1]
02:35:15.0 (2741653)|STATEMENT_EXECUTE|[1]
02:35:15.0 (2748892)|METHOD_EXIT|[1]|PatientWrapperController
02:35:15.0 (2753103)|HEAP_ALLOCATE|[EXTERNAL]|Bytes:6
02:35:15.0 (2768230)|SYSTEM_MODE_ENTER|false
02:35:15.0 (2777904)|VARIABLE_SCOPE_BEGIN|[36]|patientId|String|false|false
02:35:15.0 (2817494)|VARIABLE_ASSIGNMENT|[36]|patientId|"P00003"
02:35:15.0 (2829585)|STATEMENT_EXECUTE|[36]
02:35:15.0 (2831245)|STATEMENT_EXECUTE|[38]
02:35:15.0 (2834668)|HEAP_ALLOCATE|[38]|Bytes:185
02:35:15.0 (2841245)|VARIABLE_SCOPE_BEGIN|[38]|query|String|false|false
02:35:15.0 (2852060)|VARIABLE_ASSIGNMENT|[38]|query|"SELECT Patient_Id__c (165 more) ..."
02:35:15.0 (2854338)|STATEMENT_EXECUTE|[39]
02:35:15.0 (2892935)|HEAP_ALLOCATE|[50]|Bytes:5
02:35:15.0 (2918771)|HEAP_ALLOCATE|[56]|Bytes:5
02:35:15.0 (2927552)|HEAP_ALLOCATE|[64]|Bytes:7
02:35:15.0 (3617445)|SOQL_EXECUTE_BEGIN|[39]|Aggregations:0|SELECT Patient_Id__c, Full_Name__c, Gender__c, Steps_Completed__c, Goal__c, Height__c, Heart_Rate__c, Weight__c FROM Patient__c where Patient_Id__c = :patientId ORDER BY createdDate ASC
02:35:15.0 (7315049)|SOQL_EXECUTE_END|[39]|Rows:1
02:35:15.0 (7345191)|HEAP_ALLOCATE|[39]|Bytes:8
02:35:15.0 (7375474)|HEAP_ALLOCATE|[39]|Bytes:353
02:35:15.0 (7529369)|HEAP_ALLOCATE|[39]|Bytes:8
02:35:15.0 (7566870)|VARIABLE_SCOPE_BEGIN|[39]|patientList|List<Patient__c>|true|false
02:35:15.0 (7630416)|VARIABLE_ASSIGNMENT|[39]|patientList|{"s":1,"v":[{"s":2,"v":{"Patient_Id__c":"P00003","Full_Name__c":"Bhagyashri","Gender__c":"Female","Steps_Completed__c":1000,"Goal__c":5000,"Height__c":5.30,"Heart_Rate__c":68,"Weight__c":52.00,"Id":"a012800000SBlH6AAL"}}]}|0x209d967d
02:35:15.0 (7638234)|STATEMENT_EXECUTE|[40]
02:35:15.0 (7650412)|VARIABLE_SCOPE_BEGIN|[40]|wrapperObj|PatientWrapper|true|false
02:35:15.0 (7659536)|VARIABLE_ASSIGNMENT|[40]|wrapperObj|null|
02:35:15.0 (7662816)|STATEMENT_EXECUTE|[41]
02:35:15.0 (7670119)|HEAP_ALLOCATE|[41]|Bytes:15
02:35:15.0 (7838399)|HEAP_ALLOCATE|[41]|Bytes:191
02:35:15.0 (7866498)|HEAP_ALLOCATE|[41]|Bytes:206
02:35:15.0 (7897699)|USER_DEBUG|[41]|DEBUG|patientList => (Patient__c:{Patient_Id__c=P00003, Full_Name__c=Bhagyashri, Gender__c=Female, Steps_Completed__c=1000, Goal__c=5000, Height__c=5.30, Heart_Rate__c=68, Weight__c=52.00, Id=a012800000SBlH6AAL})
02:35:15.0 (8154757)|HEAP_ALLOCATE|[42]|Bytes:5
02:35:15.0 (8200428)|HEAP_ALLOCATE|[42]|Bytes:40
02:35:15.0 (8213118)|VARIABLE_SCOPE_BEGIN|[42]|patient|Patient__c|true|false
02:35:15.0 (8233354)|VARIABLE_ASSIGNMENT|[42]|patient|{"s":1,"v":{"Patient_Id__c":"P00003","Full_Name__c":"Bhagyashri","Gender__c":"Female","Steps_Completed__c":1000,"Goal__c":5000,"Height__c":5.30,"Heart_Rate__c":68,"Weight__c":52.00,"Id":"a012800000SBlH6AAL"}}|0x325e0c46
02:35:15.0 (8237437)|STATEMENT_EXECUTE|[42]
02:35:15.0 (8238970)|STATEMENT_EXECUTE|[43]
02:35:15.0 (8258410)|METHOD_ENTRY|[1]|01p280000085nGG|PatientWrapper.PatientWrapper()
02:35:15.0 (8261763)|STATEMENT_EXECUTE|[1]
02:35:15.0 (8265555)|STATEMENT_EXECUTE|[1]
02:35:15.0 (8274023)|METHOD_EXIT|[1]|PatientWrapper
02:35:15.0 (8283243)|HEAP_ALLOCATE|[43]|Bytes:36
02:35:15.0 (8297073)|CONSTRUCTOR_ENTRY|[43]|01p280000085nGG|<init>()
02:35:15.0 (8320559)|VARIABLE_SCOPE_BEGIN|[1]|this|PatientWrapper|true|false
02:35:15.0 (8372003)|VARIABLE_ASSIGNMENT|[1]|this|{}|0x7a9f6ea3
02:35:15.0 (8386266)|HEAP_ALLOCATE|[EXTERNAL]|Bytes:6
02:35:15.0 (8421667)|STATEMENT_EXECUTE|[1]
02:35:15.0 (8424603)|STATEMENT_EXECUTE|[3]
02:35:15.0 (8426632)|STATEMENT_EXECUTE|[6]
02:35:15.0 (8428687)|STATEMENT_EXECUTE|[9]
02:35:15.0 (8430442)|STATEMENT_EXECUTE|[12]
02:35:15.0 (8432189)|STATEMENT_EXECUTE|[15]
02:35:15.0 (8434015)|STATEMENT_EXECUTE|[18]
02:35:15.0 (8435803)|STATEMENT_EXECUTE|[21]
02:35:15.0 (8437788)|STATEMENT_EXECUTE|[24]
02:35:15.0 (8445124)|CONSTRUCTOR_EXIT|[43]|01p280000085nGG|<init>()
02:35:15.0 (8471497)|VARIABLE_ASSIGNMENT|[43]|wrapperObj|{}|0x7a9f6ea3
02:35:15.0 (8476478)|STATEMENT_EXECUTE|[45]
02:35:15.0 (8523806)|HEAP_ALLOCATE|[45]|Bytes:18
02:35:15.0 (8567719)|VARIABLE_ASSIGNMENT|[45]|this.id|"a012800000SBlH6AAL"|0x7a9f6ea3
02:35:15.0 (8572277)|STATEMENT_EXECUTE|[46]
02:35:15.0 (8637446)|VARIABLE_ASSIGNMENT|[46]|this.name|"Bhagyashri"|0x7a9f6ea3
02:35:15.0 (8642998)|STATEMENT_EXECUTE|[47]
02:35:15.0 (8729320)|HEAP_ALLOCATE|[47]|Bytes:12
02:35:15.0 (8750799)|VARIABLE_ASSIGNMENT|[47]|this.steps|1000.0|0x7a9f6ea3
02:35:15.0 (8755392)|STATEMENT_EXECUTE|[48]
02:35:15.0 (8784114)|HEAP_ALLOCATE|[48]|Bytes:12
02:35:15.0 (8798063)|VARIABLE_ASSIGNMENT|[48]|this.goal|5000.0|0x7a9f6ea3
02:35:15.0 (8801854)|STATEMENT_EXECUTE|[49]
02:35:15.0 (8824872)|HEAP_ALLOCATE|[49]|Bytes:12
02:35:15.0 (8837513)|VARIABLE_ASSIGNMENT|[49]|this.heartRate|68.0|0x7a9f6ea3
02:35:15.0 (8840972)|STATEMENT_EXECUTE|[50]
02:35:15.0 (8862339)|HEAP_ALLOCATE|[50]|Bytes:12
02:35:15.0 (8874952)|VARIABLE_ASSIGNMENT|[50]|this.height|5.3|0x7a9f6ea3
02:35:15.0 (8878356)|STATEMENT_EXECUTE|[51]
02:35:15.0 (8928805)|HEAP_ALLOCATE|[51]|Bytes:12
02:35:15.0 (8943166)|VARIABLE_ASSIGNMENT|[51]|this.weight|52.0|0x7a9f6ea3
02:35:15.0 (8946713)|STATEMENT_EXECUTE|[52]
02:35:15.0 (8973337)|VARIABLE_ASSIGNMENT|[52]|this.patient_Id|"P00003"|0x7a9f6ea3
02:35:15.0 (8991544)|HEAP_ALLOCATE|[42]|Bytes:5
02:35:15.0 (9008677)|VARIABLE_ASSIGNMENT|[42]|patient|null|
02:35:15.0 (9014308)|STATEMENT_EXECUTE|[56]
02:35:15.0 (9018377)|HEAP_ALLOCATE|[56]|Bytes:14
02:35:15.0 (9096617)|HEAP_ALLOCATE|[56]|Bytes:142
02:35:15.0 (9116148)|HEAP_ALLOCATE|[56]|Bytes:156
02:35:15.0 (9130581)|USER_DEBUG|[56]|DEBUG|wrapperObj => PatientWrapper:[goal=5000.0, heartRate=68.0, height=5.3, id=a012800000SBlH6AAL, name=Bhagyashri, patient_Id=P00003, steps=1000.0, weight=52.0]
02:35:15.0 (9139088)|STATEMENT_EXECUTE|[57]
02:35:15.0 (9150663)|SYSTEM_MODE_EXIT|false
02:35:15.9 (9207981)|CUMULATIVE_LIMIT_USAGE
02:35:15.9 (9207981)|LIMIT_USAGE_FOR_NS|(default)|
  Number of SOQL queries: 1 out of 100
  Number of query rows: 1 out of 50000
  Number of SOSL queries: 0 out of 20
  Number of DML statements: 0 out of 150
  Number of DML rows: 0 out of 10000
  Maximum CPU time: 0 out of 10000
  Maximum heap size: 0 out of 6000000
  Number of callouts: 0 out of 100
  Number of Email Invocations: 0 out of 10
  Number of future calls: 0 out of 50
  Number of queueable jobs added to the queue: 0 out of 50
  Number of Mobile Apex push calls: 0 out of 10

02:35:15.9 (9207981)|CUMULATIVE_LIMIT_USAGE_END

02:35:15.0 (9289952)|CODE_UNIT_FINISHED|PatientWrapperController.getPatientsById
02:35:15.0 (11567369)|CODE_UNIT_STARTED|[EXTERNAL]|Aura
02:35:15.0 (11618356)|CODE_UNIT_FINISHED|Aura
