36.0 APEX_CODE,FINEST;APEX_PROFILING,INFO;CALLOUT,INFO;DB,INFO;SYSTEM,DEBUG;VALIDATION,INFO;VISUALFORCE,INFO;WORKFLOW,INFO
04:34:30.0 (606095)|EXECUTION_STARTED
04:34:30.0 (636087)|CODE_UNIT_STARTED|[EXTERNAL]|aura
04:34:30.0 (1222920)|HEAP_ALLOCATE|[72]|Bytes:3
04:34:30.0 (1269121)|HEAP_ALLOCATE|[77]|Bytes:152
04:34:30.0 (1284363)|HEAP_ALLOCATE|[342]|Bytes:408
04:34:30.0 (1302189)|HEAP_ALLOCATE|[355]|Bytes:408
04:34:30.0 (1317237)|HEAP_ALLOCATE|[467]|Bytes:48
04:34:30.0 (1343998)|HEAP_ALLOCATE|[139]|Bytes:6
04:34:30.0 (1366580)|HEAP_ALLOCATE|[EXTERNAL]|Bytes:6
04:34:30.0 (1387082)|HEAP_ALLOCATE|[EXTERNAL]|Bytes:6
04:34:30.0 (2674772)|CODE_UNIT_STARTED|[EXTERNAL]|01p280000085nGQ|PatientWrapperController.getPatientsById
04:34:30.0 (3471856)|HEAP_ALLOCATE|[EXTERNAL]|Bytes:7
04:34:30.0 (3477818)|HEAP_ALLOCATE|[EXTERNAL]|Bytes:14
04:34:30.0 (3493538)|METHOD_ENTRY|[1]|01p280000085nGQ|PatientWrapperController.PatientWrapperController()
04:34:30.0 (3497781)|STATEMENT_EXECUTE|[1]
04:34:30.0 (3504210)|STATEMENT_EXECUTE|[1]
04:34:30.0 (3510550)|METHOD_EXIT|[1]|PatientWrapperController
04:34:30.0 (3514967)|HEAP_ALLOCATE|[EXTERNAL]|Bytes:6
04:34:30.0 (3528605)|SYSTEM_MODE_ENTER|false
04:34:30.0 (3535571)|VARIABLE_SCOPE_BEGIN|[36]|patientId|String|false|false
04:34:30.0 (3564927)|VARIABLE_ASSIGNMENT|[36]|patientId|"P00002"
04:34:30.0 (3579130)|STATEMENT_EXECUTE|[36]
04:34:30.0 (3580826)|STATEMENT_EXECUTE|[38]
04:34:30.0 (3585036)|HEAP_ALLOCATE|[38]|Bytes:185
04:34:30.0 (3590925)|VARIABLE_SCOPE_BEGIN|[38]|query|String|false|false
04:34:30.0 (3600796)|VARIABLE_ASSIGNMENT|[38]|query|"SELECT Patient_Id__c (165 more) ..."
04:34:30.0 (3602896)|STATEMENT_EXECUTE|[39]
04:34:30.0 (3641217)|HEAP_ALLOCATE|[50]|Bytes:5
04:34:30.0 (3666027)|HEAP_ALLOCATE|[56]|Bytes:5
04:34:30.0 (3674045)|HEAP_ALLOCATE|[64]|Bytes:7
04:34:30.0 (5178407)|SOQL_EXECUTE_BEGIN|[39]|Aggregations:0|SELECT Patient_Id__c, Full_Name__c, Gender__c, Steps_Completed__c, Goal__c, Height__c, Heart_Rate__c, Weight__c FROM Patient__c where Patient_Id__c = :patientId ORDER BY createdDate ASC
04:34:30.0 (9021450)|SOQL_EXECUTE_END|[39]|Rows:1
04:34:30.0 (9036473)|HEAP_ALLOCATE|[39]|Bytes:8
04:34:30.0 (9055562)|HEAP_ALLOCATE|[39]|Bytes:350
04:34:30.0 (9162346)|HEAP_ALLOCATE|[39]|Bytes:8
04:34:30.0 (9183326)|VARIABLE_SCOPE_BEGIN|[39]|patientList|List<Patient__c>|true|false
04:34:30.0 (9224730)|VARIABLE_ASSIGNMENT|[39]|patientList|{"s":1,"v":[{"s":2,"v":{"Patient_Id__c":"P00002","Full_Name__c":"Pallavi","Gender__c":"Female","Steps_Completed__c":6000,"Goal__c":6000,"Height__c":4.00,"Heart_Rate__c":72,"Weight__c":68.00,"Id":"a012800000SBjJnAAL"}}]}|0x72d0efca
04:34:30.0 (9229957)|STATEMENT_EXECUTE|[40]
04:34:30.0 (9237667)|VARIABLE_SCOPE_BEGIN|[40]|wrapperObj|PatientWrapper|true|false
04:34:30.0 (9242852)|VARIABLE_ASSIGNMENT|[40]|wrapperObj|null|
04:34:30.0 (9244711)|STATEMENT_EXECUTE|[41]
04:34:30.0 (9249499)|HEAP_ALLOCATE|[41]|Bytes:15
04:34:30.0 (9353255)|HEAP_ALLOCATE|[41]|Bytes:188
04:34:30.0 (9375881)|HEAP_ALLOCATE|[41]|Bytes:203
04:34:30.0 (9396955)|USER_DEBUG|[41]|DEBUG|patientList => (Patient__c:{Patient_Id__c=P00002, Full_Name__c=Pallavi, Gender__c=Female, Steps_Completed__c=6000, Goal__c=6000, Height__c=4.00, Heart_Rate__c=72, Weight__c=68.00, Id=a012800000SBjJnAAL})
04:34:30.0 (9597530)|HEAP_ALLOCATE|[42]|Bytes:5
04:34:30.0 (9644868)|HEAP_ALLOCATE|[42]|Bytes:40
04:34:30.0 (9656048)|VARIABLE_SCOPE_BEGIN|[42]|patient|Patient__c|true|false
04:34:30.0 (9675215)|VARIABLE_ASSIGNMENT|[42]|patient|{"s":1,"v":{"Patient_Id__c":"P00002","Full_Name__c":"Pallavi","Gender__c":"Female","Steps_Completed__c":6000,"Goal__c":6000,"Height__c":4.00,"Heart_Rate__c":72,"Weight__c":68.00,"Id":"a012800000SBjJnAAL"}}|0x61fb48aa
04:34:30.0 (9680013)|STATEMENT_EXECUTE|[42]
04:34:30.0 (9681563)|STATEMENT_EXECUTE|[43]
04:34:30.0 (9695535)|METHOD_ENTRY|[1]|01p280000085nGG|PatientWrapper.PatientWrapper()
04:34:30.0 (9698584)|STATEMENT_EXECUTE|[1]
04:34:30.0 (9701739)|STATEMENT_EXECUTE|[1]
04:34:30.0 (9708191)|METHOD_EXIT|[1]|PatientWrapper
04:34:30.0 (9715284)|HEAP_ALLOCATE|[43]|Bytes:36
04:34:30.0 (9727593)|CONSTRUCTOR_ENTRY|[43]|01p280000085nGG|<init>()
04:34:30.0 (9748339)|VARIABLE_SCOPE_BEGIN|[1]|this|PatientWrapper|true|false
04:34:30.0 (9784084)|VARIABLE_ASSIGNMENT|[1]|this|{}|0x61a1745e
04:34:30.0 (9793742)|HEAP_ALLOCATE|[EXTERNAL]|Bytes:6
04:34:30.0 (9816347)|STATEMENT_EXECUTE|[1]
04:34:30.0 (9823710)|STATEMENT_EXECUTE|[3]
04:34:30.0 (9825126)|STATEMENT_EXECUTE|[6]
04:34:30.0 (9826196)|STATEMENT_EXECUTE|[9]
04:34:30.0 (9827228)|STATEMENT_EXECUTE|[12]
04:34:30.0 (9828420)|STATEMENT_EXECUTE|[15]
04:34:30.0 (9829468)|STATEMENT_EXECUTE|[18]
04:34:30.0 (9830608)|STATEMENT_EXECUTE|[21]
04:34:30.0 (9831654)|STATEMENT_EXECUTE|[24]
04:34:30.0 (9836185)|CONSTRUCTOR_EXIT|[43]|01p280000085nGG|<init>()
04:34:30.0 (9852394)|VARIABLE_ASSIGNMENT|[43]|wrapperObj|{}|0x61a1745e
04:34:30.0 (9855132)|STATEMENT_EXECUTE|[45]
04:34:30.0 (9890944)|HEAP_ALLOCATE|[45]|Bytes:18
04:34:30.0 (9907317)|VARIABLE_ASSIGNMENT|[45]|this.id|"a012800000SBjJnAAL"|0x61a1745e
04:34:30.0 (9910497)|STATEMENT_EXECUTE|[46]
04:34:30.0 (9933851)|VARIABLE_ASSIGNMENT|[46]|this.name|"Pallavi"|0x61a1745e
04:34:30.0 (9936859)|STATEMENT_EXECUTE|[47]
04:34:30.0 (9979578)|HEAP_ALLOCATE|[47]|Bytes:12
04:34:30.0 (9992814)|VARIABLE_ASSIGNMENT|[47]|this.steps|6000.0|0x61a1745e
04:34:30.0 (9995259)|STATEMENT_EXECUTE|[48]
04:34:30.0 (10015979)|HEAP_ALLOCATE|[48]|Bytes:12
04:34:30.0 (10025992)|VARIABLE_ASSIGNMENT|[48]|this.goal|6000.0|0x61a1745e
04:34:30.0 (10028395)|STATEMENT_EXECUTE|[49]
04:34:30.0 (10045856)|HEAP_ALLOCATE|[49]|Bytes:12
04:34:30.0 (10053864)|VARIABLE_ASSIGNMENT|[49]|this.heartRate|72.0|0x61a1745e
04:34:30.0 (10056063)|STATEMENT_EXECUTE|[50]
04:34:30.0 (10073537)|HEAP_ALLOCATE|[50]|Bytes:12
04:34:30.0 (10081667)|VARIABLE_ASSIGNMENT|[50]|this.height|4.0|0x61a1745e
04:34:30.0 (10083961)|STATEMENT_EXECUTE|[51]
04:34:30.0 (10100235)|HEAP_ALLOCATE|[51]|Bytes:12
04:34:30.0 (10108400)|VARIABLE_ASSIGNMENT|[51]|this.weight|68.0|0x61a1745e
04:34:30.0 (10110547)|STATEMENT_EXECUTE|[52]
04:34:30.0 (10130231)|VARIABLE_ASSIGNMENT|[52]|this.patient_Id|"P00002"|0x61a1745e
04:34:30.0 (10144660)|HEAP_ALLOCATE|[42]|Bytes:5
04:34:30.0 (10156319)|VARIABLE_ASSIGNMENT|[42]|patient|null|
04:34:30.0 (10160019)|STATEMENT_EXECUTE|[56]
04:34:30.0 (10162974)|HEAP_ALLOCATE|[56]|Bytes:14
04:34:30.0 (10221225)|HEAP_ALLOCATE|[56]|Bytes:139
04:34:30.0 (10236516)|HEAP_ALLOCATE|[56]|Bytes:153
04:34:30.0 (10246480)|USER_DEBUG|[56]|DEBUG|wrapperObj => PatientWrapper:[goal=6000.0, heartRate=72.0, height=4.0, id=a012800000SBjJnAAL, name=Pallavi, patient_Id=P00002, steps=6000.0, weight=68.0]
04:34:30.0 (10252067)|STATEMENT_EXECUTE|[57]
04:34:30.0 (10262386)|SYSTEM_MODE_EXIT|false
04:34:30.10 (10309198)|CUMULATIVE_LIMIT_USAGE
04:34:30.10 (10309198)|LIMIT_USAGE_FOR_NS|(default)|
  Number of SOQL queries: 1 out of 100
  Number of query rows: 1 out of 50000
  Number of SOSL queries: 0 out of 20
  Number of DML statements: 0 out of 150
  Number of DML rows: 0 out of 10000
  Maximum CPU time: 0 out of 10000
  Maximum heap size: 0 out of 6000000
  Number of callouts: 0 out of 100
  Number of Email Invocations: 0 out of 10
  Number of future calls: 0 out of 50
  Number of queueable jobs added to the queue: 0 out of 50
  Number of Mobile Apex push calls: 0 out of 10

04:34:30.10 (10309198)|CUMULATIVE_LIMIT_USAGE_END

04:34:30.0 (10347993)|CODE_UNIT_FINISHED|PatientWrapperController.getPatientsById
04:34:30.0 (12042569)|CODE_UNIT_STARTED|[EXTERNAL]|Aura
04:34:30.0 (12089135)|CODE_UNIT_FINISHED|Aura
