36.0 APEX_CODE,FINEST;APEX_PROFILING,INFO;CALLOUT,INFO;DB,INFO;SYSTEM,DEBUG;VALIDATION,INFO;VISUALFORCE,INFO;WORKFLOW,INFO
04:46:24.0 (59129)|EXECUTION_STARTED
04:46:24.0 (84853)|CODE_UNIT_STARTED|[EXTERNAL]|aura
04:46:24.0 (612034)|HEAP_ALLOCATE|[72]|Bytes:3
04:46:24.0 (645643)|HEAP_ALLOCATE|[77]|Bytes:152
04:46:24.0 (662428)|HEAP_ALLOCATE|[342]|Bytes:408
04:46:24.0 (681133)|HEAP_ALLOCATE|[355]|Bytes:408
04:46:24.0 (702817)|HEAP_ALLOCATE|[467]|Bytes:48
04:46:24.0 (738257)|HEAP_ALLOCATE|[139]|Bytes:6
04:46:24.0 (765664)|HEAP_ALLOCATE|[EXTERNAL]|Bytes:6
04:46:24.0 (786350)|HEAP_ALLOCATE|[EXTERNAL]|Bytes:6
04:46:24.0 (2086917)|CODE_UNIT_STARTED|[EXTERNAL]|01p280000085nGQ|PatientWrapperController.getPatientsById
04:46:24.0 (2213753)|HEAP_ALLOCATE|[EXTERNAL]|Bytes:7
04:46:24.0 (2218986)|HEAP_ALLOCATE|[EXTERNAL]|Bytes:14
04:46:24.0 (2233391)|METHOD_ENTRY|[1]|01p280000085nGQ|PatientWrapperController.PatientWrapperController()
04:46:24.0 (2237051)|STATEMENT_EXECUTE|[1]
04:46:24.0 (2242543)|STATEMENT_EXECUTE|[1]
04:46:24.0 (2248504)|METHOD_EXIT|[1]|PatientWrapperController
04:46:24.0 (2252880)|HEAP_ALLOCATE|[EXTERNAL]|Bytes:6
04:46:24.0 (2261792)|SYSTEM_MODE_ENTER|false
04:46:24.0 (2269487)|VARIABLE_SCOPE_BEGIN|[36]|patientId|String|false|false
04:46:24.0 (2300770)|VARIABLE_ASSIGNMENT|[36]|patientId|"4LR2VZ"
04:46:24.0 (2312372)|STATEMENT_EXECUTE|[36]
04:46:24.0 (2314153)|STATEMENT_EXECUTE|[38]
04:46:24.0 (2318273)|HEAP_ALLOCATE|[38]|Bytes:185
04:46:24.0 (2324109)|VARIABLE_SCOPE_BEGIN|[38]|query|String|false|false
04:46:24.0 (2332882)|VARIABLE_ASSIGNMENT|[38]|query|"SELECT Patient_Id__c (165 more) ..."
04:46:24.0 (2334971)|STATEMENT_EXECUTE|[39]
04:46:24.0 (2366209)|HEAP_ALLOCATE|[50]|Bytes:5
04:46:24.0 (2389795)|HEAP_ALLOCATE|[56]|Bytes:5
04:46:24.0 (2398204)|HEAP_ALLOCATE|[64]|Bytes:7
04:46:24.0 (3002770)|SOQL_EXECUTE_BEGIN|[39]|Aggregations:0|SELECT Patient_Id__c, Full_Name__c, Gender__c, Steps_Completed__c, Goal__c, Height__c, Heart_Rate__c, Weight__c FROM Patient__c where Patient_Id__c = :patientId ORDER BY createdDate ASC
04:46:24.0 (6240690)|SOQL_EXECUTE_END|[39]|Rows:1
04:46:24.0 (6257754)|HEAP_ALLOCATE|[39]|Bytes:8
04:46:24.0 (6275998)|HEAP_ALLOCATE|[39]|Bytes:352
04:46:24.0 (6380550)|HEAP_ALLOCATE|[39]|Bytes:8
04:46:24.0 (6402001)|VARIABLE_SCOPE_BEGIN|[39]|patientList|List<Patient__c>|true|false
04:46:24.0 (6439778)|VARIABLE_ASSIGNMENT|[39]|patientList|{"s":1,"v":[{"s":2,"v":{"Patient_Id__c":"4LR2VZ","Full_Name__c":"Purushottam","Gender__c":"Male","Steps_Completed__c":1000,"Goal__c":5000,"Height__c":5.00,"Heart_Rate__c":65,"Weight__c":50.00,"Id":"a012800000SBjJTAA1"}}]}|0x6cea27e2
04:46:24.0 (6444451)|STATEMENT_EXECUTE|[40]
04:46:24.0 (6452088)|VARIABLE_SCOPE_BEGIN|[40]|wrapperObj|PatientWrapper|true|false
04:46:24.0 (6457345)|VARIABLE_ASSIGNMENT|[40]|wrapperObj|null|
04:46:24.0 (6459240)|STATEMENT_EXECUTE|[41]
04:46:24.0 (6464514)|HEAP_ALLOCATE|[41]|Bytes:15
04:46:24.0 (6572907)|HEAP_ALLOCATE|[41]|Bytes:190
04:46:24.0 (6595887)|HEAP_ALLOCATE|[41]|Bytes:205
04:46:24.0 (6618573)|USER_DEBUG|[41]|DEBUG|patientList => (Patient__c:{Patient_Id__c=4LR2VZ, Full_Name__c=Purushottam, Gender__c=Male, Steps_Completed__c=1000, Goal__c=5000, Height__c=5.00, Heart_Rate__c=65, Weight__c=50.00, Id=a012800000SBjJTAA1})
04:46:24.0 (6825992)|HEAP_ALLOCATE|[42]|Bytes:5
04:46:24.0 (6869507)|HEAP_ALLOCATE|[42]|Bytes:40
04:46:24.0 (6881474)|VARIABLE_SCOPE_BEGIN|[42]|patient|Patient__c|true|false
04:46:24.0 (6900985)|VARIABLE_ASSIGNMENT|[42]|patient|{"s":1,"v":{"Patient_Id__c":"4LR2VZ","Full_Name__c":"Purushottam","Gender__c":"Male","Steps_Completed__c":1000,"Goal__c":5000,"Height__c":5.00,"Heart_Rate__c":65,"Weight__c":50.00,"Id":"a012800000SBjJTAA1"}}|0x782a0fb4
04:46:24.0 (6904897)|STATEMENT_EXECUTE|[42]
04:46:24.0 (6906327)|STATEMENT_EXECUTE|[43]
04:46:24.0 (6921994)|METHOD_ENTRY|[1]|01p280000085nGG|PatientWrapper.PatientWrapper()
04:46:24.0 (6925142)|STATEMENT_EXECUTE|[1]
04:46:24.0 (6929227)|STATEMENT_EXECUTE|[1]
04:46:24.0 (6936058)|METHOD_EXIT|[1]|PatientWrapper
04:46:24.0 (6943116)|HEAP_ALLOCATE|[43]|Bytes:36
04:46:24.0 (6954673)|CONSTRUCTOR_ENTRY|[43]|01p280000085nGG|<init>()
04:46:24.0 (6975849)|VARIABLE_SCOPE_BEGIN|[1]|this|PatientWrapper|true|false
04:46:24.0 (7008488)|VARIABLE_ASSIGNMENT|[1]|this|{}|0x50a3ca0b
04:46:24.0 (7019468)|HEAP_ALLOCATE|[EXTERNAL]|Bytes:6
04:46:24.0 (7043468)|STATEMENT_EXECUTE|[1]
04:46:24.0 (7045669)|STATEMENT_EXECUTE|[3]
04:46:24.0 (7046922)|STATEMENT_EXECUTE|[6]
04:46:24.0 (7048016)|STATEMENT_EXECUTE|[9]
04:46:24.0 (7049121)|STATEMENT_EXECUTE|[12]
04:46:24.0 (7050138)|STATEMENT_EXECUTE|[15]
04:46:24.0 (7051385)|STATEMENT_EXECUTE|[18]
04:46:24.0 (7052434)|STATEMENT_EXECUTE|[21]
04:46:24.0 (7053511)|STATEMENT_EXECUTE|[24]
04:46:24.0 (7057536)|CONSTRUCTOR_EXIT|[43]|01p280000085nGG|<init>()
04:46:24.0 (7073335)|VARIABLE_ASSIGNMENT|[43]|wrapperObj|{}|0x50a3ca0b
04:46:24.0 (7075898)|STATEMENT_EXECUTE|[45]
04:46:24.0 (7112425)|HEAP_ALLOCATE|[45]|Bytes:18
04:46:24.0 (7127920)|VARIABLE_ASSIGNMENT|[45]|this.id|"a012800000SBjJTAA1"|0x50a3ca0b
04:46:24.0 (7131107)|STATEMENT_EXECUTE|[46]
04:46:24.0 (7154710)|VARIABLE_ASSIGNMENT|[46]|this.name|"Purushottam"|0x50a3ca0b
04:46:24.0 (7157925)|STATEMENT_EXECUTE|[47]
04:46:24.0 (7196152)|HEAP_ALLOCATE|[47]|Bytes:12
04:46:24.0 (7208498)|VARIABLE_ASSIGNMENT|[47]|this.steps|1000.0|0x50a3ca0b
04:46:24.0 (7211060)|STATEMENT_EXECUTE|[48]
04:46:24.0 (7231736)|HEAP_ALLOCATE|[48]|Bytes:12
04:46:24.0 (7240715)|VARIABLE_ASSIGNMENT|[48]|this.goal|5000.0|0x50a3ca0b
04:46:24.0 (7243153)|STATEMENT_EXECUTE|[49]
04:46:24.0 (7259399)|HEAP_ALLOCATE|[49]|Bytes:12
04:46:24.0 (7267885)|VARIABLE_ASSIGNMENT|[49]|this.heartRate|65.0|0x50a3ca0b
04:46:24.0 (7270279)|STATEMENT_EXECUTE|[50]
04:46:24.0 (7287350)|HEAP_ALLOCATE|[50]|Bytes:12
04:46:24.0 (7295647)|VARIABLE_ASSIGNMENT|[50]|this.height|5.0|0x50a3ca0b
04:46:24.0 (7297927)|STATEMENT_EXECUTE|[51]
04:46:24.0 (7313512)|HEAP_ALLOCATE|[51]|Bytes:12
04:46:24.0 (7322130)|VARIABLE_ASSIGNMENT|[51]|this.weight|50.0|0x50a3ca0b
04:46:24.0 (7324290)|STATEMENT_EXECUTE|[52]
04:46:24.0 (7343498)|VARIABLE_ASSIGNMENT|[52]|this.patient_Id|"4LR2VZ"|0x50a3ca0b
04:46:24.0 (7357195)|HEAP_ALLOCATE|[42]|Bytes:5
04:46:24.0 (7369089)|VARIABLE_ASSIGNMENT|[42]|patient|null|
04:46:24.0 (7372490)|STATEMENT_EXECUTE|[56]
04:46:24.0 (7375434)|HEAP_ALLOCATE|[56]|Bytes:14
04:46:24.0 (7432183)|HEAP_ALLOCATE|[56]|Bytes:143
04:46:24.0 (7447602)|HEAP_ALLOCATE|[56]|Bytes:157
04:46:24.0 (7458008)|USER_DEBUG|[56]|DEBUG|wrapperObj => PatientWrapper:[goal=5000.0, heartRate=65.0, height=5.0, id=a012800000SBjJTAA1, name=Purushottam, patient_Id=4LR2VZ, steps=1000.0, weight=50.0]
04:46:24.0 (7463608)|STATEMENT_EXECUTE|[57]
04:46:24.0 (7472934)|SYSTEM_MODE_EXIT|false
04:46:24.7 (7517197)|CUMULATIVE_LIMIT_USAGE
04:46:24.7 (7517197)|LIMIT_USAGE_FOR_NS|(default)|
  Number of SOQL queries: 1 out of 100
  Number of query rows: 1 out of 50000
  Number of SOSL queries: 0 out of 20
  Number of DML statements: 0 out of 150
  Number of DML rows: 0 out of 10000
  Maximum CPU time: 0 out of 10000
  Maximum heap size: 0 out of 6000000
  Number of callouts: 0 out of 100
  Number of Email Invocations: 0 out of 10
  Number of future calls: 0 out of 50
  Number of queueable jobs added to the queue: 0 out of 50
  Number of Mobile Apex push calls: 0 out of 10

04:46:24.7 (7517197)|CUMULATIVE_LIMIT_USAGE_END

04:46:24.0 (7555578)|CODE_UNIT_FINISHED|PatientWrapperController.getPatientsById
04:46:24.0 (9490776)|CODE_UNIT_STARTED|[EXTERNAL]|Aura
04:46:24.0 (9542969)|CODE_UNIT_FINISHED|Aura
