36.0 APEX_CODE,FINEST;APEX_PROFILING,INFO;CALLOUT,INFO;DB,INFO;SYSTEM,DEBUG;VALIDATION,INFO;VISUALFORCE,INFO;WORKFLOW,INFO
06:44:28.0 (516431)|EXECUTION_STARTED
06:44:28.0 (542742)|CODE_UNIT_STARTED|[EXTERNAL]|aura
06:44:28.0 (1028885)|HEAP_ALLOCATE|[72]|Bytes:3
06:44:28.0 (1058624)|HEAP_ALLOCATE|[77]|Bytes:152
06:44:28.0 (1072997)|HEAP_ALLOCATE|[342]|Bytes:408
06:44:28.0 (1088377)|HEAP_ALLOCATE|[355]|Bytes:408
06:44:28.0 (1102606)|HEAP_ALLOCATE|[467]|Bytes:48
06:44:28.0 (1127814)|HEAP_ALLOCATE|[139]|Bytes:6
06:44:28.0 (1148517)|HEAP_ALLOCATE|[EXTERNAL]|Bytes:6
06:44:28.0 (1165029)|HEAP_ALLOCATE|[EXTERNAL]|Bytes:6
06:44:28.0 (2449515)|CODE_UNIT_STARTED|[EXTERNAL]|01p280000085nGQ|PatientWrapperController.getPatientsById
06:44:28.0 (2589333)|HEAP_ALLOCATE|[EXTERNAL]|Bytes:7
06:44:28.0 (2594771)|HEAP_ALLOCATE|[EXTERNAL]|Bytes:14
06:44:28.0 (2610498)|METHOD_ENTRY|[1]|01p280000085nGQ|PatientWrapperController.PatientWrapperController()
06:44:28.0 (2615047)|STATEMENT_EXECUTE|[1]
06:44:28.0 (2620002)|STATEMENT_EXECUTE|[1]
06:44:28.0 (2626060)|METHOD_EXIT|[1]|PatientWrapperController
06:44:28.0 (2630015)|HEAP_ALLOCATE|[EXTERNAL]|Bytes:6
06:44:28.0 (2638642)|SYSTEM_MODE_ENTER|false
06:44:28.0 (2647977)|VARIABLE_SCOPE_BEGIN|[36]|patientId|String|false|false
06:44:28.0 (2676531)|VARIABLE_ASSIGNMENT|[36]|patientId|"P00002"
06:44:28.0 (2687135)|STATEMENT_EXECUTE|[36]
06:44:28.0 (2688728)|STATEMENT_EXECUTE|[38]
06:44:28.0 (2692467)|HEAP_ALLOCATE|[38]|Bytes:185
06:44:28.0 (2699088)|VARIABLE_SCOPE_BEGIN|[38]|query|String|false|false
06:44:28.0 (2709503)|VARIABLE_ASSIGNMENT|[38]|query|"SELECT Patient_Id__c (165 more) ..."
06:44:28.0 (2711706)|STATEMENT_EXECUTE|[39]
06:44:28.0 (2747908)|HEAP_ALLOCATE|[50]|Bytes:5
06:44:28.0 (2768772)|HEAP_ALLOCATE|[56]|Bytes:5
06:44:28.0 (2777093)|HEAP_ALLOCATE|[64]|Bytes:7
06:44:28.0 (4202068)|SOQL_EXECUTE_BEGIN|[39]|Aggregations:0|SELECT Patient_Id__c, Full_Name__c, Gender__c, Steps_Completed__c, Goal__c, Height__c, Heart_Rate__c, Weight__c FROM Patient__c where Patient_Id__c = :patientId ORDER BY createdDate ASC
06:44:28.0 (8784733)|SOQL_EXECUTE_END|[39]|Rows:1
06:44:28.0 (8803070)|HEAP_ALLOCATE|[39]|Bytes:8
06:44:28.0 (8822443)|HEAP_ALLOCATE|[39]|Bytes:350
06:44:28.0 (8938446)|HEAP_ALLOCATE|[39]|Bytes:8
06:44:28.0 (8967421)|VARIABLE_SCOPE_BEGIN|[39]|patientList|List<Patient__c>|true|false
06:44:28.0 (9012380)|VARIABLE_ASSIGNMENT|[39]|patientList|{"s":1,"v":[{"s":2,"v":{"Patient_Id__c":"P00002","Full_Name__c":"Pallavi","Gender__c":"Female","Steps_Completed__c":6000,"Goal__c":6000,"Height__c":4.00,"Heart_Rate__c":72,"Weight__c":68.00,"Id":"a012800000SBjJnAAL"}}]}|0x42ecc358
06:44:28.0 (9019198)|STATEMENT_EXECUTE|[40]
06:44:28.0 (9024060)|VARIABLE_SCOPE_BEGIN|[40]|wrapperObj|PatientWrapper|true|false
06:44:28.0 (9030154)|VARIABLE_ASSIGNMENT|[40]|wrapperObj|null|
06:44:28.0 (9032191)|STATEMENT_EXECUTE|[41]
06:44:28.0 (9037091)|HEAP_ALLOCATE|[41]|Bytes:15
06:44:28.0 (9150505)|HEAP_ALLOCATE|[41]|Bytes:188
06:44:28.0 (9172802)|HEAP_ALLOCATE|[41]|Bytes:203
06:44:28.0 (9196951)|USER_DEBUG|[41]|DEBUG|patientList => (Patient__c:{Patient_Id__c=P00002, Full_Name__c=Pallavi, Gender__c=Female, Steps_Completed__c=6000, Goal__c=6000, Height__c=4.00, Heart_Rate__c=72, Weight__c=68.00, Id=a012800000SBjJnAAL})
06:44:28.0 (9386813)|HEAP_ALLOCATE|[42]|Bytes:5
06:44:28.0 (9429063)|HEAP_ALLOCATE|[42]|Bytes:40
06:44:28.0 (9440967)|VARIABLE_SCOPE_BEGIN|[42]|patient|Patient__c|true|false
06:44:28.0 (9460640)|VARIABLE_ASSIGNMENT|[42]|patient|{"s":1,"v":{"Patient_Id__c":"P00002","Full_Name__c":"Pallavi","Gender__c":"Female","Steps_Completed__c":6000,"Goal__c":6000,"Height__c":4.00,"Heart_Rate__c":72,"Weight__c":68.00,"Id":"a012800000SBjJnAAL"}}|0x3688678c
06:44:28.0 (9465268)|STATEMENT_EXECUTE|[42]
06:44:28.0 (9466727)|STATEMENT_EXECUTE|[43]
06:44:28.0 (9500902)|METHOD_ENTRY|[1]|01p280000085nGG|PatientWrapper.PatientWrapper()
06:44:28.0 (9504309)|STATEMENT_EXECUTE|[1]
06:44:28.0 (9508921)|STATEMENT_EXECUTE|[1]
06:44:28.0 (9516119)|METHOD_EXIT|[1]|PatientWrapper
06:44:28.0 (9537105)|HEAP_ALLOCATE|[43]|Bytes:36
06:44:28.0 (9549896)|CONSTRUCTOR_ENTRY|[43]|01p280000085nGG|<init>()
06:44:28.0 (9588892)|VARIABLE_SCOPE_BEGIN|[1]|this|PatientWrapper|true|false
06:44:28.0 (9677424)|VARIABLE_ASSIGNMENT|[1]|this|{}|0x630e81dc
06:44:28.0 (9687976)|HEAP_ALLOCATE|[EXTERNAL]|Bytes:6
06:44:28.0 (9711517)|STATEMENT_EXECUTE|[1]
06:44:28.0 (9713470)|STATEMENT_EXECUTE|[3]
06:44:28.0 (9714546)|STATEMENT_EXECUTE|[6]
06:44:28.0 (9715669)|STATEMENT_EXECUTE|[9]
06:44:28.0 (9716907)|STATEMENT_EXECUTE|[12]
06:44:28.0 (9718063)|STATEMENT_EXECUTE|[15]
06:44:28.0 (9719268)|STATEMENT_EXECUTE|[18]
06:44:28.0 (9720316)|STATEMENT_EXECUTE|[21]
06:44:28.0 (9721379)|STATEMENT_EXECUTE|[24]
06:44:28.0 (9725991)|CONSTRUCTOR_EXIT|[43]|01p280000085nGG|<init>()
06:44:28.0 (9742797)|VARIABLE_ASSIGNMENT|[43]|wrapperObj|{}|0x630e81dc
06:44:28.0 (9745582)|STATEMENT_EXECUTE|[45]
06:44:28.0 (9779760)|HEAP_ALLOCATE|[45]|Bytes:18
06:44:28.0 (9796660)|VARIABLE_ASSIGNMENT|[45]|this.id|"a012800000SBjJnAAL"|0x630e81dc
06:44:28.0 (9799789)|STATEMENT_EXECUTE|[46]
06:44:28.0 (9823851)|VARIABLE_ASSIGNMENT|[46]|this.name|"Pallavi"|0x630e81dc
06:44:28.0 (9826950)|STATEMENT_EXECUTE|[47]
06:44:28.0 (9866919)|HEAP_ALLOCATE|[47]|Bytes:12
06:44:28.0 (9879895)|VARIABLE_ASSIGNMENT|[47]|this.steps|6000.0|0x630e81dc
06:44:28.0 (9882536)|STATEMENT_EXECUTE|[48]
06:44:28.0 (9903137)|HEAP_ALLOCATE|[48]|Bytes:12
06:44:28.0 (9912412)|VARIABLE_ASSIGNMENT|[48]|this.goal|6000.0|0x630e81dc
06:44:28.0 (9914874)|STATEMENT_EXECUTE|[49]
06:44:28.0 (9931299)|HEAP_ALLOCATE|[49]|Bytes:12
06:44:28.0 (9939859)|VARIABLE_ASSIGNMENT|[49]|this.heartRate|72.0|0x630e81dc
06:44:28.0 (9942471)|STATEMENT_EXECUTE|[50]
06:44:28.0 (9964147)|HEAP_ALLOCATE|[50]|Bytes:12
06:44:28.0 (9974026)|VARIABLE_ASSIGNMENT|[50]|this.height|4.0|0x630e81dc
06:44:28.0 (9976540)|STATEMENT_EXECUTE|[51]
06:44:28.0 (9993155)|HEAP_ALLOCATE|[51]|Bytes:12
06:44:28.0 (10002366)|VARIABLE_ASSIGNMENT|[51]|this.weight|68.0|0x630e81dc
06:44:28.0 (10005829)|STATEMENT_EXECUTE|[52]
06:44:28.0 (10026673)|VARIABLE_ASSIGNMENT|[52]|this.patient_Id|"P00002"|0x630e81dc
06:44:28.0 (10040242)|HEAP_ALLOCATE|[42]|Bytes:5
06:44:28.0 (10053189)|VARIABLE_ASSIGNMENT|[42]|patient|null|
06:44:28.0 (10056808)|STATEMENT_EXECUTE|[56]
06:44:28.0 (10060211)|HEAP_ALLOCATE|[56]|Bytes:14
06:44:28.0 (10120252)|HEAP_ALLOCATE|[56]|Bytes:139
06:44:28.0 (10135241)|HEAP_ALLOCATE|[56]|Bytes:153
06:44:28.0 (10145827)|USER_DEBUG|[56]|DEBUG|wrapperObj => PatientWrapper:[goal=6000.0, heartRate=72.0, height=4.0, id=a012800000SBjJnAAL, name=Pallavi, patient_Id=P00002, steps=6000.0, weight=68.0]
06:44:28.0 (10151965)|STATEMENT_EXECUTE|[57]
06:44:28.0 (10161235)|SYSTEM_MODE_EXIT|false
06:44:28.10 (10202799)|CUMULATIVE_LIMIT_USAGE
06:44:28.10 (10202799)|LIMIT_USAGE_FOR_NS|(default)|
  Number of SOQL queries: 1 out of 100
  Number of query rows: 1 out of 50000
  Number of SOSL queries: 0 out of 20
  Number of DML statements: 0 out of 150
  Number of DML rows: 0 out of 10000
  Maximum CPU time: 0 out of 10000
  Maximum heap size: 0 out of 6000000
  Number of callouts: 0 out of 100
  Number of Email Invocations: 0 out of 10
  Number of future calls: 0 out of 50
  Number of queueable jobs added to the queue: 0 out of 50
  Number of Mobile Apex push calls: 0 out of 10

06:44:28.10 (10202799)|CUMULATIVE_LIMIT_USAGE_END

06:44:28.0 (10242573)|CODE_UNIT_FINISHED|PatientWrapperController.getPatientsById
06:44:28.0 (11938231)|CODE_UNIT_STARTED|[EXTERNAL]|Aura
06:44:28.0 (12028955)|CODE_UNIT_FINISHED|Aura
