36.0 APEX_CODE,FINEST;APEX_PROFILING,INFO;CALLOUT,INFO;DB,INFO;SYSTEM,DEBUG;VALIDATION,INFO;VISUALFORCE,INFO;WORKFLOW,INFO
04:41:26.0 (64017)|EXECUTION_STARTED
04:41:26.0 (90952)|CODE_UNIT_STARTED|[EXTERNAL]|01p280000085nGQ|PatientWrapperController.sysncFitBitData
04:41:26.0 (277257)|HEAP_ALLOCATE|[72]|Bytes:3
04:41:26.0 (314645)|HEAP_ALLOCATE|[77]|Bytes:152
04:41:26.0 (332004)|HEAP_ALLOCATE|[342]|Bytes:408
04:41:26.0 (350823)|HEAP_ALLOCATE|[355]|Bytes:408
04:41:26.0 (367450)|HEAP_ALLOCATE|[467]|Bytes:48
04:41:26.0 (394727)|HEAP_ALLOCATE|[139]|Bytes:6
04:41:26.0 (459128)|HEAP_ALLOCATE|[EXTERNAL]|Bytes:7
04:41:26.0 (463485)|HEAP_ALLOCATE|[EXTERNAL]|Bytes:14
04:41:26.0 (488762)|METHOD_ENTRY|[1]|01p280000085nGQ|PatientWrapperController.PatientWrapperController()
04:41:26.0 (493925)|STATEMENT_EXECUTE|[1]
04:41:26.0 (500241)|STATEMENT_EXECUTE|[1]
04:41:26.0 (507217)|METHOD_EXIT|[1]|PatientWrapperController
04:41:26.0 (518747)|SYSTEM_MODE_ENTER|false
04:41:26.0 (531148)|STATEMENT_EXECUTE|[72]
04:41:26.0 (533225)|STATEMENT_EXECUTE|[74]
04:41:26.0 (537303)|HEAP_ALLOCATE|[74]|Bytes:157
04:41:26.0 (545884)|VARIABLE_SCOPE_BEGIN|[74]|query|String|false|false
04:41:26.0 (573614)|VARIABLE_ASSIGNMENT|[74]|query|"SELECT Patient_Id__c (137 more) ..."
04:41:26.0 (577048)|STATEMENT_EXECUTE|[76]
04:41:26.0 (612152)|HEAP_ALLOCATE|[50]|Bytes:5
04:41:26.0 (635868)|HEAP_ALLOCATE|[56]|Bytes:5
04:41:26.0 (644457)|HEAP_ALLOCATE|[64]|Bytes:7
04:41:26.0 (1139501)|SOQL_EXECUTE_BEGIN|[76]|Aggregations:0|SELECT Patient_Id__c, Full_Name__c, Gender__c, Steps_Completed__c, Goal__c, Height__c FROM Patient__c where Patient_Id__c = '4LR2VZ' ORDER BY createdDate ASC
04:41:26.0 (5098242)|SOQL_EXECUTE_END|[76]|Rows:1
04:41:26.0 (5112321)|HEAP_ALLOCATE|[76]|Bytes:8
04:41:26.0 (5128852)|HEAP_ALLOCATE|[76]|Bytes:250
04:41:26.0 (5220510)|HEAP_ALLOCATE|[76]|Bytes:8
04:41:26.0 (5239409)|VARIABLE_SCOPE_BEGIN|[76]|patientList|List<Patient__c>|true|false
04:41:26.0 (5277272)|VARIABLE_ASSIGNMENT|[76]|patientList|{"s":1,"v":[{"s":2,"v":{"Patient_Id__c":"4LR2VZ","Full_Name__c":"Purushottam","Gender__c":"Male","Steps_Completed__c":1000,"Goal__c":5000,"Height__c":5.00,"Id":"a012800000SBjJTAA1"}}]}|0x16fd12aa
04:41:26.0 (5281739)|STATEMENT_EXECUTE|[77]
04:41:26.0 (5326604)|HEAP_ALLOCATE|[77]|Bytes:4
04:41:26.0 (5369484)|HEAP_ALLOCATE|[77]|Bytes:10
04:41:26.0 (5380527)|VARIABLE_SCOPE_BEGIN|[77]|todaysDate|String|false|false
04:41:26.0 (5388098)|VARIABLE_ASSIGNMENT|[77]|todaysDate|"2016-05-23"
04:41:26.0 (5390541)|STATEMENT_EXECUTE|[78]
04:41:26.0 (5394077)|HEAP_ALLOCATE|[78]|Bytes:9
04:41:26.0 (5444274)|HEAP_ALLOCATE|[78]|Bytes:10
04:41:26.0 (5459954)|VARIABLE_ASSIGNMENT|[78]|todaysDate|"2016-05-23"
04:41:26.0 (5462403)|STATEMENT_EXECUTE|[79]
04:41:26.0 (5467922)|HEAP_ALLOCATE|[79]|Bytes:4
04:41:26.0 (5529812)|VARIABLE_SCOPE_BEGIN|[79]|patientListToUpdate|List<Patient__c>|true|false
04:41:26.0 (5536946)|HEAP_ALLOCATE|[EXTERNAL]|Bytes:4
04:41:26.0 (5546542)|VARIABLE_ASSIGNMENT|[79]|patientListToUpdate|{"s":1,"v":[]}|0x7c43bbd3
04:41:26.0 (5702464)|HEAP_ALLOCATE|[80]|Bytes:5
04:41:26.0 (5744459)|HEAP_ALLOCATE|[80]|Bytes:32
04:41:26.0 (5755783)|VARIABLE_SCOPE_BEGIN|[80]|patient|Patient__c|true|false
04:41:26.0 (5773912)|VARIABLE_ASSIGNMENT|[80]|patient|{"s":1,"v":{"Patient_Id__c":"4LR2VZ","Full_Name__c":"Purushottam","Gender__c":"Male","Steps_Completed__c":1000,"Goal__c":5000,"Height__c":5.00,"Id":"a012800000SBjJTAA1"}}|0x7c2ba18e
04:41:26.0 (5778234)|STATEMENT_EXECUTE|[80]
04:41:26.0 (5779827)|STATEMENT_EXECUTE|[81]
04:41:26.0 (5784986)|VARIABLE_SCOPE_BEGIN|[81]|stepsCompleted|Integer|false|false
04:41:26.0 (5789268)|HEAP_ALLOCATE|[81]|Bytes:4
04:41:26.0 (5793589)|VARIABLE_ASSIGNMENT|[81]|stepsCompleted|0
04:41:26.0 (5795405)|STATEMENT_EXECUTE|[82]
04:41:26.0 (5895792)|VARIABLE_SCOPE_BEGIN|[6]|FitForceUtility.ACTIVITY_API|String|false|true
04:41:26.0 (5900896)|VARIABLE_SCOPE_BEGIN|[3]|FitForceUtility.GET|String|false|true
04:41:26.0 (5903668)|VARIABLE_SCOPE_BEGIN|[4]|FitForceUtility.POST|String|false|true
04:41:26.0 (5906253)|VARIABLE_SCOPE_BEGIN|[5]|FitForceUtility.PROFILE_API|String|false|true
04:41:26.0 (5913180)|HEAP_ALLOCATE|[82]|Bytes:2
04:41:26.0 (5918432)|HEAP_ALLOCATE|[82]|Bytes:2
04:41:26.0 (5930809)|METHOD_ENTRY|[1]|01p280000085crs|FitForceUtility.FitForceUtility()
04:41:26.0 (5933488)|STATEMENT_EXECUTE|[1]
04:41:26.0 (5937618)|STATEMENT_EXECUTE|[1]
04:41:26.0 (5945506)|HEAP_ALLOCATE|[3]|Bytes:5
04:41:26.0 (5948748)|STATEMENT_EXECUTE|[3]
04:41:26.0 (5951225)|HEAP_ALLOCATE|[3]|Bytes:3
04:41:26.0 (5961409)|VARIABLE_ASSIGNMENT|[3]|FitForceUtility.GET|"GET"
04:41:26.0 (5963672)|STATEMENT_EXECUTE|[4]
04:41:26.0 (5965616)|HEAP_ALLOCATE|[4]|Bytes:4
04:41:26.0 (5971147)|VARIABLE_ASSIGNMENT|[4]|FitForceUtility.POST|"POST"
04:41:26.0 (5972994)|STATEMENT_EXECUTE|[5]
04:41:26.0 (5977699)|VARIABLE_ASSIGNMENT|[5]|FitForceUtility.PROFILE_API|""
04:41:26.0 (5979478)|STATEMENT_EXECUTE|[6]
04:41:26.0 (5983781)|VARIABLE_ASSIGNMENT|[6]|FitForceUtility.ACTIVITY_API|""
04:41:26.0 (5985743)|STATEMENT_EXECUTE|[7]
04:41:26.0 (5986914)|STATEMENT_EXECUTE|[8]
04:41:26.0 (5988593)|HEAP_ALLOCATE|[8]|Bytes:17
04:41:26.0 (5992234)|VARIABLE_SCOPE_BEGIN|[8]|BASE_URL|String|false|false
04:41:26.0 (5997298)|VARIABLE_ASSIGNMENT|[8]|BASE_URL|"callout:FitForce/"
04:41:26.0 (5999180)|STATEMENT_EXECUTE|[9]
04:41:26.0 (6001303)|HEAP_ALLOCATE|[9]|Bytes:21
04:41:26.0 (6012491)|HEAP_ALLOCATE|[9]|Bytes:38
04:41:26.0 (6021142)|VARIABLE_ASSIGNMENT|[9]|FitForceUtility.PROFILE_API|"callout:FitForce/1/u (18 more) ..."
04:41:26.0 (6023680)|STATEMENT_EXECUTE|[10]
04:41:26.0 (6026162)|HEAP_ALLOCATE|[10]|Bytes:35
04:41:26.0 (6030700)|HEAP_ALLOCATE|[10]|Bytes:52
04:41:26.0 (6037737)|VARIABLE_ASSIGNMENT|[10]|FitForceUtility.ACTIVITY_API|"callout:FitForce/1/u (32 more) ..."
04:41:26.0 (6049705)|METHOD_EXIT|[1]|FitForceUtility
04:41:26.0 (6056539)|HEAP_ALLOCATE|[82]|Bytes:5
04:41:26.0 (6094722)|HEAP_ALLOCATE|[82]|Bytes:57
04:41:26.0 (6107642)|VARIABLE_SCOPE_BEGIN|[82]|url|String|false|false
04:41:26.0 (6116325)|VARIABLE_ASSIGNMENT|[82]|url|"callout:FitForce/1/u (37 more) ..."
04:41:26.0 (6118925)|STATEMENT_EXECUTE|[83]
04:41:26.0 (6134386)|METHOD_ENTRY|[83]|01p280000085crs|FitForceUtility.doHTTPCallout(String, String)
04:41:26.0 (6148993)|VARIABLE_SCOPE_BEGIN|[13]|methodType|String|false|false
04:41:26.0 (6154422)|VARIABLE_ASSIGNMENT|[13]|methodType|"GET"
04:41:26.0 (6156463)|VARIABLE_SCOPE_BEGIN|[13]|url|String|false|false
04:41:26.0 (6160425)|VARIABLE_ASSIGNMENT|[13]|url|"callout:FitForce/1/u (37 more) ..."
04:41:26.0 (6168121)|HEAP_ALLOCATE|[14]|Bytes:5
04:41:26.0 (6171460)|STATEMENT_EXECUTE|[13]
04:41:26.0 (6172780)|STATEMENT_EXECUTE|[14]
04:41:26.0 (6176236)|VARIABLE_SCOPE_BEGIN|[14]|response|String|false|false
04:41:26.0 (6180385)|VARIABLE_ASSIGNMENT|[14]|response|""
04:41:26.0 (6217794)|STATEMENT_EXECUTE|[15]
04:41:26.0 (6220406)|STATEMENT_EXECUTE|[18]
04:41:26.0 (6247277)|VARIABLE_SCOPE_BEGIN|[18]|httpRequest|System.HttpRequest|true|false
04:41:26.0 (6369022)|VARIABLE_ASSIGNMENT|[18]|httpRequest|"System.HttpRequest[Endpoint=null, Method=null]"|0x5e6d81bc
04:41:26.0 (6374352)|STATEMENT_EXECUTE|[19]
04:41:26.0 (6392765)|VARIABLE_SCOPE_BEGIN|[19]|http|System.Http|true|false
04:41:26.0 (6449772)|VARIABLE_ASSIGNMENT|[19]|http|"System.Http[]"|0x3f912481
04:41:26.0 (6454187)|STATEMENT_EXECUTE|[20]
04:41:26.0 (6510591)|STATEMENT_EXECUTE|[21]
04:41:26.0 (6536797)|STATEMENT_EXECUTE|[22]
04:41:26.0 (6593716)|CALLOUT_REQUEST|[22]|System.HttpRequest[Endpoint=callout:FitForce/1/user/-/activities/date/2016-05-23.json, Method=GET]
04:41:26.0 (256687469)|HEAP_ALLOCATE|[EXTERNAL]|Bytes:971
04:41:26.0 (256758179)|CALLOUT_RESPONSE|[22]|System.HttpResponse[Status=OK, StatusCode=200]
04:41:26.0 (256776413)|HEAP_ALLOCATE|[22]|Bytes:614
04:41:26.0 (256803511)|VARIABLE_SCOPE_BEGIN|[22]|httpResponse|System.HttpResponse|true|false
04:41:26.0 (256889627)|VARIABLE_ASSIGNMENT|[22]|httpResponse|"System.HttpResponse[Status=OK, StatusCode=200]"|0x293bfc85
04:41:26.0 (256895477)|STATEMENT_EXECUTE|[23]
04:41:26.0 (256996149)|HEAP_ALLOCATE|[23]|Bytes:608
04:41:26.0 (257015781)|VARIABLE_ASSIGNMENT|[23]|response|"{\"activities\":[],\"go (588 more) ..."
04:41:26.0 (257020264)|STATEMENT_EXECUTE|[24]
04:41:26.0 (257024258)|HEAP_ALLOCATE|[24]|Bytes:17
04:41:26.0 (257038800)|HEAP_ALLOCATE|[24]|Bytes:625
04:41:26.0 (257085679)|USER_DEBUG|[24]|DEBUG|Server Response :{"activities":[],"goals":{"activeMinutes":30,"caloriesOut":2655,"distance":8.05,"steps":10000},"summary":{"activeScore":-1,"activityCalories":0,"caloriesBMR":1084,"caloriesOut":1084,"distances":[{"activity":"total","distance":0},{"activity":"tracker","distance":0},{"activity":"loggedActivities","distance":0},{"activity":"veryActive","distance":0},{"activity":"moderatelyActive","distance":0},{"activity":"lightlyActive","distance":0},{"activity":"sedentaryActive","distance":0}],"fairlyActiveMinutes":0,"lightlyActiveMinutes":0,"marginalCalories":0,"sedentaryMinutes":1031,"steps":0,"veryActiveMinutes":0}}
04:41:26.0 (257097704)|STATEMENT_EXECUTE|[25]
04:41:26.0 (257113684)|METHOD_EXIT|[83]|01p280000085crs|FitForceUtility.doHTTPCallout(String, String)
04:41:26.0 (257119325)|VARIABLE_SCOPE_BEGIN|[83]|activityJson|String|false|false
04:41:26.0 (257128665)|VARIABLE_ASSIGNMENT|[83]|activityJson|"{\"activities\":[],\"go (588 more) ..."
04:41:26.0 (257131084)|STATEMENT_EXECUTE|[84]
04:41:26.0 (257134910)|HEAP_ALLOCATE|[84]|Bytes:15
04:41:26.0 (257210014)|HEAP_ALLOCATE|[84]|Bytes:24
04:41:26.0 (257232116)|SYSTEM_METHOD_ENTRY|[1]|Type.Type()
04:41:26.0 (257235103)|STATEMENT_EXECUTE|[1]
04:41:26.0 (257247823)|SYSTEM_METHOD_EXIT|[1]|Type
04:41:26.0 (257269061)|METHOD_ENTRY|[84]||System.Type.forName(String)
04:41:26.0 (257602469)|METHOD_EXIT|[84]||System.Type.forName(String)
04:41:26.0 (257638688)|HEAP_ALLOCATE|[84]|Bytes:18
04:41:26.0 (257652102)|SYSTEM_METHOD_ENTRY|[1]|JSON.JSON()
04:41:26.0 (257654701)|STATEMENT_EXECUTE|[1]
04:41:26.0 (257663052)|SYSTEM_METHOD_EXIT|[1]|JSON
04:41:26.0 (257674641)|METHOD_ENTRY|[84]||System.JSON.deserialize(String, System.Type)
04:41:26.0 (257799280)|STATEMENT_EXECUTE|[1]
04:41:26.0 (257802220)|STATEMENT_EXECUTE|[4]
04:41:26.0 (257803346)|STATEMENT_EXECUTE|[21]
04:41:26.0 (257804593)|STATEMENT_EXECUTE|[34]
04:41:26.0 (258817408)|METHOD_EXIT|[84]||System.JSON.deserialize(String, System.Type)
04:41:26.0 (258827675)|VARIABLE_SCOPE_BEGIN|[84]|activityWrapper|ActivityWrapper|true|false
04:41:26.0 (258859649)|VARIABLE_ASSIGNMENT|[84]|activityWrapper|{"activities":"0x42804b68","summary":"0x34294869"}|0x6101d651
04:41:26.0 (258863803)|STATEMENT_EXECUTE|[85]
04:41:26.0 (258867895)|HEAP_ALLOCATE|[85]|Bytes:17
04:41:26.0 (258986958)|HEAP_ALLOCATE|[85]|Bytes:594
04:41:26.0 (259004013)|HEAP_ALLOCATE|[85]|Bytes:611
04:41:26.0 (259016261)|USER_DEBUG|[85]|DEBUG|activityWrapper :ActivityWrapper:[activities=(), summary=Summary:[activeScore=-1, activityCalories=0, caloriesBMR=1084, caloriesOut=1084, distances=(Distances:[activity=total, distance=0.0], Distances:[activity=tracker, distance=0.0], Distances:[activity=loggedActivities, distance=0.0], Distances:[activity=veryActive, distance=0.0], Distances:[activity=moderatelyActive, distance=0.0], Distances:[activity=lightlyActive, distance=0.0], Distances:[activity=sedentaryActive, distance=0.0]), fairlyActiveMinutes=0, lightlyActiveMinutes=0, marginalCalories=0, sedentaryMinutes=1031, steps=0, veryActiveMinutes=0]]
04:41:26.0 (259174406)|HEAP_ALLOCATE|[86]|Bytes:5
04:41:26.0 (259193134)|VARIABLE_ASSIGNMENT|[86]|act|null|
04:41:26.0 (259197199)|STATEMENT_EXECUTE|[86]
04:41:26.0 (259208774)|HEAP_ALLOCATE|[80]|Bytes:5
04:41:26.0 (259220227)|VARIABLE_ASSIGNMENT|[80]|patient|null|
04:41:26.0 (259223017)|STATEMENT_EXECUTE|[94]
04:41:26.0 (259313321)|HEAP_ALLOCATE|[EXTERNAL]|Bytes:4
04:41:26.0 (259323521)|STATEMENT_EXECUTE|[95]
04:41:26.0 (259327592)|HEAP_ALLOCATE|[95]|Bytes:14
04:41:26.0 (259366991)|HEAP_ALLOCATE|[95]|Bytes:2
04:41:26.0 (259380934)|HEAP_ALLOCATE|[95]|Bytes:16
04:41:26.0 (259390741)|USER_DEBUG|[95]|DEBUG|Updated List :()
04:41:26.0 (259395689)|STATEMENT_EXECUTE|[98]
04:41:26.0 (259414134)|HEAP_ALLOCATE|[98]|Bytes:4
04:41:26.0 (259454551)|VARIABLE_SCOPE_BEGIN|[98]|wcList|List<PatientWrapper>|true|false
04:41:26.0 (259465606)|HEAP_ALLOCATE|[EXTERNAL]|Bytes:4
04:41:26.0 (259479395)|VARIABLE_ASSIGNMENT|[98]|wcList|{"s":1,"v":[]}|0x325d9dd1
04:41:26.0 (259508772)|STATEMENT_EXECUTE|[99]
04:41:26.0 (259511102)|STATEMENT_EXECUTE|[114]
04:41:26.0 (259521057)|SYSTEM_MODE_EXIT|false
04:41:26.261 (261503249)|CUMULATIVE_LIMIT_USAGE
04:41:26.261 (261503249)|LIMIT_USAGE_FOR_NS|(default)|
  Number of SOQL queries: 1 out of 100
  Number of query rows: 1 out of 50000
  Number of SOSL queries: 0 out of 20
  Number of DML statements: 0 out of 150
  Number of DML rows: 0 out of 10000
  Maximum CPU time: 0 out of 10000
  Maximum heap size: 0 out of 6000000
  Number of callouts: 1 out of 100
  Number of Email Invocations: 0 out of 10
  Number of future calls: 0 out of 50
  Number of queueable jobs added to the queue: 0 out of 50
  Number of Mobile Apex push calls: 0 out of 10

04:41:26.261 (261503249)|CUMULATIVE_LIMIT_USAGE_END

04:41:26.0 (261562140)|CODE_UNIT_FINISHED|PatientWrapperController.sysncFitBitData
04:41:26.0 (262732257)|EXECUTION_FINISHED
