36.0 APEX_CODE,FINEST;APEX_PROFILING,INFO;CALLOUT,INFO;DB,INFO;SYSTEM,DEBUG;VALIDATION,INFO;VISUALFORCE,INFO;WORKFLOW,INFO
06:31:40.0 (75195)|EXECUTION_STARTED
06:31:40.0 (112305)|CODE_UNIT_STARTED|[EXTERNAL]|aura
06:31:40.0 (643583)|HEAP_ALLOCATE|[72]|Bytes:3
06:31:40.0 (687830)|HEAP_ALLOCATE|[77]|Bytes:152
06:31:40.0 (710498)|HEAP_ALLOCATE|[342]|Bytes:408
06:31:40.0 (737582)|HEAP_ALLOCATE|[355]|Bytes:408
06:31:40.0 (763305)|HEAP_ALLOCATE|[467]|Bytes:48
06:31:40.0 (799368)|HEAP_ALLOCATE|[139]|Bytes:6
06:31:40.0 (835067)|HEAP_ALLOCATE|[EXTERNAL]|Bytes:6
06:31:40.0 (858625)|HEAP_ALLOCATE|[EXTERNAL]|Bytes:6
06:31:40.0 (2398909)|CODE_UNIT_STARTED|[EXTERNAL]|01p280000085nGQ|PatientWrapperController.getPatientsById
06:31:40.0 (2545725)|HEAP_ALLOCATE|[EXTERNAL]|Bytes:7
06:31:40.0 (2554212)|HEAP_ALLOCATE|[EXTERNAL]|Bytes:14
06:31:40.0 (2573915)|METHOD_ENTRY|[1]|01p280000085nGQ|PatientWrapperController.PatientWrapperController()
06:31:40.0 (2583645)|STATEMENT_EXECUTE|[1]
06:31:40.0 (2591010)|STATEMENT_EXECUTE|[1]
06:31:40.0 (2602807)|METHOD_EXIT|[1]|PatientWrapperController
06:31:40.0 (2610210)|HEAP_ALLOCATE|[EXTERNAL]|Bytes:6
06:31:40.0 (2627565)|SYSTEM_MODE_ENTER|false
06:31:40.0 (2635726)|VARIABLE_SCOPE_BEGIN|[36]|patientId|String|false|false
06:31:40.0 (2662244)|VARIABLE_ASSIGNMENT|[36]|patientId|"4LR2VZ"
06:31:40.0 (2677742)|STATEMENT_EXECUTE|[36]
06:31:40.0 (2680837)|STATEMENT_EXECUTE|[38]
06:31:40.0 (2686727)|HEAP_ALLOCATE|[38]|Bytes:185
06:31:40.0 (2695321)|VARIABLE_SCOPE_BEGIN|[38]|query|String|false|false
06:31:40.0 (2708302)|VARIABLE_ASSIGNMENT|[38]|query|"SELECT Patient_Id__c (165 more) ..."
06:31:40.0 (2712456)|STATEMENT_EXECUTE|[39]
06:31:40.0 (2757565)|HEAP_ALLOCATE|[50]|Bytes:5
06:31:40.0 (2792299)|HEAP_ALLOCATE|[56]|Bytes:5
06:31:40.0 (2809135)|HEAP_ALLOCATE|[64]|Bytes:7
06:31:40.0 (4529746)|SOQL_EXECUTE_BEGIN|[39]|Aggregations:0|SELECT Patient_Id__c, Full_Name__c, Gender__c, Steps_Completed__c, Goal__c, Height__c, Heart_Rate__c, Weight__c FROM Patient__c where Patient_Id__c = :patientId ORDER BY createdDate ASC
06:31:40.0 (9428652)|SOQL_EXECUTE_END|[39]|Rows:1
06:31:40.0 (9447077)|HEAP_ALLOCATE|[39]|Bytes:8
06:31:40.0 (9470307)|HEAP_ALLOCATE|[39]|Bytes:352
06:31:40.0 (9585967)|HEAP_ALLOCATE|[39]|Bytes:8
06:31:40.0 (9610011)|VARIABLE_SCOPE_BEGIN|[39]|patientList|List<Patient__c>|true|false
06:31:40.0 (9652821)|VARIABLE_ASSIGNMENT|[39]|patientList|{"s":1,"v":[{"s":2,"v":{"Patient_Id__c":"4LR2VZ","Full_Name__c":"Purushottam","Gender__c":"Male","Steps_Completed__c":1000,"Goal__c":5000,"Height__c":5.00,"Heart_Rate__c":65,"Weight__c":50.00,"Id":"a012800000SBjJTAA1"}}]}|0x2033b86a
06:31:40.0 (9660113)|STATEMENT_EXECUTE|[40]
06:31:40.0 (9671368)|VARIABLE_SCOPE_BEGIN|[40]|wrapperObj|PatientWrapper|true|false
06:31:40.0 (9681583)|VARIABLE_ASSIGNMENT|[40]|wrapperObj|null|
06:31:40.0 (9685302)|STATEMENT_EXECUTE|[41]
06:31:40.0 (9691106)|HEAP_ALLOCATE|[41]|Bytes:15
06:31:40.0 (9843151)|HEAP_ALLOCATE|[41]|Bytes:190
06:31:40.0 (9872103)|HEAP_ALLOCATE|[41]|Bytes:205
06:31:40.0 (9900107)|USER_DEBUG|[41]|DEBUG|patientList => (Patient__c:{Patient_Id__c=4LR2VZ, Full_Name__c=Purushottam, Gender__c=Male, Steps_Completed__c=1000, Goal__c=5000, Height__c=5.00, Heart_Rate__c=65, Weight__c=50.00, Id=a012800000SBjJTAA1})
06:31:40.0 (10154578)|HEAP_ALLOCATE|[42]|Bytes:5
06:31:40.0 (10199721)|HEAP_ALLOCATE|[42]|Bytes:40
06:31:40.0 (10213907)|VARIABLE_SCOPE_BEGIN|[42]|patient|Patient__c|true|false
06:31:40.0 (10241952)|VARIABLE_ASSIGNMENT|[42]|patient|{"s":1,"v":{"Patient_Id__c":"4LR2VZ","Full_Name__c":"Purushottam","Gender__c":"Male","Steps_Completed__c":1000,"Goal__c":5000,"Height__c":5.00,"Heart_Rate__c":65,"Weight__c":50.00,"Id":"a012800000SBjJTAA1"}}|0x18c7ba0f
06:31:40.0 (10248638)|STATEMENT_EXECUTE|[42]
06:31:40.0 (10251382)|STATEMENT_EXECUTE|[43]
06:31:40.0 (10269607)|METHOD_ENTRY|[1]|01p280000085nGG|PatientWrapper.PatientWrapper()
06:31:40.0 (10275137)|STATEMENT_EXECUTE|[1]
06:31:40.0 (10280083)|STATEMENT_EXECUTE|[1]
06:31:40.0 (10291337)|METHOD_EXIT|[1]|PatientWrapper
06:31:40.0 (10300910)|HEAP_ALLOCATE|[43]|Bytes:36
06:31:40.0 (10316154)|CONSTRUCTOR_ENTRY|[43]|01p280000085nGG|<init>()
06:31:40.0 (10344697)|VARIABLE_SCOPE_BEGIN|[1]|this|PatientWrapper|true|false
06:31:40.0 (10382989)|VARIABLE_ASSIGNMENT|[1]|this|{}|0x56dd578d
06:31:40.0 (10396801)|HEAP_ALLOCATE|[EXTERNAL]|Bytes:6
06:31:40.0 (10433326)|STATEMENT_EXECUTE|[1]
06:31:40.0 (10436770)|STATEMENT_EXECUTE|[3]
06:31:40.0 (10438907)|STATEMENT_EXECUTE|[6]
06:31:40.0 (10440871)|STATEMENT_EXECUTE|[9]
06:31:40.0 (10444277)|STATEMENT_EXECUTE|[12]
06:31:40.0 (10446517)|STATEMENT_EXECUTE|[15]
06:31:40.0 (10448501)|STATEMENT_EXECUTE|[18]
06:31:40.0 (10450396)|STATEMENT_EXECUTE|[21]
06:31:40.0 (10452350)|STATEMENT_EXECUTE|[24]
06:31:40.0 (10459465)|CONSTRUCTOR_EXIT|[43]|01p280000085nGG|<init>()
06:31:40.0 (10486273)|VARIABLE_ASSIGNMENT|[43]|wrapperObj|{}|0x56dd578d
06:31:40.0 (10491132)|STATEMENT_EXECUTE|[45]
06:31:40.0 (10529184)|HEAP_ALLOCATE|[45]|Bytes:18
06:31:40.0 (10550615)|VARIABLE_ASSIGNMENT|[45]|this.id|"a012800000SBjJTAA1"|0x56dd578d
06:31:40.0 (10555193)|STATEMENT_EXECUTE|[46]
06:31:40.0 (10591691)|VARIABLE_ASSIGNMENT|[46]|this.name|"Purushottam"|0x56dd578d
06:31:40.0 (10596493)|STATEMENT_EXECUTE|[47]
06:31:40.0 (10653083)|HEAP_ALLOCATE|[47]|Bytes:12
06:31:40.0 (10671614)|VARIABLE_ASSIGNMENT|[47]|this.steps|1000.0|0x56dd578d
06:31:40.0 (10676729)|STATEMENT_EXECUTE|[48]
06:31:40.0 (10707594)|HEAP_ALLOCATE|[48]|Bytes:12
06:31:40.0 (10723131)|VARIABLE_ASSIGNMENT|[48]|this.goal|5000.0|0x56dd578d
06:31:40.0 (10727462)|STATEMENT_EXECUTE|[49]
06:31:40.0 (10756191)|HEAP_ALLOCATE|[49]|Bytes:12
06:31:40.0 (10771711)|VARIABLE_ASSIGNMENT|[49]|this.heartRate|65.0|0x56dd578d
06:31:40.0 (10775812)|STATEMENT_EXECUTE|[50]
06:31:40.0 (10804526)|HEAP_ALLOCATE|[50]|Bytes:12
06:31:40.0 (10819634)|VARIABLE_ASSIGNMENT|[50]|this.height|5.0|0x56dd578d
06:31:40.0 (10823615)|STATEMENT_EXECUTE|[51]
06:31:40.0 (10851899)|HEAP_ALLOCATE|[51]|Bytes:12
06:31:40.0 (10867684)|VARIABLE_ASSIGNMENT|[51]|this.weight|50.0|0x56dd578d
06:31:40.0 (10871748)|STATEMENT_EXECUTE|[52]
06:31:40.0 (10906499)|VARIABLE_ASSIGNMENT|[52]|this.patient_Id|"4LR2VZ"|0x56dd578d
06:31:40.0 (10924323)|HEAP_ALLOCATE|[42]|Bytes:5
06:31:40.0 (10945824)|VARIABLE_ASSIGNMENT|[42]|patient|null|
06:31:40.0 (10950743)|STATEMENT_EXECUTE|[56]
06:31:40.0 (10955897)|HEAP_ALLOCATE|[56]|Bytes:14
06:31:40.0 (11042807)|HEAP_ALLOCATE|[56]|Bytes:143
06:31:40.0 (11068976)|HEAP_ALLOCATE|[56]|Bytes:157
06:31:40.0 (11086018)|USER_DEBUG|[56]|DEBUG|wrapperObj => PatientWrapper:[goal=5000.0, heartRate=65.0, height=5.0, id=a012800000SBjJTAA1, name=Purushottam, patient_Id=4LR2VZ, steps=1000.0, weight=50.0]
06:31:40.0 (11097524)|STATEMENT_EXECUTE|[57]
06:31:40.0 (11113669)|SYSTEM_MODE_EXIT|false
06:31:40.11 (11168147)|CUMULATIVE_LIMIT_USAGE
06:31:40.11 (11168147)|LIMIT_USAGE_FOR_NS|(default)|
  Number of SOQL queries: 1 out of 100
  Number of query rows: 1 out of 50000
  Number of SOSL queries: 0 out of 20
  Number of DML statements: 0 out of 150
  Number of DML rows: 0 out of 10000
  Maximum CPU time: 0 out of 10000
  Maximum heap size: 0 out of 6000000
  Number of callouts: 0 out of 100
  Number of Email Invocations: 0 out of 10
  Number of future calls: 0 out of 50
  Number of queueable jobs added to the queue: 0 out of 50
  Number of Mobile Apex push calls: 0 out of 10

06:31:40.11 (11168147)|CUMULATIVE_LIMIT_USAGE_END

06:31:40.0 (11223647)|CODE_UNIT_FINISHED|PatientWrapperController.getPatientsById
06:31:40.0 (13465565)|CODE_UNIT_STARTED|[EXTERNAL]|Aura
06:31:40.0 (13553292)|CODE_UNIT_FINISHED|Aura
